[2024-02-20 19:44:23,118] {taskinstance.py:1159} INFO - Dependencies all met for <TaskInstance: example_weekday_branch_operator.make_choice scheduled__2024-02-19T00:00:00+00:00 [queued]>
[2024-02-20 19:44:23,122] {taskinstance.py:1159} INFO - Dependencies all met for <TaskInstance: example_weekday_branch_operator.make_choice scheduled__2024-02-19T00:00:00+00:00 [queued]>
[2024-02-20 19:44:23,122] {taskinstance.py:1356} INFO - 
--------------------------------------------------------------------------------
[2024-02-20 19:44:23,122] {taskinstance.py:1357} INFO - Starting attempt 1 of 1
[2024-02-20 19:44:23,122] {taskinstance.py:1358} INFO - 
--------------------------------------------------------------------------------
[2024-02-20 19:44:23,140] {taskinstance.py:1377} INFO - Executing <Task(BranchDayOfWeekOperator): make_choice> on 2024-02-19 00:00:00+00:00
[2024-02-20 19:44:23,144] {standard_task_runner.py:52} INFO - Started process 188581 to run task
[2024-02-20 19:44:23,148] {standard_task_runner.py:79} INFO - Running: ['airflow', 'tasks', 'run', 'example_weekday_branch_operator', 'make_choice', 'scheduled__2024-02-19T00:00:00+00:00', '--job-id', '4', '--raw', '--subdir', '/home/sheyla/Documents/Repositórios/airflowalura/venv/lib/python3.9/site-packages/airflow/example_dags/example_branch_day_of_week_operator.py', '--cfg-path', '/tmp/tmpwd5grs_8', '--error-file', '/tmp/tmphbpipr0s']
[2024-02-20 19:44:23,149] {standard_task_runner.py:80} INFO - Job 4: Subtask make_choice
[2024-02-20 19:44:23,185] {task_command.py:370} INFO - Running <TaskInstance: example_weekday_branch_operator.make_choice scheduled__2024-02-19T00:00:00+00:00 [running]> on host sheyla
[2024-02-20 19:44:23,227] {taskinstance.py:1569} INFO - Exporting the following env vars:
AIRFLOW_CTX_DAG_OWNER=airflow
AIRFLOW_CTX_DAG_ID=example_weekday_branch_operator
AIRFLOW_CTX_TASK_ID=make_choice
AIRFLOW_CTX_EXECUTION_DATE=2024-02-19T00:00:00+00:00
AIRFLOW_CTX_TRY_NUMBER=1
AIRFLOW_CTX_DAG_RUN_ID=scheduled__2024-02-19T00:00:00+00:00
[2024-02-20 19:44:23,227] {skipmixin.py:140} INFO - Following branch branch_false
[2024-02-20 19:44:23,228] {skipmixin.py:175} INFO - Skipping tasks ['branch_true']
[2024-02-20 19:44:23,256] {taskinstance.py:1395} INFO - Marking task as SUCCESS. dag_id=example_weekday_branch_operator, task_id=make_choice, execution_date=20240219T000000, start_date=20240220T224423, end_date=20240220T224423
[2024-02-20 19:44:23,281] {local_task_job.py:156} INFO - Task exited with return code 0
[2024-02-20 19:44:23,302] {local_task_job.py:273} INFO - 1 downstream tasks scheduled from follow-on schedule check
