[2024-02-25 20:33:25,080] {taskinstance.py:1159} INFO - Dependencies all met for <TaskInstance: example_branch_datetime_operator_2.datetime_branch scheduled__2024-02-20T00:00:00+00:00 [queued]>
[2024-02-25 20:33:25,085] {taskinstance.py:1159} INFO - Dependencies all met for <TaskInstance: example_branch_datetime_operator_2.datetime_branch scheduled__2024-02-20T00:00:00+00:00 [queued]>
[2024-02-25 20:33:25,085] {taskinstance.py:1356} INFO - 
--------------------------------------------------------------------------------
[2024-02-25 20:33:25,085] {taskinstance.py:1357} INFO - Starting attempt 1 of 1
[2024-02-25 20:33:25,085] {taskinstance.py:1358} INFO - 
--------------------------------------------------------------------------------
[2024-02-25 20:33:25,098] {taskinstance.py:1377} INFO - Executing <Task(BranchDateTimeOperator): datetime_branch> on 2024-02-20 00:00:00+00:00
[2024-02-25 20:33:25,100] {standard_task_runner.py:52} INFO - Started process 1957088 to run task
[2024-02-25 20:33:25,102] {standard_task_runner.py:79} INFO - Running: ['airflow', 'tasks', 'run', 'example_branch_datetime_operator_2', 'datetime_branch', 'scheduled__2024-02-20T00:00:00+00:00', '--job-id', '13', '--raw', '--subdir', '/home/sheyla/Documents/Repositórios/airflowalura/venv/lib/python3.9/site-packages/airflow/example_dags/example_branch_datetime_operator.py', '--cfg-path', '/tmp/tmptcn29ey5', '--error-file', '/tmp/tmprwj6q_tp']
[2024-02-25 20:33:25,103] {standard_task_runner.py:80} INFO - Job 13: Subtask datetime_branch
[2024-02-25 20:33:25,146] {task_command.py:370} INFO - Running <TaskInstance: example_branch_datetime_operator_2.datetime_branch scheduled__2024-02-20T00:00:00+00:00 [running]> on host sheyla
[2024-02-25 20:33:25,231] {taskinstance.py:1569} INFO - Exporting the following env vars:
AIRFLOW_CTX_DAG_OWNER=airflow
AIRFLOW_CTX_DAG_ID=example_branch_datetime_operator_2
AIRFLOW_CTX_TASK_ID=datetime_branch
AIRFLOW_CTX_EXECUTION_DATE=2024-02-20T00:00:00+00:00
AIRFLOW_CTX_TRY_NUMBER=1
AIRFLOW_CTX_DAG_RUN_ID=scheduled__2024-02-20T00:00:00+00:00
[2024-02-25 20:33:25,231] {skipmixin.py:140} INFO - Following branch ['date_in_range']
[2024-02-25 20:33:25,231] {skipmixin.py:175} INFO - Skipping tasks ['date_outside_range']
[2024-02-25 20:33:25,263] {taskinstance.py:1395} INFO - Marking task as SUCCESS. dag_id=example_branch_datetime_operator_2, task_id=datetime_branch, execution_date=20240220T000000, start_date=20240225T233325, end_date=20240225T233325
[2024-02-25 20:33:25,314] {local_task_job.py:156} INFO - Task exited with return code 0
[2024-02-25 20:33:25,352] {local_task_job.py:273} INFO - 1 downstream tasks scheduled from follow-on schedule check
