[2024-02-20 20:45:55,515] {taskinstance.py:1159} INFO - Dependencies all met for <TaskInstance: atividade_aula_4.cumprimentos scheduled__2024-02-19T00:00:00+00:00 [queued]>
[2024-02-20 20:45:55,519] {taskinstance.py:1159} INFO - Dependencies all met for <TaskInstance: atividade_aula_4.cumprimentos scheduled__2024-02-19T00:00:00+00:00 [queued]>
[2024-02-20 20:45:55,519] {taskinstance.py:1356} INFO - 
--------------------------------------------------------------------------------
[2024-02-20 20:45:55,519] {taskinstance.py:1357} INFO - Starting attempt 1 of 1
[2024-02-20 20:45:55,519] {taskinstance.py:1358} INFO - 
--------------------------------------------------------------------------------
[2024-02-20 20:45:55,534] {taskinstance.py:1377} INFO - Executing <Task(PythonOperator): cumprimentos> on 2024-02-19 00:00:00+00:00
[2024-02-20 20:45:55,535] {standard_task_runner.py:52} INFO - Started process 227402 to run task
[2024-02-20 20:45:55,538] {standard_task_runner.py:79} INFO - Running: ['airflow', 'tasks', 'run', 'atividade_aula_4', 'cumprimentos', 'scheduled__2024-02-19T00:00:00+00:00', '--job-id', '8', '--raw', '--subdir', 'DAGS_FOLDER/atividade_aula_4.py', '--cfg-path', '/tmp/tmpczzsu0mg', '--error-file', '/tmp/tmp8k3q82g0']
[2024-02-20 20:45:55,538] {standard_task_runner.py:80} INFO - Job 8: Subtask cumprimentos
[2024-02-20 20:45:55,572] {task_command.py:370} INFO - Running <TaskInstance: atividade_aula_4.cumprimentos scheduled__2024-02-19T00:00:00+00:00 [running]> on host sheyla
[2024-02-20 20:45:55,622] {taskinstance.py:1569} INFO - Exporting the following env vars:
AIRFLOW_CTX_DAG_OWNER=airflow
AIRFLOW_CTX_DAG_ID=atividade_aula_4
AIRFLOW_CTX_TASK_ID=cumprimentos
AIRFLOW_CTX_EXECUTION_DATE=2024-02-19T00:00:00+00:00
AIRFLOW_CTX_TRY_NUMBER=1
AIRFLOW_CTX_DAG_RUN_ID=scheduled__2024-02-19T00:00:00+00:00
[2024-02-20 20:45:55,623] {logging_mixin.py:115} INFO - Boas-vindas ao Airflow!
[2024-02-20 20:45:55,623] {python.py:173} INFO - Done. Returned value was: None
[2024-02-20 20:45:55,630] {taskinstance.py:1395} INFO - Marking task as SUCCESS. dag_id=atividade_aula_4, task_id=cumprimentos, execution_date=20240219T000000, start_date=20240220T234555, end_date=20240220T234555
[2024-02-20 20:45:55,669] {local_task_job.py:156} INFO - Task exited with return code 0
[2024-02-20 20:45:55,685] {local_task_job.py:273} INFO - 0 downstream tasks scheduled from follow-on schedule check
