[2024-02-25 20:33:30,035] {taskinstance.py:1159} INFO - Dependencies all met for <TaskInstance: example_weekday_branch_operator.make_choice scheduled__2024-02-24T00:00:00+00:00 [queued]>
[2024-02-25 20:33:30,039] {taskinstance.py:1159} INFO - Dependencies all met for <TaskInstance: example_weekday_branch_operator.make_choice scheduled__2024-02-24T00:00:00+00:00 [queued]>
[2024-02-25 20:33:30,039] {taskinstance.py:1356} INFO - 
--------------------------------------------------------------------------------
[2024-02-25 20:33:30,039] {taskinstance.py:1357} INFO - Starting attempt 1 of 1
[2024-02-25 20:33:30,039] {taskinstance.py:1358} INFO - 
--------------------------------------------------------------------------------
[2024-02-25 20:33:30,051] {taskinstance.py:1377} INFO - Executing <Task(BranchDayOfWeekOperator): make_choice> on 2024-02-24 00:00:00+00:00
[2024-02-25 20:33:30,052] {standard_task_runner.py:52} INFO - Started process 1957159 to run task
[2024-02-25 20:33:30,054] {standard_task_runner.py:79} INFO - Running: ['airflow', 'tasks', 'run', 'example_weekday_branch_operator', 'make_choice', 'scheduled__2024-02-24T00:00:00+00:00', '--job-id', '17', '--raw', '--subdir', '/home/sheyla/Documents/Repositórios/airflowalura/venv/lib/python3.9/site-packages/airflow/example_dags/example_branch_day_of_week_operator.py', '--cfg-path', '/tmp/tmpbks20uf3', '--error-file', '/tmp/tmpps7hkqjw']
[2024-02-25 20:33:30,054] {standard_task_runner.py:80} INFO - Job 17: Subtask make_choice
[2024-02-25 20:33:30,099] {task_command.py:370} INFO - Running <TaskInstance: example_weekday_branch_operator.make_choice scheduled__2024-02-24T00:00:00+00:00 [running]> on host sheyla
[2024-02-25 20:33:30,139] {taskinstance.py:1569} INFO - Exporting the following env vars:
AIRFLOW_CTX_DAG_OWNER=airflow
AIRFLOW_CTX_DAG_ID=example_weekday_branch_operator
AIRFLOW_CTX_TASK_ID=make_choice
AIRFLOW_CTX_EXECUTION_DATE=2024-02-24T00:00:00+00:00
AIRFLOW_CTX_TRY_NUMBER=1
AIRFLOW_CTX_DAG_RUN_ID=scheduled__2024-02-24T00:00:00+00:00
[2024-02-25 20:33:30,139] {skipmixin.py:140} INFO - Following branch branch_false
[2024-02-25 20:33:30,139] {skipmixin.py:175} INFO - Skipping tasks ['branch_true']
[2024-02-25 20:33:30,188] {taskinstance.py:1395} INFO - Marking task as SUCCESS. dag_id=example_weekday_branch_operator, task_id=make_choice, execution_date=20240224T000000, start_date=20240225T233330, end_date=20240225T233330
[2024-02-25 20:33:30,226] {local_task_job.py:156} INFO - Task exited with return code 0
[2024-02-25 20:33:30,300] {local_task_job.py:273} INFO - 1 downstream tasks scheduled from follow-on schedule check
