[2024-02-20 20:52:11,215] {taskinstance.py:1159} INFO - Dependencies all met for <TaskInstance: meu_primeiro_dag.cria_pasta scheduled__2024-02-18T00:00:00+00:00 [queued]>
[2024-02-20 20:52:11,221] {taskinstance.py:1159} INFO - Dependencies all met for <TaskInstance: meu_primeiro_dag.cria_pasta scheduled__2024-02-18T00:00:00+00:00 [queued]>
[2024-02-20 20:52:11,221] {taskinstance.py:1356} INFO - 
--------------------------------------------------------------------------------
[2024-02-20 20:52:11,221] {taskinstance.py:1357} INFO - Starting attempt 1 of 1
[2024-02-20 20:52:11,221] {taskinstance.py:1358} INFO - 
--------------------------------------------------------------------------------
[2024-02-20 20:52:11,237] {taskinstance.py:1377} INFO - Executing <Task(BashOperator): cria_pasta> on 2024-02-18 00:00:00+00:00
[2024-02-20 20:52:11,238] {standard_task_runner.py:52} INFO - Started process 231380 to run task
[2024-02-20 20:52:11,240] {standard_task_runner.py:79} INFO - Running: ['airflow', 'tasks', 'run', 'meu_primeiro_dag', 'cria_pasta', 'scheduled__2024-02-18T00:00:00+00:00', '--job-id', '9', '--raw', '--subdir', 'DAGS_FOLDER/meu_primeiro_dag.py', '--cfg-path', '/tmp/tmp6vqb3u17', '--error-file', '/tmp/tmptwm5h0uq']
[2024-02-20 20:52:11,241] {standard_task_runner.py:80} INFO - Job 9: Subtask cria_pasta
[2024-02-20 20:52:11,275] {task_command.py:370} INFO - Running <TaskInstance: meu_primeiro_dag.cria_pasta scheduled__2024-02-18T00:00:00+00:00 [running]> on host sheyla
[2024-02-20 20:52:11,329] {taskinstance.py:1569} INFO - Exporting the following env vars:
AIRFLOW_CTX_DAG_OWNER=airflow
AIRFLOW_CTX_DAG_ID=meu_primeiro_dag
AIRFLOW_CTX_TASK_ID=cria_pasta
AIRFLOW_CTX_EXECUTION_DATE=2024-02-18T00:00:00+00:00
AIRFLOW_CTX_TRY_NUMBER=1
AIRFLOW_CTX_DAG_RUN_ID=scheduled__2024-02-18T00:00:00+00:00
[2024-02-20 20:52:11,330] {subprocess.py:62} INFO - Tmp dir root location: 
 /tmp
[2024-02-20 20:52:11,330] {subprocess.py:74} INFO - Running command: ['bash', '-c', 'mkdir -p "home/millenagena/Documents/airflowalura/pasta=2024-02-19T00:00:00+00:00" ']
[2024-02-20 20:52:11,336] {subprocess.py:85} INFO - Output:
[2024-02-20 20:52:11,340] {subprocess.py:96} INFO - Command exited with return code 0
[2024-02-20 20:52:11,363] {taskinstance.py:1395} INFO - Marking task as SUCCESS. dag_id=meu_primeiro_dag, task_id=cria_pasta, execution_date=20240218T000000, start_date=20240220T235211, end_date=20240220T235211
[2024-02-20 20:52:11,412] {local_task_job.py:156} INFO - Task exited with return code 0
[2024-02-20 20:52:11,433] {local_task_job.py:273} INFO - 0 downstream tasks scheduled from follow-on schedule check
[2024-02-20 20:54:34,676] {taskinstance.py:1159} INFO - Dependencies all met for <TaskInstance: meu_primeiro_dag.cria_pasta scheduled__2024-02-18T00:00:00+00:00 [queued]>
[2024-02-20 20:54:34,680] {taskinstance.py:1159} INFO - Dependencies all met for <TaskInstance: meu_primeiro_dag.cria_pasta scheduled__2024-02-18T00:00:00+00:00 [queued]>
[2024-02-20 20:54:34,681] {taskinstance.py:1356} INFO - 
--------------------------------------------------------------------------------
[2024-02-20 20:54:34,681] {taskinstance.py:1357} INFO - Starting attempt 1 of 1
[2024-02-20 20:54:34,681] {taskinstance.py:1358} INFO - 
--------------------------------------------------------------------------------
[2024-02-20 20:54:34,694] {taskinstance.py:1377} INFO - Executing <Task(BashOperator): cria_pasta> on 2024-02-18 00:00:00+00:00
[2024-02-20 20:54:34,695] {standard_task_runner.py:52} INFO - Started process 232869 to run task
[2024-02-20 20:54:34,697] {standard_task_runner.py:79} INFO - Running: ['airflow', 'tasks', 'run', 'meu_primeiro_dag', 'cria_pasta', 'scheduled__2024-02-18T00:00:00+00:00', '--job-id', '9', '--raw', '--subdir', 'DAGS_FOLDER/meu_primeiro_dag.py', '--cfg-path', '/tmp/tmpbpu7lmt_', '--error-file', '/tmp/tmp7dfig4et']
[2024-02-20 20:54:34,697] {standard_task_runner.py:80} INFO - Job 9: Subtask cria_pasta
[2024-02-20 20:54:34,724] {task_command.py:370} INFO - Running <TaskInstance: meu_primeiro_dag.cria_pasta scheduled__2024-02-18T00:00:00+00:00 [running]> on host sheyla
[2024-02-20 20:54:34,763] {taskinstance.py:1569} INFO - Exporting the following env vars:
AIRFLOW_CTX_DAG_OWNER=airflow
AIRFLOW_CTX_DAG_ID=meu_primeiro_dag
AIRFLOW_CTX_TASK_ID=cria_pasta
AIRFLOW_CTX_EXECUTION_DATE=2024-02-18T00:00:00+00:00
AIRFLOW_CTX_TRY_NUMBER=1
AIRFLOW_CTX_DAG_RUN_ID=scheduled__2024-02-18T00:00:00+00:00
[2024-02-20 20:54:34,763] {subprocess.py:62} INFO - Tmp dir root location: 
 /tmp
[2024-02-20 20:54:34,764] {subprocess.py:74} INFO - Running command: ['bash', '-c', 'mkdir -p "/home/sheyla/Documents/Repositórios/airflowalura/pasta=2024-02-19T00:00:00+00:00" ']
[2024-02-20 20:54:34,767] {subprocess.py:85} INFO - Output:
[2024-02-20 20:54:34,768] {subprocess.py:96} INFO - Command exited with return code 0
[2024-02-20 20:54:34,786] {taskinstance.py:1395} INFO - Marking task as SUCCESS. dag_id=meu_primeiro_dag, task_id=cria_pasta, execution_date=20240218T000000, start_date=20240220T235434, end_date=20240220T235434
[2024-02-20 20:54:34,829] {local_task_job.py:156} INFO - Task exited with return code 0
[2024-02-20 20:54:34,851] {local_task_job.py:273} INFO - 0 downstream tasks scheduled from follow-on schedule check
