[2024-02-25 20:34:05,238] {processor.py:153} INFO - Started process (PID=1957549) to work on /home/sheyla/Documents/Repositórios/airflowalura/venv/lib/python3.9/site-packages/airflow/example_dags/example_xcomargs.py
[2024-02-25 20:34:05,240] {processor.py:641} INFO - Processing file /home/sheyla/Documents/Repositórios/airflowalura/venv/lib/python3.9/site-packages/airflow/example_dags/example_xcomargs.py for tasks to queue
[2024-02-25 20:34:05,241] {logging_mixin.py:115} INFO - [2024-02-25 20:34:05,241] {dagbag.py:507} INFO - Filling up the DagBag from /home/sheyla/Documents/Repositórios/airflowalura/venv/lib/python3.9/site-packages/airflow/example_dags/example_xcomargs.py
[2024-02-25 20:34:05,268] {processor.py:651} INFO - DAG(s) dict_keys(['example_xcom_args', 'example_xcom_args_with_operators']) retrieved from /home/sheyla/Documents/Repositórios/airflowalura/venv/lib/python3.9/site-packages/airflow/example_dags/example_xcomargs.py
[2024-02-25 20:34:05,301] {logging_mixin.py:115} INFO - [2024-02-25 20:34:05,301] {dag.py:2379} INFO - Sync 2 DAGs
[2024-02-25 20:34:05,311] {logging_mixin.py:115} INFO - [2024-02-25 20:34:05,311] {dag.py:2927} INFO - Setting next_dagrun for example_xcom_args to None, run_after=None
[2024-02-25 20:34:05,311] {logging_mixin.py:115} INFO - [2024-02-25 20:34:05,311] {dag.py:2927} INFO - Setting next_dagrun for example_xcom_args_with_operators to None, run_after=None
[2024-02-25 20:34:05,330] {processor.py:161} INFO - Processing /home/sheyla/Documents/Repositórios/airflowalura/venv/lib/python3.9/site-packages/airflow/example_dags/example_xcomargs.py took 0.098 seconds
[2024-02-25 20:34:45,417] {processor.py:153} INFO - Started process (PID=1958030) to work on /home/sheyla/Documents/Repositórios/airflowalura/venv/lib/python3.9/site-packages/airflow/example_dags/example_xcomargs.py
[2024-02-25 20:34:45,418] {processor.py:641} INFO - Processing file /home/sheyla/Documents/Repositórios/airflowalura/venv/lib/python3.9/site-packages/airflow/example_dags/example_xcomargs.py for tasks to queue
[2024-02-25 20:34:45,418] {logging_mixin.py:115} INFO - [2024-02-25 20:34:45,418] {dagbag.py:507} INFO - Filling up the DagBag from /home/sheyla/Documents/Repositórios/airflowalura/venv/lib/python3.9/site-packages/airflow/example_dags/example_xcomargs.py
[2024-02-25 20:34:45,439] {processor.py:651} INFO - DAG(s) dict_keys(['example_xcom_args', 'example_xcom_args_with_operators']) retrieved from /home/sheyla/Documents/Repositórios/airflowalura/venv/lib/python3.9/site-packages/airflow/example_dags/example_xcomargs.py
[2024-02-25 20:34:45,475] {logging_mixin.py:115} INFO - [2024-02-25 20:34:45,475] {dag.py:2379} INFO - Sync 2 DAGs
[2024-02-25 20:34:45,484] {logging_mixin.py:115} INFO - [2024-02-25 20:34:45,484] {dag.py:2927} INFO - Setting next_dagrun for example_xcom_args to None, run_after=None
[2024-02-25 20:34:45,484] {logging_mixin.py:115} INFO - [2024-02-25 20:34:45,484] {dag.py:2927} INFO - Setting next_dagrun for example_xcom_args_with_operators to None, run_after=None
[2024-02-25 20:34:45,507] {processor.py:161} INFO - Processing /home/sheyla/Documents/Repositórios/airflowalura/venv/lib/python3.9/site-packages/airflow/example_dags/example_xcomargs.py took 0.092 seconds
[2024-02-25 20:35:21,620] {processor.py:153} INFO - Started process (PID=1958395) to work on /home/sheyla/Documents/Repositórios/airflowalura/venv/lib/python3.9/site-packages/airflow/example_dags/example_xcomargs.py
[2024-02-25 20:35:21,623] {processor.py:641} INFO - Processing file /home/sheyla/Documents/Repositórios/airflowalura/venv/lib/python3.9/site-packages/airflow/example_dags/example_xcomargs.py for tasks to queue
[2024-02-25 20:35:21,623] {logging_mixin.py:115} INFO - [2024-02-25 20:35:21,623] {dagbag.py:507} INFO - Filling up the DagBag from /home/sheyla/Documents/Repositórios/airflowalura/venv/lib/python3.9/site-packages/airflow/example_dags/example_xcomargs.py
[2024-02-25 20:35:21,647] {processor.py:651} INFO - DAG(s) dict_keys(['example_xcom_args', 'example_xcom_args_with_operators']) retrieved from /home/sheyla/Documents/Repositórios/airflowalura/venv/lib/python3.9/site-packages/airflow/example_dags/example_xcomargs.py
[2024-02-25 20:35:21,680] {logging_mixin.py:115} INFO - [2024-02-25 20:35:21,680] {dag.py:2379} INFO - Sync 2 DAGs
[2024-02-25 20:35:21,689] {logging_mixin.py:115} INFO - [2024-02-25 20:35:21,689] {dag.py:2927} INFO - Setting next_dagrun for example_xcom_args to None, run_after=None
[2024-02-25 20:35:21,689] {logging_mixin.py:115} INFO - [2024-02-25 20:35:21,689] {dag.py:2927} INFO - Setting next_dagrun for example_xcom_args_with_operators to None, run_after=None
[2024-02-25 20:35:21,703] {processor.py:161} INFO - Processing /home/sheyla/Documents/Repositórios/airflowalura/venv/lib/python3.9/site-packages/airflow/example_dags/example_xcomargs.py took 0.086 seconds
[2024-02-25 20:36:01,404] {processor.py:153} INFO - Started process (PID=1958804) to work on /home/sheyla/Documents/Repositórios/airflowalura/venv/lib/python3.9/site-packages/airflow/example_dags/example_xcomargs.py
[2024-02-25 20:36:01,410] {processor.py:641} INFO - Processing file /home/sheyla/Documents/Repositórios/airflowalura/venv/lib/python3.9/site-packages/airflow/example_dags/example_xcomargs.py for tasks to queue
[2024-02-25 20:36:01,412] {logging_mixin.py:115} INFO - [2024-02-25 20:36:01,412] {dagbag.py:507} INFO - Filling up the DagBag from /home/sheyla/Documents/Repositórios/airflowalura/venv/lib/python3.9/site-packages/airflow/example_dags/example_xcomargs.py
[2024-02-25 20:36:01,445] {processor.py:651} INFO - DAG(s) dict_keys(['example_xcom_args', 'example_xcom_args_with_operators']) retrieved from /home/sheyla/Documents/Repositórios/airflowalura/venv/lib/python3.9/site-packages/airflow/example_dags/example_xcomargs.py
[2024-02-25 20:36:01,458] {logging_mixin.py:115} INFO - [2024-02-25 20:36:01,458] {dag.py:2379} INFO - Sync 2 DAGs
[2024-02-25 20:36:01,471] {logging_mixin.py:115} INFO - [2024-02-25 20:36:01,471] {dag.py:2927} INFO - Setting next_dagrun for example_xcom_args to None, run_after=None
[2024-02-25 20:36:01,471] {logging_mixin.py:115} INFO - [2024-02-25 20:36:01,471] {dag.py:2927} INFO - Setting next_dagrun for example_xcom_args_with_operators to None, run_after=None
[2024-02-25 20:36:01,483] {processor.py:161} INFO - Processing /home/sheyla/Documents/Repositórios/airflowalura/venv/lib/python3.9/site-packages/airflow/example_dags/example_xcomargs.py took 0.085 seconds
[2024-02-25 20:36:38,427] {processor.py:153} INFO - Started process (PID=1959215) to work on /home/sheyla/Documents/Repositórios/airflowalura/venv/lib/python3.9/site-packages/airflow/example_dags/example_xcomargs.py
[2024-02-25 20:36:38,433] {processor.py:641} INFO - Processing file /home/sheyla/Documents/Repositórios/airflowalura/venv/lib/python3.9/site-packages/airflow/example_dags/example_xcomargs.py for tasks to queue
[2024-02-25 20:36:38,434] {logging_mixin.py:115} INFO - [2024-02-25 20:36:38,434] {dagbag.py:507} INFO - Filling up the DagBag from /home/sheyla/Documents/Repositórios/airflowalura/venv/lib/python3.9/site-packages/airflow/example_dags/example_xcomargs.py
[2024-02-25 20:36:38,465] {processor.py:651} INFO - DAG(s) dict_keys(['example_xcom_args', 'example_xcom_args_with_operators']) retrieved from /home/sheyla/Documents/Repositórios/airflowalura/venv/lib/python3.9/site-packages/airflow/example_dags/example_xcomargs.py
[2024-02-25 20:36:38,498] {logging_mixin.py:115} INFO - [2024-02-25 20:36:38,498] {dag.py:2379} INFO - Sync 2 DAGs
[2024-02-25 20:36:38,507] {logging_mixin.py:115} INFO - [2024-02-25 20:36:38,507] {dag.py:2927} INFO - Setting next_dagrun for example_xcom_args to None, run_after=None
[2024-02-25 20:36:38,507] {logging_mixin.py:115} INFO - [2024-02-25 20:36:38,507] {dag.py:2927} INFO - Setting next_dagrun for example_xcom_args_with_operators to None, run_after=None
[2024-02-25 20:36:38,527] {processor.py:161} INFO - Processing /home/sheyla/Documents/Repositórios/airflowalura/venv/lib/python3.9/site-packages/airflow/example_dags/example_xcomargs.py took 0.107 seconds
[2024-02-25 20:37:13,807] {processor.py:153} INFO - Started process (PID=1959578) to work on /home/sheyla/Documents/Repositórios/airflowalura/venv/lib/python3.9/site-packages/airflow/example_dags/example_xcomargs.py
[2024-02-25 20:37:13,813] {processor.py:641} INFO - Processing file /home/sheyla/Documents/Repositórios/airflowalura/venv/lib/python3.9/site-packages/airflow/example_dags/example_xcomargs.py for tasks to queue
[2024-02-25 20:37:13,814] {logging_mixin.py:115} INFO - [2024-02-25 20:37:13,814] {dagbag.py:507} INFO - Filling up the DagBag from /home/sheyla/Documents/Repositórios/airflowalura/venv/lib/python3.9/site-packages/airflow/example_dags/example_xcomargs.py
[2024-02-25 20:37:13,832] {processor.py:651} INFO - DAG(s) dict_keys(['example_xcom_args', 'example_xcom_args_with_operators']) retrieved from /home/sheyla/Documents/Repositórios/airflowalura/venv/lib/python3.9/site-packages/airflow/example_dags/example_xcomargs.py
[2024-02-25 20:37:13,845] {logging_mixin.py:115} INFO - [2024-02-25 20:37:13,845] {dag.py:2379} INFO - Sync 2 DAGs
[2024-02-25 20:37:13,858] {logging_mixin.py:115} INFO - [2024-02-25 20:37:13,858] {dag.py:2927} INFO - Setting next_dagrun for example_xcom_args to None, run_after=None
[2024-02-25 20:37:13,858] {logging_mixin.py:115} INFO - [2024-02-25 20:37:13,858] {dag.py:2927} INFO - Setting next_dagrun for example_xcom_args_with_operators to None, run_after=None
[2024-02-25 20:37:13,871] {processor.py:161} INFO - Processing /home/sheyla/Documents/Repositórios/airflowalura/venv/lib/python3.9/site-packages/airflow/example_dags/example_xcomargs.py took 0.066 seconds
[2024-02-25 20:37:51,016] {processor.py:153} INFO - Started process (PID=1959952) to work on /home/sheyla/Documents/Repositórios/airflowalura/venv/lib/python3.9/site-packages/airflow/example_dags/example_xcomargs.py
[2024-02-25 20:37:51,022] {processor.py:641} INFO - Processing file /home/sheyla/Documents/Repositórios/airflowalura/venv/lib/python3.9/site-packages/airflow/example_dags/example_xcomargs.py for tasks to queue
[2024-02-25 20:37:51,024] {logging_mixin.py:115} INFO - [2024-02-25 20:37:51,024] {dagbag.py:507} INFO - Filling up the DagBag from /home/sheyla/Documents/Repositórios/airflowalura/venv/lib/python3.9/site-packages/airflow/example_dags/example_xcomargs.py
[2024-02-25 20:37:51,058] {processor.py:651} INFO - DAG(s) dict_keys(['example_xcom_args', 'example_xcom_args_with_operators']) retrieved from /home/sheyla/Documents/Repositórios/airflowalura/venv/lib/python3.9/site-packages/airflow/example_dags/example_xcomargs.py
[2024-02-25 20:37:51,090] {logging_mixin.py:115} INFO - [2024-02-25 20:37:51,090] {dag.py:2379} INFO - Sync 2 DAGs
[2024-02-25 20:37:51,099] {logging_mixin.py:115} INFO - [2024-02-25 20:37:51,099] {dag.py:2927} INFO - Setting next_dagrun for example_xcom_args to None, run_after=None
[2024-02-25 20:37:51,099] {logging_mixin.py:115} INFO - [2024-02-25 20:37:51,099] {dag.py:2927} INFO - Setting next_dagrun for example_xcom_args_with_operators to None, run_after=None
[2024-02-25 20:37:51,113] {processor.py:161} INFO - Processing /home/sheyla/Documents/Repositórios/airflowalura/venv/lib/python3.9/site-packages/airflow/example_dags/example_xcomargs.py took 0.103 seconds
[2024-02-25 20:38:35,617] {processor.py:153} INFO - Started process (PID=1960409) to work on /home/sheyla/Documents/Repositórios/airflowalura/venv/lib/python3.9/site-packages/airflow/example_dags/example_xcomargs.py
[2024-02-25 20:38:35,624] {processor.py:641} INFO - Processing file /home/sheyla/Documents/Repositórios/airflowalura/venv/lib/python3.9/site-packages/airflow/example_dags/example_xcomargs.py for tasks to queue
[2024-02-25 20:38:35,625] {logging_mixin.py:115} INFO - [2024-02-25 20:38:35,625] {dagbag.py:507} INFO - Filling up the DagBag from /home/sheyla/Documents/Repositórios/airflowalura/venv/lib/python3.9/site-packages/airflow/example_dags/example_xcomargs.py
[2024-02-25 20:38:35,655] {processor.py:651} INFO - DAG(s) dict_keys(['example_xcom_args', 'example_xcom_args_with_operators']) retrieved from /home/sheyla/Documents/Repositórios/airflowalura/venv/lib/python3.9/site-packages/airflow/example_dags/example_xcomargs.py
[2024-02-25 20:38:35,688] {logging_mixin.py:115} INFO - [2024-02-25 20:38:35,687] {dag.py:2379} INFO - Sync 2 DAGs
[2024-02-25 20:38:35,697] {logging_mixin.py:115} INFO - [2024-02-25 20:38:35,697] {dag.py:2927} INFO - Setting next_dagrun for example_xcom_args to None, run_after=None
[2024-02-25 20:38:35,697] {logging_mixin.py:115} INFO - [2024-02-25 20:38:35,697] {dag.py:2927} INFO - Setting next_dagrun for example_xcom_args_with_operators to None, run_after=None
[2024-02-25 20:38:35,708] {processor.py:161} INFO - Processing /home/sheyla/Documents/Repositórios/airflowalura/venv/lib/python3.9/site-packages/airflow/example_dags/example_xcomargs.py took 0.097 seconds
[2024-02-25 20:39:09,273] {processor.py:153} INFO - Started process (PID=1960762) to work on /home/sheyla/Documents/Repositórios/airflowalura/venv/lib/python3.9/site-packages/airflow/example_dags/example_xcomargs.py
[2024-02-25 20:39:09,278] {processor.py:641} INFO - Processing file /home/sheyla/Documents/Repositórios/airflowalura/venv/lib/python3.9/site-packages/airflow/example_dags/example_xcomargs.py for tasks to queue
[2024-02-25 20:39:09,279] {logging_mixin.py:115} INFO - [2024-02-25 20:39:09,279] {dagbag.py:507} INFO - Filling up the DagBag from /home/sheyla/Documents/Repositórios/airflowalura/venv/lib/python3.9/site-packages/airflow/example_dags/example_xcomargs.py
[2024-02-25 20:39:09,302] {processor.py:651} INFO - DAG(s) dict_keys(['example_xcom_args', 'example_xcom_args_with_operators']) retrieved from /home/sheyla/Documents/Repositórios/airflowalura/venv/lib/python3.9/site-packages/airflow/example_dags/example_xcomargs.py
[2024-02-25 20:39:09,317] {logging_mixin.py:115} INFO - [2024-02-25 20:39:09,317] {dag.py:2379} INFO - Sync 2 DAGs
[2024-02-25 20:39:09,327] {logging_mixin.py:115} INFO - [2024-02-25 20:39:09,327] {dag.py:2927} INFO - Setting next_dagrun for example_xcom_args to None, run_after=None
[2024-02-25 20:39:09,328] {logging_mixin.py:115} INFO - [2024-02-25 20:39:09,328] {dag.py:2927} INFO - Setting next_dagrun for example_xcom_args_with_operators to None, run_after=None
[2024-02-25 20:39:09,345] {processor.py:161} INFO - Processing /home/sheyla/Documents/Repositórios/airflowalura/venv/lib/python3.9/site-packages/airflow/example_dags/example_xcomargs.py took 0.075 seconds
[2024-02-25 20:39:47,591] {processor.py:153} INFO - Started process (PID=1961148) to work on /home/sheyla/Documents/Repositórios/airflowalura/venv/lib/python3.9/site-packages/airflow/example_dags/example_xcomargs.py
[2024-02-25 20:39:47,597] {processor.py:641} INFO - Processing file /home/sheyla/Documents/Repositórios/airflowalura/venv/lib/python3.9/site-packages/airflow/example_dags/example_xcomargs.py for tasks to queue
[2024-02-25 20:39:47,599] {logging_mixin.py:115} INFO - [2024-02-25 20:39:47,598] {dagbag.py:507} INFO - Filling up the DagBag from /home/sheyla/Documents/Repositórios/airflowalura/venv/lib/python3.9/site-packages/airflow/example_dags/example_xcomargs.py
[2024-02-25 20:39:47,632] {processor.py:651} INFO - DAG(s) dict_keys(['example_xcom_args', 'example_xcom_args_with_operators']) retrieved from /home/sheyla/Documents/Repositórios/airflowalura/venv/lib/python3.9/site-packages/airflow/example_dags/example_xcomargs.py
[2024-02-25 20:39:47,647] {logging_mixin.py:115} INFO - [2024-02-25 20:39:47,647] {dag.py:2379} INFO - Sync 2 DAGs
[2024-02-25 20:39:47,659] {logging_mixin.py:115} INFO - [2024-02-25 20:39:47,659] {dag.py:2927} INFO - Setting next_dagrun for example_xcom_args to None, run_after=None
[2024-02-25 20:39:47,659] {logging_mixin.py:115} INFO - [2024-02-25 20:39:47,659] {dag.py:2927} INFO - Setting next_dagrun for example_xcom_args_with_operators to None, run_after=None
[2024-02-25 20:39:47,671] {processor.py:161} INFO - Processing /home/sheyla/Documents/Repositórios/airflowalura/venv/lib/python3.9/site-packages/airflow/example_dags/example_xcomargs.py took 0.086 seconds
[2024-02-25 20:40:22,460] {processor.py:153} INFO - Started process (PID=1961515) to work on /home/sheyla/Documents/Repositórios/airflowalura/venv/lib/python3.9/site-packages/airflow/example_dags/example_xcomargs.py
[2024-02-25 20:40:22,461] {processor.py:641} INFO - Processing file /home/sheyla/Documents/Repositórios/airflowalura/venv/lib/python3.9/site-packages/airflow/example_dags/example_xcomargs.py for tasks to queue
[2024-02-25 20:40:22,461] {logging_mixin.py:115} INFO - [2024-02-25 20:40:22,461] {dagbag.py:507} INFO - Filling up the DagBag from /home/sheyla/Documents/Repositórios/airflowalura/venv/lib/python3.9/site-packages/airflow/example_dags/example_xcomargs.py
[2024-02-25 20:40:22,485] {processor.py:651} INFO - DAG(s) dict_keys(['example_xcom_args', 'example_xcom_args_with_operators']) retrieved from /home/sheyla/Documents/Repositórios/airflowalura/venv/lib/python3.9/site-packages/airflow/example_dags/example_xcomargs.py
[2024-02-25 20:40:22,501] {logging_mixin.py:115} INFO - [2024-02-25 20:40:22,501] {dag.py:2379} INFO - Sync 2 DAGs
[2024-02-25 20:40:22,512] {logging_mixin.py:115} INFO - [2024-02-25 20:40:22,512] {dag.py:2927} INFO - Setting next_dagrun for example_xcom_args to None, run_after=None
[2024-02-25 20:40:22,512] {logging_mixin.py:115} INFO - [2024-02-25 20:40:22,512] {dag.py:2927} INFO - Setting next_dagrun for example_xcom_args_with_operators to None, run_after=None
[2024-02-25 20:40:22,530] {processor.py:161} INFO - Processing /home/sheyla/Documents/Repositórios/airflowalura/venv/lib/python3.9/site-packages/airflow/example_dags/example_xcomargs.py took 0.073 seconds
[2024-02-25 20:41:01,327] {processor.py:153} INFO - Started process (PID=1961913) to work on /home/sheyla/Documents/Repositórios/airflowalura/venv/lib/python3.9/site-packages/airflow/example_dags/example_xcomargs.py
[2024-02-25 20:41:01,328] {processor.py:641} INFO - Processing file /home/sheyla/Documents/Repositórios/airflowalura/venv/lib/python3.9/site-packages/airflow/example_dags/example_xcomargs.py for tasks to queue
[2024-02-25 20:41:01,329] {logging_mixin.py:115} INFO - [2024-02-25 20:41:01,328] {dagbag.py:507} INFO - Filling up the DagBag from /home/sheyla/Documents/Repositórios/airflowalura/venv/lib/python3.9/site-packages/airflow/example_dags/example_xcomargs.py
[2024-02-25 20:41:01,356] {processor.py:651} INFO - DAG(s) dict_keys(['example_xcom_args', 'example_xcom_args_with_operators']) retrieved from /home/sheyla/Documents/Repositórios/airflowalura/venv/lib/python3.9/site-packages/airflow/example_dags/example_xcomargs.py
[2024-02-25 20:41:01,371] {logging_mixin.py:115} INFO - [2024-02-25 20:41:01,371] {dag.py:2379} INFO - Sync 2 DAGs
[2024-02-25 20:41:01,382] {logging_mixin.py:115} INFO - [2024-02-25 20:41:01,382] {dag.py:2927} INFO - Setting next_dagrun for example_xcom_args to None, run_after=None
[2024-02-25 20:41:01,382] {logging_mixin.py:115} INFO - [2024-02-25 20:41:01,382] {dag.py:2927} INFO - Setting next_dagrun for example_xcom_args_with_operators to None, run_after=None
[2024-02-25 20:41:01,395] {processor.py:161} INFO - Processing /home/sheyla/Documents/Repositórios/airflowalura/venv/lib/python3.9/site-packages/airflow/example_dags/example_xcomargs.py took 0.070 seconds
[2024-02-25 20:41:36,127] {processor.py:153} INFO - Started process (PID=1962299) to work on /home/sheyla/Documents/Repositórios/airflowalura/venv/lib/python3.9/site-packages/airflow/example_dags/example_xcomargs.py
[2024-02-25 20:41:36,133] {processor.py:641} INFO - Processing file /home/sheyla/Documents/Repositórios/airflowalura/venv/lib/python3.9/site-packages/airflow/example_dags/example_xcomargs.py for tasks to queue
[2024-02-25 20:41:36,133] {logging_mixin.py:115} INFO - [2024-02-25 20:41:36,133] {dagbag.py:507} INFO - Filling up the DagBag from /home/sheyla/Documents/Repositórios/airflowalura/venv/lib/python3.9/site-packages/airflow/example_dags/example_xcomargs.py
[2024-02-25 20:41:36,163] {processor.py:651} INFO - DAG(s) dict_keys(['example_xcom_args', 'example_xcom_args_with_operators']) retrieved from /home/sheyla/Documents/Repositórios/airflowalura/venv/lib/python3.9/site-packages/airflow/example_dags/example_xcomargs.py
[2024-02-25 20:41:36,180] {logging_mixin.py:115} INFO - [2024-02-25 20:41:36,180] {dag.py:2379} INFO - Sync 2 DAGs
[2024-02-25 20:41:36,190] {logging_mixin.py:115} INFO - [2024-02-25 20:41:36,190] {dag.py:2927} INFO - Setting next_dagrun for example_xcom_args to None, run_after=None
[2024-02-25 20:41:36,191] {logging_mixin.py:115} INFO - [2024-02-25 20:41:36,190] {dag.py:2927} INFO - Setting next_dagrun for example_xcom_args_with_operators to None, run_after=None
[2024-02-25 20:41:36,208] {processor.py:161} INFO - Processing /home/sheyla/Documents/Repositórios/airflowalura/venv/lib/python3.9/site-packages/airflow/example_dags/example_xcomargs.py took 0.085 seconds
[2024-02-25 20:42:17,305] {processor.py:153} INFO - Started process (PID=1962719) to work on /home/sheyla/Documents/Repositórios/airflowalura/venv/lib/python3.9/site-packages/airflow/example_dags/example_xcomargs.py
[2024-02-25 20:42:17,311] {processor.py:641} INFO - Processing file /home/sheyla/Documents/Repositórios/airflowalura/venv/lib/python3.9/site-packages/airflow/example_dags/example_xcomargs.py for tasks to queue
[2024-02-25 20:42:17,313] {logging_mixin.py:115} INFO - [2024-02-25 20:42:17,312] {dagbag.py:507} INFO - Filling up the DagBag from /home/sheyla/Documents/Repositórios/airflowalura/venv/lib/python3.9/site-packages/airflow/example_dags/example_xcomargs.py
[2024-02-25 20:42:17,346] {processor.py:651} INFO - DAG(s) dict_keys(['example_xcom_args', 'example_xcom_args_with_operators']) retrieved from /home/sheyla/Documents/Repositórios/airflowalura/venv/lib/python3.9/site-packages/airflow/example_dags/example_xcomargs.py
[2024-02-25 20:42:17,363] {logging_mixin.py:115} INFO - [2024-02-25 20:42:17,362] {dag.py:2379} INFO - Sync 2 DAGs
[2024-02-25 20:42:17,373] {logging_mixin.py:115} INFO - [2024-02-25 20:42:17,373] {dag.py:2927} INFO - Setting next_dagrun for example_xcom_args to None, run_after=None
[2024-02-25 20:42:17,373] {logging_mixin.py:115} INFO - [2024-02-25 20:42:17,373] {dag.py:2927} INFO - Setting next_dagrun for example_xcom_args_with_operators to None, run_after=None
[2024-02-25 20:42:17,384] {processor.py:161} INFO - Processing /home/sheyla/Documents/Repositórios/airflowalura/venv/lib/python3.9/site-packages/airflow/example_dags/example_xcomargs.py took 0.087 seconds
[2024-02-25 20:42:58,346] {processor.py:153} INFO - Started process (PID=1963152) to work on /home/sheyla/Documents/Repositórios/airflowalura/venv/lib/python3.9/site-packages/airflow/example_dags/example_xcomargs.py
[2024-02-25 20:42:58,351] {processor.py:641} INFO - Processing file /home/sheyla/Documents/Repositórios/airflowalura/venv/lib/python3.9/site-packages/airflow/example_dags/example_xcomargs.py for tasks to queue
[2024-02-25 20:42:58,352] {logging_mixin.py:115} INFO - [2024-02-25 20:42:58,352] {dagbag.py:507} INFO - Filling up the DagBag from /home/sheyla/Documents/Repositórios/airflowalura/venv/lib/python3.9/site-packages/airflow/example_dags/example_xcomargs.py
[2024-02-25 20:42:58,371] {processor.py:651} INFO - DAG(s) dict_keys(['example_xcom_args', 'example_xcom_args_with_operators']) retrieved from /home/sheyla/Documents/Repositórios/airflowalura/venv/lib/python3.9/site-packages/airflow/example_dags/example_xcomargs.py
[2024-02-25 20:42:58,385] {logging_mixin.py:115} INFO - [2024-02-25 20:42:58,385] {dag.py:2379} INFO - Sync 2 DAGs
[2024-02-25 20:42:58,395] {logging_mixin.py:115} INFO - [2024-02-25 20:42:58,395] {dag.py:2927} INFO - Setting next_dagrun for example_xcom_args to None, run_after=None
[2024-02-25 20:42:58,395] {logging_mixin.py:115} INFO - [2024-02-25 20:42:58,395] {dag.py:2927} INFO - Setting next_dagrun for example_xcom_args_with_operators to None, run_after=None
[2024-02-25 20:42:58,427] {processor.py:161} INFO - Processing /home/sheyla/Documents/Repositórios/airflowalura/venv/lib/python3.9/site-packages/airflow/example_dags/example_xcomargs.py took 0.084 seconds
[2024-02-25 20:43:35,614] {processor.py:153} INFO - Started process (PID=1963525) to work on /home/sheyla/Documents/Repositórios/airflowalura/venv/lib/python3.9/site-packages/airflow/example_dags/example_xcomargs.py
[2024-02-25 20:43:35,619] {processor.py:641} INFO - Processing file /home/sheyla/Documents/Repositórios/airflowalura/venv/lib/python3.9/site-packages/airflow/example_dags/example_xcomargs.py for tasks to queue
[2024-02-25 20:43:35,620] {logging_mixin.py:115} INFO - [2024-02-25 20:43:35,620] {dagbag.py:507} INFO - Filling up the DagBag from /home/sheyla/Documents/Repositórios/airflowalura/venv/lib/python3.9/site-packages/airflow/example_dags/example_xcomargs.py
[2024-02-25 20:43:35,635] {processor.py:651} INFO - DAG(s) dict_keys(['example_xcom_args', 'example_xcom_args_with_operators']) retrieved from /home/sheyla/Documents/Repositórios/airflowalura/venv/lib/python3.9/site-packages/airflow/example_dags/example_xcomargs.py
[2024-02-25 20:43:35,668] {logging_mixin.py:115} INFO - [2024-02-25 20:43:35,667] {dag.py:2379} INFO - Sync 2 DAGs
[2024-02-25 20:43:35,676] {logging_mixin.py:115} INFO - [2024-02-25 20:43:35,676] {dag.py:2927} INFO - Setting next_dagrun for example_xcom_args to None, run_after=None
[2024-02-25 20:43:35,676] {logging_mixin.py:115} INFO - [2024-02-25 20:43:35,676] {dag.py:2927} INFO - Setting next_dagrun for example_xcom_args_with_operators to None, run_after=None
[2024-02-25 20:43:35,690] {processor.py:161} INFO - Processing /home/sheyla/Documents/Repositórios/airflowalura/venv/lib/python3.9/site-packages/airflow/example_dags/example_xcomargs.py took 0.077 seconds
[2024-02-25 20:44:15,694] {processor.py:153} INFO - Started process (PID=1963937) to work on /home/sheyla/Documents/Repositórios/airflowalura/venv/lib/python3.9/site-packages/airflow/example_dags/example_xcomargs.py
[2024-02-25 20:44:15,700] {processor.py:641} INFO - Processing file /home/sheyla/Documents/Repositórios/airflowalura/venv/lib/python3.9/site-packages/airflow/example_dags/example_xcomargs.py for tasks to queue
[2024-02-25 20:44:15,701] {logging_mixin.py:115} INFO - [2024-02-25 20:44:15,701] {dagbag.py:507} INFO - Filling up the DagBag from /home/sheyla/Documents/Repositórios/airflowalura/venv/lib/python3.9/site-packages/airflow/example_dags/example_xcomargs.py
[2024-02-25 20:44:15,739] {processor.py:651} INFO - DAG(s) dict_keys(['example_xcom_args', 'example_xcom_args_with_operators']) retrieved from /home/sheyla/Documents/Repositórios/airflowalura/venv/lib/python3.9/site-packages/airflow/example_dags/example_xcomargs.py
[2024-02-25 20:44:15,755] {logging_mixin.py:115} INFO - [2024-02-25 20:44:15,755] {dag.py:2379} INFO - Sync 2 DAGs
[2024-02-25 20:44:15,765] {logging_mixin.py:115} INFO - [2024-02-25 20:44:15,765] {dag.py:2927} INFO - Setting next_dagrun for example_xcom_args to None, run_after=None
[2024-02-25 20:44:15,766] {logging_mixin.py:115} INFO - [2024-02-25 20:44:15,766] {dag.py:2927} INFO - Setting next_dagrun for example_xcom_args_with_operators to None, run_after=None
[2024-02-25 20:44:15,779] {processor.py:161} INFO - Processing /home/sheyla/Documents/Repositórios/airflowalura/venv/lib/python3.9/site-packages/airflow/example_dags/example_xcomargs.py took 0.087 seconds
[2024-02-25 20:44:55,092] {processor.py:153} INFO - Started process (PID=1964340) to work on /home/sheyla/Documents/Repositórios/airflowalura/venv/lib/python3.9/site-packages/airflow/example_dags/example_xcomargs.py
[2024-02-25 20:44:55,093] {processor.py:641} INFO - Processing file /home/sheyla/Documents/Repositórios/airflowalura/venv/lib/python3.9/site-packages/airflow/example_dags/example_xcomargs.py for tasks to queue
[2024-02-25 20:44:55,094] {logging_mixin.py:115} INFO - [2024-02-25 20:44:55,094] {dagbag.py:507} INFO - Filling up the DagBag from /home/sheyla/Documents/Repositórios/airflowalura/venv/lib/python3.9/site-packages/airflow/example_dags/example_xcomargs.py
[2024-02-25 20:44:55,132] {processor.py:651} INFO - DAG(s) dict_keys(['example_xcom_args', 'example_xcom_args_with_operators']) retrieved from /home/sheyla/Documents/Repositórios/airflowalura/venv/lib/python3.9/site-packages/airflow/example_dags/example_xcomargs.py
[2024-02-25 20:44:55,147] {logging_mixin.py:115} INFO - [2024-02-25 20:44:55,147] {dag.py:2379} INFO - Sync 2 DAGs
[2024-02-25 20:44:55,158] {logging_mixin.py:115} INFO - [2024-02-25 20:44:55,158] {dag.py:2927} INFO - Setting next_dagrun for example_xcom_args to None, run_after=None
[2024-02-25 20:44:55,158] {logging_mixin.py:115} INFO - [2024-02-25 20:44:55,158] {dag.py:2927} INFO - Setting next_dagrun for example_xcom_args_with_operators to None, run_after=None
[2024-02-25 20:44:55,174] {processor.py:161} INFO - Processing /home/sheyla/Documents/Repositórios/airflowalura/venv/lib/python3.9/site-packages/airflow/example_dags/example_xcomargs.py took 0.089 seconds
[2024-02-25 20:45:35,173] {processor.py:153} INFO - Started process (PID=1964757) to work on /home/sheyla/Documents/Repositórios/airflowalura/venv/lib/python3.9/site-packages/airflow/example_dags/example_xcomargs.py
[2024-02-25 20:45:35,179] {processor.py:641} INFO - Processing file /home/sheyla/Documents/Repositórios/airflowalura/venv/lib/python3.9/site-packages/airflow/example_dags/example_xcomargs.py for tasks to queue
[2024-02-25 20:45:35,181] {logging_mixin.py:115} INFO - [2024-02-25 20:45:35,180] {dagbag.py:507} INFO - Filling up the DagBag from /home/sheyla/Documents/Repositórios/airflowalura/venv/lib/python3.9/site-packages/airflow/example_dags/example_xcomargs.py
[2024-02-25 20:45:35,215] {processor.py:651} INFO - DAG(s) dict_keys(['example_xcom_args', 'example_xcom_args_with_operators']) retrieved from /home/sheyla/Documents/Repositórios/airflowalura/venv/lib/python3.9/site-packages/airflow/example_dags/example_xcomargs.py
[2024-02-25 20:45:35,230] {logging_mixin.py:115} INFO - [2024-02-25 20:45:35,230] {dag.py:2379} INFO - Sync 2 DAGs
[2024-02-25 20:45:35,241] {logging_mixin.py:115} INFO - [2024-02-25 20:45:35,241] {dag.py:2927} INFO - Setting next_dagrun for example_xcom_args to None, run_after=None
[2024-02-25 20:45:35,241] {logging_mixin.py:115} INFO - [2024-02-25 20:45:35,241] {dag.py:2927} INFO - Setting next_dagrun for example_xcom_args_with_operators to None, run_after=None
[2024-02-25 20:45:35,254] {processor.py:161} INFO - Processing /home/sheyla/Documents/Repositórios/airflowalura/venv/lib/python3.9/site-packages/airflow/example_dags/example_xcomargs.py took 0.087 seconds
[2024-02-25 20:46:15,183] {processor.py:153} INFO - Started process (PID=1965169) to work on /home/sheyla/Documents/Repositórios/airflowalura/venv/lib/python3.9/site-packages/airflow/example_dags/example_xcomargs.py
[2024-02-25 20:46:15,189] {processor.py:641} INFO - Processing file /home/sheyla/Documents/Repositórios/airflowalura/venv/lib/python3.9/site-packages/airflow/example_dags/example_xcomargs.py for tasks to queue
[2024-02-25 20:46:15,190] {logging_mixin.py:115} INFO - [2024-02-25 20:46:15,189] {dagbag.py:507} INFO - Filling up the DagBag from /home/sheyla/Documents/Repositórios/airflowalura/venv/lib/python3.9/site-packages/airflow/example_dags/example_xcomargs.py
[2024-02-25 20:46:15,219] {processor.py:651} INFO - DAG(s) dict_keys(['example_xcom_args', 'example_xcom_args_with_operators']) retrieved from /home/sheyla/Documents/Repositórios/airflowalura/venv/lib/python3.9/site-packages/airflow/example_dags/example_xcomargs.py
[2024-02-25 20:46:15,235] {logging_mixin.py:115} INFO - [2024-02-25 20:46:15,235] {dag.py:2379} INFO - Sync 2 DAGs
[2024-02-25 20:46:15,246] {logging_mixin.py:115} INFO - [2024-02-25 20:46:15,246] {dag.py:2927} INFO - Setting next_dagrun for example_xcom_args to None, run_after=None
[2024-02-25 20:46:15,246] {logging_mixin.py:115} INFO - [2024-02-25 20:46:15,246] {dag.py:2927} INFO - Setting next_dagrun for example_xcom_args_with_operators to None, run_after=None
[2024-02-25 20:46:15,257] {processor.py:161} INFO - Processing /home/sheyla/Documents/Repositórios/airflowalura/venv/lib/python3.9/site-packages/airflow/example_dags/example_xcomargs.py took 0.077 seconds
[2024-02-25 20:46:55,340] {processor.py:153} INFO - Started process (PID=1965621) to work on /home/sheyla/Documents/Repositórios/airflowalura/venv/lib/python3.9/site-packages/airflow/example_dags/example_xcomargs.py
[2024-02-25 20:46:55,341] {processor.py:641} INFO - Processing file /home/sheyla/Documents/Repositórios/airflowalura/venv/lib/python3.9/site-packages/airflow/example_dags/example_xcomargs.py for tasks to queue
[2024-02-25 20:46:55,341] {logging_mixin.py:115} INFO - [2024-02-25 20:46:55,341] {dagbag.py:507} INFO - Filling up the DagBag from /home/sheyla/Documents/Repositórios/airflowalura/venv/lib/python3.9/site-packages/airflow/example_dags/example_xcomargs.py
[2024-02-25 20:46:55,354] {processor.py:651} INFO - DAG(s) dict_keys(['example_xcom_args', 'example_xcom_args_with_operators']) retrieved from /home/sheyla/Documents/Repositórios/airflowalura/venv/lib/python3.9/site-packages/airflow/example_dags/example_xcomargs.py
[2024-02-25 20:46:55,367] {logging_mixin.py:115} INFO - [2024-02-25 20:46:55,367] {dag.py:2379} INFO - Sync 2 DAGs
[2024-02-25 20:46:55,379] {logging_mixin.py:115} INFO - [2024-02-25 20:46:55,379] {dag.py:2927} INFO - Setting next_dagrun for example_xcom_args to None, run_after=None
[2024-02-25 20:46:55,380] {logging_mixin.py:115} INFO - [2024-02-25 20:46:55,380] {dag.py:2927} INFO - Setting next_dagrun for example_xcom_args_with_operators to None, run_after=None
[2024-02-25 20:46:55,391] {processor.py:161} INFO - Processing /home/sheyla/Documents/Repositórios/airflowalura/venv/lib/python3.9/site-packages/airflow/example_dags/example_xcomargs.py took 0.053 seconds
[2024-02-25 20:47:33,553] {processor.py:153} INFO - Started process (PID=1966205) to work on /home/sheyla/Documents/Repositórios/airflowalura/venv/lib/python3.9/site-packages/airflow/example_dags/example_xcomargs.py
[2024-02-25 20:47:33,559] {processor.py:641} INFO - Processing file /home/sheyla/Documents/Repositórios/airflowalura/venv/lib/python3.9/site-packages/airflow/example_dags/example_xcomargs.py for tasks to queue
[2024-02-25 20:47:33,559] {logging_mixin.py:115} INFO - [2024-02-25 20:47:33,559] {dagbag.py:507} INFO - Filling up the DagBag from /home/sheyla/Documents/Repositórios/airflowalura/venv/lib/python3.9/site-packages/airflow/example_dags/example_xcomargs.py
[2024-02-25 20:47:33,574] {processor.py:651} INFO - DAG(s) dict_keys(['example_xcom_args', 'example_xcom_args_with_operators']) retrieved from /home/sheyla/Documents/Repositórios/airflowalura/venv/lib/python3.9/site-packages/airflow/example_dags/example_xcomargs.py
[2024-02-25 20:47:33,589] {logging_mixin.py:115} INFO - [2024-02-25 20:47:33,589] {dag.py:2379} INFO - Sync 2 DAGs
[2024-02-25 20:47:33,600] {logging_mixin.py:115} INFO - [2024-02-25 20:47:33,600] {dag.py:2927} INFO - Setting next_dagrun for example_xcom_args to None, run_after=None
[2024-02-25 20:47:33,600] {logging_mixin.py:115} INFO - [2024-02-25 20:47:33,600] {dag.py:2927} INFO - Setting next_dagrun for example_xcom_args_with_operators to None, run_after=None
[2024-02-25 20:47:33,613] {processor.py:161} INFO - Processing /home/sheyla/Documents/Repositórios/airflowalura/venv/lib/python3.9/site-packages/airflow/example_dags/example_xcomargs.py took 0.062 seconds
[2024-02-25 20:48:12,497] {processor.py:153} INFO - Started process (PID=1966791) to work on /home/sheyla/Documents/Repositórios/airflowalura/venv/lib/python3.9/site-packages/airflow/example_dags/example_xcomargs.py
[2024-02-25 20:48:12,498] {processor.py:641} INFO - Processing file /home/sheyla/Documents/Repositórios/airflowalura/venv/lib/python3.9/site-packages/airflow/example_dags/example_xcomargs.py for tasks to queue
[2024-02-25 20:48:12,500] {logging_mixin.py:115} INFO - [2024-02-25 20:48:12,499] {dagbag.py:507} INFO - Filling up the DagBag from /home/sheyla/Documents/Repositórios/airflowalura/venv/lib/python3.9/site-packages/airflow/example_dags/example_xcomargs.py
[2024-02-25 20:48:12,530] {processor.py:651} INFO - DAG(s) dict_keys(['example_xcom_args', 'example_xcom_args_with_operators']) retrieved from /home/sheyla/Documents/Repositórios/airflowalura/venv/lib/python3.9/site-packages/airflow/example_dags/example_xcomargs.py
[2024-02-25 20:48:12,545] {logging_mixin.py:115} INFO - [2024-02-25 20:48:12,545] {dag.py:2379} INFO - Sync 2 DAGs
[2024-02-25 20:48:12,557] {logging_mixin.py:115} INFO - [2024-02-25 20:48:12,556] {dag.py:2927} INFO - Setting next_dagrun for example_xcom_args to None, run_after=None
[2024-02-25 20:48:12,557] {logging_mixin.py:115} INFO - [2024-02-25 20:48:12,557] {dag.py:2927} INFO - Setting next_dagrun for example_xcom_args_with_operators to None, run_after=None
[2024-02-25 20:48:12,568] {processor.py:161} INFO - Processing /home/sheyla/Documents/Repositórios/airflowalura/venv/lib/python3.9/site-packages/airflow/example_dags/example_xcomargs.py took 0.078 seconds
