[2024-02-25 20:33:46,246] {processor.py:153} INFO - Started process (PID=1957352) to work on /home/sheyla/Documents/Repositórios/airflowalura/venv/lib/python3.9/site-packages/airflow/example_dags/example_dag_decorator.py
[2024-02-25 20:33:46,247] {processor.py:641} INFO - Processing file /home/sheyla/Documents/Repositórios/airflowalura/venv/lib/python3.9/site-packages/airflow/example_dags/example_dag_decorator.py for tasks to queue
[2024-02-25 20:33:46,248] {logging_mixin.py:115} INFO - [2024-02-25 20:33:46,248] {dagbag.py:507} INFO - Filling up the DagBag from /home/sheyla/Documents/Repositórios/airflowalura/venv/lib/python3.9/site-packages/airflow/example_dags/example_dag_decorator.py
[2024-02-25 20:33:46,284] {processor.py:651} INFO - DAG(s) dict_keys(['example_dag_decorator']) retrieved from /home/sheyla/Documents/Repositórios/airflowalura/venv/lib/python3.9/site-packages/airflow/example_dags/example_dag_decorator.py
[2024-02-25 20:33:46,314] {logging_mixin.py:115} INFO - [2024-02-25 20:33:46,314] {dag.py:2379} INFO - Sync 1 DAGs
[2024-02-25 20:33:46,323] {logging_mixin.py:115} INFO - [2024-02-25 20:33:46,323] {dag.py:2927} INFO - Setting next_dagrun for example_dag_decorator to None, run_after=None
[2024-02-25 20:33:46,341] {processor.py:161} INFO - Processing /home/sheyla/Documents/Repositórios/airflowalura/venv/lib/python3.9/site-packages/airflow/example_dags/example_dag_decorator.py took 0.100 seconds
[2024-02-25 20:34:23,580] {processor.py:153} INFO - Started process (PID=1957809) to work on /home/sheyla/Documents/Repositórios/airflowalura/venv/lib/python3.9/site-packages/airflow/example_dags/example_dag_decorator.py
[2024-02-25 20:34:23,581] {processor.py:641} INFO - Processing file /home/sheyla/Documents/Repositórios/airflowalura/venv/lib/python3.9/site-packages/airflow/example_dags/example_dag_decorator.py for tasks to queue
[2024-02-25 20:34:23,583] {logging_mixin.py:115} INFO - [2024-02-25 20:34:23,582] {dagbag.py:507} INFO - Filling up the DagBag from /home/sheyla/Documents/Repositórios/airflowalura/venv/lib/python3.9/site-packages/airflow/example_dags/example_dag_decorator.py
[2024-02-25 20:34:23,614] {processor.py:651} INFO - DAG(s) dict_keys(['example_dag_decorator']) retrieved from /home/sheyla/Documents/Repositórios/airflowalura/venv/lib/python3.9/site-packages/airflow/example_dags/example_dag_decorator.py
[2024-02-25 20:34:23,643] {logging_mixin.py:115} INFO - [2024-02-25 20:34:23,643] {dag.py:2379} INFO - Sync 1 DAGs
[2024-02-25 20:34:23,652] {logging_mixin.py:115} INFO - [2024-02-25 20:34:23,652] {dag.py:2927} INFO - Setting next_dagrun for example_dag_decorator to None, run_after=None
[2024-02-25 20:34:23,670] {processor.py:161} INFO - Processing /home/sheyla/Documents/Repositórios/airflowalura/venv/lib/python3.9/site-packages/airflow/example_dags/example_dag_decorator.py took 0.096 seconds
[2024-02-25 20:34:59,718] {processor.py:153} INFO - Started process (PID=1958177) to work on /home/sheyla/Documents/Repositórios/airflowalura/venv/lib/python3.9/site-packages/airflow/example_dags/example_dag_decorator.py
[2024-02-25 20:34:59,720] {processor.py:641} INFO - Processing file /home/sheyla/Documents/Repositórios/airflowalura/venv/lib/python3.9/site-packages/airflow/example_dags/example_dag_decorator.py for tasks to queue
[2024-02-25 20:34:59,721] {logging_mixin.py:115} INFO - [2024-02-25 20:34:59,721] {dagbag.py:507} INFO - Filling up the DagBag from /home/sheyla/Documents/Repositórios/airflowalura/venv/lib/python3.9/site-packages/airflow/example_dags/example_dag_decorator.py
[2024-02-25 20:34:59,739] {processor.py:651} INFO - DAG(s) dict_keys(['example_dag_decorator']) retrieved from /home/sheyla/Documents/Repositórios/airflowalura/venv/lib/python3.9/site-packages/airflow/example_dags/example_dag_decorator.py
[2024-02-25 20:34:59,769] {logging_mixin.py:115} INFO - [2024-02-25 20:34:59,769] {dag.py:2379} INFO - Sync 1 DAGs
[2024-02-25 20:34:59,777] {logging_mixin.py:115} INFO - [2024-02-25 20:34:59,777] {dag.py:2927} INFO - Setting next_dagrun for example_dag_decorator to None, run_after=None
[2024-02-25 20:34:59,788] {processor.py:161} INFO - Processing /home/sheyla/Documents/Repositórios/airflowalura/venv/lib/python3.9/site-packages/airflow/example_dags/example_dag_decorator.py took 0.073 seconds
[2024-02-25 20:35:37,095] {processor.py:153} INFO - Started process (PID=1958551) to work on /home/sheyla/Documents/Repositórios/airflowalura/venv/lib/python3.9/site-packages/airflow/example_dags/example_dag_decorator.py
[2024-02-25 20:35:37,100] {processor.py:641} INFO - Processing file /home/sheyla/Documents/Repositórios/airflowalura/venv/lib/python3.9/site-packages/airflow/example_dags/example_dag_decorator.py for tasks to queue
[2024-02-25 20:35:37,101] {logging_mixin.py:115} INFO - [2024-02-25 20:35:37,100] {dagbag.py:507} INFO - Filling up the DagBag from /home/sheyla/Documents/Repositórios/airflowalura/venv/lib/python3.9/site-packages/airflow/example_dags/example_dag_decorator.py
[2024-02-25 20:35:37,127] {processor.py:651} INFO - DAG(s) dict_keys(['example_dag_decorator']) retrieved from /home/sheyla/Documents/Repositórios/airflowalura/venv/lib/python3.9/site-packages/airflow/example_dags/example_dag_decorator.py
[2024-02-25 20:35:37,142] {logging_mixin.py:115} INFO - [2024-02-25 20:35:37,142] {dag.py:2379} INFO - Sync 1 DAGs
[2024-02-25 20:35:37,153] {logging_mixin.py:115} INFO - [2024-02-25 20:35:37,153] {dag.py:2927} INFO - Setting next_dagrun for example_dag_decorator to None, run_after=None
[2024-02-25 20:35:37,165] {processor.py:161} INFO - Processing /home/sheyla/Documents/Repositórios/airflowalura/venv/lib/python3.9/site-packages/airflow/example_dags/example_dag_decorator.py took 0.073 seconds
[2024-02-25 20:36:13,153] {processor.py:153} INFO - Started process (PID=1958932) to work on /home/sheyla/Documents/Repositórios/airflowalura/venv/lib/python3.9/site-packages/airflow/example_dags/example_dag_decorator.py
[2024-02-25 20:36:13,154] {processor.py:641} INFO - Processing file /home/sheyla/Documents/Repositórios/airflowalura/venv/lib/python3.9/site-packages/airflow/example_dags/example_dag_decorator.py for tasks to queue
[2024-02-25 20:36:13,154] {logging_mixin.py:115} INFO - [2024-02-25 20:36:13,154] {dagbag.py:507} INFO - Filling up the DagBag from /home/sheyla/Documents/Repositórios/airflowalura/venv/lib/python3.9/site-packages/airflow/example_dags/example_dag_decorator.py
[2024-02-25 20:36:13,180] {processor.py:651} INFO - DAG(s) dict_keys(['example_dag_decorator']) retrieved from /home/sheyla/Documents/Repositórios/airflowalura/venv/lib/python3.9/site-packages/airflow/example_dags/example_dag_decorator.py
[2024-02-25 20:36:13,193] {logging_mixin.py:115} INFO - [2024-02-25 20:36:13,193] {dag.py:2379} INFO - Sync 1 DAGs
[2024-02-25 20:36:13,204] {logging_mixin.py:115} INFO - [2024-02-25 20:36:13,204] {dag.py:2927} INFO - Setting next_dagrun for example_dag_decorator to None, run_after=None
[2024-02-25 20:36:13,215] {processor.py:161} INFO - Processing /home/sheyla/Documents/Repositórios/airflowalura/venv/lib/python3.9/site-packages/airflow/example_dags/example_dag_decorator.py took 0.065 seconds
[2024-02-25 20:36:49,819] {processor.py:153} INFO - Started process (PID=1959327) to work on /home/sheyla/Documents/Repositórios/airflowalura/venv/lib/python3.9/site-packages/airflow/example_dags/example_dag_decorator.py
[2024-02-25 20:36:49,820] {processor.py:641} INFO - Processing file /home/sheyla/Documents/Repositórios/airflowalura/venv/lib/python3.9/site-packages/airflow/example_dags/example_dag_decorator.py for tasks to queue
[2024-02-25 20:36:49,821] {logging_mixin.py:115} INFO - [2024-02-25 20:36:49,820] {dagbag.py:507} INFO - Filling up the DagBag from /home/sheyla/Documents/Repositórios/airflowalura/venv/lib/python3.9/site-packages/airflow/example_dags/example_dag_decorator.py
[2024-02-25 20:36:49,844] {processor.py:651} INFO - DAG(s) dict_keys(['example_dag_decorator']) retrieved from /home/sheyla/Documents/Repositórios/airflowalura/venv/lib/python3.9/site-packages/airflow/example_dags/example_dag_decorator.py
[2024-02-25 20:36:49,877] {logging_mixin.py:115} INFO - [2024-02-25 20:36:49,876] {dag.py:2379} INFO - Sync 1 DAGs
[2024-02-25 20:36:49,886] {logging_mixin.py:115} INFO - [2024-02-25 20:36:49,885] {dag.py:2927} INFO - Setting next_dagrun for example_dag_decorator to None, run_after=None
[2024-02-25 20:36:49,899] {processor.py:161} INFO - Processing /home/sheyla/Documents/Repositórios/airflowalura/venv/lib/python3.9/site-packages/airflow/example_dags/example_dag_decorator.py took 0.082 seconds
[2024-02-25 20:37:24,111] {processor.py:153} INFO - Started process (PID=1959684) to work on /home/sheyla/Documents/Repositórios/airflowalura/venv/lib/python3.9/site-packages/airflow/example_dags/example_dag_decorator.py
[2024-02-25 20:37:24,117] {processor.py:641} INFO - Processing file /home/sheyla/Documents/Repositórios/airflowalura/venv/lib/python3.9/site-packages/airflow/example_dags/example_dag_decorator.py for tasks to queue
[2024-02-25 20:37:24,117] {logging_mixin.py:115} INFO - [2024-02-25 20:37:24,117] {dagbag.py:507} INFO - Filling up the DagBag from /home/sheyla/Documents/Repositórios/airflowalura/venv/lib/python3.9/site-packages/airflow/example_dags/example_dag_decorator.py
[2024-02-25 20:37:24,151] {processor.py:651} INFO - DAG(s) dict_keys(['example_dag_decorator']) retrieved from /home/sheyla/Documents/Repositórios/airflowalura/venv/lib/python3.9/site-packages/airflow/example_dags/example_dag_decorator.py
[2024-02-25 20:37:24,182] {logging_mixin.py:115} INFO - [2024-02-25 20:37:24,182] {dag.py:2379} INFO - Sync 1 DAGs
[2024-02-25 20:37:24,190] {logging_mixin.py:115} INFO - [2024-02-25 20:37:24,190] {dag.py:2927} INFO - Setting next_dagrun for example_dag_decorator to None, run_after=None
[2024-02-25 20:37:24,202] {processor.py:161} INFO - Processing /home/sheyla/Documents/Repositórios/airflowalura/venv/lib/python3.9/site-packages/airflow/example_dags/example_dag_decorator.py took 0.095 seconds
[2024-02-25 20:37:59,504] {processor.py:153} INFO - Started process (PID=1960040) to work on /home/sheyla/Documents/Repositórios/airflowalura/venv/lib/python3.9/site-packages/airflow/example_dags/example_dag_decorator.py
[2024-02-25 20:37:59,509] {processor.py:641} INFO - Processing file /home/sheyla/Documents/Repositórios/airflowalura/venv/lib/python3.9/site-packages/airflow/example_dags/example_dag_decorator.py for tasks to queue
[2024-02-25 20:37:59,510] {logging_mixin.py:115} INFO - [2024-02-25 20:37:59,510] {dagbag.py:507} INFO - Filling up the DagBag from /home/sheyla/Documents/Repositórios/airflowalura/venv/lib/python3.9/site-packages/airflow/example_dags/example_dag_decorator.py
[2024-02-25 20:37:59,534] {processor.py:651} INFO - DAG(s) dict_keys(['example_dag_decorator']) retrieved from /home/sheyla/Documents/Repositórios/airflowalura/venv/lib/python3.9/site-packages/airflow/example_dags/example_dag_decorator.py
[2024-02-25 20:37:59,567] {logging_mixin.py:115} INFO - [2024-02-25 20:37:59,567] {dag.py:2379} INFO - Sync 1 DAGs
[2024-02-25 20:37:59,576] {logging_mixin.py:115} INFO - [2024-02-25 20:37:59,576] {dag.py:2927} INFO - Setting next_dagrun for example_dag_decorator to None, run_after=None
[2024-02-25 20:37:59,592] {processor.py:161} INFO - Processing /home/sheyla/Documents/Repositórios/airflowalura/venv/lib/python3.9/site-packages/airflow/example_dags/example_dag_decorator.py took 0.090 seconds
[2024-02-25 20:38:38,495] {processor.py:153} INFO - Started process (PID=1960442) to work on /home/sheyla/Documents/Repositórios/airflowalura/venv/lib/python3.9/site-packages/airflow/example_dags/example_dag_decorator.py
[2024-02-25 20:38:38,501] {processor.py:641} INFO - Processing file /home/sheyla/Documents/Repositórios/airflowalura/venv/lib/python3.9/site-packages/airflow/example_dags/example_dag_decorator.py for tasks to queue
[2024-02-25 20:38:38,502] {logging_mixin.py:115} INFO - [2024-02-25 20:38:38,502] {dagbag.py:507} INFO - Filling up the DagBag from /home/sheyla/Documents/Repositórios/airflowalura/venv/lib/python3.9/site-packages/airflow/example_dags/example_dag_decorator.py
[2024-02-25 20:38:38,540] {processor.py:651} INFO - DAG(s) dict_keys(['example_dag_decorator']) retrieved from /home/sheyla/Documents/Repositórios/airflowalura/venv/lib/python3.9/site-packages/airflow/example_dags/example_dag_decorator.py
[2024-02-25 20:38:38,575] {logging_mixin.py:115} INFO - [2024-02-25 20:38:38,574] {dag.py:2379} INFO - Sync 1 DAGs
[2024-02-25 20:38:38,585] {logging_mixin.py:115} INFO - [2024-02-25 20:38:38,585] {dag.py:2927} INFO - Setting next_dagrun for example_dag_decorator to None, run_after=None
[2024-02-25 20:38:38,606] {processor.py:161} INFO - Processing /home/sheyla/Documents/Repositórios/airflowalura/venv/lib/python3.9/site-packages/airflow/example_dags/example_dag_decorator.py took 0.116 seconds
[2024-02-25 20:39:11,836] {processor.py:153} INFO - Started process (PID=1960781) to work on /home/sheyla/Documents/Repositórios/airflowalura/venv/lib/python3.9/site-packages/airflow/example_dags/example_dag_decorator.py
[2024-02-25 20:39:11,837] {processor.py:641} INFO - Processing file /home/sheyla/Documents/Repositórios/airflowalura/venv/lib/python3.9/site-packages/airflow/example_dags/example_dag_decorator.py for tasks to queue
[2024-02-25 20:39:11,838] {logging_mixin.py:115} INFO - [2024-02-25 20:39:11,838] {dagbag.py:507} INFO - Filling up the DagBag from /home/sheyla/Documents/Repositórios/airflowalura/venv/lib/python3.9/site-packages/airflow/example_dags/example_dag_decorator.py
[2024-02-25 20:39:11,871] {processor.py:651} INFO - DAG(s) dict_keys(['example_dag_decorator']) retrieved from /home/sheyla/Documents/Repositórios/airflowalura/venv/lib/python3.9/site-packages/airflow/example_dags/example_dag_decorator.py
[2024-02-25 20:39:11,883] {logging_mixin.py:115} INFO - [2024-02-25 20:39:11,883] {dag.py:2379} INFO - Sync 1 DAGs
[2024-02-25 20:39:11,893] {logging_mixin.py:115} INFO - [2024-02-25 20:39:11,893] {dag.py:2927} INFO - Setting next_dagrun for example_dag_decorator to None, run_after=None
[2024-02-25 20:39:11,904] {processor.py:161} INFO - Processing /home/sheyla/Documents/Repositórios/airflowalura/venv/lib/python3.9/site-packages/airflow/example_dags/example_dag_decorator.py took 0.075 seconds
[2024-02-25 20:39:45,330] {processor.py:153} INFO - Started process (PID=1961129) to work on /home/sheyla/Documents/Repositórios/airflowalura/venv/lib/python3.9/site-packages/airflow/example_dags/example_dag_decorator.py
[2024-02-25 20:39:45,336] {processor.py:641} INFO - Processing file /home/sheyla/Documents/Repositórios/airflowalura/venv/lib/python3.9/site-packages/airflow/example_dags/example_dag_decorator.py for tasks to queue
[2024-02-25 20:39:45,338] {logging_mixin.py:115} INFO - [2024-02-25 20:39:45,337] {dagbag.py:507} INFO - Filling up the DagBag from /home/sheyla/Documents/Repositórios/airflowalura/venv/lib/python3.9/site-packages/airflow/example_dags/example_dag_decorator.py
[2024-02-25 20:39:45,372] {processor.py:651} INFO - DAG(s) dict_keys(['example_dag_decorator']) retrieved from /home/sheyla/Documents/Repositórios/airflowalura/venv/lib/python3.9/site-packages/airflow/example_dags/example_dag_decorator.py
[2024-02-25 20:39:45,384] {logging_mixin.py:115} INFO - [2024-02-25 20:39:45,384] {dag.py:2379} INFO - Sync 1 DAGs
[2024-02-25 20:39:45,395] {logging_mixin.py:115} INFO - [2024-02-25 20:39:45,394] {dag.py:2927} INFO - Setting next_dagrun for example_dag_decorator to None, run_after=None
[2024-02-25 20:39:45,406] {processor.py:161} INFO - Processing /home/sheyla/Documents/Repositórios/airflowalura/venv/lib/python3.9/site-packages/airflow/example_dags/example_dag_decorator.py took 0.082 seconds
[2024-02-25 20:40:20,188] {processor.py:153} INFO - Started process (PID=1961497) to work on /home/sheyla/Documents/Repositórios/airflowalura/venv/lib/python3.9/site-packages/airflow/example_dags/example_dag_decorator.py
[2024-02-25 20:40:20,188] {processor.py:641} INFO - Processing file /home/sheyla/Documents/Repositórios/airflowalura/venv/lib/python3.9/site-packages/airflow/example_dags/example_dag_decorator.py for tasks to queue
[2024-02-25 20:40:20,189] {logging_mixin.py:115} INFO - [2024-02-25 20:40:20,189] {dagbag.py:507} INFO - Filling up the DagBag from /home/sheyla/Documents/Repositórios/airflowalura/venv/lib/python3.9/site-packages/airflow/example_dags/example_dag_decorator.py
[2024-02-25 20:40:20,206] {processor.py:651} INFO - DAG(s) dict_keys(['example_dag_decorator']) retrieved from /home/sheyla/Documents/Repositórios/airflowalura/venv/lib/python3.9/site-packages/airflow/example_dags/example_dag_decorator.py
[2024-02-25 20:40:20,235] {logging_mixin.py:115} INFO - [2024-02-25 20:40:20,235] {dag.py:2379} INFO - Sync 1 DAGs
[2024-02-25 20:40:20,243] {logging_mixin.py:115} INFO - [2024-02-25 20:40:20,243] {dag.py:2927} INFO - Setting next_dagrun for example_dag_decorator to None, run_after=None
[2024-02-25 20:40:20,256] {processor.py:161} INFO - Processing /home/sheyla/Documents/Repositórios/airflowalura/venv/lib/python3.9/site-packages/airflow/example_dags/example_dag_decorator.py took 0.070 seconds
[2024-02-25 20:40:57,370] {processor.py:153} INFO - Started process (PID=1961868) to work on /home/sheyla/Documents/Repositórios/airflowalura/venv/lib/python3.9/site-packages/airflow/example_dags/example_dag_decorator.py
[2024-02-25 20:40:57,376] {processor.py:641} INFO - Processing file /home/sheyla/Documents/Repositórios/airflowalura/venv/lib/python3.9/site-packages/airflow/example_dags/example_dag_decorator.py for tasks to queue
[2024-02-25 20:40:57,376] {logging_mixin.py:115} INFO - [2024-02-25 20:40:57,376] {dagbag.py:507} INFO - Filling up the DagBag from /home/sheyla/Documents/Repositórios/airflowalura/venv/lib/python3.9/site-packages/airflow/example_dags/example_dag_decorator.py
[2024-02-25 20:40:57,409] {processor.py:651} INFO - DAG(s) dict_keys(['example_dag_decorator']) retrieved from /home/sheyla/Documents/Repositórios/airflowalura/venv/lib/python3.9/site-packages/airflow/example_dags/example_dag_decorator.py
[2024-02-25 20:40:57,424] {logging_mixin.py:115} INFO - [2024-02-25 20:40:57,424] {dag.py:2379} INFO - Sync 1 DAGs
[2024-02-25 20:40:57,436] {logging_mixin.py:115} INFO - [2024-02-25 20:40:57,436] {dag.py:2927} INFO - Setting next_dagrun for example_dag_decorator to None, run_after=None
[2024-02-25 20:40:57,448] {processor.py:161} INFO - Processing /home/sheyla/Documents/Repositórios/airflowalura/venv/lib/python3.9/site-packages/airflow/example_dags/example_dag_decorator.py took 0.080 seconds
[2024-02-25 20:41:32,348] {processor.py:153} INFO - Started process (PID=1962254) to work on /home/sheyla/Documents/Repositórios/airflowalura/venv/lib/python3.9/site-packages/airflow/example_dags/example_dag_decorator.py
[2024-02-25 20:41:32,354] {processor.py:641} INFO - Processing file /home/sheyla/Documents/Repositórios/airflowalura/venv/lib/python3.9/site-packages/airflow/example_dags/example_dag_decorator.py for tasks to queue
[2024-02-25 20:41:32,355] {logging_mixin.py:115} INFO - [2024-02-25 20:41:32,355] {dagbag.py:507} INFO - Filling up the DagBag from /home/sheyla/Documents/Repositórios/airflowalura/venv/lib/python3.9/site-packages/airflow/example_dags/example_dag_decorator.py
[2024-02-25 20:41:32,395] {processor.py:651} INFO - DAG(s) dict_keys(['example_dag_decorator']) retrieved from /home/sheyla/Documents/Repositórios/airflowalura/venv/lib/python3.9/site-packages/airflow/example_dags/example_dag_decorator.py
[2024-02-25 20:41:32,408] {logging_mixin.py:115} INFO - [2024-02-25 20:41:32,407] {dag.py:2379} INFO - Sync 1 DAGs
[2024-02-25 20:41:32,417] {logging_mixin.py:115} INFO - [2024-02-25 20:41:32,417] {dag.py:2927} INFO - Setting next_dagrun for example_dag_decorator to None, run_after=None
[2024-02-25 20:41:32,431] {processor.py:161} INFO - Processing /home/sheyla/Documents/Repositórios/airflowalura/venv/lib/python3.9/site-packages/airflow/example_dags/example_dag_decorator.py took 0.091 seconds
[2024-02-25 20:42:07,000] {processor.py:153} INFO - Started process (PID=1962617) to work on /home/sheyla/Documents/Repositórios/airflowalura/venv/lib/python3.9/site-packages/airflow/example_dags/example_dag_decorator.py
[2024-02-25 20:42:07,005] {processor.py:641} INFO - Processing file /home/sheyla/Documents/Repositórios/airflowalura/venv/lib/python3.9/site-packages/airflow/example_dags/example_dag_decorator.py for tasks to queue
[2024-02-25 20:42:07,006] {logging_mixin.py:115} INFO - [2024-02-25 20:42:07,006] {dagbag.py:507} INFO - Filling up the DagBag from /home/sheyla/Documents/Repositórios/airflowalura/venv/lib/python3.9/site-packages/airflow/example_dags/example_dag_decorator.py
[2024-02-25 20:42:07,029] {processor.py:651} INFO - DAG(s) dict_keys(['example_dag_decorator']) retrieved from /home/sheyla/Documents/Repositórios/airflowalura/venv/lib/python3.9/site-packages/airflow/example_dags/example_dag_decorator.py
[2024-02-25 20:42:07,060] {logging_mixin.py:115} INFO - [2024-02-25 20:42:07,060] {dag.py:2379} INFO - Sync 1 DAGs
[2024-02-25 20:42:07,069] {logging_mixin.py:115} INFO - [2024-02-25 20:42:07,069] {dag.py:2927} INFO - Setting next_dagrun for example_dag_decorator to None, run_after=None
[2024-02-25 20:42:07,084] {processor.py:161} INFO - Processing /home/sheyla/Documents/Repositórios/airflowalura/venv/lib/python3.9/site-packages/airflow/example_dags/example_dag_decorator.py took 0.086 seconds
[2024-02-25 20:42:43,374] {processor.py:153} INFO - Started process (PID=1962996) to work on /home/sheyla/Documents/Repositórios/airflowalura/venv/lib/python3.9/site-packages/airflow/example_dags/example_dag_decorator.py
[2024-02-25 20:42:43,380] {processor.py:641} INFO - Processing file /home/sheyla/Documents/Repositórios/airflowalura/venv/lib/python3.9/site-packages/airflow/example_dags/example_dag_decorator.py for tasks to queue
[2024-02-25 20:42:43,382] {logging_mixin.py:115} INFO - [2024-02-25 20:42:43,381] {dagbag.py:507} INFO - Filling up the DagBag from /home/sheyla/Documents/Repositórios/airflowalura/venv/lib/python3.9/site-packages/airflow/example_dags/example_dag_decorator.py
[2024-02-25 20:42:43,418] {processor.py:651} INFO - DAG(s) dict_keys(['example_dag_decorator']) retrieved from /home/sheyla/Documents/Repositórios/airflowalura/venv/lib/python3.9/site-packages/airflow/example_dags/example_dag_decorator.py
[2024-02-25 20:42:43,430] {logging_mixin.py:115} INFO - [2024-02-25 20:42:43,430] {dag.py:2379} INFO - Sync 1 DAGs
[2024-02-25 20:42:43,440] {logging_mixin.py:115} INFO - [2024-02-25 20:42:43,440] {dag.py:2927} INFO - Setting next_dagrun for example_dag_decorator to None, run_after=None
[2024-02-25 20:42:43,453] {processor.py:161} INFO - Processing /home/sheyla/Documents/Repositórios/airflowalura/venv/lib/python3.9/site-packages/airflow/example_dags/example_dag_decorator.py took 0.085 seconds
[2024-02-25 20:43:16,428] {processor.py:153} INFO - Started process (PID=1963327) to work on /home/sheyla/Documents/Repositórios/airflowalura/venv/lib/python3.9/site-packages/airflow/example_dags/example_dag_decorator.py
[2024-02-25 20:43:16,434] {processor.py:641} INFO - Processing file /home/sheyla/Documents/Repositórios/airflowalura/venv/lib/python3.9/site-packages/airflow/example_dags/example_dag_decorator.py for tasks to queue
[2024-02-25 20:43:16,435] {logging_mixin.py:115} INFO - [2024-02-25 20:43:16,435] {dagbag.py:507} INFO - Filling up the DagBag from /home/sheyla/Documents/Repositórios/airflowalura/venv/lib/python3.9/site-packages/airflow/example_dags/example_dag_decorator.py
[2024-02-25 20:43:16,473] {processor.py:651} INFO - DAG(s) dict_keys(['example_dag_decorator']) retrieved from /home/sheyla/Documents/Repositórios/airflowalura/venv/lib/python3.9/site-packages/airflow/example_dags/example_dag_decorator.py
[2024-02-25 20:43:16,486] {logging_mixin.py:115} INFO - [2024-02-25 20:43:16,485] {dag.py:2379} INFO - Sync 1 DAGs
[2024-02-25 20:43:16,496] {logging_mixin.py:115} INFO - [2024-02-25 20:43:16,496] {dag.py:2927} INFO - Setting next_dagrun for example_dag_decorator to None, run_after=None
[2024-02-25 20:43:16,509] {processor.py:161} INFO - Processing /home/sheyla/Documents/Repositórios/airflowalura/venv/lib/python3.9/site-packages/airflow/example_dags/example_dag_decorator.py took 0.087 seconds
[2024-02-25 20:43:49,914] {processor.py:153} INFO - Started process (PID=1963670) to work on /home/sheyla/Documents/Repositórios/airflowalura/venv/lib/python3.9/site-packages/airflow/example_dags/example_dag_decorator.py
[2024-02-25 20:43:49,917] {processor.py:641} INFO - Processing file /home/sheyla/Documents/Repositórios/airflowalura/venv/lib/python3.9/site-packages/airflow/example_dags/example_dag_decorator.py for tasks to queue
[2024-02-25 20:43:49,917] {logging_mixin.py:115} INFO - [2024-02-25 20:43:49,917] {dagbag.py:507} INFO - Filling up the DagBag from /home/sheyla/Documents/Repositórios/airflowalura/venv/lib/python3.9/site-packages/airflow/example_dags/example_dag_decorator.py
[2024-02-25 20:43:49,944] {processor.py:651} INFO - DAG(s) dict_keys(['example_dag_decorator']) retrieved from /home/sheyla/Documents/Repositórios/airflowalura/venv/lib/python3.9/site-packages/airflow/example_dags/example_dag_decorator.py
[2024-02-25 20:43:49,976] {logging_mixin.py:115} INFO - [2024-02-25 20:43:49,976] {dag.py:2379} INFO - Sync 1 DAGs
[2024-02-25 20:43:49,985] {logging_mixin.py:115} INFO - [2024-02-25 20:43:49,985] {dag.py:2927} INFO - Setting next_dagrun for example_dag_decorator to None, run_after=None
[2024-02-25 20:43:49,997] {processor.py:161} INFO - Processing /home/sheyla/Documents/Repositórios/airflowalura/venv/lib/python3.9/site-packages/airflow/example_dags/example_dag_decorator.py took 0.085 seconds
[2024-02-25 20:44:29,766] {processor.py:153} INFO - Started process (PID=1964082) to work on /home/sheyla/Documents/Repositórios/airflowalura/venv/lib/python3.9/site-packages/airflow/example_dags/example_dag_decorator.py
[2024-02-25 20:44:29,772] {processor.py:641} INFO - Processing file /home/sheyla/Documents/Repositórios/airflowalura/venv/lib/python3.9/site-packages/airflow/example_dags/example_dag_decorator.py for tasks to queue
[2024-02-25 20:44:29,773] {logging_mixin.py:115} INFO - [2024-02-25 20:44:29,773] {dagbag.py:507} INFO - Filling up the DagBag from /home/sheyla/Documents/Repositórios/airflowalura/venv/lib/python3.9/site-packages/airflow/example_dags/example_dag_decorator.py
[2024-02-25 20:44:29,809] {processor.py:651} INFO - DAG(s) dict_keys(['example_dag_decorator']) retrieved from /home/sheyla/Documents/Repositórios/airflowalura/venv/lib/python3.9/site-packages/airflow/example_dags/example_dag_decorator.py
[2024-02-25 20:44:29,822] {logging_mixin.py:115} INFO - [2024-02-25 20:44:29,822] {dag.py:2379} INFO - Sync 1 DAGs
[2024-02-25 20:44:29,832] {logging_mixin.py:115} INFO - [2024-02-25 20:44:29,832] {dag.py:2927} INFO - Setting next_dagrun for example_dag_decorator to None, run_after=None
[2024-02-25 20:44:29,845] {processor.py:161} INFO - Processing /home/sheyla/Documents/Repositórios/airflowalura/venv/lib/python3.9/site-packages/airflow/example_dags/example_dag_decorator.py took 0.084 seconds
[2024-02-25 20:45:05,238] {processor.py:153} INFO - Started process (PID=1964447) to work on /home/sheyla/Documents/Repositórios/airflowalura/venv/lib/python3.9/site-packages/airflow/example_dags/example_dag_decorator.py
[2024-02-25 20:45:05,239] {processor.py:641} INFO - Processing file /home/sheyla/Documents/Repositórios/airflowalura/venv/lib/python3.9/site-packages/airflow/example_dags/example_dag_decorator.py for tasks to queue
[2024-02-25 20:45:05,240] {logging_mixin.py:115} INFO - [2024-02-25 20:45:05,240] {dagbag.py:507} INFO - Filling up the DagBag from /home/sheyla/Documents/Repositórios/airflowalura/venv/lib/python3.9/site-packages/airflow/example_dags/example_dag_decorator.py
[2024-02-25 20:45:05,274] {processor.py:651} INFO - DAG(s) dict_keys(['example_dag_decorator']) retrieved from /home/sheyla/Documents/Repositórios/airflowalura/venv/lib/python3.9/site-packages/airflow/example_dags/example_dag_decorator.py
[2024-02-25 20:45:05,286] {logging_mixin.py:115} INFO - [2024-02-25 20:45:05,286] {dag.py:2379} INFO - Sync 1 DAGs
[2024-02-25 20:45:05,297] {logging_mixin.py:115} INFO - [2024-02-25 20:45:05,297] {dag.py:2927} INFO - Setting next_dagrun for example_dag_decorator to None, run_after=None
[2024-02-25 20:45:05,309] {processor.py:161} INFO - Processing /home/sheyla/Documents/Repositórios/airflowalura/venv/lib/python3.9/site-packages/airflow/example_dags/example_dag_decorator.py took 0.078 seconds
[2024-02-25 20:45:40,244] {processor.py:153} INFO - Started process (PID=1964807) to work on /home/sheyla/Documents/Repositórios/airflowalura/venv/lib/python3.9/site-packages/airflow/example_dags/example_dag_decorator.py
[2024-02-25 20:45:40,250] {processor.py:641} INFO - Processing file /home/sheyla/Documents/Repositórios/airflowalura/venv/lib/python3.9/site-packages/airflow/example_dags/example_dag_decorator.py for tasks to queue
[2024-02-25 20:45:40,251] {logging_mixin.py:115} INFO - [2024-02-25 20:45:40,251] {dagbag.py:507} INFO - Filling up the DagBag from /home/sheyla/Documents/Repositórios/airflowalura/venv/lib/python3.9/site-packages/airflow/example_dags/example_dag_decorator.py
[2024-02-25 20:45:40,289] {processor.py:651} INFO - DAG(s) dict_keys(['example_dag_decorator']) retrieved from /home/sheyla/Documents/Repositórios/airflowalura/venv/lib/python3.9/site-packages/airflow/example_dags/example_dag_decorator.py
[2024-02-25 20:45:40,301] {logging_mixin.py:115} INFO - [2024-02-25 20:45:40,301] {dag.py:2379} INFO - Sync 1 DAGs
[2024-02-25 20:45:40,312] {logging_mixin.py:115} INFO - [2024-02-25 20:45:40,312] {dag.py:2927} INFO - Setting next_dagrun for example_dag_decorator to None, run_after=None
[2024-02-25 20:45:40,326] {processor.py:161} INFO - Processing /home/sheyla/Documents/Repositórios/airflowalura/venv/lib/python3.9/site-packages/airflow/example_dags/example_dag_decorator.py took 0.089 seconds
[2024-02-25 20:46:14,026] {processor.py:153} INFO - Started process (PID=1965156) to work on /home/sheyla/Documents/Repositórios/airflowalura/venv/lib/python3.9/site-packages/airflow/example_dags/example_dag_decorator.py
[2024-02-25 20:46:14,032] {processor.py:641} INFO - Processing file /home/sheyla/Documents/Repositórios/airflowalura/venv/lib/python3.9/site-packages/airflow/example_dags/example_dag_decorator.py for tasks to queue
[2024-02-25 20:46:14,032] {logging_mixin.py:115} INFO - [2024-02-25 20:46:14,032] {dagbag.py:507} INFO - Filling up the DagBag from /home/sheyla/Documents/Repositórios/airflowalura/venv/lib/python3.9/site-packages/airflow/example_dags/example_dag_decorator.py
[2024-02-25 20:46:14,056] {processor.py:651} INFO - DAG(s) dict_keys(['example_dag_decorator']) retrieved from /home/sheyla/Documents/Repositórios/airflowalura/venv/lib/python3.9/site-packages/airflow/example_dags/example_dag_decorator.py
[2024-02-25 20:46:14,069] {logging_mixin.py:115} INFO - [2024-02-25 20:46:14,069] {dag.py:2379} INFO - Sync 1 DAGs
[2024-02-25 20:46:14,079] {logging_mixin.py:115} INFO - [2024-02-25 20:46:14,079] {dag.py:2927} INFO - Setting next_dagrun for example_dag_decorator to None, run_after=None
[2024-02-25 20:46:14,091] {processor.py:161} INFO - Processing /home/sheyla/Documents/Repositórios/airflowalura/venv/lib/python3.9/site-packages/airflow/example_dags/example_dag_decorator.py took 0.067 seconds
[2024-02-25 20:46:53,649] {processor.py:153} INFO - Started process (PID=1965583) to work on /home/sheyla/Documents/Repositórios/airflowalura/venv/lib/python3.9/site-packages/airflow/example_dags/example_dag_decorator.py
[2024-02-25 20:46:53,655] {processor.py:641} INFO - Processing file /home/sheyla/Documents/Repositórios/airflowalura/venv/lib/python3.9/site-packages/airflow/example_dags/example_dag_decorator.py for tasks to queue
[2024-02-25 20:46:53,656] {logging_mixin.py:115} INFO - [2024-02-25 20:46:53,656] {dagbag.py:507} INFO - Filling up the DagBag from /home/sheyla/Documents/Repositórios/airflowalura/venv/lib/python3.9/site-packages/airflow/example_dags/example_dag_decorator.py
[2024-02-25 20:46:53,691] {processor.py:651} INFO - DAG(s) dict_keys(['example_dag_decorator']) retrieved from /home/sheyla/Documents/Repositórios/airflowalura/venv/lib/python3.9/site-packages/airflow/example_dags/example_dag_decorator.py
[2024-02-25 20:46:53,704] {logging_mixin.py:115} INFO - [2024-02-25 20:46:53,704] {dag.py:2379} INFO - Sync 1 DAGs
[2024-02-25 20:46:53,714] {logging_mixin.py:115} INFO - [2024-02-25 20:46:53,714] {dag.py:2927} INFO - Setting next_dagrun for example_dag_decorator to None, run_after=None
[2024-02-25 20:46:53,726] {processor.py:161} INFO - Processing /home/sheyla/Documents/Repositórios/airflowalura/venv/lib/python3.9/site-packages/airflow/example_dags/example_dag_decorator.py took 0.084 seconds
[2024-02-25 20:47:31,274] {processor.py:153} INFO - Started process (PID=1966173) to work on /home/sheyla/Documents/Repositórios/airflowalura/venv/lib/python3.9/site-packages/airflow/example_dags/example_dag_decorator.py
[2024-02-25 20:47:31,279] {processor.py:641} INFO - Processing file /home/sheyla/Documents/Repositórios/airflowalura/venv/lib/python3.9/site-packages/airflow/example_dags/example_dag_decorator.py for tasks to queue
[2024-02-25 20:47:31,280] {logging_mixin.py:115} INFO - [2024-02-25 20:47:31,280] {dagbag.py:507} INFO - Filling up the DagBag from /home/sheyla/Documents/Repositórios/airflowalura/venv/lib/python3.9/site-packages/airflow/example_dags/example_dag_decorator.py
[2024-02-25 20:47:31,312] {processor.py:651} INFO - DAG(s) dict_keys(['example_dag_decorator']) retrieved from /home/sheyla/Documents/Repositórios/airflowalura/venv/lib/python3.9/site-packages/airflow/example_dags/example_dag_decorator.py
[2024-02-25 20:47:31,323] {logging_mixin.py:115} INFO - [2024-02-25 20:47:31,323] {dag.py:2379} INFO - Sync 1 DAGs
[2024-02-25 20:47:31,335] {logging_mixin.py:115} INFO - [2024-02-25 20:47:31,335] {dag.py:2927} INFO - Setting next_dagrun for example_dag_decorator to None, run_after=None
[2024-02-25 20:47:31,348] {processor.py:161} INFO - Processing /home/sheyla/Documents/Repositórios/airflowalura/venv/lib/python3.9/site-packages/airflow/example_dags/example_dag_decorator.py took 0.078 seconds
[2024-02-25 20:48:06,734] {processor.py:153} INFO - Started process (PID=1966706) to work on /home/sheyla/Documents/Repositórios/airflowalura/venv/lib/python3.9/site-packages/airflow/example_dags/example_dag_decorator.py
[2024-02-25 20:48:06,739] {processor.py:641} INFO - Processing file /home/sheyla/Documents/Repositórios/airflowalura/venv/lib/python3.9/site-packages/airflow/example_dags/example_dag_decorator.py for tasks to queue
[2024-02-25 20:48:06,739] {logging_mixin.py:115} INFO - [2024-02-25 20:48:06,739] {dagbag.py:507} INFO - Filling up the DagBag from /home/sheyla/Documents/Repositórios/airflowalura/venv/lib/python3.9/site-packages/airflow/example_dags/example_dag_decorator.py
[2024-02-25 20:48:06,755] {processor.py:651} INFO - DAG(s) dict_keys(['example_dag_decorator']) retrieved from /home/sheyla/Documents/Repositórios/airflowalura/venv/lib/python3.9/site-packages/airflow/example_dags/example_dag_decorator.py
[2024-02-25 20:48:06,768] {logging_mixin.py:115} INFO - [2024-02-25 20:48:06,768] {dag.py:2379} INFO - Sync 1 DAGs
[2024-02-25 20:48:06,779] {logging_mixin.py:115} INFO - [2024-02-25 20:48:06,779] {dag.py:2927} INFO - Setting next_dagrun for example_dag_decorator to None, run_after=None
[2024-02-25 20:48:06,792] {processor.py:161} INFO - Processing /home/sheyla/Documents/Repositórios/airflowalura/venv/lib/python3.9/site-packages/airflow/example_dags/example_dag_decorator.py took 0.060 seconds
[2024-02-25 20:48:40,625] {processor.py:153} INFO - Started process (PID=1967140) to work on /home/sheyla/Documents/Repositórios/airflowalura/venv/lib/python3.9/site-packages/airflow/example_dags/example_dag_decorator.py
[2024-02-25 20:48:40,630] {processor.py:641} INFO - Processing file /home/sheyla/Documents/Repositórios/airflowalura/venv/lib/python3.9/site-packages/airflow/example_dags/example_dag_decorator.py for tasks to queue
[2024-02-25 20:48:40,631] {logging_mixin.py:115} INFO - [2024-02-25 20:48:40,631] {dagbag.py:507} INFO - Filling up the DagBag from /home/sheyla/Documents/Repositórios/airflowalura/venv/lib/python3.9/site-packages/airflow/example_dags/example_dag_decorator.py
[2024-02-25 20:48:40,659] {processor.py:651} INFO - DAG(s) dict_keys(['example_dag_decorator']) retrieved from /home/sheyla/Documents/Repositórios/airflowalura/venv/lib/python3.9/site-packages/airflow/example_dags/example_dag_decorator.py
[2024-02-25 20:48:40,690] {logging_mixin.py:115} INFO - [2024-02-25 20:48:40,690] {dag.py:2379} INFO - Sync 1 DAGs
[2024-02-25 20:48:40,698] {logging_mixin.py:115} INFO - [2024-02-25 20:48:40,698] {dag.py:2927} INFO - Setting next_dagrun for example_dag_decorator to None, run_after=None
[2024-02-25 20:48:40,717] {processor.py:161} INFO - Processing /home/sheyla/Documents/Repositórios/airflowalura/venv/lib/python3.9/site-packages/airflow/example_dags/example_dag_decorator.py took 0.094 seconds
