[2024-02-25 20:34:04,100] {processor.py:153} INFO - Started process (PID=1957539) to work on /home/sheyla/Documents/Repositórios/airflowalura/venv/lib/python3.9/site-packages/airflow/example_dags/example_xcom.py
[2024-02-25 20:34:04,101] {processor.py:641} INFO - Processing file /home/sheyla/Documents/Repositórios/airflowalura/venv/lib/python3.9/site-packages/airflow/example_dags/example_xcom.py for tasks to queue
[2024-02-25 20:34:04,101] {logging_mixin.py:115} INFO - [2024-02-25 20:34:04,101] {dagbag.py:507} INFO - Filling up the DagBag from /home/sheyla/Documents/Repositórios/airflowalura/venv/lib/python3.9/site-packages/airflow/example_dags/example_xcom.py
[2024-02-25 20:34:04,118] {processor.py:651} INFO - DAG(s) dict_keys(['example_xcom']) retrieved from /home/sheyla/Documents/Repositórios/airflowalura/venv/lib/python3.9/site-packages/airflow/example_dags/example_xcom.py
[2024-02-25 20:34:04,152] {logging_mixin.py:115} INFO - [2024-02-25 20:34:04,152] {dag.py:2379} INFO - Sync 1 DAGs
[2024-02-25 20:34:04,162] {logging_mixin.py:115} INFO - [2024-02-25 20:34:04,162] {dag.py:2927} INFO - Setting next_dagrun for example_xcom to 2021-01-01T00:00:00+00:00, run_after=2021-01-01T00:00:00+00:00
[2024-02-25 20:34:04,180] {processor.py:161} INFO - Processing /home/sheyla/Documents/Repositórios/airflowalura/venv/lib/python3.9/site-packages/airflow/example_dags/example_xcom.py took 0.081 seconds
[2024-02-25 20:34:44,273] {processor.py:153} INFO - Started process (PID=1958020) to work on /home/sheyla/Documents/Repositórios/airflowalura/venv/lib/python3.9/site-packages/airflow/example_dags/example_xcom.py
[2024-02-25 20:34:44,274] {processor.py:641} INFO - Processing file /home/sheyla/Documents/Repositórios/airflowalura/venv/lib/python3.9/site-packages/airflow/example_dags/example_xcom.py for tasks to queue
[2024-02-25 20:34:44,274] {logging_mixin.py:115} INFO - [2024-02-25 20:34:44,274] {dagbag.py:507} INFO - Filling up the DagBag from /home/sheyla/Documents/Repositórios/airflowalura/venv/lib/python3.9/site-packages/airflow/example_dags/example_xcom.py
[2024-02-25 20:34:44,294] {processor.py:651} INFO - DAG(s) dict_keys(['example_xcom']) retrieved from /home/sheyla/Documents/Repositórios/airflowalura/venv/lib/python3.9/site-packages/airflow/example_dags/example_xcom.py
[2024-02-25 20:34:44,331] {logging_mixin.py:115} INFO - [2024-02-25 20:34:44,331] {dag.py:2379} INFO - Sync 1 DAGs
[2024-02-25 20:34:44,340] {logging_mixin.py:115} INFO - [2024-02-25 20:34:44,340] {dag.py:2927} INFO - Setting next_dagrun for example_xcom to 2021-01-01T00:00:00+00:00, run_after=2021-01-01T00:00:00+00:00
[2024-02-25 20:34:44,363] {processor.py:161} INFO - Processing /home/sheyla/Documents/Repositórios/airflowalura/venv/lib/python3.9/site-packages/airflow/example_dags/example_xcom.py took 0.092 seconds
[2024-02-25 20:35:20,342] {processor.py:153} INFO - Started process (PID=1958382) to work on /home/sheyla/Documents/Repositórios/airflowalura/venv/lib/python3.9/site-packages/airflow/example_dags/example_xcom.py
[2024-02-25 20:35:20,348] {processor.py:641} INFO - Processing file /home/sheyla/Documents/Repositórios/airflowalura/venv/lib/python3.9/site-packages/airflow/example_dags/example_xcom.py for tasks to queue
[2024-02-25 20:35:20,350] {logging_mixin.py:115} INFO - [2024-02-25 20:35:20,349] {dagbag.py:507} INFO - Filling up the DagBag from /home/sheyla/Documents/Repositórios/airflowalura/venv/lib/python3.9/site-packages/airflow/example_dags/example_xcom.py
[2024-02-25 20:35:20,381] {processor.py:651} INFO - DAG(s) dict_keys(['example_xcom']) retrieved from /home/sheyla/Documents/Repositórios/airflowalura/venv/lib/python3.9/site-packages/airflow/example_dags/example_xcom.py
[2024-02-25 20:35:20,414] {logging_mixin.py:115} INFO - [2024-02-25 20:35:20,413] {dag.py:2379} INFO - Sync 1 DAGs
[2024-02-25 20:35:20,423] {logging_mixin.py:115} INFO - [2024-02-25 20:35:20,423] {dag.py:2927} INFO - Setting next_dagrun for example_xcom to 2021-01-01T00:00:00+00:00, run_after=2021-01-01T00:00:00+00:00
[2024-02-25 20:35:20,435] {processor.py:161} INFO - Processing /home/sheyla/Documents/Repositórios/airflowalura/venv/lib/python3.9/site-packages/airflow/example_dags/example_xcom.py took 0.100 seconds
[2024-02-25 20:35:57,674] {processor.py:153} INFO - Started process (PID=1958766) to work on /home/sheyla/Documents/Repositórios/airflowalura/venv/lib/python3.9/site-packages/airflow/example_dags/example_xcom.py
[2024-02-25 20:35:57,679] {processor.py:641} INFO - Processing file /home/sheyla/Documents/Repositórios/airflowalura/venv/lib/python3.9/site-packages/airflow/example_dags/example_xcom.py for tasks to queue
[2024-02-25 20:35:57,680] {logging_mixin.py:115} INFO - [2024-02-25 20:35:57,680] {dagbag.py:507} INFO - Filling up the DagBag from /home/sheyla/Documents/Repositórios/airflowalura/venv/lib/python3.9/site-packages/airflow/example_dags/example_xcom.py
[2024-02-25 20:35:57,694] {processor.py:651} INFO - DAG(s) dict_keys(['example_xcom']) retrieved from /home/sheyla/Documents/Repositórios/airflowalura/venv/lib/python3.9/site-packages/airflow/example_dags/example_xcom.py
[2024-02-25 20:35:57,704] {logging_mixin.py:115} INFO - [2024-02-25 20:35:57,704] {dag.py:2379} INFO - Sync 1 DAGs
[2024-02-25 20:35:57,716] {logging_mixin.py:115} INFO - [2024-02-25 20:35:57,716] {dag.py:2927} INFO - Setting next_dagrun for example_xcom to 2021-01-01T00:00:00+00:00, run_after=2021-01-01T00:00:00+00:00
[2024-02-25 20:35:57,734] {processor.py:161} INFO - Processing /home/sheyla/Documents/Repositórios/airflowalura/venv/lib/python3.9/site-packages/airflow/example_dags/example_xcom.py took 0.061 seconds
[2024-02-25 20:36:37,785] {processor.py:153} INFO - Started process (PID=1959201) to work on /home/sheyla/Documents/Repositórios/airflowalura/venv/lib/python3.9/site-packages/airflow/example_dags/example_xcom.py
[2024-02-25 20:36:37,791] {processor.py:641} INFO - Processing file /home/sheyla/Documents/Repositórios/airflowalura/venv/lib/python3.9/site-packages/airflow/example_dags/example_xcom.py for tasks to queue
[2024-02-25 20:36:37,792] {logging_mixin.py:115} INFO - [2024-02-25 20:36:37,792] {dagbag.py:507} INFO - Filling up the DagBag from /home/sheyla/Documents/Repositórios/airflowalura/venv/lib/python3.9/site-packages/airflow/example_dags/example_xcom.py
[2024-02-25 20:36:37,823] {processor.py:651} INFO - DAG(s) dict_keys(['example_xcom']) retrieved from /home/sheyla/Documents/Repositórios/airflowalura/venv/lib/python3.9/site-packages/airflow/example_dags/example_xcom.py
[2024-02-25 20:36:37,854] {logging_mixin.py:115} INFO - [2024-02-25 20:36:37,854] {dag.py:2379} INFO - Sync 1 DAGs
[2024-02-25 20:36:37,862] {logging_mixin.py:115} INFO - [2024-02-25 20:36:37,862] {dag.py:2927} INFO - Setting next_dagrun for example_xcom to 2021-01-01T00:00:00+00:00, run_after=2021-01-01T00:00:00+00:00
[2024-02-25 20:36:37,879] {processor.py:161} INFO - Processing /home/sheyla/Documents/Repositórios/airflowalura/venv/lib/python3.9/site-packages/airflow/example_dags/example_xcom.py took 0.101 seconds
[2024-02-25 20:37:12,953] {processor.py:153} INFO - Started process (PID=1959573) to work on /home/sheyla/Documents/Repositórios/airflowalura/venv/lib/python3.9/site-packages/airflow/example_dags/example_xcom.py
[2024-02-25 20:37:12,958] {processor.py:641} INFO - Processing file /home/sheyla/Documents/Repositórios/airflowalura/venv/lib/python3.9/site-packages/airflow/example_dags/example_xcom.py for tasks to queue
[2024-02-25 20:37:12,959] {logging_mixin.py:115} INFO - [2024-02-25 20:37:12,959] {dagbag.py:507} INFO - Filling up the DagBag from /home/sheyla/Documents/Repositórios/airflowalura/venv/lib/python3.9/site-packages/airflow/example_dags/example_xcom.py
[2024-02-25 20:37:12,975] {processor.py:651} INFO - DAG(s) dict_keys(['example_xcom']) retrieved from /home/sheyla/Documents/Repositórios/airflowalura/venv/lib/python3.9/site-packages/airflow/example_dags/example_xcom.py
[2024-02-25 20:37:13,008] {logging_mixin.py:115} INFO - [2024-02-25 20:37:13,008] {dag.py:2379} INFO - Sync 1 DAGs
[2024-02-25 20:37:13,017] {logging_mixin.py:115} INFO - [2024-02-25 20:37:13,017] {dag.py:2927} INFO - Setting next_dagrun for example_xcom to 2021-01-01T00:00:00+00:00, run_after=2021-01-01T00:00:00+00:00
[2024-02-25 20:37:13,030] {processor.py:161} INFO - Processing /home/sheyla/Documents/Repositórios/airflowalura/venv/lib/python3.9/site-packages/airflow/example_dags/example_xcom.py took 0.081 seconds
[2024-02-25 20:37:49,733] {processor.py:153} INFO - Started process (PID=1959943) to work on /home/sheyla/Documents/Repositórios/airflowalura/venv/lib/python3.9/site-packages/airflow/example_dags/example_xcom.py
[2024-02-25 20:37:49,739] {processor.py:641} INFO - Processing file /home/sheyla/Documents/Repositórios/airflowalura/venv/lib/python3.9/site-packages/airflow/example_dags/example_xcom.py for tasks to queue
[2024-02-25 20:37:49,740] {logging_mixin.py:115} INFO - [2024-02-25 20:37:49,740] {dagbag.py:507} INFO - Filling up the DagBag from /home/sheyla/Documents/Repositórios/airflowalura/venv/lib/python3.9/site-packages/airflow/example_dags/example_xcom.py
[2024-02-25 20:37:49,771] {processor.py:651} INFO - DAG(s) dict_keys(['example_xcom']) retrieved from /home/sheyla/Documents/Repositórios/airflowalura/venv/lib/python3.9/site-packages/airflow/example_dags/example_xcom.py
[2024-02-25 20:37:49,802] {logging_mixin.py:115} INFO - [2024-02-25 20:37:49,802] {dag.py:2379} INFO - Sync 1 DAGs
[2024-02-25 20:37:49,811] {logging_mixin.py:115} INFO - [2024-02-25 20:37:49,811] {dag.py:2927} INFO - Setting next_dagrun for example_xcom to 2021-01-01T00:00:00+00:00, run_after=2021-01-01T00:00:00+00:00
[2024-02-25 20:37:49,830] {processor.py:161} INFO - Processing /home/sheyla/Documents/Repositórios/airflowalura/venv/lib/python3.9/site-packages/airflow/example_dags/example_xcom.py took 0.103 seconds
[2024-02-25 20:38:27,516] {processor.py:153} INFO - Started process (PID=1960324) to work on /home/sheyla/Documents/Repositórios/airflowalura/venv/lib/python3.9/site-packages/airflow/example_dags/example_xcom.py
[2024-02-25 20:38:27,522] {processor.py:641} INFO - Processing file /home/sheyla/Documents/Repositórios/airflowalura/venv/lib/python3.9/site-packages/airflow/example_dags/example_xcom.py for tasks to queue
[2024-02-25 20:38:27,523] {logging_mixin.py:115} INFO - [2024-02-25 20:38:27,523] {dagbag.py:507} INFO - Filling up the DagBag from /home/sheyla/Documents/Repositórios/airflowalura/venv/lib/python3.9/site-packages/airflow/example_dags/example_xcom.py
[2024-02-25 20:38:27,557] {processor.py:651} INFO - DAG(s) dict_keys(['example_xcom']) retrieved from /home/sheyla/Documents/Repositórios/airflowalura/venv/lib/python3.9/site-packages/airflow/example_dags/example_xcom.py
[2024-02-25 20:38:27,588] {logging_mixin.py:115} INFO - [2024-02-25 20:38:27,588] {dag.py:2379} INFO - Sync 1 DAGs
[2024-02-25 20:38:27,597] {logging_mixin.py:115} INFO - [2024-02-25 20:38:27,596] {dag.py:2927} INFO - Setting next_dagrun for example_xcom to 2021-01-01T00:00:00+00:00, run_after=2021-01-01T00:00:00+00:00
[2024-02-25 20:38:27,610] {processor.py:161} INFO - Processing /home/sheyla/Documents/Repositórios/airflowalura/venv/lib/python3.9/site-packages/airflow/example_dags/example_xcom.py took 0.100 seconds
[2024-02-25 20:39:05,275] {processor.py:153} INFO - Started process (PID=1960715) to work on /home/sheyla/Documents/Repositórios/airflowalura/venv/lib/python3.9/site-packages/airflow/example_dags/example_xcom.py
[2024-02-25 20:39:05,281] {processor.py:641} INFO - Processing file /home/sheyla/Documents/Repositórios/airflowalura/venv/lib/python3.9/site-packages/airflow/example_dags/example_xcom.py for tasks to queue
[2024-02-25 20:39:05,282] {logging_mixin.py:115} INFO - [2024-02-25 20:39:05,282] {dagbag.py:507} INFO - Filling up the DagBag from /home/sheyla/Documents/Repositórios/airflowalura/venv/lib/python3.9/site-packages/airflow/example_dags/example_xcom.py
[2024-02-25 20:39:05,314] {processor.py:651} INFO - DAG(s) dict_keys(['example_xcom']) retrieved from /home/sheyla/Documents/Repositórios/airflowalura/venv/lib/python3.9/site-packages/airflow/example_dags/example_xcom.py
[2024-02-25 20:39:05,328] {logging_mixin.py:115} INFO - [2024-02-25 20:39:05,328] {dag.py:2379} INFO - Sync 1 DAGs
[2024-02-25 20:39:05,339] {logging_mixin.py:115} INFO - [2024-02-25 20:39:05,339] {dag.py:2927} INFO - Setting next_dagrun for example_xcom to 2021-01-01T00:00:00+00:00, run_after=2021-01-01T00:00:00+00:00
[2024-02-25 20:39:05,350] {processor.py:161} INFO - Processing /home/sheyla/Documents/Repositórios/airflowalura/venv/lib/python3.9/site-packages/airflow/example_dags/example_xcom.py took 0.081 seconds
[2024-02-25 20:39:46,448] {processor.py:153} INFO - Started process (PID=1961138) to work on /home/sheyla/Documents/Repositórios/airflowalura/venv/lib/python3.9/site-packages/airflow/example_dags/example_xcom.py
[2024-02-25 20:39:46,453] {processor.py:641} INFO - Processing file /home/sheyla/Documents/Repositórios/airflowalura/venv/lib/python3.9/site-packages/airflow/example_dags/example_xcom.py for tasks to queue
[2024-02-25 20:39:46,454] {logging_mixin.py:115} INFO - [2024-02-25 20:39:46,454] {dagbag.py:507} INFO - Filling up the DagBag from /home/sheyla/Documents/Repositórios/airflowalura/venv/lib/python3.9/site-packages/airflow/example_dags/example_xcom.py
[2024-02-25 20:39:46,468] {processor.py:651} INFO - DAG(s) dict_keys(['example_xcom']) retrieved from /home/sheyla/Documents/Repositórios/airflowalura/venv/lib/python3.9/site-packages/airflow/example_dags/example_xcom.py
[2024-02-25 20:39:46,480] {logging_mixin.py:115} INFO - [2024-02-25 20:39:46,480] {dag.py:2379} INFO - Sync 1 DAGs
[2024-02-25 20:39:46,491] {logging_mixin.py:115} INFO - [2024-02-25 20:39:46,491] {dag.py:2927} INFO - Setting next_dagrun for example_xcom to 2021-01-01T00:00:00+00:00, run_after=2021-01-01T00:00:00+00:00
[2024-02-25 20:39:46,502] {processor.py:161} INFO - Processing /home/sheyla/Documents/Repositórios/airflowalura/venv/lib/python3.9/site-packages/airflow/example_dags/example_xcom.py took 0.057 seconds
[2024-02-25 20:40:21,331] {processor.py:153} INFO - Started process (PID=1961506) to work on /home/sheyla/Documents/Repositórios/airflowalura/venv/lib/python3.9/site-packages/airflow/example_dags/example_xcom.py
[2024-02-25 20:40:21,334] {processor.py:641} INFO - Processing file /home/sheyla/Documents/Repositórios/airflowalura/venv/lib/python3.9/site-packages/airflow/example_dags/example_xcom.py for tasks to queue
[2024-02-25 20:40:21,334] {logging_mixin.py:115} INFO - [2024-02-25 20:40:21,334] {dagbag.py:507} INFO - Filling up the DagBag from /home/sheyla/Documents/Repositórios/airflowalura/venv/lib/python3.9/site-packages/airflow/example_dags/example_xcom.py
[2024-02-25 20:40:21,355] {processor.py:651} INFO - DAG(s) dict_keys(['example_xcom']) retrieved from /home/sheyla/Documents/Repositórios/airflowalura/venv/lib/python3.9/site-packages/airflow/example_dags/example_xcom.py
[2024-02-25 20:40:21,385] {logging_mixin.py:115} INFO - [2024-02-25 20:40:21,385] {dag.py:2379} INFO - Sync 1 DAGs
[2024-02-25 20:40:21,394] {logging_mixin.py:115} INFO - [2024-02-25 20:40:21,394] {dag.py:2927} INFO - Setting next_dagrun for example_xcom to 2021-01-01T00:00:00+00:00, run_after=2021-01-01T00:00:00+00:00
[2024-02-25 20:40:21,407] {processor.py:161} INFO - Processing /home/sheyla/Documents/Repositórios/airflowalura/venv/lib/python3.9/site-packages/airflow/example_dags/example_xcom.py took 0.079 seconds
[2024-02-25 20:41:00,181] {processor.py:153} INFO - Started process (PID=1961902) to work on /home/sheyla/Documents/Repositórios/airflowalura/venv/lib/python3.9/site-packages/airflow/example_dags/example_xcom.py
[2024-02-25 20:41:00,188] {processor.py:641} INFO - Processing file /home/sheyla/Documents/Repositórios/airflowalura/venv/lib/python3.9/site-packages/airflow/example_dags/example_xcom.py for tasks to queue
[2024-02-25 20:41:00,189] {logging_mixin.py:115} INFO - [2024-02-25 20:41:00,189] {dagbag.py:507} INFO - Filling up the DagBag from /home/sheyla/Documents/Repositórios/airflowalura/venv/lib/python3.9/site-packages/airflow/example_dags/example_xcom.py
[2024-02-25 20:41:00,210] {processor.py:651} INFO - DAG(s) dict_keys(['example_xcom']) retrieved from /home/sheyla/Documents/Repositórios/airflowalura/venv/lib/python3.9/site-packages/airflow/example_dags/example_xcom.py
[2024-02-25 20:41:00,224] {logging_mixin.py:115} INFO - [2024-02-25 20:41:00,223] {dag.py:2379} INFO - Sync 1 DAGs
[2024-02-25 20:41:00,235] {logging_mixin.py:115} INFO - [2024-02-25 20:41:00,235] {dag.py:2927} INFO - Setting next_dagrun for example_xcom to 2021-01-01T00:00:00+00:00, run_after=2021-01-01T00:00:00+00:00
[2024-02-25 20:41:00,252] {processor.py:161} INFO - Processing /home/sheyla/Documents/Repositórios/airflowalura/venv/lib/python3.9/site-packages/airflow/example_dags/example_xcom.py took 0.077 seconds
[2024-02-25 20:41:35,744] {processor.py:153} INFO - Started process (PID=1962294) to work on /home/sheyla/Documents/Repositórios/airflowalura/venv/lib/python3.9/site-packages/airflow/example_dags/example_xcom.py
[2024-02-25 20:41:35,750] {processor.py:641} INFO - Processing file /home/sheyla/Documents/Repositórios/airflowalura/venv/lib/python3.9/site-packages/airflow/example_dags/example_xcom.py for tasks to queue
[2024-02-25 20:41:35,752] {logging_mixin.py:115} INFO - [2024-02-25 20:41:35,752] {dagbag.py:507} INFO - Filling up the DagBag from /home/sheyla/Documents/Repositórios/airflowalura/venv/lib/python3.9/site-packages/airflow/example_dags/example_xcom.py
[2024-02-25 20:41:35,785] {processor.py:651} INFO - DAG(s) dict_keys(['example_xcom']) retrieved from /home/sheyla/Documents/Repositórios/airflowalura/venv/lib/python3.9/site-packages/airflow/example_dags/example_xcom.py
[2024-02-25 20:41:35,798] {logging_mixin.py:115} INFO - [2024-02-25 20:41:35,798] {dag.py:2379} INFO - Sync 1 DAGs
[2024-02-25 20:41:35,809] {logging_mixin.py:115} INFO - [2024-02-25 20:41:35,809] {dag.py:2927} INFO - Setting next_dagrun for example_xcom to 2021-01-01T00:00:00+00:00, run_after=2021-01-01T00:00:00+00:00
[2024-02-25 20:41:35,822] {processor.py:161} INFO - Processing /home/sheyla/Documents/Repositórios/airflowalura/venv/lib/python3.9/site-packages/airflow/example_dags/example_xcom.py took 0.084 seconds
[2024-02-25 20:42:16,976] {processor.py:153} INFO - Started process (PID=1962718) to work on /home/sheyla/Documents/Repositórios/airflowalura/venv/lib/python3.9/site-packages/airflow/example_dags/example_xcom.py
[2024-02-25 20:42:16,981] {processor.py:641} INFO - Processing file /home/sheyla/Documents/Repositórios/airflowalura/venv/lib/python3.9/site-packages/airflow/example_dags/example_xcom.py for tasks to queue
[2024-02-25 20:42:16,982] {logging_mixin.py:115} INFO - [2024-02-25 20:42:16,982] {dagbag.py:507} INFO - Filling up the DagBag from /home/sheyla/Documents/Repositórios/airflowalura/venv/lib/python3.9/site-packages/airflow/example_dags/example_xcom.py
[2024-02-25 20:42:17,000] {processor.py:651} INFO - DAG(s) dict_keys(['example_xcom']) retrieved from /home/sheyla/Documents/Repositórios/airflowalura/venv/lib/python3.9/site-packages/airflow/example_dags/example_xcom.py
[2024-02-25 20:42:17,036] {logging_mixin.py:115} INFO - [2024-02-25 20:42:17,036] {dag.py:2379} INFO - Sync 1 DAGs
[2024-02-25 20:42:17,045] {logging_mixin.py:115} INFO - [2024-02-25 20:42:17,045] {dag.py:2927} INFO - Setting next_dagrun for example_xcom to 2021-01-01T00:00:00+00:00, run_after=2021-01-01T00:00:00+00:00
[2024-02-25 20:42:17,063] {processor.py:161} INFO - Processing /home/sheyla/Documents/Repositórios/airflowalura/venv/lib/python3.9/site-packages/airflow/example_dags/example_xcom.py took 0.090 seconds
[2024-02-25 20:42:53,214] {processor.py:153} INFO - Started process (PID=1963098) to work on /home/sheyla/Documents/Repositórios/airflowalura/venv/lib/python3.9/site-packages/airflow/example_dags/example_xcom.py
[2024-02-25 20:42:53,215] {processor.py:641} INFO - Processing file /home/sheyla/Documents/Repositórios/airflowalura/venv/lib/python3.9/site-packages/airflow/example_dags/example_xcom.py for tasks to queue
[2024-02-25 20:42:53,217] {logging_mixin.py:115} INFO - [2024-02-25 20:42:53,216] {dagbag.py:507} INFO - Filling up the DagBag from /home/sheyla/Documents/Repositórios/airflowalura/venv/lib/python3.9/site-packages/airflow/example_dags/example_xcom.py
[2024-02-25 20:42:53,243] {processor.py:651} INFO - DAG(s) dict_keys(['example_xcom']) retrieved from /home/sheyla/Documents/Repositórios/airflowalura/venv/lib/python3.9/site-packages/airflow/example_dags/example_xcom.py
[2024-02-25 20:42:53,256] {logging_mixin.py:115} INFO - [2024-02-25 20:42:53,256] {dag.py:2379} INFO - Sync 1 DAGs
[2024-02-25 20:42:53,267] {logging_mixin.py:115} INFO - [2024-02-25 20:42:53,267] {dag.py:2927} INFO - Setting next_dagrun for example_xcom to 2021-01-01T00:00:00+00:00, run_after=2021-01-01T00:00:00+00:00
[2024-02-25 20:42:53,278] {processor.py:161} INFO - Processing /home/sheyla/Documents/Repositórios/airflowalura/venv/lib/python3.9/site-packages/airflow/example_dags/example_xcom.py took 0.071 seconds
[2024-02-25 20:43:30,448] {processor.py:153} INFO - Started process (PID=1963470) to work on /home/sheyla/Documents/Repositórios/airflowalura/venv/lib/python3.9/site-packages/airflow/example_dags/example_xcom.py
[2024-02-25 20:43:30,449] {processor.py:641} INFO - Processing file /home/sheyla/Documents/Repositórios/airflowalura/venv/lib/python3.9/site-packages/airflow/example_dags/example_xcom.py for tasks to queue
[2024-02-25 20:43:30,449] {logging_mixin.py:115} INFO - [2024-02-25 20:43:30,449] {dagbag.py:507} INFO - Filling up the DagBag from /home/sheyla/Documents/Repositórios/airflowalura/venv/lib/python3.9/site-packages/airflow/example_dags/example_xcom.py
[2024-02-25 20:43:30,468] {processor.py:651} INFO - DAG(s) dict_keys(['example_xcom']) retrieved from /home/sheyla/Documents/Repositórios/airflowalura/venv/lib/python3.9/site-packages/airflow/example_dags/example_xcom.py
[2024-02-25 20:43:30,498] {logging_mixin.py:115} INFO - [2024-02-25 20:43:30,498] {dag.py:2379} INFO - Sync 1 DAGs
[2024-02-25 20:43:30,507] {logging_mixin.py:115} INFO - [2024-02-25 20:43:30,507] {dag.py:2927} INFO - Setting next_dagrun for example_xcom to 2021-01-01T00:00:00+00:00, run_after=2021-01-01T00:00:00+00:00
[2024-02-25 20:43:30,526] {processor.py:161} INFO - Processing /home/sheyla/Documents/Repositórios/airflowalura/venv/lib/python3.9/site-packages/airflow/example_dags/example_xcom.py took 0.082 seconds
[2024-02-25 20:44:08,948] {processor.py:153} INFO - Started process (PID=1963868) to work on /home/sheyla/Documents/Repositórios/airflowalura/venv/lib/python3.9/site-packages/airflow/example_dags/example_xcom.py
[2024-02-25 20:44:08,953] {processor.py:641} INFO - Processing file /home/sheyla/Documents/Repositórios/airflowalura/venv/lib/python3.9/site-packages/airflow/example_dags/example_xcom.py for tasks to queue
[2024-02-25 20:44:08,954] {logging_mixin.py:115} INFO - [2024-02-25 20:44:08,954] {dagbag.py:507} INFO - Filling up the DagBag from /home/sheyla/Documents/Repositórios/airflowalura/venv/lib/python3.9/site-packages/airflow/example_dags/example_xcom.py
[2024-02-25 20:44:08,973] {processor.py:651} INFO - DAG(s) dict_keys(['example_xcom']) retrieved from /home/sheyla/Documents/Repositórios/airflowalura/venv/lib/python3.9/site-packages/airflow/example_dags/example_xcom.py
[2024-02-25 20:44:08,989] {logging_mixin.py:115} INFO - [2024-02-25 20:44:08,989] {dag.py:2379} INFO - Sync 1 DAGs
[2024-02-25 20:44:09,000] {logging_mixin.py:115} INFO - [2024-02-25 20:44:09,000] {dag.py:2927} INFO - Setting next_dagrun for example_xcom to 2021-01-01T00:00:00+00:00, run_after=2021-01-01T00:00:00+00:00
[2024-02-25 20:44:09,012] {processor.py:161} INFO - Processing /home/sheyla/Documents/Repositórios/airflowalura/venv/lib/python3.9/site-packages/airflow/example_dags/example_xcom.py took 0.066 seconds
[2024-02-25 20:44:44,754] {processor.py:153} INFO - Started process (PID=1964233) to work on /home/sheyla/Documents/Repositórios/airflowalura/venv/lib/python3.9/site-packages/airflow/example_dags/example_xcom.py
[2024-02-25 20:44:44,759] {processor.py:641} INFO - Processing file /home/sheyla/Documents/Repositórios/airflowalura/venv/lib/python3.9/site-packages/airflow/example_dags/example_xcom.py for tasks to queue
[2024-02-25 20:44:44,760] {logging_mixin.py:115} INFO - [2024-02-25 20:44:44,760] {dagbag.py:507} INFO - Filling up the DagBag from /home/sheyla/Documents/Repositórios/airflowalura/venv/lib/python3.9/site-packages/airflow/example_dags/example_xcom.py
[2024-02-25 20:44:44,782] {processor.py:651} INFO - DAG(s) dict_keys(['example_xcom']) retrieved from /home/sheyla/Documents/Repositórios/airflowalura/venv/lib/python3.9/site-packages/airflow/example_dags/example_xcom.py
[2024-02-25 20:44:44,797] {logging_mixin.py:115} INFO - [2024-02-25 20:44:44,797] {dag.py:2379} INFO - Sync 1 DAGs
[2024-02-25 20:44:44,807] {logging_mixin.py:115} INFO - [2024-02-25 20:44:44,807] {dag.py:2927} INFO - Setting next_dagrun for example_xcom to 2021-01-01T00:00:00+00:00, run_after=2021-01-01T00:00:00+00:00
[2024-02-25 20:44:44,826] {processor.py:161} INFO - Processing /home/sheyla/Documents/Repositórios/airflowalura/venv/lib/python3.9/site-packages/airflow/example_dags/example_xcom.py took 0.075 seconds
[2024-02-25 20:45:20,845] {processor.py:153} INFO - Started process (PID=1964610) to work on /home/sheyla/Documents/Repositórios/airflowalura/venv/lib/python3.9/site-packages/airflow/example_dags/example_xcom.py
[2024-02-25 20:45:20,852] {processor.py:641} INFO - Processing file /home/sheyla/Documents/Repositórios/airflowalura/venv/lib/python3.9/site-packages/airflow/example_dags/example_xcom.py for tasks to queue
[2024-02-25 20:45:20,853] {logging_mixin.py:115} INFO - [2024-02-25 20:45:20,853] {dagbag.py:507} INFO - Filling up the DagBag from /home/sheyla/Documents/Repositórios/airflowalura/venv/lib/python3.9/site-packages/airflow/example_dags/example_xcom.py
[2024-02-25 20:45:20,884] {processor.py:651} INFO - DAG(s) dict_keys(['example_xcom']) retrieved from /home/sheyla/Documents/Repositórios/airflowalura/venv/lib/python3.9/site-packages/airflow/example_dags/example_xcom.py
[2024-02-25 20:45:20,898] {logging_mixin.py:115} INFO - [2024-02-25 20:45:20,898] {dag.py:2379} INFO - Sync 1 DAGs
[2024-02-25 20:45:20,909] {logging_mixin.py:115} INFO - [2024-02-25 20:45:20,909] {dag.py:2927} INFO - Setting next_dagrun for example_xcom to 2021-01-01T00:00:00+00:00, run_after=2021-01-01T00:00:00+00:00
[2024-02-25 20:45:20,921] {processor.py:161} INFO - Processing /home/sheyla/Documents/Repositórios/airflowalura/venv/lib/python3.9/site-packages/airflow/example_dags/example_xcom.py took 0.082 seconds
[2024-02-25 20:45:58,576] {processor.py:153} INFO - Started process (PID=1964998) to work on /home/sheyla/Documents/Repositórios/airflowalura/venv/lib/python3.9/site-packages/airflow/example_dags/example_xcom.py
[2024-02-25 20:45:58,582] {processor.py:641} INFO - Processing file /home/sheyla/Documents/Repositórios/airflowalura/venv/lib/python3.9/site-packages/airflow/example_dags/example_xcom.py for tasks to queue
[2024-02-25 20:45:58,583] {logging_mixin.py:115} INFO - [2024-02-25 20:45:58,583] {dagbag.py:507} INFO - Filling up the DagBag from /home/sheyla/Documents/Repositórios/airflowalura/venv/lib/python3.9/site-packages/airflow/example_dags/example_xcom.py
[2024-02-25 20:45:58,621] {processor.py:651} INFO - DAG(s) dict_keys(['example_xcom']) retrieved from /home/sheyla/Documents/Repositórios/airflowalura/venv/lib/python3.9/site-packages/airflow/example_dags/example_xcom.py
[2024-02-25 20:45:58,636] {logging_mixin.py:115} INFO - [2024-02-25 20:45:58,636] {dag.py:2379} INFO - Sync 1 DAGs
[2024-02-25 20:45:58,646] {logging_mixin.py:115} INFO - [2024-02-25 20:45:58,646] {dag.py:2927} INFO - Setting next_dagrun for example_xcom to 2021-01-01T00:00:00+00:00, run_after=2021-01-01T00:00:00+00:00
[2024-02-25 20:45:58,664] {processor.py:161} INFO - Processing /home/sheyla/Documents/Repositórios/airflowalura/venv/lib/python3.9/site-packages/airflow/example_dags/example_xcom.py took 0.090 seconds
[2024-02-25 20:46:42,151] {processor.py:153} INFO - Started process (PID=1965460) to work on /home/sheyla/Documents/Repositórios/airflowalura/venv/lib/python3.9/site-packages/airflow/example_dags/example_xcom.py
[2024-02-25 20:46:42,157] {processor.py:641} INFO - Processing file /home/sheyla/Documents/Repositórios/airflowalura/venv/lib/python3.9/site-packages/airflow/example_dags/example_xcom.py for tasks to queue
[2024-02-25 20:46:42,159] {logging_mixin.py:115} INFO - [2024-02-25 20:46:42,158] {dagbag.py:507} INFO - Filling up the DagBag from /home/sheyla/Documents/Repositórios/airflowalura/venv/lib/python3.9/site-packages/airflow/example_dags/example_xcom.py
[2024-02-25 20:46:42,192] {processor.py:651} INFO - DAG(s) dict_keys(['example_xcom']) retrieved from /home/sheyla/Documents/Repositórios/airflowalura/venv/lib/python3.9/site-packages/airflow/example_dags/example_xcom.py
[2024-02-25 20:46:42,206] {logging_mixin.py:115} INFO - [2024-02-25 20:46:42,206] {dag.py:2379} INFO - Sync 1 DAGs
[2024-02-25 20:46:42,218] {logging_mixin.py:115} INFO - [2024-02-25 20:46:42,218] {dag.py:2927} INFO - Setting next_dagrun for example_xcom to 2021-01-01T00:00:00+00:00, run_after=2021-01-01T00:00:00+00:00
[2024-02-25 20:46:42,233] {processor.py:161} INFO - Processing /home/sheyla/Documents/Repositórios/airflowalura/venv/lib/python3.9/site-packages/airflow/example_dags/example_xcom.py took 0.088 seconds
[2024-02-25 20:47:20,985] {processor.py:153} INFO - Started process (PID=1966009) to work on /home/sheyla/Documents/Repositórios/airflowalura/venv/lib/python3.9/site-packages/airflow/example_dags/example_xcom.py
[2024-02-25 20:47:20,991] {processor.py:641} INFO - Processing file /home/sheyla/Documents/Repositórios/airflowalura/venv/lib/python3.9/site-packages/airflow/example_dags/example_xcom.py for tasks to queue
[2024-02-25 20:47:20,993] {logging_mixin.py:115} INFO - [2024-02-25 20:47:20,992] {dagbag.py:507} INFO - Filling up the DagBag from /home/sheyla/Documents/Repositórios/airflowalura/venv/lib/python3.9/site-packages/airflow/example_dags/example_xcom.py
[2024-02-25 20:47:21,025] {processor.py:651} INFO - DAG(s) dict_keys(['example_xcom']) retrieved from /home/sheyla/Documents/Repositórios/airflowalura/venv/lib/python3.9/site-packages/airflow/example_dags/example_xcom.py
[2024-02-25 20:47:21,039] {logging_mixin.py:115} INFO - [2024-02-25 20:47:21,039] {dag.py:2379} INFO - Sync 1 DAGs
[2024-02-25 20:47:21,050] {logging_mixin.py:115} INFO - [2024-02-25 20:47:21,050] {dag.py:2927} INFO - Setting next_dagrun for example_xcom to 2021-01-01T00:00:00+00:00, run_after=2021-01-01T00:00:00+00:00
[2024-02-25 20:47:21,069] {processor.py:161} INFO - Processing /home/sheyla/Documents/Repositórios/airflowalura/venv/lib/python3.9/site-packages/airflow/example_dags/example_xcom.py took 0.090 seconds
[2024-02-25 20:48:02,178] {processor.py:153} INFO - Started process (PID=1966636) to work on /home/sheyla/Documents/Repositórios/airflowalura/venv/lib/python3.9/site-packages/airflow/example_dags/example_xcom.py
[2024-02-25 20:48:02,184] {processor.py:641} INFO - Processing file /home/sheyla/Documents/Repositórios/airflowalura/venv/lib/python3.9/site-packages/airflow/example_dags/example_xcom.py for tasks to queue
[2024-02-25 20:48:02,185] {logging_mixin.py:115} INFO - [2024-02-25 20:48:02,185] {dagbag.py:507} INFO - Filling up the DagBag from /home/sheyla/Documents/Repositórios/airflowalura/venv/lib/python3.9/site-packages/airflow/example_dags/example_xcom.py
[2024-02-25 20:48:02,221] {processor.py:651} INFO - DAG(s) dict_keys(['example_xcom']) retrieved from /home/sheyla/Documents/Repositórios/airflowalura/venv/lib/python3.9/site-packages/airflow/example_dags/example_xcom.py
[2024-02-25 20:48:02,236] {logging_mixin.py:115} INFO - [2024-02-25 20:48:02,236] {dag.py:2379} INFO - Sync 1 DAGs
[2024-02-25 20:48:02,249] {logging_mixin.py:115} INFO - [2024-02-25 20:48:02,248] {dag.py:2927} INFO - Setting next_dagrun for example_xcom to 2021-01-01T00:00:00+00:00, run_after=2021-01-01T00:00:00+00:00
[2024-02-25 20:48:02,261] {processor.py:161} INFO - Processing /home/sheyla/Documents/Repositórios/airflowalura/venv/lib/python3.9/site-packages/airflow/example_dags/example_xcom.py took 0.087 seconds
