[2024-02-25 20:33:54,180] {processor.py:153} INFO - Started process (PID=1957441) to work on /home/sheyla/Documents/Repositórios/airflowalura/venv/lib/python3.9/site-packages/airflow/example_dags/example_python_operator.py
[2024-02-25 20:33:54,180] {processor.py:641} INFO - Processing file /home/sheyla/Documents/Repositórios/airflowalura/venv/lib/python3.9/site-packages/airflow/example_dags/example_python_operator.py for tasks to queue
[2024-02-25 20:33:54,180] {logging_mixin.py:115} INFO - [2024-02-25 20:33:54,180] {dagbag.py:507} INFO - Filling up the DagBag from /home/sheyla/Documents/Repositórios/airflowalura/venv/lib/python3.9/site-packages/airflow/example_dags/example_python_operator.py
[2024-02-25 20:33:54,196] {logging_mixin.py:115} INFO - [2024-02-25 20:33:54,196] {example_python_operator.py:68} WARNING - The virtalenv_python example task requires virtualenv, please install it.
[2024-02-25 20:33:54,196] {processor.py:651} INFO - DAG(s) dict_keys(['example_python_operator']) retrieved from /home/sheyla/Documents/Repositórios/airflowalura/venv/lib/python3.9/site-packages/airflow/example_dags/example_python_operator.py
[2024-02-25 20:33:54,207] {logging_mixin.py:115} INFO - [2024-02-25 20:33:54,207] {dag.py:2379} INFO - Sync 1 DAGs
[2024-02-25 20:33:54,220] {logging_mixin.py:115} INFO - [2024-02-25 20:33:54,220] {dag.py:2927} INFO - Setting next_dagrun for example_python_operator to None, run_after=None
[2024-02-25 20:33:54,240] {processor.py:161} INFO - Processing /home/sheyla/Documents/Repositórios/airflowalura/venv/lib/python3.9/site-packages/airflow/example_dags/example_python_operator.py took 0.063 seconds
[2024-02-25 20:34:32,272] {processor.py:153} INFO - Started process (PID=1957891) to work on /home/sheyla/Documents/Repositórios/airflowalura/venv/lib/python3.9/site-packages/airflow/example_dags/example_python_operator.py
[2024-02-25 20:34:32,272] {processor.py:641} INFO - Processing file /home/sheyla/Documents/Repositórios/airflowalura/venv/lib/python3.9/site-packages/airflow/example_dags/example_python_operator.py for tasks to queue
[2024-02-25 20:34:32,273] {logging_mixin.py:115} INFO - [2024-02-25 20:34:32,273] {dagbag.py:507} INFO - Filling up the DagBag from /home/sheyla/Documents/Repositórios/airflowalura/venv/lib/python3.9/site-packages/airflow/example_dags/example_python_operator.py
[2024-02-25 20:34:32,287] {logging_mixin.py:115} INFO - [2024-02-25 20:34:32,287] {example_python_operator.py:68} WARNING - The virtalenv_python example task requires virtualenv, please install it.
[2024-02-25 20:34:32,287] {processor.py:651} INFO - DAG(s) dict_keys(['example_python_operator']) retrieved from /home/sheyla/Documents/Repositórios/airflowalura/venv/lib/python3.9/site-packages/airflow/example_dags/example_python_operator.py
[2024-02-25 20:34:32,302] {logging_mixin.py:115} INFO - [2024-02-25 20:34:32,302] {dag.py:2379} INFO - Sync 1 DAGs
[2024-02-25 20:34:32,318] {logging_mixin.py:115} INFO - [2024-02-25 20:34:32,318] {dag.py:2927} INFO - Setting next_dagrun for example_python_operator to None, run_after=None
[2024-02-25 20:34:32,332] {processor.py:161} INFO - Processing /home/sheyla/Documents/Repositórios/airflowalura/venv/lib/python3.9/site-packages/airflow/example_dags/example_python_operator.py took 0.062 seconds
[2024-02-25 20:35:07,384] {processor.py:153} INFO - Started process (PID=1958248) to work on /home/sheyla/Documents/Repositórios/airflowalura/venv/lib/python3.9/site-packages/airflow/example_dags/example_python_operator.py
[2024-02-25 20:35:07,389] {processor.py:641} INFO - Processing file /home/sheyla/Documents/Repositórios/airflowalura/venv/lib/python3.9/site-packages/airflow/example_dags/example_python_operator.py for tasks to queue
[2024-02-25 20:35:07,390] {logging_mixin.py:115} INFO - [2024-02-25 20:35:07,390] {dagbag.py:507} INFO - Filling up the DagBag from /home/sheyla/Documents/Repositórios/airflowalura/venv/lib/python3.9/site-packages/airflow/example_dags/example_python_operator.py
[2024-02-25 20:35:07,410] {logging_mixin.py:115} INFO - [2024-02-25 20:35:07,410] {example_python_operator.py:68} WARNING - The virtalenv_python example task requires virtualenv, please install it.
[2024-02-25 20:35:07,411] {processor.py:651} INFO - DAG(s) dict_keys(['example_python_operator']) retrieved from /home/sheyla/Documents/Repositórios/airflowalura/venv/lib/python3.9/site-packages/airflow/example_dags/example_python_operator.py
[2024-02-25 20:35:07,422] {logging_mixin.py:115} INFO - [2024-02-25 20:35:07,422] {dag.py:2379} INFO - Sync 1 DAGs
[2024-02-25 20:35:07,435] {logging_mixin.py:115} INFO - [2024-02-25 20:35:07,435] {dag.py:2927} INFO - Setting next_dagrun for example_python_operator to None, run_after=None
[2024-02-25 20:35:07,447] {processor.py:161} INFO - Processing /home/sheyla/Documents/Repositórios/airflowalura/venv/lib/python3.9/site-packages/airflow/example_dags/example_python_operator.py took 0.069 seconds
[2024-02-25 20:35:45,693] {processor.py:153} INFO - Started process (PID=1958643) to work on /home/sheyla/Documents/Repositórios/airflowalura/venv/lib/python3.9/site-packages/airflow/example_dags/example_python_operator.py
[2024-02-25 20:35:45,698] {processor.py:641} INFO - Processing file /home/sheyla/Documents/Repositórios/airflowalura/venv/lib/python3.9/site-packages/airflow/example_dags/example_python_operator.py for tasks to queue
[2024-02-25 20:35:45,699] {logging_mixin.py:115} INFO - [2024-02-25 20:35:45,699] {dagbag.py:507} INFO - Filling up the DagBag from /home/sheyla/Documents/Repositórios/airflowalura/venv/lib/python3.9/site-packages/airflow/example_dags/example_python_operator.py
[2024-02-25 20:35:45,719] {logging_mixin.py:115} INFO - [2024-02-25 20:35:45,719] {example_python_operator.py:68} WARNING - The virtalenv_python example task requires virtualenv, please install it.
[2024-02-25 20:35:45,720] {processor.py:651} INFO - DAG(s) dict_keys(['example_python_operator']) retrieved from /home/sheyla/Documents/Repositórios/airflowalura/venv/lib/python3.9/site-packages/airflow/example_dags/example_python_operator.py
[2024-02-25 20:35:45,732] {logging_mixin.py:115} INFO - [2024-02-25 20:35:45,732] {dag.py:2379} INFO - Sync 1 DAGs
[2024-02-25 20:35:45,744] {logging_mixin.py:115} INFO - [2024-02-25 20:35:45,744] {dag.py:2927} INFO - Setting next_dagrun for example_python_operator to None, run_after=None
[2024-02-25 20:35:45,757] {processor.py:161} INFO - Processing /home/sheyla/Documents/Repositórios/airflowalura/venv/lib/python3.9/site-packages/airflow/example_dags/example_python_operator.py took 0.068 seconds
[2024-02-25 20:36:21,549] {processor.py:153} INFO - Started process (PID=1959011) to work on /home/sheyla/Documents/Repositórios/airflowalura/venv/lib/python3.9/site-packages/airflow/example_dags/example_python_operator.py
[2024-02-25 20:36:21,550] {processor.py:641} INFO - Processing file /home/sheyla/Documents/Repositórios/airflowalura/venv/lib/python3.9/site-packages/airflow/example_dags/example_python_operator.py for tasks to queue
[2024-02-25 20:36:21,551] {logging_mixin.py:115} INFO - [2024-02-25 20:36:21,551] {dagbag.py:507} INFO - Filling up the DagBag from /home/sheyla/Documents/Repositórios/airflowalura/venv/lib/python3.9/site-packages/airflow/example_dags/example_python_operator.py
[2024-02-25 20:36:21,564] {logging_mixin.py:115} INFO - [2024-02-25 20:36:21,564] {example_python_operator.py:68} WARNING - The virtalenv_python example task requires virtualenv, please install it.
[2024-02-25 20:36:21,565] {processor.py:651} INFO - DAG(s) dict_keys(['example_python_operator']) retrieved from /home/sheyla/Documents/Repositórios/airflowalura/venv/lib/python3.9/site-packages/airflow/example_dags/example_python_operator.py
[2024-02-25 20:36:21,576] {logging_mixin.py:115} INFO - [2024-02-25 20:36:21,576] {dag.py:2379} INFO - Sync 1 DAGs
[2024-02-25 20:36:21,588] {logging_mixin.py:115} INFO - [2024-02-25 20:36:21,588] {dag.py:2927} INFO - Setting next_dagrun for example_python_operator to None, run_after=None
[2024-02-25 20:36:21,599] {processor.py:161} INFO - Processing /home/sheyla/Documents/Repositórios/airflowalura/venv/lib/python3.9/site-packages/airflow/example_dags/example_python_operator.py took 0.052 seconds
[2024-02-25 20:36:58,819] {processor.py:153} INFO - Started process (PID=1959425) to work on /home/sheyla/Documents/Repositórios/airflowalura/venv/lib/python3.9/site-packages/airflow/example_dags/example_python_operator.py
[2024-02-25 20:36:58,824] {processor.py:641} INFO - Processing file /home/sheyla/Documents/Repositórios/airflowalura/venv/lib/python3.9/site-packages/airflow/example_dags/example_python_operator.py for tasks to queue
[2024-02-25 20:36:58,825] {logging_mixin.py:115} INFO - [2024-02-25 20:36:58,825] {dagbag.py:507} INFO - Filling up the DagBag from /home/sheyla/Documents/Repositórios/airflowalura/venv/lib/python3.9/site-packages/airflow/example_dags/example_python_operator.py
[2024-02-25 20:36:58,838] {logging_mixin.py:115} INFO - [2024-02-25 20:36:58,838] {example_python_operator.py:68} WARNING - The virtalenv_python example task requires virtualenv, please install it.
[2024-02-25 20:36:58,839] {processor.py:651} INFO - DAG(s) dict_keys(['example_python_operator']) retrieved from /home/sheyla/Documents/Repositórios/airflowalura/venv/lib/python3.9/site-packages/airflow/example_dags/example_python_operator.py
[2024-02-25 20:36:58,850] {logging_mixin.py:115} INFO - [2024-02-25 20:36:58,850] {dag.py:2379} INFO - Sync 1 DAGs
[2024-02-25 20:36:58,862] {logging_mixin.py:115} INFO - [2024-02-25 20:36:58,862] {dag.py:2927} INFO - Setting next_dagrun for example_python_operator to None, run_after=None
[2024-02-25 20:36:58,875] {processor.py:161} INFO - Processing /home/sheyla/Documents/Repositórios/airflowalura/venv/lib/python3.9/site-packages/airflow/example_dags/example_python_operator.py took 0.058 seconds
[2024-02-25 20:37:37,704] {processor.py:153} INFO - Started process (PID=1959814) to work on /home/sheyla/Documents/Repositórios/airflowalura/venv/lib/python3.9/site-packages/airflow/example_dags/example_python_operator.py
[2024-02-25 20:37:37,710] {processor.py:641} INFO - Processing file /home/sheyla/Documents/Repositórios/airflowalura/venv/lib/python3.9/site-packages/airflow/example_dags/example_python_operator.py for tasks to queue
[2024-02-25 20:37:37,710] {logging_mixin.py:115} INFO - [2024-02-25 20:37:37,710] {dagbag.py:507} INFO - Filling up the DagBag from /home/sheyla/Documents/Repositórios/airflowalura/venv/lib/python3.9/site-packages/airflow/example_dags/example_python_operator.py
[2024-02-25 20:37:37,728] {logging_mixin.py:115} INFO - [2024-02-25 20:37:37,728] {example_python_operator.py:68} WARNING - The virtalenv_python example task requires virtualenv, please install it.
[2024-02-25 20:37:37,728] {processor.py:651} INFO - DAG(s) dict_keys(['example_python_operator']) retrieved from /home/sheyla/Documents/Repositórios/airflowalura/venv/lib/python3.9/site-packages/airflow/example_dags/example_python_operator.py
[2024-02-25 20:37:37,741] {logging_mixin.py:115} INFO - [2024-02-25 20:37:37,741] {dag.py:2379} INFO - Sync 1 DAGs
[2024-02-25 20:37:37,754] {logging_mixin.py:115} INFO - [2024-02-25 20:37:37,754] {dag.py:2927} INFO - Setting next_dagrun for example_python_operator to None, run_after=None
[2024-02-25 20:37:37,767] {processor.py:161} INFO - Processing /home/sheyla/Documents/Repositórios/airflowalura/venv/lib/python3.9/site-packages/airflow/example_dags/example_python_operator.py took 0.065 seconds
[2024-02-25 20:38:12,374] {processor.py:153} INFO - Started process (PID=1960171) to work on /home/sheyla/Documents/Repositórios/airflowalura/venv/lib/python3.9/site-packages/airflow/example_dags/example_python_operator.py
[2024-02-25 20:38:12,380] {processor.py:641} INFO - Processing file /home/sheyla/Documents/Repositórios/airflowalura/venv/lib/python3.9/site-packages/airflow/example_dags/example_python_operator.py for tasks to queue
[2024-02-25 20:38:12,380] {logging_mixin.py:115} INFO - [2024-02-25 20:38:12,380] {dagbag.py:507} INFO - Filling up the DagBag from /home/sheyla/Documents/Repositórios/airflowalura/venv/lib/python3.9/site-packages/airflow/example_dags/example_python_operator.py
[2024-02-25 20:38:12,405] {logging_mixin.py:115} INFO - [2024-02-25 20:38:12,405] {example_python_operator.py:68} WARNING - The virtalenv_python example task requires virtualenv, please install it.
[2024-02-25 20:38:12,406] {processor.py:651} INFO - DAG(s) dict_keys(['example_python_operator']) retrieved from /home/sheyla/Documents/Repositórios/airflowalura/venv/lib/python3.9/site-packages/airflow/example_dags/example_python_operator.py
[2024-02-25 20:38:12,419] {logging_mixin.py:115} INFO - [2024-02-25 20:38:12,419] {dag.py:2379} INFO - Sync 1 DAGs
[2024-02-25 20:38:12,431] {logging_mixin.py:115} INFO - [2024-02-25 20:38:12,431] {dag.py:2927} INFO - Setting next_dagrun for example_python_operator to None, run_after=None
[2024-02-25 20:38:12,442] {processor.py:161} INFO - Processing /home/sheyla/Documents/Repositórios/airflowalura/venv/lib/python3.9/site-packages/airflow/example_dags/example_python_operator.py took 0.072 seconds
[2024-02-25 20:38:49,936] {processor.py:153} INFO - Started process (PID=1960561) to work on /home/sheyla/Documents/Repositórios/airflowalura/venv/lib/python3.9/site-packages/airflow/example_dags/example_python_operator.py
[2024-02-25 20:38:49,942] {processor.py:641} INFO - Processing file /home/sheyla/Documents/Repositórios/airflowalura/venv/lib/python3.9/site-packages/airflow/example_dags/example_python_operator.py for tasks to queue
[2024-02-25 20:38:49,944] {logging_mixin.py:115} INFO - [2024-02-25 20:38:49,943] {dagbag.py:507} INFO - Filling up the DagBag from /home/sheyla/Documents/Repositórios/airflowalura/venv/lib/python3.9/site-packages/airflow/example_dags/example_python_operator.py
[2024-02-25 20:38:49,976] {logging_mixin.py:115} INFO - [2024-02-25 20:38:49,976] {example_python_operator.py:68} WARNING - The virtalenv_python example task requires virtualenv, please install it.
[2024-02-25 20:38:49,976] {processor.py:651} INFO - DAG(s) dict_keys(['example_python_operator']) retrieved from /home/sheyla/Documents/Repositórios/airflowalura/venv/lib/python3.9/site-packages/airflow/example_dags/example_python_operator.py
[2024-02-25 20:38:49,988] {logging_mixin.py:115} INFO - [2024-02-25 20:38:49,988] {dag.py:2379} INFO - Sync 1 DAGs
[2024-02-25 20:38:50,001] {logging_mixin.py:115} INFO - [2024-02-25 20:38:50,001] {dag.py:2927} INFO - Setting next_dagrun for example_python_operator to None, run_after=None
[2024-02-25 20:38:50,013] {processor.py:161} INFO - Processing /home/sheyla/Documents/Repositórios/airflowalura/venv/lib/python3.9/site-packages/airflow/example_dags/example_python_operator.py took 0.084 seconds
[2024-02-25 20:39:26,984] {processor.py:153} INFO - Started process (PID=1960936) to work on /home/sheyla/Documents/Repositórios/airflowalura/venv/lib/python3.9/site-packages/airflow/example_dags/example_python_operator.py
[2024-02-25 20:39:26,990] {processor.py:641} INFO - Processing file /home/sheyla/Documents/Repositórios/airflowalura/venv/lib/python3.9/site-packages/airflow/example_dags/example_python_operator.py for tasks to queue
[2024-02-25 20:39:26,992] {logging_mixin.py:115} INFO - [2024-02-25 20:39:26,991] {dagbag.py:507} INFO - Filling up the DagBag from /home/sheyla/Documents/Repositórios/airflowalura/venv/lib/python3.9/site-packages/airflow/example_dags/example_python_operator.py
[2024-02-25 20:39:27,028] {logging_mixin.py:115} INFO - [2024-02-25 20:39:27,028] {example_python_operator.py:68} WARNING - The virtalenv_python example task requires virtualenv, please install it.
[2024-02-25 20:39:27,029] {processor.py:651} INFO - DAG(s) dict_keys(['example_python_operator']) retrieved from /home/sheyla/Documents/Repositórios/airflowalura/venv/lib/python3.9/site-packages/airflow/example_dags/example_python_operator.py
[2024-02-25 20:39:27,040] {logging_mixin.py:115} INFO - [2024-02-25 20:39:27,040] {dag.py:2379} INFO - Sync 1 DAGs
[2024-02-25 20:39:27,053] {logging_mixin.py:115} INFO - [2024-02-25 20:39:27,053] {dag.py:2927} INFO - Setting next_dagrun for example_python_operator to None, run_after=None
[2024-02-25 20:39:27,072] {processor.py:161} INFO - Processing /home/sheyla/Documents/Repositórios/airflowalura/venv/lib/python3.9/site-packages/airflow/example_dags/example_python_operator.py took 0.094 seconds
[2024-02-25 20:40:04,762] {processor.py:153} INFO - Started process (PID=1961336) to work on /home/sheyla/Documents/Repositórios/airflowalura/venv/lib/python3.9/site-packages/airflow/example_dags/example_python_operator.py
[2024-02-25 20:40:04,763] {processor.py:641} INFO - Processing file /home/sheyla/Documents/Repositórios/airflowalura/venv/lib/python3.9/site-packages/airflow/example_dags/example_python_operator.py for tasks to queue
[2024-02-25 20:40:04,763] {logging_mixin.py:115} INFO - [2024-02-25 20:40:04,763] {dagbag.py:507} INFO - Filling up the DagBag from /home/sheyla/Documents/Repositórios/airflowalura/venv/lib/python3.9/site-packages/airflow/example_dags/example_python_operator.py
[2024-02-25 20:40:04,786] {logging_mixin.py:115} INFO - [2024-02-25 20:40:04,786] {example_python_operator.py:68} WARNING - The virtalenv_python example task requires virtualenv, please install it.
[2024-02-25 20:40:04,787] {processor.py:651} INFO - DAG(s) dict_keys(['example_python_operator']) retrieved from /home/sheyla/Documents/Repositórios/airflowalura/venv/lib/python3.9/site-packages/airflow/example_dags/example_python_operator.py
[2024-02-25 20:40:04,801] {logging_mixin.py:115} INFO - [2024-02-25 20:40:04,800] {dag.py:2379} INFO - Sync 1 DAGs
[2024-02-25 20:40:04,814] {logging_mixin.py:115} INFO - [2024-02-25 20:40:04,814] {dag.py:2927} INFO - Setting next_dagrun for example_python_operator to None, run_after=None
[2024-02-25 20:40:04,825] {processor.py:161} INFO - Processing /home/sheyla/Documents/Repositórios/airflowalura/venv/lib/python3.9/site-packages/airflow/example_dags/example_python_operator.py took 0.066 seconds
[2024-02-25 20:40:41,613] {processor.py:153} INFO - Started process (PID=1961710) to work on /home/sheyla/Documents/Repositórios/airflowalura/venv/lib/python3.9/site-packages/airflow/example_dags/example_python_operator.py
[2024-02-25 20:40:41,619] {processor.py:641} INFO - Processing file /home/sheyla/Documents/Repositórios/airflowalura/venv/lib/python3.9/site-packages/airflow/example_dags/example_python_operator.py for tasks to queue
[2024-02-25 20:40:41,619] {logging_mixin.py:115} INFO - [2024-02-25 20:40:41,619] {dagbag.py:507} INFO - Filling up the DagBag from /home/sheyla/Documents/Repositórios/airflowalura/venv/lib/python3.9/site-packages/airflow/example_dags/example_python_operator.py
[2024-02-25 20:40:41,635] {logging_mixin.py:115} INFO - [2024-02-25 20:40:41,635] {example_python_operator.py:68} WARNING - The virtalenv_python example task requires virtualenv, please install it.
[2024-02-25 20:40:41,636] {processor.py:651} INFO - DAG(s) dict_keys(['example_python_operator']) retrieved from /home/sheyla/Documents/Repositórios/airflowalura/venv/lib/python3.9/site-packages/airflow/example_dags/example_python_operator.py
[2024-02-25 20:40:41,648] {logging_mixin.py:115} INFO - [2024-02-25 20:40:41,648] {dag.py:2379} INFO - Sync 1 DAGs
[2024-02-25 20:40:41,661] {logging_mixin.py:115} INFO - [2024-02-25 20:40:41,661] {dag.py:2927} INFO - Setting next_dagrun for example_python_operator to None, run_after=None
[2024-02-25 20:40:41,677] {processor.py:161} INFO - Processing /home/sheyla/Documents/Repositórios/airflowalura/venv/lib/python3.9/site-packages/airflow/example_dags/example_python_operator.py took 0.067 seconds
[2024-02-25 20:41:20,700] {processor.py:153} INFO - Started process (PID=1962112) to work on /home/sheyla/Documents/Repositórios/airflowalura/venv/lib/python3.9/site-packages/airflow/example_dags/example_python_operator.py
[2024-02-25 20:41:20,706] {processor.py:641} INFO - Processing file /home/sheyla/Documents/Repositórios/airflowalura/venv/lib/python3.9/site-packages/airflow/example_dags/example_python_operator.py for tasks to queue
[2024-02-25 20:41:20,707] {logging_mixin.py:115} INFO - [2024-02-25 20:41:20,707] {dagbag.py:507} INFO - Filling up the DagBag from /home/sheyla/Documents/Repositórios/airflowalura/venv/lib/python3.9/site-packages/airflow/example_dags/example_python_operator.py
[2024-02-25 20:41:20,738] {logging_mixin.py:115} INFO - [2024-02-25 20:41:20,738] {example_python_operator.py:68} WARNING - The virtalenv_python example task requires virtualenv, please install it.
[2024-02-25 20:41:20,739] {processor.py:651} INFO - DAG(s) dict_keys(['example_python_operator']) retrieved from /home/sheyla/Documents/Repositórios/airflowalura/venv/lib/python3.9/site-packages/airflow/example_dags/example_python_operator.py
[2024-02-25 20:41:20,750] {logging_mixin.py:115} INFO - [2024-02-25 20:41:20,750] {dag.py:2379} INFO - Sync 1 DAGs
[2024-02-25 20:41:20,763] {logging_mixin.py:115} INFO - [2024-02-25 20:41:20,763] {dag.py:2927} INFO - Setting next_dagrun for example_python_operator to None, run_after=None
[2024-02-25 20:41:20,775] {processor.py:161} INFO - Processing /home/sheyla/Documents/Repositórios/airflowalura/venv/lib/python3.9/site-packages/airflow/example_dags/example_python_operator.py took 0.082 seconds
[2024-02-25 20:41:58,433] {processor.py:153} INFO - Started process (PID=1962535) to work on /home/sheyla/Documents/Repositórios/airflowalura/venv/lib/python3.9/site-packages/airflow/example_dags/example_python_operator.py
[2024-02-25 20:41:58,438] {processor.py:641} INFO - Processing file /home/sheyla/Documents/Repositórios/airflowalura/venv/lib/python3.9/site-packages/airflow/example_dags/example_python_operator.py for tasks to queue
[2024-02-25 20:41:58,438] {logging_mixin.py:115} INFO - [2024-02-25 20:41:58,438] {dagbag.py:507} INFO - Filling up the DagBag from /home/sheyla/Documents/Repositórios/airflowalura/venv/lib/python3.9/site-packages/airflow/example_dags/example_python_operator.py
[2024-02-25 20:41:58,454] {logging_mixin.py:115} INFO - [2024-02-25 20:41:58,454] {example_python_operator.py:68} WARNING - The virtalenv_python example task requires virtualenv, please install it.
[2024-02-25 20:41:58,454] {processor.py:651} INFO - DAG(s) dict_keys(['example_python_operator']) retrieved from /home/sheyla/Documents/Repositórios/airflowalura/venv/lib/python3.9/site-packages/airflow/example_dags/example_python_operator.py
[2024-02-25 20:41:58,467] {logging_mixin.py:115} INFO - [2024-02-25 20:41:58,467] {dag.py:2379} INFO - Sync 1 DAGs
[2024-02-25 20:41:58,480] {logging_mixin.py:115} INFO - [2024-02-25 20:41:58,480] {dag.py:2927} INFO - Setting next_dagrun for example_python_operator to None, run_after=None
[2024-02-25 20:41:58,498] {processor.py:161} INFO - Processing /home/sheyla/Documents/Repositórios/airflowalura/venv/lib/python3.9/site-packages/airflow/example_dags/example_python_operator.py took 0.068 seconds
[2024-02-25 20:42:35,497] {processor.py:153} INFO - Started process (PID=1962910) to work on /home/sheyla/Documents/Repositórios/airflowalura/venv/lib/python3.9/site-packages/airflow/example_dags/example_python_operator.py
[2024-02-25 20:42:35,502] {processor.py:641} INFO - Processing file /home/sheyla/Documents/Repositórios/airflowalura/venv/lib/python3.9/site-packages/airflow/example_dags/example_python_operator.py for tasks to queue
[2024-02-25 20:42:35,503] {logging_mixin.py:115} INFO - [2024-02-25 20:42:35,503] {dagbag.py:507} INFO - Filling up the DagBag from /home/sheyla/Documents/Repositórios/airflowalura/venv/lib/python3.9/site-packages/airflow/example_dags/example_python_operator.py
[2024-02-25 20:42:35,529] {logging_mixin.py:115} INFO - [2024-02-25 20:42:35,529] {example_python_operator.py:68} WARNING - The virtalenv_python example task requires virtualenv, please install it.
[2024-02-25 20:42:35,529] {processor.py:651} INFO - DAG(s) dict_keys(['example_python_operator']) retrieved from /home/sheyla/Documents/Repositórios/airflowalura/venv/lib/python3.9/site-packages/airflow/example_dags/example_python_operator.py
[2024-02-25 20:42:35,541] {logging_mixin.py:115} INFO - [2024-02-25 20:42:35,541] {dag.py:2379} INFO - Sync 1 DAGs
[2024-02-25 20:42:35,553] {logging_mixin.py:115} INFO - [2024-02-25 20:42:35,553] {dag.py:2927} INFO - Setting next_dagrun for example_python_operator to None, run_after=None
[2024-02-25 20:42:35,565] {processor.py:161} INFO - Processing /home/sheyla/Documents/Repositórios/airflowalura/venv/lib/python3.9/site-packages/airflow/example_dags/example_python_operator.py took 0.071 seconds
[2024-02-25 20:43:09,841] {processor.py:153} INFO - Started process (PID=1963262) to work on /home/sheyla/Documents/Repositórios/airflowalura/venv/lib/python3.9/site-packages/airflow/example_dags/example_python_operator.py
[2024-02-25 20:43:09,843] {processor.py:641} INFO - Processing file /home/sheyla/Documents/Repositórios/airflowalura/venv/lib/python3.9/site-packages/airflow/example_dags/example_python_operator.py for tasks to queue
[2024-02-25 20:43:09,844] {logging_mixin.py:115} INFO - [2024-02-25 20:43:09,844] {dagbag.py:507} INFO - Filling up the DagBag from /home/sheyla/Documents/Repositórios/airflowalura/venv/lib/python3.9/site-packages/airflow/example_dags/example_python_operator.py
[2024-02-25 20:43:09,875] {logging_mixin.py:115} INFO - [2024-02-25 20:43:09,875] {example_python_operator.py:68} WARNING - The virtalenv_python example task requires virtualenv, please install it.
[2024-02-25 20:43:09,876] {processor.py:651} INFO - DAG(s) dict_keys(['example_python_operator']) retrieved from /home/sheyla/Documents/Repositórios/airflowalura/venv/lib/python3.9/site-packages/airflow/example_dags/example_python_operator.py
[2024-02-25 20:43:09,888] {logging_mixin.py:115} INFO - [2024-02-25 20:43:09,888] {dag.py:2379} INFO - Sync 1 DAGs
[2024-02-25 20:43:09,900] {logging_mixin.py:115} INFO - [2024-02-25 20:43:09,900] {dag.py:2927} INFO - Setting next_dagrun for example_python_operator to None, run_after=None
[2024-02-25 20:43:09,912] {processor.py:161} INFO - Processing /home/sheyla/Documents/Repositórios/airflowalura/venv/lib/python3.9/site-packages/airflow/example_dags/example_python_operator.py took 0.078 seconds
[2024-02-25 20:43:44,433] {processor.py:153} INFO - Started process (PID=1963613) to work on /home/sheyla/Documents/Repositórios/airflowalura/venv/lib/python3.9/site-packages/airflow/example_dags/example_python_operator.py
[2024-02-25 20:43:44,439] {processor.py:641} INFO - Processing file /home/sheyla/Documents/Repositórios/airflowalura/venv/lib/python3.9/site-packages/airflow/example_dags/example_python_operator.py for tasks to queue
[2024-02-25 20:43:44,440] {logging_mixin.py:115} INFO - [2024-02-25 20:43:44,440] {dagbag.py:507} INFO - Filling up the DagBag from /home/sheyla/Documents/Repositórios/airflowalura/venv/lib/python3.9/site-packages/airflow/example_dags/example_python_operator.py
[2024-02-25 20:43:44,463] {logging_mixin.py:115} INFO - [2024-02-25 20:43:44,463] {example_python_operator.py:68} WARNING - The virtalenv_python example task requires virtualenv, please install it.
[2024-02-25 20:43:44,464] {processor.py:651} INFO - DAG(s) dict_keys(['example_python_operator']) retrieved from /home/sheyla/Documents/Repositórios/airflowalura/venv/lib/python3.9/site-packages/airflow/example_dags/example_python_operator.py
[2024-02-25 20:43:44,474] {logging_mixin.py:115} INFO - [2024-02-25 20:43:44,474] {dag.py:2379} INFO - Sync 1 DAGs
[2024-02-25 20:43:44,486] {logging_mixin.py:115} INFO - [2024-02-25 20:43:44,486] {dag.py:2927} INFO - Setting next_dagrun for example_python_operator to None, run_after=None
[2024-02-25 20:43:44,498] {processor.py:161} INFO - Processing /home/sheyla/Documents/Repositórios/airflowalura/venv/lib/python3.9/site-packages/airflow/example_dags/example_python_operator.py took 0.067 seconds
[2024-02-25 20:44:23,129] {processor.py:153} INFO - Started process (PID=1964017) to work on /home/sheyla/Documents/Repositórios/airflowalura/venv/lib/python3.9/site-packages/airflow/example_dags/example_python_operator.py
[2024-02-25 20:44:23,135] {processor.py:641} INFO - Processing file /home/sheyla/Documents/Repositórios/airflowalura/venv/lib/python3.9/site-packages/airflow/example_dags/example_python_operator.py for tasks to queue
[2024-02-25 20:44:23,136] {logging_mixin.py:115} INFO - [2024-02-25 20:44:23,136] {dagbag.py:507} INFO - Filling up the DagBag from /home/sheyla/Documents/Repositórios/airflowalura/venv/lib/python3.9/site-packages/airflow/example_dags/example_python_operator.py
[2024-02-25 20:44:23,168] {logging_mixin.py:115} INFO - [2024-02-25 20:44:23,168] {example_python_operator.py:68} WARNING - The virtalenv_python example task requires virtualenv, please install it.
[2024-02-25 20:44:23,169] {processor.py:651} INFO - DAG(s) dict_keys(['example_python_operator']) retrieved from /home/sheyla/Documents/Repositórios/airflowalura/venv/lib/python3.9/site-packages/airflow/example_dags/example_python_operator.py
[2024-02-25 20:44:23,181] {logging_mixin.py:115} INFO - [2024-02-25 20:44:23,181] {dag.py:2379} INFO - Sync 1 DAGs
[2024-02-25 20:44:23,193] {logging_mixin.py:115} INFO - [2024-02-25 20:44:23,193] {dag.py:2927} INFO - Setting next_dagrun for example_python_operator to None, run_after=None
[2024-02-25 20:44:23,206] {processor.py:161} INFO - Processing /home/sheyla/Documents/Repositórios/airflowalura/venv/lib/python3.9/site-packages/airflow/example_dags/example_python_operator.py took 0.083 seconds
[2024-02-25 20:44:59,104] {processor.py:153} INFO - Started process (PID=1964385) to work on /home/sheyla/Documents/Repositórios/airflowalura/venv/lib/python3.9/site-packages/airflow/example_dags/example_python_operator.py
[2024-02-25 20:44:59,110] {processor.py:641} INFO - Processing file /home/sheyla/Documents/Repositórios/airflowalura/venv/lib/python3.9/site-packages/airflow/example_dags/example_python_operator.py for tasks to queue
[2024-02-25 20:44:59,111] {logging_mixin.py:115} INFO - [2024-02-25 20:44:59,110] {dagbag.py:507} INFO - Filling up the DagBag from /home/sheyla/Documents/Repositórios/airflowalura/venv/lib/python3.9/site-packages/airflow/example_dags/example_python_operator.py
[2024-02-25 20:44:59,137] {logging_mixin.py:115} INFO - [2024-02-25 20:44:59,137] {example_python_operator.py:68} WARNING - The virtalenv_python example task requires virtualenv, please install it.
[2024-02-25 20:44:59,137] {processor.py:651} INFO - DAG(s) dict_keys(['example_python_operator']) retrieved from /home/sheyla/Documents/Repositórios/airflowalura/venv/lib/python3.9/site-packages/airflow/example_dags/example_python_operator.py
[2024-02-25 20:44:59,148] {logging_mixin.py:115} INFO - [2024-02-25 20:44:59,148] {dag.py:2379} INFO - Sync 1 DAGs
[2024-02-25 20:44:59,163] {logging_mixin.py:115} INFO - [2024-02-25 20:44:59,163] {dag.py:2927} INFO - Setting next_dagrun for example_python_operator to None, run_after=None
[2024-02-25 20:44:59,175] {processor.py:161} INFO - Processing /home/sheyla/Documents/Repositórios/airflowalura/venv/lib/python3.9/site-packages/airflow/example_dags/example_python_operator.py took 0.076 seconds
[2024-02-25 20:45:32,877] {processor.py:153} INFO - Started process (PID=1964729) to work on /home/sheyla/Documents/Repositórios/airflowalura/venv/lib/python3.9/site-packages/airflow/example_dags/example_python_operator.py
[2024-02-25 20:45:32,879] {processor.py:641} INFO - Processing file /home/sheyla/Documents/Repositórios/airflowalura/venv/lib/python3.9/site-packages/airflow/example_dags/example_python_operator.py for tasks to queue
[2024-02-25 20:45:32,880] {logging_mixin.py:115} INFO - [2024-02-25 20:45:32,880] {dagbag.py:507} INFO - Filling up the DagBag from /home/sheyla/Documents/Repositórios/airflowalura/venv/lib/python3.9/site-packages/airflow/example_dags/example_python_operator.py
[2024-02-25 20:45:32,914] {logging_mixin.py:115} INFO - [2024-02-25 20:45:32,913] {example_python_operator.py:68} WARNING - The virtalenv_python example task requires virtualenv, please install it.
[2024-02-25 20:45:32,914] {processor.py:651} INFO - DAG(s) dict_keys(['example_python_operator']) retrieved from /home/sheyla/Documents/Repositórios/airflowalura/venv/lib/python3.9/site-packages/airflow/example_dags/example_python_operator.py
[2024-02-25 20:45:32,929] {logging_mixin.py:115} INFO - [2024-02-25 20:45:32,929] {dag.py:2379} INFO - Sync 1 DAGs
[2024-02-25 20:45:32,943] {logging_mixin.py:115} INFO - [2024-02-25 20:45:32,943] {dag.py:2927} INFO - Setting next_dagrun for example_python_operator to None, run_after=None
[2024-02-25 20:45:32,955] {processor.py:161} INFO - Processing /home/sheyla/Documents/Repositórios/airflowalura/venv/lib/python3.9/site-packages/airflow/example_dags/example_python_operator.py took 0.081 seconds
[2024-02-25 20:46:08,886] {processor.py:153} INFO - Started process (PID=1965101) to work on /home/sheyla/Documents/Repositórios/airflowalura/venv/lib/python3.9/site-packages/airflow/example_dags/example_python_operator.py
[2024-02-25 20:46:08,892] {processor.py:641} INFO - Processing file /home/sheyla/Documents/Repositórios/airflowalura/venv/lib/python3.9/site-packages/airflow/example_dags/example_python_operator.py for tasks to queue
[2024-02-25 20:46:08,893] {logging_mixin.py:115} INFO - [2024-02-25 20:46:08,893] {dagbag.py:507} INFO - Filling up the DagBag from /home/sheyla/Documents/Repositórios/airflowalura/venv/lib/python3.9/site-packages/airflow/example_dags/example_python_operator.py
[2024-02-25 20:46:08,926] {logging_mixin.py:115} INFO - [2024-02-25 20:46:08,926] {example_python_operator.py:68} WARNING - The virtalenv_python example task requires virtualenv, please install it.
[2024-02-25 20:46:08,927] {processor.py:651} INFO - DAG(s) dict_keys(['example_python_operator']) retrieved from /home/sheyla/Documents/Repositórios/airflowalura/venv/lib/python3.9/site-packages/airflow/example_dags/example_python_operator.py
[2024-02-25 20:46:08,939] {logging_mixin.py:115} INFO - [2024-02-25 20:46:08,939] {dag.py:2379} INFO - Sync 1 DAGs
[2024-02-25 20:46:08,951] {logging_mixin.py:115} INFO - [2024-02-25 20:46:08,951] {dag.py:2927} INFO - Setting next_dagrun for example_python_operator to None, run_after=None
[2024-02-25 20:46:08,965] {processor.py:161} INFO - Processing /home/sheyla/Documents/Repositórios/airflowalura/venv/lib/python3.9/site-packages/airflow/example_dags/example_python_operator.py took 0.086 seconds
[2024-02-25 20:46:47,733] {processor.py:153} INFO - Started process (PID=1965519) to work on /home/sheyla/Documents/Repositórios/airflowalura/venv/lib/python3.9/site-packages/airflow/example_dags/example_python_operator.py
[2024-02-25 20:46:47,739] {processor.py:641} INFO - Processing file /home/sheyla/Documents/Repositórios/airflowalura/venv/lib/python3.9/site-packages/airflow/example_dags/example_python_operator.py for tasks to queue
[2024-02-25 20:46:47,740] {logging_mixin.py:115} INFO - [2024-02-25 20:46:47,740] {dagbag.py:507} INFO - Filling up the DagBag from /home/sheyla/Documents/Repositórios/airflowalura/venv/lib/python3.9/site-packages/airflow/example_dags/example_python_operator.py
[2024-02-25 20:46:47,775] {logging_mixin.py:115} INFO - [2024-02-25 20:46:47,775] {example_python_operator.py:68} WARNING - The virtalenv_python example task requires virtualenv, please install it.
[2024-02-25 20:46:47,776] {processor.py:651} INFO - DAG(s) dict_keys(['example_python_operator']) retrieved from /home/sheyla/Documents/Repositórios/airflowalura/venv/lib/python3.9/site-packages/airflow/example_dags/example_python_operator.py
[2024-02-25 20:46:47,789] {logging_mixin.py:115} INFO - [2024-02-25 20:46:47,788] {dag.py:2379} INFO - Sync 1 DAGs
[2024-02-25 20:46:47,803] {logging_mixin.py:115} INFO - [2024-02-25 20:46:47,803] {dag.py:2927} INFO - Setting next_dagrun for example_python_operator to None, run_after=None
[2024-02-25 20:46:47,815] {processor.py:161} INFO - Processing /home/sheyla/Documents/Repositórios/airflowalura/venv/lib/python3.9/site-packages/airflow/example_dags/example_python_operator.py took 0.089 seconds
[2024-02-25 20:47:26,129] {processor.py:153} INFO - Started process (PID=1966090) to work on /home/sheyla/Documents/Repositórios/airflowalura/venv/lib/python3.9/site-packages/airflow/example_dags/example_python_operator.py
[2024-02-25 20:47:26,135] {processor.py:641} INFO - Processing file /home/sheyla/Documents/Repositórios/airflowalura/venv/lib/python3.9/site-packages/airflow/example_dags/example_python_operator.py for tasks to queue
[2024-02-25 20:47:26,136] {logging_mixin.py:115} INFO - [2024-02-25 20:47:26,136] {dagbag.py:507} INFO - Filling up the DagBag from /home/sheyla/Documents/Repositórios/airflowalura/venv/lib/python3.9/site-packages/airflow/example_dags/example_python_operator.py
[2024-02-25 20:47:26,164] {logging_mixin.py:115} INFO - [2024-02-25 20:47:26,164] {example_python_operator.py:68} WARNING - The virtalenv_python example task requires virtualenv, please install it.
[2024-02-25 20:47:26,165] {processor.py:651} INFO - DAG(s) dict_keys(['example_python_operator']) retrieved from /home/sheyla/Documents/Repositórios/airflowalura/venv/lib/python3.9/site-packages/airflow/example_dags/example_python_operator.py
[2024-02-25 20:47:26,176] {logging_mixin.py:115} INFO - [2024-02-25 20:47:26,176] {dag.py:2379} INFO - Sync 1 DAGs
[2024-02-25 20:47:26,190] {logging_mixin.py:115} INFO - [2024-02-25 20:47:26,190] {dag.py:2927} INFO - Setting next_dagrun for example_python_operator to None, run_after=None
[2024-02-25 20:47:26,203] {processor.py:161} INFO - Processing /home/sheyla/Documents/Repositórios/airflowalura/venv/lib/python3.9/site-packages/airflow/example_dags/example_python_operator.py took 0.079 seconds
[2024-02-25 20:48:01,593] {processor.py:153} INFO - Started process (PID=1966631) to work on /home/sheyla/Documents/Repositórios/airflowalura/venv/lib/python3.9/site-packages/airflow/example_dags/example_python_operator.py
[2024-02-25 20:48:01,600] {processor.py:641} INFO - Processing file /home/sheyla/Documents/Repositórios/airflowalura/venv/lib/python3.9/site-packages/airflow/example_dags/example_python_operator.py for tasks to queue
[2024-02-25 20:48:01,601] {logging_mixin.py:115} INFO - [2024-02-25 20:48:01,601] {dagbag.py:507} INFO - Filling up the DagBag from /home/sheyla/Documents/Repositórios/airflowalura/venv/lib/python3.9/site-packages/airflow/example_dags/example_python_operator.py
[2024-02-25 20:48:01,632] {logging_mixin.py:115} INFO - [2024-02-25 20:48:01,632] {example_python_operator.py:68} WARNING - The virtalenv_python example task requires virtualenv, please install it.
[2024-02-25 20:48:01,632] {processor.py:651} INFO - DAG(s) dict_keys(['example_python_operator']) retrieved from /home/sheyla/Documents/Repositórios/airflowalura/venv/lib/python3.9/site-packages/airflow/example_dags/example_python_operator.py
[2024-02-25 20:48:01,644] {logging_mixin.py:115} INFO - [2024-02-25 20:48:01,644] {dag.py:2379} INFO - Sync 1 DAGs
[2024-02-25 20:48:01,656] {logging_mixin.py:115} INFO - [2024-02-25 20:48:01,656] {dag.py:2927} INFO - Setting next_dagrun for example_python_operator to None, run_after=None
[2024-02-25 20:48:01,675] {processor.py:161} INFO - Processing /home/sheyla/Documents/Repositórios/airflowalura/venv/lib/python3.9/site-packages/airflow/example_dags/example_python_operator.py took 0.089 seconds
[2024-02-25 20:48:37,707] {processor.py:153} INFO - Started process (PID=1967100) to work on /home/sheyla/Documents/Repositórios/airflowalura/venv/lib/python3.9/site-packages/airflow/example_dags/example_python_operator.py
[2024-02-25 20:48:37,709] {processor.py:641} INFO - Processing file /home/sheyla/Documents/Repositórios/airflowalura/venv/lib/python3.9/site-packages/airflow/example_dags/example_python_operator.py for tasks to queue
[2024-02-25 20:48:37,710] {logging_mixin.py:115} INFO - [2024-02-25 20:48:37,710] {dagbag.py:507} INFO - Filling up the DagBag from /home/sheyla/Documents/Repositórios/airflowalura/venv/lib/python3.9/site-packages/airflow/example_dags/example_python_operator.py
[2024-02-25 20:48:37,727] {logging_mixin.py:115} INFO - [2024-02-25 20:48:37,726] {example_python_operator.py:68} WARNING - The virtalenv_python example task requires virtualenv, please install it.
[2024-02-25 20:48:37,727] {processor.py:651} INFO - DAG(s) dict_keys(['example_python_operator']) retrieved from /home/sheyla/Documents/Repositórios/airflowalura/venv/lib/python3.9/site-packages/airflow/example_dags/example_python_operator.py
[2024-02-25 20:48:37,742] {logging_mixin.py:115} INFO - [2024-02-25 20:48:37,742] {dag.py:2379} INFO - Sync 1 DAGs
[2024-02-25 20:48:37,754] {logging_mixin.py:115} INFO - [2024-02-25 20:48:37,754] {dag.py:2927} INFO - Setting next_dagrun for example_python_operator to None, run_after=None
[2024-02-25 20:48:37,767] {processor.py:161} INFO - Processing /home/sheyla/Documents/Repositórios/airflowalura/venv/lib/python3.9/site-packages/airflow/example_dags/example_python_operator.py took 0.063 seconds
