[2024-02-25 20:33:45,896] {processor.py:153} INFO - Started process (PID=1957351) to work on /home/sheyla/Documents/Repositórios/airflowalura/venv/lib/python3.9/site-packages/airflow/example_dags/example_complex.py
[2024-02-25 20:33:45,897] {processor.py:641} INFO - Processing file /home/sheyla/Documents/Repositórios/airflowalura/venv/lib/python3.9/site-packages/airflow/example_dags/example_complex.py for tasks to queue
[2024-02-25 20:33:45,899] {logging_mixin.py:115} INFO - [2024-02-25 20:33:45,898] {dagbag.py:507} INFO - Filling up the DagBag from /home/sheyla/Documents/Repositórios/airflowalura/venv/lib/python3.9/site-packages/airflow/example_dags/example_complex.py
[2024-02-25 20:33:45,924] {processor.py:651} INFO - DAG(s) dict_keys(['example_complex']) retrieved from /home/sheyla/Documents/Repositórios/airflowalura/venv/lib/python3.9/site-packages/airflow/example_dags/example_complex.py
[2024-02-25 20:33:45,940] {logging_mixin.py:115} INFO - [2024-02-25 20:33:45,940] {dag.py:2379} INFO - Sync 1 DAGs
[2024-02-25 20:33:45,953] {logging_mixin.py:115} INFO - [2024-02-25 20:33:45,953] {dag.py:2927} INFO - Setting next_dagrun for example_complex to None, run_after=None
[2024-02-25 20:33:45,971] {processor.py:161} INFO - Processing /home/sheyla/Documents/Repositórios/airflowalura/venv/lib/python3.9/site-packages/airflow/example_dags/example_complex.py took 0.081 seconds
[2024-02-25 20:34:22,970] {processor.py:153} INFO - Started process (PID=1957803) to work on /home/sheyla/Documents/Repositórios/airflowalura/venv/lib/python3.9/site-packages/airflow/example_dags/example_complex.py
[2024-02-25 20:34:22,971] {processor.py:641} INFO - Processing file /home/sheyla/Documents/Repositórios/airflowalura/venv/lib/python3.9/site-packages/airflow/example_dags/example_complex.py for tasks to queue
[2024-02-25 20:34:22,971] {logging_mixin.py:115} INFO - [2024-02-25 20:34:22,971] {dagbag.py:507} INFO - Filling up the DagBag from /home/sheyla/Documents/Repositórios/airflowalura/venv/lib/python3.9/site-packages/airflow/example_dags/example_complex.py
[2024-02-25 20:34:22,981] {processor.py:651} INFO - DAG(s) dict_keys(['example_complex']) retrieved from /home/sheyla/Documents/Repositórios/airflowalura/venv/lib/python3.9/site-packages/airflow/example_dags/example_complex.py
[2024-02-25 20:34:22,998] {logging_mixin.py:115} INFO - [2024-02-25 20:34:22,998] {dag.py:2379} INFO - Sync 1 DAGs
[2024-02-25 20:34:23,012] {logging_mixin.py:115} INFO - [2024-02-25 20:34:23,012] {dag.py:2927} INFO - Setting next_dagrun for example_complex to None, run_after=None
[2024-02-25 20:34:23,035] {processor.py:161} INFO - Processing /home/sheyla/Documents/Repositórios/airflowalura/venv/lib/python3.9/site-packages/airflow/example_dags/example_complex.py took 0.067 seconds
[2024-02-25 20:34:59,517] {processor.py:153} INFO - Started process (PID=1958173) to work on /home/sheyla/Documents/Repositórios/airflowalura/venv/lib/python3.9/site-packages/airflow/example_dags/example_complex.py
[2024-02-25 20:34:59,523] {processor.py:641} INFO - Processing file /home/sheyla/Documents/Repositórios/airflowalura/venv/lib/python3.9/site-packages/airflow/example_dags/example_complex.py for tasks to queue
[2024-02-25 20:34:59,524] {logging_mixin.py:115} INFO - [2024-02-25 20:34:59,524] {dagbag.py:507} INFO - Filling up the DagBag from /home/sheyla/Documents/Repositórios/airflowalura/venv/lib/python3.9/site-packages/airflow/example_dags/example_complex.py
[2024-02-25 20:34:59,545] {processor.py:651} INFO - DAG(s) dict_keys(['example_complex']) retrieved from /home/sheyla/Documents/Repositórios/airflowalura/venv/lib/python3.9/site-packages/airflow/example_dags/example_complex.py
[2024-02-25 20:34:59,563] {logging_mixin.py:115} INFO - [2024-02-25 20:34:59,563] {dag.py:2379} INFO - Sync 1 DAGs
[2024-02-25 20:34:59,576] {logging_mixin.py:115} INFO - [2024-02-25 20:34:59,576] {dag.py:2927} INFO - Setting next_dagrun for example_complex to None, run_after=None
[2024-02-25 20:34:59,590] {processor.py:161} INFO - Processing /home/sheyla/Documents/Repositórios/airflowalura/venv/lib/python3.9/site-packages/airflow/example_dags/example_complex.py took 0.080 seconds
[2024-02-25 20:35:35,952] {processor.py:153} INFO - Started process (PID=1958541) to work on /home/sheyla/Documents/Repositórios/airflowalura/venv/lib/python3.9/site-packages/airflow/example_dags/example_complex.py
[2024-02-25 20:35:35,953] {processor.py:641} INFO - Processing file /home/sheyla/Documents/Repositórios/airflowalura/venv/lib/python3.9/site-packages/airflow/example_dags/example_complex.py for tasks to queue
[2024-02-25 20:35:35,953] {logging_mixin.py:115} INFO - [2024-02-25 20:35:35,953] {dagbag.py:507} INFO - Filling up the DagBag from /home/sheyla/Documents/Repositórios/airflowalura/venv/lib/python3.9/site-packages/airflow/example_dags/example_complex.py
[2024-02-25 20:35:35,964] {processor.py:651} INFO - DAG(s) dict_keys(['example_complex']) retrieved from /home/sheyla/Documents/Repositórios/airflowalura/venv/lib/python3.9/site-packages/airflow/example_dags/example_complex.py
[2024-02-25 20:35:35,981] {logging_mixin.py:115} INFO - [2024-02-25 20:35:35,981] {dag.py:2379} INFO - Sync 1 DAGs
[2024-02-25 20:35:35,994] {logging_mixin.py:115} INFO - [2024-02-25 20:35:35,994] {dag.py:2927} INFO - Setting next_dagrun for example_complex to None, run_after=None
[2024-02-25 20:35:36,007] {processor.py:161} INFO - Processing /home/sheyla/Documents/Repositórios/airflowalura/venv/lib/python3.9/site-packages/airflow/example_dags/example_complex.py took 0.057 seconds
[2024-02-25 20:36:12,011] {processor.py:153} INFO - Started process (PID=1958910) to work on /home/sheyla/Documents/Repositórios/airflowalura/venv/lib/python3.9/site-packages/airflow/example_dags/example_complex.py
[2024-02-25 20:36:12,016] {processor.py:641} INFO - Processing file /home/sheyla/Documents/Repositórios/airflowalura/venv/lib/python3.9/site-packages/airflow/example_dags/example_complex.py for tasks to queue
[2024-02-25 20:36:12,017] {logging_mixin.py:115} INFO - [2024-02-25 20:36:12,017] {dagbag.py:507} INFO - Filling up the DagBag from /home/sheyla/Documents/Repositórios/airflowalura/venv/lib/python3.9/site-packages/airflow/example_dags/example_complex.py
[2024-02-25 20:36:12,029] {processor.py:651} INFO - DAG(s) dict_keys(['example_complex']) retrieved from /home/sheyla/Documents/Repositórios/airflowalura/venv/lib/python3.9/site-packages/airflow/example_dags/example_complex.py
[2024-02-25 20:36:12,048] {logging_mixin.py:115} INFO - [2024-02-25 20:36:12,048] {dag.py:2379} INFO - Sync 1 DAGs
[2024-02-25 20:36:12,061] {logging_mixin.py:115} INFO - [2024-02-25 20:36:12,061] {dag.py:2927} INFO - Setting next_dagrun for example_complex to None, run_after=None
[2024-02-25 20:36:12,080] {processor.py:161} INFO - Processing /home/sheyla/Documents/Repositórios/airflowalura/venv/lib/python3.9/site-packages/airflow/example_dags/example_complex.py took 0.071 seconds
[2024-02-25 20:36:48,699] {processor.py:153} INFO - Started process (PID=1959317) to work on /home/sheyla/Documents/Repositórios/airflowalura/venv/lib/python3.9/site-packages/airflow/example_dags/example_complex.py
[2024-02-25 20:36:48,705] {processor.py:641} INFO - Processing file /home/sheyla/Documents/Repositórios/airflowalura/venv/lib/python3.9/site-packages/airflow/example_dags/example_complex.py for tasks to queue
[2024-02-25 20:36:48,706] {logging_mixin.py:115} INFO - [2024-02-25 20:36:48,706] {dagbag.py:507} INFO - Filling up the DagBag from /home/sheyla/Documents/Repositórios/airflowalura/venv/lib/python3.9/site-packages/airflow/example_dags/example_complex.py
[2024-02-25 20:36:48,733] {processor.py:651} INFO - DAG(s) dict_keys(['example_complex']) retrieved from /home/sheyla/Documents/Repositórios/airflowalura/venv/lib/python3.9/site-packages/airflow/example_dags/example_complex.py
[2024-02-25 20:36:48,751] {logging_mixin.py:115} INFO - [2024-02-25 20:36:48,750] {dag.py:2379} INFO - Sync 1 DAGs
[2024-02-25 20:36:48,763] {logging_mixin.py:115} INFO - [2024-02-25 20:36:48,763] {dag.py:2927} INFO - Setting next_dagrun for example_complex to None, run_after=None
[2024-02-25 20:36:48,776] {processor.py:161} INFO - Processing /home/sheyla/Documents/Repositórios/airflowalura/venv/lib/python3.9/site-packages/airflow/example_dags/example_complex.py took 0.084 seconds
[2024-02-25 20:37:23,517] {processor.py:153} INFO - Started process (PID=1959679) to work on /home/sheyla/Documents/Repositórios/airflowalura/venv/lib/python3.9/site-packages/airflow/example_dags/example_complex.py
[2024-02-25 20:37:23,518] {processor.py:641} INFO - Processing file /home/sheyla/Documents/Repositórios/airflowalura/venv/lib/python3.9/site-packages/airflow/example_dags/example_complex.py for tasks to queue
[2024-02-25 20:37:23,519] {logging_mixin.py:115} INFO - [2024-02-25 20:37:23,519] {dagbag.py:507} INFO - Filling up the DagBag from /home/sheyla/Documents/Repositórios/airflowalura/venv/lib/python3.9/site-packages/airflow/example_dags/example_complex.py
[2024-02-25 20:37:23,547] {processor.py:651} INFO - DAG(s) dict_keys(['example_complex']) retrieved from /home/sheyla/Documents/Repositórios/airflowalura/venv/lib/python3.9/site-packages/airflow/example_dags/example_complex.py
[2024-02-25 20:37:23,564] {logging_mixin.py:115} INFO - [2024-02-25 20:37:23,564] {dag.py:2379} INFO - Sync 1 DAGs
[2024-02-25 20:37:23,576] {logging_mixin.py:115} INFO - [2024-02-25 20:37:23,576] {dag.py:2927} INFO - Setting next_dagrun for example_complex to None, run_after=None
[2024-02-25 20:37:23,594] {processor.py:161} INFO - Processing /home/sheyla/Documents/Repositórios/airflowalura/venv/lib/python3.9/site-packages/airflow/example_dags/example_complex.py took 0.083 seconds
[2024-02-25 20:37:58,368] {processor.py:153} INFO - Started process (PID=1960031) to work on /home/sheyla/Documents/Repositórios/airflowalura/venv/lib/python3.9/site-packages/airflow/example_dags/example_complex.py
[2024-02-25 20:37:58,374] {processor.py:641} INFO - Processing file /home/sheyla/Documents/Repositórios/airflowalura/venv/lib/python3.9/site-packages/airflow/example_dags/example_complex.py for tasks to queue
[2024-02-25 20:37:58,374] {logging_mixin.py:115} INFO - [2024-02-25 20:37:58,374] {dagbag.py:507} INFO - Filling up the DagBag from /home/sheyla/Documents/Repositórios/airflowalura/venv/lib/python3.9/site-packages/airflow/example_dags/example_complex.py
[2024-02-25 20:37:58,390] {processor.py:651} INFO - DAG(s) dict_keys(['example_complex']) retrieved from /home/sheyla/Documents/Repositórios/airflowalura/venv/lib/python3.9/site-packages/airflow/example_dags/example_complex.py
[2024-02-25 20:37:58,411] {logging_mixin.py:115} INFO - [2024-02-25 20:37:58,411] {dag.py:2379} INFO - Sync 1 DAGs
[2024-02-25 20:37:58,426] {logging_mixin.py:115} INFO - [2024-02-25 20:37:58,426] {dag.py:2927} INFO - Setting next_dagrun for example_complex to None, run_after=None
[2024-02-25 20:37:58,439] {processor.py:161} INFO - Processing /home/sheyla/Documents/Repositórios/airflowalura/venv/lib/python3.9/site-packages/airflow/example_dags/example_complex.py took 0.073 seconds
[2024-02-25 20:38:34,487] {processor.py:153} INFO - Started process (PID=1960400) to work on /home/sheyla/Documents/Repositórios/airflowalura/venv/lib/python3.9/site-packages/airflow/example_dags/example_complex.py
[2024-02-25 20:38:34,494] {processor.py:641} INFO - Processing file /home/sheyla/Documents/Repositórios/airflowalura/venv/lib/python3.9/site-packages/airflow/example_dags/example_complex.py for tasks to queue
[2024-02-25 20:38:34,495] {logging_mixin.py:115} INFO - [2024-02-25 20:38:34,495] {dagbag.py:507} INFO - Filling up the DagBag from /home/sheyla/Documents/Repositórios/airflowalura/venv/lib/python3.9/site-packages/airflow/example_dags/example_complex.py
[2024-02-25 20:38:34,523] {processor.py:651} INFO - DAG(s) dict_keys(['example_complex']) retrieved from /home/sheyla/Documents/Repositórios/airflowalura/venv/lib/python3.9/site-packages/airflow/example_dags/example_complex.py
[2024-02-25 20:38:34,540] {logging_mixin.py:115} INFO - [2024-02-25 20:38:34,540] {dag.py:2379} INFO - Sync 1 DAGs
[2024-02-25 20:38:34,553] {logging_mixin.py:115} INFO - [2024-02-25 20:38:34,553] {dag.py:2927} INFO - Setting next_dagrun for example_complex to None, run_after=None
[2024-02-25 20:38:34,565] {processor.py:161} INFO - Processing /home/sheyla/Documents/Repositórios/airflowalura/venv/lib/python3.9/site-packages/airflow/example_dags/example_complex.py took 0.085 seconds
[2024-02-25 20:39:08,138] {processor.py:153} INFO - Started process (PID=1960753) to work on /home/sheyla/Documents/Repositórios/airflowalura/venv/lib/python3.9/site-packages/airflow/example_dags/example_complex.py
[2024-02-25 20:39:08,139] {processor.py:641} INFO - Processing file /home/sheyla/Documents/Repositórios/airflowalura/venv/lib/python3.9/site-packages/airflow/example_dags/example_complex.py for tasks to queue
[2024-02-25 20:39:08,140] {logging_mixin.py:115} INFO - [2024-02-25 20:39:08,139] {dagbag.py:507} INFO - Filling up the DagBag from /home/sheyla/Documents/Repositórios/airflowalura/venv/lib/python3.9/site-packages/airflow/example_dags/example_complex.py
[2024-02-25 20:39:08,156] {processor.py:651} INFO - DAG(s) dict_keys(['example_complex']) retrieved from /home/sheyla/Documents/Repositórios/airflowalura/venv/lib/python3.9/site-packages/airflow/example_dags/example_complex.py
[2024-02-25 20:39:08,172] {logging_mixin.py:115} INFO - [2024-02-25 20:39:08,172] {dag.py:2379} INFO - Sync 1 DAGs
[2024-02-25 20:39:08,184] {logging_mixin.py:115} INFO - [2024-02-25 20:39:08,184] {dag.py:2927} INFO - Setting next_dagrun for example_complex to None, run_after=None
[2024-02-25 20:39:08,195] {processor.py:161} INFO - Processing /home/sheyla/Documents/Repositórios/airflowalura/venv/lib/python3.9/site-packages/airflow/example_dags/example_complex.py took 0.059 seconds
[2024-02-25 20:39:44,195] {processor.py:153} INFO - Started process (PID=1961120) to work on /home/sheyla/Documents/Repositórios/airflowalura/venv/lib/python3.9/site-packages/airflow/example_dags/example_complex.py
[2024-02-25 20:39:44,196] {processor.py:641} INFO - Processing file /home/sheyla/Documents/Repositórios/airflowalura/venv/lib/python3.9/site-packages/airflow/example_dags/example_complex.py for tasks to queue
[2024-02-25 20:39:44,198] {logging_mixin.py:115} INFO - [2024-02-25 20:39:44,197] {dagbag.py:507} INFO - Filling up the DagBag from /home/sheyla/Documents/Repositórios/airflowalura/venv/lib/python3.9/site-packages/airflow/example_dags/example_complex.py
[2024-02-25 20:39:44,224] {processor.py:651} INFO - DAG(s) dict_keys(['example_complex']) retrieved from /home/sheyla/Documents/Repositórios/airflowalura/venv/lib/python3.9/site-packages/airflow/example_dags/example_complex.py
[2024-02-25 20:39:44,241] {logging_mixin.py:115} INFO - [2024-02-25 20:39:44,241] {dag.py:2379} INFO - Sync 1 DAGs
[2024-02-25 20:39:44,260] {logging_mixin.py:115} INFO - [2024-02-25 20:39:44,260] {dag.py:2927} INFO - Setting next_dagrun for example_complex to None, run_after=None
[2024-02-25 20:39:44,272] {processor.py:161} INFO - Processing /home/sheyla/Documents/Repositórios/airflowalura/venv/lib/python3.9/site-packages/airflow/example_dags/example_complex.py took 0.082 seconds
[2024-02-25 20:40:19,042] {processor.py:153} INFO - Started process (PID=1961487) to work on /home/sheyla/Documents/Repositórios/airflowalura/venv/lib/python3.9/site-packages/airflow/example_dags/example_complex.py
[2024-02-25 20:40:19,045] {processor.py:641} INFO - Processing file /home/sheyla/Documents/Repositórios/airflowalura/venv/lib/python3.9/site-packages/airflow/example_dags/example_complex.py for tasks to queue
[2024-02-25 20:40:19,046] {logging_mixin.py:115} INFO - [2024-02-25 20:40:19,046] {dagbag.py:507} INFO - Filling up the DagBag from /home/sheyla/Documents/Repositórios/airflowalura/venv/lib/python3.9/site-packages/airflow/example_dags/example_complex.py
[2024-02-25 20:40:19,058] {processor.py:651} INFO - DAG(s) dict_keys(['example_complex']) retrieved from /home/sheyla/Documents/Repositórios/airflowalura/venv/lib/python3.9/site-packages/airflow/example_dags/example_complex.py
[2024-02-25 20:40:19,072] {logging_mixin.py:115} INFO - [2024-02-25 20:40:19,072] {dag.py:2379} INFO - Sync 1 DAGs
[2024-02-25 20:40:19,083] {logging_mixin.py:115} INFO - [2024-02-25 20:40:19,083] {dag.py:2927} INFO - Setting next_dagrun for example_complex to None, run_after=None
[2024-02-25 20:40:19,094] {processor.py:161} INFO - Processing /home/sheyla/Documents/Repositórios/airflowalura/venv/lib/python3.9/site-packages/airflow/example_dags/example_complex.py took 0.054 seconds
[2024-02-25 20:40:56,243] {processor.py:153} INFO - Started process (PID=1961859) to work on /home/sheyla/Documents/Repositórios/airflowalura/venv/lib/python3.9/site-packages/airflow/example_dags/example_complex.py
[2024-02-25 20:40:56,249] {processor.py:641} INFO - Processing file /home/sheyla/Documents/Repositórios/airflowalura/venv/lib/python3.9/site-packages/airflow/example_dags/example_complex.py for tasks to queue
[2024-02-25 20:40:56,250] {logging_mixin.py:115} INFO - [2024-02-25 20:40:56,250] {dagbag.py:507} INFO - Filling up the DagBag from /home/sheyla/Documents/Repositórios/airflowalura/venv/lib/python3.9/site-packages/airflow/example_dags/example_complex.py
[2024-02-25 20:40:56,279] {processor.py:651} INFO - DAG(s) dict_keys(['example_complex']) retrieved from /home/sheyla/Documents/Repositórios/airflowalura/venv/lib/python3.9/site-packages/airflow/example_dags/example_complex.py
[2024-02-25 20:40:56,299] {logging_mixin.py:115} INFO - [2024-02-25 20:40:56,299] {dag.py:2379} INFO - Sync 1 DAGs
[2024-02-25 20:40:56,311] {logging_mixin.py:115} INFO - [2024-02-25 20:40:56,311] {dag.py:2927} INFO - Setting next_dagrun for example_complex to None, run_after=None
[2024-02-25 20:40:56,325] {processor.py:161} INFO - Processing /home/sheyla/Documents/Repositórios/airflowalura/venv/lib/python3.9/site-packages/airflow/example_dags/example_complex.py took 0.086 seconds
[2024-02-25 20:41:32,129] {processor.py:153} INFO - Started process (PID=1962252) to work on /home/sheyla/Documents/Repositórios/airflowalura/venv/lib/python3.9/site-packages/airflow/example_dags/example_complex.py
[2024-02-25 20:41:32,129] {processor.py:641} INFO - Processing file /home/sheyla/Documents/Repositórios/airflowalura/venv/lib/python3.9/site-packages/airflow/example_dags/example_complex.py for tasks to queue
[2024-02-25 20:41:32,130] {logging_mixin.py:115} INFO - [2024-02-25 20:41:32,130] {dagbag.py:507} INFO - Filling up the DagBag from /home/sheyla/Documents/Repositórios/airflowalura/venv/lib/python3.9/site-packages/airflow/example_dags/example_complex.py
[2024-02-25 20:41:32,141] {processor.py:651} INFO - DAG(s) dict_keys(['example_complex']) retrieved from /home/sheyla/Documents/Repositórios/airflowalura/venv/lib/python3.9/site-packages/airflow/example_dags/example_complex.py
[2024-02-25 20:41:32,155] {logging_mixin.py:115} INFO - [2024-02-25 20:41:32,155] {dag.py:2379} INFO - Sync 1 DAGs
[2024-02-25 20:41:32,167] {logging_mixin.py:115} INFO - [2024-02-25 20:41:32,167] {dag.py:2927} INFO - Setting next_dagrun for example_complex to None, run_after=None
[2024-02-25 20:41:32,178] {processor.py:161} INFO - Processing /home/sheyla/Documents/Repositórios/airflowalura/venv/lib/python3.9/site-packages/airflow/example_dags/example_complex.py took 0.052 seconds
[2024-02-25 20:42:06,222] {processor.py:153} INFO - Started process (PID=1962608) to work on /home/sheyla/Documents/Repositórios/airflowalura/venv/lib/python3.9/site-packages/airflow/example_dags/example_complex.py
[2024-02-25 20:42:06,228] {processor.py:641} INFO - Processing file /home/sheyla/Documents/Repositórios/airflowalura/venv/lib/python3.9/site-packages/airflow/example_dags/example_complex.py for tasks to queue
[2024-02-25 20:42:06,229] {logging_mixin.py:115} INFO - [2024-02-25 20:42:06,229] {dagbag.py:507} INFO - Filling up the DagBag from /home/sheyla/Documents/Repositórios/airflowalura/venv/lib/python3.9/site-packages/airflow/example_dags/example_complex.py
[2024-02-25 20:42:06,261] {processor.py:651} INFO - DAG(s) dict_keys(['example_complex']) retrieved from /home/sheyla/Documents/Repositórios/airflowalura/venv/lib/python3.9/site-packages/airflow/example_dags/example_complex.py
[2024-02-25 20:42:06,281] {logging_mixin.py:115} INFO - [2024-02-25 20:42:06,280] {dag.py:2379} INFO - Sync 1 DAGs
[2024-02-25 20:42:06,294] {logging_mixin.py:115} INFO - [2024-02-25 20:42:06,294] {dag.py:2927} INFO - Setting next_dagrun for example_complex to None, run_after=None
[2024-02-25 20:42:06,307] {processor.py:161} INFO - Processing /home/sheyla/Documents/Repositórios/airflowalura/venv/lib/python3.9/site-packages/airflow/example_dags/example_complex.py took 0.092 seconds
[2024-02-25 20:42:42,920] {processor.py:153} INFO - Started process (PID=1962990) to work on /home/sheyla/Documents/Repositórios/airflowalura/venv/lib/python3.9/site-packages/airflow/example_dags/example_complex.py
[2024-02-25 20:42:42,925] {processor.py:641} INFO - Processing file /home/sheyla/Documents/Repositórios/airflowalura/venv/lib/python3.9/site-packages/airflow/example_dags/example_complex.py for tasks to queue
[2024-02-25 20:42:42,926] {logging_mixin.py:115} INFO - [2024-02-25 20:42:42,926] {dagbag.py:507} INFO - Filling up the DagBag from /home/sheyla/Documents/Repositórios/airflowalura/venv/lib/python3.9/site-packages/airflow/example_dags/example_complex.py
[2024-02-25 20:42:42,937] {processor.py:651} INFO - DAG(s) dict_keys(['example_complex']) retrieved from /home/sheyla/Documents/Repositórios/airflowalura/venv/lib/python3.9/site-packages/airflow/example_dags/example_complex.py
[2024-02-25 20:42:42,951] {logging_mixin.py:115} INFO - [2024-02-25 20:42:42,951] {dag.py:2379} INFO - Sync 1 DAGs
[2024-02-25 20:42:42,963] {logging_mixin.py:115} INFO - [2024-02-25 20:42:42,963] {dag.py:2927} INFO - Setting next_dagrun for example_complex to None, run_after=None
[2024-02-25 20:42:42,975] {processor.py:161} INFO - Processing /home/sheyla/Documents/Repositórios/airflowalura/venv/lib/python3.9/site-packages/airflow/example_dags/example_complex.py took 0.060 seconds
[2024-02-25 20:43:15,296] {processor.py:153} INFO - Started process (PID=1963318) to work on /home/sheyla/Documents/Repositórios/airflowalura/venv/lib/python3.9/site-packages/airflow/example_dags/example_complex.py
[2024-02-25 20:43:15,302] {processor.py:641} INFO - Processing file /home/sheyla/Documents/Repositórios/airflowalura/venv/lib/python3.9/site-packages/airflow/example_dags/example_complex.py for tasks to queue
[2024-02-25 20:43:15,303] {logging_mixin.py:115} INFO - [2024-02-25 20:43:15,303] {dagbag.py:507} INFO - Filling up the DagBag from /home/sheyla/Documents/Repositórios/airflowalura/venv/lib/python3.9/site-packages/airflow/example_dags/example_complex.py
[2024-02-25 20:43:15,328] {processor.py:651} INFO - DAG(s) dict_keys(['example_complex']) retrieved from /home/sheyla/Documents/Repositórios/airflowalura/venv/lib/python3.9/site-packages/airflow/example_dags/example_complex.py
[2024-02-25 20:43:15,344] {logging_mixin.py:115} INFO - [2024-02-25 20:43:15,344] {dag.py:2379} INFO - Sync 1 DAGs
[2024-02-25 20:43:15,357] {logging_mixin.py:115} INFO - [2024-02-25 20:43:15,357] {dag.py:2927} INFO - Setting next_dagrun for example_complex to None, run_after=None
[2024-02-25 20:43:15,369] {processor.py:161} INFO - Processing /home/sheyla/Documents/Repositórios/airflowalura/venv/lib/python3.9/site-packages/airflow/example_dags/example_complex.py took 0.079 seconds
[2024-02-25 20:43:49,333] {processor.py:153} INFO - Started process (PID=1963665) to work on /home/sheyla/Documents/Repositórios/airflowalura/venv/lib/python3.9/site-packages/airflow/example_dags/example_complex.py
[2024-02-25 20:43:49,336] {processor.py:641} INFO - Processing file /home/sheyla/Documents/Repositórios/airflowalura/venv/lib/python3.9/site-packages/airflow/example_dags/example_complex.py for tasks to queue
[2024-02-25 20:43:49,337] {logging_mixin.py:115} INFO - [2024-02-25 20:43:49,337] {dagbag.py:507} INFO - Filling up the DagBag from /home/sheyla/Documents/Repositórios/airflowalura/venv/lib/python3.9/site-packages/airflow/example_dags/example_complex.py
[2024-02-25 20:43:49,352] {processor.py:651} INFO - DAG(s) dict_keys(['example_complex']) retrieved from /home/sheyla/Documents/Repositórios/airflowalura/venv/lib/python3.9/site-packages/airflow/example_dags/example_complex.py
[2024-02-25 20:43:49,372] {logging_mixin.py:115} INFO - [2024-02-25 20:43:49,372] {dag.py:2379} INFO - Sync 1 DAGs
[2024-02-25 20:43:49,385] {logging_mixin.py:115} INFO - [2024-02-25 20:43:49,385] {dag.py:2927} INFO - Setting next_dagrun for example_complex to None, run_after=None
[2024-02-25 20:43:49,402] {processor.py:161} INFO - Processing /home/sheyla/Documents/Repositórios/airflowalura/venv/lib/python3.9/site-packages/airflow/example_dags/example_complex.py took 0.072 seconds
[2024-02-25 20:44:29,343] {processor.py:153} INFO - Started process (PID=1964077) to work on /home/sheyla/Documents/Repositórios/airflowalura/venv/lib/python3.9/site-packages/airflow/example_dags/example_complex.py
[2024-02-25 20:44:29,349] {processor.py:641} INFO - Processing file /home/sheyla/Documents/Repositórios/airflowalura/venv/lib/python3.9/site-packages/airflow/example_dags/example_complex.py for tasks to queue
[2024-02-25 20:44:29,350] {logging_mixin.py:115} INFO - [2024-02-25 20:44:29,350] {dagbag.py:507} INFO - Filling up the DagBag from /home/sheyla/Documents/Repositórios/airflowalura/venv/lib/python3.9/site-packages/airflow/example_dags/example_complex.py
[2024-02-25 20:44:29,379] {processor.py:651} INFO - DAG(s) dict_keys(['example_complex']) retrieved from /home/sheyla/Documents/Repositórios/airflowalura/venv/lib/python3.9/site-packages/airflow/example_dags/example_complex.py
[2024-02-25 20:44:29,397] {logging_mixin.py:115} INFO - [2024-02-25 20:44:29,397] {dag.py:2379} INFO - Sync 1 DAGs
[2024-02-25 20:44:29,409] {logging_mixin.py:115} INFO - [2024-02-25 20:44:29,409] {dag.py:2927} INFO - Setting next_dagrun for example_complex to None, run_after=None
[2024-02-25 20:44:29,422] {processor.py:161} INFO - Processing /home/sheyla/Documents/Repositórios/airflowalura/venv/lib/python3.9/site-packages/airflow/example_dags/example_complex.py took 0.081 seconds
[2024-02-25 20:45:04,229] {processor.py:153} INFO - Started process (PID=1964438) to work on /home/sheyla/Documents/Repositórios/airflowalura/venv/lib/python3.9/site-packages/airflow/example_dags/example_complex.py
[2024-02-25 20:45:04,230] {processor.py:641} INFO - Processing file /home/sheyla/Documents/Repositórios/airflowalura/venv/lib/python3.9/site-packages/airflow/example_dags/example_complex.py for tasks to queue
[2024-02-25 20:45:04,232] {logging_mixin.py:115} INFO - [2024-02-25 20:45:04,231] {dagbag.py:507} INFO - Filling up the DagBag from /home/sheyla/Documents/Repositórios/airflowalura/venv/lib/python3.9/site-packages/airflow/example_dags/example_complex.py
[2024-02-25 20:45:04,261] {processor.py:651} INFO - DAG(s) dict_keys(['example_complex']) retrieved from /home/sheyla/Documents/Repositórios/airflowalura/venv/lib/python3.9/site-packages/airflow/example_dags/example_complex.py
[2024-02-25 20:45:04,280] {logging_mixin.py:115} INFO - [2024-02-25 20:45:04,280] {dag.py:2379} INFO - Sync 1 DAGs
[2024-02-25 20:45:04,292] {logging_mixin.py:115} INFO - [2024-02-25 20:45:04,292] {dag.py:2927} INFO - Setting next_dagrun for example_complex to None, run_after=None
[2024-02-25 20:45:04,305] {processor.py:161} INFO - Processing /home/sheyla/Documents/Repositórios/airflowalura/venv/lib/python3.9/site-packages/airflow/example_dags/example_complex.py took 0.084 seconds
[2024-02-25 20:45:39,083] {processor.py:153} INFO - Started process (PID=1964798) to work on /home/sheyla/Documents/Repositórios/airflowalura/venv/lib/python3.9/site-packages/airflow/example_dags/example_complex.py
[2024-02-25 20:45:39,084] {processor.py:641} INFO - Processing file /home/sheyla/Documents/Repositórios/airflowalura/venv/lib/python3.9/site-packages/airflow/example_dags/example_complex.py for tasks to queue
[2024-02-25 20:45:39,084] {logging_mixin.py:115} INFO - [2024-02-25 20:45:39,084] {dagbag.py:507} INFO - Filling up the DagBag from /home/sheyla/Documents/Repositórios/airflowalura/venv/lib/python3.9/site-packages/airflow/example_dags/example_complex.py
[2024-02-25 20:45:39,095] {processor.py:651} INFO - DAG(s) dict_keys(['example_complex']) retrieved from /home/sheyla/Documents/Repositórios/airflowalura/venv/lib/python3.9/site-packages/airflow/example_dags/example_complex.py
[2024-02-25 20:45:39,109] {logging_mixin.py:115} INFO - [2024-02-25 20:45:39,109] {dag.py:2379} INFO - Sync 1 DAGs
[2024-02-25 20:45:39,121] {logging_mixin.py:115} INFO - [2024-02-25 20:45:39,120] {dag.py:2927} INFO - Setting next_dagrun for example_complex to None, run_after=None
[2024-02-25 20:45:39,140] {processor.py:161} INFO - Processing /home/sheyla/Documents/Repositórios/airflowalura/venv/lib/python3.9/site-packages/airflow/example_dags/example_complex.py took 0.060 seconds
[2024-02-25 20:46:13,426] {processor.py:153} INFO - Started process (PID=1965150) to work on /home/sheyla/Documents/Repositórios/airflowalura/venv/lib/python3.9/site-packages/airflow/example_dags/example_complex.py
[2024-02-25 20:46:13,431] {processor.py:641} INFO - Processing file /home/sheyla/Documents/Repositórios/airflowalura/venv/lib/python3.9/site-packages/airflow/example_dags/example_complex.py for tasks to queue
[2024-02-25 20:46:13,432] {logging_mixin.py:115} INFO - [2024-02-25 20:46:13,432] {dagbag.py:507} INFO - Filling up the DagBag from /home/sheyla/Documents/Repositórios/airflowalura/venv/lib/python3.9/site-packages/airflow/example_dags/example_complex.py
[2024-02-25 20:46:13,447] {processor.py:651} INFO - DAG(s) dict_keys(['example_complex']) retrieved from /home/sheyla/Documents/Repositórios/airflowalura/venv/lib/python3.9/site-packages/airflow/example_dags/example_complex.py
[2024-02-25 20:46:13,467] {logging_mixin.py:115} INFO - [2024-02-25 20:46:13,467] {dag.py:2379} INFO - Sync 1 DAGs
[2024-02-25 20:46:13,480] {logging_mixin.py:115} INFO - [2024-02-25 20:46:13,480] {dag.py:2927} INFO - Setting next_dagrun for example_complex to None, run_after=None
[2024-02-25 20:46:13,491] {processor.py:161} INFO - Processing /home/sheyla/Documents/Repositórios/airflowalura/venv/lib/python3.9/site-packages/airflow/example_dags/example_complex.py took 0.069 seconds
[2024-02-25 20:46:52,505] {processor.py:153} INFO - Started process (PID=1965563) to work on /home/sheyla/Documents/Repositórios/airflowalura/venv/lib/python3.9/site-packages/airflow/example_dags/example_complex.py
[2024-02-25 20:46:52,511] {processor.py:641} INFO - Processing file /home/sheyla/Documents/Repositórios/airflowalura/venv/lib/python3.9/site-packages/airflow/example_dags/example_complex.py for tasks to queue
[2024-02-25 20:46:52,512] {logging_mixin.py:115} INFO - [2024-02-25 20:46:52,512] {dagbag.py:507} INFO - Filling up the DagBag from /home/sheyla/Documents/Repositórios/airflowalura/venv/lib/python3.9/site-packages/airflow/example_dags/example_complex.py
[2024-02-25 20:46:52,538] {processor.py:651} INFO - DAG(s) dict_keys(['example_complex']) retrieved from /home/sheyla/Documents/Repositórios/airflowalura/venv/lib/python3.9/site-packages/airflow/example_dags/example_complex.py
[2024-02-25 20:46:52,555] {logging_mixin.py:115} INFO - [2024-02-25 20:46:52,555] {dag.py:2379} INFO - Sync 1 DAGs
[2024-02-25 20:46:52,568] {logging_mixin.py:115} INFO - [2024-02-25 20:46:52,568] {dag.py:2927} INFO - Setting next_dagrun for example_complex to None, run_after=None
[2024-02-25 20:46:52,584] {processor.py:161} INFO - Processing /home/sheyla/Documents/Repositórios/airflowalura/venv/lib/python3.9/site-packages/airflow/example_dags/example_complex.py took 0.086 seconds
[2024-02-25 20:47:30,512] {processor.py:153} INFO - Started process (PID=1966141) to work on /home/sheyla/Documents/Repositórios/airflowalura/venv/lib/python3.9/site-packages/airflow/example_dags/example_complex.py
[2024-02-25 20:47:30,513] {processor.py:641} INFO - Processing file /home/sheyla/Documents/Repositórios/airflowalura/venv/lib/python3.9/site-packages/airflow/example_dags/example_complex.py for tasks to queue
[2024-02-25 20:47:30,513] {logging_mixin.py:115} INFO - [2024-02-25 20:47:30,513] {dagbag.py:507} INFO - Filling up the DagBag from /home/sheyla/Documents/Repositórios/airflowalura/venv/lib/python3.9/site-packages/airflow/example_dags/example_complex.py
[2024-02-25 20:47:30,530] {processor.py:651} INFO - DAG(s) dict_keys(['example_complex']) retrieved from /home/sheyla/Documents/Repositórios/airflowalura/venv/lib/python3.9/site-packages/airflow/example_dags/example_complex.py
[2024-02-25 20:47:30,547] {logging_mixin.py:115} INFO - [2024-02-25 20:47:30,547] {dag.py:2379} INFO - Sync 1 DAGs
[2024-02-25 20:47:30,563] {logging_mixin.py:115} INFO - [2024-02-25 20:47:30,563] {dag.py:2927} INFO - Setting next_dagrun for example_complex to None, run_after=None
[2024-02-25 20:47:30,577] {processor.py:161} INFO - Processing /home/sheyla/Documents/Repositórios/airflowalura/venv/lib/python3.9/site-packages/airflow/example_dags/example_complex.py took 0.070 seconds
[2024-02-25 20:48:05,604] {processor.py:153} INFO - Started process (PID=1966674) to work on /home/sheyla/Documents/Repositórios/airflowalura/venv/lib/python3.9/site-packages/airflow/example_dags/example_complex.py
[2024-02-25 20:48:05,609] {processor.py:641} INFO - Processing file /home/sheyla/Documents/Repositórios/airflowalura/venv/lib/python3.9/site-packages/airflow/example_dags/example_complex.py for tasks to queue
[2024-02-25 20:48:05,610] {logging_mixin.py:115} INFO - [2024-02-25 20:48:05,610] {dagbag.py:507} INFO - Filling up the DagBag from /home/sheyla/Documents/Repositórios/airflowalura/venv/lib/python3.9/site-packages/airflow/example_dags/example_complex.py
[2024-02-25 20:48:05,619] {processor.py:651} INFO - DAG(s) dict_keys(['example_complex']) retrieved from /home/sheyla/Documents/Repositórios/airflowalura/venv/lib/python3.9/site-packages/airflow/example_dags/example_complex.py
[2024-02-25 20:48:05,633] {logging_mixin.py:115} INFO - [2024-02-25 20:48:05,633] {dag.py:2379} INFO - Sync 1 DAGs
[2024-02-25 20:48:05,645] {logging_mixin.py:115} INFO - [2024-02-25 20:48:05,645] {dag.py:2927} INFO - Setting next_dagrun for example_complex to None, run_after=None
[2024-02-25 20:48:05,659] {processor.py:161} INFO - Processing /home/sheyla/Documents/Repositórios/airflowalura/venv/lib/python3.9/site-packages/airflow/example_dags/example_complex.py took 0.056 seconds
[2024-02-25 20:48:39,503] {processor.py:153} INFO - Started process (PID=1967131) to work on /home/sheyla/Documents/Repositórios/airflowalura/venv/lib/python3.9/site-packages/airflow/example_dags/example_complex.py
[2024-02-25 20:48:39,509] {processor.py:641} INFO - Processing file /home/sheyla/Documents/Repositórios/airflowalura/venv/lib/python3.9/site-packages/airflow/example_dags/example_complex.py for tasks to queue
[2024-02-25 20:48:39,511] {logging_mixin.py:115} INFO - [2024-02-25 20:48:39,510] {dagbag.py:507} INFO - Filling up the DagBag from /home/sheyla/Documents/Repositórios/airflowalura/venv/lib/python3.9/site-packages/airflow/example_dags/example_complex.py
[2024-02-25 20:48:39,534] {processor.py:651} INFO - DAG(s) dict_keys(['example_complex']) retrieved from /home/sheyla/Documents/Repositórios/airflowalura/venv/lib/python3.9/site-packages/airflow/example_dags/example_complex.py
[2024-02-25 20:48:39,551] {logging_mixin.py:115} INFO - [2024-02-25 20:48:39,551] {dag.py:2379} INFO - Sync 1 DAGs
[2024-02-25 20:48:39,563] {logging_mixin.py:115} INFO - [2024-02-25 20:48:39,563] {dag.py:2927} INFO - Setting next_dagrun for example_complex to None, run_after=None
[2024-02-25 20:48:39,583] {processor.py:161} INFO - Processing /home/sheyla/Documents/Repositórios/airflowalura/venv/lib/python3.9/site-packages/airflow/example_dags/example_complex.py took 0.086 seconds
