[2024-02-25 20:34:08,102] {processor.py:153} INFO - Started process (PID=1957584) to work on /home/sheyla/Documents/Repositórios/airflowalura/venv/lib/python3.9/site-packages/airflow/example_dags/example_branch_day_of_week_operator.py
[2024-02-25 20:34:08,103] {processor.py:641} INFO - Processing file /home/sheyla/Documents/Repositórios/airflowalura/venv/lib/python3.9/site-packages/airflow/example_dags/example_branch_day_of_week_operator.py for tasks to queue
[2024-02-25 20:34:08,104] {logging_mixin.py:115} INFO - [2024-02-25 20:34:08,104] {dagbag.py:507} INFO - Filling up the DagBag from /home/sheyla/Documents/Repositórios/airflowalura/venv/lib/python3.9/site-packages/airflow/example_dags/example_branch_day_of_week_operator.py
[2024-02-25 20:34:08,118] {processor.py:651} INFO - DAG(s) dict_keys(['example_weekday_branch_operator']) retrieved from /home/sheyla/Documents/Repositórios/airflowalura/venv/lib/python3.9/site-packages/airflow/example_dags/example_branch_day_of_week_operator.py
[2024-02-25 20:34:08,132] {logging_mixin.py:115} INFO - [2024-02-25 20:34:08,132] {dag.py:2379} INFO - Sync 1 DAGs
[2024-02-25 20:34:08,148] {logging_mixin.py:115} INFO - [2024-02-25 20:34:08,148] {dag.py:2927} INFO - Setting next_dagrun for example_weekday_branch_operator to 2024-02-25T00:00:00+00:00, run_after=2024-02-26T00:00:00+00:00
[2024-02-25 20:34:08,164] {processor.py:161} INFO - Processing /home/sheyla/Documents/Repositórios/airflowalura/venv/lib/python3.9/site-packages/airflow/example_dags/example_branch_day_of_week_operator.py took 0.067 seconds
[2024-02-25 20:34:48,250] {processor.py:153} INFO - Started process (PID=1958062) to work on /home/sheyla/Documents/Repositórios/airflowalura/venv/lib/python3.9/site-packages/airflow/example_dags/example_branch_day_of_week_operator.py
[2024-02-25 20:34:48,252] {processor.py:641} INFO - Processing file /home/sheyla/Documents/Repositórios/airflowalura/venv/lib/python3.9/site-packages/airflow/example_dags/example_branch_day_of_week_operator.py for tasks to queue
[2024-02-25 20:34:48,253] {logging_mixin.py:115} INFO - [2024-02-25 20:34:48,252] {dagbag.py:507} INFO - Filling up the DagBag from /home/sheyla/Documents/Repositórios/airflowalura/venv/lib/python3.9/site-packages/airflow/example_dags/example_branch_day_of_week_operator.py
[2024-02-25 20:34:48,270] {processor.py:651} INFO - DAG(s) dict_keys(['example_weekday_branch_operator']) retrieved from /home/sheyla/Documents/Repositórios/airflowalura/venv/lib/python3.9/site-packages/airflow/example_dags/example_branch_day_of_week_operator.py
[2024-02-25 20:34:48,285] {logging_mixin.py:115} INFO - [2024-02-25 20:34:48,285] {dag.py:2379} INFO - Sync 1 DAGs
[2024-02-25 20:34:48,301] {logging_mixin.py:115} INFO - [2024-02-25 20:34:48,301] {dag.py:2927} INFO - Setting next_dagrun for example_weekday_branch_operator to 2024-02-25T00:00:00+00:00, run_after=2024-02-26T00:00:00+00:00
[2024-02-25 20:34:48,330] {processor.py:161} INFO - Processing /home/sheyla/Documents/Repositórios/airflowalura/venv/lib/python3.9/site-packages/airflow/example_dags/example_branch_day_of_week_operator.py took 0.085 seconds
[2024-02-25 20:35:27,614] {processor.py:153} INFO - Started process (PID=1958452) to work on /home/sheyla/Documents/Repositórios/airflowalura/venv/lib/python3.9/site-packages/airflow/example_dags/example_branch_day_of_week_operator.py
[2024-02-25 20:35:27,615] {processor.py:641} INFO - Processing file /home/sheyla/Documents/Repositórios/airflowalura/venv/lib/python3.9/site-packages/airflow/example_dags/example_branch_day_of_week_operator.py for tasks to queue
[2024-02-25 20:35:27,616] {logging_mixin.py:115} INFO - [2024-02-25 20:35:27,616] {dagbag.py:507} INFO - Filling up the DagBag from /home/sheyla/Documents/Repositórios/airflowalura/venv/lib/python3.9/site-packages/airflow/example_dags/example_branch_day_of_week_operator.py
[2024-02-25 20:35:27,635] {processor.py:651} INFO - DAG(s) dict_keys(['example_weekday_branch_operator']) retrieved from /home/sheyla/Documents/Repositórios/airflowalura/venv/lib/python3.9/site-packages/airflow/example_dags/example_branch_day_of_week_operator.py
[2024-02-25 20:35:27,651] {logging_mixin.py:115} INFO - [2024-02-25 20:35:27,651] {dag.py:2379} INFO - Sync 1 DAGs
[2024-02-25 20:35:27,667] {logging_mixin.py:115} INFO - [2024-02-25 20:35:27,667] {dag.py:2927} INFO - Setting next_dagrun for example_weekday_branch_operator to 2024-02-25T00:00:00+00:00, run_after=2024-02-26T00:00:00+00:00
[2024-02-25 20:35:27,679] {processor.py:161} INFO - Processing /home/sheyla/Documents/Repositórios/airflowalura/venv/lib/python3.9/site-packages/airflow/example_dags/example_branch_day_of_week_operator.py took 0.072 seconds
[2024-02-25 20:36:03,973] {processor.py:153} INFO - Started process (PID=1958837) to work on /home/sheyla/Documents/Repositórios/airflowalura/venv/lib/python3.9/site-packages/airflow/example_dags/example_branch_day_of_week_operator.py
[2024-02-25 20:36:03,979] {processor.py:641} INFO - Processing file /home/sheyla/Documents/Repositórios/airflowalura/venv/lib/python3.9/site-packages/airflow/example_dags/example_branch_day_of_week_operator.py for tasks to queue
[2024-02-25 20:36:03,980] {logging_mixin.py:115} INFO - [2024-02-25 20:36:03,980] {dagbag.py:507} INFO - Filling up the DagBag from /home/sheyla/Documents/Repositórios/airflowalura/venv/lib/python3.9/site-packages/airflow/example_dags/example_branch_day_of_week_operator.py
[2024-02-25 20:36:04,000] {processor.py:651} INFO - DAG(s) dict_keys(['example_weekday_branch_operator']) retrieved from /home/sheyla/Documents/Repositórios/airflowalura/venv/lib/python3.9/site-packages/airflow/example_dags/example_branch_day_of_week_operator.py
[2024-02-25 20:36:04,018] {logging_mixin.py:115} INFO - [2024-02-25 20:36:04,018] {dag.py:2379} INFO - Sync 1 DAGs
[2024-02-25 20:36:04,034] {logging_mixin.py:115} INFO - [2024-02-25 20:36:04,034] {dag.py:2927} INFO - Setting next_dagrun for example_weekday_branch_operator to 2024-02-25T00:00:00+00:00, run_after=2024-02-26T00:00:00+00:00
[2024-02-25 20:36:04,047] {processor.py:161} INFO - Processing /home/sheyla/Documents/Repositórios/airflowalura/venv/lib/python3.9/site-packages/airflow/example_dags/example_branch_day_of_week_operator.py took 0.081 seconds
[2024-02-25 20:36:47,591] {processor.py:153} INFO - Started process (PID=1959300) to work on /home/sheyla/Documents/Repositórios/airflowalura/venv/lib/python3.9/site-packages/airflow/example_dags/example_branch_day_of_week_operator.py
[2024-02-25 20:36:47,597] {processor.py:641} INFO - Processing file /home/sheyla/Documents/Repositórios/airflowalura/venv/lib/python3.9/site-packages/airflow/example_dags/example_branch_day_of_week_operator.py for tasks to queue
[2024-02-25 20:36:47,599] {logging_mixin.py:115} INFO - [2024-02-25 20:36:47,598] {dagbag.py:507} INFO - Filling up the DagBag from /home/sheyla/Documents/Repositórios/airflowalura/venv/lib/python3.9/site-packages/airflow/example_dags/example_branch_day_of_week_operator.py
[2024-02-25 20:36:47,613] {processor.py:651} INFO - DAG(s) dict_keys(['example_weekday_branch_operator']) retrieved from /home/sheyla/Documents/Repositórios/airflowalura/venv/lib/python3.9/site-packages/airflow/example_dags/example_branch_day_of_week_operator.py
[2024-02-25 20:36:47,627] {logging_mixin.py:115} INFO - [2024-02-25 20:36:47,627] {dag.py:2379} INFO - Sync 1 DAGs
[2024-02-25 20:36:47,643] {logging_mixin.py:115} INFO - [2024-02-25 20:36:47,643] {dag.py:2927} INFO - Setting next_dagrun for example_weekday_branch_operator to 2024-02-25T00:00:00+00:00, run_after=2024-02-26T00:00:00+00:00
[2024-02-25 20:36:47,657] {processor.py:161} INFO - Processing /home/sheyla/Documents/Repositórios/airflowalura/venv/lib/python3.9/site-packages/airflow/example_dags/example_branch_day_of_week_operator.py took 0.072 seconds
[2024-02-25 20:37:26,977] {processor.py:153} INFO - Started process (PID=1959709) to work on /home/sheyla/Documents/Repositórios/airflowalura/venv/lib/python3.9/site-packages/airflow/example_dags/example_branch_day_of_week_operator.py
[2024-02-25 20:37:26,983] {processor.py:641} INFO - Processing file /home/sheyla/Documents/Repositórios/airflowalura/venv/lib/python3.9/site-packages/airflow/example_dags/example_branch_day_of_week_operator.py for tasks to queue
[2024-02-25 20:37:26,985] {logging_mixin.py:115} INFO - [2024-02-25 20:37:26,985] {dagbag.py:507} INFO - Filling up the DagBag from /home/sheyla/Documents/Repositórios/airflowalura/venv/lib/python3.9/site-packages/airflow/example_dags/example_branch_day_of_week_operator.py
[2024-02-25 20:37:27,004] {processor.py:651} INFO - DAG(s) dict_keys(['example_weekday_branch_operator']) retrieved from /home/sheyla/Documents/Repositórios/airflowalura/venv/lib/python3.9/site-packages/airflow/example_dags/example_branch_day_of_week_operator.py
[2024-02-25 20:37:27,020] {logging_mixin.py:115} INFO - [2024-02-25 20:37:27,020] {dag.py:2379} INFO - Sync 1 DAGs
[2024-02-25 20:37:27,035] {logging_mixin.py:115} INFO - [2024-02-25 20:37:27,035] {dag.py:2927} INFO - Setting next_dagrun for example_weekday_branch_operator to 2024-02-25T00:00:00+00:00, run_after=2024-02-26T00:00:00+00:00
[2024-02-25 20:37:27,047] {processor.py:161} INFO - Processing /home/sheyla/Documents/Repositórios/airflowalura/venv/lib/python3.9/site-packages/airflow/example_dags/example_branch_day_of_week_operator.py took 0.076 seconds
[2024-02-25 20:38:02,435] {processor.py:153} INFO - Started process (PID=1960069) to work on /home/sheyla/Documents/Repositórios/airflowalura/venv/lib/python3.9/site-packages/airflow/example_dags/example_branch_day_of_week_operator.py
[2024-02-25 20:38:02,437] {processor.py:641} INFO - Processing file /home/sheyla/Documents/Repositórios/airflowalura/venv/lib/python3.9/site-packages/airflow/example_dags/example_branch_day_of_week_operator.py for tasks to queue
[2024-02-25 20:38:02,438] {logging_mixin.py:115} INFO - [2024-02-25 20:38:02,438] {dagbag.py:507} INFO - Filling up the DagBag from /home/sheyla/Documents/Repositórios/airflowalura/venv/lib/python3.9/site-packages/airflow/example_dags/example_branch_day_of_week_operator.py
[2024-02-25 20:38:02,456] {processor.py:651} INFO - DAG(s) dict_keys(['example_weekday_branch_operator']) retrieved from /home/sheyla/Documents/Repositórios/airflowalura/venv/lib/python3.9/site-packages/airflow/example_dags/example_branch_day_of_week_operator.py
[2024-02-25 20:38:02,472] {logging_mixin.py:115} INFO - [2024-02-25 20:38:02,472] {dag.py:2379} INFO - Sync 1 DAGs
[2024-02-25 20:38:02,488] {logging_mixin.py:115} INFO - [2024-02-25 20:38:02,488] {dag.py:2927} INFO - Setting next_dagrun for example_weekday_branch_operator to 2024-02-25T00:00:00+00:00, run_after=2024-02-26T00:00:00+00:00
[2024-02-25 20:38:02,500] {processor.py:161} INFO - Processing /home/sheyla/Documents/Repositórios/airflowalura/venv/lib/python3.9/site-packages/airflow/example_dags/example_branch_day_of_week_operator.py took 0.072 seconds
[2024-02-25 20:38:42,644] {processor.py:153} INFO - Started process (PID=1960482) to work on /home/sheyla/Documents/Repositórios/airflowalura/venv/lib/python3.9/site-packages/airflow/example_dags/example_branch_day_of_week_operator.py
[2024-02-25 20:38:42,650] {processor.py:641} INFO - Processing file /home/sheyla/Documents/Repositórios/airflowalura/venv/lib/python3.9/site-packages/airflow/example_dags/example_branch_day_of_week_operator.py for tasks to queue
[2024-02-25 20:38:42,652] {logging_mixin.py:115} INFO - [2024-02-25 20:38:42,651] {dagbag.py:507} INFO - Filling up the DagBag from /home/sheyla/Documents/Repositórios/airflowalura/venv/lib/python3.9/site-packages/airflow/example_dags/example_branch_day_of_week_operator.py
[2024-02-25 20:38:42,671] {processor.py:651} INFO - DAG(s) dict_keys(['example_weekday_branch_operator']) retrieved from /home/sheyla/Documents/Repositórios/airflowalura/venv/lib/python3.9/site-packages/airflow/example_dags/example_branch_day_of_week_operator.py
[2024-02-25 20:38:42,689] {logging_mixin.py:115} INFO - [2024-02-25 20:38:42,689] {dag.py:2379} INFO - Sync 1 DAGs
[2024-02-25 20:38:42,706] {logging_mixin.py:115} INFO - [2024-02-25 20:38:42,706] {dag.py:2927} INFO - Setting next_dagrun for example_weekday_branch_operator to 2024-02-25T00:00:00+00:00, run_after=2024-02-26T00:00:00+00:00
[2024-02-25 20:38:42,719] {processor.py:161} INFO - Processing /home/sheyla/Documents/Repositórios/airflowalura/venv/lib/python3.9/site-packages/airflow/example_dags/example_branch_day_of_week_operator.py took 0.081 seconds
[2024-02-25 20:39:21,674] {processor.py:153} INFO - Started process (PID=1960885) to work on /home/sheyla/Documents/Repositórios/airflowalura/venv/lib/python3.9/site-packages/airflow/example_dags/example_branch_day_of_week_operator.py
[2024-02-25 20:39:21,679] {processor.py:641} INFO - Processing file /home/sheyla/Documents/Repositórios/airflowalura/venv/lib/python3.9/site-packages/airflow/example_dags/example_branch_day_of_week_operator.py for tasks to queue
[2024-02-25 20:39:21,680] {logging_mixin.py:115} INFO - [2024-02-25 20:39:21,680] {dagbag.py:507} INFO - Filling up the DagBag from /home/sheyla/Documents/Repositórios/airflowalura/venv/lib/python3.9/site-packages/airflow/example_dags/example_branch_day_of_week_operator.py
[2024-02-25 20:39:21,685] {processor.py:651} INFO - DAG(s) dict_keys(['example_weekday_branch_operator']) retrieved from /home/sheyla/Documents/Repositórios/airflowalura/venv/lib/python3.9/site-packages/airflow/example_dags/example_branch_day_of_week_operator.py
[2024-02-25 20:39:21,697] {logging_mixin.py:115} INFO - [2024-02-25 20:39:21,697] {dag.py:2379} INFO - Sync 1 DAGs
[2024-02-25 20:39:21,712] {logging_mixin.py:115} INFO - [2024-02-25 20:39:21,712] {dag.py:2927} INFO - Setting next_dagrun for example_weekday_branch_operator to 2024-02-25T00:00:00+00:00, run_after=2024-02-26T00:00:00+00:00
[2024-02-25 20:39:21,730] {processor.py:161} INFO - Processing /home/sheyla/Documents/Repositórios/airflowalura/venv/lib/python3.9/site-packages/airflow/example_dags/example_branch_day_of_week_operator.py took 0.058 seconds
[2024-02-25 20:40:02,232] {processor.py:153} INFO - Started process (PID=1961307) to work on /home/sheyla/Documents/Repositórios/airflowalura/venv/lib/python3.9/site-packages/airflow/example_dags/example_branch_day_of_week_operator.py
[2024-02-25 20:40:02,237] {processor.py:641} INFO - Processing file /home/sheyla/Documents/Repositórios/airflowalura/venv/lib/python3.9/site-packages/airflow/example_dags/example_branch_day_of_week_operator.py for tasks to queue
[2024-02-25 20:40:02,238] {logging_mixin.py:115} INFO - [2024-02-25 20:40:02,238] {dagbag.py:507} INFO - Filling up the DagBag from /home/sheyla/Documents/Repositórios/airflowalura/venv/lib/python3.9/site-packages/airflow/example_dags/example_branch_day_of_week_operator.py
[2024-02-25 20:40:02,245] {processor.py:651} INFO - DAG(s) dict_keys(['example_weekday_branch_operator']) retrieved from /home/sheyla/Documents/Repositórios/airflowalura/venv/lib/python3.9/site-packages/airflow/example_dags/example_branch_day_of_week_operator.py
[2024-02-25 20:40:02,260] {logging_mixin.py:115} INFO - [2024-02-25 20:40:02,260] {dag.py:2379} INFO - Sync 1 DAGs
[2024-02-25 20:40:02,274] {logging_mixin.py:115} INFO - [2024-02-25 20:40:02,274] {dag.py:2927} INFO - Setting next_dagrun for example_weekday_branch_operator to 2024-02-25T00:00:00+00:00, run_after=2024-02-26T00:00:00+00:00
[2024-02-25 20:40:02,293] {processor.py:161} INFO - Processing /home/sheyla/Documents/Repositórios/airflowalura/venv/lib/python3.9/site-packages/airflow/example_dags/example_branch_day_of_week_operator.py took 0.064 seconds
[2024-02-25 20:40:39,672] {processor.py:153} INFO - Started process (PID=1961695) to work on /home/sheyla/Documents/Repositórios/airflowalura/venv/lib/python3.9/site-packages/airflow/example_dags/example_branch_day_of_week_operator.py
[2024-02-25 20:40:39,678] {processor.py:641} INFO - Processing file /home/sheyla/Documents/Repositórios/airflowalura/venv/lib/python3.9/site-packages/airflow/example_dags/example_branch_day_of_week_operator.py for tasks to queue
[2024-02-25 20:40:39,679] {logging_mixin.py:115} INFO - [2024-02-25 20:40:39,679] {dagbag.py:507} INFO - Filling up the DagBag from /home/sheyla/Documents/Repositórios/airflowalura/venv/lib/python3.9/site-packages/airflow/example_dags/example_branch_day_of_week_operator.py
[2024-02-25 20:40:39,699] {processor.py:651} INFO - DAG(s) dict_keys(['example_weekday_branch_operator']) retrieved from /home/sheyla/Documents/Repositórios/airflowalura/venv/lib/python3.9/site-packages/airflow/example_dags/example_branch_day_of_week_operator.py
[2024-02-25 20:40:39,716] {logging_mixin.py:115} INFO - [2024-02-25 20:40:39,716] {dag.py:2379} INFO - Sync 1 DAGs
[2024-02-25 20:40:39,732] {logging_mixin.py:115} INFO - [2024-02-25 20:40:39,732] {dag.py:2927} INFO - Setting next_dagrun for example_weekday_branch_operator to 2024-02-25T00:00:00+00:00, run_after=2024-02-26T00:00:00+00:00
[2024-02-25 20:40:39,749] {processor.py:161} INFO - Processing /home/sheyla/Documents/Repositórios/airflowalura/venv/lib/python3.9/site-packages/airflow/example_dags/example_branch_day_of_week_operator.py took 0.083 seconds
[2024-02-25 20:41:17,819] {processor.py:153} INFO - Started process (PID=1962080) to work on /home/sheyla/Documents/Repositórios/airflowalura/venv/lib/python3.9/site-packages/airflow/example_dags/example_branch_day_of_week_operator.py
[2024-02-25 20:41:17,825] {processor.py:641} INFO - Processing file /home/sheyla/Documents/Repositórios/airflowalura/venv/lib/python3.9/site-packages/airflow/example_dags/example_branch_day_of_week_operator.py for tasks to queue
[2024-02-25 20:41:17,826] {logging_mixin.py:115} INFO - [2024-02-25 20:41:17,826] {dagbag.py:507} INFO - Filling up the DagBag from /home/sheyla/Documents/Repositórios/airflowalura/venv/lib/python3.9/site-packages/airflow/example_dags/example_branch_day_of_week_operator.py
[2024-02-25 20:41:17,845] {processor.py:651} INFO - DAG(s) dict_keys(['example_weekday_branch_operator']) retrieved from /home/sheyla/Documents/Repositórios/airflowalura/venv/lib/python3.9/site-packages/airflow/example_dags/example_branch_day_of_week_operator.py
[2024-02-25 20:41:17,867] {logging_mixin.py:115} INFO - [2024-02-25 20:41:17,867] {dag.py:2379} INFO - Sync 1 DAGs
[2024-02-25 20:41:17,882] {logging_mixin.py:115} INFO - [2024-02-25 20:41:17,882] {dag.py:2927} INFO - Setting next_dagrun for example_weekday_branch_operator to 2024-02-25T00:00:00+00:00, run_after=2024-02-26T00:00:00+00:00
[2024-02-25 20:41:17,894] {processor.py:161} INFO - Processing /home/sheyla/Documents/Repositórios/airflowalura/venv/lib/python3.9/site-packages/airflow/example_dags/example_branch_day_of_week_operator.py took 0.078 seconds
[2024-02-25 20:41:54,808] {processor.py:153} INFO - Started process (PID=1962493) to work on /home/sheyla/Documents/Repositórios/airflowalura/venv/lib/python3.9/site-packages/airflow/example_dags/example_branch_day_of_week_operator.py
[2024-02-25 20:41:54,814] {processor.py:641} INFO - Processing file /home/sheyla/Documents/Repositórios/airflowalura/venv/lib/python3.9/site-packages/airflow/example_dags/example_branch_day_of_week_operator.py for tasks to queue
[2024-02-25 20:41:54,815] {logging_mixin.py:115} INFO - [2024-02-25 20:41:54,814] {dagbag.py:507} INFO - Filling up the DagBag from /home/sheyla/Documents/Repositórios/airflowalura/venv/lib/python3.9/site-packages/airflow/example_dags/example_branch_day_of_week_operator.py
[2024-02-25 20:41:54,828] {processor.py:651} INFO - DAG(s) dict_keys(['example_weekday_branch_operator']) retrieved from /home/sheyla/Documents/Repositórios/airflowalura/venv/lib/python3.9/site-packages/airflow/example_dags/example_branch_day_of_week_operator.py
[2024-02-25 20:41:54,852] {logging_mixin.py:115} INFO - [2024-02-25 20:41:54,852] {dag.py:2379} INFO - Sync 1 DAGs
[2024-02-25 20:41:54,869] {logging_mixin.py:115} INFO - [2024-02-25 20:41:54,869] {dag.py:2927} INFO - Setting next_dagrun for example_weekday_branch_operator to 2024-02-25T00:00:00+00:00, run_after=2024-02-26T00:00:00+00:00
[2024-02-25 20:41:54,881] {processor.py:161} INFO - Processing /home/sheyla/Documents/Repositórios/airflowalura/venv/lib/python3.9/site-packages/airflow/example_dags/example_branch_day_of_week_operator.py took 0.075 seconds
[2024-02-25 20:42:32,729] {processor.py:153} INFO - Started process (PID=1962877) to work on /home/sheyla/Documents/Repositórios/airflowalura/venv/lib/python3.9/site-packages/airflow/example_dags/example_branch_day_of_week_operator.py
[2024-02-25 20:42:32,735] {processor.py:641} INFO - Processing file /home/sheyla/Documents/Repositórios/airflowalura/venv/lib/python3.9/site-packages/airflow/example_dags/example_branch_day_of_week_operator.py for tasks to queue
[2024-02-25 20:42:32,737] {logging_mixin.py:115} INFO - [2024-02-25 20:42:32,737] {dagbag.py:507} INFO - Filling up the DagBag from /home/sheyla/Documents/Repositórios/airflowalura/venv/lib/python3.9/site-packages/airflow/example_dags/example_branch_day_of_week_operator.py
[2024-02-25 20:42:32,754] {processor.py:651} INFO - DAG(s) dict_keys(['example_weekday_branch_operator']) retrieved from /home/sheyla/Documents/Repositórios/airflowalura/venv/lib/python3.9/site-packages/airflow/example_dags/example_branch_day_of_week_operator.py
[2024-02-25 20:42:32,772] {logging_mixin.py:115} INFO - [2024-02-25 20:42:32,772] {dag.py:2379} INFO - Sync 1 DAGs
[2024-02-25 20:42:32,787] {logging_mixin.py:115} INFO - [2024-02-25 20:42:32,787] {dag.py:2927} INFO - Setting next_dagrun for example_weekday_branch_operator to 2024-02-25T00:00:00+00:00, run_after=2024-02-26T00:00:00+00:00
[2024-02-25 20:42:32,799] {processor.py:161} INFO - Processing /home/sheyla/Documents/Repositórios/airflowalura/venv/lib/python3.9/site-packages/airflow/example_dags/example_branch_day_of_week_operator.py took 0.076 seconds
[2024-02-25 20:43:13,243] {processor.py:153} INFO - Started process (PID=1963298) to work on /home/sheyla/Documents/Repositórios/airflowalura/venv/lib/python3.9/site-packages/airflow/example_dags/example_branch_day_of_week_operator.py
[2024-02-25 20:43:13,249] {processor.py:641} INFO - Processing file /home/sheyla/Documents/Repositórios/airflowalura/venv/lib/python3.9/site-packages/airflow/example_dags/example_branch_day_of_week_operator.py for tasks to queue
[2024-02-25 20:43:13,250] {logging_mixin.py:115} INFO - [2024-02-25 20:43:13,250] {dagbag.py:507} INFO - Filling up the DagBag from /home/sheyla/Documents/Repositórios/airflowalura/venv/lib/python3.9/site-packages/airflow/example_dags/example_branch_day_of_week_operator.py
[2024-02-25 20:43:13,268] {processor.py:651} INFO - DAG(s) dict_keys(['example_weekday_branch_operator']) retrieved from /home/sheyla/Documents/Repositórios/airflowalura/venv/lib/python3.9/site-packages/airflow/example_dags/example_branch_day_of_week_operator.py
[2024-02-25 20:43:13,285] {logging_mixin.py:115} INFO - [2024-02-25 20:43:13,285] {dag.py:2379} INFO - Sync 1 DAGs
[2024-02-25 20:43:13,301] {logging_mixin.py:115} INFO - [2024-02-25 20:43:13,301] {dag.py:2927} INFO - Setting next_dagrun for example_weekday_branch_operator to 2024-02-25T00:00:00+00:00, run_after=2024-02-26T00:00:00+00:00
[2024-02-25 20:43:13,318] {processor.py:161} INFO - Processing /home/sheyla/Documents/Repositórios/airflowalura/venv/lib/python3.9/site-packages/airflow/example_dags/example_branch_day_of_week_operator.py took 0.082 seconds
[2024-02-25 20:43:51,056] {processor.py:153} INFO - Started process (PID=1963683) to work on /home/sheyla/Documents/Repositórios/airflowalura/venv/lib/python3.9/site-packages/airflow/example_dags/example_branch_day_of_week_operator.py
[2024-02-25 20:43:51,071] {processor.py:641} INFO - Processing file /home/sheyla/Documents/Repositórios/airflowalura/venv/lib/python3.9/site-packages/airflow/example_dags/example_branch_day_of_week_operator.py for tasks to queue
[2024-02-25 20:43:51,071] {logging_mixin.py:115} INFO - [2024-02-25 20:43:51,071] {dagbag.py:507} INFO - Filling up the DagBag from /home/sheyla/Documents/Repositórios/airflowalura/venv/lib/python3.9/site-packages/airflow/example_dags/example_branch_day_of_week_operator.py
[2024-02-25 20:43:51,076] {processor.py:651} INFO - DAG(s) dict_keys(['example_weekday_branch_operator']) retrieved from /home/sheyla/Documents/Repositórios/airflowalura/venv/lib/python3.9/site-packages/airflow/example_dags/example_branch_day_of_week_operator.py
[2024-02-25 20:43:51,086] {logging_mixin.py:115} INFO - [2024-02-25 20:43:51,086] {dag.py:2379} INFO - Sync 1 DAGs
[2024-02-25 20:43:51,100] {logging_mixin.py:115} INFO - [2024-02-25 20:43:51,100] {dag.py:2927} INFO - Setting next_dagrun for example_weekday_branch_operator to 2024-02-25T00:00:00+00:00, run_after=2024-02-26T00:00:00+00:00
[2024-02-25 20:43:51,112] {processor.py:161} INFO - Processing /home/sheyla/Documents/Repositórios/airflowalura/venv/lib/python3.9/site-packages/airflow/example_dags/example_branch_day_of_week_operator.py took 0.058 seconds
[2024-02-25 20:44:32,200] {processor.py:153} INFO - Started process (PID=1964102) to work on /home/sheyla/Documents/Repositórios/airflowalura/venv/lib/python3.9/site-packages/airflow/example_dags/example_branch_day_of_week_operator.py
[2024-02-25 20:44:32,205] {processor.py:641} INFO - Processing file /home/sheyla/Documents/Repositórios/airflowalura/venv/lib/python3.9/site-packages/airflow/example_dags/example_branch_day_of_week_operator.py for tasks to queue
[2024-02-25 20:44:32,206] {logging_mixin.py:115} INFO - [2024-02-25 20:44:32,206] {dagbag.py:507} INFO - Filling up the DagBag from /home/sheyla/Documents/Repositórios/airflowalura/venv/lib/python3.9/site-packages/airflow/example_dags/example_branch_day_of_week_operator.py
[2024-02-25 20:44:32,214] {processor.py:651} INFO - DAG(s) dict_keys(['example_weekday_branch_operator']) retrieved from /home/sheyla/Documents/Repositórios/airflowalura/venv/lib/python3.9/site-packages/airflow/example_dags/example_branch_day_of_week_operator.py
[2024-02-25 20:44:32,227] {logging_mixin.py:115} INFO - [2024-02-25 20:44:32,226] {dag.py:2379} INFO - Sync 1 DAGs
[2024-02-25 20:44:32,240] {logging_mixin.py:115} INFO - [2024-02-25 20:44:32,240] {dag.py:2927} INFO - Setting next_dagrun for example_weekday_branch_operator to 2024-02-25T00:00:00+00:00, run_after=2024-02-26T00:00:00+00:00
[2024-02-25 20:44:32,254] {processor.py:161} INFO - Processing /home/sheyla/Documents/Repositórios/airflowalura/venv/lib/python3.9/site-packages/airflow/example_dags/example_branch_day_of_week_operator.py took 0.058 seconds
[2024-02-25 20:45:14,530] {processor.py:153} INFO - Started process (PID=1964543) to work on /home/sheyla/Documents/Repositórios/airflowalura/venv/lib/python3.9/site-packages/airflow/example_dags/example_branch_day_of_week_operator.py
[2024-02-25 20:45:14,539] {processor.py:641} INFO - Processing file /home/sheyla/Documents/Repositórios/airflowalura/venv/lib/python3.9/site-packages/airflow/example_dags/example_branch_day_of_week_operator.py for tasks to queue
[2024-02-25 20:45:14,540] {logging_mixin.py:115} INFO - [2024-02-25 20:45:14,540] {dagbag.py:507} INFO - Filling up the DagBag from /home/sheyla/Documents/Repositórios/airflowalura/venv/lib/python3.9/site-packages/airflow/example_dags/example_branch_day_of_week_operator.py
[2024-02-25 20:45:14,554] {processor.py:651} INFO - DAG(s) dict_keys(['example_weekday_branch_operator']) retrieved from /home/sheyla/Documents/Repositórios/airflowalura/venv/lib/python3.9/site-packages/airflow/example_dags/example_branch_day_of_week_operator.py
[2024-02-25 20:45:14,582] {logging_mixin.py:115} INFO - [2024-02-25 20:45:14,582] {dag.py:2379} INFO - Sync 1 DAGs
[2024-02-25 20:45:14,606] {logging_mixin.py:115} INFO - [2024-02-25 20:45:14,606] {dag.py:2927} INFO - Setting next_dagrun for example_weekday_branch_operator to 2024-02-25T00:00:00+00:00, run_after=2024-02-26T00:00:00+00:00
[2024-02-25 20:45:14,620] {processor.py:161} INFO - Processing /home/sheyla/Documents/Repositórios/airflowalura/venv/lib/python3.9/site-packages/airflow/example_dags/example_branch_day_of_week_operator.py took 0.092 seconds
[2024-02-25 20:45:53,446] {processor.py:153} INFO - Started process (PID=1964946) to work on /home/sheyla/Documents/Repositórios/airflowalura/venv/lib/python3.9/site-packages/airflow/example_dags/example_branch_day_of_week_operator.py
[2024-02-25 20:45:53,452] {processor.py:641} INFO - Processing file /home/sheyla/Documents/Repositórios/airflowalura/venv/lib/python3.9/site-packages/airflow/example_dags/example_branch_day_of_week_operator.py for tasks to queue
[2024-02-25 20:45:53,453] {logging_mixin.py:115} INFO - [2024-02-25 20:45:53,453] {dagbag.py:507} INFO - Filling up the DagBag from /home/sheyla/Documents/Repositórios/airflowalura/venv/lib/python3.9/site-packages/airflow/example_dags/example_branch_day_of_week_operator.py
[2024-02-25 20:45:53,474] {processor.py:651} INFO - DAG(s) dict_keys(['example_weekday_branch_operator']) retrieved from /home/sheyla/Documents/Repositórios/airflowalura/venv/lib/python3.9/site-packages/airflow/example_dags/example_branch_day_of_week_operator.py
[2024-02-25 20:45:53,496] {logging_mixin.py:115} INFO - [2024-02-25 20:45:53,496] {dag.py:2379} INFO - Sync 1 DAGs
[2024-02-25 20:45:53,512] {logging_mixin.py:115} INFO - [2024-02-25 20:45:53,512] {dag.py:2927} INFO - Setting next_dagrun for example_weekday_branch_operator to 2024-02-25T00:00:00+00:00, run_after=2024-02-26T00:00:00+00:00
[2024-02-25 20:45:53,524] {processor.py:161} INFO - Processing /home/sheyla/Documents/Repositórios/airflowalura/venv/lib/python3.9/site-packages/airflow/example_dags/example_branch_day_of_week_operator.py took 0.084 seconds
[2024-02-25 20:46:34,714] {processor.py:153} INFO - Started process (PID=1965392) to work on /home/sheyla/Documents/Repositórios/airflowalura/venv/lib/python3.9/site-packages/airflow/example_dags/example_branch_day_of_week_operator.py
[2024-02-25 20:46:34,720] {processor.py:641} INFO - Processing file /home/sheyla/Documents/Repositórios/airflowalura/venv/lib/python3.9/site-packages/airflow/example_dags/example_branch_day_of_week_operator.py for tasks to queue
[2024-02-25 20:46:34,721] {logging_mixin.py:115} INFO - [2024-02-25 20:46:34,721] {dagbag.py:507} INFO - Filling up the DagBag from /home/sheyla/Documents/Repositórios/airflowalura/venv/lib/python3.9/site-packages/airflow/example_dags/example_branch_day_of_week_operator.py
[2024-02-25 20:46:34,737] {processor.py:651} INFO - DAG(s) dict_keys(['example_weekday_branch_operator']) retrieved from /home/sheyla/Documents/Repositórios/airflowalura/venv/lib/python3.9/site-packages/airflow/example_dags/example_branch_day_of_week_operator.py
[2024-02-25 20:46:34,751] {logging_mixin.py:115} INFO - [2024-02-25 20:46:34,751] {dag.py:2379} INFO - Sync 1 DAGs
[2024-02-25 20:46:34,766] {logging_mixin.py:115} INFO - [2024-02-25 20:46:34,766] {dag.py:2927} INFO - Setting next_dagrun for example_weekday_branch_operator to 2024-02-25T00:00:00+00:00, run_after=2024-02-26T00:00:00+00:00
[2024-02-25 20:46:34,779] {processor.py:161} INFO - Processing /home/sheyla/Documents/Repositórios/airflowalura/venv/lib/python3.9/site-packages/airflow/example_dags/example_branch_day_of_week_operator.py took 0.067 seconds
[2024-02-25 20:47:15,827] {processor.py:153} INFO - Started process (PID=1965933) to work on /home/sheyla/Documents/Repositórios/airflowalura/venv/lib/python3.9/site-packages/airflow/example_dags/example_branch_day_of_week_operator.py
[2024-02-25 20:47:15,832] {processor.py:641} INFO - Processing file /home/sheyla/Documents/Repositórios/airflowalura/venv/lib/python3.9/site-packages/airflow/example_dags/example_branch_day_of_week_operator.py for tasks to queue
[2024-02-25 20:47:15,832] {logging_mixin.py:115} INFO - [2024-02-25 20:47:15,832] {dagbag.py:507} INFO - Filling up the DagBag from /home/sheyla/Documents/Repositórios/airflowalura/venv/lib/python3.9/site-packages/airflow/example_dags/example_branch_day_of_week_operator.py
[2024-02-25 20:47:15,838] {processor.py:651} INFO - DAG(s) dict_keys(['example_weekday_branch_operator']) retrieved from /home/sheyla/Documents/Repositórios/airflowalura/venv/lib/python3.9/site-packages/airflow/example_dags/example_branch_day_of_week_operator.py
[2024-02-25 20:47:15,848] {logging_mixin.py:115} INFO - [2024-02-25 20:47:15,848] {dag.py:2379} INFO - Sync 1 DAGs
[2024-02-25 20:47:15,863] {logging_mixin.py:115} INFO - [2024-02-25 20:47:15,863] {dag.py:2927} INFO - Setting next_dagrun for example_weekday_branch_operator to 2024-02-25T00:00:00+00:00, run_after=2024-02-26T00:00:00+00:00
[2024-02-25 20:47:15,873] {processor.py:161} INFO - Processing /home/sheyla/Documents/Repositórios/airflowalura/venv/lib/python3.9/site-packages/airflow/example_dags/example_branch_day_of_week_operator.py took 0.049 seconds
[2024-02-25 20:47:56,423] {processor.py:153} INFO - Started process (PID=1966554) to work on /home/sheyla/Documents/Repositórios/airflowalura/venv/lib/python3.9/site-packages/airflow/example_dags/example_branch_day_of_week_operator.py
[2024-02-25 20:47:56,428] {processor.py:641} INFO - Processing file /home/sheyla/Documents/Repositórios/airflowalura/venv/lib/python3.9/site-packages/airflow/example_dags/example_branch_day_of_week_operator.py for tasks to queue
[2024-02-25 20:47:56,429] {logging_mixin.py:115} INFO - [2024-02-25 20:47:56,429] {dagbag.py:507} INFO - Filling up the DagBag from /home/sheyla/Documents/Repositórios/airflowalura/venv/lib/python3.9/site-packages/airflow/example_dags/example_branch_day_of_week_operator.py
[2024-02-25 20:47:56,434] {processor.py:651} INFO - DAG(s) dict_keys(['example_weekday_branch_operator']) retrieved from /home/sheyla/Documents/Repositórios/airflowalura/venv/lib/python3.9/site-packages/airflow/example_dags/example_branch_day_of_week_operator.py
[2024-02-25 20:47:56,445] {logging_mixin.py:115} INFO - [2024-02-25 20:47:56,445] {dag.py:2379} INFO - Sync 1 DAGs
[2024-02-25 20:47:56,459] {logging_mixin.py:115} INFO - [2024-02-25 20:47:56,459] {dag.py:2927} INFO - Setting next_dagrun for example_weekday_branch_operator to 2024-02-25T00:00:00+00:00, run_after=2024-02-26T00:00:00+00:00
[2024-02-25 20:47:56,471] {processor.py:161} INFO - Processing /home/sheyla/Documents/Repositórios/airflowalura/venv/lib/python3.9/site-packages/airflow/example_dags/example_branch_day_of_week_operator.py took 0.050 seconds
[2024-02-25 20:48:31,341] {processor.py:153} INFO - Started process (PID=1967040) to work on /home/sheyla/Documents/Repositórios/airflowalura/venv/lib/python3.9/site-packages/airflow/example_dags/example_branch_day_of_week_operator.py
[2024-02-25 20:48:31,345] {processor.py:641} INFO - Processing file /home/sheyla/Documents/Repositórios/airflowalura/venv/lib/python3.9/site-packages/airflow/example_dags/example_branch_day_of_week_operator.py for tasks to queue
[2024-02-25 20:48:31,345] {logging_mixin.py:115} INFO - [2024-02-25 20:48:31,345] {dagbag.py:507} INFO - Filling up the DagBag from /home/sheyla/Documents/Repositórios/airflowalura/venv/lib/python3.9/site-packages/airflow/example_dags/example_branch_day_of_week_operator.py
[2024-02-25 20:48:31,349] {processor.py:651} INFO - DAG(s) dict_keys(['example_weekday_branch_operator']) retrieved from /home/sheyla/Documents/Repositórios/airflowalura/venv/lib/python3.9/site-packages/airflow/example_dags/example_branch_day_of_week_operator.py
[2024-02-25 20:48:31,358] {logging_mixin.py:115} INFO - [2024-02-25 20:48:31,358] {dag.py:2379} INFO - Sync 1 DAGs
[2024-02-25 20:48:31,371] {logging_mixin.py:115} INFO - [2024-02-25 20:48:31,371] {dag.py:2927} INFO - Setting next_dagrun for example_weekday_branch_operator to 2024-02-25T00:00:00+00:00, run_after=2024-02-26T00:00:00+00:00
[2024-02-25 20:48:31,382] {processor.py:161} INFO - Processing /home/sheyla/Documents/Repositórios/airflowalura/venv/lib/python3.9/site-packages/airflow/example_dags/example_branch_day_of_week_operator.py took 0.042 seconds
