[2024-02-25 20:34:01,362] {processor.py:153} INFO - Started process (PID=1957506) to work on /home/sheyla/Documents/Repositórios/airflowalura/venv/lib/python3.9/site-packages/airflow/example_dags/example_time_delta_sensor_async.py
[2024-02-25 20:34:01,364] {processor.py:641} INFO - Processing file /home/sheyla/Documents/Repositórios/airflowalura/venv/lib/python3.9/site-packages/airflow/example_dags/example_time_delta_sensor_async.py for tasks to queue
[2024-02-25 20:34:01,365] {logging_mixin.py:115} INFO - [2024-02-25 20:34:01,365] {dagbag.py:507} INFO - Filling up the DagBag from /home/sheyla/Documents/Repositórios/airflowalura/venv/lib/python3.9/site-packages/airflow/example_dags/example_time_delta_sensor_async.py
[2024-02-25 20:34:01,378] {processor.py:651} INFO - DAG(s) dict_keys(['example_time_delta_sensor_async']) retrieved from /home/sheyla/Documents/Repositórios/airflowalura/venv/lib/python3.9/site-packages/airflow/example_dags/example_time_delta_sensor_async.py
[2024-02-25 20:34:01,402] {logging_mixin.py:115} INFO - [2024-02-25 20:34:01,402] {dag.py:2379} INFO - Sync 1 DAGs
[2024-02-25 20:34:01,417] {logging_mixin.py:115} INFO - [2024-02-25 20:34:01,417] {dag.py:2927} INFO - Setting next_dagrun for example_time_delta_sensor_async to None, run_after=None
[2024-02-25 20:34:01,433] {processor.py:161} INFO - Processing /home/sheyla/Documents/Repositórios/airflowalura/venv/lib/python3.9/site-packages/airflow/example_dags/example_time_delta_sensor_async.py took 0.078 seconds
[2024-02-25 20:34:39,147] {processor.py:153} INFO - Started process (PID=1957965) to work on /home/sheyla/Documents/Repositórios/airflowalura/venv/lib/python3.9/site-packages/airflow/example_dags/example_time_delta_sensor_async.py
[2024-02-25 20:34:39,148] {processor.py:641} INFO - Processing file /home/sheyla/Documents/Repositórios/airflowalura/venv/lib/python3.9/site-packages/airflow/example_dags/example_time_delta_sensor_async.py for tasks to queue
[2024-02-25 20:34:39,150] {logging_mixin.py:115} INFO - [2024-02-25 20:34:39,149] {dagbag.py:507} INFO - Filling up the DagBag from /home/sheyla/Documents/Repositórios/airflowalura/venv/lib/python3.9/site-packages/airflow/example_dags/example_time_delta_sensor_async.py
[2024-02-25 20:34:39,163] {processor.py:651} INFO - DAG(s) dict_keys(['example_time_delta_sensor_async']) retrieved from /home/sheyla/Documents/Repositórios/airflowalura/venv/lib/python3.9/site-packages/airflow/example_dags/example_time_delta_sensor_async.py
[2024-02-25 20:34:39,187] {logging_mixin.py:115} INFO - [2024-02-25 20:34:39,186] {dag.py:2379} INFO - Sync 1 DAGs
[2024-02-25 20:34:39,202] {logging_mixin.py:115} INFO - [2024-02-25 20:34:39,202] {dag.py:2927} INFO - Setting next_dagrun for example_time_delta_sensor_async to None, run_after=None
[2024-02-25 20:34:39,215] {processor.py:161} INFO - Processing /home/sheyla/Documents/Repositórios/airflowalura/venv/lib/python3.9/site-packages/airflow/example_dags/example_time_delta_sensor_async.py took 0.074 seconds
[2024-02-25 20:35:14,701] {processor.py:153} INFO - Started process (PID=1958327) to work on /home/sheyla/Documents/Repositórios/airflowalura/venv/lib/python3.9/site-packages/airflow/example_dags/example_time_delta_sensor_async.py
[2024-02-25 20:35:14,702] {processor.py:641} INFO - Processing file /home/sheyla/Documents/Repositórios/airflowalura/venv/lib/python3.9/site-packages/airflow/example_dags/example_time_delta_sensor_async.py for tasks to queue
[2024-02-25 20:35:14,703] {logging_mixin.py:115} INFO - [2024-02-25 20:35:14,703] {dagbag.py:507} INFO - Filling up the DagBag from /home/sheyla/Documents/Repositórios/airflowalura/venv/lib/python3.9/site-packages/airflow/example_dags/example_time_delta_sensor_async.py
[2024-02-25 20:35:14,715] {processor.py:651} INFO - DAG(s) dict_keys(['example_time_delta_sensor_async']) retrieved from /home/sheyla/Documents/Repositórios/airflowalura/venv/lib/python3.9/site-packages/airflow/example_dags/example_time_delta_sensor_async.py
[2024-02-25 20:35:14,738] {logging_mixin.py:115} INFO - [2024-02-25 20:35:14,738] {dag.py:2379} INFO - Sync 1 DAGs
[2024-02-25 20:35:14,752] {logging_mixin.py:115} INFO - [2024-02-25 20:35:14,752] {dag.py:2927} INFO - Setting next_dagrun for example_time_delta_sensor_async to None, run_after=None
[2024-02-25 20:35:14,765] {processor.py:161} INFO - Processing /home/sheyla/Documents/Repositórios/airflowalura/venv/lib/python3.9/site-packages/airflow/example_dags/example_time_delta_sensor_async.py took 0.070 seconds
[2024-02-25 20:35:55,088] {processor.py:153} INFO - Started process (PID=1958742) to work on /home/sheyla/Documents/Repositórios/airflowalura/venv/lib/python3.9/site-packages/airflow/example_dags/example_time_delta_sensor_async.py
[2024-02-25 20:35:55,090] {processor.py:641} INFO - Processing file /home/sheyla/Documents/Repositórios/airflowalura/venv/lib/python3.9/site-packages/airflow/example_dags/example_time_delta_sensor_async.py for tasks to queue
[2024-02-25 20:35:55,091] {logging_mixin.py:115} INFO - [2024-02-25 20:35:55,091] {dagbag.py:507} INFO - Filling up the DagBag from /home/sheyla/Documents/Repositórios/airflowalura/venv/lib/python3.9/site-packages/airflow/example_dags/example_time_delta_sensor_async.py
[2024-02-25 20:35:55,104] {processor.py:651} INFO - DAG(s) dict_keys(['example_time_delta_sensor_async']) retrieved from /home/sheyla/Documents/Repositórios/airflowalura/venv/lib/python3.9/site-packages/airflow/example_dags/example_time_delta_sensor_async.py
[2024-02-25 20:35:55,128] {logging_mixin.py:115} INFO - [2024-02-25 20:35:55,128] {dag.py:2379} INFO - Sync 1 DAGs
[2024-02-25 20:35:55,141] {logging_mixin.py:115} INFO - [2024-02-25 20:35:55,141] {dag.py:2927} INFO - Setting next_dagrun for example_time_delta_sensor_async to None, run_after=None
[2024-02-25 20:35:55,158] {processor.py:161} INFO - Processing /home/sheyla/Documents/Repositórios/airflowalura/venv/lib/python3.9/site-packages/airflow/example_dags/example_time_delta_sensor_async.py took 0.077 seconds
[2024-02-25 20:36:31,677] {processor.py:153} INFO - Started process (PID=1959116) to work on /home/sheyla/Documents/Repositórios/airflowalura/venv/lib/python3.9/site-packages/airflow/example_dags/example_time_delta_sensor_async.py
[2024-02-25 20:36:31,678] {processor.py:641} INFO - Processing file /home/sheyla/Documents/Repositórios/airflowalura/venv/lib/python3.9/site-packages/airflow/example_dags/example_time_delta_sensor_async.py for tasks to queue
[2024-02-25 20:36:31,680] {logging_mixin.py:115} INFO - [2024-02-25 20:36:31,679] {dagbag.py:507} INFO - Filling up the DagBag from /home/sheyla/Documents/Repositórios/airflowalura/venv/lib/python3.9/site-packages/airflow/example_dags/example_time_delta_sensor_async.py
[2024-02-25 20:36:31,694] {processor.py:651} INFO - DAG(s) dict_keys(['example_time_delta_sensor_async']) retrieved from /home/sheyla/Documents/Repositórios/airflowalura/venv/lib/python3.9/site-packages/airflow/example_dags/example_time_delta_sensor_async.py
[2024-02-25 20:36:31,723] {logging_mixin.py:115} INFO - [2024-02-25 20:36:31,723] {dag.py:2379} INFO - Sync 1 DAGs
[2024-02-25 20:36:31,736] {logging_mixin.py:115} INFO - [2024-02-25 20:36:31,736] {dag.py:2927} INFO - Setting next_dagrun for example_time_delta_sensor_async to None, run_after=None
[2024-02-25 20:36:31,747] {processor.py:161} INFO - Processing /home/sheyla/Documents/Repositórios/airflowalura/venv/lib/python3.9/site-packages/airflow/example_dags/example_time_delta_sensor_async.py took 0.076 seconds
[2024-02-25 20:37:08,677] {processor.py:153} INFO - Started process (PID=1959525) to work on /home/sheyla/Documents/Repositórios/airflowalura/venv/lib/python3.9/site-packages/airflow/example_dags/example_time_delta_sensor_async.py
[2024-02-25 20:37:08,678] {processor.py:641} INFO - Processing file /home/sheyla/Documents/Repositórios/airflowalura/venv/lib/python3.9/site-packages/airflow/example_dags/example_time_delta_sensor_async.py for tasks to queue
[2024-02-25 20:37:08,679] {logging_mixin.py:115} INFO - [2024-02-25 20:37:08,679] {dagbag.py:507} INFO - Filling up the DagBag from /home/sheyla/Documents/Repositórios/airflowalura/venv/lib/python3.9/site-packages/airflow/example_dags/example_time_delta_sensor_async.py
[2024-02-25 20:37:08,691] {processor.py:651} INFO - DAG(s) dict_keys(['example_time_delta_sensor_async']) retrieved from /home/sheyla/Documents/Repositórios/airflowalura/venv/lib/python3.9/site-packages/airflow/example_dags/example_time_delta_sensor_async.py
[2024-02-25 20:37:08,712] {logging_mixin.py:115} INFO - [2024-02-25 20:37:08,712] {dag.py:2379} INFO - Sync 1 DAGs
[2024-02-25 20:37:08,726] {logging_mixin.py:115} INFO - [2024-02-25 20:37:08,726] {dag.py:2927} INFO - Setting next_dagrun for example_time_delta_sensor_async to None, run_after=None
[2024-02-25 20:37:08,739] {processor.py:161} INFO - Processing /home/sheyla/Documents/Repositórios/airflowalura/venv/lib/python3.9/site-packages/airflow/example_dags/example_time_delta_sensor_async.py took 0.069 seconds
[2024-02-25 20:37:45,719] {processor.py:153} INFO - Started process (PID=1959903) to work on /home/sheyla/Documents/Repositórios/airflowalura/venv/lib/python3.9/site-packages/airflow/example_dags/example_time_delta_sensor_async.py
[2024-02-25 20:37:45,720] {processor.py:641} INFO - Processing file /home/sheyla/Documents/Repositórios/airflowalura/venv/lib/python3.9/site-packages/airflow/example_dags/example_time_delta_sensor_async.py for tasks to queue
[2024-02-25 20:37:45,720] {logging_mixin.py:115} INFO - [2024-02-25 20:37:45,720] {dagbag.py:507} INFO - Filling up the DagBag from /home/sheyla/Documents/Repositórios/airflowalura/venv/lib/python3.9/site-packages/airflow/example_dags/example_time_delta_sensor_async.py
[2024-02-25 20:37:45,725] {processor.py:651} INFO - DAG(s) dict_keys(['example_time_delta_sensor_async']) retrieved from /home/sheyla/Documents/Repositórios/airflowalura/venv/lib/python3.9/site-packages/airflow/example_dags/example_time_delta_sensor_async.py
[2024-02-25 20:37:45,745] {logging_mixin.py:115} INFO - [2024-02-25 20:37:45,744] {dag.py:2379} INFO - Sync 1 DAGs
[2024-02-25 20:37:45,759] {logging_mixin.py:115} INFO - [2024-02-25 20:37:45,759] {dag.py:2927} INFO - Setting next_dagrun for example_time_delta_sensor_async to None, run_after=None
[2024-02-25 20:37:45,770] {processor.py:161} INFO - Processing /home/sheyla/Documents/Repositórios/airflowalura/venv/lib/python3.9/site-packages/airflow/example_dags/example_time_delta_sensor_async.py took 0.053 seconds
[2024-02-25 20:38:25,190] {processor.py:153} INFO - Started process (PID=1960303) to work on /home/sheyla/Documents/Repositórios/airflowalura/venv/lib/python3.9/site-packages/airflow/example_dags/example_time_delta_sensor_async.py
[2024-02-25 20:38:25,196] {processor.py:641} INFO - Processing file /home/sheyla/Documents/Repositórios/airflowalura/venv/lib/python3.9/site-packages/airflow/example_dags/example_time_delta_sensor_async.py for tasks to queue
[2024-02-25 20:38:25,196] {logging_mixin.py:115} INFO - [2024-02-25 20:38:25,196] {dagbag.py:507} INFO - Filling up the DagBag from /home/sheyla/Documents/Repositórios/airflowalura/venv/lib/python3.9/site-packages/airflow/example_dags/example_time_delta_sensor_async.py
[2024-02-25 20:38:25,201] {processor.py:651} INFO - DAG(s) dict_keys(['example_time_delta_sensor_async']) retrieved from /home/sheyla/Documents/Repositórios/airflowalura/venv/lib/python3.9/site-packages/airflow/example_dags/example_time_delta_sensor_async.py
[2024-02-25 20:38:25,222] {logging_mixin.py:115} INFO - [2024-02-25 20:38:25,222] {dag.py:2379} INFO - Sync 1 DAGs
[2024-02-25 20:38:25,236] {logging_mixin.py:115} INFO - [2024-02-25 20:38:25,236] {dag.py:2927} INFO - Setting next_dagrun for example_time_delta_sensor_async to None, run_after=None
[2024-02-25 20:38:25,249] {processor.py:161} INFO - Processing /home/sheyla/Documents/Repositórios/airflowalura/venv/lib/python3.9/site-packages/airflow/example_dags/example_time_delta_sensor_async.py took 0.061 seconds
[2024-02-25 20:39:00,107] {processor.py:153} INFO - Started process (PID=1960663) to work on /home/sheyla/Documents/Repositórios/airflowalura/venv/lib/python3.9/site-packages/airflow/example_dags/example_time_delta_sensor_async.py
[2024-02-25 20:39:00,113] {processor.py:641} INFO - Processing file /home/sheyla/Documents/Repositórios/airflowalura/venv/lib/python3.9/site-packages/airflow/example_dags/example_time_delta_sensor_async.py for tasks to queue
[2024-02-25 20:39:00,115] {logging_mixin.py:115} INFO - [2024-02-25 20:39:00,114] {dagbag.py:507} INFO - Filling up the DagBag from /home/sheyla/Documents/Repositórios/airflowalura/venv/lib/python3.9/site-packages/airflow/example_dags/example_time_delta_sensor_async.py
[2024-02-25 20:39:00,127] {processor.py:651} INFO - DAG(s) dict_keys(['example_time_delta_sensor_async']) retrieved from /home/sheyla/Documents/Repositórios/airflowalura/venv/lib/python3.9/site-packages/airflow/example_dags/example_time_delta_sensor_async.py
[2024-02-25 20:39:00,155] {logging_mixin.py:115} INFO - [2024-02-25 20:39:00,155] {dag.py:2379} INFO - Sync 1 DAGs
[2024-02-25 20:39:00,168] {logging_mixin.py:115} INFO - [2024-02-25 20:39:00,168] {dag.py:2927} INFO - Setting next_dagrun for example_time_delta_sensor_async to None, run_after=None
[2024-02-25 20:39:00,187] {processor.py:161} INFO - Processing /home/sheyla/Documents/Repositórios/airflowalura/venv/lib/python3.9/site-packages/airflow/example_dags/example_time_delta_sensor_async.py took 0.086 seconds
[2024-02-25 20:39:39,059] {processor.py:153} INFO - Started process (PID=1961068) to work on /home/sheyla/Documents/Repositórios/airflowalura/venv/lib/python3.9/site-packages/airflow/example_dags/example_time_delta_sensor_async.py
[2024-02-25 20:39:39,061] {processor.py:641} INFO - Processing file /home/sheyla/Documents/Repositórios/airflowalura/venv/lib/python3.9/site-packages/airflow/example_dags/example_time_delta_sensor_async.py for tasks to queue
[2024-02-25 20:39:39,062] {logging_mixin.py:115} INFO - [2024-02-25 20:39:39,062] {dagbag.py:507} INFO - Filling up the DagBag from /home/sheyla/Documents/Repositórios/airflowalura/venv/lib/python3.9/site-packages/airflow/example_dags/example_time_delta_sensor_async.py
[2024-02-25 20:39:39,074] {processor.py:651} INFO - DAG(s) dict_keys(['example_time_delta_sensor_async']) retrieved from /home/sheyla/Documents/Repositórios/airflowalura/venv/lib/python3.9/site-packages/airflow/example_dags/example_time_delta_sensor_async.py
[2024-02-25 20:39:39,100] {logging_mixin.py:115} INFO - [2024-02-25 20:39:39,100] {dag.py:2379} INFO - Sync 1 DAGs
[2024-02-25 20:39:39,114] {logging_mixin.py:115} INFO - [2024-02-25 20:39:39,114] {dag.py:2927} INFO - Setting next_dagrun for example_time_delta_sensor_async to None, run_after=None
[2024-02-25 20:39:39,125] {processor.py:161} INFO - Processing /home/sheyla/Documents/Repositórios/airflowalura/venv/lib/python3.9/site-packages/airflow/example_dags/example_time_delta_sensor_async.py took 0.072 seconds
[2024-02-25 20:40:13,631] {processor.py:153} INFO - Started process (PID=1961430) to work on /home/sheyla/Documents/Repositórios/airflowalura/venv/lib/python3.9/site-packages/airflow/example_dags/example_time_delta_sensor_async.py
[2024-02-25 20:40:13,636] {processor.py:641} INFO - Processing file /home/sheyla/Documents/Repositórios/airflowalura/venv/lib/python3.9/site-packages/airflow/example_dags/example_time_delta_sensor_async.py for tasks to queue
[2024-02-25 20:40:13,637] {logging_mixin.py:115} INFO - [2024-02-25 20:40:13,637] {dagbag.py:507} INFO - Filling up the DagBag from /home/sheyla/Documents/Repositórios/airflowalura/venv/lib/python3.9/site-packages/airflow/example_dags/example_time_delta_sensor_async.py
[2024-02-25 20:40:13,642] {processor.py:651} INFO - DAG(s) dict_keys(['example_time_delta_sensor_async']) retrieved from /home/sheyla/Documents/Repositórios/airflowalura/venv/lib/python3.9/site-packages/airflow/example_dags/example_time_delta_sensor_async.py
[2024-02-25 20:40:13,662] {logging_mixin.py:115} INFO - [2024-02-25 20:40:13,662] {dag.py:2379} INFO - Sync 1 DAGs
[2024-02-25 20:40:13,677] {logging_mixin.py:115} INFO - [2024-02-25 20:40:13,677] {dag.py:2927} INFO - Setting next_dagrun for example_time_delta_sensor_async to None, run_after=None
[2024-02-25 20:40:13,690] {processor.py:161} INFO - Processing /home/sheyla/Documents/Repositórios/airflowalura/venv/lib/python3.9/site-packages/airflow/example_dags/example_time_delta_sensor_async.py took 0.061 seconds
[2024-02-25 20:40:54,012] {processor.py:153} INFO - Started process (PID=1961838) to work on /home/sheyla/Documents/Repositórios/airflowalura/venv/lib/python3.9/site-packages/airflow/example_dags/example_time_delta_sensor_async.py
[2024-02-25 20:40:54,018] {processor.py:641} INFO - Processing file /home/sheyla/Documents/Repositórios/airflowalura/venv/lib/python3.9/site-packages/airflow/example_dags/example_time_delta_sensor_async.py for tasks to queue
[2024-02-25 20:40:54,020] {logging_mixin.py:115} INFO - [2024-02-25 20:40:54,019] {dagbag.py:507} INFO - Filling up the DagBag from /home/sheyla/Documents/Repositórios/airflowalura/venv/lib/python3.9/site-packages/airflow/example_dags/example_time_delta_sensor_async.py
[2024-02-25 20:40:54,033] {processor.py:651} INFO - DAG(s) dict_keys(['example_time_delta_sensor_async']) retrieved from /home/sheyla/Documents/Repositórios/airflowalura/venv/lib/python3.9/site-packages/airflow/example_dags/example_time_delta_sensor_async.py
[2024-02-25 20:40:54,058] {logging_mixin.py:115} INFO - [2024-02-25 20:40:54,058] {dag.py:2379} INFO - Sync 1 DAGs
[2024-02-25 20:40:54,072] {logging_mixin.py:115} INFO - [2024-02-25 20:40:54,072] {dag.py:2927} INFO - Setting next_dagrun for example_time_delta_sensor_async to None, run_after=None
[2024-02-25 20:40:54,083] {processor.py:161} INFO - Processing /home/sheyla/Documents/Repositórios/airflowalura/venv/lib/python3.9/site-packages/airflow/example_dags/example_time_delta_sensor_async.py took 0.074 seconds
[2024-02-25 20:41:30,972] {processor.py:153} INFO - Started process (PID=1962223) to work on /home/sheyla/Documents/Repositórios/airflowalura/venv/lib/python3.9/site-packages/airflow/example_dags/example_time_delta_sensor_async.py
[2024-02-25 20:41:30,977] {processor.py:641} INFO - Processing file /home/sheyla/Documents/Repositórios/airflowalura/venv/lib/python3.9/site-packages/airflow/example_dags/example_time_delta_sensor_async.py for tasks to queue
[2024-02-25 20:41:30,978] {logging_mixin.py:115} INFO - [2024-02-25 20:41:30,978] {dagbag.py:507} INFO - Filling up the DagBag from /home/sheyla/Documents/Repositórios/airflowalura/venv/lib/python3.9/site-packages/airflow/example_dags/example_time_delta_sensor_async.py
[2024-02-25 20:41:30,982] {processor.py:651} INFO - DAG(s) dict_keys(['example_time_delta_sensor_async']) retrieved from /home/sheyla/Documents/Repositórios/airflowalura/venv/lib/python3.9/site-packages/airflow/example_dags/example_time_delta_sensor_async.py
[2024-02-25 20:41:31,001] {logging_mixin.py:115} INFO - [2024-02-25 20:41:31,000] {dag.py:2379} INFO - Sync 1 DAGs
[2024-02-25 20:41:31,015] {logging_mixin.py:115} INFO - [2024-02-25 20:41:31,015] {dag.py:2927} INFO - Setting next_dagrun for example_time_delta_sensor_async to None, run_after=None
[2024-02-25 20:41:31,028] {processor.py:161} INFO - Processing /home/sheyla/Documents/Repositórios/airflowalura/venv/lib/python3.9/site-packages/airflow/example_dags/example_time_delta_sensor_async.py took 0.058 seconds
[2024-02-25 20:42:10,575] {processor.py:153} INFO - Started process (PID=1962654) to work on /home/sheyla/Documents/Repositórios/airflowalura/venv/lib/python3.9/site-packages/airflow/example_dags/example_time_delta_sensor_async.py
[2024-02-25 20:42:10,580] {processor.py:641} INFO - Processing file /home/sheyla/Documents/Repositórios/airflowalura/venv/lib/python3.9/site-packages/airflow/example_dags/example_time_delta_sensor_async.py for tasks to queue
[2024-02-25 20:42:10,581] {logging_mixin.py:115} INFO - [2024-02-25 20:42:10,581] {dagbag.py:507} INFO - Filling up the DagBag from /home/sheyla/Documents/Repositórios/airflowalura/venv/lib/python3.9/site-packages/airflow/example_dags/example_time_delta_sensor_async.py
[2024-02-25 20:42:10,589] {processor.py:651} INFO - DAG(s) dict_keys(['example_time_delta_sensor_async']) retrieved from /home/sheyla/Documents/Repositórios/airflowalura/venv/lib/python3.9/site-packages/airflow/example_dags/example_time_delta_sensor_async.py
[2024-02-25 20:42:10,618] {logging_mixin.py:115} INFO - [2024-02-25 20:42:10,618] {dag.py:2379} INFO - Sync 1 DAGs
[2024-02-25 20:42:10,633] {logging_mixin.py:115} INFO - [2024-02-25 20:42:10,633] {dag.py:2927} INFO - Setting next_dagrun for example_time_delta_sensor_async to None, run_after=None
[2024-02-25 20:42:10,645] {processor.py:161} INFO - Processing /home/sheyla/Documents/Repositórios/airflowalura/venv/lib/python3.9/site-packages/airflow/example_dags/example_time_delta_sensor_async.py took 0.073 seconds
[2024-02-25 20:42:46,159] {processor.py:153} INFO - Started process (PID=1963020) to work on /home/sheyla/Documents/Repositórios/airflowalura/venv/lib/python3.9/site-packages/airflow/example_dags/example_time_delta_sensor_async.py
[2024-02-25 20:42:46,165] {processor.py:641} INFO - Processing file /home/sheyla/Documents/Repositórios/airflowalura/venv/lib/python3.9/site-packages/airflow/example_dags/example_time_delta_sensor_async.py for tasks to queue
[2024-02-25 20:42:46,166] {logging_mixin.py:115} INFO - [2024-02-25 20:42:46,166] {dagbag.py:507} INFO - Filling up the DagBag from /home/sheyla/Documents/Repositórios/airflowalura/venv/lib/python3.9/site-packages/airflow/example_dags/example_time_delta_sensor_async.py
[2024-02-25 20:42:46,176] {processor.py:651} INFO - DAG(s) dict_keys(['example_time_delta_sensor_async']) retrieved from /home/sheyla/Documents/Repositórios/airflowalura/venv/lib/python3.9/site-packages/airflow/example_dags/example_time_delta_sensor_async.py
[2024-02-25 20:42:46,196] {logging_mixin.py:115} INFO - [2024-02-25 20:42:46,196] {dag.py:2379} INFO - Sync 1 DAGs
[2024-02-25 20:42:46,209] {logging_mixin.py:115} INFO - [2024-02-25 20:42:46,209] {dag.py:2927} INFO - Setting next_dagrun for example_time_delta_sensor_async to None, run_after=None
[2024-02-25 20:42:46,222] {processor.py:161} INFO - Processing /home/sheyla/Documents/Repositórios/airflowalura/venv/lib/python3.9/site-packages/airflow/example_dags/example_time_delta_sensor_async.py took 0.069 seconds
[2024-02-25 20:43:24,108] {processor.py:153} INFO - Started process (PID=1963410) to work on /home/sheyla/Documents/Repositórios/airflowalura/venv/lib/python3.9/site-packages/airflow/example_dags/example_time_delta_sensor_async.py
[2024-02-25 20:43:24,109] {processor.py:641} INFO - Processing file /home/sheyla/Documents/Repositórios/airflowalura/venv/lib/python3.9/site-packages/airflow/example_dags/example_time_delta_sensor_async.py for tasks to queue
[2024-02-25 20:43:24,109] {logging_mixin.py:115} INFO - [2024-02-25 20:43:24,109] {dagbag.py:507} INFO - Filling up the DagBag from /home/sheyla/Documents/Repositórios/airflowalura/venv/lib/python3.9/site-packages/airflow/example_dags/example_time_delta_sensor_async.py
[2024-02-25 20:43:24,113] {processor.py:651} INFO - DAG(s) dict_keys(['example_time_delta_sensor_async']) retrieved from /home/sheyla/Documents/Repositórios/airflowalura/venv/lib/python3.9/site-packages/airflow/example_dags/example_time_delta_sensor_async.py
[2024-02-25 20:43:24,127] {logging_mixin.py:115} INFO - [2024-02-25 20:43:24,127] {dag.py:2379} INFO - Sync 1 DAGs
[2024-02-25 20:43:24,141] {logging_mixin.py:115} INFO - [2024-02-25 20:43:24,141] {dag.py:2927} INFO - Setting next_dagrun for example_time_delta_sensor_async to None, run_after=None
[2024-02-25 20:43:24,154] {processor.py:161} INFO - Processing /home/sheyla/Documents/Repositórios/airflowalura/venv/lib/python3.9/site-packages/airflow/example_dags/example_time_delta_sensor_async.py took 0.047 seconds
[2024-02-25 20:44:02,632] {processor.py:153} INFO - Started process (PID=1963799) to work on /home/sheyla/Documents/Repositórios/airflowalura/venv/lib/python3.9/site-packages/airflow/example_dags/example_time_delta_sensor_async.py
[2024-02-25 20:44:02,634] {processor.py:641} INFO - Processing file /home/sheyla/Documents/Repositórios/airflowalura/venv/lib/python3.9/site-packages/airflow/example_dags/example_time_delta_sensor_async.py for tasks to queue
[2024-02-25 20:44:02,635] {logging_mixin.py:115} INFO - [2024-02-25 20:44:02,635] {dagbag.py:507} INFO - Filling up the DagBag from /home/sheyla/Documents/Repositórios/airflowalura/venv/lib/python3.9/site-packages/airflow/example_dags/example_time_delta_sensor_async.py
[2024-02-25 20:44:02,647] {processor.py:651} INFO - DAG(s) dict_keys(['example_time_delta_sensor_async']) retrieved from /home/sheyla/Documents/Repositórios/airflowalura/venv/lib/python3.9/site-packages/airflow/example_dags/example_time_delta_sensor_async.py
[2024-02-25 20:44:02,677] {logging_mixin.py:115} INFO - [2024-02-25 20:44:02,677] {dag.py:2379} INFO - Sync 1 DAGs
[2024-02-25 20:44:02,690] {logging_mixin.py:115} INFO - [2024-02-25 20:44:02,690] {dag.py:2927} INFO - Setting next_dagrun for example_time_delta_sensor_async to None, run_after=None
[2024-02-25 20:44:02,703] {processor.py:161} INFO - Processing /home/sheyla/Documents/Repositórios/airflowalura/venv/lib/python3.9/site-packages/airflow/example_dags/example_time_delta_sensor_async.py took 0.077 seconds
[2024-02-25 20:44:38,611] {processor.py:153} INFO - Started process (PID=1964176) to work on /home/sheyla/Documents/Repositórios/airflowalura/venv/lib/python3.9/site-packages/airflow/example_dags/example_time_delta_sensor_async.py
[2024-02-25 20:44:38,617] {processor.py:641} INFO - Processing file /home/sheyla/Documents/Repositórios/airflowalura/venv/lib/python3.9/site-packages/airflow/example_dags/example_time_delta_sensor_async.py for tasks to queue
[2024-02-25 20:44:38,618] {logging_mixin.py:115} INFO - [2024-02-25 20:44:38,617] {dagbag.py:507} INFO - Filling up the DagBag from /home/sheyla/Documents/Repositórios/airflowalura/venv/lib/python3.9/site-packages/airflow/example_dags/example_time_delta_sensor_async.py
[2024-02-25 20:44:38,624] {processor.py:651} INFO - DAG(s) dict_keys(['example_time_delta_sensor_async']) retrieved from /home/sheyla/Documents/Repositórios/airflowalura/venv/lib/python3.9/site-packages/airflow/example_dags/example_time_delta_sensor_async.py
[2024-02-25 20:44:38,643] {logging_mixin.py:115} INFO - [2024-02-25 20:44:38,643] {dag.py:2379} INFO - Sync 1 DAGs
[2024-02-25 20:44:38,656] {logging_mixin.py:115} INFO - [2024-02-25 20:44:38,656] {dag.py:2927} INFO - Setting next_dagrun for example_time_delta_sensor_async to None, run_after=None
[2024-02-25 20:44:38,674] {processor.py:161} INFO - Processing /home/sheyla/Documents/Repositórios/airflowalura/venv/lib/python3.9/site-packages/airflow/example_dags/example_time_delta_sensor_async.py took 0.070 seconds
[2024-02-25 20:45:17,408] {processor.py:153} INFO - Started process (PID=1964572) to work on /home/sheyla/Documents/Repositórios/airflowalura/venv/lib/python3.9/site-packages/airflow/example_dags/example_time_delta_sensor_async.py
[2024-02-25 20:45:17,409] {processor.py:641} INFO - Processing file /home/sheyla/Documents/Repositórios/airflowalura/venv/lib/python3.9/site-packages/airflow/example_dags/example_time_delta_sensor_async.py for tasks to queue
[2024-02-25 20:45:17,410] {logging_mixin.py:115} INFO - [2024-02-25 20:45:17,410] {dagbag.py:507} INFO - Filling up the DagBag from /home/sheyla/Documents/Repositórios/airflowalura/venv/lib/python3.9/site-packages/airflow/example_dags/example_time_delta_sensor_async.py
[2024-02-25 20:45:17,415] {processor.py:651} INFO - DAG(s) dict_keys(['example_time_delta_sensor_async']) retrieved from /home/sheyla/Documents/Repositórios/airflowalura/venv/lib/python3.9/site-packages/airflow/example_dags/example_time_delta_sensor_async.py
[2024-02-25 20:45:17,433] {logging_mixin.py:115} INFO - [2024-02-25 20:45:17,433] {dag.py:2379} INFO - Sync 1 DAGs
[2024-02-25 20:45:17,448] {logging_mixin.py:115} INFO - [2024-02-25 20:45:17,448] {dag.py:2927} INFO - Setting next_dagrun for example_time_delta_sensor_async to None, run_after=None
[2024-02-25 20:45:17,460] {processor.py:161} INFO - Processing /home/sheyla/Documents/Repositórios/airflowalura/venv/lib/python3.9/site-packages/airflow/example_dags/example_time_delta_sensor_async.py took 0.056 seconds
[2024-02-25 20:45:52,873] {processor.py:153} INFO - Started process (PID=1964932) to work on /home/sheyla/Documents/Repositórios/airflowalura/venv/lib/python3.9/site-packages/airflow/example_dags/example_time_delta_sensor_async.py
[2024-02-25 20:45:52,879] {processor.py:641} INFO - Processing file /home/sheyla/Documents/Repositórios/airflowalura/venv/lib/python3.9/site-packages/airflow/example_dags/example_time_delta_sensor_async.py for tasks to queue
[2024-02-25 20:45:52,881] {logging_mixin.py:115} INFO - [2024-02-25 20:45:52,880] {dagbag.py:507} INFO - Filling up the DagBag from /home/sheyla/Documents/Repositórios/airflowalura/venv/lib/python3.9/site-packages/airflow/example_dags/example_time_delta_sensor_async.py
[2024-02-25 20:45:52,895] {processor.py:651} INFO - DAG(s) dict_keys(['example_time_delta_sensor_async']) retrieved from /home/sheyla/Documents/Repositórios/airflowalura/venv/lib/python3.9/site-packages/airflow/example_dags/example_time_delta_sensor_async.py
[2024-02-25 20:45:52,923] {logging_mixin.py:115} INFO - [2024-02-25 20:45:52,923] {dag.py:2379} INFO - Sync 1 DAGs
[2024-02-25 20:45:52,937] {logging_mixin.py:115} INFO - [2024-02-25 20:45:52,937] {dag.py:2927} INFO - Setting next_dagrun for example_time_delta_sensor_async to None, run_after=None
[2024-02-25 20:45:52,952] {processor.py:161} INFO - Processing /home/sheyla/Documents/Repositórios/airflowalura/venv/lib/python3.9/site-packages/airflow/example_dags/example_time_delta_sensor_async.py took 0.086 seconds
[2024-02-25 20:46:31,867] {processor.py:153} INFO - Started process (PID=1965333) to work on /home/sheyla/Documents/Repositórios/airflowalura/venv/lib/python3.9/site-packages/airflow/example_dags/example_time_delta_sensor_async.py
[2024-02-25 20:46:31,873] {processor.py:641} INFO - Processing file /home/sheyla/Documents/Repositórios/airflowalura/venv/lib/python3.9/site-packages/airflow/example_dags/example_time_delta_sensor_async.py for tasks to queue
[2024-02-25 20:46:31,874] {logging_mixin.py:115} INFO - [2024-02-25 20:46:31,874] {dagbag.py:507} INFO - Filling up the DagBag from /home/sheyla/Documents/Repositórios/airflowalura/venv/lib/python3.9/site-packages/airflow/example_dags/example_time_delta_sensor_async.py
[2024-02-25 20:46:31,887] {processor.py:651} INFO - DAG(s) dict_keys(['example_time_delta_sensor_async']) retrieved from /home/sheyla/Documents/Repositórios/airflowalura/venv/lib/python3.9/site-packages/airflow/example_dags/example_time_delta_sensor_async.py
[2024-02-25 20:46:31,916] {logging_mixin.py:115} INFO - [2024-02-25 20:46:31,916] {dag.py:2379} INFO - Sync 1 DAGs
[2024-02-25 20:46:31,930] {logging_mixin.py:115} INFO - [2024-02-25 20:46:31,930] {dag.py:2927} INFO - Setting next_dagrun for example_time_delta_sensor_async to None, run_after=None
[2024-02-25 20:46:31,945] {processor.py:161} INFO - Processing /home/sheyla/Documents/Repositórios/airflowalura/venv/lib/python3.9/site-packages/airflow/example_dags/example_time_delta_sensor_async.py took 0.080 seconds
[2024-02-25 20:47:07,939] {processor.py:153} INFO - Started process (PID=1965809) to work on /home/sheyla/Documents/Repositórios/airflowalura/venv/lib/python3.9/site-packages/airflow/example_dags/example_time_delta_sensor_async.py
[2024-02-25 20:47:07,945] {processor.py:641} INFO - Processing file /home/sheyla/Documents/Repositórios/airflowalura/venv/lib/python3.9/site-packages/airflow/example_dags/example_time_delta_sensor_async.py for tasks to queue
[2024-02-25 20:47:07,945] {logging_mixin.py:115} INFO - [2024-02-25 20:47:07,945] {dagbag.py:507} INFO - Filling up the DagBag from /home/sheyla/Documents/Repositórios/airflowalura/venv/lib/python3.9/site-packages/airflow/example_dags/example_time_delta_sensor_async.py
[2024-02-25 20:47:07,948] {processor.py:651} INFO - DAG(s) dict_keys(['example_time_delta_sensor_async']) retrieved from /home/sheyla/Documents/Repositórios/airflowalura/venv/lib/python3.9/site-packages/airflow/example_dags/example_time_delta_sensor_async.py
[2024-02-25 20:47:07,962] {logging_mixin.py:115} INFO - [2024-02-25 20:47:07,962] {dag.py:2379} INFO - Sync 1 DAGs
[2024-02-25 20:47:07,975] {logging_mixin.py:115} INFO - [2024-02-25 20:47:07,975] {dag.py:2927} INFO - Setting next_dagrun for example_time_delta_sensor_async to None, run_after=None
[2024-02-25 20:47:07,988] {processor.py:161} INFO - Processing /home/sheyla/Documents/Repositórios/airflowalura/venv/lib/python3.9/site-packages/airflow/example_dags/example_time_delta_sensor_async.py took 0.051 seconds
[2024-02-25 20:47:47,345] {processor.py:153} INFO - Started process (PID=1966412) to work on /home/sheyla/Documents/Repositórios/airflowalura/venv/lib/python3.9/site-packages/airflow/example_dags/example_time_delta_sensor_async.py
[2024-02-25 20:47:47,351] {processor.py:641} INFO - Processing file /home/sheyla/Documents/Repositórios/airflowalura/venv/lib/python3.9/site-packages/airflow/example_dags/example_time_delta_sensor_async.py for tasks to queue
[2024-02-25 20:47:47,352] {logging_mixin.py:115} INFO - [2024-02-25 20:47:47,352] {dagbag.py:507} INFO - Filling up the DagBag from /home/sheyla/Documents/Repositórios/airflowalura/venv/lib/python3.9/site-packages/airflow/example_dags/example_time_delta_sensor_async.py
[2024-02-25 20:47:47,360] {processor.py:651} INFO - DAG(s) dict_keys(['example_time_delta_sensor_async']) retrieved from /home/sheyla/Documents/Repositórios/airflowalura/venv/lib/python3.9/site-packages/airflow/example_dags/example_time_delta_sensor_async.py
[2024-02-25 20:47:47,382] {logging_mixin.py:115} INFO - [2024-02-25 20:47:47,381] {dag.py:2379} INFO - Sync 1 DAGs
[2024-02-25 20:47:47,396] {logging_mixin.py:115} INFO - [2024-02-25 20:47:47,396] {dag.py:2927} INFO - Setting next_dagrun for example_time_delta_sensor_async to None, run_after=None
[2024-02-25 20:47:47,409] {processor.py:161} INFO - Processing /home/sheyla/Documents/Repositórios/airflowalura/venv/lib/python3.9/site-packages/airflow/example_dags/example_time_delta_sensor_async.py took 0.071 seconds
[2024-02-25 20:48:24,367] {processor.py:153} INFO - Started process (PID=1966969) to work on /home/sheyla/Documents/Repositórios/airflowalura/venv/lib/python3.9/site-packages/airflow/example_dags/example_time_delta_sensor_async.py
[2024-02-25 20:48:24,368] {processor.py:641} INFO - Processing file /home/sheyla/Documents/Repositórios/airflowalura/venv/lib/python3.9/site-packages/airflow/example_dags/example_time_delta_sensor_async.py for tasks to queue
[2024-02-25 20:48:24,368] {logging_mixin.py:115} INFO - [2024-02-25 20:48:24,368] {dagbag.py:507} INFO - Filling up the DagBag from /home/sheyla/Documents/Repositórios/airflowalura/venv/lib/python3.9/site-packages/airflow/example_dags/example_time_delta_sensor_async.py
[2024-02-25 20:48:24,371] {processor.py:651} INFO - DAG(s) dict_keys(['example_time_delta_sensor_async']) retrieved from /home/sheyla/Documents/Repositórios/airflowalura/venv/lib/python3.9/site-packages/airflow/example_dags/example_time_delta_sensor_async.py
[2024-02-25 20:48:24,385] {logging_mixin.py:115} INFO - [2024-02-25 20:48:24,385] {dag.py:2379} INFO - Sync 1 DAGs
[2024-02-25 20:48:24,398] {logging_mixin.py:115} INFO - [2024-02-25 20:48:24,398] {dag.py:2927} INFO - Setting next_dagrun for example_time_delta_sensor_async to None, run_after=None
[2024-02-25 20:48:24,410] {processor.py:161} INFO - Processing /home/sheyla/Documents/Repositórios/airflowalura/venv/lib/python3.9/site-packages/airflow/example_dags/example_time_delta_sensor_async.py took 0.045 seconds
