[2024-02-25 20:33:58,967] {processor.py:153} INFO - Started process (PID=1957488) to work on /home/sheyla/Documents/Repositórios/airflowalura/venv/lib/python3.9/site-packages/airflow/example_dags/example_task_group.py
[2024-02-25 20:33:58,969] {processor.py:641} INFO - Processing file /home/sheyla/Documents/Repositórios/airflowalura/venv/lib/python3.9/site-packages/airflow/example_dags/example_task_group.py for tasks to queue
[2024-02-25 20:33:58,970] {logging_mixin.py:115} INFO - [2024-02-25 20:33:58,969] {dagbag.py:507} INFO - Filling up the DagBag from /home/sheyla/Documents/Repositórios/airflowalura/venv/lib/python3.9/site-packages/airflow/example_dags/example_task_group.py
[2024-02-25 20:33:58,985] {processor.py:651} INFO - DAG(s) dict_keys(['example_task_group']) retrieved from /home/sheyla/Documents/Repositórios/airflowalura/venv/lib/python3.9/site-packages/airflow/example_dags/example_task_group.py
[2024-02-25 20:33:59,002] {logging_mixin.py:115} INFO - [2024-02-25 20:33:59,002] {dag.py:2379} INFO - Sync 1 DAGs
[2024-02-25 20:33:59,017] {logging_mixin.py:115} INFO - [2024-02-25 20:33:59,017] {dag.py:2927} INFO - Setting next_dagrun for example_task_group to 2024-02-24T23:33:59.017034+00:00, run_after=2024-02-25T23:33:59.017034+00:00
[2024-02-25 20:33:59,031] {processor.py:161} INFO - Processing /home/sheyla/Documents/Repositórios/airflowalura/venv/lib/python3.9/site-packages/airflow/example_dags/example_task_group.py took 0.070 seconds
[2024-02-25 20:34:36,857] {processor.py:153} INFO - Started process (PID=1957940) to work on /home/sheyla/Documents/Repositórios/airflowalura/venv/lib/python3.9/site-packages/airflow/example_dags/example_task_group.py
[2024-02-25 20:34:36,858] {processor.py:641} INFO - Processing file /home/sheyla/Documents/Repositórios/airflowalura/venv/lib/python3.9/site-packages/airflow/example_dags/example_task_group.py for tasks to queue
[2024-02-25 20:34:36,858] {logging_mixin.py:115} INFO - [2024-02-25 20:34:36,858] {dagbag.py:507} INFO - Filling up the DagBag from /home/sheyla/Documents/Repositórios/airflowalura/venv/lib/python3.9/site-packages/airflow/example_dags/example_task_group.py
[2024-02-25 20:34:36,863] {processor.py:651} INFO - DAG(s) dict_keys(['example_task_group']) retrieved from /home/sheyla/Documents/Repositórios/airflowalura/venv/lib/python3.9/site-packages/airflow/example_dags/example_task_group.py
[2024-02-25 20:34:36,875] {logging_mixin.py:115} INFO - [2024-02-25 20:34:36,875] {dag.py:2379} INFO - Sync 1 DAGs
[2024-02-25 20:34:36,888] {logging_mixin.py:115} INFO - [2024-02-25 20:34:36,888] {dag.py:2927} INFO - Setting next_dagrun for example_task_group to 2024-02-24T23:34:36.888409+00:00, run_after=2024-02-25T23:34:36.888409+00:00
[2024-02-25 20:34:36,906] {processor.py:161} INFO - Processing /home/sheyla/Documents/Repositórios/airflowalura/venv/lib/python3.9/site-packages/airflow/example_dags/example_task_group.py took 0.050 seconds
[2024-02-25 20:35:12,331] {processor.py:153} INFO - Started process (PID=1958300) to work on /home/sheyla/Documents/Repositórios/airflowalura/venv/lib/python3.9/site-packages/airflow/example_dags/example_task_group.py
[2024-02-25 20:35:12,332] {processor.py:641} INFO - Processing file /home/sheyla/Documents/Repositórios/airflowalura/venv/lib/python3.9/site-packages/airflow/example_dags/example_task_group.py for tasks to queue
[2024-02-25 20:35:12,333] {logging_mixin.py:115} INFO - [2024-02-25 20:35:12,333] {dagbag.py:507} INFO - Filling up the DagBag from /home/sheyla/Documents/Repositórios/airflowalura/venv/lib/python3.9/site-packages/airflow/example_dags/example_task_group.py
[2024-02-25 20:35:12,350] {processor.py:651} INFO - DAG(s) dict_keys(['example_task_group']) retrieved from /home/sheyla/Documents/Repositórios/airflowalura/venv/lib/python3.9/site-packages/airflow/example_dags/example_task_group.py
[2024-02-25 20:35:12,369] {logging_mixin.py:115} INFO - [2024-02-25 20:35:12,369] {dag.py:2379} INFO - Sync 1 DAGs
[2024-02-25 20:35:12,384] {logging_mixin.py:115} INFO - [2024-02-25 20:35:12,384] {dag.py:2927} INFO - Setting next_dagrun for example_task_group to 2024-02-24T23:35:12.384084+00:00, run_after=2024-02-25T23:35:12.384084+00:00
[2024-02-25 20:35:12,398] {processor.py:161} INFO - Processing /home/sheyla/Documents/Repositórios/airflowalura/venv/lib/python3.9/site-packages/airflow/example_dags/example_task_group.py took 0.074 seconds
[2024-02-25 20:35:50,261] {processor.py:153} INFO - Started process (PID=1958691) to work on /home/sheyla/Documents/Repositórios/airflowalura/venv/lib/python3.9/site-packages/airflow/example_dags/example_task_group.py
[2024-02-25 20:35:50,267] {processor.py:641} INFO - Processing file /home/sheyla/Documents/Repositórios/airflowalura/venv/lib/python3.9/site-packages/airflow/example_dags/example_task_group.py for tasks to queue
[2024-02-25 20:35:50,268] {logging_mixin.py:115} INFO - [2024-02-25 20:35:50,268] {dagbag.py:507} INFO - Filling up the DagBag from /home/sheyla/Documents/Repositórios/airflowalura/venv/lib/python3.9/site-packages/airflow/example_dags/example_task_group.py
[2024-02-25 20:35:50,286] {processor.py:651} INFO - DAG(s) dict_keys(['example_task_group']) retrieved from /home/sheyla/Documents/Repositórios/airflowalura/venv/lib/python3.9/site-packages/airflow/example_dags/example_task_group.py
[2024-02-25 20:35:50,307] {logging_mixin.py:115} INFO - [2024-02-25 20:35:50,306] {dag.py:2379} INFO - Sync 1 DAGs
[2024-02-25 20:35:50,321] {logging_mixin.py:115} INFO - [2024-02-25 20:35:50,321] {dag.py:2927} INFO - Setting next_dagrun for example_task_group to 2024-02-24T23:35:50.321344+00:00, run_after=2024-02-25T23:35:50.321344+00:00
[2024-02-25 20:35:50,334] {processor.py:161} INFO - Processing /home/sheyla/Documents/Repositórios/airflowalura/venv/lib/python3.9/site-packages/airflow/example_dags/example_task_group.py took 0.080 seconds
[2024-02-25 20:36:29,414] {processor.py:153} INFO - Started process (PID=1959098) to work on /home/sheyla/Documents/Repositórios/airflowalura/venv/lib/python3.9/site-packages/airflow/example_dags/example_task_group.py
[2024-02-25 20:36:29,420] {processor.py:641} INFO - Processing file /home/sheyla/Documents/Repositórios/airflowalura/venv/lib/python3.9/site-packages/airflow/example_dags/example_task_group.py for tasks to queue
[2024-02-25 20:36:29,422] {logging_mixin.py:115} INFO - [2024-02-25 20:36:29,421] {dagbag.py:507} INFO - Filling up the DagBag from /home/sheyla/Documents/Repositórios/airflowalura/venv/lib/python3.9/site-packages/airflow/example_dags/example_task_group.py
[2024-02-25 20:36:29,441] {processor.py:651} INFO - DAG(s) dict_keys(['example_task_group']) retrieved from /home/sheyla/Documents/Repositórios/airflowalura/venv/lib/python3.9/site-packages/airflow/example_dags/example_task_group.py
[2024-02-25 20:36:29,462] {logging_mixin.py:115} INFO - [2024-02-25 20:36:29,462] {dag.py:2379} INFO - Sync 1 DAGs
[2024-02-25 20:36:29,477] {logging_mixin.py:115} INFO - [2024-02-25 20:36:29,477] {dag.py:2927} INFO - Setting next_dagrun for example_task_group to 2024-02-24T23:36:29.477004+00:00, run_after=2024-02-25T23:36:29.477004+00:00
[2024-02-25 20:36:29,489] {processor.py:161} INFO - Processing /home/sheyla/Documents/Repositórios/airflowalura/venv/lib/python3.9/site-packages/airflow/example_dags/example_task_group.py took 0.078 seconds
[2024-02-25 20:37:06,936] {processor.py:153} INFO - Started process (PID=1959503) to work on /home/sheyla/Documents/Repositórios/airflowalura/venv/lib/python3.9/site-packages/airflow/example_dags/example_task_group.py
[2024-02-25 20:37:06,942] {processor.py:641} INFO - Processing file /home/sheyla/Documents/Repositórios/airflowalura/venv/lib/python3.9/site-packages/airflow/example_dags/example_task_group.py for tasks to queue
[2024-02-25 20:37:06,943] {logging_mixin.py:115} INFO - [2024-02-25 20:37:06,943] {dagbag.py:507} INFO - Filling up the DagBag from /home/sheyla/Documents/Repositórios/airflowalura/venv/lib/python3.9/site-packages/airflow/example_dags/example_task_group.py
[2024-02-25 20:37:06,961] {processor.py:651} INFO - DAG(s) dict_keys(['example_task_group']) retrieved from /home/sheyla/Documents/Repositórios/airflowalura/venv/lib/python3.9/site-packages/airflow/example_dags/example_task_group.py
[2024-02-25 20:37:06,981] {logging_mixin.py:115} INFO - [2024-02-25 20:37:06,981] {dag.py:2379} INFO - Sync 1 DAGs
[2024-02-25 20:37:06,995] {logging_mixin.py:115} INFO - [2024-02-25 20:37:06,995] {dag.py:2927} INFO - Setting next_dagrun for example_task_group to 2024-02-24T23:37:06.995272+00:00, run_after=2024-02-25T23:37:06.995272+00:00
[2024-02-25 20:37:07,007] {processor.py:161} INFO - Processing /home/sheyla/Documents/Repositórios/airflowalura/venv/lib/python3.9/site-packages/airflow/example_dags/example_task_group.py took 0.078 seconds
[2024-02-25 20:37:44,370] {processor.py:153} INFO - Started process (PID=1959887) to work on /home/sheyla/Documents/Repositórios/airflowalura/venv/lib/python3.9/site-packages/airflow/example_dags/example_task_group.py
[2024-02-25 20:37:44,375] {processor.py:641} INFO - Processing file /home/sheyla/Documents/Repositórios/airflowalura/venv/lib/python3.9/site-packages/airflow/example_dags/example_task_group.py for tasks to queue
[2024-02-25 20:37:44,376] {logging_mixin.py:115} INFO - [2024-02-25 20:37:44,376] {dagbag.py:507} INFO - Filling up the DagBag from /home/sheyla/Documents/Repositórios/airflowalura/venv/lib/python3.9/site-packages/airflow/example_dags/example_task_group.py
[2024-02-25 20:37:44,383] {processor.py:651} INFO - DAG(s) dict_keys(['example_task_group']) retrieved from /home/sheyla/Documents/Repositórios/airflowalura/venv/lib/python3.9/site-packages/airflow/example_dags/example_task_group.py
[2024-02-25 20:37:44,402] {logging_mixin.py:115} INFO - [2024-02-25 20:37:44,402] {dag.py:2379} INFO - Sync 1 DAGs
[2024-02-25 20:37:44,419] {logging_mixin.py:115} INFO - [2024-02-25 20:37:44,419] {dag.py:2927} INFO - Setting next_dagrun for example_task_group to 2024-02-24T23:37:44.419359+00:00, run_after=2024-02-25T23:37:44.419359+00:00
[2024-02-25 20:37:44,432] {processor.py:161} INFO - Processing /home/sheyla/Documents/Repositórios/airflowalura/venv/lib/python3.9/site-packages/airflow/example_dags/example_task_group.py took 0.064 seconds
[2024-02-25 20:38:23,076] {processor.py:153} INFO - Started process (PID=1960286) to work on /home/sheyla/Documents/Repositórios/airflowalura/venv/lib/python3.9/site-packages/airflow/example_dags/example_task_group.py
[2024-02-25 20:38:23,078] {processor.py:641} INFO - Processing file /home/sheyla/Documents/Repositórios/airflowalura/venv/lib/python3.9/site-packages/airflow/example_dags/example_task_group.py for tasks to queue
[2024-02-25 20:38:23,079] {logging_mixin.py:115} INFO - [2024-02-25 20:38:23,079] {dagbag.py:507} INFO - Filling up the DagBag from /home/sheyla/Documents/Repositórios/airflowalura/venv/lib/python3.9/site-packages/airflow/example_dags/example_task_group.py
[2024-02-25 20:38:23,095] {processor.py:651} INFO - DAG(s) dict_keys(['example_task_group']) retrieved from /home/sheyla/Documents/Repositórios/airflowalura/venv/lib/python3.9/site-packages/airflow/example_dags/example_task_group.py
[2024-02-25 20:38:23,112] {logging_mixin.py:115} INFO - [2024-02-25 20:38:23,112] {dag.py:2379} INFO - Sync 1 DAGs
[2024-02-25 20:38:23,126] {logging_mixin.py:115} INFO - [2024-02-25 20:38:23,126] {dag.py:2927} INFO - Setting next_dagrun for example_task_group to 2024-02-24T23:38:23.126584+00:00, run_after=2024-02-25T23:38:23.126584+00:00
[2024-02-25 20:38:23,147] {processor.py:161} INFO - Processing /home/sheyla/Documents/Repositórios/airflowalura/venv/lib/python3.9/site-packages/airflow/example_dags/example_task_group.py took 0.077 seconds
[2024-02-25 20:38:57,842] {processor.py:153} INFO - Started process (PID=1960636) to work on /home/sheyla/Documents/Repositórios/airflowalura/venv/lib/python3.9/site-packages/airflow/example_dags/example_task_group.py
[2024-02-25 20:38:57,854] {processor.py:641} INFO - Processing file /home/sheyla/Documents/Repositórios/airflowalura/venv/lib/python3.9/site-packages/airflow/example_dags/example_task_group.py for tasks to queue
[2024-02-25 20:38:57,855] {logging_mixin.py:115} INFO - [2024-02-25 20:38:57,855] {dagbag.py:507} INFO - Filling up the DagBag from /home/sheyla/Documents/Repositórios/airflowalura/venv/lib/python3.9/site-packages/airflow/example_dags/example_task_group.py
[2024-02-25 20:38:57,865] {processor.py:651} INFO - DAG(s) dict_keys(['example_task_group']) retrieved from /home/sheyla/Documents/Repositórios/airflowalura/venv/lib/python3.9/site-packages/airflow/example_dags/example_task_group.py
[2024-02-25 20:38:57,880] {logging_mixin.py:115} INFO - [2024-02-25 20:38:57,880] {dag.py:2379} INFO - Sync 1 DAGs
[2024-02-25 20:38:57,894] {logging_mixin.py:115} INFO - [2024-02-25 20:38:57,894] {dag.py:2927} INFO - Setting next_dagrun for example_task_group to 2024-02-24T23:38:57.894572+00:00, run_after=2024-02-25T23:38:57.894572+00:00
[2024-02-25 20:38:57,907] {processor.py:161} INFO - Processing /home/sheyla/Documents/Repositórios/airflowalura/venv/lib/python3.9/site-packages/airflow/example_dags/example_task_group.py took 0.072 seconds
[2024-02-25 20:39:33,912] {processor.py:153} INFO - Started process (PID=1961016) to work on /home/sheyla/Documents/Repositórios/airflowalura/venv/lib/python3.9/site-packages/airflow/example_dags/example_task_group.py
[2024-02-25 20:39:33,913] {processor.py:641} INFO - Processing file /home/sheyla/Documents/Repositórios/airflowalura/venv/lib/python3.9/site-packages/airflow/example_dags/example_task_group.py for tasks to queue
[2024-02-25 20:39:33,914] {logging_mixin.py:115} INFO - [2024-02-25 20:39:33,913] {dagbag.py:507} INFO - Filling up the DagBag from /home/sheyla/Documents/Repositórios/airflowalura/venv/lib/python3.9/site-packages/airflow/example_dags/example_task_group.py
[2024-02-25 20:39:33,921] {processor.py:651} INFO - DAG(s) dict_keys(['example_task_group']) retrieved from /home/sheyla/Documents/Repositórios/airflowalura/venv/lib/python3.9/site-packages/airflow/example_dags/example_task_group.py
[2024-02-25 20:39:33,935] {logging_mixin.py:115} INFO - [2024-02-25 20:39:33,935] {dag.py:2379} INFO - Sync 1 DAGs
[2024-02-25 20:39:33,949] {logging_mixin.py:115} INFO - [2024-02-25 20:39:33,948] {dag.py:2927} INFO - Setting next_dagrun for example_task_group to 2024-02-24T23:39:33.948808+00:00, run_after=2024-02-25T23:39:33.948808+00:00
[2024-02-25 20:39:33,963] {processor.py:161} INFO - Processing /home/sheyla/Documents/Repositórios/airflowalura/venv/lib/python3.9/site-packages/airflow/example_dags/example_task_group.py took 0.053 seconds
[2024-02-25 20:40:12,376] {processor.py:153} INFO - Started process (PID=1961411) to work on /home/sheyla/Documents/Repositórios/airflowalura/venv/lib/python3.9/site-packages/airflow/example_dags/example_task_group.py
[2024-02-25 20:40:12,382] {processor.py:641} INFO - Processing file /home/sheyla/Documents/Repositórios/airflowalura/venv/lib/python3.9/site-packages/airflow/example_dags/example_task_group.py for tasks to queue
[2024-02-25 20:40:12,383] {logging_mixin.py:115} INFO - [2024-02-25 20:40:12,383] {dagbag.py:507} INFO - Filling up the DagBag from /home/sheyla/Documents/Repositórios/airflowalura/venv/lib/python3.9/site-packages/airflow/example_dags/example_task_group.py
[2024-02-25 20:40:12,400] {processor.py:651} INFO - DAG(s) dict_keys(['example_task_group']) retrieved from /home/sheyla/Documents/Repositórios/airflowalura/venv/lib/python3.9/site-packages/airflow/example_dags/example_task_group.py
[2024-02-25 20:40:12,422] {logging_mixin.py:115} INFO - [2024-02-25 20:40:12,422] {dag.py:2379} INFO - Sync 1 DAGs
[2024-02-25 20:40:12,436] {logging_mixin.py:115} INFO - [2024-02-25 20:40:12,436] {dag.py:2927} INFO - Setting next_dagrun for example_task_group to 2024-02-24T23:40:12.436232+00:00, run_after=2024-02-25T23:40:12.436232+00:00
[2024-02-25 20:40:12,447] {processor.py:161} INFO - Processing /home/sheyla/Documents/Repositórios/airflowalura/venv/lib/python3.9/site-packages/airflow/example_dags/example_task_group.py took 0.073 seconds
[2024-02-25 20:40:51,756] {processor.py:153} INFO - Started process (PID=1961811) to work on /home/sheyla/Documents/Repositórios/airflowalura/venv/lib/python3.9/site-packages/airflow/example_dags/example_task_group.py
[2024-02-25 20:40:51,757] {processor.py:641} INFO - Processing file /home/sheyla/Documents/Repositórios/airflowalura/venv/lib/python3.9/site-packages/airflow/example_dags/example_task_group.py for tasks to queue
[2024-02-25 20:40:51,758] {logging_mixin.py:115} INFO - [2024-02-25 20:40:51,758] {dagbag.py:507} INFO - Filling up the DagBag from /home/sheyla/Documents/Repositórios/airflowalura/venv/lib/python3.9/site-packages/airflow/example_dags/example_task_group.py
[2024-02-25 20:40:51,774] {processor.py:651} INFO - DAG(s) dict_keys(['example_task_group']) retrieved from /home/sheyla/Documents/Repositórios/airflowalura/venv/lib/python3.9/site-packages/airflow/example_dags/example_task_group.py
[2024-02-25 20:40:51,793] {logging_mixin.py:115} INFO - [2024-02-25 20:40:51,793] {dag.py:2379} INFO - Sync 1 DAGs
[2024-02-25 20:40:51,807] {logging_mixin.py:115} INFO - [2024-02-25 20:40:51,807] {dag.py:2927} INFO - Setting next_dagrun for example_task_group to 2024-02-24T23:40:51.807095+00:00, run_after=2024-02-25T23:40:51.807095+00:00
[2024-02-25 20:40:51,819] {processor.py:161} INFO - Processing /home/sheyla/Documents/Repositórios/airflowalura/venv/lib/python3.9/site-packages/airflow/example_dags/example_task_group.py took 0.069 seconds
[2024-02-25 20:41:29,273] {processor.py:153} INFO - Started process (PID=1962208) to work on /home/sheyla/Documents/Repositórios/airflowalura/venv/lib/python3.9/site-packages/airflow/example_dags/example_task_group.py
[2024-02-25 20:41:29,273] {processor.py:641} INFO - Processing file /home/sheyla/Documents/Repositórios/airflowalura/venv/lib/python3.9/site-packages/airflow/example_dags/example_task_group.py for tasks to queue
[2024-02-25 20:41:29,274] {logging_mixin.py:115} INFO - [2024-02-25 20:41:29,274] {dagbag.py:507} INFO - Filling up the DagBag from /home/sheyla/Documents/Repositórios/airflowalura/venv/lib/python3.9/site-packages/airflow/example_dags/example_task_group.py
[2024-02-25 20:41:29,281] {processor.py:651} INFO - DAG(s) dict_keys(['example_task_group']) retrieved from /home/sheyla/Documents/Repositórios/airflowalura/venv/lib/python3.9/site-packages/airflow/example_dags/example_task_group.py
[2024-02-25 20:41:29,296] {logging_mixin.py:115} INFO - [2024-02-25 20:41:29,296] {dag.py:2379} INFO - Sync 1 DAGs
[2024-02-25 20:41:29,310] {logging_mixin.py:115} INFO - [2024-02-25 20:41:29,310] {dag.py:2927} INFO - Setting next_dagrun for example_task_group to 2024-02-24T23:41:29.310227+00:00, run_after=2024-02-25T23:41:29.310227+00:00
[2024-02-25 20:41:29,323] {processor.py:161} INFO - Processing /home/sheyla/Documents/Repositórios/airflowalura/venv/lib/python3.9/site-packages/airflow/example_dags/example_task_group.py took 0.052 seconds
[2024-02-25 20:42:08,161] {processor.py:153} INFO - Started process (PID=1962636) to work on /home/sheyla/Documents/Repositórios/airflowalura/venv/lib/python3.9/site-packages/airflow/example_dags/example_task_group.py
[2024-02-25 20:42:08,163] {processor.py:641} INFO - Processing file /home/sheyla/Documents/Repositórios/airflowalura/venv/lib/python3.9/site-packages/airflow/example_dags/example_task_group.py for tasks to queue
[2024-02-25 20:42:08,164] {logging_mixin.py:115} INFO - [2024-02-25 20:42:08,164] {dagbag.py:507} INFO - Filling up the DagBag from /home/sheyla/Documents/Repositórios/airflowalura/venv/lib/python3.9/site-packages/airflow/example_dags/example_task_group.py
[2024-02-25 20:42:08,182] {processor.py:651} INFO - DAG(s) dict_keys(['example_task_group']) retrieved from /home/sheyla/Documents/Repositórios/airflowalura/venv/lib/python3.9/site-packages/airflow/example_dags/example_task_group.py
[2024-02-25 20:42:08,205] {logging_mixin.py:115} INFO - [2024-02-25 20:42:08,205] {dag.py:2379} INFO - Sync 1 DAGs
[2024-02-25 20:42:08,220] {logging_mixin.py:115} INFO - [2024-02-25 20:42:08,220] {dag.py:2927} INFO - Setting next_dagrun for example_task_group to 2024-02-24T23:42:08.220047+00:00, run_after=2024-02-25T23:42:08.220047+00:00
[2024-02-25 20:42:08,232] {processor.py:161} INFO - Processing /home/sheyla/Documents/Repositórios/airflowalura/venv/lib/python3.9/site-packages/airflow/example_dags/example_task_group.py took 0.078 seconds
[2024-02-25 20:42:43,886] {processor.py:153} INFO - Started process (PID=1963002) to work on /home/sheyla/Documents/Repositórios/airflowalura/venv/lib/python3.9/site-packages/airflow/example_dags/example_task_group.py
[2024-02-25 20:42:43,892] {processor.py:641} INFO - Processing file /home/sheyla/Documents/Repositórios/airflowalura/venv/lib/python3.9/site-packages/airflow/example_dags/example_task_group.py for tasks to queue
[2024-02-25 20:42:43,893] {logging_mixin.py:115} INFO - [2024-02-25 20:42:43,893] {dagbag.py:507} INFO - Filling up the DagBag from /home/sheyla/Documents/Repositórios/airflowalura/venv/lib/python3.9/site-packages/airflow/example_dags/example_task_group.py
[2024-02-25 20:42:43,910] {processor.py:651} INFO - DAG(s) dict_keys(['example_task_group']) retrieved from /home/sheyla/Documents/Repositórios/airflowalura/venv/lib/python3.9/site-packages/airflow/example_dags/example_task_group.py
[2024-02-25 20:42:43,929] {logging_mixin.py:115} INFO - [2024-02-25 20:42:43,929] {dag.py:2379} INFO - Sync 1 DAGs
[2024-02-25 20:42:43,943] {logging_mixin.py:115} INFO - [2024-02-25 20:42:43,943] {dag.py:2927} INFO - Setting next_dagrun for example_task_group to 2024-02-24T23:42:43.943402+00:00, run_after=2024-02-25T23:42:43.943402+00:00
[2024-02-25 20:42:43,956] {processor.py:161} INFO - Processing /home/sheyla/Documents/Repositórios/airflowalura/venv/lib/python3.9/site-packages/airflow/example_dags/example_task_group.py took 0.077 seconds
[2024-02-25 20:43:23,502] {processor.py:153} INFO - Started process (PID=1963404) to work on /home/sheyla/Documents/Repositórios/airflowalura/venv/lib/python3.9/site-packages/airflow/example_dags/example_task_group.py
[2024-02-25 20:43:23,507] {processor.py:641} INFO - Processing file /home/sheyla/Documents/Repositórios/airflowalura/venv/lib/python3.9/site-packages/airflow/example_dags/example_task_group.py for tasks to queue
[2024-02-25 20:43:23,508] {logging_mixin.py:115} INFO - [2024-02-25 20:43:23,507] {dagbag.py:507} INFO - Filling up the DagBag from /home/sheyla/Documents/Repositórios/airflowalura/venv/lib/python3.9/site-packages/airflow/example_dags/example_task_group.py
[2024-02-25 20:43:23,515] {processor.py:651} INFO - DAG(s) dict_keys(['example_task_group']) retrieved from /home/sheyla/Documents/Repositórios/airflowalura/venv/lib/python3.9/site-packages/airflow/example_dags/example_task_group.py
[2024-02-25 20:43:23,535] {logging_mixin.py:115} INFO - [2024-02-25 20:43:23,535] {dag.py:2379} INFO - Sync 1 DAGs
[2024-02-25 20:43:23,551] {logging_mixin.py:115} INFO - [2024-02-25 20:43:23,551] {dag.py:2927} INFO - Setting next_dagrun for example_task_group to 2024-02-24T23:43:23.551153+00:00, run_after=2024-02-25T23:43:23.551153+00:00
[2024-02-25 20:43:23,563] {processor.py:161} INFO - Processing /home/sheyla/Documents/Repositórios/airflowalura/venv/lib/python3.9/site-packages/airflow/example_dags/example_task_group.py took 0.064 seconds
[2024-02-25 20:44:00,220] {processor.py:153} INFO - Started process (PID=1963780) to work on /home/sheyla/Documents/Repositórios/airflowalura/venv/lib/python3.9/site-packages/airflow/example_dags/example_task_group.py
[2024-02-25 20:44:00,226] {processor.py:641} INFO - Processing file /home/sheyla/Documents/Repositórios/airflowalura/venv/lib/python3.9/site-packages/airflow/example_dags/example_task_group.py for tasks to queue
[2024-02-25 20:44:00,228] {logging_mixin.py:115} INFO - [2024-02-25 20:44:00,227] {dagbag.py:507} INFO - Filling up the DagBag from /home/sheyla/Documents/Repositórios/airflowalura/venv/lib/python3.9/site-packages/airflow/example_dags/example_task_group.py
[2024-02-25 20:44:00,244] {processor.py:651} INFO - DAG(s) dict_keys(['example_task_group']) retrieved from /home/sheyla/Documents/Repositórios/airflowalura/venv/lib/python3.9/site-packages/airflow/example_dags/example_task_group.py
[2024-02-25 20:44:00,261] {logging_mixin.py:115} INFO - [2024-02-25 20:44:00,260] {dag.py:2379} INFO - Sync 1 DAGs
[2024-02-25 20:44:00,274] {logging_mixin.py:115} INFO - [2024-02-25 20:44:00,274] {dag.py:2927} INFO - Setting next_dagrun for example_task_group to 2024-02-24T23:44:00.274197+00:00, run_after=2024-02-25T23:44:00.274197+00:00
[2024-02-25 20:44:00,286] {processor.py:161} INFO - Processing /home/sheyla/Documents/Repositórios/airflowalura/venv/lib/python3.9/site-packages/airflow/example_dags/example_task_group.py took 0.073 seconds
[2024-02-25 20:44:36,196] {processor.py:153} INFO - Started process (PID=1964144) to work on /home/sheyla/Documents/Repositórios/airflowalura/venv/lib/python3.9/site-packages/airflow/example_dags/example_task_group.py
[2024-02-25 20:44:36,197] {processor.py:641} INFO - Processing file /home/sheyla/Documents/Repositórios/airflowalura/venv/lib/python3.9/site-packages/airflow/example_dags/example_task_group.py for tasks to queue
[2024-02-25 20:44:36,197] {logging_mixin.py:115} INFO - [2024-02-25 20:44:36,197] {dagbag.py:507} INFO - Filling up the DagBag from /home/sheyla/Documents/Repositórios/airflowalura/venv/lib/python3.9/site-packages/airflow/example_dags/example_task_group.py
[2024-02-25 20:44:36,208] {processor.py:651} INFO - DAG(s) dict_keys(['example_task_group']) retrieved from /home/sheyla/Documents/Repositórios/airflowalura/venv/lib/python3.9/site-packages/airflow/example_dags/example_task_group.py
[2024-02-25 20:44:36,228] {logging_mixin.py:115} INFO - [2024-02-25 20:44:36,228] {dag.py:2379} INFO - Sync 1 DAGs
[2024-02-25 20:44:36,244] {logging_mixin.py:115} INFO - [2024-02-25 20:44:36,244] {dag.py:2927} INFO - Setting next_dagrun for example_task_group to 2024-02-24T23:44:36.244489+00:00, run_after=2024-02-25T23:44:36.244489+00:00
[2024-02-25 20:44:36,257] {processor.py:161} INFO - Processing /home/sheyla/Documents/Repositórios/airflowalura/venv/lib/python3.9/site-packages/airflow/example_dags/example_task_group.py took 0.065 seconds
[2024-02-25 20:45:12,231] {processor.py:153} INFO - Started process (PID=1964516) to work on /home/sheyla/Documents/Repositórios/airflowalura/venv/lib/python3.9/site-packages/airflow/example_dags/example_task_group.py
[2024-02-25 20:45:12,232] {processor.py:641} INFO - Processing file /home/sheyla/Documents/Repositórios/airflowalura/venv/lib/python3.9/site-packages/airflow/example_dags/example_task_group.py for tasks to queue
[2024-02-25 20:45:12,233] {logging_mixin.py:115} INFO - [2024-02-25 20:45:12,233] {dagbag.py:507} INFO - Filling up the DagBag from /home/sheyla/Documents/Repositórios/airflowalura/venv/lib/python3.9/site-packages/airflow/example_dags/example_task_group.py
[2024-02-25 20:45:12,244] {processor.py:651} INFO - DAG(s) dict_keys(['example_task_group']) retrieved from /home/sheyla/Documents/Repositórios/airflowalura/venv/lib/python3.9/site-packages/airflow/example_dags/example_task_group.py
[2024-02-25 20:45:12,258] {logging_mixin.py:115} INFO - [2024-02-25 20:45:12,258] {dag.py:2379} INFO - Sync 1 DAGs
[2024-02-25 20:45:12,270] {logging_mixin.py:115} INFO - [2024-02-25 20:45:12,270] {dag.py:2927} INFO - Setting next_dagrun for example_task_group to 2024-02-24T23:45:12.270649+00:00, run_after=2024-02-25T23:45:12.270649+00:00
[2024-02-25 20:45:12,283] {processor.py:161} INFO - Processing /home/sheyla/Documents/Repositórios/airflowalura/venv/lib/python3.9/site-packages/airflow/example_dags/example_task_group.py took 0.055 seconds
[2024-02-25 20:45:48,064] {processor.py:153} INFO - Started process (PID=1964890) to work on /home/sheyla/Documents/Repositórios/airflowalura/venv/lib/python3.9/site-packages/airflow/example_dags/example_task_group.py
[2024-02-25 20:45:48,070] {processor.py:641} INFO - Processing file /home/sheyla/Documents/Repositórios/airflowalura/venv/lib/python3.9/site-packages/airflow/example_dags/example_task_group.py for tasks to queue
[2024-02-25 20:45:48,071] {logging_mixin.py:115} INFO - [2024-02-25 20:45:48,071] {dagbag.py:507} INFO - Filling up the DagBag from /home/sheyla/Documents/Repositórios/airflowalura/venv/lib/python3.9/site-packages/airflow/example_dags/example_task_group.py
[2024-02-25 20:45:48,088] {processor.py:651} INFO - DAG(s) dict_keys(['example_task_group']) retrieved from /home/sheyla/Documents/Repositórios/airflowalura/venv/lib/python3.9/site-packages/airflow/example_dags/example_task_group.py
[2024-02-25 20:45:48,106] {logging_mixin.py:115} INFO - [2024-02-25 20:45:48,106] {dag.py:2379} INFO - Sync 1 DAGs
[2024-02-25 20:45:48,120] {logging_mixin.py:115} INFO - [2024-02-25 20:45:48,119] {dag.py:2927} INFO - Setting next_dagrun for example_task_group to 2024-02-24T23:45:48.119737+00:00, run_after=2024-02-25T23:45:48.119737+00:00
[2024-02-25 20:45:48,132] {processor.py:161} INFO - Processing /home/sheyla/Documents/Repositórios/airflowalura/venv/lib/python3.9/site-packages/airflow/example_dags/example_task_group.py took 0.075 seconds
[2024-02-25 20:46:26,334] {processor.py:153} INFO - Started process (PID=1965278) to work on /home/sheyla/Documents/Repositórios/airflowalura/venv/lib/python3.9/site-packages/airflow/example_dags/example_task_group.py
[2024-02-25 20:46:26,339] {processor.py:641} INFO - Processing file /home/sheyla/Documents/Repositórios/airflowalura/venv/lib/python3.9/site-packages/airflow/example_dags/example_task_group.py for tasks to queue
[2024-02-25 20:46:26,340] {logging_mixin.py:115} INFO - [2024-02-25 20:46:26,340] {dagbag.py:507} INFO - Filling up the DagBag from /home/sheyla/Documents/Repositórios/airflowalura/venv/lib/python3.9/site-packages/airflow/example_dags/example_task_group.py
[2024-02-25 20:46:26,352] {processor.py:651} INFO - DAG(s) dict_keys(['example_task_group']) retrieved from /home/sheyla/Documents/Repositórios/airflowalura/venv/lib/python3.9/site-packages/airflow/example_dags/example_task_group.py
[2024-02-25 20:46:26,373] {logging_mixin.py:115} INFO - [2024-02-25 20:46:26,373] {dag.py:2379} INFO - Sync 1 DAGs
[2024-02-25 20:46:26,387] {logging_mixin.py:115} INFO - [2024-02-25 20:46:26,387] {dag.py:2927} INFO - Setting next_dagrun for example_task_group to 2024-02-24T23:46:26.387378+00:00, run_after=2024-02-25T23:46:26.387378+00:00
[2024-02-25 20:46:26,398] {processor.py:161} INFO - Processing /home/sheyla/Documents/Repositórios/airflowalura/venv/lib/python3.9/site-packages/airflow/example_dags/example_task_group.py took 0.069 seconds
[2024-02-25 20:47:00,989] {processor.py:153} INFO - Started process (PID=1965710) to work on /home/sheyla/Documents/Repositórios/airflowalura/venv/lib/python3.9/site-packages/airflow/example_dags/example_task_group.py
[2024-02-25 20:47:00,995] {processor.py:641} INFO - Processing file /home/sheyla/Documents/Repositórios/airflowalura/venv/lib/python3.9/site-packages/airflow/example_dags/example_task_group.py for tasks to queue
[2024-02-25 20:47:00,996] {logging_mixin.py:115} INFO - [2024-02-25 20:47:00,996] {dagbag.py:507} INFO - Filling up the DagBag from /home/sheyla/Documents/Repositórios/airflowalura/venv/lib/python3.9/site-packages/airflow/example_dags/example_task_group.py
[2024-02-25 20:47:01,014] {processor.py:651} INFO - DAG(s) dict_keys(['example_task_group']) retrieved from /home/sheyla/Documents/Repositórios/airflowalura/venv/lib/python3.9/site-packages/airflow/example_dags/example_task_group.py
[2024-02-25 20:47:01,031] {logging_mixin.py:115} INFO - [2024-02-25 20:47:01,031] {dag.py:2379} INFO - Sync 1 DAGs
[2024-02-25 20:47:01,046] {logging_mixin.py:115} INFO - [2024-02-25 20:47:01,046] {dag.py:2927} INFO - Setting next_dagrun for example_task_group to 2024-02-24T23:47:01.045843+00:00, run_after=2024-02-25T23:47:01.045843+00:00
[2024-02-25 20:47:01,059] {processor.py:161} INFO - Processing /home/sheyla/Documents/Repositórios/airflowalura/venv/lib/python3.9/site-packages/airflow/example_dags/example_task_group.py took 0.072 seconds
[2024-02-25 20:47:41,595] {processor.py:153} INFO - Started process (PID=1966326) to work on /home/sheyla/Documents/Repositórios/airflowalura/venv/lib/python3.9/site-packages/airflow/example_dags/example_task_group.py
[2024-02-25 20:47:41,601] {processor.py:641} INFO - Processing file /home/sheyla/Documents/Repositórios/airflowalura/venv/lib/python3.9/site-packages/airflow/example_dags/example_task_group.py for tasks to queue
[2024-02-25 20:47:41,602] {logging_mixin.py:115} INFO - [2024-02-25 20:47:41,602] {dagbag.py:507} INFO - Filling up the DagBag from /home/sheyla/Documents/Repositórios/airflowalura/venv/lib/python3.9/site-packages/airflow/example_dags/example_task_group.py
[2024-02-25 20:47:41,613] {processor.py:651} INFO - DAG(s) dict_keys(['example_task_group']) retrieved from /home/sheyla/Documents/Repositórios/airflowalura/venv/lib/python3.9/site-packages/airflow/example_dags/example_task_group.py
[2024-02-25 20:47:41,628] {logging_mixin.py:115} INFO - [2024-02-25 20:47:41,628] {dag.py:2379} INFO - Sync 1 DAGs
[2024-02-25 20:47:41,642] {logging_mixin.py:115} INFO - [2024-02-25 20:47:41,641] {dag.py:2927} INFO - Setting next_dagrun for example_task_group to 2024-02-24T23:47:41.641802+00:00, run_after=2024-02-25T23:47:41.641802+00:00
[2024-02-25 20:47:41,654] {processor.py:161} INFO - Processing /home/sheyla/Documents/Repositórios/airflowalura/venv/lib/python3.9/site-packages/airflow/example_dags/example_task_group.py took 0.065 seconds
[2024-02-25 20:48:17,640] {processor.py:153} INFO - Started process (PID=1966852) to work on /home/sheyla/Documents/Repositórios/airflowalura/venv/lib/python3.9/site-packages/airflow/example_dags/example_task_group.py
[2024-02-25 20:48:17,646] {processor.py:641} INFO - Processing file /home/sheyla/Documents/Repositórios/airflowalura/venv/lib/python3.9/site-packages/airflow/example_dags/example_task_group.py for tasks to queue
[2024-02-25 20:48:17,647] {logging_mixin.py:115} INFO - [2024-02-25 20:48:17,647] {dagbag.py:507} INFO - Filling up the DagBag from /home/sheyla/Documents/Repositórios/airflowalura/venv/lib/python3.9/site-packages/airflow/example_dags/example_task_group.py
[2024-02-25 20:48:17,666] {processor.py:651} INFO - DAG(s) dict_keys(['example_task_group']) retrieved from /home/sheyla/Documents/Repositórios/airflowalura/venv/lib/python3.9/site-packages/airflow/example_dags/example_task_group.py
[2024-02-25 20:48:17,684] {logging_mixin.py:115} INFO - [2024-02-25 20:48:17,684] {dag.py:2379} INFO - Sync 1 DAGs
[2024-02-25 20:48:17,699] {logging_mixin.py:115} INFO - [2024-02-25 20:48:17,699] {dag.py:2927} INFO - Setting next_dagrun for example_task_group to 2024-02-24T23:48:17.699023+00:00, run_after=2024-02-25T23:48:17.699023+00:00
[2024-02-25 20:48:17,710] {processor.py:161} INFO - Processing /home/sheyla/Documents/Repositórios/airflowalura/venv/lib/python3.9/site-packages/airflow/example_dags/example_task_group.py took 0.077 seconds
