[2024-02-25 20:34:00,098] {processor.py:153} INFO - Started process (PID=1957497) to work on /home/sheyla/Documents/Repositórios/airflowalura/venv/lib/python3.9/site-packages/airflow/example_dags/example_task_group_decorator.py
[2024-02-25 20:34:00,099] {processor.py:641} INFO - Processing file /home/sheyla/Documents/Repositórios/airflowalura/venv/lib/python3.9/site-packages/airflow/example_dags/example_task_group_decorator.py for tasks to queue
[2024-02-25 20:34:00,100] {logging_mixin.py:115} INFO - [2024-02-25 20:34:00,100] {dagbag.py:507} INFO - Filling up the DagBag from /home/sheyla/Documents/Repositórios/airflowalura/venv/lib/python3.9/site-packages/airflow/example_dags/example_task_group_decorator.py
[2024-02-25 20:34:00,136] {processor.py:651} INFO - DAG(s) dict_keys(['example_task_group_decorator']) retrieved from /home/sheyla/Documents/Repositórios/airflowalura/venv/lib/python3.9/site-packages/airflow/example_dags/example_task_group_decorator.py
[2024-02-25 20:34:00,168] {logging_mixin.py:115} INFO - [2024-02-25 20:34:00,168] {dag.py:2379} INFO - Sync 1 DAGs
[2024-02-25 20:34:00,177] {logging_mixin.py:115} INFO - [2024-02-25 20:34:00,177] {dag.py:2927} INFO - Setting next_dagrun for example_task_group_decorator to 2024-02-24T23:34:00.177347+00:00, run_after=2024-02-25T23:34:00.177347+00:00
[2024-02-25 20:34:00,199] {processor.py:161} INFO - Processing /home/sheyla/Documents/Repositórios/airflowalura/venv/lib/python3.9/site-packages/airflow/example_dags/example_task_group_decorator.py took 0.108 seconds
[2024-02-25 20:34:38,001] {processor.py:153} INFO - Started process (PID=1957956) to work on /home/sheyla/Documents/Repositórios/airflowalura/venv/lib/python3.9/site-packages/airflow/example_dags/example_task_group_decorator.py
[2024-02-25 20:34:38,002] {processor.py:641} INFO - Processing file /home/sheyla/Documents/Repositórios/airflowalura/venv/lib/python3.9/site-packages/airflow/example_dags/example_task_group_decorator.py for tasks to queue
[2024-02-25 20:34:38,002] {logging_mixin.py:115} INFO - [2024-02-25 20:34:38,002] {dagbag.py:507} INFO - Filling up the DagBag from /home/sheyla/Documents/Repositórios/airflowalura/venv/lib/python3.9/site-packages/airflow/example_dags/example_task_group_decorator.py
[2024-02-25 20:34:38,020] {processor.py:651} INFO - DAG(s) dict_keys(['example_task_group_decorator']) retrieved from /home/sheyla/Documents/Repositórios/airflowalura/venv/lib/python3.9/site-packages/airflow/example_dags/example_task_group_decorator.py
[2024-02-25 20:34:38,050] {logging_mixin.py:115} INFO - [2024-02-25 20:34:38,050] {dag.py:2379} INFO - Sync 1 DAGs
[2024-02-25 20:34:38,059] {logging_mixin.py:115} INFO - [2024-02-25 20:34:38,059] {dag.py:2927} INFO - Setting next_dagrun for example_task_group_decorator to 2024-02-24T23:34:38.059234+00:00, run_after=2024-02-25T23:34:38.059234+00:00
[2024-02-25 20:34:38,082] {processor.py:161} INFO - Processing /home/sheyla/Documents/Repositórios/airflowalura/venv/lib/python3.9/site-packages/airflow/example_dags/example_task_group_decorator.py took 0.082 seconds
[2024-02-25 20:35:13,464] {processor.py:153} INFO - Started process (PID=1958318) to work on /home/sheyla/Documents/Repositórios/airflowalura/venv/lib/python3.9/site-packages/airflow/example_dags/example_task_group_decorator.py
[2024-02-25 20:35:13,465] {processor.py:641} INFO - Processing file /home/sheyla/Documents/Repositórios/airflowalura/venv/lib/python3.9/site-packages/airflow/example_dags/example_task_group_decorator.py for tasks to queue
[2024-02-25 20:35:13,466] {logging_mixin.py:115} INFO - [2024-02-25 20:35:13,466] {dagbag.py:507} INFO - Filling up the DagBag from /home/sheyla/Documents/Repositórios/airflowalura/venv/lib/python3.9/site-packages/airflow/example_dags/example_task_group_decorator.py
[2024-02-25 20:35:13,503] {processor.py:651} INFO - DAG(s) dict_keys(['example_task_group_decorator']) retrieved from /home/sheyla/Documents/Repositórios/airflowalura/venv/lib/python3.9/site-packages/airflow/example_dags/example_task_group_decorator.py
[2024-02-25 20:35:13,534] {logging_mixin.py:115} INFO - [2024-02-25 20:35:13,534] {dag.py:2379} INFO - Sync 1 DAGs
[2024-02-25 20:35:13,543] {logging_mixin.py:115} INFO - [2024-02-25 20:35:13,542] {dag.py:2927} INFO - Setting next_dagrun for example_task_group_decorator to 2024-02-24T23:35:13.542690+00:00, run_after=2024-02-25T23:35:13.542690+00:00
[2024-02-25 20:35:13,556] {processor.py:161} INFO - Processing /home/sheyla/Documents/Repositórios/airflowalura/venv/lib/python3.9/site-packages/airflow/example_dags/example_task_group_decorator.py took 0.099 seconds
[2024-02-25 20:35:54,799] {processor.py:153} INFO - Started process (PID=1958737) to work on /home/sheyla/Documents/Repositórios/airflowalura/venv/lib/python3.9/site-packages/airflow/example_dags/example_task_group_decorator.py
[2024-02-25 20:35:54,799] {processor.py:641} INFO - Processing file /home/sheyla/Documents/Repositórios/airflowalura/venv/lib/python3.9/site-packages/airflow/example_dags/example_task_group_decorator.py for tasks to queue
[2024-02-25 20:35:54,800] {logging_mixin.py:115} INFO - [2024-02-25 20:35:54,800] {dagbag.py:507} INFO - Filling up the DagBag from /home/sheyla/Documents/Repositórios/airflowalura/venv/lib/python3.9/site-packages/airflow/example_dags/example_task_group_decorator.py
[2024-02-25 20:35:54,826] {processor.py:651} INFO - DAG(s) dict_keys(['example_task_group_decorator']) retrieved from /home/sheyla/Documents/Repositórios/airflowalura/venv/lib/python3.9/site-packages/airflow/example_dags/example_task_group_decorator.py
[2024-02-25 20:35:54,840] {logging_mixin.py:115} INFO - [2024-02-25 20:35:54,840] {dag.py:2379} INFO - Sync 1 DAGs
[2024-02-25 20:35:54,853] {logging_mixin.py:115} INFO - [2024-02-25 20:35:54,853] {dag.py:2927} INFO - Setting next_dagrun for example_task_group_decorator to 2024-02-24T23:35:54.853223+00:00, run_after=2024-02-25T23:35:54.853223+00:00
[2024-02-25 20:35:54,865] {processor.py:161} INFO - Processing /home/sheyla/Documents/Repositórios/airflowalura/venv/lib/python3.9/site-packages/airflow/example_dags/example_task_group_decorator.py took 0.068 seconds
[2024-02-25 20:36:30,538] {processor.py:153} INFO - Started process (PID=1959107) to work on /home/sheyla/Documents/Repositórios/airflowalura/venv/lib/python3.9/site-packages/airflow/example_dags/example_task_group_decorator.py
[2024-02-25 20:36:30,544] {processor.py:641} INFO - Processing file /home/sheyla/Documents/Repositórios/airflowalura/venv/lib/python3.9/site-packages/airflow/example_dags/example_task_group_decorator.py for tasks to queue
[2024-02-25 20:36:30,544] {logging_mixin.py:115} INFO - [2024-02-25 20:36:30,544] {dagbag.py:507} INFO - Filling up the DagBag from /home/sheyla/Documents/Repositórios/airflowalura/venv/lib/python3.9/site-packages/airflow/example_dags/example_task_group_decorator.py
[2024-02-25 20:36:30,569] {processor.py:651} INFO - DAG(s) dict_keys(['example_task_group_decorator']) retrieved from /home/sheyla/Documents/Repositórios/airflowalura/venv/lib/python3.9/site-packages/airflow/example_dags/example_task_group_decorator.py
[2024-02-25 20:36:30,600] {logging_mixin.py:115} INFO - [2024-02-25 20:36:30,600] {dag.py:2379} INFO - Sync 1 DAGs
[2024-02-25 20:36:30,609] {logging_mixin.py:115} INFO - [2024-02-25 20:36:30,609] {dag.py:2927} INFO - Setting next_dagrun for example_task_group_decorator to 2024-02-24T23:36:30.608878+00:00, run_after=2024-02-25T23:36:30.608878+00:00
[2024-02-25 20:36:30,623] {processor.py:161} INFO - Processing /home/sheyla/Documents/Repositórios/airflowalura/venv/lib/python3.9/site-packages/airflow/example_dags/example_task_group_decorator.py took 0.087 seconds
[2024-02-25 20:37:08,068] {processor.py:153} INFO - Started process (PID=1959519) to work on /home/sheyla/Documents/Repositórios/airflowalura/venv/lib/python3.9/site-packages/airflow/example_dags/example_task_group_decorator.py
[2024-02-25 20:37:08,075] {processor.py:641} INFO - Processing file /home/sheyla/Documents/Repositórios/airflowalura/venv/lib/python3.9/site-packages/airflow/example_dags/example_task_group_decorator.py for tasks to queue
[2024-02-25 20:37:08,076] {logging_mixin.py:115} INFO - [2024-02-25 20:37:08,076] {dagbag.py:507} INFO - Filling up the DagBag from /home/sheyla/Documents/Repositórios/airflowalura/venv/lib/python3.9/site-packages/airflow/example_dags/example_task_group_decorator.py
[2024-02-25 20:37:08,117] {processor.py:651} INFO - DAG(s) dict_keys(['example_task_group_decorator']) retrieved from /home/sheyla/Documents/Repositórios/airflowalura/venv/lib/python3.9/site-packages/airflow/example_dags/example_task_group_decorator.py
[2024-02-25 20:37:08,147] {logging_mixin.py:115} INFO - [2024-02-25 20:37:08,147] {dag.py:2379} INFO - Sync 1 DAGs
[2024-02-25 20:37:08,156] {logging_mixin.py:115} INFO - [2024-02-25 20:37:08,156] {dag.py:2927} INFO - Setting next_dagrun for example_task_group_decorator to 2024-02-24T23:37:08.156189+00:00, run_after=2024-02-25T23:37:08.156189+00:00
[2024-02-25 20:37:08,169] {processor.py:161} INFO - Processing /home/sheyla/Documents/Repositórios/airflowalura/venv/lib/python3.9/site-packages/airflow/example_dags/example_task_group_decorator.py took 0.106 seconds
[2024-02-25 20:37:44,571] {processor.py:153} INFO - Started process (PID=1959893) to work on /home/sheyla/Documents/Repositórios/airflowalura/venv/lib/python3.9/site-packages/airflow/example_dags/example_task_group_decorator.py
[2024-02-25 20:37:44,576] {processor.py:641} INFO - Processing file /home/sheyla/Documents/Repositórios/airflowalura/venv/lib/python3.9/site-packages/airflow/example_dags/example_task_group_decorator.py for tasks to queue
[2024-02-25 20:37:44,577] {logging_mixin.py:115} INFO - [2024-02-25 20:37:44,577] {dagbag.py:507} INFO - Filling up the DagBag from /home/sheyla/Documents/Repositórios/airflowalura/venv/lib/python3.9/site-packages/airflow/example_dags/example_task_group_decorator.py
[2024-02-25 20:37:44,600] {processor.py:651} INFO - DAG(s) dict_keys(['example_task_group_decorator']) retrieved from /home/sheyla/Documents/Repositórios/airflowalura/venv/lib/python3.9/site-packages/airflow/example_dags/example_task_group_decorator.py
[2024-02-25 20:37:44,630] {logging_mixin.py:115} INFO - [2024-02-25 20:37:44,629] {dag.py:2379} INFO - Sync 1 DAGs
[2024-02-25 20:37:44,639] {logging_mixin.py:115} INFO - [2024-02-25 20:37:44,639] {dag.py:2927} INFO - Setting next_dagrun for example_task_group_decorator to 2024-02-24T23:37:44.639215+00:00, run_after=2024-02-25T23:37:44.639215+00:00
[2024-02-25 20:37:44,652] {processor.py:161} INFO - Processing /home/sheyla/Documents/Repositórios/airflowalura/venv/lib/python3.9/site-packages/airflow/example_dags/example_task_group_decorator.py took 0.083 seconds
[2024-02-25 20:38:24,050] {processor.py:153} INFO - Started process (PID=1960295) to work on /home/sheyla/Documents/Repositórios/airflowalura/venv/lib/python3.9/site-packages/airflow/example_dags/example_task_group_decorator.py
[2024-02-25 20:38:24,055] {processor.py:641} INFO - Processing file /home/sheyla/Documents/Repositórios/airflowalura/venv/lib/python3.9/site-packages/airflow/example_dags/example_task_group_decorator.py for tasks to queue
[2024-02-25 20:38:24,056] {logging_mixin.py:115} INFO - [2024-02-25 20:38:24,056] {dagbag.py:507} INFO - Filling up the DagBag from /home/sheyla/Documents/Repositórios/airflowalura/venv/lib/python3.9/site-packages/airflow/example_dags/example_task_group_decorator.py
[2024-02-25 20:38:24,080] {processor.py:651} INFO - DAG(s) dict_keys(['example_task_group_decorator']) retrieved from /home/sheyla/Documents/Repositórios/airflowalura/venv/lib/python3.9/site-packages/airflow/example_dags/example_task_group_decorator.py
[2024-02-25 20:38:24,110] {logging_mixin.py:115} INFO - [2024-02-25 20:38:24,110] {dag.py:2379} INFO - Sync 1 DAGs
[2024-02-25 20:38:24,119] {logging_mixin.py:115} INFO - [2024-02-25 20:38:24,119] {dag.py:2927} INFO - Setting next_dagrun for example_task_group_decorator to 2024-02-24T23:38:24.119180+00:00, run_after=2024-02-25T23:38:24.119180+00:00
[2024-02-25 20:38:24,140] {processor.py:161} INFO - Processing /home/sheyla/Documents/Repositórios/airflowalura/venv/lib/python3.9/site-packages/airflow/example_dags/example_task_group_decorator.py took 0.092 seconds
[2024-02-25 20:38:58,975] {processor.py:153} INFO - Started process (PID=1960654) to work on /home/sheyla/Documents/Repositórios/airflowalura/venv/lib/python3.9/site-packages/airflow/example_dags/example_task_group_decorator.py
[2024-02-25 20:38:58,981] {processor.py:641} INFO - Processing file /home/sheyla/Documents/Repositórios/airflowalura/venv/lib/python3.9/site-packages/airflow/example_dags/example_task_group_decorator.py for tasks to queue
[2024-02-25 20:38:58,983] {logging_mixin.py:115} INFO - [2024-02-25 20:38:58,982] {dagbag.py:507} INFO - Filling up the DagBag from /home/sheyla/Documents/Repositórios/airflowalura/venv/lib/python3.9/site-packages/airflow/example_dags/example_task_group_decorator.py
[2024-02-25 20:38:59,022] {processor.py:651} INFO - DAG(s) dict_keys(['example_task_group_decorator']) retrieved from /home/sheyla/Documents/Repositórios/airflowalura/venv/lib/python3.9/site-packages/airflow/example_dags/example_task_group_decorator.py
[2024-02-25 20:38:59,036] {logging_mixin.py:115} INFO - [2024-02-25 20:38:59,035] {dag.py:2379} INFO - Sync 1 DAGs
[2024-02-25 20:38:59,046] {logging_mixin.py:115} INFO - [2024-02-25 20:38:59,046] {dag.py:2927} INFO - Setting next_dagrun for example_task_group_decorator to 2024-02-24T23:38:59.046176+00:00, run_after=2024-02-25T23:38:59.046176+00:00
[2024-02-25 20:38:59,059] {processor.py:161} INFO - Processing /home/sheyla/Documents/Repositórios/airflowalura/venv/lib/python3.9/site-packages/airflow/example_dags/example_task_group_decorator.py took 0.090 seconds
[2024-02-25 20:39:37,919] {processor.py:153} INFO - Started process (PID=1961058) to work on /home/sheyla/Documents/Repositórios/airflowalura/venv/lib/python3.9/site-packages/airflow/example_dags/example_task_group_decorator.py
[2024-02-25 20:39:37,920] {processor.py:641} INFO - Processing file /home/sheyla/Documents/Repositórios/airflowalura/venv/lib/python3.9/site-packages/airflow/example_dags/example_task_group_decorator.py for tasks to queue
[2024-02-25 20:39:37,922] {logging_mixin.py:115} INFO - [2024-02-25 20:39:37,921] {dagbag.py:507} INFO - Filling up the DagBag from /home/sheyla/Documents/Repositórios/airflowalura/venv/lib/python3.9/site-packages/airflow/example_dags/example_task_group_decorator.py
[2024-02-25 20:39:37,953] {processor.py:651} INFO - DAG(s) dict_keys(['example_task_group_decorator']) retrieved from /home/sheyla/Documents/Repositórios/airflowalura/venv/lib/python3.9/site-packages/airflow/example_dags/example_task_group_decorator.py
[2024-02-25 20:39:37,966] {logging_mixin.py:115} INFO - [2024-02-25 20:39:37,966] {dag.py:2379} INFO - Sync 1 DAGs
[2024-02-25 20:39:37,976] {logging_mixin.py:115} INFO - [2024-02-25 20:39:37,976] {dag.py:2927} INFO - Setting next_dagrun for example_task_group_decorator to 2024-02-24T23:39:37.976463+00:00, run_after=2024-02-25T23:39:37.976463+00:00
[2024-02-25 20:39:37,987] {processor.py:161} INFO - Processing /home/sheyla/Documents/Repositórios/airflowalura/venv/lib/python3.9/site-packages/airflow/example_dags/example_task_group_decorator.py took 0.075 seconds
[2024-02-25 20:40:12,505] {processor.py:153} INFO - Started process (PID=1961412) to work on /home/sheyla/Documents/Repositórios/airflowalura/venv/lib/python3.9/site-packages/airflow/example_dags/example_task_group_decorator.py
[2024-02-25 20:40:12,506] {processor.py:641} INFO - Processing file /home/sheyla/Documents/Repositórios/airflowalura/venv/lib/python3.9/site-packages/airflow/example_dags/example_task_group_decorator.py for tasks to queue
[2024-02-25 20:40:12,506] {logging_mixin.py:115} INFO - [2024-02-25 20:40:12,506] {dagbag.py:507} INFO - Filling up the DagBag from /home/sheyla/Documents/Repositórios/airflowalura/venv/lib/python3.9/site-packages/airflow/example_dags/example_task_group_decorator.py
[2024-02-25 20:40:12,538] {processor.py:651} INFO - DAG(s) dict_keys(['example_task_group_decorator']) retrieved from /home/sheyla/Documents/Repositórios/airflowalura/venv/lib/python3.9/site-packages/airflow/example_dags/example_task_group_decorator.py
[2024-02-25 20:40:12,570] {logging_mixin.py:115} INFO - [2024-02-25 20:40:12,570] {dag.py:2379} INFO - Sync 1 DAGs
[2024-02-25 20:40:12,579] {logging_mixin.py:115} INFO - [2024-02-25 20:40:12,579] {dag.py:2927} INFO - Setting next_dagrun for example_task_group_decorator to 2024-02-24T23:40:12.579214+00:00, run_after=2024-02-25T23:40:12.579214+00:00
[2024-02-25 20:40:12,590] {processor.py:161} INFO - Processing /home/sheyla/Documents/Repositórios/airflowalura/venv/lib/python3.9/site-packages/airflow/example_dags/example_task_group_decorator.py took 0.088 seconds
[2024-02-25 20:40:52,880] {processor.py:153} INFO - Started process (PID=1961820) to work on /home/sheyla/Documents/Repositórios/airflowalura/venv/lib/python3.9/site-packages/airflow/example_dags/example_task_group_decorator.py
[2024-02-25 20:40:52,885] {processor.py:641} INFO - Processing file /home/sheyla/Documents/Repositórios/airflowalura/venv/lib/python3.9/site-packages/airflow/example_dags/example_task_group_decorator.py for tasks to queue
[2024-02-25 20:40:52,886] {logging_mixin.py:115} INFO - [2024-02-25 20:40:52,885] {dagbag.py:507} INFO - Filling up the DagBag from /home/sheyla/Documents/Repositórios/airflowalura/venv/lib/python3.9/site-packages/airflow/example_dags/example_task_group_decorator.py
[2024-02-25 20:40:52,924] {processor.py:651} INFO - DAG(s) dict_keys(['example_task_group_decorator']) retrieved from /home/sheyla/Documents/Repositórios/airflowalura/venv/lib/python3.9/site-packages/airflow/example_dags/example_task_group_decorator.py
[2024-02-25 20:40:52,940] {logging_mixin.py:115} INFO - [2024-02-25 20:40:52,940] {dag.py:2379} INFO - Sync 1 DAGs
[2024-02-25 20:40:52,952] {logging_mixin.py:115} INFO - [2024-02-25 20:40:52,951] {dag.py:2927} INFO - Setting next_dagrun for example_task_group_decorator to 2024-02-24T23:40:52.951798+00:00, run_after=2024-02-25T23:40:52.951798+00:00
[2024-02-25 20:40:52,964] {processor.py:161} INFO - Processing /home/sheyla/Documents/Repositórios/airflowalura/venv/lib/python3.9/site-packages/airflow/example_dags/example_task_group_decorator.py took 0.087 seconds
[2024-02-25 20:41:30,404] {processor.py:153} INFO - Started process (PID=1962218) to work on /home/sheyla/Documents/Repositórios/airflowalura/venv/lib/python3.9/site-packages/airflow/example_dags/example_task_group_decorator.py
[2024-02-25 20:41:30,410] {processor.py:641} INFO - Processing file /home/sheyla/Documents/Repositórios/airflowalura/venv/lib/python3.9/site-packages/airflow/example_dags/example_task_group_decorator.py for tasks to queue
[2024-02-25 20:41:30,410] {logging_mixin.py:115} INFO - [2024-02-25 20:41:30,410] {dagbag.py:507} INFO - Filling up the DagBag from /home/sheyla/Documents/Repositórios/airflowalura/venv/lib/python3.9/site-packages/airflow/example_dags/example_task_group_decorator.py
[2024-02-25 20:41:30,433] {processor.py:651} INFO - DAG(s) dict_keys(['example_task_group_decorator']) retrieved from /home/sheyla/Documents/Repositórios/airflowalura/venv/lib/python3.9/site-packages/airflow/example_dags/example_task_group_decorator.py
[2024-02-25 20:41:30,445] {logging_mixin.py:115} INFO - [2024-02-25 20:41:30,445] {dag.py:2379} INFO - Sync 1 DAGs
[2024-02-25 20:41:30,455] {logging_mixin.py:115} INFO - [2024-02-25 20:41:30,455] {dag.py:2927} INFO - Setting next_dagrun for example_task_group_decorator to 2024-02-24T23:41:30.454875+00:00, run_after=2024-02-25T23:41:30.454875+00:00
[2024-02-25 20:41:30,466] {processor.py:161} INFO - Processing /home/sheyla/Documents/Repositórios/airflowalura/venv/lib/python3.9/site-packages/airflow/example_dags/example_task_group_decorator.py took 0.065 seconds
[2024-02-25 20:42:09,322] {processor.py:153} INFO - Started process (PID=1962645) to work on /home/sheyla/Documents/Repositórios/airflowalura/venv/lib/python3.9/site-packages/airflow/example_dags/example_task_group_decorator.py
[2024-02-25 20:42:09,328] {processor.py:641} INFO - Processing file /home/sheyla/Documents/Repositórios/airflowalura/venv/lib/python3.9/site-packages/airflow/example_dags/example_task_group_decorator.py for tasks to queue
[2024-02-25 20:42:09,329] {logging_mixin.py:115} INFO - [2024-02-25 20:42:09,329] {dagbag.py:507} INFO - Filling up the DagBag from /home/sheyla/Documents/Repositórios/airflowalura/venv/lib/python3.9/site-packages/airflow/example_dags/example_task_group_decorator.py
[2024-02-25 20:42:09,369] {processor.py:651} INFO - DAG(s) dict_keys(['example_task_group_decorator']) retrieved from /home/sheyla/Documents/Repositórios/airflowalura/venv/lib/python3.9/site-packages/airflow/example_dags/example_task_group_decorator.py
[2024-02-25 20:42:09,400] {logging_mixin.py:115} INFO - [2024-02-25 20:42:09,399] {dag.py:2379} INFO - Sync 1 DAGs
[2024-02-25 20:42:09,408] {logging_mixin.py:115} INFO - [2024-02-25 20:42:09,408] {dag.py:2927} INFO - Setting next_dagrun for example_task_group_decorator to 2024-02-24T23:42:09.408543+00:00, run_after=2024-02-25T23:42:09.408543+00:00
[2024-02-25 20:42:09,420] {processor.py:161} INFO - Processing /home/sheyla/Documents/Repositórios/airflowalura/venv/lib/python3.9/site-packages/airflow/example_dags/example_task_group_decorator.py took 0.105 seconds
[2024-02-25 20:42:45,021] {processor.py:153} INFO - Started process (PID=1963011) to work on /home/sheyla/Documents/Repositórios/airflowalura/venv/lib/python3.9/site-packages/airflow/example_dags/example_task_group_decorator.py
[2024-02-25 20:42:45,022] {processor.py:641} INFO - Processing file /home/sheyla/Documents/Repositórios/airflowalura/venv/lib/python3.9/site-packages/airflow/example_dags/example_task_group_decorator.py for tasks to queue
[2024-02-25 20:42:45,024] {logging_mixin.py:115} INFO - [2024-02-25 20:42:45,023] {dagbag.py:507} INFO - Filling up the DagBag from /home/sheyla/Documents/Repositórios/airflowalura/venv/lib/python3.9/site-packages/airflow/example_dags/example_task_group_decorator.py
[2024-02-25 20:42:45,064] {processor.py:651} INFO - DAG(s) dict_keys(['example_task_group_decorator']) retrieved from /home/sheyla/Documents/Repositórios/airflowalura/venv/lib/python3.9/site-packages/airflow/example_dags/example_task_group_decorator.py
[2024-02-25 20:42:45,077] {logging_mixin.py:115} INFO - [2024-02-25 20:42:45,077] {dag.py:2379} INFO - Sync 1 DAGs
[2024-02-25 20:42:45,087] {logging_mixin.py:115} INFO - [2024-02-25 20:42:45,087] {dag.py:2927} INFO - Setting next_dagrun for example_task_group_decorator to 2024-02-24T23:42:45.087335+00:00, run_after=2024-02-25T23:42:45.087335+00:00
[2024-02-25 20:42:45,105] {processor.py:161} INFO - Processing /home/sheyla/Documents/Repositórios/airflowalura/venv/lib/python3.9/site-packages/airflow/example_dags/example_task_group_decorator.py took 0.090 seconds
[2024-02-25 20:43:23,967] {processor.py:153} INFO - Started process (PID=1963405) to work on /home/sheyla/Documents/Repositórios/airflowalura/venv/lib/python3.9/site-packages/airflow/example_dags/example_task_group_decorator.py
[2024-02-25 20:43:23,973] {processor.py:641} INFO - Processing file /home/sheyla/Documents/Repositórios/airflowalura/venv/lib/python3.9/site-packages/airflow/example_dags/example_task_group_decorator.py for tasks to queue
[2024-02-25 20:43:23,975] {logging_mixin.py:115} INFO - [2024-02-25 20:43:23,975] {dagbag.py:507} INFO - Filling up the DagBag from /home/sheyla/Documents/Repositórios/airflowalura/venv/lib/python3.9/site-packages/airflow/example_dags/example_task_group_decorator.py
[2024-02-25 20:43:24,014] {processor.py:651} INFO - DAG(s) dict_keys(['example_task_group_decorator']) retrieved from /home/sheyla/Documents/Repositórios/airflowalura/venv/lib/python3.9/site-packages/airflow/example_dags/example_task_group_decorator.py
[2024-02-25 20:43:24,027] {logging_mixin.py:115} INFO - [2024-02-25 20:43:24,027] {dag.py:2379} INFO - Sync 1 DAGs
[2024-02-25 20:43:24,038] {logging_mixin.py:115} INFO - [2024-02-25 20:43:24,038] {dag.py:2927} INFO - Setting next_dagrun for example_task_group_decorator to 2024-02-24T23:43:24.038043+00:00, run_after=2024-02-25T23:43:24.038043+00:00
[2024-02-25 20:43:24,050] {processor.py:161} INFO - Processing /home/sheyla/Documents/Repositórios/airflowalura/venv/lib/python3.9/site-packages/airflow/example_dags/example_task_group_decorator.py took 0.090 seconds
[2024-02-25 20:44:01,365] {processor.py:153} INFO - Started process (PID=1963790) to work on /home/sheyla/Documents/Repositórios/airflowalura/venv/lib/python3.9/site-packages/airflow/example_dags/example_task_group_decorator.py
[2024-02-25 20:44:01,366] {processor.py:641} INFO - Processing file /home/sheyla/Documents/Repositórios/airflowalura/venv/lib/python3.9/site-packages/airflow/example_dags/example_task_group_decorator.py for tasks to queue
[2024-02-25 20:44:01,367] {logging_mixin.py:115} INFO - [2024-02-25 20:44:01,367] {dagbag.py:507} INFO - Filling up the DagBag from /home/sheyla/Documents/Repositórios/airflowalura/venv/lib/python3.9/site-packages/airflow/example_dags/example_task_group_decorator.py
[2024-02-25 20:44:01,413] {processor.py:651} INFO - DAG(s) dict_keys(['example_task_group_decorator']) retrieved from /home/sheyla/Documents/Repositórios/airflowalura/venv/lib/python3.9/site-packages/airflow/example_dags/example_task_group_decorator.py
[2024-02-25 20:44:01,441] {logging_mixin.py:115} INFO - [2024-02-25 20:44:01,441] {dag.py:2379} INFO - Sync 1 DAGs
[2024-02-25 20:44:01,450] {logging_mixin.py:115} INFO - [2024-02-25 20:44:01,450] {dag.py:2927} INFO - Setting next_dagrun for example_task_group_decorator to 2024-02-24T23:44:01.450178+00:00, run_after=2024-02-25T23:44:01.450178+00:00
[2024-02-25 20:44:01,468] {processor.py:161} INFO - Processing /home/sheyla/Documents/Repositórios/airflowalura/venv/lib/python3.9/site-packages/airflow/example_dags/example_task_group_decorator.py took 0.108 seconds
[2024-02-25 20:44:37,361] {processor.py:153} INFO - Started process (PID=1964154) to work on /home/sheyla/Documents/Repositórios/airflowalura/venv/lib/python3.9/site-packages/airflow/example_dags/example_task_group_decorator.py
[2024-02-25 20:44:37,367] {processor.py:641} INFO - Processing file /home/sheyla/Documents/Repositórios/airflowalura/venv/lib/python3.9/site-packages/airflow/example_dags/example_task_group_decorator.py for tasks to queue
[2024-02-25 20:44:37,368] {logging_mixin.py:115} INFO - [2024-02-25 20:44:37,368] {dagbag.py:507} INFO - Filling up the DagBag from /home/sheyla/Documents/Repositórios/airflowalura/venv/lib/python3.9/site-packages/airflow/example_dags/example_task_group_decorator.py
[2024-02-25 20:44:37,416] {processor.py:651} INFO - DAG(s) dict_keys(['example_task_group_decorator']) retrieved from /home/sheyla/Documents/Repositórios/airflowalura/venv/lib/python3.9/site-packages/airflow/example_dags/example_task_group_decorator.py
[2024-02-25 20:44:37,430] {logging_mixin.py:115} INFO - [2024-02-25 20:44:37,430] {dag.py:2379} INFO - Sync 1 DAGs
[2024-02-25 20:44:37,440] {logging_mixin.py:115} INFO - [2024-02-25 20:44:37,440] {dag.py:2927} INFO - Setting next_dagrun for example_task_group_decorator to 2024-02-24T23:44:37.440307+00:00, run_after=2024-02-25T23:44:37.440307+00:00
[2024-02-25 20:44:37,460] {processor.py:161} INFO - Processing /home/sheyla/Documents/Repositórios/airflowalura/venv/lib/python3.9/site-packages/airflow/example_dags/example_task_group_decorator.py took 0.106 seconds
[2024-02-25 20:45:13,398] {processor.py:153} INFO - Started process (PID=1964534) to work on /home/sheyla/Documents/Repositórios/airflowalura/venv/lib/python3.9/site-packages/airflow/example_dags/example_task_group_decorator.py
[2024-02-25 20:45:13,398] {processor.py:641} INFO - Processing file /home/sheyla/Documents/Repositórios/airflowalura/venv/lib/python3.9/site-packages/airflow/example_dags/example_task_group_decorator.py for tasks to queue
[2024-02-25 20:45:13,399] {logging_mixin.py:115} INFO - [2024-02-25 20:45:13,399] {dagbag.py:507} INFO - Filling up the DagBag from /home/sheyla/Documents/Repositórios/airflowalura/venv/lib/python3.9/site-packages/airflow/example_dags/example_task_group_decorator.py
[2024-02-25 20:45:13,434] {processor.py:651} INFO - DAG(s) dict_keys(['example_task_group_decorator']) retrieved from /home/sheyla/Documents/Repositórios/airflowalura/venv/lib/python3.9/site-packages/airflow/example_dags/example_task_group_decorator.py
[2024-02-25 20:45:13,452] {logging_mixin.py:115} INFO - [2024-02-25 20:45:13,452] {dag.py:2379} INFO - Sync 1 DAGs
[2024-02-25 20:45:13,469] {logging_mixin.py:115} INFO - [2024-02-25 20:45:13,469] {dag.py:2927} INFO - Setting next_dagrun for example_task_group_decorator to 2024-02-24T23:45:13.469070+00:00, run_after=2024-02-25T23:45:13.469070+00:00
[2024-02-25 20:45:13,489] {processor.py:161} INFO - Processing /home/sheyla/Documents/Repositórios/airflowalura/venv/lib/python3.9/site-packages/airflow/example_dags/example_task_group_decorator.py took 0.093 seconds
[2024-02-25 20:45:51,743] {processor.py:153} INFO - Started process (PID=1964923) to work on /home/sheyla/Documents/Repositórios/airflowalura/venv/lib/python3.9/site-packages/airflow/example_dags/example_task_group_decorator.py
[2024-02-25 20:45:51,749] {processor.py:641} INFO - Processing file /home/sheyla/Documents/Repositórios/airflowalura/venv/lib/python3.9/site-packages/airflow/example_dags/example_task_group_decorator.py for tasks to queue
[2024-02-25 20:45:51,751] {logging_mixin.py:115} INFO - [2024-02-25 20:45:51,750] {dagbag.py:507} INFO - Filling up the DagBag from /home/sheyla/Documents/Repositórios/airflowalura/venv/lib/python3.9/site-packages/airflow/example_dags/example_task_group_decorator.py
[2024-02-25 20:45:51,791] {processor.py:651} INFO - DAG(s) dict_keys(['example_task_group_decorator']) retrieved from /home/sheyla/Documents/Repositórios/airflowalura/venv/lib/python3.9/site-packages/airflow/example_dags/example_task_group_decorator.py
[2024-02-25 20:45:51,804] {logging_mixin.py:115} INFO - [2024-02-25 20:45:51,804] {dag.py:2379} INFO - Sync 1 DAGs
[2024-02-25 20:45:51,814] {logging_mixin.py:115} INFO - [2024-02-25 20:45:51,814] {dag.py:2927} INFO - Setting next_dagrun for example_task_group_decorator to 2024-02-24T23:45:51.814265+00:00, run_after=2024-02-25T23:45:51.814265+00:00
[2024-02-25 20:45:51,827] {processor.py:161} INFO - Processing /home/sheyla/Documents/Repositórios/airflowalura/venv/lib/python3.9/site-packages/airflow/example_dags/example_task_group_decorator.py took 0.090 seconds
[2024-02-25 20:46:27,456] {processor.py:153} INFO - Started process (PID=1965288) to work on /home/sheyla/Documents/Repositórios/airflowalura/venv/lib/python3.9/site-packages/airflow/example_dags/example_task_group_decorator.py
[2024-02-25 20:46:27,461] {processor.py:641} INFO - Processing file /home/sheyla/Documents/Repositórios/airflowalura/venv/lib/python3.9/site-packages/airflow/example_dags/example_task_group_decorator.py for tasks to queue
[2024-02-25 20:46:27,462] {logging_mixin.py:115} INFO - [2024-02-25 20:46:27,461] {dagbag.py:507} INFO - Filling up the DagBag from /home/sheyla/Documents/Repositórios/airflowalura/venv/lib/python3.9/site-packages/airflow/example_dags/example_task_group_decorator.py
[2024-02-25 20:46:27,484] {processor.py:651} INFO - DAG(s) dict_keys(['example_task_group_decorator']) retrieved from /home/sheyla/Documents/Repositórios/airflowalura/venv/lib/python3.9/site-packages/airflow/example_dags/example_task_group_decorator.py
[2024-02-25 20:46:27,498] {logging_mixin.py:115} INFO - [2024-02-25 20:46:27,498] {dag.py:2379} INFO - Sync 1 DAGs
[2024-02-25 20:46:27,509] {logging_mixin.py:115} INFO - [2024-02-25 20:46:27,509] {dag.py:2927} INFO - Setting next_dagrun for example_task_group_decorator to 2024-02-24T23:46:27.509212+00:00, run_after=2024-02-25T23:46:27.509212+00:00
[2024-02-25 20:46:27,521] {processor.py:161} INFO - Processing /home/sheyla/Documents/Repositórios/airflowalura/venv/lib/python3.9/site-packages/airflow/example_dags/example_task_group_decorator.py took 0.067 seconds
[2024-02-25 20:47:06,687] {processor.py:153} INFO - Started process (PID=1965791) to work on /home/sheyla/Documents/Repositórios/airflowalura/venv/lib/python3.9/site-packages/airflow/example_dags/example_task_group_decorator.py
[2024-02-25 20:47:06,693] {processor.py:641} INFO - Processing file /home/sheyla/Documents/Repositórios/airflowalura/venv/lib/python3.9/site-packages/airflow/example_dags/example_task_group_decorator.py for tasks to queue
[2024-02-25 20:47:06,694] {logging_mixin.py:115} INFO - [2024-02-25 20:47:06,694] {dagbag.py:507} INFO - Filling up the DagBag from /home/sheyla/Documents/Repositórios/airflowalura/venv/lib/python3.9/site-packages/airflow/example_dags/example_task_group_decorator.py
[2024-02-25 20:47:06,742] {processor.py:651} INFO - DAG(s) dict_keys(['example_task_group_decorator']) retrieved from /home/sheyla/Documents/Repositórios/airflowalura/venv/lib/python3.9/site-packages/airflow/example_dags/example_task_group_decorator.py
[2024-02-25 20:47:06,755] {logging_mixin.py:115} INFO - [2024-02-25 20:47:06,755] {dag.py:2379} INFO - Sync 1 DAGs
[2024-02-25 20:47:06,765] {logging_mixin.py:115} INFO - [2024-02-25 20:47:06,765] {dag.py:2927} INFO - Setting next_dagrun for example_task_group_decorator to 2024-02-24T23:47:06.765349+00:00, run_after=2024-02-25T23:47:06.765349+00:00
[2024-02-25 20:47:06,786] {processor.py:161} INFO - Processing /home/sheyla/Documents/Repositórios/airflowalura/venv/lib/python3.9/site-packages/airflow/example_dags/example_task_group_decorator.py took 0.101 seconds
[2024-02-25 20:47:46,722] {processor.py:153} INFO - Started process (PID=1966401) to work on /home/sheyla/Documents/Repositórios/airflowalura/venv/lib/python3.9/site-packages/airflow/example_dags/example_task_group_decorator.py
[2024-02-25 20:47:46,727] {processor.py:641} INFO - Processing file /home/sheyla/Documents/Repositórios/airflowalura/venv/lib/python3.9/site-packages/airflow/example_dags/example_task_group_decorator.py for tasks to queue
[2024-02-25 20:47:46,728] {logging_mixin.py:115} INFO - [2024-02-25 20:47:46,727] {dagbag.py:507} INFO - Filling up the DagBag from /home/sheyla/Documents/Repositórios/airflowalura/venv/lib/python3.9/site-packages/airflow/example_dags/example_task_group_decorator.py
[2024-02-25 20:47:46,746] {processor.py:651} INFO - DAG(s) dict_keys(['example_task_group_decorator']) retrieved from /home/sheyla/Documents/Repositórios/airflowalura/venv/lib/python3.9/site-packages/airflow/example_dags/example_task_group_decorator.py
[2024-02-25 20:47:46,759] {logging_mixin.py:115} INFO - [2024-02-25 20:47:46,759] {dag.py:2379} INFO - Sync 1 DAGs
[2024-02-25 20:47:46,771] {logging_mixin.py:115} INFO - [2024-02-25 20:47:46,771] {dag.py:2927} INFO - Setting next_dagrun for example_task_group_decorator to 2024-02-24T23:47:46.771060+00:00, run_after=2024-02-25T23:47:46.771060+00:00
[2024-02-25 20:47:46,826] {processor.py:161} INFO - Processing /home/sheyla/Documents/Repositórios/airflowalura/venv/lib/python3.9/site-packages/airflow/example_dags/example_task_group_decorator.py took 0.106 seconds
[2024-02-25 20:48:23,912] {processor.py:153} INFO - Started process (PID=1966968) to work on /home/sheyla/Documents/Repositórios/airflowalura/venv/lib/python3.9/site-packages/airflow/example_dags/example_task_group_decorator.py
[2024-02-25 20:48:23,913] {processor.py:641} INFO - Processing file /home/sheyla/Documents/Repositórios/airflowalura/venv/lib/python3.9/site-packages/airflow/example_dags/example_task_group_decorator.py for tasks to queue
[2024-02-25 20:48:23,913] {logging_mixin.py:115} INFO - [2024-02-25 20:48:23,913] {dagbag.py:507} INFO - Filling up the DagBag from /home/sheyla/Documents/Repositórios/airflowalura/venv/lib/python3.9/site-packages/airflow/example_dags/example_task_group_decorator.py
[2024-02-25 20:48:23,932] {processor.py:651} INFO - DAG(s) dict_keys(['example_task_group_decorator']) retrieved from /home/sheyla/Documents/Repositórios/airflowalura/venv/lib/python3.9/site-packages/airflow/example_dags/example_task_group_decorator.py
[2024-02-25 20:48:23,944] {logging_mixin.py:115} INFO - [2024-02-25 20:48:23,944] {dag.py:2379} INFO - Sync 1 DAGs
[2024-02-25 20:48:23,955] {logging_mixin.py:115} INFO - [2024-02-25 20:48:23,955] {dag.py:2927} INFO - Setting next_dagrun for example_task_group_decorator to 2024-02-24T23:48:23.955152+00:00, run_after=2024-02-25T23:48:23.955152+00:00
[2024-02-25 20:48:23,967] {processor.py:161} INFO - Processing /home/sheyla/Documents/Repositórios/airflowalura/venv/lib/python3.9/site-packages/airflow/example_dags/example_task_group_decorator.py took 0.056 seconds
