[2024-02-25 20:33:57,627] {processor.py:153} INFO - Started process (PID=1957468) to work on /home/sheyla/Documents/Repositórios/airflowalura/venv/lib/python3.9/site-packages/airflow/example_dags/example_sla_dag.py
[2024-02-25 20:33:57,628] {processor.py:641} INFO - Processing file /home/sheyla/Documents/Repositórios/airflowalura/venv/lib/python3.9/site-packages/airflow/example_dags/example_sla_dag.py for tasks to queue
[2024-02-25 20:33:57,629] {logging_mixin.py:115} INFO - [2024-02-25 20:33:57,629] {dagbag.py:507} INFO - Filling up the DagBag from /home/sheyla/Documents/Repositórios/airflowalura/venv/lib/python3.9/site-packages/airflow/example_dags/example_sla_dag.py
[2024-02-25 20:33:57,658] {processor.py:651} INFO - DAG(s) dict_keys(['example_sla_dag']) retrieved from /home/sheyla/Documents/Repositórios/airflowalura/venv/lib/python3.9/site-packages/airflow/example_dags/example_sla_dag.py
[2024-02-25 20:33:57,670] {logging_mixin.py:115} INFO - [2024-02-25 20:33:57,669] {dag.py:2379} INFO - Sync 1 DAGs
[2024-02-25 20:33:57,688] {logging_mixin.py:115} INFO - [2024-02-25 20:33:57,688] {dag.py:2927} INFO - Setting next_dagrun for example_sla_dag to 2024-02-25T23:30:00+00:00, run_after=2024-02-25T23:32:00+00:00
[2024-02-25 20:33:57,709] {processor.py:161} INFO - Processing /home/sheyla/Documents/Repositórios/airflowalura/venv/lib/python3.9/site-packages/airflow/example_dags/example_sla_dag.py took 0.088 seconds
[2024-02-25 20:34:35,180] {processor.py:153} INFO - Started process (PID=1957926) to work on /home/sheyla/Documents/Repositórios/airflowalura/venv/lib/python3.9/site-packages/airflow/example_dags/example_sla_dag.py
[2024-02-25 20:34:35,180] {processor.py:641} INFO - Processing file /home/sheyla/Documents/Repositórios/airflowalura/venv/lib/python3.9/site-packages/airflow/example_dags/example_sla_dag.py for tasks to queue
[2024-02-25 20:34:35,181] {logging_mixin.py:115} INFO - [2024-02-25 20:34:35,181] {dagbag.py:507} INFO - Filling up the DagBag from /home/sheyla/Documents/Repositórios/airflowalura/venv/lib/python3.9/site-packages/airflow/example_dags/example_sla_dag.py
[2024-02-25 20:34:35,194] {processor.py:651} INFO - DAG(s) dict_keys(['example_sla_dag']) retrieved from /home/sheyla/Documents/Repositórios/airflowalura/venv/lib/python3.9/site-packages/airflow/example_dags/example_sla_dag.py
[2024-02-25 20:34:35,204] {logging_mixin.py:115} INFO - [2024-02-25 20:34:35,204] {dag.py:2379} INFO - Sync 1 DAGs
[2024-02-25 20:34:35,221] {logging_mixin.py:115} INFO - [2024-02-25 20:34:35,221] {dag.py:2927} INFO - Setting next_dagrun for example_sla_dag to 2024-02-25T23:32:00+00:00, run_after=2024-02-25T23:34:00+00:00
[2024-02-25 20:34:35,237] {processor.py:161} INFO - Processing /home/sheyla/Documents/Repositórios/airflowalura/venv/lib/python3.9/site-packages/airflow/example_dags/example_sla_dag.py took 0.058 seconds
[2024-02-25 20:35:10,039] {processor.py:153} INFO - Started process (PID=1958280) to work on /home/sheyla/Documents/Repositórios/airflowalura/venv/lib/python3.9/site-packages/airflow/example_dags/example_sla_dag.py
[2024-02-25 20:35:10,045] {processor.py:641} INFO - Processing file /home/sheyla/Documents/Repositórios/airflowalura/venv/lib/python3.9/site-packages/airflow/example_dags/example_sla_dag.py for tasks to queue
[2024-02-25 20:35:10,047] {logging_mixin.py:115} INFO - [2024-02-25 20:35:10,047] {dagbag.py:507} INFO - Filling up the DagBag from /home/sheyla/Documents/Repositórios/airflowalura/venv/lib/python3.9/site-packages/airflow/example_dags/example_sla_dag.py
[2024-02-25 20:35:10,078] {processor.py:651} INFO - DAG(s) dict_keys(['example_sla_dag']) retrieved from /home/sheyla/Documents/Repositórios/airflowalura/venv/lib/python3.9/site-packages/airflow/example_dags/example_sla_dag.py
[2024-02-25 20:35:10,090] {logging_mixin.py:115} INFO - [2024-02-25 20:35:10,090] {dag.py:2379} INFO - Sync 1 DAGs
[2024-02-25 20:35:10,104] {logging_mixin.py:115} INFO - [2024-02-25 20:35:10,104] {dag.py:2927} INFO - Setting next_dagrun for example_sla_dag to 2024-02-25T23:32:00+00:00, run_after=2024-02-25T23:34:00+00:00
[2024-02-25 20:35:10,121] {processor.py:161} INFO - Processing /home/sheyla/Documents/Repositórios/airflowalura/venv/lib/python3.9/site-packages/airflow/example_dags/example_sla_dag.py took 0.088 seconds
[2024-02-25 20:35:47,876] {processor.py:153} INFO - Started process (PID=1958664) to work on /home/sheyla/Documents/Repositórios/airflowalura/venv/lib/python3.9/site-packages/airflow/example_dags/example_sla_dag.py
[2024-02-25 20:35:47,894] {processor.py:641} INFO - Processing file /home/sheyla/Documents/Repositórios/airflowalura/venv/lib/python3.9/site-packages/airflow/example_dags/example_sla_dag.py for tasks to queue
[2024-02-25 20:35:47,895] {logging_mixin.py:115} INFO - [2024-02-25 20:35:47,895] {dagbag.py:507} INFO - Filling up the DagBag from /home/sheyla/Documents/Repositórios/airflowalura/venv/lib/python3.9/site-packages/airflow/example_dags/example_sla_dag.py
[2024-02-25 20:35:47,921] {processor.py:651} INFO - DAG(s) dict_keys(['example_sla_dag']) retrieved from /home/sheyla/Documents/Repositórios/airflowalura/venv/lib/python3.9/site-packages/airflow/example_dags/example_sla_dag.py
[2024-02-25 20:35:47,932] {logging_mixin.py:115} INFO - [2024-02-25 20:35:47,932] {dag.py:2379} INFO - Sync 1 DAGs
[2024-02-25 20:35:47,947] {logging_mixin.py:115} INFO - [2024-02-25 20:35:47,946] {dag.py:2927} INFO - Setting next_dagrun for example_sla_dag to 2024-02-25T23:32:00+00:00, run_after=2024-02-25T23:34:00+00:00
[2024-02-25 20:35:47,959] {processor.py:161} INFO - Processing /home/sheyla/Documents/Repositórios/airflowalura/venv/lib/python3.9/site-packages/airflow/example_dags/example_sla_dag.py took 0.091 seconds
[2024-02-25 20:36:24,590] {processor.py:153} INFO - Started process (PID=1959046) to work on /home/sheyla/Documents/Repositórios/airflowalura/venv/lib/python3.9/site-packages/airflow/example_dags/example_sla_dag.py
[2024-02-25 20:36:24,596] {processor.py:641} INFO - Processing file /home/sheyla/Documents/Repositórios/airflowalura/venv/lib/python3.9/site-packages/airflow/example_dags/example_sla_dag.py for tasks to queue
[2024-02-25 20:36:24,596] {logging_mixin.py:115} INFO - [2024-02-25 20:36:24,596] {dagbag.py:507} INFO - Filling up the DagBag from /home/sheyla/Documents/Repositórios/airflowalura/venv/lib/python3.9/site-packages/airflow/example_dags/example_sla_dag.py
[2024-02-25 20:36:24,613] {processor.py:651} INFO - DAG(s) dict_keys(['example_sla_dag']) retrieved from /home/sheyla/Documents/Repositórios/airflowalura/venv/lib/python3.9/site-packages/airflow/example_dags/example_sla_dag.py
[2024-02-25 20:36:24,624] {logging_mixin.py:115} INFO - [2024-02-25 20:36:24,624] {dag.py:2379} INFO - Sync 1 DAGs
[2024-02-25 20:36:24,639] {logging_mixin.py:115} INFO - [2024-02-25 20:36:24,639] {dag.py:2927} INFO - Setting next_dagrun for example_sla_dag to 2024-02-25T23:34:00+00:00, run_after=2024-02-25T23:36:00+00:00
[2024-02-25 20:36:24,651] {processor.py:161} INFO - Processing /home/sheyla/Documents/Repositórios/airflowalura/venv/lib/python3.9/site-packages/airflow/example_dags/example_sla_dag.py took 0.063 seconds
[2024-02-25 20:37:02,238] {processor.py:153} INFO - Started process (PID=1959455) to work on /home/sheyla/Documents/Repositórios/airflowalura/venv/lib/python3.9/site-packages/airflow/example_dags/example_sla_dag.py
[2024-02-25 20:37:02,243] {processor.py:641} INFO - Processing file /home/sheyla/Documents/Repositórios/airflowalura/venv/lib/python3.9/site-packages/airflow/example_dags/example_sla_dag.py for tasks to queue
[2024-02-25 20:37:02,244] {logging_mixin.py:115} INFO - [2024-02-25 20:37:02,244] {dagbag.py:507} INFO - Filling up the DagBag from /home/sheyla/Documents/Repositórios/airflowalura/venv/lib/python3.9/site-packages/airflow/example_dags/example_sla_dag.py
[2024-02-25 20:37:02,262] {processor.py:651} INFO - DAG(s) dict_keys(['example_sla_dag']) retrieved from /home/sheyla/Documents/Repositórios/airflowalura/venv/lib/python3.9/site-packages/airflow/example_dags/example_sla_dag.py
[2024-02-25 20:37:02,272] {logging_mixin.py:115} INFO - [2024-02-25 20:37:02,272] {dag.py:2379} INFO - Sync 1 DAGs
[2024-02-25 20:37:02,287] {logging_mixin.py:115} INFO - [2024-02-25 20:37:02,287] {dag.py:2927} INFO - Setting next_dagrun for example_sla_dag to 2024-02-25T23:34:00+00:00, run_after=2024-02-25T23:36:00+00:00
[2024-02-25 20:37:02,299] {processor.py:161} INFO - Processing /home/sheyla/Documents/Repositórios/airflowalura/venv/lib/python3.9/site-packages/airflow/example_dags/example_sla_dag.py took 0.067 seconds
[2024-02-25 20:37:39,407] {processor.py:153} INFO - Started process (PID=1959837) to work on /home/sheyla/Documents/Repositórios/airflowalura/venv/lib/python3.9/site-packages/airflow/example_dags/example_sla_dag.py
[2024-02-25 20:37:39,408] {processor.py:641} INFO - Processing file /home/sheyla/Documents/Repositórios/airflowalura/venv/lib/python3.9/site-packages/airflow/example_dags/example_sla_dag.py for tasks to queue
[2024-02-25 20:37:39,408] {logging_mixin.py:115} INFO - [2024-02-25 20:37:39,408] {dagbag.py:507} INFO - Filling up the DagBag from /home/sheyla/Documents/Repositórios/airflowalura/venv/lib/python3.9/site-packages/airflow/example_dags/example_sla_dag.py
[2024-02-25 20:37:39,429] {processor.py:651} INFO - DAG(s) dict_keys(['example_sla_dag']) retrieved from /home/sheyla/Documents/Repositórios/airflowalura/venv/lib/python3.9/site-packages/airflow/example_dags/example_sla_dag.py
[2024-02-25 20:37:39,443] {logging_mixin.py:115} INFO - [2024-02-25 20:37:39,443] {dag.py:2379} INFO - Sync 1 DAGs
[2024-02-25 20:37:39,459] {logging_mixin.py:115} INFO - [2024-02-25 20:37:39,458] {dag.py:2927} INFO - Setting next_dagrun for example_sla_dag to 2024-02-25T23:34:00+00:00, run_after=2024-02-25T23:36:00+00:00
[2024-02-25 20:37:39,470] {processor.py:161} INFO - Processing /home/sheyla/Documents/Repositórios/airflowalura/venv/lib/python3.9/site-packages/airflow/example_dags/example_sla_dag.py took 0.066 seconds
[2024-02-25 20:38:19,011] {processor.py:153} INFO - Started process (PID=1960241) to work on /home/sheyla/Documents/Repositórios/airflowalura/venv/lib/python3.9/site-packages/airflow/example_dags/example_sla_dag.py
[2024-02-25 20:38:19,012] {processor.py:641} INFO - Processing file /home/sheyla/Documents/Repositórios/airflowalura/venv/lib/python3.9/site-packages/airflow/example_dags/example_sla_dag.py for tasks to queue
[2024-02-25 20:38:19,013] {logging_mixin.py:115} INFO - [2024-02-25 20:38:19,013] {dagbag.py:507} INFO - Filling up the DagBag from /home/sheyla/Documents/Repositórios/airflowalura/venv/lib/python3.9/site-packages/airflow/example_dags/example_sla_dag.py
[2024-02-25 20:38:19,035] {processor.py:651} INFO - DAG(s) dict_keys(['example_sla_dag']) retrieved from /home/sheyla/Documents/Repositórios/airflowalura/venv/lib/python3.9/site-packages/airflow/example_dags/example_sla_dag.py
[2024-02-25 20:38:19,048] {logging_mixin.py:115} INFO - [2024-02-25 20:38:19,048] {dag.py:2379} INFO - Sync 1 DAGs
[2024-02-25 20:38:19,063] {logging_mixin.py:115} INFO - [2024-02-25 20:38:19,063] {dag.py:2927} INFO - Setting next_dagrun for example_sla_dag to 2024-02-25T23:36:00+00:00, run_after=2024-02-25T23:38:00+00:00
[2024-02-25 20:38:19,081] {processor.py:161} INFO - Processing /home/sheyla/Documents/Repositórios/airflowalura/venv/lib/python3.9/site-packages/airflow/example_dags/example_sla_dag.py took 0.073 seconds
[2024-02-25 20:38:53,924] {processor.py:153} INFO - Started process (PID=1960604) to work on /home/sheyla/Documents/Repositórios/airflowalura/venv/lib/python3.9/site-packages/airflow/example_dags/example_sla_dag.py
[2024-02-25 20:38:53,925] {processor.py:641} INFO - Processing file /home/sheyla/Documents/Repositórios/airflowalura/venv/lib/python3.9/site-packages/airflow/example_dags/example_sla_dag.py for tasks to queue
[2024-02-25 20:38:53,927] {logging_mixin.py:115} INFO - [2024-02-25 20:38:53,926] {dagbag.py:507} INFO - Filling up the DagBag from /home/sheyla/Documents/Repositórios/airflowalura/venv/lib/python3.9/site-packages/airflow/example_dags/example_sla_dag.py
[2024-02-25 20:38:53,955] {processor.py:651} INFO - DAG(s) dict_keys(['example_sla_dag']) retrieved from /home/sheyla/Documents/Repositórios/airflowalura/venv/lib/python3.9/site-packages/airflow/example_dags/example_sla_dag.py
[2024-02-25 20:38:53,966] {logging_mixin.py:115} INFO - [2024-02-25 20:38:53,966] {dag.py:2379} INFO - Sync 1 DAGs
[2024-02-25 20:38:53,982] {logging_mixin.py:115} INFO - [2024-02-25 20:38:53,981] {dag.py:2927} INFO - Setting next_dagrun for example_sla_dag to 2024-02-25T23:36:00+00:00, run_after=2024-02-25T23:38:00+00:00
[2024-02-25 20:38:53,992] {processor.py:161} INFO - Processing /home/sheyla/Documents/Repositórios/airflowalura/venv/lib/python3.9/site-packages/airflow/example_dags/example_sla_dag.py took 0.075 seconds
[2024-02-25 20:39:31,824] {processor.py:153} INFO - Started process (PID=1960988) to work on /home/sheyla/Documents/Repositórios/airflowalura/venv/lib/python3.9/site-packages/airflow/example_dags/example_sla_dag.py
[2024-02-25 20:39:31,830] {processor.py:641} INFO - Processing file /home/sheyla/Documents/Repositórios/airflowalura/venv/lib/python3.9/site-packages/airflow/example_dags/example_sla_dag.py for tasks to queue
[2024-02-25 20:39:31,832] {logging_mixin.py:115} INFO - [2024-02-25 20:39:31,831] {dagbag.py:507} INFO - Filling up the DagBag from /home/sheyla/Documents/Repositórios/airflowalura/venv/lib/python3.9/site-packages/airflow/example_dags/example_sla_dag.py
[2024-02-25 20:39:31,868] {processor.py:651} INFO - DAG(s) dict_keys(['example_sla_dag']) retrieved from /home/sheyla/Documents/Repositórios/airflowalura/venv/lib/python3.9/site-packages/airflow/example_dags/example_sla_dag.py
[2024-02-25 20:39:31,881] {logging_mixin.py:115} INFO - [2024-02-25 20:39:31,880] {dag.py:2379} INFO - Sync 1 DAGs
[2024-02-25 20:39:31,895] {logging_mixin.py:115} INFO - [2024-02-25 20:39:31,895] {dag.py:2927} INFO - Setting next_dagrun for example_sla_dag to 2024-02-25T23:36:00+00:00, run_after=2024-02-25T23:38:00+00:00
[2024-02-25 20:39:31,909] {processor.py:161} INFO - Processing /home/sheyla/Documents/Repositórios/airflowalura/venv/lib/python3.9/site-packages/airflow/example_dags/example_sla_dag.py took 0.091 seconds
[2024-02-25 20:40:08,160] {processor.py:153} INFO - Started process (PID=1961373) to work on /home/sheyla/Documents/Repositórios/airflowalura/venv/lib/python3.9/site-packages/airflow/example_dags/example_sla_dag.py
[2024-02-25 20:40:08,166] {processor.py:641} INFO - Processing file /home/sheyla/Documents/Repositórios/airflowalura/venv/lib/python3.9/site-packages/airflow/example_dags/example_sla_dag.py for tasks to queue
[2024-02-25 20:40:08,166] {logging_mixin.py:115} INFO - [2024-02-25 20:40:08,166] {dagbag.py:507} INFO - Filling up the DagBag from /home/sheyla/Documents/Repositórios/airflowalura/venv/lib/python3.9/site-packages/airflow/example_dags/example_sla_dag.py
[2024-02-25 20:40:08,185] {processor.py:651} INFO - DAG(s) dict_keys(['example_sla_dag']) retrieved from /home/sheyla/Documents/Repositórios/airflowalura/venv/lib/python3.9/site-packages/airflow/example_dags/example_sla_dag.py
[2024-02-25 20:40:08,197] {logging_mixin.py:115} INFO - [2024-02-25 20:40:08,197] {dag.py:2379} INFO - Sync 1 DAGs
[2024-02-25 20:40:08,213] {logging_mixin.py:115} INFO - [2024-02-25 20:40:08,213] {dag.py:2927} INFO - Setting next_dagrun for example_sla_dag to 2024-02-25T23:38:00+00:00, run_after=2024-02-25T23:40:00+00:00
[2024-02-25 20:40:08,225] {processor.py:161} INFO - Processing /home/sheyla/Documents/Repositórios/airflowalura/venv/lib/python3.9/site-packages/airflow/example_dags/example_sla_dag.py took 0.067 seconds
[2024-02-25 20:40:44,816] {processor.py:153} INFO - Started process (PID=1961744) to work on /home/sheyla/Documents/Repositórios/airflowalura/venv/lib/python3.9/site-packages/airflow/example_dags/example_sla_dag.py
[2024-02-25 20:40:44,822] {processor.py:641} INFO - Processing file /home/sheyla/Documents/Repositórios/airflowalura/venv/lib/python3.9/site-packages/airflow/example_dags/example_sla_dag.py for tasks to queue
[2024-02-25 20:40:44,823] {logging_mixin.py:115} INFO - [2024-02-25 20:40:44,823] {dagbag.py:507} INFO - Filling up the DagBag from /home/sheyla/Documents/Repositórios/airflowalura/venv/lib/python3.9/site-packages/airflow/example_dags/example_sla_dag.py
[2024-02-25 20:40:44,849] {processor.py:651} INFO - DAG(s) dict_keys(['example_sla_dag']) retrieved from /home/sheyla/Documents/Repositórios/airflowalura/venv/lib/python3.9/site-packages/airflow/example_dags/example_sla_dag.py
[2024-02-25 20:40:44,861] {logging_mixin.py:115} INFO - [2024-02-25 20:40:44,861] {dag.py:2379} INFO - Sync 1 DAGs
[2024-02-25 20:40:44,876] {logging_mixin.py:115} INFO - [2024-02-25 20:40:44,876] {dag.py:2927} INFO - Setting next_dagrun for example_sla_dag to 2024-02-25T23:38:00+00:00, run_after=2024-02-25T23:40:00+00:00
[2024-02-25 20:40:44,898] {processor.py:161} INFO - Processing /home/sheyla/Documents/Repositórios/airflowalura/venv/lib/python3.9/site-packages/airflow/example_dags/example_sla_dag.py took 0.089 seconds
[2024-02-25 20:41:23,349] {processor.py:153} INFO - Started process (PID=1962146) to work on /home/sheyla/Documents/Repositórios/airflowalura/venv/lib/python3.9/site-packages/airflow/example_dags/example_sla_dag.py
[2024-02-25 20:41:23,355] {processor.py:641} INFO - Processing file /home/sheyla/Documents/Repositórios/airflowalura/venv/lib/python3.9/site-packages/airflow/example_dags/example_sla_dag.py for tasks to queue
[2024-02-25 20:41:23,357] {logging_mixin.py:115} INFO - [2024-02-25 20:41:23,356] {dagbag.py:507} INFO - Filling up the DagBag from /home/sheyla/Documents/Repositórios/airflowalura/venv/lib/python3.9/site-packages/airflow/example_dags/example_sla_dag.py
[2024-02-25 20:41:23,391] {processor.py:651} INFO - DAG(s) dict_keys(['example_sla_dag']) retrieved from /home/sheyla/Documents/Repositórios/airflowalura/venv/lib/python3.9/site-packages/airflow/example_dags/example_sla_dag.py
[2024-02-25 20:41:23,403] {logging_mixin.py:115} INFO - [2024-02-25 20:41:23,403] {dag.py:2379} INFO - Sync 1 DAGs
[2024-02-25 20:41:23,418] {logging_mixin.py:115} INFO - [2024-02-25 20:41:23,418] {dag.py:2927} INFO - Setting next_dagrun for example_sla_dag to 2024-02-25T23:38:00+00:00, run_after=2024-02-25T23:40:00+00:00
[2024-02-25 20:41:23,430] {processor.py:161} INFO - Processing /home/sheyla/Documents/Repositórios/airflowalura/venv/lib/python3.9/site-packages/airflow/example_dags/example_sla_dag.py took 0.087 seconds
[2024-02-25 20:42:01,844] {processor.py:153} INFO - Started process (PID=1962563) to work on /home/sheyla/Documents/Repositórios/airflowalura/venv/lib/python3.9/site-packages/airflow/example_dags/example_sla_dag.py
[2024-02-25 20:42:01,850] {processor.py:641} INFO - Processing file /home/sheyla/Documents/Repositórios/airflowalura/venv/lib/python3.9/site-packages/airflow/example_dags/example_sla_dag.py for tasks to queue
[2024-02-25 20:42:01,850] {logging_mixin.py:115} INFO - [2024-02-25 20:42:01,850] {dagbag.py:507} INFO - Filling up the DagBag from /home/sheyla/Documents/Repositórios/airflowalura/venv/lib/python3.9/site-packages/airflow/example_dags/example_sla_dag.py
[2024-02-25 20:42:01,869] {processor.py:651} INFO - DAG(s) dict_keys(['example_sla_dag']) retrieved from /home/sheyla/Documents/Repositórios/airflowalura/venv/lib/python3.9/site-packages/airflow/example_dags/example_sla_dag.py
[2024-02-25 20:42:01,878] {logging_mixin.py:115} INFO - [2024-02-25 20:42:01,878] {dag.py:2379} INFO - Sync 1 DAGs
[2024-02-25 20:42:01,893] {logging_mixin.py:115} INFO - [2024-02-25 20:42:01,893] {dag.py:2927} INFO - Setting next_dagrun for example_sla_dag to 2024-02-25T23:40:00+00:00, run_after=2024-02-25T23:42:00+00:00
[2024-02-25 20:42:01,904] {processor.py:161} INFO - Processing /home/sheyla/Documents/Repositórios/airflowalura/venv/lib/python3.9/site-packages/airflow/example_dags/example_sla_dag.py took 0.063 seconds
[2024-02-25 20:42:38,920] {processor.py:153} INFO - Started process (PID=1962948) to work on /home/sheyla/Documents/Repositórios/airflowalura/venv/lib/python3.9/site-packages/airflow/example_dags/example_sla_dag.py
[2024-02-25 20:42:38,926] {processor.py:641} INFO - Processing file /home/sheyla/Documents/Repositórios/airflowalura/venv/lib/python3.9/site-packages/airflow/example_dags/example_sla_dag.py for tasks to queue
[2024-02-25 20:42:38,927] {logging_mixin.py:115} INFO - [2024-02-25 20:42:38,927] {dagbag.py:507} INFO - Filling up the DagBag from /home/sheyla/Documents/Repositórios/airflowalura/venv/lib/python3.9/site-packages/airflow/example_dags/example_sla_dag.py
[2024-02-25 20:42:38,965] {processor.py:651} INFO - DAG(s) dict_keys(['example_sla_dag']) retrieved from /home/sheyla/Documents/Repositórios/airflowalura/venv/lib/python3.9/site-packages/airflow/example_dags/example_sla_dag.py
[2024-02-25 20:42:38,977] {logging_mixin.py:115} INFO - [2024-02-25 20:42:38,977] {dag.py:2379} INFO - Sync 1 DAGs
[2024-02-25 20:42:38,992] {logging_mixin.py:115} INFO - [2024-02-25 20:42:38,992] {dag.py:2927} INFO - Setting next_dagrun for example_sla_dag to 2024-02-25T23:40:00+00:00, run_after=2024-02-25T23:42:00+00:00
[2024-02-25 20:42:39,004] {processor.py:161} INFO - Processing /home/sheyla/Documents/Repositórios/airflowalura/venv/lib/python3.9/site-packages/airflow/example_dags/example_sla_dag.py took 0.090 seconds
[2024-02-25 20:43:18,735] {processor.py:153} INFO - Started process (PID=1963354) to work on /home/sheyla/Documents/Repositórios/airflowalura/venv/lib/python3.9/site-packages/airflow/example_dags/example_sla_dag.py
[2024-02-25 20:43:18,741] {processor.py:641} INFO - Processing file /home/sheyla/Documents/Repositórios/airflowalura/venv/lib/python3.9/site-packages/airflow/example_dags/example_sla_dag.py for tasks to queue
[2024-02-25 20:43:18,741] {logging_mixin.py:115} INFO - [2024-02-25 20:43:18,741] {dagbag.py:507} INFO - Filling up the DagBag from /home/sheyla/Documents/Repositórios/airflowalura/venv/lib/python3.9/site-packages/airflow/example_dags/example_sla_dag.py
[2024-02-25 20:43:18,759] {processor.py:651} INFO - DAG(s) dict_keys(['example_sla_dag']) retrieved from /home/sheyla/Documents/Repositórios/airflowalura/venv/lib/python3.9/site-packages/airflow/example_dags/example_sla_dag.py
[2024-02-25 20:43:18,772] {logging_mixin.py:115} INFO - [2024-02-25 20:43:18,772] {dag.py:2379} INFO - Sync 1 DAGs
[2024-02-25 20:43:18,788] {logging_mixin.py:115} INFO - [2024-02-25 20:43:18,788] {dag.py:2927} INFO - Setting next_dagrun for example_sla_dag to 2024-02-25T23:40:00+00:00, run_after=2024-02-25T23:42:00+00:00
[2024-02-25 20:43:18,800] {processor.py:161} INFO - Processing /home/sheyla/Documents/Repositórios/airflowalura/venv/lib/python3.9/site-packages/airflow/example_dags/example_sla_dag.py took 0.067 seconds
[2024-02-25 20:43:55,057] {processor.py:153} INFO - Started process (PID=1963728) to work on /home/sheyla/Documents/Repositórios/airflowalura/venv/lib/python3.9/site-packages/airflow/example_dags/example_sla_dag.py
[2024-02-25 20:43:55,058] {processor.py:641} INFO - Processing file /home/sheyla/Documents/Repositórios/airflowalura/venv/lib/python3.9/site-packages/airflow/example_dags/example_sla_dag.py for tasks to queue
[2024-02-25 20:43:55,058] {logging_mixin.py:115} INFO - [2024-02-25 20:43:55,058] {dagbag.py:507} INFO - Filling up the DagBag from /home/sheyla/Documents/Repositórios/airflowalura/venv/lib/python3.9/site-packages/airflow/example_dags/example_sla_dag.py
[2024-02-25 20:43:55,073] {processor.py:651} INFO - DAG(s) dict_keys(['example_sla_dag']) retrieved from /home/sheyla/Documents/Repositórios/airflowalura/venv/lib/python3.9/site-packages/airflow/example_dags/example_sla_dag.py
[2024-02-25 20:43:55,085] {logging_mixin.py:115} INFO - [2024-02-25 20:43:55,084] {dag.py:2379} INFO - Sync 1 DAGs
[2024-02-25 20:43:55,097] {logging_mixin.py:115} INFO - [2024-02-25 20:43:55,097] {dag.py:2927} INFO - Setting next_dagrun for example_sla_dag to 2024-02-25T23:40:00+00:00, run_after=2024-02-25T23:42:00+00:00
[2024-02-25 20:43:55,116] {processor.py:161} INFO - Processing /home/sheyla/Documents/Repositórios/airflowalura/venv/lib/python3.9/site-packages/airflow/example_dags/example_sla_dag.py took 0.061 seconds
[2024-02-25 20:44:31,058] {processor.py:153} INFO - Started process (PID=1964092) to work on /home/sheyla/Documents/Repositórios/airflowalura/venv/lib/python3.9/site-packages/airflow/example_dags/example_sla_dag.py
[2024-02-25 20:44:31,059] {processor.py:641} INFO - Processing file /home/sheyla/Documents/Repositórios/airflowalura/venv/lib/python3.9/site-packages/airflow/example_dags/example_sla_dag.py for tasks to queue
[2024-02-25 20:44:31,060] {logging_mixin.py:115} INFO - [2024-02-25 20:44:31,060] {dagbag.py:507} INFO - Filling up the DagBag from /home/sheyla/Documents/Repositórios/airflowalura/venv/lib/python3.9/site-packages/airflow/example_dags/example_sla_dag.py
[2024-02-25 20:44:31,090] {processor.py:651} INFO - DAG(s) dict_keys(['example_sla_dag']) retrieved from /home/sheyla/Documents/Repositórios/airflowalura/venv/lib/python3.9/site-packages/airflow/example_dags/example_sla_dag.py
[2024-02-25 20:44:31,106] {logging_mixin.py:115} INFO - [2024-02-25 20:44:31,106] {dag.py:2379} INFO - Sync 1 DAGs
[2024-02-25 20:44:31,119] {logging_mixin.py:115} INFO - [2024-02-25 20:44:31,119] {dag.py:2927} INFO - Setting next_dagrun for example_sla_dag to 2024-02-25T23:42:00+00:00, run_after=2024-02-25T23:44:00+00:00
[2024-02-25 20:44:31,131] {processor.py:161} INFO - Processing /home/sheyla/Documents/Repositórios/airflowalura/venv/lib/python3.9/site-packages/airflow/example_dags/example_sla_dag.py took 0.076 seconds
[2024-02-25 20:45:07,081] {processor.py:153} INFO - Started process (PID=1964465) to work on /home/sheyla/Documents/Repositórios/airflowalura/venv/lib/python3.9/site-packages/airflow/example_dags/example_sla_dag.py
[2024-02-25 20:45:07,081] {processor.py:641} INFO - Processing file /home/sheyla/Documents/Repositórios/airflowalura/venv/lib/python3.9/site-packages/airflow/example_dags/example_sla_dag.py for tasks to queue
[2024-02-25 20:45:07,082] {logging_mixin.py:115} INFO - [2024-02-25 20:45:07,082] {dagbag.py:507} INFO - Filling up the DagBag from /home/sheyla/Documents/Repositórios/airflowalura/venv/lib/python3.9/site-packages/airflow/example_dags/example_sla_dag.py
[2024-02-25 20:45:07,101] {processor.py:651} INFO - DAG(s) dict_keys(['example_sla_dag']) retrieved from /home/sheyla/Documents/Repositórios/airflowalura/venv/lib/python3.9/site-packages/airflow/example_dags/example_sla_dag.py
[2024-02-25 20:45:07,115] {logging_mixin.py:115} INFO - [2024-02-25 20:45:07,115] {dag.py:2379} INFO - Sync 1 DAGs
[2024-02-25 20:45:07,129] {logging_mixin.py:115} INFO - [2024-02-25 20:45:07,129] {dag.py:2927} INFO - Setting next_dagrun for example_sla_dag to 2024-02-25T23:42:00+00:00, run_after=2024-02-25T23:44:00+00:00
[2024-02-25 20:45:07,140] {processor.py:161} INFO - Processing /home/sheyla/Documents/Repositórios/airflowalura/venv/lib/python3.9/site-packages/airflow/example_dags/example_sla_dag.py took 0.062 seconds
[2024-02-25 20:45:45,799] {processor.py:153} INFO - Started process (PID=1964862) to work on /home/sheyla/Documents/Repositórios/airflowalura/venv/lib/python3.9/site-packages/airflow/example_dags/example_sla_dag.py
[2024-02-25 20:45:45,805] {processor.py:641} INFO - Processing file /home/sheyla/Documents/Repositórios/airflowalura/venv/lib/python3.9/site-packages/airflow/example_dags/example_sla_dag.py for tasks to queue
[2024-02-25 20:45:45,806] {logging_mixin.py:115} INFO - [2024-02-25 20:45:45,806] {dagbag.py:507} INFO - Filling up the DagBag from /home/sheyla/Documents/Repositórios/airflowalura/venv/lib/python3.9/site-packages/airflow/example_dags/example_sla_dag.py
[2024-02-25 20:45:45,836] {processor.py:651} INFO - DAG(s) dict_keys(['example_sla_dag']) retrieved from /home/sheyla/Documents/Repositórios/airflowalura/venv/lib/python3.9/site-packages/airflow/example_dags/example_sla_dag.py
[2024-02-25 20:45:45,849] {logging_mixin.py:115} INFO - [2024-02-25 20:45:45,849] {dag.py:2379} INFO - Sync 1 DAGs
[2024-02-25 20:45:45,862] {logging_mixin.py:115} INFO - [2024-02-25 20:45:45,862] {dag.py:2927} INFO - Setting next_dagrun for example_sla_dag to 2024-02-25T23:42:00+00:00, run_after=2024-02-25T23:44:00+00:00
[2024-02-25 20:45:45,874] {processor.py:161} INFO - Processing /home/sheyla/Documents/Repositórios/airflowalura/venv/lib/python3.9/site-packages/airflow/example_dags/example_sla_dag.py took 0.082 seconds
[2024-02-25 20:46:20,358] {processor.py:153} INFO - Started process (PID=1965223) to work on /home/sheyla/Documents/Repositórios/airflowalura/venv/lib/python3.9/site-packages/airflow/example_dags/example_sla_dag.py
[2024-02-25 20:46:20,364] {processor.py:641} INFO - Processing file /home/sheyla/Documents/Repositórios/airflowalura/venv/lib/python3.9/site-packages/airflow/example_dags/example_sla_dag.py for tasks to queue
[2024-02-25 20:46:20,365] {logging_mixin.py:115} INFO - [2024-02-25 20:46:20,365] {dagbag.py:507} INFO - Filling up the DagBag from /home/sheyla/Documents/Repositórios/airflowalura/venv/lib/python3.9/site-packages/airflow/example_dags/example_sla_dag.py
[2024-02-25 20:46:20,398] {processor.py:651} INFO - DAG(s) dict_keys(['example_sla_dag']) retrieved from /home/sheyla/Documents/Repositórios/airflowalura/venv/lib/python3.9/site-packages/airflow/example_dags/example_sla_dag.py
[2024-02-25 20:46:20,412] {logging_mixin.py:115} INFO - [2024-02-25 20:46:20,412] {dag.py:2379} INFO - Sync 1 DAGs
[2024-02-25 20:46:20,425] {logging_mixin.py:115} INFO - [2024-02-25 20:46:20,425] {dag.py:2927} INFO - Setting next_dagrun for example_sla_dag to 2024-02-25T23:44:00+00:00, run_after=2024-02-25T23:46:00+00:00
[2024-02-25 20:46:20,443] {processor.py:161} INFO - Processing /home/sheyla/Documents/Repositórios/airflowalura/venv/lib/python3.9/site-packages/airflow/example_dags/example_sla_dag.py took 0.092 seconds
[2024-02-25 20:47:00,189] {processor.py:153} INFO - Started process (PID=1965676) to work on /home/sheyla/Documents/Repositórios/airflowalura/venv/lib/python3.9/site-packages/airflow/example_dags/example_sla_dag.py
[2024-02-25 20:47:00,195] {processor.py:641} INFO - Processing file /home/sheyla/Documents/Repositórios/airflowalura/venv/lib/python3.9/site-packages/airflow/example_dags/example_sla_dag.py for tasks to queue
[2024-02-25 20:47:00,197] {logging_mixin.py:115} INFO - [2024-02-25 20:47:00,196] {dagbag.py:507} INFO - Filling up the DagBag from /home/sheyla/Documents/Repositórios/airflowalura/venv/lib/python3.9/site-packages/airflow/example_dags/example_sla_dag.py
[2024-02-25 20:47:00,229] {processor.py:651} INFO - DAG(s) dict_keys(['example_sla_dag']) retrieved from /home/sheyla/Documents/Repositórios/airflowalura/venv/lib/python3.9/site-packages/airflow/example_dags/example_sla_dag.py
[2024-02-25 20:47:00,242] {logging_mixin.py:115} INFO - [2024-02-25 20:47:00,242] {dag.py:2379} INFO - Sync 1 DAGs
[2024-02-25 20:47:00,256] {logging_mixin.py:115} INFO - [2024-02-25 20:47:00,256] {dag.py:2927} INFO - Setting next_dagrun for example_sla_dag to 2024-02-25T23:44:00+00:00, run_after=2024-02-25T23:46:00+00:00
[2024-02-25 20:47:00,268] {processor.py:161} INFO - Processing /home/sheyla/Documents/Repositórios/airflowalura/venv/lib/python3.9/site-packages/airflow/example_dags/example_sla_dag.py took 0.086 seconds
[2024-02-25 20:47:39,473] {processor.py:153} INFO - Started process (PID=1966285) to work on /home/sheyla/Documents/Repositórios/airflowalura/venv/lib/python3.9/site-packages/airflow/example_dags/example_sla_dag.py
[2024-02-25 20:47:39,479] {processor.py:641} INFO - Processing file /home/sheyla/Documents/Repositórios/airflowalura/venv/lib/python3.9/site-packages/airflow/example_dags/example_sla_dag.py for tasks to queue
[2024-02-25 20:47:39,481] {logging_mixin.py:115} INFO - [2024-02-25 20:47:39,480] {dagbag.py:507} INFO - Filling up the DagBag from /home/sheyla/Documents/Repositórios/airflowalura/venv/lib/python3.9/site-packages/airflow/example_dags/example_sla_dag.py
[2024-02-25 20:47:39,513] {processor.py:651} INFO - DAG(s) dict_keys(['example_sla_dag']) retrieved from /home/sheyla/Documents/Repositórios/airflowalura/venv/lib/python3.9/site-packages/airflow/example_dags/example_sla_dag.py
[2024-02-25 20:47:39,526] {logging_mixin.py:115} INFO - [2024-02-25 20:47:39,526] {dag.py:2379} INFO - Sync 1 DAGs
[2024-02-25 20:47:39,539] {logging_mixin.py:115} INFO - [2024-02-25 20:47:39,539] {dag.py:2927} INFO - Setting next_dagrun for example_sla_dag to 2024-02-25T23:44:00+00:00, run_after=2024-02-25T23:46:00+00:00
[2024-02-25 20:47:39,551] {processor.py:161} INFO - Processing /home/sheyla/Documents/Repositórios/airflowalura/venv/lib/python3.9/site-packages/airflow/example_dags/example_sla_dag.py took 0.084 seconds
[2024-02-25 20:48:15,879] {processor.py:153} INFO - Started process (PID=1966832) to work on /home/sheyla/Documents/Repositórios/airflowalura/venv/lib/python3.9/site-packages/airflow/example_dags/example_sla_dag.py
[2024-02-25 20:48:15,880] {processor.py:641} INFO - Processing file /home/sheyla/Documents/Repositórios/airflowalura/venv/lib/python3.9/site-packages/airflow/example_dags/example_sla_dag.py for tasks to queue
[2024-02-25 20:48:15,881] {logging_mixin.py:115} INFO - [2024-02-25 20:48:15,880] {dagbag.py:507} INFO - Filling up the DagBag from /home/sheyla/Documents/Repositórios/airflowalura/venv/lib/python3.9/site-packages/airflow/example_dags/example_sla_dag.py
[2024-02-25 20:48:15,896] {processor.py:651} INFO - DAG(s) dict_keys(['example_sla_dag']) retrieved from /home/sheyla/Documents/Repositórios/airflowalura/venv/lib/python3.9/site-packages/airflow/example_dags/example_sla_dag.py
[2024-02-25 20:48:15,910] {logging_mixin.py:115} INFO - [2024-02-25 20:48:15,910] {dag.py:2379} INFO - Sync 1 DAGs
[2024-02-25 20:48:15,925] {logging_mixin.py:115} INFO - [2024-02-25 20:48:15,925] {dag.py:2927} INFO - Setting next_dagrun for example_sla_dag to 2024-02-25T23:46:00+00:00, run_after=2024-02-25T23:48:00+00:00
[2024-02-25 20:48:15,951] {processor.py:161} INFO - Processing /home/sheyla/Documents/Repositórios/airflowalura/venv/lib/python3.9/site-packages/airflow/example_dags/example_sla_dag.py took 0.074 seconds
