[2024-02-25 20:33:52,661] {processor.py:153} INFO - Started process (PID=1957417) to work on /home/sheyla/Documents/Repositórios/airflowalura/venv/lib/python3.9/site-packages/airflow/example_dags/example_nested_branch_dag.py
[2024-02-25 20:33:52,662] {processor.py:641} INFO - Processing file /home/sheyla/Documents/Repositórios/airflowalura/venv/lib/python3.9/site-packages/airflow/example_dags/example_nested_branch_dag.py for tasks to queue
[2024-02-25 20:33:52,664] {logging_mixin.py:115} INFO - [2024-02-25 20:33:52,663] {dagbag.py:507} INFO - Filling up the DagBag from /home/sheyla/Documents/Repositórios/airflowalura/venv/lib/python3.9/site-packages/airflow/example_dags/example_nested_branch_dag.py
[2024-02-25 20:33:52,682] {processor.py:651} INFO - DAG(s) dict_keys(['example_nested_branch_dag']) retrieved from /home/sheyla/Documents/Repositórios/airflowalura/venv/lib/python3.9/site-packages/airflow/example_dags/example_nested_branch_dag.py
[2024-02-25 20:33:52,697] {logging_mixin.py:115} INFO - [2024-02-25 20:33:52,697] {dag.py:2379} INFO - Sync 1 DAGs
[2024-02-25 20:33:52,713] {logging_mixin.py:115} INFO - [2024-02-25 20:33:52,713] {dag.py:2927} INFO - Setting next_dagrun for example_nested_branch_dag to 2024-02-24T00:00:00+00:00, run_after=2024-02-25T00:00:00+00:00
[2024-02-25 20:33:52,732] {processor.py:161} INFO - Processing /home/sheyla/Documents/Repositórios/airflowalura/venv/lib/python3.9/site-packages/airflow/example_dags/example_nested_branch_dag.py took 0.077 seconds
[2024-02-25 20:34:30,020] {processor.py:153} INFO - Started process (PID=1957872) to work on /home/sheyla/Documents/Repositórios/airflowalura/venv/lib/python3.9/site-packages/airflow/example_dags/example_nested_branch_dag.py
[2024-02-25 20:34:30,022] {processor.py:641} INFO - Processing file /home/sheyla/Documents/Repositórios/airflowalura/venv/lib/python3.9/site-packages/airflow/example_dags/example_nested_branch_dag.py for tasks to queue
[2024-02-25 20:34:30,023] {logging_mixin.py:115} INFO - [2024-02-25 20:34:30,022] {dagbag.py:507} INFO - Filling up the DagBag from /home/sheyla/Documents/Repositórios/airflowalura/venv/lib/python3.9/site-packages/airflow/example_dags/example_nested_branch_dag.py
[2024-02-25 20:34:30,044] {processor.py:651} INFO - DAG(s) dict_keys(['example_nested_branch_dag']) retrieved from /home/sheyla/Documents/Repositórios/airflowalura/venv/lib/python3.9/site-packages/airflow/example_dags/example_nested_branch_dag.py
[2024-02-25 20:34:30,060] {logging_mixin.py:115} INFO - [2024-02-25 20:34:30,060] {dag.py:2379} INFO - Sync 1 DAGs
[2024-02-25 20:34:30,075] {logging_mixin.py:115} INFO - [2024-02-25 20:34:30,075] {dag.py:2927} INFO - Setting next_dagrun for example_nested_branch_dag to 2024-02-24T00:00:00+00:00, run_after=2024-02-25T00:00:00+00:00
[2024-02-25 20:34:30,091] {processor.py:161} INFO - Processing /home/sheyla/Documents/Repositórios/airflowalura/venv/lib/python3.9/site-packages/airflow/example_dags/example_nested_branch_dag.py took 0.076 seconds
[2024-02-25 20:35:06,028] {processor.py:153} INFO - Started process (PID=1958238) to work on /home/sheyla/Documents/Repositórios/airflowalura/venv/lib/python3.9/site-packages/airflow/example_dags/example_nested_branch_dag.py
[2024-02-25 20:35:06,031] {processor.py:641} INFO - Processing file /home/sheyla/Documents/Repositórios/airflowalura/venv/lib/python3.9/site-packages/airflow/example_dags/example_nested_branch_dag.py for tasks to queue
[2024-02-25 20:35:06,032] {logging_mixin.py:115} INFO - [2024-02-25 20:35:06,032] {dagbag.py:507} INFO - Filling up the DagBag from /home/sheyla/Documents/Repositórios/airflowalura/venv/lib/python3.9/site-packages/airflow/example_dags/example_nested_branch_dag.py
[2024-02-25 20:35:06,042] {processor.py:651} INFO - DAG(s) dict_keys(['example_nested_branch_dag']) retrieved from /home/sheyla/Documents/Repositórios/airflowalura/venv/lib/python3.9/site-packages/airflow/example_dags/example_nested_branch_dag.py
[2024-02-25 20:35:06,060] {logging_mixin.py:115} INFO - [2024-02-25 20:35:06,060] {dag.py:2379} INFO - Sync 1 DAGs
[2024-02-25 20:35:06,076] {logging_mixin.py:115} INFO - [2024-02-25 20:35:06,076] {dag.py:2927} INFO - Setting next_dagrun for example_nested_branch_dag to 2024-02-24T00:00:00+00:00, run_after=2024-02-25T00:00:00+00:00
[2024-02-25 20:35:06,098] {processor.py:161} INFO - Processing /home/sheyla/Documents/Repositórios/airflowalura/venv/lib/python3.9/site-packages/airflow/example_dags/example_nested_branch_dag.py took 0.073 seconds
[2024-02-25 20:35:43,433] {processor.py:153} INFO - Started process (PID=1958625) to work on /home/sheyla/Documents/Repositórios/airflowalura/venv/lib/python3.9/site-packages/airflow/example_dags/example_nested_branch_dag.py
[2024-02-25 20:35:43,440] {processor.py:641} INFO - Processing file /home/sheyla/Documents/Repositórios/airflowalura/venv/lib/python3.9/site-packages/airflow/example_dags/example_nested_branch_dag.py for tasks to queue
[2024-02-25 20:35:43,441] {logging_mixin.py:115} INFO - [2024-02-25 20:35:43,441] {dagbag.py:507} INFO - Filling up the DagBag from /home/sheyla/Documents/Repositórios/airflowalura/venv/lib/python3.9/site-packages/airflow/example_dags/example_nested_branch_dag.py
[2024-02-25 20:35:43,462] {processor.py:651} INFO - DAG(s) dict_keys(['example_nested_branch_dag']) retrieved from /home/sheyla/Documents/Repositórios/airflowalura/venv/lib/python3.9/site-packages/airflow/example_dags/example_nested_branch_dag.py
[2024-02-25 20:35:43,478] {logging_mixin.py:115} INFO - [2024-02-25 20:35:43,478] {dag.py:2379} INFO - Sync 1 DAGs
[2024-02-25 20:35:43,493] {logging_mixin.py:115} INFO - [2024-02-25 20:35:43,492] {dag.py:2927} INFO - Setting next_dagrun for example_nested_branch_dag to 2024-02-24T00:00:00+00:00, run_after=2024-02-25T00:00:00+00:00
[2024-02-25 20:35:43,510] {processor.py:161} INFO - Processing /home/sheyla/Documents/Repositórios/airflowalura/venv/lib/python3.9/site-packages/airflow/example_dags/example_nested_branch_dag.py took 0.083 seconds
[2024-02-25 20:36:19,281] {processor.py:153} INFO - Started process (PID=1958992) to work on /home/sheyla/Documents/Repositórios/airflowalura/venv/lib/python3.9/site-packages/airflow/example_dags/example_nested_branch_dag.py
[2024-02-25 20:36:19,286] {processor.py:641} INFO - Processing file /home/sheyla/Documents/Repositórios/airflowalura/venv/lib/python3.9/site-packages/airflow/example_dags/example_nested_branch_dag.py for tasks to queue
[2024-02-25 20:36:19,286] {logging_mixin.py:115} INFO - [2024-02-25 20:36:19,286] {dagbag.py:507} INFO - Filling up the DagBag from /home/sheyla/Documents/Repositórios/airflowalura/venv/lib/python3.9/site-packages/airflow/example_dags/example_nested_branch_dag.py
[2024-02-25 20:36:19,295] {processor.py:651} INFO - DAG(s) dict_keys(['example_nested_branch_dag']) retrieved from /home/sheyla/Documents/Repositórios/airflowalura/venv/lib/python3.9/site-packages/airflow/example_dags/example_nested_branch_dag.py
[2024-02-25 20:36:19,309] {logging_mixin.py:115} INFO - [2024-02-25 20:36:19,308] {dag.py:2379} INFO - Sync 1 DAGs
[2024-02-25 20:36:19,324] {logging_mixin.py:115} INFO - [2024-02-25 20:36:19,324] {dag.py:2927} INFO - Setting next_dagrun for example_nested_branch_dag to 2024-02-24T00:00:00+00:00, run_after=2024-02-25T00:00:00+00:00
[2024-02-25 20:36:19,343] {processor.py:161} INFO - Processing /home/sheyla/Documents/Repositórios/airflowalura/venv/lib/python3.9/site-packages/airflow/example_dags/example_nested_branch_dag.py took 0.064 seconds
[2024-02-25 20:36:57,858] {processor.py:153} INFO - Started process (PID=1959406) to work on /home/sheyla/Documents/Repositórios/airflowalura/venv/lib/python3.9/site-packages/airflow/example_dags/example_nested_branch_dag.py
[2024-02-25 20:36:57,866] {processor.py:641} INFO - Processing file /home/sheyla/Documents/Repositórios/airflowalura/venv/lib/python3.9/site-packages/airflow/example_dags/example_nested_branch_dag.py for tasks to queue
[2024-02-25 20:36:57,868] {logging_mixin.py:115} INFO - [2024-02-25 20:36:57,867] {dagbag.py:507} INFO - Filling up the DagBag from /home/sheyla/Documents/Repositórios/airflowalura/venv/lib/python3.9/site-packages/airflow/example_dags/example_nested_branch_dag.py
[2024-02-25 20:36:57,888] {processor.py:651} INFO - DAG(s) dict_keys(['example_nested_branch_dag']) retrieved from /home/sheyla/Documents/Repositórios/airflowalura/venv/lib/python3.9/site-packages/airflow/example_dags/example_nested_branch_dag.py
[2024-02-25 20:36:57,909] {logging_mixin.py:115} INFO - [2024-02-25 20:36:57,909] {dag.py:2379} INFO - Sync 1 DAGs
[2024-02-25 20:36:57,926] {logging_mixin.py:115} INFO - [2024-02-25 20:36:57,926] {dag.py:2927} INFO - Setting next_dagrun for example_nested_branch_dag to 2024-02-24T00:00:00+00:00, run_after=2024-02-25T00:00:00+00:00
[2024-02-25 20:36:57,938] {processor.py:161} INFO - Processing /home/sheyla/Documents/Repositórios/airflowalura/venv/lib/python3.9/site-packages/airflow/example_dags/example_nested_branch_dag.py took 0.087 seconds
[2024-02-25 20:37:33,675] {processor.py:153} INFO - Started process (PID=1959780) to work on /home/sheyla/Documents/Repositórios/airflowalura/venv/lib/python3.9/site-packages/airflow/example_dags/example_nested_branch_dag.py
[2024-02-25 20:37:33,680] {processor.py:641} INFO - Processing file /home/sheyla/Documents/Repositórios/airflowalura/venv/lib/python3.9/site-packages/airflow/example_dags/example_nested_branch_dag.py for tasks to queue
[2024-02-25 20:37:33,681] {logging_mixin.py:115} INFO - [2024-02-25 20:37:33,681] {dagbag.py:507} INFO - Filling up the DagBag from /home/sheyla/Documents/Repositórios/airflowalura/venv/lib/python3.9/site-packages/airflow/example_dags/example_nested_branch_dag.py
[2024-02-25 20:37:33,691] {processor.py:651} INFO - DAG(s) dict_keys(['example_nested_branch_dag']) retrieved from /home/sheyla/Documents/Repositórios/airflowalura/venv/lib/python3.9/site-packages/airflow/example_dags/example_nested_branch_dag.py
[2024-02-25 20:37:33,707] {logging_mixin.py:115} INFO - [2024-02-25 20:37:33,707] {dag.py:2379} INFO - Sync 1 DAGs
[2024-02-25 20:37:33,723] {logging_mixin.py:115} INFO - [2024-02-25 20:37:33,723] {dag.py:2927} INFO - Setting next_dagrun for example_nested_branch_dag to 2024-02-24T00:00:00+00:00, run_after=2024-02-25T00:00:00+00:00
[2024-02-25 20:37:33,735] {processor.py:161} INFO - Processing /home/sheyla/Documents/Repositórios/airflowalura/venv/lib/python3.9/site-packages/airflow/example_dags/example_nested_branch_dag.py took 0.062 seconds
[2024-02-25 20:38:10,448] {processor.py:153} INFO - Started process (PID=1960152) to work on /home/sheyla/Documents/Repositórios/airflowalura/venv/lib/python3.9/site-packages/airflow/example_dags/example_nested_branch_dag.py
[2024-02-25 20:38:10,450] {processor.py:641} INFO - Processing file /home/sheyla/Documents/Repositórios/airflowalura/venv/lib/python3.9/site-packages/airflow/example_dags/example_nested_branch_dag.py for tasks to queue
[2024-02-25 20:38:10,451] {logging_mixin.py:115} INFO - [2024-02-25 20:38:10,451] {dagbag.py:507} INFO - Filling up the DagBag from /home/sheyla/Documents/Repositórios/airflowalura/venv/lib/python3.9/site-packages/airflow/example_dags/example_nested_branch_dag.py
[2024-02-25 20:38:10,472] {processor.py:651} INFO - DAG(s) dict_keys(['example_nested_branch_dag']) retrieved from /home/sheyla/Documents/Repositórios/airflowalura/venv/lib/python3.9/site-packages/airflow/example_dags/example_nested_branch_dag.py
[2024-02-25 20:38:10,488] {logging_mixin.py:115} INFO - [2024-02-25 20:38:10,488] {dag.py:2379} INFO - Sync 1 DAGs
[2024-02-25 20:38:10,503] {logging_mixin.py:115} INFO - [2024-02-25 20:38:10,503] {dag.py:2927} INFO - Setting next_dagrun for example_nested_branch_dag to 2024-02-24T00:00:00+00:00, run_after=2024-02-25T00:00:00+00:00
[2024-02-25 20:38:10,518] {processor.py:161} INFO - Processing /home/sheyla/Documents/Repositórios/airflowalura/venv/lib/python3.9/site-packages/airflow/example_dags/example_nested_branch_dag.py took 0.077 seconds
[2024-02-25 20:38:47,636] {processor.py:153} INFO - Started process (PID=1960534) to work on /home/sheyla/Documents/Repositórios/airflowalura/venv/lib/python3.9/site-packages/airflow/example_dags/example_nested_branch_dag.py
[2024-02-25 20:38:47,637] {processor.py:641} INFO - Processing file /home/sheyla/Documents/Repositórios/airflowalura/venv/lib/python3.9/site-packages/airflow/example_dags/example_nested_branch_dag.py for tasks to queue
[2024-02-25 20:38:47,637] {logging_mixin.py:115} INFO - [2024-02-25 20:38:47,637] {dagbag.py:507} INFO - Filling up the DagBag from /home/sheyla/Documents/Repositórios/airflowalura/venv/lib/python3.9/site-packages/airflow/example_dags/example_nested_branch_dag.py
[2024-02-25 20:38:47,646] {processor.py:651} INFO - DAG(s) dict_keys(['example_nested_branch_dag']) retrieved from /home/sheyla/Documents/Repositórios/airflowalura/venv/lib/python3.9/site-packages/airflow/example_dags/example_nested_branch_dag.py
[2024-02-25 20:38:47,660] {logging_mixin.py:115} INFO - [2024-02-25 20:38:47,660] {dag.py:2379} INFO - Sync 1 DAGs
[2024-02-25 20:38:47,675] {logging_mixin.py:115} INFO - [2024-02-25 20:38:47,675] {dag.py:2927} INFO - Setting next_dagrun for example_nested_branch_dag to 2024-02-24T00:00:00+00:00, run_after=2024-02-25T00:00:00+00:00
[2024-02-25 20:38:47,686] {processor.py:161} INFO - Processing /home/sheyla/Documents/Repositórios/airflowalura/venv/lib/python3.9/site-packages/airflow/example_dags/example_nested_branch_dag.py took 0.052 seconds
[2024-02-25 20:39:24,718] {processor.py:153} INFO - Started process (PID=1960918) to work on /home/sheyla/Documents/Repositórios/airflowalura/venv/lib/python3.9/site-packages/airflow/example_dags/example_nested_branch_dag.py
[2024-02-25 20:39:24,724] {processor.py:641} INFO - Processing file /home/sheyla/Documents/Repositórios/airflowalura/venv/lib/python3.9/site-packages/airflow/example_dags/example_nested_branch_dag.py for tasks to queue
[2024-02-25 20:39:24,725] {logging_mixin.py:115} INFO - [2024-02-25 20:39:24,725] {dagbag.py:507} INFO - Filling up the DagBag from /home/sheyla/Documents/Repositórios/airflowalura/venv/lib/python3.9/site-packages/airflow/example_dags/example_nested_branch_dag.py
[2024-02-25 20:39:24,745] {processor.py:651} INFO - DAG(s) dict_keys(['example_nested_branch_dag']) retrieved from /home/sheyla/Documents/Repositórios/airflowalura/venv/lib/python3.9/site-packages/airflow/example_dags/example_nested_branch_dag.py
[2024-02-25 20:39:24,760] {logging_mixin.py:115} INFO - [2024-02-25 20:39:24,760] {dag.py:2379} INFO - Sync 1 DAGs
[2024-02-25 20:39:24,775] {logging_mixin.py:115} INFO - [2024-02-25 20:39:24,775] {dag.py:2927} INFO - Setting next_dagrun for example_nested_branch_dag to 2024-02-24T00:00:00+00:00, run_after=2024-02-25T00:00:00+00:00
[2024-02-25 20:39:24,789] {processor.py:161} INFO - Processing /home/sheyla/Documents/Repositórios/airflowalura/venv/lib/python3.9/site-packages/airflow/example_dags/example_nested_branch_dag.py took 0.078 seconds
[2024-02-25 20:39:59,582] {processor.py:153} INFO - Started process (PID=1961283) to work on /home/sheyla/Documents/Repositórios/airflowalura/venv/lib/python3.9/site-packages/airflow/example_dags/example_nested_branch_dag.py
[2024-02-25 20:39:59,583] {processor.py:641} INFO - Processing file /home/sheyla/Documents/Repositórios/airflowalura/venv/lib/python3.9/site-packages/airflow/example_dags/example_nested_branch_dag.py for tasks to queue
[2024-02-25 20:39:59,584] {logging_mixin.py:115} INFO - [2024-02-25 20:39:59,584] {dagbag.py:507} INFO - Filling up the DagBag from /home/sheyla/Documents/Repositórios/airflowalura/venv/lib/python3.9/site-packages/airflow/example_dags/example_nested_branch_dag.py
[2024-02-25 20:39:59,596] {processor.py:651} INFO - DAG(s) dict_keys(['example_nested_branch_dag']) retrieved from /home/sheyla/Documents/Repositórios/airflowalura/venv/lib/python3.9/site-packages/airflow/example_dags/example_nested_branch_dag.py
[2024-02-25 20:39:59,614] {logging_mixin.py:115} INFO - [2024-02-25 20:39:59,614] {dag.py:2379} INFO - Sync 1 DAGs
[2024-02-25 20:39:59,630] {logging_mixin.py:115} INFO - [2024-02-25 20:39:59,630] {dag.py:2927} INFO - Setting next_dagrun for example_nested_branch_dag to 2024-02-24T00:00:00+00:00, run_after=2024-02-25T00:00:00+00:00
[2024-02-25 20:39:59,642] {processor.py:161} INFO - Processing /home/sheyla/Documents/Repositórios/airflowalura/venv/lib/python3.9/site-packages/airflow/example_dags/example_nested_branch_dag.py took 0.062 seconds
[2024-02-25 20:40:36,801] {processor.py:153} INFO - Started process (PID=1961657) to work on /home/sheyla/Documents/Repositórios/airflowalura/venv/lib/python3.9/site-packages/airflow/example_dags/example_nested_branch_dag.py
[2024-02-25 20:40:36,804] {processor.py:641} INFO - Processing file /home/sheyla/Documents/Repositórios/airflowalura/venv/lib/python3.9/site-packages/airflow/example_dags/example_nested_branch_dag.py for tasks to queue
[2024-02-25 20:40:36,804] {logging_mixin.py:115} INFO - [2024-02-25 20:40:36,804] {dagbag.py:507} INFO - Filling up the DagBag from /home/sheyla/Documents/Repositórios/airflowalura/venv/lib/python3.9/site-packages/airflow/example_dags/example_nested_branch_dag.py
[2024-02-25 20:40:36,817] {processor.py:651} INFO - DAG(s) dict_keys(['example_nested_branch_dag']) retrieved from /home/sheyla/Documents/Repositórios/airflowalura/venv/lib/python3.9/site-packages/airflow/example_dags/example_nested_branch_dag.py
[2024-02-25 20:40:36,840] {logging_mixin.py:115} INFO - [2024-02-25 20:40:36,840] {dag.py:2379} INFO - Sync 1 DAGs
[2024-02-25 20:40:36,857] {logging_mixin.py:115} INFO - [2024-02-25 20:40:36,857] {dag.py:2927} INFO - Setting next_dagrun for example_nested_branch_dag to 2024-02-24T00:00:00+00:00, run_after=2024-02-25T00:00:00+00:00
[2024-02-25 20:40:36,869] {processor.py:161} INFO - Processing /home/sheyla/Documents/Repositórios/airflowalura/venv/lib/python3.9/site-packages/airflow/example_dags/example_nested_branch_dag.py took 0.070 seconds
[2024-02-25 20:41:15,279] {processor.py:153} INFO - Started process (PID=1962055) to work on /home/sheyla/Documents/Repositórios/airflowalura/venv/lib/python3.9/site-packages/airflow/example_dags/example_nested_branch_dag.py
[2024-02-25 20:41:15,285] {processor.py:641} INFO - Processing file /home/sheyla/Documents/Repositórios/airflowalura/venv/lib/python3.9/site-packages/airflow/example_dags/example_nested_branch_dag.py for tasks to queue
[2024-02-25 20:41:15,285] {logging_mixin.py:115} INFO - [2024-02-25 20:41:15,285] {dagbag.py:507} INFO - Filling up the DagBag from /home/sheyla/Documents/Repositórios/airflowalura/venv/lib/python3.9/site-packages/airflow/example_dags/example_nested_branch_dag.py
[2024-02-25 20:41:15,301] {processor.py:651} INFO - DAG(s) dict_keys(['example_nested_branch_dag']) retrieved from /home/sheyla/Documents/Repositórios/airflowalura/venv/lib/python3.9/site-packages/airflow/example_dags/example_nested_branch_dag.py
[2024-02-25 20:41:15,320] {logging_mixin.py:115} INFO - [2024-02-25 20:41:15,320] {dag.py:2379} INFO - Sync 1 DAGs
[2024-02-25 20:41:15,337] {logging_mixin.py:115} INFO - [2024-02-25 20:41:15,337] {dag.py:2927} INFO - Setting next_dagrun for example_nested_branch_dag to 2024-02-24T00:00:00+00:00, run_after=2024-02-25T00:00:00+00:00
[2024-02-25 20:41:15,350] {processor.py:161} INFO - Processing /home/sheyla/Documents/Repositórios/airflowalura/venv/lib/python3.9/site-packages/airflow/example_dags/example_nested_branch_dag.py took 0.074 seconds
[2024-02-25 20:41:51,567] {processor.py:153} INFO - Started process (PID=1962455) to work on /home/sheyla/Documents/Repositórios/airflowalura/venv/lib/python3.9/site-packages/airflow/example_dags/example_nested_branch_dag.py
[2024-02-25 20:41:51,573] {processor.py:641} INFO - Processing file /home/sheyla/Documents/Repositórios/airflowalura/venv/lib/python3.9/site-packages/airflow/example_dags/example_nested_branch_dag.py for tasks to queue
[2024-02-25 20:41:51,573] {logging_mixin.py:115} INFO - [2024-02-25 20:41:51,573] {dagbag.py:507} INFO - Filling up the DagBag from /home/sheyla/Documents/Repositórios/airflowalura/venv/lib/python3.9/site-packages/airflow/example_dags/example_nested_branch_dag.py
[2024-02-25 20:41:51,584] {processor.py:651} INFO - DAG(s) dict_keys(['example_nested_branch_dag']) retrieved from /home/sheyla/Documents/Repositórios/airflowalura/venv/lib/python3.9/site-packages/airflow/example_dags/example_nested_branch_dag.py
[2024-02-25 20:41:51,601] {logging_mixin.py:115} INFO - [2024-02-25 20:41:51,601] {dag.py:2379} INFO - Sync 1 DAGs
[2024-02-25 20:41:51,621] {logging_mixin.py:115} INFO - [2024-02-25 20:41:51,621] {dag.py:2927} INFO - Setting next_dagrun for example_nested_branch_dag to 2024-02-24T00:00:00+00:00, run_after=2024-02-25T00:00:00+00:00
[2024-02-25 20:41:51,633] {processor.py:161} INFO - Processing /home/sheyla/Documents/Repositórios/airflowalura/venv/lib/python3.9/site-packages/airflow/example_dags/example_nested_branch_dag.py took 0.068 seconds
[2024-02-25 20:42:29,888] {processor.py:153} INFO - Started process (PID=1962854) to work on /home/sheyla/Documents/Repositórios/airflowalura/venv/lib/python3.9/site-packages/airflow/example_dags/example_nested_branch_dag.py
[2024-02-25 20:42:29,894] {processor.py:641} INFO - Processing file /home/sheyla/Documents/Repositórios/airflowalura/venv/lib/python3.9/site-packages/airflow/example_dags/example_nested_branch_dag.py for tasks to queue
[2024-02-25 20:42:29,896] {logging_mixin.py:115} INFO - [2024-02-25 20:42:29,895] {dagbag.py:507} INFO - Filling up the DagBag from /home/sheyla/Documents/Repositórios/airflowalura/venv/lib/python3.9/site-packages/airflow/example_dags/example_nested_branch_dag.py
[2024-02-25 20:42:29,918] {processor.py:651} INFO - DAG(s) dict_keys(['example_nested_branch_dag']) retrieved from /home/sheyla/Documents/Repositórios/airflowalura/venv/lib/python3.9/site-packages/airflow/example_dags/example_nested_branch_dag.py
[2024-02-25 20:42:29,935] {logging_mixin.py:115} INFO - [2024-02-25 20:42:29,935] {dag.py:2379} INFO - Sync 1 DAGs
[2024-02-25 20:42:29,950] {logging_mixin.py:115} INFO - [2024-02-25 20:42:29,950] {dag.py:2927} INFO - Setting next_dagrun for example_nested_branch_dag to 2024-02-24T00:00:00+00:00, run_after=2024-02-25T00:00:00+00:00
[2024-02-25 20:42:29,964] {processor.py:161} INFO - Processing /home/sheyla/Documents/Repositórios/airflowalura/venv/lib/python3.9/site-packages/airflow/example_dags/example_nested_branch_dag.py took 0.082 seconds
[2024-02-25 20:43:05,830] {processor.py:153} INFO - Started process (PID=1963220) to work on /home/sheyla/Documents/Repositórios/airflowalura/venv/lib/python3.9/site-packages/airflow/example_dags/example_nested_branch_dag.py
[2024-02-25 20:43:05,836] {processor.py:641} INFO - Processing file /home/sheyla/Documents/Repositórios/airflowalura/venv/lib/python3.9/site-packages/airflow/example_dags/example_nested_branch_dag.py for tasks to queue
[2024-02-25 20:43:05,837] {logging_mixin.py:115} INFO - [2024-02-25 20:43:05,837] {dagbag.py:507} INFO - Filling up the DagBag from /home/sheyla/Documents/Repositórios/airflowalura/venv/lib/python3.9/site-packages/airflow/example_dags/example_nested_branch_dag.py
[2024-02-25 20:43:05,859] {processor.py:651} INFO - DAG(s) dict_keys(['example_nested_branch_dag']) retrieved from /home/sheyla/Documents/Repositórios/airflowalura/venv/lib/python3.9/site-packages/airflow/example_dags/example_nested_branch_dag.py
[2024-02-25 20:43:05,876] {logging_mixin.py:115} INFO - [2024-02-25 20:43:05,876] {dag.py:2379} INFO - Sync 1 DAGs
[2024-02-25 20:43:05,890] {logging_mixin.py:115} INFO - [2024-02-25 20:43:05,890] {dag.py:2927} INFO - Setting next_dagrun for example_nested_branch_dag to 2024-02-24T00:00:00+00:00, run_after=2024-02-25T00:00:00+00:00
[2024-02-25 20:43:05,910] {processor.py:161} INFO - Processing /home/sheyla/Documents/Repositórios/airflowalura/venv/lib/python3.9/site-packages/airflow/example_dags/example_nested_branch_dag.py took 0.086 seconds
[2024-02-25 20:43:41,931] {processor.py:153} INFO - Started process (PID=1963585) to work on /home/sheyla/Documents/Repositórios/airflowalura/venv/lib/python3.9/site-packages/airflow/example_dags/example_nested_branch_dag.py
[2024-02-25 20:43:41,937] {processor.py:641} INFO - Processing file /home/sheyla/Documents/Repositórios/airflowalura/venv/lib/python3.9/site-packages/airflow/example_dags/example_nested_branch_dag.py for tasks to queue
[2024-02-25 20:43:41,938] {logging_mixin.py:115} INFO - [2024-02-25 20:43:41,938] {dagbag.py:507} INFO - Filling up the DagBag from /home/sheyla/Documents/Repositórios/airflowalura/venv/lib/python3.9/site-packages/airflow/example_dags/example_nested_branch_dag.py
[2024-02-25 20:43:41,958] {processor.py:651} INFO - DAG(s) dict_keys(['example_nested_branch_dag']) retrieved from /home/sheyla/Documents/Repositórios/airflowalura/venv/lib/python3.9/site-packages/airflow/example_dags/example_nested_branch_dag.py
[2024-02-25 20:43:41,974] {logging_mixin.py:115} INFO - [2024-02-25 20:43:41,974] {dag.py:2379} INFO - Sync 1 DAGs
[2024-02-25 20:43:41,988] {logging_mixin.py:115} INFO - [2024-02-25 20:43:41,988] {dag.py:2927} INFO - Setting next_dagrun for example_nested_branch_dag to 2024-02-24T00:00:00+00:00, run_after=2024-02-25T00:00:00+00:00
[2024-02-25 20:43:42,002] {processor.py:161} INFO - Processing /home/sheyla/Documents/Repositórios/airflowalura/venv/lib/python3.9/site-packages/airflow/example_dags/example_nested_branch_dag.py took 0.077 seconds
[2024-02-25 20:44:20,833] {processor.py:153} INFO - Started process (PID=1963989) to work on /home/sheyla/Documents/Repositórios/airflowalura/venv/lib/python3.9/site-packages/airflow/example_dags/example_nested_branch_dag.py
[2024-02-25 20:44:20,838] {processor.py:641} INFO - Processing file /home/sheyla/Documents/Repositórios/airflowalura/venv/lib/python3.9/site-packages/airflow/example_dags/example_nested_branch_dag.py for tasks to queue
[2024-02-25 20:44:20,839] {logging_mixin.py:115} INFO - [2024-02-25 20:44:20,839] {dagbag.py:507} INFO - Filling up the DagBag from /home/sheyla/Documents/Repositórios/airflowalura/venv/lib/python3.9/site-packages/airflow/example_dags/example_nested_branch_dag.py
[2024-02-25 20:44:20,847] {processor.py:651} INFO - DAG(s) dict_keys(['example_nested_branch_dag']) retrieved from /home/sheyla/Documents/Repositórios/airflowalura/venv/lib/python3.9/site-packages/airflow/example_dags/example_nested_branch_dag.py
[2024-02-25 20:44:20,861] {logging_mixin.py:115} INFO - [2024-02-25 20:44:20,861] {dag.py:2379} INFO - Sync 1 DAGs
[2024-02-25 20:44:20,877] {logging_mixin.py:115} INFO - [2024-02-25 20:44:20,877] {dag.py:2927} INFO - Setting next_dagrun for example_nested_branch_dag to 2024-02-24T00:00:00+00:00, run_after=2024-02-25T00:00:00+00:00
[2024-02-25 20:44:20,892] {processor.py:161} INFO - Processing /home/sheyla/Documents/Repositórios/airflowalura/venv/lib/python3.9/site-packages/airflow/example_dags/example_nested_branch_dag.py took 0.061 seconds
[2024-02-25 20:44:53,949] {processor.py:153} INFO - Started process (PID=1964331) to work on /home/sheyla/Documents/Repositórios/airflowalura/venv/lib/python3.9/site-packages/airflow/example_dags/example_nested_branch_dag.py
[2024-02-25 20:44:53,952] {processor.py:641} INFO - Processing file /home/sheyla/Documents/Repositórios/airflowalura/venv/lib/python3.9/site-packages/airflow/example_dags/example_nested_branch_dag.py for tasks to queue
[2024-02-25 20:44:53,953] {logging_mixin.py:115} INFO - [2024-02-25 20:44:53,953] {dagbag.py:507} INFO - Filling up the DagBag from /home/sheyla/Documents/Repositórios/airflowalura/venv/lib/python3.9/site-packages/airflow/example_dags/example_nested_branch_dag.py
[2024-02-25 20:44:53,966] {processor.py:651} INFO - DAG(s) dict_keys(['example_nested_branch_dag']) retrieved from /home/sheyla/Documents/Repositórios/airflowalura/venv/lib/python3.9/site-packages/airflow/example_dags/example_nested_branch_dag.py
[2024-02-25 20:44:53,987] {logging_mixin.py:115} INFO - [2024-02-25 20:44:53,987] {dag.py:2379} INFO - Sync 1 DAGs
[2024-02-25 20:44:54,004] {logging_mixin.py:115} INFO - [2024-02-25 20:44:54,004] {dag.py:2927} INFO - Setting next_dagrun for example_nested_branch_dag to 2024-02-24T00:00:00+00:00, run_after=2024-02-25T00:00:00+00:00
[2024-02-25 20:44:54,016] {processor.py:161} INFO - Processing /home/sheyla/Documents/Repositórios/airflowalura/venv/lib/python3.9/site-packages/airflow/example_dags/example_nested_branch_dag.py took 0.069 seconds
[2024-02-25 20:45:31,327] {processor.py:153} INFO - Started process (PID=1964715) to work on /home/sheyla/Documents/Repositórios/airflowalura/venv/lib/python3.9/site-packages/airflow/example_dags/example_nested_branch_dag.py
[2024-02-25 20:45:31,333] {processor.py:641} INFO - Processing file /home/sheyla/Documents/Repositórios/airflowalura/venv/lib/python3.9/site-packages/airflow/example_dags/example_nested_branch_dag.py for tasks to queue
[2024-02-25 20:45:31,334] {logging_mixin.py:115} INFO - [2024-02-25 20:45:31,334] {dagbag.py:507} INFO - Filling up the DagBag from /home/sheyla/Documents/Repositórios/airflowalura/venv/lib/python3.9/site-packages/airflow/example_dags/example_nested_branch_dag.py
[2024-02-25 20:45:31,359] {processor.py:651} INFO - DAG(s) dict_keys(['example_nested_branch_dag']) retrieved from /home/sheyla/Documents/Repositórios/airflowalura/venv/lib/python3.9/site-packages/airflow/example_dags/example_nested_branch_dag.py
[2024-02-25 20:45:31,395] {logging_mixin.py:115} INFO - [2024-02-25 20:45:31,395] {dag.py:2379} INFO - Sync 1 DAGs
[2024-02-25 20:45:31,416] {logging_mixin.py:115} INFO - [2024-02-25 20:45:31,416] {dag.py:2927} INFO - Setting next_dagrun for example_nested_branch_dag to 2024-02-24T00:00:00+00:00, run_after=2024-02-25T00:00:00+00:00
[2024-02-25 20:45:31,429] {processor.py:161} INFO - Processing /home/sheyla/Documents/Repositórios/airflowalura/venv/lib/python3.9/site-packages/airflow/example_dags/example_nested_branch_dag.py took 0.108 seconds
[2024-02-25 20:46:07,204] {processor.py:153} INFO - Started process (PID=1965078) to work on /home/sheyla/Documents/Repositórios/airflowalura/venv/lib/python3.9/site-packages/airflow/example_dags/example_nested_branch_dag.py
[2024-02-25 20:46:07,210] {processor.py:641} INFO - Processing file /home/sheyla/Documents/Repositórios/airflowalura/venv/lib/python3.9/site-packages/airflow/example_dags/example_nested_branch_dag.py for tasks to queue
[2024-02-25 20:46:07,212] {logging_mixin.py:115} INFO - [2024-02-25 20:46:07,211] {dagbag.py:507} INFO - Filling up the DagBag from /home/sheyla/Documents/Repositórios/airflowalura/venv/lib/python3.9/site-packages/airflow/example_dags/example_nested_branch_dag.py
[2024-02-25 20:46:07,237] {processor.py:651} INFO - DAG(s) dict_keys(['example_nested_branch_dag']) retrieved from /home/sheyla/Documents/Repositórios/airflowalura/venv/lib/python3.9/site-packages/airflow/example_dags/example_nested_branch_dag.py
[2024-02-25 20:46:07,255] {logging_mixin.py:115} INFO - [2024-02-25 20:46:07,255] {dag.py:2379} INFO - Sync 1 DAGs
[2024-02-25 20:46:07,270] {logging_mixin.py:115} INFO - [2024-02-25 20:46:07,270] {dag.py:2927} INFO - Setting next_dagrun for example_nested_branch_dag to 2024-02-24T00:00:00+00:00, run_after=2024-02-25T00:00:00+00:00
[2024-02-25 20:46:07,284] {processor.py:161} INFO - Processing /home/sheyla/Documents/Repositórios/airflowalura/venv/lib/python3.9/site-packages/airflow/example_dags/example_nested_branch_dag.py took 0.086 seconds
[2024-02-25 20:46:45,858] {processor.py:153} INFO - Started process (PID=1965500) to work on /home/sheyla/Documents/Repositórios/airflowalura/venv/lib/python3.9/site-packages/airflow/example_dags/example_nested_branch_dag.py
[2024-02-25 20:46:45,858] {processor.py:641} INFO - Processing file /home/sheyla/Documents/Repositórios/airflowalura/venv/lib/python3.9/site-packages/airflow/example_dags/example_nested_branch_dag.py for tasks to queue
[2024-02-25 20:46:45,859] {logging_mixin.py:115} INFO - [2024-02-25 20:46:45,858] {dagbag.py:507} INFO - Filling up the DagBag from /home/sheyla/Documents/Repositórios/airflowalura/venv/lib/python3.9/site-packages/airflow/example_dags/example_nested_branch_dag.py
[2024-02-25 20:46:45,867] {processor.py:651} INFO - DAG(s) dict_keys(['example_nested_branch_dag']) retrieved from /home/sheyla/Documents/Repositórios/airflowalura/venv/lib/python3.9/site-packages/airflow/example_dags/example_nested_branch_dag.py
[2024-02-25 20:46:45,879] {logging_mixin.py:115} INFO - [2024-02-25 20:46:45,879] {dag.py:2379} INFO - Sync 1 DAGs
[2024-02-25 20:46:45,901] {logging_mixin.py:115} INFO - [2024-02-25 20:46:45,901] {dag.py:2927} INFO - Setting next_dagrun for example_nested_branch_dag to 2024-02-24T00:00:00+00:00, run_after=2024-02-25T00:00:00+00:00
[2024-02-25 20:46:45,921] {processor.py:161} INFO - Processing /home/sheyla/Documents/Repositórios/airflowalura/venv/lib/python3.9/site-packages/airflow/example_dags/example_nested_branch_dag.py took 0.066 seconds
[2024-02-25 20:47:20,354] {processor.py:153} INFO - Started process (PID=1965981) to work on /home/sheyla/Documents/Repositórios/airflowalura/venv/lib/python3.9/site-packages/airflow/example_dags/example_nested_branch_dag.py
[2024-02-25 20:47:20,355] {processor.py:641} INFO - Processing file /home/sheyla/Documents/Repositórios/airflowalura/venv/lib/python3.9/site-packages/airflow/example_dags/example_nested_branch_dag.py for tasks to queue
[2024-02-25 20:47:20,356] {logging_mixin.py:115} INFO - [2024-02-25 20:47:20,356] {dagbag.py:507} INFO - Filling up the DagBag from /home/sheyla/Documents/Repositórios/airflowalura/venv/lib/python3.9/site-packages/airflow/example_dags/example_nested_branch_dag.py
[2024-02-25 20:47:20,376] {processor.py:651} INFO - DAG(s) dict_keys(['example_nested_branch_dag']) retrieved from /home/sheyla/Documents/Repositórios/airflowalura/venv/lib/python3.9/site-packages/airflow/example_dags/example_nested_branch_dag.py
[2024-02-25 20:47:20,392] {logging_mixin.py:115} INFO - [2024-02-25 20:47:20,392] {dag.py:2379} INFO - Sync 1 DAGs
[2024-02-25 20:47:20,407] {logging_mixin.py:115} INFO - [2024-02-25 20:47:20,407] {dag.py:2927} INFO - Setting next_dagrun for example_nested_branch_dag to 2024-02-24T00:00:00+00:00, run_after=2024-02-25T00:00:00+00:00
[2024-02-25 20:47:20,418] {processor.py:161} INFO - Processing /home/sheyla/Documents/Repositórios/airflowalura/venv/lib/python3.9/site-packages/airflow/example_dags/example_nested_branch_dag.py took 0.071 seconds
[2024-02-25 20:47:59,738] {processor.py:153} INFO - Started process (PID=1966593) to work on /home/sheyla/Documents/Repositórios/airflowalura/venv/lib/python3.9/site-packages/airflow/example_dags/example_nested_branch_dag.py
[2024-02-25 20:47:59,744] {processor.py:641} INFO - Processing file /home/sheyla/Documents/Repositórios/airflowalura/venv/lib/python3.9/site-packages/airflow/example_dags/example_nested_branch_dag.py for tasks to queue
[2024-02-25 20:47:59,744] {logging_mixin.py:115} INFO - [2024-02-25 20:47:59,744] {dagbag.py:507} INFO - Filling up the DagBag from /home/sheyla/Documents/Repositórios/airflowalura/venv/lib/python3.9/site-packages/airflow/example_dags/example_nested_branch_dag.py
[2024-02-25 20:47:59,752] {processor.py:651} INFO - DAG(s) dict_keys(['example_nested_branch_dag']) retrieved from /home/sheyla/Documents/Repositórios/airflowalura/venv/lib/python3.9/site-packages/airflow/example_dags/example_nested_branch_dag.py
[2024-02-25 20:47:59,766] {logging_mixin.py:115} INFO - [2024-02-25 20:47:59,766] {dag.py:2379} INFO - Sync 1 DAGs
[2024-02-25 20:47:59,782] {logging_mixin.py:115} INFO - [2024-02-25 20:47:59,782] {dag.py:2927} INFO - Setting next_dagrun for example_nested_branch_dag to 2024-02-24T00:00:00+00:00, run_after=2024-02-25T00:00:00+00:00
[2024-02-25 20:47:59,797] {processor.py:161} INFO - Processing /home/sheyla/Documents/Repositórios/airflowalura/venv/lib/python3.9/site-packages/airflow/example_dags/example_nested_branch_dag.py took 0.061 seconds
[2024-02-25 20:48:35,454] {processor.py:153} INFO - Started process (PID=1967081) to work on /home/sheyla/Documents/Repositórios/airflowalura/venv/lib/python3.9/site-packages/airflow/example_dags/example_nested_branch_dag.py
[2024-02-25 20:48:35,460] {processor.py:641} INFO - Processing file /home/sheyla/Documents/Repositórios/airflowalura/venv/lib/python3.9/site-packages/airflow/example_dags/example_nested_branch_dag.py for tasks to queue
[2024-02-25 20:48:35,461] {logging_mixin.py:115} INFO - [2024-02-25 20:48:35,461] {dagbag.py:507} INFO - Filling up the DagBag from /home/sheyla/Documents/Repositórios/airflowalura/venv/lib/python3.9/site-packages/airflow/example_dags/example_nested_branch_dag.py
[2024-02-25 20:48:35,481] {processor.py:651} INFO - DAG(s) dict_keys(['example_nested_branch_dag']) retrieved from /home/sheyla/Documents/Repositórios/airflowalura/venv/lib/python3.9/site-packages/airflow/example_dags/example_nested_branch_dag.py
[2024-02-25 20:48:35,497] {logging_mixin.py:115} INFO - [2024-02-25 20:48:35,496] {dag.py:2379} INFO - Sync 1 DAGs
[2024-02-25 20:48:35,511] {logging_mixin.py:115} INFO - [2024-02-25 20:48:35,511] {dag.py:2927} INFO - Setting next_dagrun for example_nested_branch_dag to 2024-02-24T00:00:00+00:00, run_after=2024-02-25T00:00:00+00:00
[2024-02-25 20:48:35,523] {processor.py:161} INFO - Processing /home/sheyla/Documents/Repositórios/airflowalura/venv/lib/python3.9/site-packages/airflow/example_dags/example_nested_branch_dag.py took 0.076 seconds
