[2024-02-25 20:33:41,336] {processor.py:153} INFO - Started process (PID=1957306) to work on /home/sheyla/Documents/Repositórios/airflowalura/venv/lib/python3.9/site-packages/airflow/example_dags/example_branch_labels.py
[2024-02-25 20:33:41,336] {processor.py:641} INFO - Processing file /home/sheyla/Documents/Repositórios/airflowalura/venv/lib/python3.9/site-packages/airflow/example_dags/example_branch_labels.py for tasks to queue
[2024-02-25 20:33:41,337] {logging_mixin.py:115} INFO - [2024-02-25 20:33:41,337] {dagbag.py:507} INFO - Filling up the DagBag from /home/sheyla/Documents/Repositórios/airflowalura/venv/lib/python3.9/site-packages/airflow/example_dags/example_branch_labels.py
[2024-02-25 20:33:41,343] {processor.py:651} INFO - DAG(s) dict_keys(['example_branch_labels']) retrieved from /home/sheyla/Documents/Repositórios/airflowalura/venv/lib/python3.9/site-packages/airflow/example_dags/example_branch_labels.py
[2024-02-25 20:33:41,357] {logging_mixin.py:115} INFO - [2024-02-25 20:33:41,357] {dag.py:2379} INFO - Sync 1 DAGs
[2024-02-25 20:33:41,372] {logging_mixin.py:115} INFO - [2024-02-25 20:33:41,372] {dag.py:2927} INFO - Setting next_dagrun for example_branch_labels to 2024-02-24T00:00:00+00:00, run_after=2024-02-25T00:00:00+00:00
[2024-02-25 20:33:41,395] {processor.py:161} INFO - Processing /home/sheyla/Documents/Repositórios/airflowalura/venv/lib/python3.9/site-packages/airflow/example_dags/example_branch_labels.py took 0.061 seconds
[2024-02-25 20:34:18,437] {processor.py:153} INFO - Started process (PID=1957753) to work on /home/sheyla/Documents/Repositórios/airflowalura/venv/lib/python3.9/site-packages/airflow/example_dags/example_branch_labels.py
[2024-02-25 20:34:18,438] {processor.py:641} INFO - Processing file /home/sheyla/Documents/Repositórios/airflowalura/venv/lib/python3.9/site-packages/airflow/example_dags/example_branch_labels.py for tasks to queue
[2024-02-25 20:34:18,439] {logging_mixin.py:115} INFO - [2024-02-25 20:34:18,439] {dagbag.py:507} INFO - Filling up the DagBag from /home/sheyla/Documents/Repositórios/airflowalura/venv/lib/python3.9/site-packages/airflow/example_dags/example_branch_labels.py
[2024-02-25 20:34:18,454] {processor.py:651} INFO - DAG(s) dict_keys(['example_branch_labels']) retrieved from /home/sheyla/Documents/Repositórios/airflowalura/venv/lib/python3.9/site-packages/airflow/example_dags/example_branch_labels.py
[2024-02-25 20:34:18,472] {logging_mixin.py:115} INFO - [2024-02-25 20:34:18,472] {dag.py:2379} INFO - Sync 1 DAGs
[2024-02-25 20:34:18,488] {logging_mixin.py:115} INFO - [2024-02-25 20:34:18,488] {dag.py:2927} INFO - Setting next_dagrun for example_branch_labels to 2024-02-24T00:00:00+00:00, run_after=2024-02-25T00:00:00+00:00
[2024-02-25 20:34:18,504] {processor.py:161} INFO - Processing /home/sheyla/Documents/Repositórios/airflowalura/venv/lib/python3.9/site-packages/airflow/example_dags/example_branch_labels.py took 0.073 seconds
[2024-02-25 20:34:55,736] {processor.py:153} INFO - Started process (PID=1958132) to work on /home/sheyla/Documents/Repositórios/airflowalura/venv/lib/python3.9/site-packages/airflow/example_dags/example_branch_labels.py
[2024-02-25 20:34:55,742] {processor.py:641} INFO - Processing file /home/sheyla/Documents/Repositórios/airflowalura/venv/lib/python3.9/site-packages/airflow/example_dags/example_branch_labels.py for tasks to queue
[2024-02-25 20:34:55,744] {logging_mixin.py:115} INFO - [2024-02-25 20:34:55,743] {dagbag.py:507} INFO - Filling up the DagBag from /home/sheyla/Documents/Repositórios/airflowalura/venv/lib/python3.9/site-packages/airflow/example_dags/example_branch_labels.py
[2024-02-25 20:34:55,759] {processor.py:651} INFO - DAG(s) dict_keys(['example_branch_labels']) retrieved from /home/sheyla/Documents/Repositórios/airflowalura/venv/lib/python3.9/site-packages/airflow/example_dags/example_branch_labels.py
[2024-02-25 20:34:55,781] {logging_mixin.py:115} INFO - [2024-02-25 20:34:55,781] {dag.py:2379} INFO - Sync 1 DAGs
[2024-02-25 20:34:55,797] {logging_mixin.py:115} INFO - [2024-02-25 20:34:55,797] {dag.py:2927} INFO - Setting next_dagrun for example_branch_labels to 2024-02-24T00:00:00+00:00, run_after=2024-02-25T00:00:00+00:00
[2024-02-25 20:34:55,811] {processor.py:161} INFO - Processing /home/sheyla/Documents/Repositórios/airflowalura/venv/lib/python3.9/site-packages/airflow/example_dags/example_branch_labels.py took 0.081 seconds
[2024-02-25 20:35:31,955] {processor.py:153} INFO - Started process (PID=1958500) to work on /home/sheyla/Documents/Repositórios/airflowalura/venv/lib/python3.9/site-packages/airflow/example_dags/example_branch_labels.py
[2024-02-25 20:35:31,961] {processor.py:641} INFO - Processing file /home/sheyla/Documents/Repositórios/airflowalura/venv/lib/python3.9/site-packages/airflow/example_dags/example_branch_labels.py for tasks to queue
[2024-02-25 20:35:31,963] {logging_mixin.py:115} INFO - [2024-02-25 20:35:31,962] {dagbag.py:507} INFO - Filling up the DagBag from /home/sheyla/Documents/Repositórios/airflowalura/venv/lib/python3.9/site-packages/airflow/example_dags/example_branch_labels.py
[2024-02-25 20:35:31,978] {processor.py:651} INFO - DAG(s) dict_keys(['example_branch_labels']) retrieved from /home/sheyla/Documents/Repositórios/airflowalura/venv/lib/python3.9/site-packages/airflow/example_dags/example_branch_labels.py
[2024-02-25 20:35:32,003] {logging_mixin.py:115} INFO - [2024-02-25 20:35:32,003] {dag.py:2379} INFO - Sync 1 DAGs
[2024-02-25 20:35:32,020] {logging_mixin.py:115} INFO - [2024-02-25 20:35:32,019] {dag.py:2927} INFO - Setting next_dagrun for example_branch_labels to 2024-02-24T00:00:00+00:00, run_after=2024-02-25T00:00:00+00:00
[2024-02-25 20:35:32,031] {processor.py:161} INFO - Processing /home/sheyla/Documents/Repositórios/airflowalura/venv/lib/python3.9/site-packages/airflow/example_dags/example_branch_labels.py took 0.082 seconds
[2024-02-25 20:36:08,005] {processor.py:153} INFO - Started process (PID=1958878) to work on /home/sheyla/Documents/Repositórios/airflowalura/venv/lib/python3.9/site-packages/airflow/example_dags/example_branch_labels.py
[2024-02-25 20:36:08,007] {processor.py:641} INFO - Processing file /home/sheyla/Documents/Repositórios/airflowalura/venv/lib/python3.9/site-packages/airflow/example_dags/example_branch_labels.py for tasks to queue
[2024-02-25 20:36:08,008] {logging_mixin.py:115} INFO - [2024-02-25 20:36:08,008] {dagbag.py:507} INFO - Filling up the DagBag from /home/sheyla/Documents/Repositórios/airflowalura/venv/lib/python3.9/site-packages/airflow/example_dags/example_branch_labels.py
[2024-02-25 20:36:08,017] {processor.py:651} INFO - DAG(s) dict_keys(['example_branch_labels']) retrieved from /home/sheyla/Documents/Repositórios/airflowalura/venv/lib/python3.9/site-packages/airflow/example_dags/example_branch_labels.py
[2024-02-25 20:36:08,040] {logging_mixin.py:115} INFO - [2024-02-25 20:36:08,040] {dag.py:2379} INFO - Sync 1 DAGs
[2024-02-25 20:36:08,058] {logging_mixin.py:115} INFO - [2024-02-25 20:36:08,058] {dag.py:2927} INFO - Setting next_dagrun for example_branch_labels to 2024-02-24T00:00:00+00:00, run_after=2024-02-25T00:00:00+00:00
[2024-02-25 20:36:08,068] {processor.py:161} INFO - Processing /home/sheyla/Documents/Repositórios/airflowalura/venv/lib/python3.9/site-packages/airflow/example_dags/example_branch_labels.py took 0.066 seconds
[2024-02-25 20:36:43,052] {processor.py:153} INFO - Started process (PID=1959262) to work on /home/sheyla/Documents/Repositórios/airflowalura/venv/lib/python3.9/site-packages/airflow/example_dags/example_branch_labels.py
[2024-02-25 20:36:43,054] {processor.py:641} INFO - Processing file /home/sheyla/Documents/Repositórios/airflowalura/venv/lib/python3.9/site-packages/airflow/example_dags/example_branch_labels.py for tasks to queue
[2024-02-25 20:36:43,055] {logging_mixin.py:115} INFO - [2024-02-25 20:36:43,055] {dagbag.py:507} INFO - Filling up the DagBag from /home/sheyla/Documents/Repositórios/airflowalura/venv/lib/python3.9/site-packages/airflow/example_dags/example_branch_labels.py
[2024-02-25 20:36:43,070] {processor.py:651} INFO - DAG(s) dict_keys(['example_branch_labels']) retrieved from /home/sheyla/Documents/Repositórios/airflowalura/venv/lib/python3.9/site-packages/airflow/example_dags/example_branch_labels.py
[2024-02-25 20:36:43,089] {logging_mixin.py:115} INFO - [2024-02-25 20:36:43,089] {dag.py:2379} INFO - Sync 1 DAGs
[2024-02-25 20:36:43,105] {logging_mixin.py:115} INFO - [2024-02-25 20:36:43,105] {dag.py:2927} INFO - Setting next_dagrun for example_branch_labels to 2024-02-24T00:00:00+00:00, run_after=2024-02-25T00:00:00+00:00
[2024-02-25 20:36:43,115] {processor.py:161} INFO - Processing /home/sheyla/Documents/Repositórios/airflowalura/venv/lib/python3.9/site-packages/airflow/example_dags/example_branch_labels.py took 0.069 seconds
[2024-02-25 20:37:18,390] {processor.py:153} INFO - Started process (PID=1959628) to work on /home/sheyla/Documents/Repositórios/airflowalura/venv/lib/python3.9/site-packages/airflow/example_dags/example_branch_labels.py
[2024-02-25 20:37:18,391] {processor.py:641} INFO - Processing file /home/sheyla/Documents/Repositórios/airflowalura/venv/lib/python3.9/site-packages/airflow/example_dags/example_branch_labels.py for tasks to queue
[2024-02-25 20:37:18,391] {logging_mixin.py:115} INFO - [2024-02-25 20:37:18,391] {dagbag.py:507} INFO - Filling up the DagBag from /home/sheyla/Documents/Repositórios/airflowalura/venv/lib/python3.9/site-packages/airflow/example_dags/example_branch_labels.py
[2024-02-25 20:37:18,398] {processor.py:651} INFO - DAG(s) dict_keys(['example_branch_labels']) retrieved from /home/sheyla/Documents/Repositórios/airflowalura/venv/lib/python3.9/site-packages/airflow/example_dags/example_branch_labels.py
[2024-02-25 20:37:18,414] {logging_mixin.py:115} INFO - [2024-02-25 20:37:18,414] {dag.py:2379} INFO - Sync 1 DAGs
[2024-02-25 20:37:18,429] {logging_mixin.py:115} INFO - [2024-02-25 20:37:18,429] {dag.py:2927} INFO - Setting next_dagrun for example_branch_labels to 2024-02-24T00:00:00+00:00, run_after=2024-02-25T00:00:00+00:00
[2024-02-25 20:37:18,446] {processor.py:161} INFO - Processing /home/sheyla/Documents/Repositórios/airflowalura/venv/lib/python3.9/site-packages/airflow/example_dags/example_branch_labels.py took 0.059 seconds
[2024-02-25 20:37:53,395] {processor.py:153} INFO - Started process (PID=1959980) to work on /home/sheyla/Documents/Repositórios/airflowalura/venv/lib/python3.9/site-packages/airflow/example_dags/example_branch_labels.py
[2024-02-25 20:37:53,396] {processor.py:641} INFO - Processing file /home/sheyla/Documents/Repositórios/airflowalura/venv/lib/python3.9/site-packages/airflow/example_dags/example_branch_labels.py for tasks to queue
[2024-02-25 20:37:53,396] {logging_mixin.py:115} INFO - [2024-02-25 20:37:53,396] {dagbag.py:507} INFO - Filling up the DagBag from /home/sheyla/Documents/Repositórios/airflowalura/venv/lib/python3.9/site-packages/airflow/example_dags/example_branch_labels.py
[2024-02-25 20:37:53,401] {processor.py:651} INFO - DAG(s) dict_keys(['example_branch_labels']) retrieved from /home/sheyla/Documents/Repositórios/airflowalura/venv/lib/python3.9/site-packages/airflow/example_dags/example_branch_labels.py
[2024-02-25 20:37:53,416] {logging_mixin.py:115} INFO - [2024-02-25 20:37:53,416] {dag.py:2379} INFO - Sync 1 DAGs
[2024-02-25 20:37:53,432] {logging_mixin.py:115} INFO - [2024-02-25 20:37:53,432] {dag.py:2927} INFO - Setting next_dagrun for example_branch_labels to 2024-02-24T00:00:00+00:00, run_after=2024-02-25T00:00:00+00:00
[2024-02-25 20:37:53,445] {processor.py:161} INFO - Processing /home/sheyla/Documents/Repositórios/airflowalura/venv/lib/python3.9/site-packages/airflow/example_dags/example_branch_labels.py took 0.052 seconds
[2024-02-25 20:38:29,912] {processor.py:153} INFO - Started process (PID=1960352) to work on /home/sheyla/Documents/Repositórios/airflowalura/venv/lib/python3.9/site-packages/airflow/example_dags/example_branch_labels.py
[2024-02-25 20:38:29,914] {processor.py:641} INFO - Processing file /home/sheyla/Documents/Repositórios/airflowalura/venv/lib/python3.9/site-packages/airflow/example_dags/example_branch_labels.py for tasks to queue
[2024-02-25 20:38:29,916] {logging_mixin.py:115} INFO - [2024-02-25 20:38:29,915] {dagbag.py:507} INFO - Filling up the DagBag from /home/sheyla/Documents/Repositórios/airflowalura/venv/lib/python3.9/site-packages/airflow/example_dags/example_branch_labels.py
[2024-02-25 20:38:29,928] {processor.py:651} INFO - DAG(s) dict_keys(['example_branch_labels']) retrieved from /home/sheyla/Documents/Repositórios/airflowalura/venv/lib/python3.9/site-packages/airflow/example_dags/example_branch_labels.py
[2024-02-25 20:38:29,943] {logging_mixin.py:115} INFO - [2024-02-25 20:38:29,943] {dag.py:2379} INFO - Sync 1 DAGs
[2024-02-25 20:38:29,958] {logging_mixin.py:115} INFO - [2024-02-25 20:38:29,958] {dag.py:2927} INFO - Setting next_dagrun for example_branch_labels to 2024-02-24T00:00:00+00:00, run_after=2024-02-25T00:00:00+00:00
[2024-02-25 20:38:29,976] {processor.py:161} INFO - Processing /home/sheyla/Documents/Repositórios/airflowalura/venv/lib/python3.9/site-packages/airflow/example_dags/example_branch_labels.py took 0.071 seconds
[2024-02-25 20:39:01,845] {processor.py:153} INFO - Started process (PID=1960678) to work on /home/sheyla/Documents/Repositórios/airflowalura/venv/lib/python3.9/site-packages/airflow/example_dags/example_branch_labels.py
[2024-02-25 20:39:01,847] {processor.py:641} INFO - Processing file /home/sheyla/Documents/Repositórios/airflowalura/venv/lib/python3.9/site-packages/airflow/example_dags/example_branch_labels.py for tasks to queue
[2024-02-25 20:39:01,847] {logging_mixin.py:115} INFO - [2024-02-25 20:39:01,847] {dagbag.py:507} INFO - Filling up the DagBag from /home/sheyla/Documents/Repositórios/airflowalura/venv/lib/python3.9/site-packages/airflow/example_dags/example_branch_labels.py
[2024-02-25 20:39:01,856] {processor.py:651} INFO - DAG(s) dict_keys(['example_branch_labels']) retrieved from /home/sheyla/Documents/Repositórios/airflowalura/venv/lib/python3.9/site-packages/airflow/example_dags/example_branch_labels.py
[2024-02-25 20:39:01,872] {logging_mixin.py:115} INFO - [2024-02-25 20:39:01,872] {dag.py:2379} INFO - Sync 1 DAGs
[2024-02-25 20:39:01,888] {logging_mixin.py:115} INFO - [2024-02-25 20:39:01,887] {dag.py:2927} INFO - Setting next_dagrun for example_branch_labels to 2024-02-24T00:00:00+00:00, run_after=2024-02-25T00:00:00+00:00
[2024-02-25 20:39:01,904] {processor.py:161} INFO - Processing /home/sheyla/Documents/Repositórios/airflowalura/venv/lib/python3.9/site-packages/airflow/example_dags/example_branch_labels.py took 0.066 seconds
[2024-02-25 20:39:36,206] {processor.py:153} INFO - Started process (PID=1961034) to work on /home/sheyla/Documents/Repositórios/airflowalura/venv/lib/python3.9/site-packages/airflow/example_dags/example_branch_labels.py
[2024-02-25 20:39:36,212] {processor.py:641} INFO - Processing file /home/sheyla/Documents/Repositórios/airflowalura/venv/lib/python3.9/site-packages/airflow/example_dags/example_branch_labels.py for tasks to queue
[2024-02-25 20:39:36,213] {logging_mixin.py:115} INFO - [2024-02-25 20:39:36,213] {dagbag.py:507} INFO - Filling up the DagBag from /home/sheyla/Documents/Repositórios/airflowalura/venv/lib/python3.9/site-packages/airflow/example_dags/example_branch_labels.py
[2024-02-25 20:39:36,228] {processor.py:651} INFO - DAG(s) dict_keys(['example_branch_labels']) retrieved from /home/sheyla/Documents/Repositórios/airflowalura/venv/lib/python3.9/site-packages/airflow/example_dags/example_branch_labels.py
[2024-02-25 20:39:36,254] {logging_mixin.py:115} INFO - [2024-02-25 20:39:36,254] {dag.py:2379} INFO - Sync 1 DAGs
[2024-02-25 20:39:36,271] {logging_mixin.py:115} INFO - [2024-02-25 20:39:36,271] {dag.py:2927} INFO - Setting next_dagrun for example_branch_labels to 2024-02-24T00:00:00+00:00, run_after=2024-02-25T00:00:00+00:00
[2024-02-25 20:39:36,288] {processor.py:161} INFO - Processing /home/sheyla/Documents/Repositórios/airflowalura/venv/lib/python3.9/site-packages/airflow/example_dags/example_branch_labels.py took 0.089 seconds
[2024-02-25 20:40:11,070] {processor.py:153} INFO - Started process (PID=1961397) to work on /home/sheyla/Documents/Repositórios/airflowalura/venv/lib/python3.9/site-packages/airflow/example_dags/example_branch_labels.py
[2024-02-25 20:40:11,076] {processor.py:641} INFO - Processing file /home/sheyla/Documents/Repositórios/airflowalura/venv/lib/python3.9/site-packages/airflow/example_dags/example_branch_labels.py for tasks to queue
[2024-02-25 20:40:11,078] {logging_mixin.py:115} INFO - [2024-02-25 20:40:11,077] {dagbag.py:507} INFO - Filling up the DagBag from /home/sheyla/Documents/Repositórios/airflowalura/venv/lib/python3.9/site-packages/airflow/example_dags/example_branch_labels.py
[2024-02-25 20:40:11,092] {processor.py:651} INFO - DAG(s) dict_keys(['example_branch_labels']) retrieved from /home/sheyla/Documents/Repositórios/airflowalura/venv/lib/python3.9/site-packages/airflow/example_dags/example_branch_labels.py
[2024-02-25 20:40:11,110] {logging_mixin.py:115} INFO - [2024-02-25 20:40:11,110] {dag.py:2379} INFO - Sync 1 DAGs
[2024-02-25 20:40:11,126] {logging_mixin.py:115} INFO - [2024-02-25 20:40:11,126] {dag.py:2927} INFO - Setting next_dagrun for example_branch_labels to 2024-02-24T00:00:00+00:00, run_after=2024-02-25T00:00:00+00:00
[2024-02-25 20:40:11,139] {processor.py:161} INFO - Processing /home/sheyla/Documents/Repositórios/airflowalura/venv/lib/python3.9/site-packages/airflow/example_dags/example_branch_labels.py took 0.075 seconds
[2024-02-25 20:40:48,242] {processor.py:153} INFO - Started process (PID=1961781) to work on /home/sheyla/Documents/Repositórios/airflowalura/venv/lib/python3.9/site-packages/airflow/example_dags/example_branch_labels.py
[2024-02-25 20:40:48,247] {processor.py:641} INFO - Processing file /home/sheyla/Documents/Repositórios/airflowalura/venv/lib/python3.9/site-packages/airflow/example_dags/example_branch_labels.py for tasks to queue
[2024-02-25 20:40:48,248] {logging_mixin.py:115} INFO - [2024-02-25 20:40:48,248] {dagbag.py:507} INFO - Filling up the DagBag from /home/sheyla/Documents/Repositórios/airflowalura/venv/lib/python3.9/site-packages/airflow/example_dags/example_branch_labels.py
[2024-02-25 20:40:48,253] {processor.py:651} INFO - DAG(s) dict_keys(['example_branch_labels']) retrieved from /home/sheyla/Documents/Repositórios/airflowalura/venv/lib/python3.9/site-packages/airflow/example_dags/example_branch_labels.py
[2024-02-25 20:40:48,270] {logging_mixin.py:115} INFO - [2024-02-25 20:40:48,269] {dag.py:2379} INFO - Sync 1 DAGs
[2024-02-25 20:40:48,286] {logging_mixin.py:115} INFO - [2024-02-25 20:40:48,286] {dag.py:2927} INFO - Setting next_dagrun for example_branch_labels to 2024-02-24T00:00:00+00:00, run_after=2024-02-25T00:00:00+00:00
[2024-02-25 20:40:48,303] {processor.py:161} INFO - Processing /home/sheyla/Documents/Repositórios/airflowalura/venv/lib/python3.9/site-packages/airflow/example_dags/example_branch_labels.py took 0.063 seconds
[2024-02-25 20:41:20,098] {processor.py:153} INFO - Started process (PID=1962107) to work on /home/sheyla/Documents/Repositórios/airflowalura/venv/lib/python3.9/site-packages/airflow/example_dags/example_branch_labels.py
[2024-02-25 20:41:20,099] {processor.py:641} INFO - Processing file /home/sheyla/Documents/Repositórios/airflowalura/venv/lib/python3.9/site-packages/airflow/example_dags/example_branch_labels.py for tasks to queue
[2024-02-25 20:41:20,100] {logging_mixin.py:115} INFO - [2024-02-25 20:41:20,100] {dagbag.py:507} INFO - Filling up the DagBag from /home/sheyla/Documents/Repositórios/airflowalura/venv/lib/python3.9/site-packages/airflow/example_dags/example_branch_labels.py
[2024-02-25 20:41:20,115] {processor.py:651} INFO - DAG(s) dict_keys(['example_branch_labels']) retrieved from /home/sheyla/Documents/Repositórios/airflowalura/venv/lib/python3.9/site-packages/airflow/example_dags/example_branch_labels.py
[2024-02-25 20:41:20,135] {logging_mixin.py:115} INFO - [2024-02-25 20:41:20,134] {dag.py:2379} INFO - Sync 1 DAGs
[2024-02-25 20:41:20,150] {logging_mixin.py:115} INFO - [2024-02-25 20:41:20,150] {dag.py:2927} INFO - Setting next_dagrun for example_branch_labels to 2024-02-24T00:00:00+00:00, run_after=2024-02-25T00:00:00+00:00
[2024-02-25 20:41:20,168] {processor.py:161} INFO - Processing /home/sheyla/Documents/Repositórios/airflowalura/venv/lib/python3.9/site-packages/airflow/example_dags/example_branch_labels.py took 0.076 seconds
[2024-02-25 20:41:56,717] {processor.py:153} INFO - Started process (PID=1962511) to work on /home/sheyla/Documents/Repositórios/airflowalura/venv/lib/python3.9/site-packages/airflow/example_dags/example_branch_labels.py
[2024-02-25 20:41:56,723] {processor.py:641} INFO - Processing file /home/sheyla/Documents/Repositórios/airflowalura/venv/lib/python3.9/site-packages/airflow/example_dags/example_branch_labels.py for tasks to queue
[2024-02-25 20:41:56,724] {logging_mixin.py:115} INFO - [2024-02-25 20:41:56,724] {dagbag.py:507} INFO - Filling up the DagBag from /home/sheyla/Documents/Repositórios/airflowalura/venv/lib/python3.9/site-packages/airflow/example_dags/example_branch_labels.py
[2024-02-25 20:41:56,732] {processor.py:651} INFO - DAG(s) dict_keys(['example_branch_labels']) retrieved from /home/sheyla/Documents/Repositórios/airflowalura/venv/lib/python3.9/site-packages/airflow/example_dags/example_branch_labels.py
[2024-02-25 20:41:56,746] {logging_mixin.py:115} INFO - [2024-02-25 20:41:56,746] {dag.py:2379} INFO - Sync 1 DAGs
[2024-02-25 20:41:56,761] {logging_mixin.py:115} INFO - [2024-02-25 20:41:56,760] {dag.py:2927} INFO - Setting next_dagrun for example_branch_labels to 2024-02-24T00:00:00+00:00, run_after=2024-02-25T00:00:00+00:00
[2024-02-25 20:41:56,774] {processor.py:161} INFO - Processing /home/sheyla/Documents/Repositórios/airflowalura/venv/lib/python3.9/site-packages/airflow/example_dags/example_branch_labels.py took 0.064 seconds
[2024-02-25 20:42:33,241] {processor.py:153} INFO - Started process (PID=1962892) to work on /home/sheyla/Documents/Repositórios/airflowalura/venv/lib/python3.9/site-packages/airflow/example_dags/example_branch_labels.py
[2024-02-25 20:42:33,242] {processor.py:641} INFO - Processing file /home/sheyla/Documents/Repositórios/airflowalura/venv/lib/python3.9/site-packages/airflow/example_dags/example_branch_labels.py for tasks to queue
[2024-02-25 20:42:33,243] {logging_mixin.py:115} INFO - [2024-02-25 20:42:33,243] {dagbag.py:507} INFO - Filling up the DagBag from /home/sheyla/Documents/Repositórios/airflowalura/venv/lib/python3.9/site-packages/airflow/example_dags/example_branch_labels.py
[2024-02-25 20:42:33,258] {processor.py:651} INFO - DAG(s) dict_keys(['example_branch_labels']) retrieved from /home/sheyla/Documents/Repositórios/airflowalura/venv/lib/python3.9/site-packages/airflow/example_dags/example_branch_labels.py
[2024-02-25 20:42:33,277] {logging_mixin.py:115} INFO - [2024-02-25 20:42:33,277] {dag.py:2379} INFO - Sync 1 DAGs
[2024-02-25 20:42:33,292] {logging_mixin.py:115} INFO - [2024-02-25 20:42:33,292] {dag.py:2927} INFO - Setting next_dagrun for example_branch_labels to 2024-02-24T00:00:00+00:00, run_after=2024-02-25T00:00:00+00:00
[2024-02-25 20:42:33,304] {processor.py:161} INFO - Processing /home/sheyla/Documents/Repositórios/airflowalura/venv/lib/python3.9/site-packages/airflow/example_dags/example_branch_labels.py took 0.069 seconds
[2024-02-25 20:43:06,968] {processor.py:153} INFO - Started process (PID=1963229) to work on /home/sheyla/Documents/Repositórios/airflowalura/venv/lib/python3.9/site-packages/airflow/example_dags/example_branch_labels.py
[2024-02-25 20:43:06,974] {processor.py:641} INFO - Processing file /home/sheyla/Documents/Repositórios/airflowalura/venv/lib/python3.9/site-packages/airflow/example_dags/example_branch_labels.py for tasks to queue
[2024-02-25 20:43:06,976] {logging_mixin.py:115} INFO - [2024-02-25 20:43:06,976] {dagbag.py:507} INFO - Filling up the DagBag from /home/sheyla/Documents/Repositórios/airflowalura/venv/lib/python3.9/site-packages/airflow/example_dags/example_branch_labels.py
[2024-02-25 20:43:06,990] {processor.py:651} INFO - DAG(s) dict_keys(['example_branch_labels']) retrieved from /home/sheyla/Documents/Repositórios/airflowalura/venv/lib/python3.9/site-packages/airflow/example_dags/example_branch_labels.py
[2024-02-25 20:43:07,009] {logging_mixin.py:115} INFO - [2024-02-25 20:43:07,008] {dag.py:2379} INFO - Sync 1 DAGs
[2024-02-25 20:43:07,023] {logging_mixin.py:115} INFO - [2024-02-25 20:43:07,023] {dag.py:2927} INFO - Setting next_dagrun for example_branch_labels to 2024-02-24T00:00:00+00:00, run_after=2024-02-25T00:00:00+00:00
[2024-02-25 20:43:07,042] {processor.py:161} INFO - Processing /home/sheyla/Documents/Repositórios/airflowalura/venv/lib/python3.9/site-packages/airflow/example_dags/example_branch_labels.py took 0.080 seconds
[2024-02-25 20:43:37,876] {processor.py:153} INFO - Started process (PID=1963543) to work on /home/sheyla/Documents/Repositórios/airflowalura/venv/lib/python3.9/site-packages/airflow/example_dags/example_branch_labels.py
[2024-02-25 20:43:37,879] {processor.py:641} INFO - Processing file /home/sheyla/Documents/Repositórios/airflowalura/venv/lib/python3.9/site-packages/airflow/example_dags/example_branch_labels.py for tasks to queue
[2024-02-25 20:43:37,880] {logging_mixin.py:115} INFO - [2024-02-25 20:43:37,880] {dagbag.py:507} INFO - Filling up the DagBag from /home/sheyla/Documents/Repositórios/airflowalura/venv/lib/python3.9/site-packages/airflow/example_dags/example_branch_labels.py
[2024-02-25 20:43:37,884] {processor.py:651} INFO - DAG(s) dict_keys(['example_branch_labels']) retrieved from /home/sheyla/Documents/Repositórios/airflowalura/venv/lib/python3.9/site-packages/airflow/example_dags/example_branch_labels.py
[2024-02-25 20:43:37,897] {logging_mixin.py:115} INFO - [2024-02-25 20:43:37,897] {dag.py:2379} INFO - Sync 1 DAGs
[2024-02-25 20:43:37,913] {logging_mixin.py:115} INFO - [2024-02-25 20:43:37,913] {dag.py:2927} INFO - Setting next_dagrun for example_branch_labels to 2024-02-24T00:00:00+00:00, run_after=2024-02-25T00:00:00+00:00
[2024-02-25 20:43:37,925] {processor.py:161} INFO - Processing /home/sheyla/Documents/Repositórios/airflowalura/venv/lib/python3.9/site-packages/airflow/example_dags/example_branch_labels.py took 0.051 seconds
[2024-02-25 20:44:10,557] {processor.py:153} INFO - Started process (PID=1963882) to work on /home/sheyla/Documents/Repositórios/airflowalura/venv/lib/python3.9/site-packages/airflow/example_dags/example_branch_labels.py
[2024-02-25 20:44:10,563] {processor.py:641} INFO - Processing file /home/sheyla/Documents/Repositórios/airflowalura/venv/lib/python3.9/site-packages/airflow/example_dags/example_branch_labels.py for tasks to queue
[2024-02-25 20:44:10,563] {logging_mixin.py:115} INFO - [2024-02-25 20:44:10,563] {dagbag.py:507} INFO - Filling up the DagBag from /home/sheyla/Documents/Repositórios/airflowalura/venv/lib/python3.9/site-packages/airflow/example_dags/example_branch_labels.py
[2024-02-25 20:44:10,568] {processor.py:651} INFO - DAG(s) dict_keys(['example_branch_labels']) retrieved from /home/sheyla/Documents/Repositórios/airflowalura/venv/lib/python3.9/site-packages/airflow/example_dags/example_branch_labels.py
[2024-02-25 20:44:10,582] {logging_mixin.py:115} INFO - [2024-02-25 20:44:10,582] {dag.py:2379} INFO - Sync 1 DAGs
[2024-02-25 20:44:10,599] {logging_mixin.py:115} INFO - [2024-02-25 20:44:10,599] {dag.py:2927} INFO - Setting next_dagrun for example_branch_labels to 2024-02-24T00:00:00+00:00, run_after=2024-02-25T00:00:00+00:00
[2024-02-25 20:44:10,611] {processor.py:161} INFO - Processing /home/sheyla/Documents/Repositórios/airflowalura/venv/lib/python3.9/site-packages/airflow/example_dags/example_branch_labels.py took 0.056 seconds
[2024-02-25 20:44:46,212] {processor.py:153} INFO - Started process (PID=1964246) to work on /home/sheyla/Documents/Repositórios/airflowalura/venv/lib/python3.9/site-packages/airflow/example_dags/example_branch_labels.py
[2024-02-25 20:44:46,219] {processor.py:641} INFO - Processing file /home/sheyla/Documents/Repositórios/airflowalura/venv/lib/python3.9/site-packages/airflow/example_dags/example_branch_labels.py for tasks to queue
[2024-02-25 20:44:46,220] {logging_mixin.py:115} INFO - [2024-02-25 20:44:46,220] {dagbag.py:507} INFO - Filling up the DagBag from /home/sheyla/Documents/Repositórios/airflowalura/venv/lib/python3.9/site-packages/airflow/example_dags/example_branch_labels.py
[2024-02-25 20:44:46,235] {processor.py:651} INFO - DAG(s) dict_keys(['example_branch_labels']) retrieved from /home/sheyla/Documents/Repositórios/airflowalura/venv/lib/python3.9/site-packages/airflow/example_dags/example_branch_labels.py
[2024-02-25 20:44:46,256] {logging_mixin.py:115} INFO - [2024-02-25 20:44:46,256] {dag.py:2379} INFO - Sync 1 DAGs
[2024-02-25 20:44:46,271] {logging_mixin.py:115} INFO - [2024-02-25 20:44:46,271] {dag.py:2927} INFO - Setting next_dagrun for example_branch_labels to 2024-02-24T00:00:00+00:00, run_after=2024-02-25T00:00:00+00:00
[2024-02-25 20:44:46,290] {processor.py:161} INFO - Processing /home/sheyla/Documents/Repositórios/airflowalura/venv/lib/python3.9/site-packages/airflow/example_dags/example_branch_labels.py took 0.085 seconds
[2024-02-25 20:45:22,573] {processor.py:153} INFO - Started process (PID=1964624) to work on /home/sheyla/Documents/Repositórios/airflowalura/venv/lib/python3.9/site-packages/airflow/example_dags/example_branch_labels.py
[2024-02-25 20:45:22,579] {processor.py:641} INFO - Processing file /home/sheyla/Documents/Repositórios/airflowalura/venv/lib/python3.9/site-packages/airflow/example_dags/example_branch_labels.py for tasks to queue
[2024-02-25 20:45:22,581] {logging_mixin.py:115} INFO - [2024-02-25 20:45:22,581] {dagbag.py:507} INFO - Filling up the DagBag from /home/sheyla/Documents/Repositórios/airflowalura/venv/lib/python3.9/site-packages/airflow/example_dags/example_branch_labels.py
[2024-02-25 20:45:22,596] {processor.py:651} INFO - DAG(s) dict_keys(['example_branch_labels']) retrieved from /home/sheyla/Documents/Repositórios/airflowalura/venv/lib/python3.9/site-packages/airflow/example_dags/example_branch_labels.py
[2024-02-25 20:45:22,620] {logging_mixin.py:115} INFO - [2024-02-25 20:45:22,620] {dag.py:2379} INFO - Sync 1 DAGs
[2024-02-25 20:45:22,636] {logging_mixin.py:115} INFO - [2024-02-25 20:45:22,636] {dag.py:2927} INFO - Setting next_dagrun for example_branch_labels to 2024-02-24T00:00:00+00:00, run_after=2024-02-25T00:00:00+00:00
[2024-02-25 20:45:22,648] {processor.py:161} INFO - Processing /home/sheyla/Documents/Repositórios/airflowalura/venv/lib/python3.9/site-packages/airflow/example_dags/example_branch_labels.py took 0.078 seconds
[2024-02-25 20:45:55,753] {processor.py:153} INFO - Started process (PID=1964965) to work on /home/sheyla/Documents/Repositórios/airflowalura/venv/lib/python3.9/site-packages/airflow/example_dags/example_branch_labels.py
[2024-02-25 20:45:55,755] {processor.py:641} INFO - Processing file /home/sheyla/Documents/Repositórios/airflowalura/venv/lib/python3.9/site-packages/airflow/example_dags/example_branch_labels.py for tasks to queue
[2024-02-25 20:45:55,756] {logging_mixin.py:115} INFO - [2024-02-25 20:45:55,756] {dagbag.py:507} INFO - Filling up the DagBag from /home/sheyla/Documents/Repositórios/airflowalura/venv/lib/python3.9/site-packages/airflow/example_dags/example_branch_labels.py
[2024-02-25 20:45:55,770] {processor.py:651} INFO - DAG(s) dict_keys(['example_branch_labels']) retrieved from /home/sheyla/Documents/Repositórios/airflowalura/venv/lib/python3.9/site-packages/airflow/example_dags/example_branch_labels.py
[2024-02-25 20:45:55,787] {logging_mixin.py:115} INFO - [2024-02-25 20:45:55,787] {dag.py:2379} INFO - Sync 1 DAGs
[2024-02-25 20:45:55,802] {logging_mixin.py:115} INFO - [2024-02-25 20:45:55,802] {dag.py:2927} INFO - Setting next_dagrun for example_branch_labels to 2024-02-24T00:00:00+00:00, run_after=2024-02-25T00:00:00+00:00
[2024-02-25 20:45:55,822] {processor.py:161} INFO - Processing /home/sheyla/Documents/Repositórios/airflowalura/venv/lib/python3.9/site-packages/airflow/example_dags/example_branch_labels.py took 0.075 seconds
[2024-02-25 20:46:29,526] {processor.py:153} INFO - Started process (PID=1965315) to work on /home/sheyla/Documents/Repositórios/airflowalura/venv/lib/python3.9/site-packages/airflow/example_dags/example_branch_labels.py
[2024-02-25 20:46:29,532] {processor.py:641} INFO - Processing file /home/sheyla/Documents/Repositórios/airflowalura/venv/lib/python3.9/site-packages/airflow/example_dags/example_branch_labels.py for tasks to queue
[2024-02-25 20:46:29,532] {logging_mixin.py:115} INFO - [2024-02-25 20:46:29,532] {dagbag.py:507} INFO - Filling up the DagBag from /home/sheyla/Documents/Repositórios/airflowalura/venv/lib/python3.9/site-packages/airflow/example_dags/example_branch_labels.py
[2024-02-25 20:46:29,537] {processor.py:651} INFO - DAG(s) dict_keys(['example_branch_labels']) retrieved from /home/sheyla/Documents/Repositórios/airflowalura/venv/lib/python3.9/site-packages/airflow/example_dags/example_branch_labels.py
[2024-02-25 20:46:29,549] {logging_mixin.py:115} INFO - [2024-02-25 20:46:29,549] {dag.py:2379} INFO - Sync 1 DAGs
[2024-02-25 20:46:29,564] {logging_mixin.py:115} INFO - [2024-02-25 20:46:29,564] {dag.py:2927} INFO - Setting next_dagrun for example_branch_labels to 2024-02-24T00:00:00+00:00, run_after=2024-02-25T00:00:00+00:00
[2024-02-25 20:46:29,576] {processor.py:161} INFO - Processing /home/sheyla/Documents/Repositórios/airflowalura/venv/lib/python3.9/site-packages/airflow/example_dags/example_branch_labels.py took 0.052 seconds
[2024-02-25 20:47:04,432] {processor.py:153} INFO - Started process (PID=1965749) to work on /home/sheyla/Documents/Repositórios/airflowalura/venv/lib/python3.9/site-packages/airflow/example_dags/example_branch_labels.py
[2024-02-25 20:47:04,438] {processor.py:641} INFO - Processing file /home/sheyla/Documents/Repositórios/airflowalura/venv/lib/python3.9/site-packages/airflow/example_dags/example_branch_labels.py for tasks to queue
[2024-02-25 20:47:04,439] {logging_mixin.py:115} INFO - [2024-02-25 20:47:04,439] {dagbag.py:507} INFO - Filling up the DagBag from /home/sheyla/Documents/Repositórios/airflowalura/venv/lib/python3.9/site-packages/airflow/example_dags/example_branch_labels.py
[2024-02-25 20:47:04,454] {processor.py:651} INFO - DAG(s) dict_keys(['example_branch_labels']) retrieved from /home/sheyla/Documents/Repositórios/airflowalura/venv/lib/python3.9/site-packages/airflow/example_dags/example_branch_labels.py
[2024-02-25 20:47:04,480] {logging_mixin.py:115} INFO - [2024-02-25 20:47:04,480] {dag.py:2379} INFO - Sync 1 DAGs
[2024-02-25 20:47:04,498] {logging_mixin.py:115} INFO - [2024-02-25 20:47:04,498] {dag.py:2927} INFO - Setting next_dagrun for example_branch_labels to 2024-02-24T00:00:00+00:00, run_after=2024-02-25T00:00:00+00:00
[2024-02-25 20:47:04,511] {processor.py:161} INFO - Processing /home/sheyla/Documents/Repositórios/airflowalura/venv/lib/python3.9/site-packages/airflow/example_dags/example_branch_labels.py took 0.086 seconds
[2024-02-25 20:47:37,204] {processor.py:153} INFO - Started process (PID=1966257) to work on /home/sheyla/Documents/Repositórios/airflowalura/venv/lib/python3.9/site-packages/airflow/example_dags/example_branch_labels.py
[2024-02-25 20:47:37,209] {processor.py:641} INFO - Processing file /home/sheyla/Documents/Repositórios/airflowalura/venv/lib/python3.9/site-packages/airflow/example_dags/example_branch_labels.py for tasks to queue
[2024-02-25 20:47:37,210] {logging_mixin.py:115} INFO - [2024-02-25 20:47:37,210] {dagbag.py:507} INFO - Filling up the DagBag from /home/sheyla/Documents/Repositórios/airflowalura/venv/lib/python3.9/site-packages/airflow/example_dags/example_branch_labels.py
[2024-02-25 20:47:37,220] {processor.py:651} INFO - DAG(s) dict_keys(['example_branch_labels']) retrieved from /home/sheyla/Documents/Repositórios/airflowalura/venv/lib/python3.9/site-packages/airflow/example_dags/example_branch_labels.py
[2024-02-25 20:47:37,248] {logging_mixin.py:115} INFO - [2024-02-25 20:47:37,248] {dag.py:2379} INFO - Sync 1 DAGs
[2024-02-25 20:47:37,266] {logging_mixin.py:115} INFO - [2024-02-25 20:47:37,266] {dag.py:2927} INFO - Setting next_dagrun for example_branch_labels to 2024-02-24T00:00:00+00:00, run_after=2024-02-25T00:00:00+00:00
[2024-02-25 20:47:37,278] {processor.py:161} INFO - Processing /home/sheyla/Documents/Repositórios/airflowalura/venv/lib/python3.9/site-packages/airflow/example_dags/example_branch_labels.py took 0.076 seconds
[2024-02-25 20:48:11,043] {processor.py:153} INFO - Started process (PID=1966754) to work on /home/sheyla/Documents/Repositórios/airflowalura/venv/lib/python3.9/site-packages/airflow/example_dags/example_branch_labels.py
[2024-02-25 20:48:11,044] {processor.py:641} INFO - Processing file /home/sheyla/Documents/Repositórios/airflowalura/venv/lib/python3.9/site-packages/airflow/example_dags/example_branch_labels.py for tasks to queue
[2024-02-25 20:48:11,046] {logging_mixin.py:115} INFO - [2024-02-25 20:48:11,045] {dagbag.py:507} INFO - Filling up the DagBag from /home/sheyla/Documents/Repositórios/airflowalura/venv/lib/python3.9/site-packages/airflow/example_dags/example_branch_labels.py
[2024-02-25 20:48:11,059] {processor.py:651} INFO - DAG(s) dict_keys(['example_branch_labels']) retrieved from /home/sheyla/Documents/Repositórios/airflowalura/venv/lib/python3.9/site-packages/airflow/example_dags/example_branch_labels.py
[2024-02-25 20:48:11,076] {logging_mixin.py:115} INFO - [2024-02-25 20:48:11,076] {dag.py:2379} INFO - Sync 1 DAGs
[2024-02-25 20:48:11,093] {logging_mixin.py:115} INFO - [2024-02-25 20:48:11,093] {dag.py:2927} INFO - Setting next_dagrun for example_branch_labels to 2024-02-24T00:00:00+00:00, run_after=2024-02-25T00:00:00+00:00
[2024-02-25 20:48:11,106] {processor.py:161} INFO - Processing /home/sheyla/Documents/Repositórios/airflowalura/venv/lib/python3.9/site-packages/airflow/example_dags/example_branch_labels.py took 0.069 seconds
