[2024-02-25 20:33:44,761] {processor.py:153} INFO - Started process (PID=1957342) to work on /home/sheyla/Documents/Repositórios/airflowalura/venv/lib/python3.9/site-packages/airflow/example_dags/example_branch_python_dop_operator_3.py
[2024-02-25 20:33:44,762] {processor.py:641} INFO - Processing file /home/sheyla/Documents/Repositórios/airflowalura/venv/lib/python3.9/site-packages/airflow/example_dags/example_branch_python_dop_operator_3.py for tasks to queue
[2024-02-25 20:33:44,764] {logging_mixin.py:115} INFO - [2024-02-25 20:33:44,764] {dagbag.py:507} INFO - Filling up the DagBag from /home/sheyla/Documents/Repositórios/airflowalura/venv/lib/python3.9/site-packages/airflow/example_dags/example_branch_python_dop_operator_3.py
[2024-02-25 20:33:44,785] {processor.py:651} INFO - DAG(s) dict_keys(['example_branch_dop_operator_v3']) retrieved from /home/sheyla/Documents/Repositórios/airflowalura/venv/lib/python3.9/site-packages/airflow/example_dags/example_branch_python_dop_operator_3.py
[2024-02-25 20:33:44,800] {logging_mixin.py:115} INFO - [2024-02-25 20:33:44,800] {dag.py:2379} INFO - Sync 1 DAGs
[2024-02-25 20:33:44,817] {logging_mixin.py:115} INFO - [2024-02-25 20:33:44,817] {dag.py:2927} INFO - Setting next_dagrun for example_branch_dop_operator_v3 to 2024-02-25T23:32:00+00:00, run_after=2024-02-25T23:33:00+00:00
[2024-02-25 20:33:44,840] {processor.py:161} INFO - Processing /home/sheyla/Documents/Repositórios/airflowalura/venv/lib/python3.9/site-packages/airflow/example_dags/example_branch_python_dop_operator_3.py took 0.085 seconds
[2024-02-25 20:34:21,843] {processor.py:153} INFO - Started process (PID=1957785) to work on /home/sheyla/Documents/Repositórios/airflowalura/venv/lib/python3.9/site-packages/airflow/example_dags/example_branch_python_dop_operator_3.py
[2024-02-25 20:34:21,844] {processor.py:641} INFO - Processing file /home/sheyla/Documents/Repositórios/airflowalura/venv/lib/python3.9/site-packages/airflow/example_dags/example_branch_python_dop_operator_3.py for tasks to queue
[2024-02-25 20:34:21,844] {logging_mixin.py:115} INFO - [2024-02-25 20:34:21,844] {dagbag.py:507} INFO - Filling up the DagBag from /home/sheyla/Documents/Repositórios/airflowalura/venv/lib/python3.9/site-packages/airflow/example_dags/example_branch_python_dop_operator_3.py
[2024-02-25 20:34:21,854] {processor.py:651} INFO - DAG(s) dict_keys(['example_branch_dop_operator_v3']) retrieved from /home/sheyla/Documents/Repositórios/airflowalura/venv/lib/python3.9/site-packages/airflow/example_dags/example_branch_python_dop_operator_3.py
[2024-02-25 20:34:21,867] {logging_mixin.py:115} INFO - [2024-02-25 20:34:21,867] {dag.py:2379} INFO - Sync 1 DAGs
[2024-02-25 20:34:21,883] {logging_mixin.py:115} INFO - [2024-02-25 20:34:21,883] {dag.py:2927} INFO - Setting next_dagrun for example_branch_dop_operator_v3 to 2024-02-25T23:33:00+00:00, run_after=2024-02-25T23:34:00+00:00
[2024-02-25 20:34:21,900] {processor.py:161} INFO - Processing /home/sheyla/Documents/Repositórios/airflowalura/venv/lib/python3.9/site-packages/airflow/example_dags/example_branch_python_dop_operator_3.py took 0.059 seconds
[2024-02-25 20:34:58,378] {processor.py:153} INFO - Started process (PID=1958164) to work on /home/sheyla/Documents/Repositórios/airflowalura/venv/lib/python3.9/site-packages/airflow/example_dags/example_branch_python_dop_operator_3.py
[2024-02-25 20:34:58,383] {processor.py:641} INFO - Processing file /home/sheyla/Documents/Repositórios/airflowalura/venv/lib/python3.9/site-packages/airflow/example_dags/example_branch_python_dop_operator_3.py for tasks to queue
[2024-02-25 20:34:58,384] {logging_mixin.py:115} INFO - [2024-02-25 20:34:58,384] {dagbag.py:507} INFO - Filling up the DagBag from /home/sheyla/Documents/Repositórios/airflowalura/venv/lib/python3.9/site-packages/airflow/example_dags/example_branch_python_dop_operator_3.py
[2024-02-25 20:34:58,394] {processor.py:651} INFO - DAG(s) dict_keys(['example_branch_dop_operator_v3']) retrieved from /home/sheyla/Documents/Repositórios/airflowalura/venv/lib/python3.9/site-packages/airflow/example_dags/example_branch_python_dop_operator_3.py
[2024-02-25 20:34:58,412] {logging_mixin.py:115} INFO - [2024-02-25 20:34:58,411] {dag.py:2379} INFO - Sync 1 DAGs
[2024-02-25 20:34:58,432] {logging_mixin.py:115} INFO - [2024-02-25 20:34:58,432] {dag.py:2927} INFO - Setting next_dagrun for example_branch_dop_operator_v3 to 2024-02-25T23:33:00+00:00, run_after=2024-02-25T23:34:00+00:00
[2024-02-25 20:34:58,445] {processor.py:161} INFO - Processing /home/sheyla/Documents/Repositórios/airflowalura/venv/lib/python3.9/site-packages/airflow/example_dags/example_branch_python_dop_operator_3.py took 0.069 seconds
[2024-02-25 20:35:35,352] {processor.py:153} INFO - Started process (PID=1958536) to work on /home/sheyla/Documents/Repositórios/airflowalura/venv/lib/python3.9/site-packages/airflow/example_dags/example_branch_python_dop_operator_3.py
[2024-02-25 20:35:35,358] {processor.py:641} INFO - Processing file /home/sheyla/Documents/Repositórios/airflowalura/venv/lib/python3.9/site-packages/airflow/example_dags/example_branch_python_dop_operator_3.py for tasks to queue
[2024-02-25 20:35:35,358] {logging_mixin.py:115} INFO - [2024-02-25 20:35:35,358] {dagbag.py:507} INFO - Filling up the DagBag from /home/sheyla/Documents/Repositórios/airflowalura/venv/lib/python3.9/site-packages/airflow/example_dags/example_branch_python_dop_operator_3.py
[2024-02-25 20:35:35,367] {processor.py:651} INFO - DAG(s) dict_keys(['example_branch_dop_operator_v3']) retrieved from /home/sheyla/Documents/Repositórios/airflowalura/venv/lib/python3.9/site-packages/airflow/example_dags/example_branch_python_dop_operator_3.py
[2024-02-25 20:35:35,382] {logging_mixin.py:115} INFO - [2024-02-25 20:35:35,382] {dag.py:2379} INFO - Sync 1 DAGs
[2024-02-25 20:35:35,401] {logging_mixin.py:115} INFO - [2024-02-25 20:35:35,400] {dag.py:2927} INFO - Setting next_dagrun for example_branch_dop_operator_v3 to 2024-02-25T23:34:00+00:00, run_after=2024-02-25T23:35:00+00:00
[2024-02-25 20:35:35,414] {processor.py:161} INFO - Processing /home/sheyla/Documents/Repositórios/airflowalura/venv/lib/python3.9/site-packages/airflow/example_dags/example_branch_python_dop_operator_3.py took 0.064 seconds
[2024-02-25 20:36:11,367] {processor.py:153} INFO - Started process (PID=1958905) to work on /home/sheyla/Documents/Repositórios/airflowalura/venv/lib/python3.9/site-packages/airflow/example_dags/example_branch_python_dop_operator_3.py
[2024-02-25 20:36:11,368] {processor.py:641} INFO - Processing file /home/sheyla/Documents/Repositórios/airflowalura/venv/lib/python3.9/site-packages/airflow/example_dags/example_branch_python_dop_operator_3.py for tasks to queue
[2024-02-25 20:36:11,369] {logging_mixin.py:115} INFO - [2024-02-25 20:36:11,369] {dagbag.py:507} INFO - Filling up the DagBag from /home/sheyla/Documents/Repositórios/airflowalura/venv/lib/python3.9/site-packages/airflow/example_dags/example_branch_python_dop_operator_3.py
[2024-02-25 20:36:11,388] {processor.py:651} INFO - DAG(s) dict_keys(['example_branch_dop_operator_v3']) retrieved from /home/sheyla/Documents/Repositórios/airflowalura/venv/lib/python3.9/site-packages/airflow/example_dags/example_branch_python_dop_operator_3.py
[2024-02-25 20:36:11,407] {logging_mixin.py:115} INFO - [2024-02-25 20:36:11,407] {dag.py:2379} INFO - Sync 1 DAGs
[2024-02-25 20:36:11,429] {logging_mixin.py:115} INFO - [2024-02-25 20:36:11,428] {dag.py:2927} INFO - Setting next_dagrun for example_branch_dop_operator_v3 to 2024-02-25T23:35:00+00:00, run_after=2024-02-25T23:36:00+00:00
[2024-02-25 20:36:11,441] {processor.py:161} INFO - Processing /home/sheyla/Documents/Repositórios/airflowalura/venv/lib/python3.9/site-packages/airflow/example_dags/example_branch_python_dop_operator_3.py took 0.079 seconds
[2024-02-25 20:36:48,187] {processor.py:153} INFO - Started process (PID=1959314) to work on /home/sheyla/Documents/Repositórios/airflowalura/venv/lib/python3.9/site-packages/airflow/example_dags/example_branch_python_dop_operator_3.py
[2024-02-25 20:36:48,192] {processor.py:641} INFO - Processing file /home/sheyla/Documents/Repositórios/airflowalura/venv/lib/python3.9/site-packages/airflow/example_dags/example_branch_python_dop_operator_3.py for tasks to queue
[2024-02-25 20:36:48,192] {logging_mixin.py:115} INFO - [2024-02-25 20:36:48,192] {dagbag.py:507} INFO - Filling up the DagBag from /home/sheyla/Documents/Repositórios/airflowalura/venv/lib/python3.9/site-packages/airflow/example_dags/example_branch_python_dop_operator_3.py
[2024-02-25 20:36:48,200] {processor.py:651} INFO - DAG(s) dict_keys(['example_branch_dop_operator_v3']) retrieved from /home/sheyla/Documents/Repositórios/airflowalura/venv/lib/python3.9/site-packages/airflow/example_dags/example_branch_python_dop_operator_3.py
[2024-02-25 20:36:48,214] {logging_mixin.py:115} INFO - [2024-02-25 20:36:48,214] {dag.py:2379} INFO - Sync 1 DAGs
[2024-02-25 20:36:48,232] {logging_mixin.py:115} INFO - [2024-02-25 20:36:48,232] {dag.py:2927} INFO - Setting next_dagrun for example_branch_dop_operator_v3 to 2024-02-25T23:35:00+00:00, run_after=2024-02-25T23:36:00+00:00
[2024-02-25 20:36:48,252] {processor.py:161} INFO - Processing /home/sheyla/Documents/Repositórios/airflowalura/venv/lib/python3.9/site-packages/airflow/example_dags/example_branch_python_dop_operator_3.py took 0.068 seconds
[2024-02-25 20:37:22,379] {processor.py:153} INFO - Started process (PID=1959661) to work on /home/sheyla/Documents/Repositórios/airflowalura/venv/lib/python3.9/site-packages/airflow/example_dags/example_branch_python_dop_operator_3.py
[2024-02-25 20:37:22,380] {processor.py:641} INFO - Processing file /home/sheyla/Documents/Repositórios/airflowalura/venv/lib/python3.9/site-packages/airflow/example_dags/example_branch_python_dop_operator_3.py for tasks to queue
[2024-02-25 20:37:22,380] {logging_mixin.py:115} INFO - [2024-02-25 20:37:22,380] {dagbag.py:507} INFO - Filling up the DagBag from /home/sheyla/Documents/Repositórios/airflowalura/venv/lib/python3.9/site-packages/airflow/example_dags/example_branch_python_dop_operator_3.py
[2024-02-25 20:37:22,390] {processor.py:651} INFO - DAG(s) dict_keys(['example_branch_dop_operator_v3']) retrieved from /home/sheyla/Documents/Repositórios/airflowalura/venv/lib/python3.9/site-packages/airflow/example_dags/example_branch_python_dop_operator_3.py
[2024-02-25 20:37:22,402] {logging_mixin.py:115} INFO - [2024-02-25 20:37:22,402] {dag.py:2379} INFO - Sync 1 DAGs
[2024-02-25 20:37:22,418] {logging_mixin.py:115} INFO - [2024-02-25 20:37:22,418] {dag.py:2927} INFO - Setting next_dagrun for example_branch_dop_operator_v3 to 2024-02-25T23:36:00+00:00, run_after=2024-02-25T23:37:00+00:00
[2024-02-25 20:37:22,438] {processor.py:161} INFO - Processing /home/sheyla/Documents/Repositórios/airflowalura/venv/lib/python3.9/site-packages/airflow/example_dags/example_branch_python_dop_operator_3.py took 0.063 seconds
[2024-02-25 20:37:57,238] {processor.py:153} INFO - Started process (PID=1960013) to work on /home/sheyla/Documents/Repositórios/airflowalura/venv/lib/python3.9/site-packages/airflow/example_dags/example_branch_python_dop_operator_3.py
[2024-02-25 20:37:57,244] {processor.py:641} INFO - Processing file /home/sheyla/Documents/Repositórios/airflowalura/venv/lib/python3.9/site-packages/airflow/example_dags/example_branch_python_dop_operator_3.py for tasks to queue
[2024-02-25 20:37:57,244] {logging_mixin.py:115} INFO - [2024-02-25 20:37:57,244] {dagbag.py:507} INFO - Filling up the DagBag from /home/sheyla/Documents/Repositórios/airflowalura/venv/lib/python3.9/site-packages/airflow/example_dags/example_branch_python_dop_operator_3.py
[2024-02-25 20:37:57,258] {processor.py:651} INFO - DAG(s) dict_keys(['example_branch_dop_operator_v3']) retrieved from /home/sheyla/Documents/Repositórios/airflowalura/venv/lib/python3.9/site-packages/airflow/example_dags/example_branch_python_dop_operator_3.py
[2024-02-25 20:37:57,277] {logging_mixin.py:115} INFO - [2024-02-25 20:37:57,277] {dag.py:2379} INFO - Sync 1 DAGs
[2024-02-25 20:37:57,297] {logging_mixin.py:115} INFO - [2024-02-25 20:37:57,297] {dag.py:2927} INFO - Setting next_dagrun for example_branch_dop_operator_v3 to 2024-02-25T23:36:00+00:00, run_after=2024-02-25T23:37:00+00:00
[2024-02-25 20:37:57,311] {processor.py:161} INFO - Processing /home/sheyla/Documents/Repositórios/airflowalura/venv/lib/python3.9/site-packages/airflow/example_dags/example_branch_python_dop_operator_3.py took 0.075 seconds
[2024-02-25 20:38:33,355] {processor.py:153} INFO - Started process (PID=1960388) to work on /home/sheyla/Documents/Repositórios/airflowalura/venv/lib/python3.9/site-packages/airflow/example_dags/example_branch_python_dop_operator_3.py
[2024-02-25 20:38:33,361] {processor.py:641} INFO - Processing file /home/sheyla/Documents/Repositórios/airflowalura/venv/lib/python3.9/site-packages/airflow/example_dags/example_branch_python_dop_operator_3.py for tasks to queue
[2024-02-25 20:38:33,363] {logging_mixin.py:115} INFO - [2024-02-25 20:38:33,362] {dagbag.py:507} INFO - Filling up the DagBag from /home/sheyla/Documents/Repositórios/airflowalura/venv/lib/python3.9/site-packages/airflow/example_dags/example_branch_python_dop_operator_3.py
[2024-02-25 20:38:33,383] {processor.py:651} INFO - DAG(s) dict_keys(['example_branch_dop_operator_v3']) retrieved from /home/sheyla/Documents/Repositórios/airflowalura/venv/lib/python3.9/site-packages/airflow/example_dags/example_branch_python_dop_operator_3.py
[2024-02-25 20:38:33,399] {logging_mixin.py:115} INFO - [2024-02-25 20:38:33,399] {dag.py:2379} INFO - Sync 1 DAGs
[2024-02-25 20:38:33,417] {logging_mixin.py:115} INFO - [2024-02-25 20:38:33,417] {dag.py:2927} INFO - Setting next_dagrun for example_branch_dop_operator_v3 to 2024-02-25T23:37:00+00:00, run_after=2024-02-25T23:38:00+00:00
[2024-02-25 20:38:33,435] {processor.py:161} INFO - Processing /home/sheyla/Documents/Repositórios/airflowalura/venv/lib/python3.9/site-packages/airflow/example_dags/example_branch_python_dop_operator_3.py took 0.087 seconds
[2024-02-25 20:39:06,989] {processor.py:153} INFO - Started process (PID=1960733) to work on /home/sheyla/Documents/Repositórios/airflowalura/venv/lib/python3.9/site-packages/airflow/example_dags/example_branch_python_dop_operator_3.py
[2024-02-25 20:39:06,998] {processor.py:641} INFO - Processing file /home/sheyla/Documents/Repositórios/airflowalura/venv/lib/python3.9/site-packages/airflow/example_dags/example_branch_python_dop_operator_3.py for tasks to queue
[2024-02-25 20:39:06,999] {logging_mixin.py:115} INFO - [2024-02-25 20:39:06,999] {dagbag.py:507} INFO - Filling up the DagBag from /home/sheyla/Documents/Repositórios/airflowalura/venv/lib/python3.9/site-packages/airflow/example_dags/example_branch_python_dop_operator_3.py
[2024-02-25 20:39:07,009] {processor.py:651} INFO - DAG(s) dict_keys(['example_branch_dop_operator_v3']) retrieved from /home/sheyla/Documents/Repositórios/airflowalura/venv/lib/python3.9/site-packages/airflow/example_dags/example_branch_python_dop_operator_3.py
[2024-02-25 20:39:07,019] {logging_mixin.py:115} INFO - [2024-02-25 20:39:07,019] {dag.py:2379} INFO - Sync 1 DAGs
[2024-02-25 20:39:07,034] {logging_mixin.py:115} INFO - [2024-02-25 20:39:07,034] {dag.py:2927} INFO - Setting next_dagrun for example_branch_dop_operator_v3 to 2024-02-25T23:38:00+00:00, run_after=2024-02-25T23:39:00+00:00
[2024-02-25 20:39:07,051] {processor.py:161} INFO - Processing /home/sheyla/Documents/Repositórios/airflowalura/venv/lib/python3.9/site-packages/airflow/example_dags/example_branch_python_dop_operator_3.py took 0.066 seconds
[2024-02-25 20:39:43,060] {processor.py:153} INFO - Started process (PID=1961110) to work on /home/sheyla/Documents/Repositórios/airflowalura/venv/lib/python3.9/site-packages/airflow/example_dags/example_branch_python_dop_operator_3.py
[2024-02-25 20:39:43,061] {processor.py:641} INFO - Processing file /home/sheyla/Documents/Repositórios/airflowalura/venv/lib/python3.9/site-packages/airflow/example_dags/example_branch_python_dop_operator_3.py for tasks to queue
[2024-02-25 20:39:43,062] {logging_mixin.py:115} INFO - [2024-02-25 20:39:43,062] {dagbag.py:507} INFO - Filling up the DagBag from /home/sheyla/Documents/Repositórios/airflowalura/venv/lib/python3.9/site-packages/airflow/example_dags/example_branch_python_dop_operator_3.py
[2024-02-25 20:39:43,081] {processor.py:651} INFO - DAG(s) dict_keys(['example_branch_dop_operator_v3']) retrieved from /home/sheyla/Documents/Repositórios/airflowalura/venv/lib/python3.9/site-packages/airflow/example_dags/example_branch_python_dop_operator_3.py
[2024-02-25 20:39:43,098] {logging_mixin.py:115} INFO - [2024-02-25 20:39:43,098] {dag.py:2379} INFO - Sync 1 DAGs
[2024-02-25 20:39:43,116] {logging_mixin.py:115} INFO - [2024-02-25 20:39:43,116] {dag.py:2927} INFO - Setting next_dagrun for example_branch_dop_operator_v3 to 2024-02-25T23:38:00+00:00, run_after=2024-02-25T23:39:00+00:00
[2024-02-25 20:39:43,128] {processor.py:161} INFO - Processing /home/sheyla/Documents/Repositórios/airflowalura/venv/lib/python3.9/site-packages/airflow/example_dags/example_branch_python_dop_operator_3.py took 0.075 seconds
[2024-02-25 20:40:16,182] {processor.py:153} INFO - Started process (PID=1961450) to work on /home/sheyla/Documents/Repositórios/airflowalura/venv/lib/python3.9/site-packages/airflow/example_dags/example_branch_python_dop_operator_3.py
[2024-02-25 20:40:16,185] {processor.py:641} INFO - Processing file /home/sheyla/Documents/Repositórios/airflowalura/venv/lib/python3.9/site-packages/airflow/example_dags/example_branch_python_dop_operator_3.py for tasks to queue
[2024-02-25 20:40:16,186] {logging_mixin.py:115} INFO - [2024-02-25 20:40:16,186] {dagbag.py:507} INFO - Filling up the DagBag from /home/sheyla/Documents/Repositórios/airflowalura/venv/lib/python3.9/site-packages/airflow/example_dags/example_branch_python_dop_operator_3.py
[2024-02-25 20:40:16,195] {processor.py:651} INFO - DAG(s) dict_keys(['example_branch_dop_operator_v3']) retrieved from /home/sheyla/Documents/Repositórios/airflowalura/venv/lib/python3.9/site-packages/airflow/example_dags/example_branch_python_dop_operator_3.py
[2024-02-25 20:40:16,210] {logging_mixin.py:115} INFO - [2024-02-25 20:40:16,210] {dag.py:2379} INFO - Sync 1 DAGs
[2024-02-25 20:40:16,228] {logging_mixin.py:115} INFO - [2024-02-25 20:40:16,228] {dag.py:2927} INFO - Setting next_dagrun for example_branch_dop_operator_v3 to 2024-02-25T23:39:00+00:00, run_after=2024-02-25T23:40:00+00:00
[2024-02-25 20:40:16,247] {processor.py:161} INFO - Processing /home/sheyla/Documents/Repositórios/airflowalura/venv/lib/python3.9/site-packages/airflow/example_dags/example_branch_python_dop_operator_3.py took 0.068 seconds
[2024-02-25 20:40:51,099] {processor.py:153} INFO - Started process (PID=1961806) to work on /home/sheyla/Documents/Repositórios/airflowalura/venv/lib/python3.9/site-packages/airflow/example_dags/example_branch_python_dop_operator_3.py
[2024-02-25 20:40:51,100] {processor.py:641} INFO - Processing file /home/sheyla/Documents/Repositórios/airflowalura/venv/lib/python3.9/site-packages/airflow/example_dags/example_branch_python_dop_operator_3.py for tasks to queue
[2024-02-25 20:40:51,100] {logging_mixin.py:115} INFO - [2024-02-25 20:40:51,100] {dagbag.py:507} INFO - Filling up the DagBag from /home/sheyla/Documents/Repositórios/airflowalura/venv/lib/python3.9/site-packages/airflow/example_dags/example_branch_python_dop_operator_3.py
[2024-02-25 20:40:51,110] {processor.py:651} INFO - DAG(s) dict_keys(['example_branch_dop_operator_v3']) retrieved from /home/sheyla/Documents/Repositórios/airflowalura/venv/lib/python3.9/site-packages/airflow/example_dags/example_branch_python_dop_operator_3.py
[2024-02-25 20:40:51,124] {logging_mixin.py:115} INFO - [2024-02-25 20:40:51,124] {dag.py:2379} INFO - Sync 1 DAGs
[2024-02-25 20:40:51,140] {logging_mixin.py:115} INFO - [2024-02-25 20:40:51,140] {dag.py:2927} INFO - Setting next_dagrun for example_branch_dop_operator_v3 to 2024-02-25T23:39:00+00:00, run_after=2024-02-25T23:40:00+00:00
[2024-02-25 20:40:51,160] {processor.py:161} INFO - Processing /home/sheyla/Documents/Repositórios/airflowalura/venv/lib/python3.9/site-packages/airflow/example_dags/example_branch_python_dop_operator_3.py took 0.064 seconds
[2024-02-25 20:41:28,134] {processor.py:153} INFO - Started process (PID=1962199) to work on /home/sheyla/Documents/Repositórios/airflowalura/venv/lib/python3.9/site-packages/airflow/example_dags/example_branch_python_dop_operator_3.py
[2024-02-25 20:41:28,140] {processor.py:641} INFO - Processing file /home/sheyla/Documents/Repositórios/airflowalura/venv/lib/python3.9/site-packages/airflow/example_dags/example_branch_python_dop_operator_3.py for tasks to queue
[2024-02-25 20:41:28,140] {logging_mixin.py:115} INFO - [2024-02-25 20:41:28,140] {dagbag.py:507} INFO - Filling up the DagBag from /home/sheyla/Documents/Repositórios/airflowalura/venv/lib/python3.9/site-packages/airflow/example_dags/example_branch_python_dop_operator_3.py
[2024-02-25 20:41:28,149] {processor.py:651} INFO - DAG(s) dict_keys(['example_branch_dop_operator_v3']) retrieved from /home/sheyla/Documents/Repositórios/airflowalura/venv/lib/python3.9/site-packages/airflow/example_dags/example_branch_python_dop_operator_3.py
[2024-02-25 20:41:28,161] {logging_mixin.py:115} INFO - [2024-02-25 20:41:28,161] {dag.py:2379} INFO - Sync 1 DAGs
[2024-02-25 20:41:28,177] {logging_mixin.py:115} INFO - [2024-02-25 20:41:28,177] {dag.py:2927} INFO - Setting next_dagrun for example_branch_dop_operator_v3 to 2024-02-25T23:40:00+00:00, run_after=2024-02-25T23:41:00+00:00
[2024-02-25 20:41:28,189] {processor.py:161} INFO - Processing /home/sheyla/Documents/Repositórios/airflowalura/venv/lib/python3.9/site-packages/airflow/example_dags/example_branch_python_dop_operator_3.py took 0.056 seconds
[2024-02-25 20:42:05,078] {processor.py:153} INFO - Started process (PID=1962598) to work on /home/sheyla/Documents/Repositórios/airflowalura/venv/lib/python3.9/site-packages/airflow/example_dags/example_branch_python_dop_operator_3.py
[2024-02-25 20:42:05,080] {processor.py:641} INFO - Processing file /home/sheyla/Documents/Repositórios/airflowalura/venv/lib/python3.9/site-packages/airflow/example_dags/example_branch_python_dop_operator_3.py for tasks to queue
[2024-02-25 20:42:05,080] {logging_mixin.py:115} INFO - [2024-02-25 20:42:05,080] {dagbag.py:507} INFO - Filling up the DagBag from /home/sheyla/Documents/Repositórios/airflowalura/venv/lib/python3.9/site-packages/airflow/example_dags/example_branch_python_dop_operator_3.py
[2024-02-25 20:42:05,091] {processor.py:651} INFO - DAG(s) dict_keys(['example_branch_dop_operator_v3']) retrieved from /home/sheyla/Documents/Repositórios/airflowalura/venv/lib/python3.9/site-packages/airflow/example_dags/example_branch_python_dop_operator_3.py
[2024-02-25 20:42:05,109] {logging_mixin.py:115} INFO - [2024-02-25 20:42:05,109] {dag.py:2379} INFO - Sync 1 DAGs
[2024-02-25 20:42:05,128] {logging_mixin.py:115} INFO - [2024-02-25 20:42:05,128] {dag.py:2927} INFO - Setting next_dagrun for example_branch_dop_operator_v3 to 2024-02-25T23:41:00+00:00, run_after=2024-02-25T23:42:00+00:00
[2024-02-25 20:42:05,140] {processor.py:161} INFO - Processing /home/sheyla/Documents/Repositórios/airflowalura/venv/lib/python3.9/site-packages/airflow/example_dags/example_branch_python_dop_operator_3.py took 0.065 seconds
[2024-02-25 20:42:42,316] {processor.py:153} INFO - Started process (PID=1962976) to work on /home/sheyla/Documents/Repositórios/airflowalura/venv/lib/python3.9/site-packages/airflow/example_dags/example_branch_python_dop_operator_3.py
[2024-02-25 20:42:42,322] {processor.py:641} INFO - Processing file /home/sheyla/Documents/Repositórios/airflowalura/venv/lib/python3.9/site-packages/airflow/example_dags/example_branch_python_dop_operator_3.py for tasks to queue
[2024-02-25 20:42:42,323] {logging_mixin.py:115} INFO - [2024-02-25 20:42:42,323] {dagbag.py:507} INFO - Filling up the DagBag from /home/sheyla/Documents/Repositórios/airflowalura/venv/lib/python3.9/site-packages/airflow/example_dags/example_branch_python_dop_operator_3.py
[2024-02-25 20:42:42,344] {processor.py:651} INFO - DAG(s) dict_keys(['example_branch_dop_operator_v3']) retrieved from /home/sheyla/Documents/Repositórios/airflowalura/venv/lib/python3.9/site-packages/airflow/example_dags/example_branch_python_dop_operator_3.py
[2024-02-25 20:42:42,359] {logging_mixin.py:115} INFO - [2024-02-25 20:42:42,359] {dag.py:2379} INFO - Sync 1 DAGs
[2024-02-25 20:42:42,376] {logging_mixin.py:115} INFO - [2024-02-25 20:42:42,376] {dag.py:2927} INFO - Setting next_dagrun for example_branch_dop_operator_v3 to 2024-02-25T23:41:00+00:00, run_after=2024-02-25T23:42:00+00:00
[2024-02-25 20:42:42,395] {processor.py:161} INFO - Processing /home/sheyla/Documents/Repositórios/airflowalura/venv/lib/python3.9/site-packages/airflow/example_dags/example_branch_python_dop_operator_3.py took 0.086 seconds
[2024-02-25 20:43:14,153] {processor.py:153} INFO - Started process (PID=1963308) to work on /home/sheyla/Documents/Repositórios/airflowalura/venv/lib/python3.9/site-packages/airflow/example_dags/example_branch_python_dop_operator_3.py
[2024-02-25 20:43:14,159] {processor.py:641} INFO - Processing file /home/sheyla/Documents/Repositórios/airflowalura/venv/lib/python3.9/site-packages/airflow/example_dags/example_branch_python_dop_operator_3.py for tasks to queue
[2024-02-25 20:43:14,159] {logging_mixin.py:115} INFO - [2024-02-25 20:43:14,159] {dagbag.py:507} INFO - Filling up the DagBag from /home/sheyla/Documents/Repositórios/airflowalura/venv/lib/python3.9/site-packages/airflow/example_dags/example_branch_python_dop_operator_3.py
[2024-02-25 20:43:14,168] {processor.py:651} INFO - DAG(s) dict_keys(['example_branch_dop_operator_v3']) retrieved from /home/sheyla/Documents/Repositórios/airflowalura/venv/lib/python3.9/site-packages/airflow/example_dags/example_branch_python_dop_operator_3.py
[2024-02-25 20:43:14,180] {logging_mixin.py:115} INFO - [2024-02-25 20:43:14,180] {dag.py:2379} INFO - Sync 1 DAGs
[2024-02-25 20:43:14,196] {logging_mixin.py:115} INFO - [2024-02-25 20:43:14,196] {dag.py:2927} INFO - Setting next_dagrun for example_branch_dop_operator_v3 to 2024-02-25T23:42:00+00:00, run_after=2024-02-25T23:43:00+00:00
[2024-02-25 20:43:14,209] {processor.py:161} INFO - Processing /home/sheyla/Documents/Repositórios/airflowalura/venv/lib/python3.9/site-packages/airflow/example_dags/example_branch_python_dop_operator_3.py took 0.060 seconds
[2024-02-25 20:43:48,202] {processor.py:153} INFO - Started process (PID=1963656) to work on /home/sheyla/Documents/Repositórios/airflowalura/venv/lib/python3.9/site-packages/airflow/example_dags/example_branch_python_dop_operator_3.py
[2024-02-25 20:43:48,206] {processor.py:641} INFO - Processing file /home/sheyla/Documents/Repositórios/airflowalura/venv/lib/python3.9/site-packages/airflow/example_dags/example_branch_python_dop_operator_3.py for tasks to queue
[2024-02-25 20:43:48,206] {logging_mixin.py:115} INFO - [2024-02-25 20:43:48,206] {dagbag.py:507} INFO - Filling up the DagBag from /home/sheyla/Documents/Repositórios/airflowalura/venv/lib/python3.9/site-packages/airflow/example_dags/example_branch_python_dop_operator_3.py
[2024-02-25 20:43:48,216] {processor.py:651} INFO - DAG(s) dict_keys(['example_branch_dop_operator_v3']) retrieved from /home/sheyla/Documents/Repositórios/airflowalura/venv/lib/python3.9/site-packages/airflow/example_dags/example_branch_python_dop_operator_3.py
[2024-02-25 20:43:48,231] {logging_mixin.py:115} INFO - [2024-02-25 20:43:48,231] {dag.py:2379} INFO - Sync 1 DAGs
[2024-02-25 20:43:48,250] {logging_mixin.py:115} INFO - [2024-02-25 20:43:48,250] {dag.py:2927} INFO - Setting next_dagrun for example_branch_dop_operator_v3 to 2024-02-25T23:42:00+00:00, run_after=2024-02-25T23:43:00+00:00
[2024-02-25 20:43:48,268] {processor.py:161} INFO - Processing /home/sheyla/Documents/Repositórios/airflowalura/venv/lib/python3.9/site-packages/airflow/example_dags/example_branch_python_dop_operator_3.py took 0.067 seconds
[2024-02-25 20:44:28,208] {processor.py:153} INFO - Started process (PID=1964068) to work on /home/sheyla/Documents/Repositórios/airflowalura/venv/lib/python3.9/site-packages/airflow/example_dags/example_branch_python_dop_operator_3.py
[2024-02-25 20:44:28,214] {processor.py:641} INFO - Processing file /home/sheyla/Documents/Repositórios/airflowalura/venv/lib/python3.9/site-packages/airflow/example_dags/example_branch_python_dop_operator_3.py for tasks to queue
[2024-02-25 20:44:28,215] {logging_mixin.py:115} INFO - [2024-02-25 20:44:28,215] {dagbag.py:507} INFO - Filling up the DagBag from /home/sheyla/Documents/Repositórios/airflowalura/venv/lib/python3.9/site-packages/airflow/example_dags/example_branch_python_dop_operator_3.py
[2024-02-25 20:44:28,236] {processor.py:651} INFO - DAG(s) dict_keys(['example_branch_dop_operator_v3']) retrieved from /home/sheyla/Documents/Repositórios/airflowalura/venv/lib/python3.9/site-packages/airflow/example_dags/example_branch_python_dop_operator_3.py
[2024-02-25 20:44:28,251] {logging_mixin.py:115} INFO - [2024-02-25 20:44:28,251] {dag.py:2379} INFO - Sync 1 DAGs
[2024-02-25 20:44:28,268] {logging_mixin.py:115} INFO - [2024-02-25 20:44:28,268] {dag.py:2927} INFO - Setting next_dagrun for example_branch_dop_operator_v3 to 2024-02-25T23:43:00+00:00, run_after=2024-02-25T23:44:00+00:00
[2024-02-25 20:44:28,282] {processor.py:161} INFO - Processing /home/sheyla/Documents/Repositórios/airflowalura/venv/lib/python3.9/site-packages/airflow/example_dags/example_branch_python_dop_operator_3.py took 0.081 seconds
[2024-02-25 20:45:03,093] {processor.py:153} INFO - Started process (PID=1964429) to work on /home/sheyla/Documents/Repositórios/airflowalura/venv/lib/python3.9/site-packages/airflow/example_dags/example_branch_python_dop_operator_3.py
[2024-02-25 20:45:03,099] {processor.py:641} INFO - Processing file /home/sheyla/Documents/Repositórios/airflowalura/venv/lib/python3.9/site-packages/airflow/example_dags/example_branch_python_dop_operator_3.py for tasks to queue
[2024-02-25 20:45:03,100] {logging_mixin.py:115} INFO - [2024-02-25 20:45:03,100] {dagbag.py:507} INFO - Filling up the DagBag from /home/sheyla/Documents/Repositórios/airflowalura/venv/lib/python3.9/site-packages/airflow/example_dags/example_branch_python_dop_operator_3.py
[2024-02-25 20:45:03,111] {processor.py:651} INFO - DAG(s) dict_keys(['example_branch_dop_operator_v3']) retrieved from /home/sheyla/Documents/Repositórios/airflowalura/venv/lib/python3.9/site-packages/airflow/example_dags/example_branch_python_dop_operator_3.py
[2024-02-25 20:45:03,123] {logging_mixin.py:115} INFO - [2024-02-25 20:45:03,123] {dag.py:2379} INFO - Sync 1 DAGs
[2024-02-25 20:45:03,140] {logging_mixin.py:115} INFO - [2024-02-25 20:45:03,140] {dag.py:2927} INFO - Setting next_dagrun for example_branch_dop_operator_v3 to 2024-02-25T23:44:00+00:00, run_after=2024-02-25T23:45:00+00:00
[2024-02-25 20:45:03,153] {processor.py:161} INFO - Processing /home/sheyla/Documents/Repositórios/airflowalura/venv/lib/python3.9/site-packages/airflow/example_dags/example_branch_python_dop_operator_3.py took 0.066 seconds
[2024-02-25 20:45:37,917] {processor.py:153} INFO - Started process (PID=1964788) to work on /home/sheyla/Documents/Repositórios/airflowalura/venv/lib/python3.9/site-packages/airflow/example_dags/example_branch_python_dop_operator_3.py
[2024-02-25 20:45:37,922] {processor.py:641} INFO - Processing file /home/sheyla/Documents/Repositórios/airflowalura/venv/lib/python3.9/site-packages/airflow/example_dags/example_branch_python_dop_operator_3.py for tasks to queue
[2024-02-25 20:45:37,923] {logging_mixin.py:115} INFO - [2024-02-25 20:45:37,922] {dagbag.py:507} INFO - Filling up the DagBag from /home/sheyla/Documents/Repositórios/airflowalura/venv/lib/python3.9/site-packages/airflow/example_dags/example_branch_python_dop_operator_3.py
[2024-02-25 20:45:37,931] {processor.py:651} INFO - DAG(s) dict_keys(['example_branch_dop_operator_v3']) retrieved from /home/sheyla/Documents/Repositórios/airflowalura/venv/lib/python3.9/site-packages/airflow/example_dags/example_branch_python_dop_operator_3.py
[2024-02-25 20:45:37,943] {logging_mixin.py:115} INFO - [2024-02-25 20:45:37,943] {dag.py:2379} INFO - Sync 1 DAGs
[2024-02-25 20:45:37,959] {logging_mixin.py:115} INFO - [2024-02-25 20:45:37,959] {dag.py:2927} INFO - Setting next_dagrun for example_branch_dop_operator_v3 to 2024-02-25T23:44:00+00:00, run_after=2024-02-25T23:45:00+00:00
[2024-02-25 20:45:37,978] {processor.py:161} INFO - Processing /home/sheyla/Documents/Repositórios/airflowalura/venv/lib/python3.9/site-packages/airflow/example_dags/example_branch_python_dop_operator_3.py took 0.064 seconds
[2024-02-25 20:46:12,296] {processor.py:153} INFO - Started process (PID=1965132) to work on /home/sheyla/Documents/Repositórios/airflowalura/venv/lib/python3.9/site-packages/airflow/example_dags/example_branch_python_dop_operator_3.py
[2024-02-25 20:46:12,301] {processor.py:641} INFO - Processing file /home/sheyla/Documents/Repositórios/airflowalura/venv/lib/python3.9/site-packages/airflow/example_dags/example_branch_python_dop_operator_3.py for tasks to queue
[2024-02-25 20:46:12,302] {logging_mixin.py:115} INFO - [2024-02-25 20:46:12,302] {dagbag.py:507} INFO - Filling up the DagBag from /home/sheyla/Documents/Repositórios/airflowalura/venv/lib/python3.9/site-packages/airflow/example_dags/example_branch_python_dop_operator_3.py
[2024-02-25 20:46:12,313] {processor.py:651} INFO - DAG(s) dict_keys(['example_branch_dop_operator_v3']) retrieved from /home/sheyla/Documents/Repositórios/airflowalura/venv/lib/python3.9/site-packages/airflow/example_dags/example_branch_python_dop_operator_3.py
[2024-02-25 20:46:12,330] {logging_mixin.py:115} INFO - [2024-02-25 20:46:12,330] {dag.py:2379} INFO - Sync 1 DAGs
[2024-02-25 20:46:12,348] {logging_mixin.py:115} INFO - [2024-02-25 20:46:12,348] {dag.py:2927} INFO - Setting next_dagrun for example_branch_dop_operator_v3 to 2024-02-25T23:45:00+00:00, run_after=2024-02-25T23:46:00+00:00
[2024-02-25 20:46:12,367] {processor.py:161} INFO - Processing /home/sheyla/Documents/Repositórios/airflowalura/venv/lib/python3.9/site-packages/airflow/example_dags/example_branch_python_dop_operator_3.py took 0.074 seconds
[2024-02-25 20:46:44,420] {processor.py:153} INFO - Started process (PID=1965489) to work on /home/sheyla/Documents/Repositórios/airflowalura/venv/lib/python3.9/site-packages/airflow/example_dags/example_branch_python_dop_operator_3.py
[2024-02-25 20:46:44,421] {processor.py:641} INFO - Processing file /home/sheyla/Documents/Repositórios/airflowalura/venv/lib/python3.9/site-packages/airflow/example_dags/example_branch_python_dop_operator_3.py for tasks to queue
[2024-02-25 20:46:44,422] {logging_mixin.py:115} INFO - [2024-02-25 20:46:44,422] {dagbag.py:507} INFO - Filling up the DagBag from /home/sheyla/Documents/Repositórios/airflowalura/venv/lib/python3.9/site-packages/airflow/example_dags/example_branch_python_dop_operator_3.py
[2024-02-25 20:46:44,439] {processor.py:651} INFO - DAG(s) dict_keys(['example_branch_dop_operator_v3']) retrieved from /home/sheyla/Documents/Repositórios/airflowalura/venv/lib/python3.9/site-packages/airflow/example_dags/example_branch_python_dop_operator_3.py
[2024-02-25 20:46:44,453] {logging_mixin.py:115} INFO - [2024-02-25 20:46:44,453] {dag.py:2379} INFO - Sync 1 DAGs
[2024-02-25 20:46:44,471] {logging_mixin.py:115} INFO - [2024-02-25 20:46:44,471] {dag.py:2927} INFO - Setting next_dagrun for example_branch_dop_operator_v3 to 2024-02-25T23:45:00+00:00, run_after=2024-02-25T23:46:00+00:00
[2024-02-25 20:46:44,490] {processor.py:161} INFO - Processing /home/sheyla/Documents/Repositórios/airflowalura/venv/lib/python3.9/site-packages/airflow/example_dags/example_branch_python_dop_operator_3.py took 0.077 seconds
[2024-02-25 20:47:16,943] {processor.py:153} INFO - Started process (PID=1965944) to work on /home/sheyla/Documents/Repositórios/airflowalura/venv/lib/python3.9/site-packages/airflow/example_dags/example_branch_python_dop_operator_3.py
[2024-02-25 20:47:16,949] {processor.py:641} INFO - Processing file /home/sheyla/Documents/Repositórios/airflowalura/venv/lib/python3.9/site-packages/airflow/example_dags/example_branch_python_dop_operator_3.py for tasks to queue
[2024-02-25 20:47:16,949] {logging_mixin.py:115} INFO - [2024-02-25 20:47:16,949] {dagbag.py:507} INFO - Filling up the DagBag from /home/sheyla/Documents/Repositórios/airflowalura/venv/lib/python3.9/site-packages/airflow/example_dags/example_branch_python_dop_operator_3.py
[2024-02-25 20:47:16,966] {processor.py:651} INFO - DAG(s) dict_keys(['example_branch_dop_operator_v3']) retrieved from /home/sheyla/Documents/Repositórios/airflowalura/venv/lib/python3.9/site-packages/airflow/example_dags/example_branch_python_dop_operator_3.py
[2024-02-25 20:47:16,982] {logging_mixin.py:115} INFO - [2024-02-25 20:47:16,982] {dag.py:2379} INFO - Sync 1 DAGs
[2024-02-25 20:47:16,999] {logging_mixin.py:115} INFO - [2024-02-25 20:47:16,999] {dag.py:2927} INFO - Setting next_dagrun for example_branch_dop_operator_v3 to 2024-02-25T23:46:00+00:00, run_after=2024-02-25T23:47:00+00:00
[2024-02-25 20:47:17,034] {processor.py:161} INFO - Processing /home/sheyla/Documents/Repositórios/airflowalura/venv/lib/python3.9/site-packages/airflow/example_dags/example_branch_python_dop_operator_3.py took 0.095 seconds
[2024-02-25 20:47:50,767] {processor.py:153} INFO - Started process (PID=1966449) to work on /home/sheyla/Documents/Repositórios/airflowalura/venv/lib/python3.9/site-packages/airflow/example_dags/example_branch_python_dop_operator_3.py
[2024-02-25 20:47:50,773] {processor.py:641} INFO - Processing file /home/sheyla/Documents/Repositórios/airflowalura/venv/lib/python3.9/site-packages/airflow/example_dags/example_branch_python_dop_operator_3.py for tasks to queue
[2024-02-25 20:47:50,774] {logging_mixin.py:115} INFO - [2024-02-25 20:47:50,774] {dagbag.py:507} INFO - Filling up the DagBag from /home/sheyla/Documents/Repositórios/airflowalura/venv/lib/python3.9/site-packages/airflow/example_dags/example_branch_python_dop_operator_3.py
[2024-02-25 20:47:50,793] {processor.py:651} INFO - DAG(s) dict_keys(['example_branch_dop_operator_v3']) retrieved from /home/sheyla/Documents/Repositórios/airflowalura/venv/lib/python3.9/site-packages/airflow/example_dags/example_branch_python_dop_operator_3.py
[2024-02-25 20:47:50,807] {logging_mixin.py:115} INFO - [2024-02-25 20:47:50,807] {dag.py:2379} INFO - Sync 1 DAGs
[2024-02-25 20:47:50,824] {logging_mixin.py:115} INFO - [2024-02-25 20:47:50,824] {dag.py:2927} INFO - Setting next_dagrun for example_branch_dop_operator_v3 to 2024-02-25T23:46:00+00:00, run_after=2024-02-25T23:47:00+00:00
[2024-02-25 20:47:50,835] {processor.py:161} INFO - Processing /home/sheyla/Documents/Repositórios/airflowalura/venv/lib/python3.9/site-packages/airflow/example_dags/example_branch_python_dop_operator_3.py took 0.075 seconds
[2024-02-25 20:48:26,654] {processor.py:153} INFO - Started process (PID=1966991) to work on /home/sheyla/Documents/Repositórios/airflowalura/venv/lib/python3.9/site-packages/airflow/example_dags/example_branch_python_dop_operator_3.py
[2024-02-25 20:48:26,659] {processor.py:641} INFO - Processing file /home/sheyla/Documents/Repositórios/airflowalura/venv/lib/python3.9/site-packages/airflow/example_dags/example_branch_python_dop_operator_3.py for tasks to queue
[2024-02-25 20:48:26,660] {logging_mixin.py:115} INFO - [2024-02-25 20:48:26,660] {dagbag.py:507} INFO - Filling up the DagBag from /home/sheyla/Documents/Repositórios/airflowalura/venv/lib/python3.9/site-packages/airflow/example_dags/example_branch_python_dop_operator_3.py
[2024-02-25 20:48:26,670] {processor.py:651} INFO - DAG(s) dict_keys(['example_branch_dop_operator_v3']) retrieved from /home/sheyla/Documents/Repositórios/airflowalura/venv/lib/python3.9/site-packages/airflow/example_dags/example_branch_python_dop_operator_3.py
[2024-02-25 20:48:26,687] {logging_mixin.py:115} INFO - [2024-02-25 20:48:26,687] {dag.py:2379} INFO - Sync 1 DAGs
[2024-02-25 20:48:26,705] {logging_mixin.py:115} INFO - [2024-02-25 20:48:26,705] {dag.py:2927} INFO - Setting next_dagrun for example_branch_dop_operator_v3 to 2024-02-25T23:47:00+00:00, run_after=2024-02-25T23:48:00+00:00
[2024-02-25 20:48:26,748] {processor.py:161} INFO - Processing /home/sheyla/Documents/Repositórios/airflowalura/venv/lib/python3.9/site-packages/airflow/example_dags/example_branch_python_dop_operator_3.py took 0.096 seconds
