[2024-02-25 20:33:56,455] {processor.py:153} INFO - Started process (PID=1957459) to work on /home/sheyla/Documents/Repositórios/airflowalura/venv/lib/python3.9/site-packages/airflow/example_dags/example_skip_dag.py
[2024-02-25 20:33:56,455] {processor.py:641} INFO - Processing file /home/sheyla/Documents/Repositórios/airflowalura/venv/lib/python3.9/site-packages/airflow/example_dags/example_skip_dag.py for tasks to queue
[2024-02-25 20:33:56,455] {logging_mixin.py:115} INFO - [2024-02-25 20:33:56,455] {dagbag.py:507} INFO - Filling up the DagBag from /home/sheyla/Documents/Repositórios/airflowalura/venv/lib/python3.9/site-packages/airflow/example_dags/example_skip_dag.py
[2024-02-25 20:33:56,459] {processor.py:651} INFO - DAG(s) dict_keys(['example_skip_dag']) retrieved from /home/sheyla/Documents/Repositórios/airflowalura/venv/lib/python3.9/site-packages/airflow/example_dags/example_skip_dag.py
[2024-02-25 20:33:56,470] {logging_mixin.py:115} INFO - [2024-02-25 20:33:56,470] {dag.py:2379} INFO - Sync 1 DAGs
[2024-02-25 20:33:56,483] {logging_mixin.py:115} INFO - [2024-02-25 20:33:56,483] {dag.py:2927} INFO - Setting next_dagrun for example_skip_dag to 2024-02-24T23:33:56.483325+00:00, run_after=2024-02-25T23:33:56.483325+00:00
[2024-02-25 20:33:56,499] {processor.py:161} INFO - Processing /home/sheyla/Documents/Repositórios/airflowalura/venv/lib/python3.9/site-packages/airflow/example_dags/example_skip_dag.py took 0.046 seconds
[2024-02-25 20:34:34,018] {processor.py:153} INFO - Started process (PID=1957916) to work on /home/sheyla/Documents/Repositórios/airflowalura/venv/lib/python3.9/site-packages/airflow/example_dags/example_skip_dag.py
[2024-02-25 20:34:34,018] {processor.py:641} INFO - Processing file /home/sheyla/Documents/Repositórios/airflowalura/venv/lib/python3.9/site-packages/airflow/example_dags/example_skip_dag.py for tasks to queue
[2024-02-25 20:34:34,019] {logging_mixin.py:115} INFO - [2024-02-25 20:34:34,019] {dagbag.py:507} INFO - Filling up the DagBag from /home/sheyla/Documents/Repositórios/airflowalura/venv/lib/python3.9/site-packages/airflow/example_dags/example_skip_dag.py
[2024-02-25 20:34:34,024] {processor.py:651} INFO - DAG(s) dict_keys(['example_skip_dag']) retrieved from /home/sheyla/Documents/Repositórios/airflowalura/venv/lib/python3.9/site-packages/airflow/example_dags/example_skip_dag.py
[2024-02-25 20:34:34,039] {logging_mixin.py:115} INFO - [2024-02-25 20:34:34,039] {dag.py:2379} INFO - Sync 1 DAGs
[2024-02-25 20:34:34,053] {logging_mixin.py:115} INFO - [2024-02-25 20:34:34,053] {dag.py:2927} INFO - Setting next_dagrun for example_skip_dag to 2024-02-24T23:34:34.053475+00:00, run_after=2024-02-25T23:34:34.053475+00:00
[2024-02-25 20:34:34,070] {processor.py:161} INFO - Processing /home/sheyla/Documents/Repositórios/airflowalura/venv/lib/python3.9/site-packages/airflow/example_dags/example_skip_dag.py took 0.056 seconds
[2024-02-25 20:35:09,665] {processor.py:153} INFO - Started process (PID=1958275) to work on /home/sheyla/Documents/Repositórios/airflowalura/venv/lib/python3.9/site-packages/airflow/example_dags/example_skip_dag.py
[2024-02-25 20:35:09,670] {processor.py:641} INFO - Processing file /home/sheyla/Documents/Repositórios/airflowalura/venv/lib/python3.9/site-packages/airflow/example_dags/example_skip_dag.py for tasks to queue
[2024-02-25 20:35:09,671] {logging_mixin.py:115} INFO - [2024-02-25 20:35:09,671] {dagbag.py:507} INFO - Filling up the DagBag from /home/sheyla/Documents/Repositórios/airflowalura/venv/lib/python3.9/site-packages/airflow/example_dags/example_skip_dag.py
[2024-02-25 20:35:09,674] {processor.py:651} INFO - DAG(s) dict_keys(['example_skip_dag']) retrieved from /home/sheyla/Documents/Repositórios/airflowalura/venv/lib/python3.9/site-packages/airflow/example_dags/example_skip_dag.py
[2024-02-25 20:35:09,687] {logging_mixin.py:115} INFO - [2024-02-25 20:35:09,686] {dag.py:2379} INFO - Sync 1 DAGs
[2024-02-25 20:35:09,702] {logging_mixin.py:115} INFO - [2024-02-25 20:35:09,701] {dag.py:2927} INFO - Setting next_dagrun for example_skip_dag to 2024-02-24T23:35:09.701737+00:00, run_after=2024-02-25T23:35:09.701737+00:00
[2024-02-25 20:35:09,714] {processor.py:161} INFO - Processing /home/sheyla/Documents/Repositórios/airflowalura/venv/lib/python3.9/site-packages/airflow/example_dags/example_skip_dag.py took 0.051 seconds
[2024-02-25 20:35:47,419] {processor.py:153} INFO - Started process (PID=1958658) to work on /home/sheyla/Documents/Repositórios/airflowalura/venv/lib/python3.9/site-packages/airflow/example_dags/example_skip_dag.py
[2024-02-25 20:35:47,425] {processor.py:641} INFO - Processing file /home/sheyla/Documents/Repositórios/airflowalura/venv/lib/python3.9/site-packages/airflow/example_dags/example_skip_dag.py for tasks to queue
[2024-02-25 20:35:47,425] {logging_mixin.py:115} INFO - [2024-02-25 20:35:47,425] {dagbag.py:507} INFO - Filling up the DagBag from /home/sheyla/Documents/Repositórios/airflowalura/venv/lib/python3.9/site-packages/airflow/example_dags/example_skip_dag.py
[2024-02-25 20:35:47,431] {processor.py:651} INFO - DAG(s) dict_keys(['example_skip_dag']) retrieved from /home/sheyla/Documents/Repositórios/airflowalura/venv/lib/python3.9/site-packages/airflow/example_dags/example_skip_dag.py
[2024-02-25 20:35:47,450] {logging_mixin.py:115} INFO - [2024-02-25 20:35:47,450] {dag.py:2379} INFO - Sync 1 DAGs
[2024-02-25 20:35:47,466] {logging_mixin.py:115} INFO - [2024-02-25 20:35:47,466] {dag.py:2927} INFO - Setting next_dagrun for example_skip_dag to 2024-02-24T23:35:47.466287+00:00, run_after=2024-02-25T23:35:47.466287+00:00
[2024-02-25 20:35:47,479] {processor.py:161} INFO - Processing /home/sheyla/Documents/Repositórios/airflowalura/venv/lib/python3.9/site-packages/airflow/example_dags/example_skip_dag.py took 0.062 seconds
[2024-02-25 20:36:23,473] {processor.py:153} INFO - Started process (PID=1959035) to work on /home/sheyla/Documents/Repositórios/airflowalura/venv/lib/python3.9/site-packages/airflow/example_dags/example_skip_dag.py
[2024-02-25 20:36:23,479] {processor.py:641} INFO - Processing file /home/sheyla/Documents/Repositórios/airflowalura/venv/lib/python3.9/site-packages/airflow/example_dags/example_skip_dag.py for tasks to queue
[2024-02-25 20:36:23,481] {logging_mixin.py:115} INFO - [2024-02-25 20:36:23,481] {dagbag.py:507} INFO - Filling up the DagBag from /home/sheyla/Documents/Repositórios/airflowalura/venv/lib/python3.9/site-packages/airflow/example_dags/example_skip_dag.py
[2024-02-25 20:36:23,494] {processor.py:651} INFO - DAG(s) dict_keys(['example_skip_dag']) retrieved from /home/sheyla/Documents/Repositórios/airflowalura/venv/lib/python3.9/site-packages/airflow/example_dags/example_skip_dag.py
[2024-02-25 20:36:23,515] {logging_mixin.py:115} INFO - [2024-02-25 20:36:23,515] {dag.py:2379} INFO - Sync 1 DAGs
[2024-02-25 20:36:23,530] {logging_mixin.py:115} INFO - [2024-02-25 20:36:23,530] {dag.py:2927} INFO - Setting next_dagrun for example_skip_dag to 2024-02-24T23:36:23.530299+00:00, run_after=2024-02-25T23:36:23.530299+00:00
[2024-02-25 20:36:23,543] {processor.py:161} INFO - Processing /home/sheyla/Documents/Repositórios/airflowalura/venv/lib/python3.9/site-packages/airflow/example_dags/example_skip_dag.py took 0.076 seconds
[2024-02-25 20:37:01,097] {processor.py:153} INFO - Started process (PID=1959443) to work on /home/sheyla/Documents/Repositórios/airflowalura/venv/lib/python3.9/site-packages/airflow/example_dags/example_skip_dag.py
[2024-02-25 20:37:01,102] {processor.py:641} INFO - Processing file /home/sheyla/Documents/Repositórios/airflowalura/venv/lib/python3.9/site-packages/airflow/example_dags/example_skip_dag.py for tasks to queue
[2024-02-25 20:37:01,103] {logging_mixin.py:115} INFO - [2024-02-25 20:37:01,103] {dagbag.py:507} INFO - Filling up the DagBag from /home/sheyla/Documents/Repositórios/airflowalura/venv/lib/python3.9/site-packages/airflow/example_dags/example_skip_dag.py
[2024-02-25 20:37:01,107] {processor.py:651} INFO - DAG(s) dict_keys(['example_skip_dag']) retrieved from /home/sheyla/Documents/Repositórios/airflowalura/venv/lib/python3.9/site-packages/airflow/example_dags/example_skip_dag.py
[2024-02-25 20:37:01,122] {logging_mixin.py:115} INFO - [2024-02-25 20:37:01,122] {dag.py:2379} INFO - Sync 1 DAGs
[2024-02-25 20:37:01,138] {logging_mixin.py:115} INFO - [2024-02-25 20:37:01,138] {dag.py:2927} INFO - Setting next_dagrun for example_skip_dag to 2024-02-24T23:37:01.138036+00:00, run_after=2024-02-25T23:37:01.138036+00:00
[2024-02-25 20:37:01,150] {processor.py:161} INFO - Processing /home/sheyla/Documents/Repositórios/airflowalura/venv/lib/python3.9/site-packages/airflow/example_dags/example_skip_dag.py took 0.056 seconds
[2024-02-25 20:37:39,275] {processor.py:153} INFO - Started process (PID=1959836) to work on /home/sheyla/Documents/Repositórios/airflowalura/venv/lib/python3.9/site-packages/airflow/example_dags/example_skip_dag.py
[2024-02-25 20:37:39,281] {processor.py:641} INFO - Processing file /home/sheyla/Documents/Repositórios/airflowalura/venv/lib/python3.9/site-packages/airflow/example_dags/example_skip_dag.py for tasks to queue
[2024-02-25 20:37:39,283] {logging_mixin.py:115} INFO - [2024-02-25 20:37:39,283] {dagbag.py:507} INFO - Filling up the DagBag from /home/sheyla/Documents/Repositórios/airflowalura/venv/lib/python3.9/site-packages/airflow/example_dags/example_skip_dag.py
[2024-02-25 20:37:39,295] {processor.py:651} INFO - DAG(s) dict_keys(['example_skip_dag']) retrieved from /home/sheyla/Documents/Repositórios/airflowalura/venv/lib/python3.9/site-packages/airflow/example_dags/example_skip_dag.py
[2024-02-25 20:37:39,320] {logging_mixin.py:115} INFO - [2024-02-25 20:37:39,320] {dag.py:2379} INFO - Sync 1 DAGs
[2024-02-25 20:37:39,335] {logging_mixin.py:115} INFO - [2024-02-25 20:37:39,335] {dag.py:2927} INFO - Setting next_dagrun for example_skip_dag to 2024-02-24T23:37:39.335177+00:00, run_after=2024-02-25T23:37:39.335177+00:00
[2024-02-25 20:37:39,354] {processor.py:161} INFO - Processing /home/sheyla/Documents/Repositórios/airflowalura/venv/lib/python3.9/site-packages/airflow/example_dags/example_skip_dag.py took 0.085 seconds
[2024-02-25 20:38:17,885] {processor.py:153} INFO - Started process (PID=1960224) to work on /home/sheyla/Documents/Repositórios/airflowalura/venv/lib/python3.9/site-packages/airflow/example_dags/example_skip_dag.py
[2024-02-25 20:38:17,890] {processor.py:641} INFO - Processing file /home/sheyla/Documents/Repositórios/airflowalura/venv/lib/python3.9/site-packages/airflow/example_dags/example_skip_dag.py for tasks to queue
[2024-02-25 20:38:17,891] {logging_mixin.py:115} INFO - [2024-02-25 20:38:17,890] {dagbag.py:507} INFO - Filling up the DagBag from /home/sheyla/Documents/Repositórios/airflowalura/venv/lib/python3.9/site-packages/airflow/example_dags/example_skip_dag.py
[2024-02-25 20:38:17,897] {processor.py:651} INFO - DAG(s) dict_keys(['example_skip_dag']) retrieved from /home/sheyla/Documents/Repositórios/airflowalura/venv/lib/python3.9/site-packages/airflow/example_dags/example_skip_dag.py
[2024-02-25 20:38:17,916] {logging_mixin.py:115} INFO - [2024-02-25 20:38:17,916] {dag.py:2379} INFO - Sync 1 DAGs
[2024-02-25 20:38:17,931] {logging_mixin.py:115} INFO - [2024-02-25 20:38:17,931] {dag.py:2927} INFO - Setting next_dagrun for example_skip_dag to 2024-02-24T23:38:17.931321+00:00, run_after=2024-02-25T23:38:17.931321+00:00
[2024-02-25 20:38:17,945] {processor.py:161} INFO - Processing /home/sheyla/Documents/Repositórios/airflowalura/venv/lib/python3.9/site-packages/airflow/example_dags/example_skip_dag.py took 0.063 seconds
[2024-02-25 20:38:52,780] {processor.py:153} INFO - Started process (PID=1960586) to work on /home/sheyla/Documents/Repositórios/airflowalura/venv/lib/python3.9/site-packages/airflow/example_dags/example_skip_dag.py
[2024-02-25 20:38:52,782] {processor.py:641} INFO - Processing file /home/sheyla/Documents/Repositórios/airflowalura/venv/lib/python3.9/site-packages/airflow/example_dags/example_skip_dag.py for tasks to queue
[2024-02-25 20:38:52,783] {logging_mixin.py:115} INFO - [2024-02-25 20:38:52,783] {dagbag.py:507} INFO - Filling up the DagBag from /home/sheyla/Documents/Repositórios/airflowalura/venv/lib/python3.9/site-packages/airflow/example_dags/example_skip_dag.py
[2024-02-25 20:38:52,788] {processor.py:651} INFO - DAG(s) dict_keys(['example_skip_dag']) retrieved from /home/sheyla/Documents/Repositórios/airflowalura/venv/lib/python3.9/site-packages/airflow/example_dags/example_skip_dag.py
[2024-02-25 20:38:52,802] {logging_mixin.py:115} INFO - [2024-02-25 20:38:52,802] {dag.py:2379} INFO - Sync 1 DAGs
[2024-02-25 20:38:52,817] {logging_mixin.py:115} INFO - [2024-02-25 20:38:52,817] {dag.py:2927} INFO - Setting next_dagrun for example_skip_dag to 2024-02-24T23:38:52.817210+00:00, run_after=2024-02-25T23:38:52.817210+00:00
[2024-02-25 20:38:52,836] {processor.py:161} INFO - Processing /home/sheyla/Documents/Repositórios/airflowalura/venv/lib/python3.9/site-packages/airflow/example_dags/example_skip_dag.py took 0.059 seconds
[2024-02-25 20:39:30,691] {processor.py:153} INFO - Started process (PID=1960979) to work on /home/sheyla/Documents/Repositórios/airflowalura/venv/lib/python3.9/site-packages/airflow/example_dags/example_skip_dag.py
[2024-02-25 20:39:30,697] {processor.py:641} INFO - Processing file /home/sheyla/Documents/Repositórios/airflowalura/venv/lib/python3.9/site-packages/airflow/example_dags/example_skip_dag.py for tasks to queue
[2024-02-25 20:39:30,699] {logging_mixin.py:115} INFO - [2024-02-25 20:39:30,698] {dagbag.py:507} INFO - Filling up the DagBag from /home/sheyla/Documents/Repositórios/airflowalura/venv/lib/python3.9/site-packages/airflow/example_dags/example_skip_dag.py
[2024-02-25 20:39:30,711] {processor.py:651} INFO - DAG(s) dict_keys(['example_skip_dag']) retrieved from /home/sheyla/Documents/Repositórios/airflowalura/venv/lib/python3.9/site-packages/airflow/example_dags/example_skip_dag.py
[2024-02-25 20:39:30,733] {logging_mixin.py:115} INFO - [2024-02-25 20:39:30,732] {dag.py:2379} INFO - Sync 1 DAGs
[2024-02-25 20:39:30,747] {logging_mixin.py:115} INFO - [2024-02-25 20:39:30,747] {dag.py:2927} INFO - Setting next_dagrun for example_skip_dag to 2024-02-24T23:39:30.747496+00:00, run_after=2024-02-25T23:39:30.747496+00:00
[2024-02-25 20:39:30,760] {processor.py:161} INFO - Processing /home/sheyla/Documents/Repositórios/airflowalura/venv/lib/python3.9/site-packages/airflow/example_dags/example_skip_dag.py took 0.075 seconds
[2024-02-25 20:40:07,031] {processor.py:153} INFO - Started process (PID=1961355) to work on /home/sheyla/Documents/Repositórios/airflowalura/venv/lib/python3.9/site-packages/airflow/example_dags/example_skip_dag.py
[2024-02-25 20:40:07,032] {processor.py:641} INFO - Processing file /home/sheyla/Documents/Repositórios/airflowalura/venv/lib/python3.9/site-packages/airflow/example_dags/example_skip_dag.py for tasks to queue
[2024-02-25 20:40:07,034] {logging_mixin.py:115} INFO - [2024-02-25 20:40:07,033] {dagbag.py:507} INFO - Filling up the DagBag from /home/sheyla/Documents/Repositórios/airflowalura/venv/lib/python3.9/site-packages/airflow/example_dags/example_skip_dag.py
[2024-02-25 20:40:07,046] {processor.py:651} INFO - DAG(s) dict_keys(['example_skip_dag']) retrieved from /home/sheyla/Documents/Repositórios/airflowalura/venv/lib/python3.9/site-packages/airflow/example_dags/example_skip_dag.py
[2024-02-25 20:40:07,066] {logging_mixin.py:115} INFO - [2024-02-25 20:40:07,066] {dag.py:2379} INFO - Sync 1 DAGs
[2024-02-25 20:40:07,081] {logging_mixin.py:115} INFO - [2024-02-25 20:40:07,081] {dag.py:2927} INFO - Setting next_dagrun for example_skip_dag to 2024-02-24T23:40:07.081056+00:00, run_after=2024-02-25T23:40:07.081056+00:00
[2024-02-25 20:40:07,092] {processor.py:161} INFO - Processing /home/sheyla/Documents/Repositórios/airflowalura/venv/lib/python3.9/site-packages/airflow/example_dags/example_skip_dag.py took 0.067 seconds
[2024-02-25 20:40:43,888] {processor.py:153} INFO - Started process (PID=1961735) to work on /home/sheyla/Documents/Repositórios/airflowalura/venv/lib/python3.9/site-packages/airflow/example_dags/example_skip_dag.py
[2024-02-25 20:40:43,894] {processor.py:641} INFO - Processing file /home/sheyla/Documents/Repositórios/airflowalura/venv/lib/python3.9/site-packages/airflow/example_dags/example_skip_dag.py for tasks to queue
[2024-02-25 20:40:43,895] {logging_mixin.py:115} INFO - [2024-02-25 20:40:43,895] {dagbag.py:507} INFO - Filling up the DagBag from /home/sheyla/Documents/Repositórios/airflowalura/venv/lib/python3.9/site-packages/airflow/example_dags/example_skip_dag.py
[2024-02-25 20:40:43,909] {processor.py:651} INFO - DAG(s) dict_keys(['example_skip_dag']) retrieved from /home/sheyla/Documents/Repositórios/airflowalura/venv/lib/python3.9/site-packages/airflow/example_dags/example_skip_dag.py
[2024-02-25 20:40:43,932] {logging_mixin.py:115} INFO - [2024-02-25 20:40:43,932] {dag.py:2379} INFO - Sync 1 DAGs
[2024-02-25 20:40:43,946] {logging_mixin.py:115} INFO - [2024-02-25 20:40:43,946] {dag.py:2927} INFO - Setting next_dagrun for example_skip_dag to 2024-02-24T23:40:43.946638+00:00, run_after=2024-02-25T23:40:43.946638+00:00
[2024-02-25 20:40:43,997] {processor.py:161} INFO - Processing /home/sheyla/Documents/Repositórios/airflowalura/venv/lib/python3.9/site-packages/airflow/example_dags/example_skip_dag.py took 0.115 seconds
[2024-02-25 20:41:22,177] {processor.py:153} INFO - Started process (PID=1962128) to work on /home/sheyla/Documents/Repositórios/airflowalura/venv/lib/python3.9/site-packages/airflow/example_dags/example_skip_dag.py
[2024-02-25 20:41:22,183] {processor.py:641} INFO - Processing file /home/sheyla/Documents/Repositórios/airflowalura/venv/lib/python3.9/site-packages/airflow/example_dags/example_skip_dag.py for tasks to queue
[2024-02-25 20:41:22,183] {logging_mixin.py:115} INFO - [2024-02-25 20:41:22,183] {dagbag.py:507} INFO - Filling up the DagBag from /home/sheyla/Documents/Repositórios/airflowalura/venv/lib/python3.9/site-packages/airflow/example_dags/example_skip_dag.py
[2024-02-25 20:41:22,188] {processor.py:651} INFO - DAG(s) dict_keys(['example_skip_dag']) retrieved from /home/sheyla/Documents/Repositórios/airflowalura/venv/lib/python3.9/site-packages/airflow/example_dags/example_skip_dag.py
[2024-02-25 20:41:22,205] {logging_mixin.py:115} INFO - [2024-02-25 20:41:22,205] {dag.py:2379} INFO - Sync 1 DAGs
[2024-02-25 20:41:22,221] {logging_mixin.py:115} INFO - [2024-02-25 20:41:22,221] {dag.py:2927} INFO - Setting next_dagrun for example_skip_dag to 2024-02-24T23:41:22.221261+00:00, run_after=2024-02-25T23:41:22.221261+00:00
[2024-02-25 20:41:22,242] {processor.py:161} INFO - Processing /home/sheyla/Documents/Repositórios/airflowalura/venv/lib/python3.9/site-packages/airflow/example_dags/example_skip_dag.py took 0.066 seconds
[2024-02-25 20:42:00,698] {processor.py:153} INFO - Started process (PID=1962554) to work on /home/sheyla/Documents/Repositórios/airflowalura/venv/lib/python3.9/site-packages/airflow/example_dags/example_skip_dag.py
[2024-02-25 20:42:00,704] {processor.py:641} INFO - Processing file /home/sheyla/Documents/Repositórios/airflowalura/venv/lib/python3.9/site-packages/airflow/example_dags/example_skip_dag.py for tasks to queue
[2024-02-25 20:42:00,706] {logging_mixin.py:115} INFO - [2024-02-25 20:42:00,706] {dagbag.py:507} INFO - Filling up the DagBag from /home/sheyla/Documents/Repositórios/airflowalura/venv/lib/python3.9/site-packages/airflow/example_dags/example_skip_dag.py
[2024-02-25 20:42:00,718] {processor.py:651} INFO - DAG(s) dict_keys(['example_skip_dag']) retrieved from /home/sheyla/Documents/Repositórios/airflowalura/venv/lib/python3.9/site-packages/airflow/example_dags/example_skip_dag.py
[2024-02-25 20:42:00,746] {logging_mixin.py:115} INFO - [2024-02-25 20:42:00,746] {dag.py:2379} INFO - Sync 1 DAGs
[2024-02-25 20:42:00,762] {logging_mixin.py:115} INFO - [2024-02-25 20:42:00,762] {dag.py:2927} INFO - Setting next_dagrun for example_skip_dag to 2024-02-24T23:42:00.762511+00:00, run_after=2024-02-25T23:42:00.762511+00:00
[2024-02-25 20:42:00,780] {processor.py:161} INFO - Processing /home/sheyla/Documents/Repositórios/airflowalura/venv/lib/python3.9/site-packages/airflow/example_dags/example_skip_dag.py took 0.084 seconds
[2024-02-25 20:42:37,778] {processor.py:153} INFO - Started process (PID=1962928) to work on /home/sheyla/Documents/Repositórios/airflowalura/venv/lib/python3.9/site-packages/airflow/example_dags/example_skip_dag.py
[2024-02-25 20:42:37,784] {processor.py:641} INFO - Processing file /home/sheyla/Documents/Repositórios/airflowalura/venv/lib/python3.9/site-packages/airflow/example_dags/example_skip_dag.py for tasks to queue
[2024-02-25 20:42:37,785] {logging_mixin.py:115} INFO - [2024-02-25 20:42:37,785] {dagbag.py:507} INFO - Filling up the DagBag from /home/sheyla/Documents/Repositórios/airflowalura/venv/lib/python3.9/site-packages/airflow/example_dags/example_skip_dag.py
[2024-02-25 20:42:37,798] {processor.py:651} INFO - DAG(s) dict_keys(['example_skip_dag']) retrieved from /home/sheyla/Documents/Repositórios/airflowalura/venv/lib/python3.9/site-packages/airflow/example_dags/example_skip_dag.py
[2024-02-25 20:42:37,821] {logging_mixin.py:115} INFO - [2024-02-25 20:42:37,821] {dag.py:2379} INFO - Sync 1 DAGs
[2024-02-25 20:42:37,836] {logging_mixin.py:115} INFO - [2024-02-25 20:42:37,836] {dag.py:2927} INFO - Setting next_dagrun for example_skip_dag to 2024-02-24T23:42:37.835861+00:00, run_after=2024-02-25T23:42:37.835861+00:00
[2024-02-25 20:42:37,848] {processor.py:161} INFO - Processing /home/sheyla/Documents/Repositórios/airflowalura/venv/lib/python3.9/site-packages/airflow/example_dags/example_skip_dag.py took 0.076 seconds
[2024-02-25 20:43:17,584] {processor.py:153} INFO - Started process (PID=1963336) to work on /home/sheyla/Documents/Repositórios/airflowalura/venv/lib/python3.9/site-packages/airflow/example_dags/example_skip_dag.py
[2024-02-25 20:43:17,585] {processor.py:641} INFO - Processing file /home/sheyla/Documents/Repositórios/airflowalura/venv/lib/python3.9/site-packages/airflow/example_dags/example_skip_dag.py for tasks to queue
[2024-02-25 20:43:17,585] {logging_mixin.py:115} INFO - [2024-02-25 20:43:17,585] {dagbag.py:507} INFO - Filling up the DagBag from /home/sheyla/Documents/Repositórios/airflowalura/venv/lib/python3.9/site-packages/airflow/example_dags/example_skip_dag.py
[2024-02-25 20:43:17,589] {processor.py:651} INFO - DAG(s) dict_keys(['example_skip_dag']) retrieved from /home/sheyla/Documents/Repositórios/airflowalura/venv/lib/python3.9/site-packages/airflow/example_dags/example_skip_dag.py
[2024-02-25 20:43:17,604] {logging_mixin.py:115} INFO - [2024-02-25 20:43:17,604] {dag.py:2379} INFO - Sync 1 DAGs
[2024-02-25 20:43:17,619] {logging_mixin.py:115} INFO - [2024-02-25 20:43:17,619] {dag.py:2927} INFO - Setting next_dagrun for example_skip_dag to 2024-02-24T23:43:17.619369+00:00, run_after=2024-02-25T23:43:17.619369+00:00
[2024-02-25 20:43:17,631] {processor.py:161} INFO - Processing /home/sheyla/Documents/Repositórios/airflowalura/venv/lib/python3.9/site-packages/airflow/example_dags/example_skip_dag.py took 0.049 seconds
[2024-02-25 20:43:54,348] {processor.py:153} INFO - Started process (PID=1963720) to work on /home/sheyla/Documents/Repositórios/airflowalura/venv/lib/python3.9/site-packages/airflow/example_dags/example_skip_dag.py
[2024-02-25 20:43:54,354] {processor.py:641} INFO - Processing file /home/sheyla/Documents/Repositórios/airflowalura/venv/lib/python3.9/site-packages/airflow/example_dags/example_skip_dag.py for tasks to queue
[2024-02-25 20:43:54,355] {logging_mixin.py:115} INFO - [2024-02-25 20:43:54,355] {dagbag.py:507} INFO - Filling up the DagBag from /home/sheyla/Documents/Repositórios/airflowalura/venv/lib/python3.9/site-packages/airflow/example_dags/example_skip_dag.py
[2024-02-25 20:43:54,368] {processor.py:651} INFO - DAG(s) dict_keys(['example_skip_dag']) retrieved from /home/sheyla/Documents/Repositórios/airflowalura/venv/lib/python3.9/site-packages/airflow/example_dags/example_skip_dag.py
[2024-02-25 20:43:54,388] {logging_mixin.py:115} INFO - [2024-02-25 20:43:54,388] {dag.py:2379} INFO - Sync 1 DAGs
[2024-02-25 20:43:54,403] {logging_mixin.py:115} INFO - [2024-02-25 20:43:54,403] {dag.py:2927} INFO - Setting next_dagrun for example_skip_dag to 2024-02-24T23:43:54.403041+00:00, run_after=2024-02-25T23:43:54.403041+00:00
[2024-02-25 20:43:54,414] {processor.py:161} INFO - Processing /home/sheyla/Documents/Repositórios/airflowalura/venv/lib/python3.9/site-packages/airflow/example_dags/example_skip_dag.py took 0.072 seconds
[2024-02-25 20:44:30,904] {processor.py:153} INFO - Started process (PID=1964091) to work on /home/sheyla/Documents/Repositórios/airflowalura/venv/lib/python3.9/site-packages/airflow/example_dags/example_skip_dag.py
[2024-02-25 20:44:30,910] {processor.py:641} INFO - Processing file /home/sheyla/Documents/Repositórios/airflowalura/venv/lib/python3.9/site-packages/airflow/example_dags/example_skip_dag.py for tasks to queue
[2024-02-25 20:44:30,912] {logging_mixin.py:115} INFO - [2024-02-25 20:44:30,911] {dagbag.py:507} INFO - Filling up the DagBag from /home/sheyla/Documents/Repositórios/airflowalura/venv/lib/python3.9/site-packages/airflow/example_dags/example_skip_dag.py
[2024-02-25 20:44:30,924] {processor.py:651} INFO - DAG(s) dict_keys(['example_skip_dag']) retrieved from /home/sheyla/Documents/Repositórios/airflowalura/venv/lib/python3.9/site-packages/airflow/example_dags/example_skip_dag.py
[2024-02-25 20:44:30,944] {logging_mixin.py:115} INFO - [2024-02-25 20:44:30,944] {dag.py:2379} INFO - Sync 1 DAGs
[2024-02-25 20:44:30,959] {logging_mixin.py:115} INFO - [2024-02-25 20:44:30,959] {dag.py:2927} INFO - Setting next_dagrun for example_skip_dag to 2024-02-24T23:44:30.958995+00:00, run_after=2024-02-25T23:44:30.958995+00:00
[2024-02-25 20:44:30,978] {processor.py:161} INFO - Processing /home/sheyla/Documents/Repositórios/airflowalura/venv/lib/python3.9/site-packages/airflow/example_dags/example_skip_dag.py took 0.080 seconds
[2024-02-25 20:45:06,373] {processor.py:153} INFO - Started process (PID=1964456) to work on /home/sheyla/Documents/Repositórios/airflowalura/venv/lib/python3.9/site-packages/airflow/example_dags/example_skip_dag.py
[2024-02-25 20:45:06,374] {processor.py:641} INFO - Processing file /home/sheyla/Documents/Repositórios/airflowalura/venv/lib/python3.9/site-packages/airflow/example_dags/example_skip_dag.py for tasks to queue
[2024-02-25 20:45:06,375] {logging_mixin.py:115} INFO - [2024-02-25 20:45:06,375] {dagbag.py:507} INFO - Filling up the DagBag from /home/sheyla/Documents/Repositórios/airflowalura/venv/lib/python3.9/site-packages/airflow/example_dags/example_skip_dag.py
[2024-02-25 20:45:06,387] {processor.py:651} INFO - DAG(s) dict_keys(['example_skip_dag']) retrieved from /home/sheyla/Documents/Repositórios/airflowalura/venv/lib/python3.9/site-packages/airflow/example_dags/example_skip_dag.py
[2024-02-25 20:45:06,405] {logging_mixin.py:115} INFO - [2024-02-25 20:45:06,405] {dag.py:2379} INFO - Sync 1 DAGs
[2024-02-25 20:45:06,420] {logging_mixin.py:115} INFO - [2024-02-25 20:45:06,420] {dag.py:2927} INFO - Setting next_dagrun for example_skip_dag to 2024-02-24T23:45:06.420062+00:00, run_after=2024-02-25T23:45:06.420062+00:00
[2024-02-25 20:45:06,433] {processor.py:161} INFO - Processing /home/sheyla/Documents/Repositórios/airflowalura/venv/lib/python3.9/site-packages/airflow/example_dags/example_skip_dag.py took 0.066 seconds
[2024-02-25 20:45:41,376] {processor.py:153} INFO - Started process (PID=1964816) to work on /home/sheyla/Documents/Repositórios/airflowalura/venv/lib/python3.9/site-packages/airflow/example_dags/example_skip_dag.py
[2024-02-25 20:45:41,382] {processor.py:641} INFO - Processing file /home/sheyla/Documents/Repositórios/airflowalura/venv/lib/python3.9/site-packages/airflow/example_dags/example_skip_dag.py for tasks to queue
[2024-02-25 20:45:41,383] {logging_mixin.py:115} INFO - [2024-02-25 20:45:41,383] {dagbag.py:507} INFO - Filling up the DagBag from /home/sheyla/Documents/Repositórios/airflowalura/venv/lib/python3.9/site-packages/airflow/example_dags/example_skip_dag.py
[2024-02-25 20:45:41,396] {processor.py:651} INFO - DAG(s) dict_keys(['example_skip_dag']) retrieved from /home/sheyla/Documents/Repositórios/airflowalura/venv/lib/python3.9/site-packages/airflow/example_dags/example_skip_dag.py
[2024-02-25 20:45:41,416] {logging_mixin.py:115} INFO - [2024-02-25 20:45:41,416] {dag.py:2379} INFO - Sync 1 DAGs
[2024-02-25 20:45:41,430] {logging_mixin.py:115} INFO - [2024-02-25 20:45:41,430] {dag.py:2927} INFO - Setting next_dagrun for example_skip_dag to 2024-02-24T23:45:41.430501+00:00, run_after=2024-02-25T23:45:41.430501+00:00
[2024-02-25 20:45:41,443] {processor.py:161} INFO - Processing /home/sheyla/Documents/Repositórios/airflowalura/venv/lib/python3.9/site-packages/airflow/example_dags/example_skip_dag.py took 0.074 seconds
[2024-02-25 20:46:19,179] {processor.py:153} INFO - Started process (PID=1965213) to work on /home/sheyla/Documents/Repositórios/airflowalura/venv/lib/python3.9/site-packages/airflow/example_dags/example_skip_dag.py
[2024-02-25 20:46:19,185] {processor.py:641} INFO - Processing file /home/sheyla/Documents/Repositórios/airflowalura/venv/lib/python3.9/site-packages/airflow/example_dags/example_skip_dag.py for tasks to queue
[2024-02-25 20:46:19,185] {logging_mixin.py:115} INFO - [2024-02-25 20:46:19,185] {dagbag.py:507} INFO - Filling up the DagBag from /home/sheyla/Documents/Repositórios/airflowalura/venv/lib/python3.9/site-packages/airflow/example_dags/example_skip_dag.py
[2024-02-25 20:46:19,189] {processor.py:651} INFO - DAG(s) dict_keys(['example_skip_dag']) retrieved from /home/sheyla/Documents/Repositórios/airflowalura/venv/lib/python3.9/site-packages/airflow/example_dags/example_skip_dag.py
[2024-02-25 20:46:19,202] {logging_mixin.py:115} INFO - [2024-02-25 20:46:19,202] {dag.py:2379} INFO - Sync 1 DAGs
[2024-02-25 20:46:19,217] {logging_mixin.py:115} INFO - [2024-02-25 20:46:19,217] {dag.py:2927} INFO - Setting next_dagrun for example_skip_dag to 2024-02-24T23:46:19.217662+00:00, run_after=2024-02-25T23:46:19.217662+00:00
[2024-02-25 20:46:19,230] {processor.py:161} INFO - Processing /home/sheyla/Documents/Repositórios/airflowalura/venv/lib/python3.9/site-packages/airflow/example_dags/example_skip_dag.py took 0.053 seconds
[2024-02-25 20:46:54,769] {processor.py:153} INFO - Started process (PID=1965592) to work on /home/sheyla/Documents/Repositórios/airflowalura/venv/lib/python3.9/site-packages/airflow/example_dags/example_skip_dag.py
[2024-02-25 20:46:54,775] {processor.py:641} INFO - Processing file /home/sheyla/Documents/Repositórios/airflowalura/venv/lib/python3.9/site-packages/airflow/example_dags/example_skip_dag.py for tasks to queue
[2024-02-25 20:46:54,775] {logging_mixin.py:115} INFO - [2024-02-25 20:46:54,775] {dagbag.py:507} INFO - Filling up the DagBag from /home/sheyla/Documents/Repositórios/airflowalura/venv/lib/python3.9/site-packages/airflow/example_dags/example_skip_dag.py
[2024-02-25 20:46:54,779] {processor.py:651} INFO - DAG(s) dict_keys(['example_skip_dag']) retrieved from /home/sheyla/Documents/Repositórios/airflowalura/venv/lib/python3.9/site-packages/airflow/example_dags/example_skip_dag.py
[2024-02-25 20:46:54,794] {logging_mixin.py:115} INFO - [2024-02-25 20:46:54,794] {dag.py:2379} INFO - Sync 1 DAGs
[2024-02-25 20:46:54,810] {logging_mixin.py:115} INFO - [2024-02-25 20:46:54,810] {dag.py:2927} INFO - Setting next_dagrun for example_skip_dag to 2024-02-24T23:46:54.810397+00:00, run_after=2024-02-25T23:46:54.810397+00:00
[2024-02-25 20:46:54,822] {processor.py:161} INFO - Processing /home/sheyla/Documents/Repositórios/airflowalura/venv/lib/python3.9/site-packages/airflow/example_dags/example_skip_dag.py took 0.055 seconds
[2024-02-25 20:47:32,427] {processor.py:153} INFO - Started process (PID=1966186) to work on /home/sheyla/Documents/Repositórios/airflowalura/venv/lib/python3.9/site-packages/airflow/example_dags/example_skip_dag.py
[2024-02-25 20:47:32,432] {processor.py:641} INFO - Processing file /home/sheyla/Documents/Repositórios/airflowalura/venv/lib/python3.9/site-packages/airflow/example_dags/example_skip_dag.py for tasks to queue
[2024-02-25 20:47:32,432] {logging_mixin.py:115} INFO - [2024-02-25 20:47:32,432] {dagbag.py:507} INFO - Filling up the DagBag from /home/sheyla/Documents/Repositórios/airflowalura/venv/lib/python3.9/site-packages/airflow/example_dags/example_skip_dag.py
[2024-02-25 20:47:32,437] {processor.py:651} INFO - DAG(s) dict_keys(['example_skip_dag']) retrieved from /home/sheyla/Documents/Repositórios/airflowalura/venv/lib/python3.9/site-packages/airflow/example_dags/example_skip_dag.py
[2024-02-25 20:47:32,455] {logging_mixin.py:115} INFO - [2024-02-25 20:47:32,455] {dag.py:2379} INFO - Sync 1 DAGs
[2024-02-25 20:47:32,472] {logging_mixin.py:115} INFO - [2024-02-25 20:47:32,472] {dag.py:2927} INFO - Setting next_dagrun for example_skip_dag to 2024-02-24T23:47:32.472415+00:00, run_after=2024-02-25T23:47:32.472415+00:00
[2024-02-25 20:47:32,486] {processor.py:161} INFO - Processing /home/sheyla/Documents/Repositórios/airflowalura/venv/lib/python3.9/site-packages/airflow/example_dags/example_skip_dag.py took 0.061 seconds
[2024-02-25 20:48:07,614] {processor.py:153} INFO - Started process (PID=1966717) to work on /home/sheyla/Documents/Repositórios/airflowalura/venv/lib/python3.9/site-packages/airflow/example_dags/example_skip_dag.py
[2024-02-25 20:48:07,620] {processor.py:641} INFO - Processing file /home/sheyla/Documents/Repositórios/airflowalura/venv/lib/python3.9/site-packages/airflow/example_dags/example_skip_dag.py for tasks to queue
[2024-02-25 20:48:07,621] {logging_mixin.py:115} INFO - [2024-02-25 20:48:07,621] {dagbag.py:507} INFO - Filling up the DagBag from /home/sheyla/Documents/Repositórios/airflowalura/venv/lib/python3.9/site-packages/airflow/example_dags/example_skip_dag.py
[2024-02-25 20:48:07,639] {processor.py:651} INFO - DAG(s) dict_keys(['example_skip_dag']) retrieved from /home/sheyla/Documents/Repositórios/airflowalura/venv/lib/python3.9/site-packages/airflow/example_dags/example_skip_dag.py
[2024-02-25 20:48:07,664] {logging_mixin.py:115} INFO - [2024-02-25 20:48:07,664] {dag.py:2379} INFO - Sync 1 DAGs
[2024-02-25 20:48:07,685] {logging_mixin.py:115} INFO - [2024-02-25 20:48:07,685] {dag.py:2927} INFO - Setting next_dagrun for example_skip_dag to 2024-02-24T23:48:07.685045+00:00, run_after=2024-02-25T23:48:07.685045+00:00
[2024-02-25 20:48:07,698] {processor.py:161} INFO - Processing /home/sheyla/Documents/Repositórios/airflowalura/venv/lib/python3.9/site-packages/airflow/example_dags/example_skip_dag.py took 0.093 seconds
