[2024-02-25 20:33:57,814] {processor.py:153} INFO - Started process (PID=1957469) to work on /home/sheyla/Documents/Repositórios/airflowalura/venv/lib/python3.9/site-packages/airflow/example_dags/example_subdag_operator.py
[2024-02-25 20:33:57,815] {processor.py:641} INFO - Processing file /home/sheyla/Documents/Repositórios/airflowalura/venv/lib/python3.9/site-packages/airflow/example_dags/example_subdag_operator.py for tasks to queue
[2024-02-25 20:33:57,817] {logging_mixin.py:115} INFO - [2024-02-25 20:33:57,816] {dagbag.py:507} INFO - Filling up the DagBag from /home/sheyla/Documents/Repositórios/airflowalura/venv/lib/python3.9/site-packages/airflow/example_dags/example_subdag_operator.py
[2024-02-25 20:33:57,845] {processor.py:651} INFO - DAG(s) dict_keys(['example_subdag_operator.section-1', 'example_subdag_operator.section-2', 'example_subdag_operator']) retrieved from /home/sheyla/Documents/Repositórios/airflowalura/venv/lib/python3.9/site-packages/airflow/example_dags/example_subdag_operator.py
[2024-02-25 20:33:57,858] {logging_mixin.py:115} INFO - [2024-02-25 20:33:57,858] {dag.py:2379} INFO - Sync 3 DAGs
[2024-02-25 20:33:57,870] {logging_mixin.py:115} INFO - [2024-02-25 20:33:57,870] {dag.py:2927} INFO - Setting next_dagrun for example_subdag_operator to 2022-01-01T00:00:00+00:00, run_after=2022-01-01T00:00:00+00:00
[2024-02-25 20:33:57,870] {logging_mixin.py:115} INFO - [2024-02-25 20:33:57,870] {dag.py:2927} INFO - Setting next_dagrun for example_subdag_operator.section-1 to None, run_after=None
[2024-02-25 20:33:57,870] {logging_mixin.py:115} INFO - [2024-02-25 20:33:57,870] {dag.py:2927} INFO - Setting next_dagrun for example_subdag_operator.section-2 to None, run_after=None
[2024-02-25 20:33:57,873] {logging_mixin.py:115} INFO - [2024-02-25 20:33:57,873] {dag.py:2379} INFO - Sync 2 DAGs
[2024-02-25 20:33:57,876] {logging_mixin.py:115} INFO - [2024-02-25 20:33:57,875] {dag.py:2927} INFO - Setting next_dagrun for example_subdag_operator.section-1 to None, run_after=None
[2024-02-25 20:33:57,876] {logging_mixin.py:115} INFO - [2024-02-25 20:33:57,876] {dag.py:2927} INFO - Setting next_dagrun for example_subdag_operator.section-2 to None, run_after=None
[2024-02-25 20:33:57,890] {processor.py:161} INFO - Processing /home/sheyla/Documents/Repositórios/airflowalura/venv/lib/python3.9/site-packages/airflow/example_dags/example_subdag_operator.py took 0.082 seconds
[2024-02-25 20:34:36,312] {processor.py:153} INFO - Started process (PID=1957935) to work on /home/sheyla/Documents/Repositórios/airflowalura/venv/lib/python3.9/site-packages/airflow/example_dags/example_subdag_operator.py
[2024-02-25 20:34:36,318] {processor.py:641} INFO - Processing file /home/sheyla/Documents/Repositórios/airflowalura/venv/lib/python3.9/site-packages/airflow/example_dags/example_subdag_operator.py for tasks to queue
[2024-02-25 20:34:36,318] {logging_mixin.py:115} INFO - [2024-02-25 20:34:36,318] {dagbag.py:507} INFO - Filling up the DagBag from /home/sheyla/Documents/Repositórios/airflowalura/venv/lib/python3.9/site-packages/airflow/example_dags/example_subdag_operator.py
[2024-02-25 20:34:36,343] {processor.py:651} INFO - DAG(s) dict_keys(['example_subdag_operator.section-1', 'example_subdag_operator.section-2', 'example_subdag_operator']) retrieved from /home/sheyla/Documents/Repositórios/airflowalura/venv/lib/python3.9/site-packages/airflow/example_dags/example_subdag_operator.py
[2024-02-25 20:34:36,359] {logging_mixin.py:115} INFO - [2024-02-25 20:34:36,359] {dag.py:2379} INFO - Sync 3 DAGs
[2024-02-25 20:34:36,371] {logging_mixin.py:115} INFO - [2024-02-25 20:34:36,371] {dag.py:2927} INFO - Setting next_dagrun for example_subdag_operator to 2022-01-01T00:00:00+00:00, run_after=2022-01-01T00:00:00+00:00
[2024-02-25 20:34:36,371] {logging_mixin.py:115} INFO - [2024-02-25 20:34:36,371] {dag.py:2927} INFO - Setting next_dagrun for example_subdag_operator.section-1 to None, run_after=None
[2024-02-25 20:34:36,372] {logging_mixin.py:115} INFO - [2024-02-25 20:34:36,372] {dag.py:2927} INFO - Setting next_dagrun for example_subdag_operator.section-2 to None, run_after=None
[2024-02-25 20:34:36,375] {logging_mixin.py:115} INFO - [2024-02-25 20:34:36,375] {dag.py:2379} INFO - Sync 2 DAGs
[2024-02-25 20:34:36,377] {logging_mixin.py:115} INFO - [2024-02-25 20:34:36,377] {dag.py:2927} INFO - Setting next_dagrun for example_subdag_operator.section-1 to None, run_after=None
[2024-02-25 20:34:36,377] {logging_mixin.py:115} INFO - [2024-02-25 20:34:36,377] {dag.py:2927} INFO - Setting next_dagrun for example_subdag_operator.section-2 to None, run_after=None
[2024-02-25 20:34:36,394] {processor.py:161} INFO - Processing /home/sheyla/Documents/Repositórios/airflowalura/venv/lib/python3.9/site-packages/airflow/example_dags/example_subdag_operator.py took 0.084 seconds
[2024-02-25 20:35:11,198] {processor.py:153} INFO - Started process (PID=1958290) to work on /home/sheyla/Documents/Repositórios/airflowalura/venv/lib/python3.9/site-packages/airflow/example_dags/example_subdag_operator.py
[2024-02-25 20:35:11,199] {processor.py:641} INFO - Processing file /home/sheyla/Documents/Repositórios/airflowalura/venv/lib/python3.9/site-packages/airflow/example_dags/example_subdag_operator.py for tasks to queue
[2024-02-25 20:35:11,200] {logging_mixin.py:115} INFO - [2024-02-25 20:35:11,200] {dagbag.py:507} INFO - Filling up the DagBag from /home/sheyla/Documents/Repositórios/airflowalura/venv/lib/python3.9/site-packages/airflow/example_dags/example_subdag_operator.py
[2024-02-25 20:35:11,230] {processor.py:651} INFO - DAG(s) dict_keys(['example_subdag_operator.section-1', 'example_subdag_operator.section-2', 'example_subdag_operator']) retrieved from /home/sheyla/Documents/Repositórios/airflowalura/venv/lib/python3.9/site-packages/airflow/example_dags/example_subdag_operator.py
[2024-02-25 20:35:11,243] {logging_mixin.py:115} INFO - [2024-02-25 20:35:11,243] {dag.py:2379} INFO - Sync 3 DAGs
[2024-02-25 20:35:11,256] {logging_mixin.py:115} INFO - [2024-02-25 20:35:11,256] {dag.py:2927} INFO - Setting next_dagrun for example_subdag_operator to 2022-01-01T00:00:00+00:00, run_after=2022-01-01T00:00:00+00:00
[2024-02-25 20:35:11,256] {logging_mixin.py:115} INFO - [2024-02-25 20:35:11,256] {dag.py:2927} INFO - Setting next_dagrun for example_subdag_operator.section-1 to None, run_after=None
[2024-02-25 20:35:11,256] {logging_mixin.py:115} INFO - [2024-02-25 20:35:11,256] {dag.py:2927} INFO - Setting next_dagrun for example_subdag_operator.section-2 to None, run_after=None
[2024-02-25 20:35:11,260] {logging_mixin.py:115} INFO - [2024-02-25 20:35:11,260] {dag.py:2379} INFO - Sync 2 DAGs
[2024-02-25 20:35:11,262] {logging_mixin.py:115} INFO - [2024-02-25 20:35:11,262] {dag.py:2927} INFO - Setting next_dagrun for example_subdag_operator.section-1 to None, run_after=None
[2024-02-25 20:35:11,262] {logging_mixin.py:115} INFO - [2024-02-25 20:35:11,262] {dag.py:2927} INFO - Setting next_dagrun for example_subdag_operator.section-2 to None, run_after=None
[2024-02-25 20:35:11,272] {processor.py:161} INFO - Processing /home/sheyla/Documents/Repositórios/airflowalura/venv/lib/python3.9/site-packages/airflow/example_dags/example_subdag_operator.py took 0.080 seconds
[2024-02-25 20:35:49,007] {processor.py:153} INFO - Started process (PID=1958682) to work on /home/sheyla/Documents/Repositórios/airflowalura/venv/lib/python3.9/site-packages/airflow/example_dags/example_subdag_operator.py
[2024-02-25 20:35:49,014] {processor.py:641} INFO - Processing file /home/sheyla/Documents/Repositórios/airflowalura/venv/lib/python3.9/site-packages/airflow/example_dags/example_subdag_operator.py for tasks to queue
[2024-02-25 20:35:49,015] {logging_mixin.py:115} INFO - [2024-02-25 20:35:49,015] {dagbag.py:507} INFO - Filling up the DagBag from /home/sheyla/Documents/Repositórios/airflowalura/venv/lib/python3.9/site-packages/airflow/example_dags/example_subdag_operator.py
[2024-02-25 20:35:49,045] {processor.py:651} INFO - DAG(s) dict_keys(['example_subdag_operator.section-1', 'example_subdag_operator.section-2', 'example_subdag_operator']) retrieved from /home/sheyla/Documents/Repositórios/airflowalura/venv/lib/python3.9/site-packages/airflow/example_dags/example_subdag_operator.py
[2024-02-25 20:35:49,059] {logging_mixin.py:115} INFO - [2024-02-25 20:35:49,059] {dag.py:2379} INFO - Sync 3 DAGs
[2024-02-25 20:35:49,071] {logging_mixin.py:115} INFO - [2024-02-25 20:35:49,071] {dag.py:2927} INFO - Setting next_dagrun for example_subdag_operator to 2022-01-01T00:00:00+00:00, run_after=2022-01-01T00:00:00+00:00
[2024-02-25 20:35:49,071] {logging_mixin.py:115} INFO - [2024-02-25 20:35:49,071] {dag.py:2927} INFO - Setting next_dagrun for example_subdag_operator.section-1 to None, run_after=None
[2024-02-25 20:35:49,071] {logging_mixin.py:115} INFO - [2024-02-25 20:35:49,071] {dag.py:2927} INFO - Setting next_dagrun for example_subdag_operator.section-2 to None, run_after=None
[2024-02-25 20:35:49,074] {logging_mixin.py:115} INFO - [2024-02-25 20:35:49,074] {dag.py:2379} INFO - Sync 2 DAGs
[2024-02-25 20:35:49,077] {logging_mixin.py:115} INFO - [2024-02-25 20:35:49,077] {dag.py:2927} INFO - Setting next_dagrun for example_subdag_operator.section-1 to None, run_after=None
[2024-02-25 20:35:49,077] {logging_mixin.py:115} INFO - [2024-02-25 20:35:49,077] {dag.py:2927} INFO - Setting next_dagrun for example_subdag_operator.section-2 to None, run_after=None
[2024-02-25 20:35:49,095] {processor.py:161} INFO - Processing /home/sheyla/Documents/Repositórios/airflowalura/venv/lib/python3.9/site-packages/airflow/example_dags/example_subdag_operator.py took 0.095 seconds
[2024-02-25 20:36:28,282] {processor.py:153} INFO - Started process (PID=1959089) to work on /home/sheyla/Documents/Repositórios/airflowalura/venv/lib/python3.9/site-packages/airflow/example_dags/example_subdag_operator.py
[2024-02-25 20:36:28,284] {processor.py:641} INFO - Processing file /home/sheyla/Documents/Repositórios/airflowalura/venv/lib/python3.9/site-packages/airflow/example_dags/example_subdag_operator.py for tasks to queue
[2024-02-25 20:36:28,285] {logging_mixin.py:115} INFO - [2024-02-25 20:36:28,285] {dagbag.py:507} INFO - Filling up the DagBag from /home/sheyla/Documents/Repositórios/airflowalura/venv/lib/python3.9/site-packages/airflow/example_dags/example_subdag_operator.py
[2024-02-25 20:36:28,303] {processor.py:651} INFO - DAG(s) dict_keys(['example_subdag_operator.section-1', 'example_subdag_operator.section-2', 'example_subdag_operator']) retrieved from /home/sheyla/Documents/Repositórios/airflowalura/venv/lib/python3.9/site-packages/airflow/example_dags/example_subdag_operator.py
[2024-02-25 20:36:28,315] {logging_mixin.py:115} INFO - [2024-02-25 20:36:28,315] {dag.py:2379} INFO - Sync 3 DAGs
[2024-02-25 20:36:28,327] {logging_mixin.py:115} INFO - [2024-02-25 20:36:28,327] {dag.py:2927} INFO - Setting next_dagrun for example_subdag_operator to 2022-01-01T00:00:00+00:00, run_after=2022-01-01T00:00:00+00:00
[2024-02-25 20:36:28,327] {logging_mixin.py:115} INFO - [2024-02-25 20:36:28,327] {dag.py:2927} INFO - Setting next_dagrun for example_subdag_operator.section-1 to None, run_after=None
[2024-02-25 20:36:28,327] {logging_mixin.py:115} INFO - [2024-02-25 20:36:28,327] {dag.py:2927} INFO - Setting next_dagrun for example_subdag_operator.section-2 to None, run_after=None
[2024-02-25 20:36:28,330] {logging_mixin.py:115} INFO - [2024-02-25 20:36:28,330] {dag.py:2379} INFO - Sync 2 DAGs
[2024-02-25 20:36:28,332] {logging_mixin.py:115} INFO - [2024-02-25 20:36:28,332] {dag.py:2927} INFO - Setting next_dagrun for example_subdag_operator.section-1 to None, run_after=None
[2024-02-25 20:36:28,333] {logging_mixin.py:115} INFO - [2024-02-25 20:36:28,333] {dag.py:2927} INFO - Setting next_dagrun for example_subdag_operator.section-2 to None, run_after=None
[2024-02-25 20:36:28,344] {processor.py:161} INFO - Processing /home/sheyla/Documents/Repositórios/airflowalura/venv/lib/python3.9/site-packages/airflow/example_dags/example_subdag_operator.py took 0.064 seconds
[2024-02-25 20:37:05,810] {processor.py:153} INFO - Started process (PID=1959494) to work on /home/sheyla/Documents/Repositórios/airflowalura/venv/lib/python3.9/site-packages/airflow/example_dags/example_subdag_operator.py
[2024-02-25 20:37:05,816] {processor.py:641} INFO - Processing file /home/sheyla/Documents/Repositórios/airflowalura/venv/lib/python3.9/site-packages/airflow/example_dags/example_subdag_operator.py for tasks to queue
[2024-02-25 20:37:05,818] {logging_mixin.py:115} INFO - [2024-02-25 20:37:05,817] {dagbag.py:507} INFO - Filling up the DagBag from /home/sheyla/Documents/Repositórios/airflowalura/venv/lib/python3.9/site-packages/airflow/example_dags/example_subdag_operator.py
[2024-02-25 20:37:05,845] {processor.py:651} INFO - DAG(s) dict_keys(['example_subdag_operator.section-1', 'example_subdag_operator.section-2', 'example_subdag_operator']) retrieved from /home/sheyla/Documents/Repositórios/airflowalura/venv/lib/python3.9/site-packages/airflow/example_dags/example_subdag_operator.py
[2024-02-25 20:37:05,857] {logging_mixin.py:115} INFO - [2024-02-25 20:37:05,857] {dag.py:2379} INFO - Sync 3 DAGs
[2024-02-25 20:37:05,870] {logging_mixin.py:115} INFO - [2024-02-25 20:37:05,870] {dag.py:2927} INFO - Setting next_dagrun for example_subdag_operator to 2022-01-01T00:00:00+00:00, run_after=2022-01-01T00:00:00+00:00
[2024-02-25 20:37:05,870] {logging_mixin.py:115} INFO - [2024-02-25 20:37:05,870] {dag.py:2927} INFO - Setting next_dagrun for example_subdag_operator.section-1 to None, run_after=None
[2024-02-25 20:37:05,870] {logging_mixin.py:115} INFO - [2024-02-25 20:37:05,870] {dag.py:2927} INFO - Setting next_dagrun for example_subdag_operator.section-2 to None, run_after=None
[2024-02-25 20:37:05,873] {logging_mixin.py:115} INFO - [2024-02-25 20:37:05,873] {dag.py:2379} INFO - Sync 2 DAGs
[2024-02-25 20:37:05,876] {logging_mixin.py:115} INFO - [2024-02-25 20:37:05,876] {dag.py:2927} INFO - Setting next_dagrun for example_subdag_operator.section-1 to None, run_after=None
[2024-02-25 20:37:05,876] {logging_mixin.py:115} INFO - [2024-02-25 20:37:05,876] {dag.py:2927} INFO - Setting next_dagrun for example_subdag_operator.section-2 to None, run_after=None
[2024-02-25 20:37:05,886] {processor.py:161} INFO - Processing /home/sheyla/Documents/Repositórios/airflowalura/venv/lib/python3.9/site-packages/airflow/example_dags/example_subdag_operator.py took 0.082 seconds
[2024-02-25 20:37:43,238] {processor.py:153} INFO - Started process (PID=1959878) to work on /home/sheyla/Documents/Repositórios/airflowalura/venv/lib/python3.9/site-packages/airflow/example_dags/example_subdag_operator.py
[2024-02-25 20:37:43,243] {processor.py:641} INFO - Processing file /home/sheyla/Documents/Repositórios/airflowalura/venv/lib/python3.9/site-packages/airflow/example_dags/example_subdag_operator.py for tasks to queue
[2024-02-25 20:37:43,244] {logging_mixin.py:115} INFO - [2024-02-25 20:37:43,244] {dagbag.py:507} INFO - Filling up the DagBag from /home/sheyla/Documents/Repositórios/airflowalura/venv/lib/python3.9/site-packages/airflow/example_dags/example_subdag_operator.py
[2024-02-25 20:37:43,263] {processor.py:651} INFO - DAG(s) dict_keys(['example_subdag_operator.section-1', 'example_subdag_operator.section-2', 'example_subdag_operator']) retrieved from /home/sheyla/Documents/Repositórios/airflowalura/venv/lib/python3.9/site-packages/airflow/example_dags/example_subdag_operator.py
[2024-02-25 20:37:43,279] {logging_mixin.py:115} INFO - [2024-02-25 20:37:43,279] {dag.py:2379} INFO - Sync 3 DAGs
[2024-02-25 20:37:43,292] {logging_mixin.py:115} INFO - [2024-02-25 20:37:43,292] {dag.py:2927} INFO - Setting next_dagrun for example_subdag_operator to 2022-01-01T00:00:00+00:00, run_after=2022-01-01T00:00:00+00:00
[2024-02-25 20:37:43,292] {logging_mixin.py:115} INFO - [2024-02-25 20:37:43,292] {dag.py:2927} INFO - Setting next_dagrun for example_subdag_operator.section-1 to None, run_after=None
[2024-02-25 20:37:43,292] {logging_mixin.py:115} INFO - [2024-02-25 20:37:43,292] {dag.py:2927} INFO - Setting next_dagrun for example_subdag_operator.section-2 to None, run_after=None
[2024-02-25 20:37:43,295] {logging_mixin.py:115} INFO - [2024-02-25 20:37:43,295] {dag.py:2379} INFO - Sync 2 DAGs
[2024-02-25 20:37:43,297] {logging_mixin.py:115} INFO - [2024-02-25 20:37:43,297] {dag.py:2927} INFO - Setting next_dagrun for example_subdag_operator.section-1 to None, run_after=None
[2024-02-25 20:37:43,298] {logging_mixin.py:115} INFO - [2024-02-25 20:37:43,298] {dag.py:2927} INFO - Setting next_dagrun for example_subdag_operator.section-2 to None, run_after=None
[2024-02-25 20:37:43,308] {processor.py:161} INFO - Processing /home/sheyla/Documents/Repositórios/airflowalura/venv/lib/python3.9/site-packages/airflow/example_dags/example_subdag_operator.py took 0.072 seconds
[2024-02-25 20:38:19,777] {processor.py:153} INFO - Started process (PID=1960250) to work on /home/sheyla/Documents/Repositórios/airflowalura/venv/lib/python3.9/site-packages/airflow/example_dags/example_subdag_operator.py
[2024-02-25 20:38:19,783] {processor.py:641} INFO - Processing file /home/sheyla/Documents/Repositórios/airflowalura/venv/lib/python3.9/site-packages/airflow/example_dags/example_subdag_operator.py for tasks to queue
[2024-02-25 20:38:19,785] {logging_mixin.py:115} INFO - [2024-02-25 20:38:19,784] {dagbag.py:507} INFO - Filling up the DagBag from /home/sheyla/Documents/Repositórios/airflowalura/venv/lib/python3.9/site-packages/airflow/example_dags/example_subdag_operator.py
[2024-02-25 20:38:19,818] {processor.py:651} INFO - DAG(s) dict_keys(['example_subdag_operator.section-1', 'example_subdag_operator.section-2', 'example_subdag_operator']) retrieved from /home/sheyla/Documents/Repositórios/airflowalura/venv/lib/python3.9/site-packages/airflow/example_dags/example_subdag_operator.py
[2024-02-25 20:38:19,832] {logging_mixin.py:115} INFO - [2024-02-25 20:38:19,832] {dag.py:2379} INFO - Sync 3 DAGs
[2024-02-25 20:38:19,844] {logging_mixin.py:115} INFO - [2024-02-25 20:38:19,844] {dag.py:2927} INFO - Setting next_dagrun for example_subdag_operator to 2022-01-01T00:00:00+00:00, run_after=2022-01-01T00:00:00+00:00
[2024-02-25 20:38:19,844] {logging_mixin.py:115} INFO - [2024-02-25 20:38:19,844] {dag.py:2927} INFO - Setting next_dagrun for example_subdag_operator.section-1 to None, run_after=None
[2024-02-25 20:38:19,844] {logging_mixin.py:115} INFO - [2024-02-25 20:38:19,844] {dag.py:2927} INFO - Setting next_dagrun for example_subdag_operator.section-2 to None, run_after=None
[2024-02-25 20:38:19,848] {logging_mixin.py:115} INFO - [2024-02-25 20:38:19,847] {dag.py:2379} INFO - Sync 2 DAGs
[2024-02-25 20:38:19,850] {logging_mixin.py:115} INFO - [2024-02-25 20:38:19,850] {dag.py:2927} INFO - Setting next_dagrun for example_subdag_operator.section-1 to None, run_after=None
[2024-02-25 20:38:19,850] {logging_mixin.py:115} INFO - [2024-02-25 20:38:19,850] {dag.py:2927} INFO - Setting next_dagrun for example_subdag_operator.section-2 to None, run_after=None
[2024-02-25 20:38:19,861] {processor.py:161} INFO - Processing /home/sheyla/Documents/Repositórios/airflowalura/venv/lib/python3.9/site-packages/airflow/example_dags/example_subdag_operator.py took 0.091 seconds
[2024-02-25 20:38:55,060] {processor.py:153} INFO - Started process (PID=1960613) to work on /home/sheyla/Documents/Repositórios/airflowalura/venv/lib/python3.9/site-packages/airflow/example_dags/example_subdag_operator.py
[2024-02-25 20:38:55,061] {processor.py:641} INFO - Processing file /home/sheyla/Documents/Repositórios/airflowalura/venv/lib/python3.9/site-packages/airflow/example_dags/example_subdag_operator.py for tasks to queue
[2024-02-25 20:38:55,062] {logging_mixin.py:115} INFO - [2024-02-25 20:38:55,062] {dagbag.py:507} INFO - Filling up the DagBag from /home/sheyla/Documents/Repositórios/airflowalura/venv/lib/python3.9/site-packages/airflow/example_dags/example_subdag_operator.py
[2024-02-25 20:38:55,095] {processor.py:651} INFO - DAG(s) dict_keys(['example_subdag_operator.section-1', 'example_subdag_operator.section-2', 'example_subdag_operator']) retrieved from /home/sheyla/Documents/Repositórios/airflowalura/venv/lib/python3.9/site-packages/airflow/example_dags/example_subdag_operator.py
[2024-02-25 20:38:55,108] {logging_mixin.py:115} INFO - [2024-02-25 20:38:55,108] {dag.py:2379} INFO - Sync 3 DAGs
[2024-02-25 20:38:55,120] {logging_mixin.py:115} INFO - [2024-02-25 20:38:55,120] {dag.py:2927} INFO - Setting next_dagrun for example_subdag_operator to 2022-01-01T00:00:00+00:00, run_after=2022-01-01T00:00:00+00:00
[2024-02-25 20:38:55,120] {logging_mixin.py:115} INFO - [2024-02-25 20:38:55,120] {dag.py:2927} INFO - Setting next_dagrun for example_subdag_operator.section-1 to None, run_after=None
[2024-02-25 20:38:55,121] {logging_mixin.py:115} INFO - [2024-02-25 20:38:55,120] {dag.py:2927} INFO - Setting next_dagrun for example_subdag_operator.section-2 to None, run_after=None
[2024-02-25 20:38:55,124] {logging_mixin.py:115} INFO - [2024-02-25 20:38:55,124] {dag.py:2379} INFO - Sync 2 DAGs
[2024-02-25 20:38:55,126] {logging_mixin.py:115} INFO - [2024-02-25 20:38:55,126] {dag.py:2927} INFO - Setting next_dagrun for example_subdag_operator.section-1 to None, run_after=None
[2024-02-25 20:38:55,126] {logging_mixin.py:115} INFO - [2024-02-25 20:38:55,126] {dag.py:2927} INFO - Setting next_dagrun for example_subdag_operator.section-2 to None, run_after=None
[2024-02-25 20:38:55,142] {processor.py:161} INFO - Processing /home/sheyla/Documents/Repositórios/airflowalura/venv/lib/python3.9/site-packages/airflow/example_dags/example_subdag_operator.py took 0.089 seconds
[2024-02-25 20:39:32,754] {processor.py:153} INFO - Started process (PID=1960996) to work on /home/sheyla/Documents/Repositórios/airflowalura/venv/lib/python3.9/site-packages/airflow/example_dags/example_subdag_operator.py
[2024-02-25 20:39:32,756] {processor.py:641} INFO - Processing file /home/sheyla/Documents/Repositórios/airflowalura/venv/lib/python3.9/site-packages/airflow/example_dags/example_subdag_operator.py for tasks to queue
[2024-02-25 20:39:32,757] {logging_mixin.py:115} INFO - [2024-02-25 20:39:32,756] {dagbag.py:507} INFO - Filling up the DagBag from /home/sheyla/Documents/Repositórios/airflowalura/venv/lib/python3.9/site-packages/airflow/example_dags/example_subdag_operator.py
[2024-02-25 20:39:32,783] {processor.py:651} INFO - DAG(s) dict_keys(['example_subdag_operator.section-1', 'example_subdag_operator.section-2', 'example_subdag_operator']) retrieved from /home/sheyla/Documents/Repositórios/airflowalura/venv/lib/python3.9/site-packages/airflow/example_dags/example_subdag_operator.py
[2024-02-25 20:39:32,796] {logging_mixin.py:115} INFO - [2024-02-25 20:39:32,796] {dag.py:2379} INFO - Sync 3 DAGs
[2024-02-25 20:39:32,808] {logging_mixin.py:115} INFO - [2024-02-25 20:39:32,808] {dag.py:2927} INFO - Setting next_dagrun for example_subdag_operator to 2022-01-01T00:00:00+00:00, run_after=2022-01-01T00:00:00+00:00
[2024-02-25 20:39:32,808] {logging_mixin.py:115} INFO - [2024-02-25 20:39:32,808] {dag.py:2927} INFO - Setting next_dagrun for example_subdag_operator.section-1 to None, run_after=None
[2024-02-25 20:39:32,808] {logging_mixin.py:115} INFO - [2024-02-25 20:39:32,808] {dag.py:2927} INFO - Setting next_dagrun for example_subdag_operator.section-2 to None, run_after=None
[2024-02-25 20:39:32,811] {logging_mixin.py:115} INFO - [2024-02-25 20:39:32,811] {dag.py:2379} INFO - Sync 2 DAGs
[2024-02-25 20:39:32,813] {logging_mixin.py:115} INFO - [2024-02-25 20:39:32,813] {dag.py:2927} INFO - Setting next_dagrun for example_subdag_operator.section-1 to None, run_after=None
[2024-02-25 20:39:32,814] {logging_mixin.py:115} INFO - [2024-02-25 20:39:32,814] {dag.py:2927} INFO - Setting next_dagrun for example_subdag_operator.section-2 to None, run_after=None
[2024-02-25 20:39:32,828] {processor.py:161} INFO - Processing /home/sheyla/Documents/Repositórios/airflowalura/venv/lib/python3.9/site-packages/airflow/example_dags/example_subdag_operator.py took 0.077 seconds
[2024-02-25 20:40:08,774] {processor.py:153} INFO - Started process (PID=1961378) to work on /home/sheyla/Documents/Repositórios/airflowalura/venv/lib/python3.9/site-packages/airflow/example_dags/example_subdag_operator.py
[2024-02-25 20:40:08,780] {processor.py:641} INFO - Processing file /home/sheyla/Documents/Repositórios/airflowalura/venv/lib/python3.9/site-packages/airflow/example_dags/example_subdag_operator.py for tasks to queue
[2024-02-25 20:40:08,782] {logging_mixin.py:115} INFO - [2024-02-25 20:40:08,781] {dagbag.py:507} INFO - Filling up the DagBag from /home/sheyla/Documents/Repositórios/airflowalura/venv/lib/python3.9/site-packages/airflow/example_dags/example_subdag_operator.py
[2024-02-25 20:40:08,817] {processor.py:651} INFO - DAG(s) dict_keys(['example_subdag_operator.section-1', 'example_subdag_operator.section-2', 'example_subdag_operator']) retrieved from /home/sheyla/Documents/Repositórios/airflowalura/venv/lib/python3.9/site-packages/airflow/example_dags/example_subdag_operator.py
[2024-02-25 20:40:08,830] {logging_mixin.py:115} INFO - [2024-02-25 20:40:08,830] {dag.py:2379} INFO - Sync 3 DAGs
[2024-02-25 20:40:08,843] {logging_mixin.py:115} INFO - [2024-02-25 20:40:08,843] {dag.py:2927} INFO - Setting next_dagrun for example_subdag_operator to 2022-01-01T00:00:00+00:00, run_after=2022-01-01T00:00:00+00:00
[2024-02-25 20:40:08,843] {logging_mixin.py:115} INFO - [2024-02-25 20:40:08,843] {dag.py:2927} INFO - Setting next_dagrun for example_subdag_operator.section-1 to None, run_after=None
[2024-02-25 20:40:08,843] {logging_mixin.py:115} INFO - [2024-02-25 20:40:08,843] {dag.py:2927} INFO - Setting next_dagrun for example_subdag_operator.section-2 to None, run_after=None
[2024-02-25 20:40:08,846] {logging_mixin.py:115} INFO - [2024-02-25 20:40:08,846] {dag.py:2379} INFO - Sync 2 DAGs
[2024-02-25 20:40:08,848] {logging_mixin.py:115} INFO - [2024-02-25 20:40:08,848] {dag.py:2927} INFO - Setting next_dagrun for example_subdag_operator.section-1 to None, run_after=None
[2024-02-25 20:40:08,849] {logging_mixin.py:115} INFO - [2024-02-25 20:40:08,849] {dag.py:2927} INFO - Setting next_dagrun for example_subdag_operator.section-2 to None, run_after=None
[2024-02-25 20:40:08,858] {processor.py:161} INFO - Processing /home/sheyla/Documents/Repositórios/airflowalura/venv/lib/python3.9/site-packages/airflow/example_dags/example_subdag_operator.py took 0.090 seconds
[2024-02-25 20:40:45,964] {processor.py:153} INFO - Started process (PID=1961754) to work on /home/sheyla/Documents/Repositórios/airflowalura/venv/lib/python3.9/site-packages/airflow/example_dags/example_subdag_operator.py
[2024-02-25 20:40:45,966] {processor.py:641} INFO - Processing file /home/sheyla/Documents/Repositórios/airflowalura/venv/lib/python3.9/site-packages/airflow/example_dags/example_subdag_operator.py for tasks to queue
[2024-02-25 20:40:45,968] {logging_mixin.py:115} INFO - [2024-02-25 20:40:45,967] {dagbag.py:507} INFO - Filling up the DagBag from /home/sheyla/Documents/Repositórios/airflowalura/venv/lib/python3.9/site-packages/airflow/example_dags/example_subdag_operator.py
[2024-02-25 20:40:46,001] {processor.py:651} INFO - DAG(s) dict_keys(['example_subdag_operator.section-1', 'example_subdag_operator.section-2', 'example_subdag_operator']) retrieved from /home/sheyla/Documents/Repositórios/airflowalura/venv/lib/python3.9/site-packages/airflow/example_dags/example_subdag_operator.py
[2024-02-25 20:40:46,015] {logging_mixin.py:115} INFO - [2024-02-25 20:40:46,015] {dag.py:2379} INFO - Sync 3 DAGs
[2024-02-25 20:40:46,027] {logging_mixin.py:115} INFO - [2024-02-25 20:40:46,027] {dag.py:2927} INFO - Setting next_dagrun for example_subdag_operator to 2022-01-01T00:00:00+00:00, run_after=2022-01-01T00:00:00+00:00
[2024-02-25 20:40:46,027] {logging_mixin.py:115} INFO - [2024-02-25 20:40:46,027] {dag.py:2927} INFO - Setting next_dagrun for example_subdag_operator.section-1 to None, run_after=None
[2024-02-25 20:40:46,028] {logging_mixin.py:115} INFO - [2024-02-25 20:40:46,028] {dag.py:2927} INFO - Setting next_dagrun for example_subdag_operator.section-2 to None, run_after=None
[2024-02-25 20:40:46,031] {logging_mixin.py:115} INFO - [2024-02-25 20:40:46,031] {dag.py:2379} INFO - Sync 2 DAGs
[2024-02-25 20:40:46,033] {logging_mixin.py:115} INFO - [2024-02-25 20:40:46,033] {dag.py:2927} INFO - Setting next_dagrun for example_subdag_operator.section-1 to None, run_after=None
[2024-02-25 20:40:46,033] {logging_mixin.py:115} INFO - [2024-02-25 20:40:46,033] {dag.py:2927} INFO - Setting next_dagrun for example_subdag_operator.section-2 to None, run_after=None
[2024-02-25 20:40:46,048] {processor.py:161} INFO - Processing /home/sheyla/Documents/Repositórios/airflowalura/venv/lib/python3.9/site-packages/airflow/example_dags/example_subdag_operator.py took 0.092 seconds
[2024-02-25 20:41:24,480] {processor.py:153} INFO - Started process (PID=1962156) to work on /home/sheyla/Documents/Repositórios/airflowalura/venv/lib/python3.9/site-packages/airflow/example_dags/example_subdag_operator.py
[2024-02-25 20:41:24,486] {processor.py:641} INFO - Processing file /home/sheyla/Documents/Repositórios/airflowalura/venv/lib/python3.9/site-packages/airflow/example_dags/example_subdag_operator.py for tasks to queue
[2024-02-25 20:41:24,487] {logging_mixin.py:115} INFO - [2024-02-25 20:41:24,487] {dagbag.py:507} INFO - Filling up the DagBag from /home/sheyla/Documents/Repositórios/airflowalura/venv/lib/python3.9/site-packages/airflow/example_dags/example_subdag_operator.py
[2024-02-25 20:41:24,519] {processor.py:651} INFO - DAG(s) dict_keys(['example_subdag_operator.section-1', 'example_subdag_operator.section-2', 'example_subdag_operator']) retrieved from /home/sheyla/Documents/Repositórios/airflowalura/venv/lib/python3.9/site-packages/airflow/example_dags/example_subdag_operator.py
[2024-02-25 20:41:24,532] {logging_mixin.py:115} INFO - [2024-02-25 20:41:24,532] {dag.py:2379} INFO - Sync 3 DAGs
[2024-02-25 20:41:24,544] {logging_mixin.py:115} INFO - [2024-02-25 20:41:24,544] {dag.py:2927} INFO - Setting next_dagrun for example_subdag_operator to 2022-01-01T00:00:00+00:00, run_after=2022-01-01T00:00:00+00:00
[2024-02-25 20:41:24,545] {logging_mixin.py:115} INFO - [2024-02-25 20:41:24,545] {dag.py:2927} INFO - Setting next_dagrun for example_subdag_operator.section-1 to None, run_after=None
[2024-02-25 20:41:24,545] {logging_mixin.py:115} INFO - [2024-02-25 20:41:24,545] {dag.py:2927} INFO - Setting next_dagrun for example_subdag_operator.section-2 to None, run_after=None
[2024-02-25 20:41:24,548] {logging_mixin.py:115} INFO - [2024-02-25 20:41:24,548] {dag.py:2379} INFO - Sync 2 DAGs
[2024-02-25 20:41:24,550] {logging_mixin.py:115} INFO - [2024-02-25 20:41:24,550] {dag.py:2927} INFO - Setting next_dagrun for example_subdag_operator.section-1 to None, run_after=None
[2024-02-25 20:41:24,550] {logging_mixin.py:115} INFO - [2024-02-25 20:41:24,550] {dag.py:2927} INFO - Setting next_dagrun for example_subdag_operator.section-2 to None, run_after=None
[2024-02-25 20:41:24,561] {processor.py:161} INFO - Processing /home/sheyla/Documents/Repositórios/airflowalura/venv/lib/python3.9/site-packages/airflow/example_dags/example_subdag_operator.py took 0.087 seconds
[2024-02-25 20:42:02,691] {processor.py:153} INFO - Started process (PID=1962569) to work on /home/sheyla/Documents/Repositórios/airflowalura/venv/lib/python3.9/site-packages/airflow/example_dags/example_subdag_operator.py
[2024-02-25 20:42:02,698] {processor.py:641} INFO - Processing file /home/sheyla/Documents/Repositórios/airflowalura/venv/lib/python3.9/site-packages/airflow/example_dags/example_subdag_operator.py for tasks to queue
[2024-02-25 20:42:02,699] {logging_mixin.py:115} INFO - [2024-02-25 20:42:02,699] {dagbag.py:507} INFO - Filling up the DagBag from /home/sheyla/Documents/Repositórios/airflowalura/venv/lib/python3.9/site-packages/airflow/example_dags/example_subdag_operator.py
[2024-02-25 20:42:02,732] {processor.py:651} INFO - DAG(s) dict_keys(['example_subdag_operator.section-1', 'example_subdag_operator.section-2', 'example_subdag_operator']) retrieved from /home/sheyla/Documents/Repositórios/airflowalura/venv/lib/python3.9/site-packages/airflow/example_dags/example_subdag_operator.py
[2024-02-25 20:42:02,745] {logging_mixin.py:115} INFO - [2024-02-25 20:42:02,745] {dag.py:2379} INFO - Sync 3 DAGs
[2024-02-25 20:42:02,757] {logging_mixin.py:115} INFO - [2024-02-25 20:42:02,757] {dag.py:2927} INFO - Setting next_dagrun for example_subdag_operator to 2022-01-01T00:00:00+00:00, run_after=2022-01-01T00:00:00+00:00
[2024-02-25 20:42:02,757] {logging_mixin.py:115} INFO - [2024-02-25 20:42:02,757] {dag.py:2927} INFO - Setting next_dagrun for example_subdag_operator.section-1 to None, run_after=None
[2024-02-25 20:42:02,758] {logging_mixin.py:115} INFO - [2024-02-25 20:42:02,757] {dag.py:2927} INFO - Setting next_dagrun for example_subdag_operator.section-2 to None, run_after=None
[2024-02-25 20:42:02,761] {logging_mixin.py:115} INFO - [2024-02-25 20:42:02,761] {dag.py:2379} INFO - Sync 2 DAGs
[2024-02-25 20:42:02,763] {logging_mixin.py:115} INFO - [2024-02-25 20:42:02,763] {dag.py:2927} INFO - Setting next_dagrun for example_subdag_operator.section-1 to None, run_after=None
[2024-02-25 20:42:02,763] {logging_mixin.py:115} INFO - [2024-02-25 20:42:02,763] {dag.py:2927} INFO - Setting next_dagrun for example_subdag_operator.section-2 to None, run_after=None
[2024-02-25 20:42:02,781] {processor.py:161} INFO - Processing /home/sheyla/Documents/Repositórios/airflowalura/venv/lib/python3.9/site-packages/airflow/example_dags/example_subdag_operator.py took 0.096 seconds
[2024-02-25 20:42:40,034] {processor.py:153} INFO - Started process (PID=1962958) to work on /home/sheyla/Documents/Repositórios/airflowalura/venv/lib/python3.9/site-packages/airflow/example_dags/example_subdag_operator.py
[2024-02-25 20:42:40,040] {processor.py:641} INFO - Processing file /home/sheyla/Documents/Repositórios/airflowalura/venv/lib/python3.9/site-packages/airflow/example_dags/example_subdag_operator.py for tasks to queue
[2024-02-25 20:42:40,041] {logging_mixin.py:115} INFO - [2024-02-25 20:42:40,041] {dagbag.py:507} INFO - Filling up the DagBag from /home/sheyla/Documents/Repositórios/airflowalura/venv/lib/python3.9/site-packages/airflow/example_dags/example_subdag_operator.py
[2024-02-25 20:42:40,081] {processor.py:651} INFO - DAG(s) dict_keys(['example_subdag_operator.section-1', 'example_subdag_operator.section-2', 'example_subdag_operator']) retrieved from /home/sheyla/Documents/Repositórios/airflowalura/venv/lib/python3.9/site-packages/airflow/example_dags/example_subdag_operator.py
[2024-02-25 20:42:40,095] {logging_mixin.py:115} INFO - [2024-02-25 20:42:40,095] {dag.py:2379} INFO - Sync 3 DAGs
[2024-02-25 20:42:40,107] {logging_mixin.py:115} INFO - [2024-02-25 20:42:40,107] {dag.py:2927} INFO - Setting next_dagrun for example_subdag_operator to 2022-01-01T00:00:00+00:00, run_after=2022-01-01T00:00:00+00:00
[2024-02-25 20:42:40,108] {logging_mixin.py:115} INFO - [2024-02-25 20:42:40,108] {dag.py:2927} INFO - Setting next_dagrun for example_subdag_operator.section-1 to None, run_after=None
[2024-02-25 20:42:40,108] {logging_mixin.py:115} INFO - [2024-02-25 20:42:40,108] {dag.py:2927} INFO - Setting next_dagrun for example_subdag_operator.section-2 to None, run_after=None
[2024-02-25 20:42:40,111] {logging_mixin.py:115} INFO - [2024-02-25 20:42:40,111] {dag.py:2379} INFO - Sync 2 DAGs
[2024-02-25 20:42:40,113] {logging_mixin.py:115} INFO - [2024-02-25 20:42:40,113] {dag.py:2927} INFO - Setting next_dagrun for example_subdag_operator.section-1 to None, run_after=None
[2024-02-25 20:42:40,113] {logging_mixin.py:115} INFO - [2024-02-25 20:42:40,113] {dag.py:2927} INFO - Setting next_dagrun for example_subdag_operator.section-2 to None, run_after=None
[2024-02-25 20:42:40,129] {processor.py:161} INFO - Processing /home/sheyla/Documents/Repositórios/airflowalura/venv/lib/python3.9/site-packages/airflow/example_dags/example_subdag_operator.py took 0.096 seconds
[2024-02-25 20:43:18,956] {processor.py:153} INFO - Started process (PID=1963355) to work on /home/sheyla/Documents/Repositórios/airflowalura/venv/lib/python3.9/site-packages/airflow/example_dags/example_subdag_operator.py
[2024-02-25 20:43:18,961] {processor.py:641} INFO - Processing file /home/sheyla/Documents/Repositórios/airflowalura/venv/lib/python3.9/site-packages/airflow/example_dags/example_subdag_operator.py for tasks to queue
[2024-02-25 20:43:18,961] {logging_mixin.py:115} INFO - [2024-02-25 20:43:18,961] {dagbag.py:507} INFO - Filling up the DagBag from /home/sheyla/Documents/Repositórios/airflowalura/venv/lib/python3.9/site-packages/airflow/example_dags/example_subdag_operator.py
[2024-02-25 20:43:18,978] {processor.py:651} INFO - DAG(s) dict_keys(['example_subdag_operator.section-1', 'example_subdag_operator.section-2', 'example_subdag_operator']) retrieved from /home/sheyla/Documents/Repositórios/airflowalura/venv/lib/python3.9/site-packages/airflow/example_dags/example_subdag_operator.py
[2024-02-25 20:43:18,993] {logging_mixin.py:115} INFO - [2024-02-25 20:43:18,993] {dag.py:2379} INFO - Sync 3 DAGs
[2024-02-25 20:43:19,005] {logging_mixin.py:115} INFO - [2024-02-25 20:43:19,005] {dag.py:2927} INFO - Setting next_dagrun for example_subdag_operator to 2022-01-01T00:00:00+00:00, run_after=2022-01-01T00:00:00+00:00
[2024-02-25 20:43:19,005] {logging_mixin.py:115} INFO - [2024-02-25 20:43:19,005] {dag.py:2927} INFO - Setting next_dagrun for example_subdag_operator.section-1 to None, run_after=None
[2024-02-25 20:43:19,005] {logging_mixin.py:115} INFO - [2024-02-25 20:43:19,005] {dag.py:2927} INFO - Setting next_dagrun for example_subdag_operator.section-2 to None, run_after=None
[2024-02-25 20:43:19,008] {logging_mixin.py:115} INFO - [2024-02-25 20:43:19,008] {dag.py:2379} INFO - Sync 2 DAGs
[2024-02-25 20:43:19,011] {logging_mixin.py:115} INFO - [2024-02-25 20:43:19,011] {dag.py:2927} INFO - Setting next_dagrun for example_subdag_operator.section-1 to None, run_after=None
[2024-02-25 20:43:19,011] {logging_mixin.py:115} INFO - [2024-02-25 20:43:19,011] {dag.py:2927} INFO - Setting next_dagrun for example_subdag_operator.section-2 to None, run_after=None
[2024-02-25 20:43:19,020] {processor.py:161} INFO - Processing /home/sheyla/Documents/Repositórios/airflowalura/venv/lib/python3.9/site-packages/airflow/example_dags/example_subdag_operator.py took 0.067 seconds
[2024-02-25 20:43:56,209] {processor.py:153} INFO - Started process (PID=1963738) to work on /home/sheyla/Documents/Repositórios/airflowalura/venv/lib/python3.9/site-packages/airflow/example_dags/example_subdag_operator.py
[2024-02-25 20:43:56,214] {processor.py:641} INFO - Processing file /home/sheyla/Documents/Repositórios/airflowalura/venv/lib/python3.9/site-packages/airflow/example_dags/example_subdag_operator.py for tasks to queue
[2024-02-25 20:43:56,215] {logging_mixin.py:115} INFO - [2024-02-25 20:43:56,215] {dagbag.py:507} INFO - Filling up the DagBag from /home/sheyla/Documents/Repositórios/airflowalura/venv/lib/python3.9/site-packages/airflow/example_dags/example_subdag_operator.py
[2024-02-25 20:43:56,231] {processor.py:651} INFO - DAG(s) dict_keys(['example_subdag_operator.section-1', 'example_subdag_operator.section-2', 'example_subdag_operator']) retrieved from /home/sheyla/Documents/Repositórios/airflowalura/venv/lib/python3.9/site-packages/airflow/example_dags/example_subdag_operator.py
[2024-02-25 20:43:56,243] {logging_mixin.py:115} INFO - [2024-02-25 20:43:56,243] {dag.py:2379} INFO - Sync 3 DAGs
[2024-02-25 20:43:56,255] {logging_mixin.py:115} INFO - [2024-02-25 20:43:56,255] {dag.py:2927} INFO - Setting next_dagrun for example_subdag_operator to 2022-01-01T00:00:00+00:00, run_after=2022-01-01T00:00:00+00:00
[2024-02-25 20:43:56,255] {logging_mixin.py:115} INFO - [2024-02-25 20:43:56,255] {dag.py:2927} INFO - Setting next_dagrun for example_subdag_operator.section-1 to None, run_after=None
[2024-02-25 20:43:56,255] {logging_mixin.py:115} INFO - [2024-02-25 20:43:56,255] {dag.py:2927} INFO - Setting next_dagrun for example_subdag_operator.section-2 to None, run_after=None
[2024-02-25 20:43:56,258] {logging_mixin.py:115} INFO - [2024-02-25 20:43:56,258] {dag.py:2379} INFO - Sync 2 DAGs
[2024-02-25 20:43:56,261] {logging_mixin.py:115} INFO - [2024-02-25 20:43:56,260] {dag.py:2927} INFO - Setting next_dagrun for example_subdag_operator.section-1 to None, run_after=None
[2024-02-25 20:43:56,261] {logging_mixin.py:115} INFO - [2024-02-25 20:43:56,261] {dag.py:2927} INFO - Setting next_dagrun for example_subdag_operator.section-2 to None, run_after=None
[2024-02-25 20:43:56,271] {processor.py:161} INFO - Processing /home/sheyla/Documents/Repositórios/airflowalura/venv/lib/python3.9/site-packages/airflow/example_dags/example_subdag_operator.py took 0.065 seconds
[2024-02-25 20:44:36,048] {processor.py:153} INFO - Started process (PID=1964143) to work on /home/sheyla/Documents/Repositórios/airflowalura/venv/lib/python3.9/site-packages/airflow/example_dags/example_subdag_operator.py
[2024-02-25 20:44:36,054] {processor.py:641} INFO - Processing file /home/sheyla/Documents/Repositórios/airflowalura/venv/lib/python3.9/site-packages/airflow/example_dags/example_subdag_operator.py for tasks to queue
[2024-02-25 20:44:36,055] {logging_mixin.py:115} INFO - [2024-02-25 20:44:36,055] {dagbag.py:507} INFO - Filling up the DagBag from /home/sheyla/Documents/Repositórios/airflowalura/venv/lib/python3.9/site-packages/airflow/example_dags/example_subdag_operator.py
[2024-02-25 20:44:36,088] {processor.py:651} INFO - DAG(s) dict_keys(['example_subdag_operator.section-1', 'example_subdag_operator.section-2', 'example_subdag_operator']) retrieved from /home/sheyla/Documents/Repositórios/airflowalura/venv/lib/python3.9/site-packages/airflow/example_dags/example_subdag_operator.py
[2024-02-25 20:44:36,102] {logging_mixin.py:115} INFO - [2024-02-25 20:44:36,102] {dag.py:2379} INFO - Sync 3 DAGs
[2024-02-25 20:44:36,114] {logging_mixin.py:115} INFO - [2024-02-25 20:44:36,114] {dag.py:2927} INFO - Setting next_dagrun for example_subdag_operator to 2022-01-01T00:00:00+00:00, run_after=2022-01-01T00:00:00+00:00
[2024-02-25 20:44:36,114] {logging_mixin.py:115} INFO - [2024-02-25 20:44:36,114] {dag.py:2927} INFO - Setting next_dagrun for example_subdag_operator.section-1 to None, run_after=None
[2024-02-25 20:44:36,114] {logging_mixin.py:115} INFO - [2024-02-25 20:44:36,114] {dag.py:2927} INFO - Setting next_dagrun for example_subdag_operator.section-2 to None, run_after=None
[2024-02-25 20:44:36,117] {logging_mixin.py:115} INFO - [2024-02-25 20:44:36,117] {dag.py:2379} INFO - Sync 2 DAGs
[2024-02-25 20:44:36,120] {logging_mixin.py:115} INFO - [2024-02-25 20:44:36,120] {dag.py:2927} INFO - Setting next_dagrun for example_subdag_operator.section-1 to None, run_after=None
[2024-02-25 20:44:36,120] {logging_mixin.py:115} INFO - [2024-02-25 20:44:36,120] {dag.py:2927} INFO - Setting next_dagrun for example_subdag_operator.section-2 to None, run_after=None
[2024-02-25 20:44:36,130] {processor.py:161} INFO - Processing /home/sheyla/Documents/Repositórios/airflowalura/venv/lib/python3.9/site-packages/airflow/example_dags/example_subdag_operator.py took 0.089 seconds
[2024-02-25 20:45:11,661] {processor.py:153} INFO - Started process (PID=1964511) to work on /home/sheyla/Documents/Repositórios/airflowalura/venv/lib/python3.9/site-packages/airflow/example_dags/example_subdag_operator.py
[2024-02-25 20:45:11,667] {processor.py:641} INFO - Processing file /home/sheyla/Documents/Repositórios/airflowalura/venv/lib/python3.9/site-packages/airflow/example_dags/example_subdag_operator.py for tasks to queue
[2024-02-25 20:45:11,668] {logging_mixin.py:115} INFO - [2024-02-25 20:45:11,668] {dagbag.py:507} INFO - Filling up the DagBag from /home/sheyla/Documents/Repositórios/airflowalura/venv/lib/python3.9/site-packages/airflow/example_dags/example_subdag_operator.py
[2024-02-25 20:45:11,704] {processor.py:651} INFO - DAG(s) dict_keys(['example_subdag_operator.section-1', 'example_subdag_operator.section-2', 'example_subdag_operator']) retrieved from /home/sheyla/Documents/Repositórios/airflowalura/venv/lib/python3.9/site-packages/airflow/example_dags/example_subdag_operator.py
[2024-02-25 20:45:11,718] {logging_mixin.py:115} INFO - [2024-02-25 20:45:11,718] {dag.py:2379} INFO - Sync 3 DAGs
[2024-02-25 20:45:11,730] {logging_mixin.py:115} INFO - [2024-02-25 20:45:11,730] {dag.py:2927} INFO - Setting next_dagrun for example_subdag_operator to 2022-01-01T00:00:00+00:00, run_after=2022-01-01T00:00:00+00:00
[2024-02-25 20:45:11,730] {logging_mixin.py:115} INFO - [2024-02-25 20:45:11,730] {dag.py:2927} INFO - Setting next_dagrun for example_subdag_operator.section-1 to None, run_after=None
[2024-02-25 20:45:11,730] {logging_mixin.py:115} INFO - [2024-02-25 20:45:11,730] {dag.py:2927} INFO - Setting next_dagrun for example_subdag_operator.section-2 to None, run_after=None
[2024-02-25 20:45:11,733] {logging_mixin.py:115} INFO - [2024-02-25 20:45:11,733] {dag.py:2379} INFO - Sync 2 DAGs
[2024-02-25 20:45:11,736] {logging_mixin.py:115} INFO - [2024-02-25 20:45:11,735] {dag.py:2927} INFO - Setting next_dagrun for example_subdag_operator.section-1 to None, run_after=None
[2024-02-25 20:45:11,736] {logging_mixin.py:115} INFO - [2024-02-25 20:45:11,736] {dag.py:2927} INFO - Setting next_dagrun for example_subdag_operator.section-2 to None, run_after=None
[2024-02-25 20:45:11,745] {processor.py:161} INFO - Processing /home/sheyla/Documents/Repositórios/airflowalura/venv/lib/python3.9/site-packages/airflow/example_dags/example_subdag_operator.py took 0.087 seconds
[2024-02-25 20:45:46,926] {processor.py:153} INFO - Started process (PID=1964871) to work on /home/sheyla/Documents/Repositórios/airflowalura/venv/lib/python3.9/site-packages/airflow/example_dags/example_subdag_operator.py
[2024-02-25 20:45:46,931] {processor.py:641} INFO - Processing file /home/sheyla/Documents/Repositórios/airflowalura/venv/lib/python3.9/site-packages/airflow/example_dags/example_subdag_operator.py for tasks to queue
[2024-02-25 20:45:46,932] {logging_mixin.py:115} INFO - [2024-02-25 20:45:46,931] {dagbag.py:507} INFO - Filling up the DagBag from /home/sheyla/Documents/Repositórios/airflowalura/venv/lib/python3.9/site-packages/airflow/example_dags/example_subdag_operator.py
[2024-02-25 20:45:46,955] {processor.py:651} INFO - DAG(s) dict_keys(['example_subdag_operator.section-1', 'example_subdag_operator.section-2', 'example_subdag_operator']) retrieved from /home/sheyla/Documents/Repositórios/airflowalura/venv/lib/python3.9/site-packages/airflow/example_dags/example_subdag_operator.py
[2024-02-25 20:45:46,971] {logging_mixin.py:115} INFO - [2024-02-25 20:45:46,971] {dag.py:2379} INFO - Sync 3 DAGs
[2024-02-25 20:45:46,984] {logging_mixin.py:115} INFO - [2024-02-25 20:45:46,984] {dag.py:2927} INFO - Setting next_dagrun for example_subdag_operator to 2022-01-01T00:00:00+00:00, run_after=2022-01-01T00:00:00+00:00
[2024-02-25 20:45:46,984] {logging_mixin.py:115} INFO - [2024-02-25 20:45:46,984] {dag.py:2927} INFO - Setting next_dagrun for example_subdag_operator.section-1 to None, run_after=None
[2024-02-25 20:45:46,984] {logging_mixin.py:115} INFO - [2024-02-25 20:45:46,984] {dag.py:2927} INFO - Setting next_dagrun for example_subdag_operator.section-2 to None, run_after=None
[2024-02-25 20:45:46,987] {logging_mixin.py:115} INFO - [2024-02-25 20:45:46,987] {dag.py:2379} INFO - Sync 2 DAGs
[2024-02-25 20:45:46,990] {logging_mixin.py:115} INFO - [2024-02-25 20:45:46,990] {dag.py:2927} INFO - Setting next_dagrun for example_subdag_operator.section-1 to None, run_after=None
[2024-02-25 20:45:46,990] {logging_mixin.py:115} INFO - [2024-02-25 20:45:46,990] {dag.py:2927} INFO - Setting next_dagrun for example_subdag_operator.section-2 to None, run_after=None
[2024-02-25 20:45:47,001] {processor.py:161} INFO - Processing /home/sheyla/Documents/Repositórios/airflowalura/venv/lib/python3.9/site-packages/airflow/example_dags/example_subdag_operator.py took 0.078 seconds
[2024-02-25 20:46:25,538] {processor.py:153} INFO - Started process (PID=1965273) to work on /home/sheyla/Documents/Repositórios/airflowalura/venv/lib/python3.9/site-packages/airflow/example_dags/example_subdag_operator.py
[2024-02-25 20:46:25,544] {processor.py:641} INFO - Processing file /home/sheyla/Documents/Repositórios/airflowalura/venv/lib/python3.9/site-packages/airflow/example_dags/example_subdag_operator.py for tasks to queue
[2024-02-25 20:46:25,545] {logging_mixin.py:115} INFO - [2024-02-25 20:46:25,545] {dagbag.py:507} INFO - Filling up the DagBag from /home/sheyla/Documents/Repositórios/airflowalura/venv/lib/python3.9/site-packages/airflow/example_dags/example_subdag_operator.py
[2024-02-25 20:46:25,578] {processor.py:651} INFO - DAG(s) dict_keys(['example_subdag_operator.section-1', 'example_subdag_operator.section-2', 'example_subdag_operator']) retrieved from /home/sheyla/Documents/Repositórios/airflowalura/venv/lib/python3.9/site-packages/airflow/example_dags/example_subdag_operator.py
[2024-02-25 20:46:25,592] {logging_mixin.py:115} INFO - [2024-02-25 20:46:25,591] {dag.py:2379} INFO - Sync 3 DAGs
[2024-02-25 20:46:25,604] {logging_mixin.py:115} INFO - [2024-02-25 20:46:25,604] {dag.py:2927} INFO - Setting next_dagrun for example_subdag_operator to 2022-01-01T00:00:00+00:00, run_after=2022-01-01T00:00:00+00:00
[2024-02-25 20:46:25,604] {logging_mixin.py:115} INFO - [2024-02-25 20:46:25,604] {dag.py:2927} INFO - Setting next_dagrun for example_subdag_operator.section-1 to None, run_after=None
[2024-02-25 20:46:25,604] {logging_mixin.py:115} INFO - [2024-02-25 20:46:25,604] {dag.py:2927} INFO - Setting next_dagrun for example_subdag_operator.section-2 to None, run_after=None
[2024-02-25 20:46:25,607] {logging_mixin.py:115} INFO - [2024-02-25 20:46:25,607] {dag.py:2379} INFO - Sync 2 DAGs
[2024-02-25 20:46:25,610] {logging_mixin.py:115} INFO - [2024-02-25 20:46:25,610] {dag.py:2927} INFO - Setting next_dagrun for example_subdag_operator.section-1 to None, run_after=None
[2024-02-25 20:46:25,610] {logging_mixin.py:115} INFO - [2024-02-25 20:46:25,610] {dag.py:2927} INFO - Setting next_dagrun for example_subdag_operator.section-2 to None, run_after=None
[2024-02-25 20:46:25,620] {processor.py:161} INFO - Processing /home/sheyla/Documents/Repositórios/airflowalura/venv/lib/python3.9/site-packages/airflow/example_dags/example_subdag_operator.py took 0.089 seconds
[2024-02-25 20:47:00,491] {processor.py:153} INFO - Started process (PID=1965704) to work on /home/sheyla/Documents/Repositórios/airflowalura/venv/lib/python3.9/site-packages/airflow/example_dags/example_subdag_operator.py
[2024-02-25 20:47:00,493] {processor.py:641} INFO - Processing file /home/sheyla/Documents/Repositórios/airflowalura/venv/lib/python3.9/site-packages/airflow/example_dags/example_subdag_operator.py for tasks to queue
[2024-02-25 20:47:00,494] {logging_mixin.py:115} INFO - [2024-02-25 20:47:00,494] {dagbag.py:507} INFO - Filling up the DagBag from /home/sheyla/Documents/Repositórios/airflowalura/venv/lib/python3.9/site-packages/airflow/example_dags/example_subdag_operator.py
[2024-02-25 20:47:00,527] {processor.py:651} INFO - DAG(s) dict_keys(['example_subdag_operator.section-1', 'example_subdag_operator.section-2', 'example_subdag_operator']) retrieved from /home/sheyla/Documents/Repositórios/airflowalura/venv/lib/python3.9/site-packages/airflow/example_dags/example_subdag_operator.py
[2024-02-25 20:47:00,539] {logging_mixin.py:115} INFO - [2024-02-25 20:47:00,539] {dag.py:2379} INFO - Sync 3 DAGs
[2024-02-25 20:47:00,551] {logging_mixin.py:115} INFO - [2024-02-25 20:47:00,551] {dag.py:2927} INFO - Setting next_dagrun for example_subdag_operator to 2022-01-01T00:00:00+00:00, run_after=2022-01-01T00:00:00+00:00
[2024-02-25 20:47:00,551] {logging_mixin.py:115} INFO - [2024-02-25 20:47:00,551] {dag.py:2927} INFO - Setting next_dagrun for example_subdag_operator.section-1 to None, run_after=None
[2024-02-25 20:47:00,551] {logging_mixin.py:115} INFO - [2024-02-25 20:47:00,551] {dag.py:2927} INFO - Setting next_dagrun for example_subdag_operator.section-2 to None, run_after=None
[2024-02-25 20:47:00,554] {logging_mixin.py:115} INFO - [2024-02-25 20:47:00,554] {dag.py:2379} INFO - Sync 2 DAGs
[2024-02-25 20:47:00,557] {logging_mixin.py:115} INFO - [2024-02-25 20:47:00,556] {dag.py:2927} INFO - Setting next_dagrun for example_subdag_operator.section-1 to None, run_after=None
[2024-02-25 20:47:00,557] {logging_mixin.py:115} INFO - [2024-02-25 20:47:00,557] {dag.py:2927} INFO - Setting next_dagrun for example_subdag_operator.section-2 to None, run_after=None
[2024-02-25 20:47:00,566] {processor.py:161} INFO - Processing /home/sheyla/Documents/Repositórios/airflowalura/venv/lib/python3.9/site-packages/airflow/example_dags/example_subdag_operator.py took 0.082 seconds
[2024-02-25 20:47:40,603] {processor.py:153} INFO - Started process (PID=1966294) to work on /home/sheyla/Documents/Repositórios/airflowalura/venv/lib/python3.9/site-packages/airflow/example_dags/example_subdag_operator.py
[2024-02-25 20:47:40,604] {processor.py:641} INFO - Processing file /home/sheyla/Documents/Repositórios/airflowalura/venv/lib/python3.9/site-packages/airflow/example_dags/example_subdag_operator.py for tasks to queue
[2024-02-25 20:47:40,605] {logging_mixin.py:115} INFO - [2024-02-25 20:47:40,605] {dagbag.py:507} INFO - Filling up the DagBag from /home/sheyla/Documents/Repositórios/airflowalura/venv/lib/python3.9/site-packages/airflow/example_dags/example_subdag_operator.py
[2024-02-25 20:47:40,627] {processor.py:651} INFO - DAG(s) dict_keys(['example_subdag_operator.section-1', 'example_subdag_operator.section-2', 'example_subdag_operator']) retrieved from /home/sheyla/Documents/Repositórios/airflowalura/venv/lib/python3.9/site-packages/airflow/example_dags/example_subdag_operator.py
[2024-02-25 20:47:40,640] {logging_mixin.py:115} INFO - [2024-02-25 20:47:40,639] {dag.py:2379} INFO - Sync 3 DAGs
[2024-02-25 20:47:40,653] {logging_mixin.py:115} INFO - [2024-02-25 20:47:40,652] {dag.py:2927} INFO - Setting next_dagrun for example_subdag_operator to 2022-01-01T00:00:00+00:00, run_after=2022-01-01T00:00:00+00:00
[2024-02-25 20:47:40,653] {logging_mixin.py:115} INFO - [2024-02-25 20:47:40,653] {dag.py:2927} INFO - Setting next_dagrun for example_subdag_operator.section-1 to None, run_after=None
[2024-02-25 20:47:40,653] {logging_mixin.py:115} INFO - [2024-02-25 20:47:40,653] {dag.py:2927} INFO - Setting next_dagrun for example_subdag_operator.section-2 to None, run_after=None
[2024-02-25 20:47:40,656] {logging_mixin.py:115} INFO - [2024-02-25 20:47:40,656] {dag.py:2379} INFO - Sync 2 DAGs
[2024-02-25 20:47:40,659] {logging_mixin.py:115} INFO - [2024-02-25 20:47:40,659] {dag.py:2927} INFO - Setting next_dagrun for example_subdag_operator.section-1 to None, run_after=None
[2024-02-25 20:47:40,659] {logging_mixin.py:115} INFO - [2024-02-25 20:47:40,659] {dag.py:2927} INFO - Setting next_dagrun for example_subdag_operator.section-2 to None, run_after=None
[2024-02-25 20:47:40,670] {processor.py:161} INFO - Processing /home/sheyla/Documents/Repositórios/airflowalura/venv/lib/python3.9/site-packages/airflow/example_dags/example_subdag_operator.py took 0.072 seconds
[2024-02-25 20:48:16,721] {processor.py:153} INFO - Started process (PID=1966843) to work on /home/sheyla/Documents/Repositórios/airflowalura/venv/lib/python3.9/site-packages/airflow/example_dags/example_subdag_operator.py
[2024-02-25 20:48:16,722] {processor.py:641} INFO - Processing file /home/sheyla/Documents/Repositórios/airflowalura/venv/lib/python3.9/site-packages/airflow/example_dags/example_subdag_operator.py for tasks to queue
[2024-02-25 20:48:16,723] {logging_mixin.py:115} INFO - [2024-02-25 20:48:16,722] {dagbag.py:507} INFO - Filling up the DagBag from /home/sheyla/Documents/Repositórios/airflowalura/venv/lib/python3.9/site-packages/airflow/example_dags/example_subdag_operator.py
[2024-02-25 20:48:16,744] {processor.py:651} INFO - DAG(s) dict_keys(['example_subdag_operator.section-1', 'example_subdag_operator.section-2', 'example_subdag_operator']) retrieved from /home/sheyla/Documents/Repositórios/airflowalura/venv/lib/python3.9/site-packages/airflow/example_dags/example_subdag_operator.py
[2024-02-25 20:48:16,760] {logging_mixin.py:115} INFO - [2024-02-25 20:48:16,760] {dag.py:2379} INFO - Sync 3 DAGs
[2024-02-25 20:48:16,772] {logging_mixin.py:115} INFO - [2024-02-25 20:48:16,772] {dag.py:2927} INFO - Setting next_dagrun for example_subdag_operator to 2022-01-01T00:00:00+00:00, run_after=2022-01-01T00:00:00+00:00
[2024-02-25 20:48:16,772] {logging_mixin.py:115} INFO - [2024-02-25 20:48:16,772] {dag.py:2927} INFO - Setting next_dagrun for example_subdag_operator.section-1 to None, run_after=None
[2024-02-25 20:48:16,772] {logging_mixin.py:115} INFO - [2024-02-25 20:48:16,772] {dag.py:2927} INFO - Setting next_dagrun for example_subdag_operator.section-2 to None, run_after=None
[2024-02-25 20:48:16,775] {logging_mixin.py:115} INFO - [2024-02-25 20:48:16,775] {dag.py:2379} INFO - Sync 2 DAGs
[2024-02-25 20:48:16,778] {logging_mixin.py:115} INFO - [2024-02-25 20:48:16,778] {dag.py:2927} INFO - Setting next_dagrun for example_subdag_operator.section-1 to None, run_after=None
[2024-02-25 20:48:16,778] {logging_mixin.py:115} INFO - [2024-02-25 20:48:16,778] {dag.py:2927} INFO - Setting next_dagrun for example_subdag_operator.section-2 to None, run_after=None
[2024-02-25 20:48:16,792] {processor.py:161} INFO - Processing /home/sheyla/Documents/Repositórios/airflowalura/venv/lib/python3.9/site-packages/airflow/example_dags/example_subdag_operator.py took 0.073 seconds
