[2024-02-25 20:34:07,635] {processor.py:153} INFO - Started process (PID=1957571) to work on /home/sheyla/Documents/Repositórios/airflowalura/venv/lib/python3.9/site-packages/airflow/example_dags/example_branch_datetime_operator.py
[2024-02-25 20:34:07,636] {processor.py:641} INFO - Processing file /home/sheyla/Documents/Repositórios/airflowalura/venv/lib/python3.9/site-packages/airflow/example_dags/example_branch_datetime_operator.py for tasks to queue
[2024-02-25 20:34:07,637] {logging_mixin.py:115} INFO - [2024-02-25 20:34:07,637] {dagbag.py:507} INFO - Filling up the DagBag from /home/sheyla/Documents/Repositórios/airflowalura/venv/lib/python3.9/site-packages/airflow/example_dags/example_branch_datetime_operator.py
[2024-02-25 20:34:07,656] {processor.py:651} INFO - DAG(s) dict_keys(['example_branch_datetime_operator_2']) retrieved from /home/sheyla/Documents/Repositórios/airflowalura/venv/lib/python3.9/site-packages/airflow/example_dags/example_branch_datetime_operator.py
[2024-02-25 20:34:07,672] {logging_mixin.py:115} INFO - [2024-02-25 20:34:07,672] {dag.py:2379} INFO - Sync 1 DAGs
[2024-02-25 20:34:07,688] {logging_mixin.py:115} INFO - [2024-02-25 20:34:07,688] {dag.py:2927} INFO - Setting next_dagrun for example_branch_datetime_operator_2 to 2024-02-25T00:00:00+00:00, run_after=2024-02-26T00:00:00+00:00
[2024-02-25 20:34:07,707] {processor.py:161} INFO - Processing /home/sheyla/Documents/Repositórios/airflowalura/venv/lib/python3.9/site-packages/airflow/example_dags/example_branch_datetime_operator.py took 0.078 seconds
[2024-02-25 20:34:47,018] {processor.py:153} INFO - Started process (PID=1958044) to work on /home/sheyla/Documents/Repositórios/airflowalura/venv/lib/python3.9/site-packages/airflow/example_dags/example_branch_datetime_operator.py
[2024-02-25 20:34:47,019] {processor.py:641} INFO - Processing file /home/sheyla/Documents/Repositórios/airflowalura/venv/lib/python3.9/site-packages/airflow/example_dags/example_branch_datetime_operator.py for tasks to queue
[2024-02-25 20:34:47,020] {logging_mixin.py:115} INFO - [2024-02-25 20:34:47,020] {dagbag.py:507} INFO - Filling up the DagBag from /home/sheyla/Documents/Repositórios/airflowalura/venv/lib/python3.9/site-packages/airflow/example_dags/example_branch_datetime_operator.py
[2024-02-25 20:34:47,039] {processor.py:651} INFO - DAG(s) dict_keys(['example_branch_datetime_operator_2']) retrieved from /home/sheyla/Documents/Repositórios/airflowalura/venv/lib/python3.9/site-packages/airflow/example_dags/example_branch_datetime_operator.py
[2024-02-25 20:34:47,055] {logging_mixin.py:115} INFO - [2024-02-25 20:34:47,055] {dag.py:2379} INFO - Sync 1 DAGs
[2024-02-25 20:34:47,070] {logging_mixin.py:115} INFO - [2024-02-25 20:34:47,070] {dag.py:2927} INFO - Setting next_dagrun for example_branch_datetime_operator_2 to 2024-02-25T00:00:00+00:00, run_after=2024-02-26T00:00:00+00:00
[2024-02-25 20:34:47,150] {processor.py:161} INFO - Processing /home/sheyla/Documents/Repositórios/airflowalura/venv/lib/python3.9/site-packages/airflow/example_dags/example_branch_datetime_operator.py took 0.139 seconds
[2024-02-25 20:35:26,780] {processor.py:153} INFO - Started process (PID=1958447) to work on /home/sheyla/Documents/Repositórios/airflowalura/venv/lib/python3.9/site-packages/airflow/example_dags/example_branch_datetime_operator.py
[2024-02-25 20:35:26,786] {processor.py:641} INFO - Processing file /home/sheyla/Documents/Repositórios/airflowalura/venv/lib/python3.9/site-packages/airflow/example_dags/example_branch_datetime_operator.py for tasks to queue
[2024-02-25 20:35:26,788] {logging_mixin.py:115} INFO - [2024-02-25 20:35:26,788] {dagbag.py:507} INFO - Filling up the DagBag from /home/sheyla/Documents/Repositórios/airflowalura/venv/lib/python3.9/site-packages/airflow/example_dags/example_branch_datetime_operator.py
[2024-02-25 20:35:26,808] {processor.py:651} INFO - DAG(s) dict_keys(['example_branch_datetime_operator_2']) retrieved from /home/sheyla/Documents/Repositórios/airflowalura/venv/lib/python3.9/site-packages/airflow/example_dags/example_branch_datetime_operator.py
[2024-02-25 20:35:26,825] {logging_mixin.py:115} INFO - [2024-02-25 20:35:26,825] {dag.py:2379} INFO - Sync 1 DAGs
[2024-02-25 20:35:26,841] {logging_mixin.py:115} INFO - [2024-02-25 20:35:26,841] {dag.py:2927} INFO - Setting next_dagrun for example_branch_datetime_operator_2 to 2024-02-25T00:00:00+00:00, run_after=2024-02-26T00:00:00+00:00
[2024-02-25 20:35:26,853] {processor.py:161} INFO - Processing /home/sheyla/Documents/Repositórios/airflowalura/venv/lib/python3.9/site-packages/airflow/example_dags/example_branch_datetime_operator.py took 0.079 seconds
[2024-02-25 20:36:02,841] {processor.py:153} INFO - Started process (PID=1958819) to work on /home/sheyla/Documents/Repositórios/airflowalura/venv/lib/python3.9/site-packages/airflow/example_dags/example_branch_datetime_operator.py
[2024-02-25 20:36:02,847] {processor.py:641} INFO - Processing file /home/sheyla/Documents/Repositórios/airflowalura/venv/lib/python3.9/site-packages/airflow/example_dags/example_branch_datetime_operator.py for tasks to queue
[2024-02-25 20:36:02,848] {logging_mixin.py:115} INFO - [2024-02-25 20:36:02,848] {dagbag.py:507} INFO - Filling up the DagBag from /home/sheyla/Documents/Repositórios/airflowalura/venv/lib/python3.9/site-packages/airflow/example_dags/example_branch_datetime_operator.py
[2024-02-25 20:36:02,867] {processor.py:651} INFO - DAG(s) dict_keys(['example_branch_datetime_operator_2']) retrieved from /home/sheyla/Documents/Repositórios/airflowalura/venv/lib/python3.9/site-packages/airflow/example_dags/example_branch_datetime_operator.py
[2024-02-25 20:36:02,884] {logging_mixin.py:115} INFO - [2024-02-25 20:36:02,884] {dag.py:2379} INFO - Sync 1 DAGs
[2024-02-25 20:36:02,901] {logging_mixin.py:115} INFO - [2024-02-25 20:36:02,901] {dag.py:2927} INFO - Setting next_dagrun for example_branch_datetime_operator_2 to 2024-02-25T00:00:00+00:00, run_after=2024-02-26T00:00:00+00:00
[2024-02-25 20:36:02,914] {processor.py:161} INFO - Processing /home/sheyla/Documents/Repositórios/airflowalura/venv/lib/python3.9/site-packages/airflow/example_dags/example_branch_datetime_operator.py took 0.079 seconds
[2024-02-25 20:36:46,457] {processor.py:153} INFO - Started process (PID=1959290) to work on /home/sheyla/Documents/Repositórios/airflowalura/venv/lib/python3.9/site-packages/airflow/example_dags/example_branch_datetime_operator.py
[2024-02-25 20:36:46,464] {processor.py:641} INFO - Processing file /home/sheyla/Documents/Repositórios/airflowalura/venv/lib/python3.9/site-packages/airflow/example_dags/example_branch_datetime_operator.py for tasks to queue
[2024-02-25 20:36:46,465] {logging_mixin.py:115} INFO - [2024-02-25 20:36:46,465] {dagbag.py:507} INFO - Filling up the DagBag from /home/sheyla/Documents/Repositórios/airflowalura/venv/lib/python3.9/site-packages/airflow/example_dags/example_branch_datetime_operator.py
[2024-02-25 20:36:46,487] {processor.py:651} INFO - DAG(s) dict_keys(['example_branch_datetime_operator_2']) retrieved from /home/sheyla/Documents/Repositórios/airflowalura/venv/lib/python3.9/site-packages/airflow/example_dags/example_branch_datetime_operator.py
[2024-02-25 20:36:46,506] {logging_mixin.py:115} INFO - [2024-02-25 20:36:46,506] {dag.py:2379} INFO - Sync 1 DAGs
[2024-02-25 20:36:46,522] {logging_mixin.py:115} INFO - [2024-02-25 20:36:46,522] {dag.py:2927} INFO - Setting next_dagrun for example_branch_datetime_operator_2 to 2024-02-25T00:00:00+00:00, run_after=2024-02-26T00:00:00+00:00
[2024-02-25 20:36:46,535] {processor.py:161} INFO - Processing /home/sheyla/Documents/Repositórios/airflowalura/venv/lib/python3.9/site-packages/airflow/example_dags/example_branch_datetime_operator.py took 0.084 seconds
[2024-02-25 20:37:25,846] {processor.py:153} INFO - Started process (PID=1959699) to work on /home/sheyla/Documents/Repositórios/airflowalura/venv/lib/python3.9/site-packages/airflow/example_dags/example_branch_datetime_operator.py
[2024-02-25 20:37:25,852] {processor.py:641} INFO - Processing file /home/sheyla/Documents/Repositórios/airflowalura/venv/lib/python3.9/site-packages/airflow/example_dags/example_branch_datetime_operator.py for tasks to queue
[2024-02-25 20:37:25,853] {logging_mixin.py:115} INFO - [2024-02-25 20:37:25,853] {dagbag.py:507} INFO - Filling up the DagBag from /home/sheyla/Documents/Repositórios/airflowalura/venv/lib/python3.9/site-packages/airflow/example_dags/example_branch_datetime_operator.py
[2024-02-25 20:37:25,871] {processor.py:651} INFO - DAG(s) dict_keys(['example_branch_datetime_operator_2']) retrieved from /home/sheyla/Documents/Repositórios/airflowalura/venv/lib/python3.9/site-packages/airflow/example_dags/example_branch_datetime_operator.py
[2024-02-25 20:37:25,886] {logging_mixin.py:115} INFO - [2024-02-25 20:37:25,885] {dag.py:2379} INFO - Sync 1 DAGs
[2024-02-25 20:37:25,901] {logging_mixin.py:115} INFO - [2024-02-25 20:37:25,901] {dag.py:2927} INFO - Setting next_dagrun for example_branch_datetime_operator_2 to 2024-02-25T00:00:00+00:00, run_after=2024-02-26T00:00:00+00:00
[2024-02-25 20:37:25,914] {processor.py:161} INFO - Processing /home/sheyla/Documents/Repositórios/airflowalura/venv/lib/python3.9/site-packages/airflow/example_dags/example_branch_datetime_operator.py took 0.075 seconds
[2024-02-25 20:38:01,304] {processor.py:153} INFO - Started process (PID=1960060) to work on /home/sheyla/Documents/Repositórios/airflowalura/venv/lib/python3.9/site-packages/airflow/example_dags/example_branch_datetime_operator.py
[2024-02-25 20:38:01,310] {processor.py:641} INFO - Processing file /home/sheyla/Documents/Repositórios/airflowalura/venv/lib/python3.9/site-packages/airflow/example_dags/example_branch_datetime_operator.py for tasks to queue
[2024-02-25 20:38:01,311] {logging_mixin.py:115} INFO - [2024-02-25 20:38:01,311] {dagbag.py:507} INFO - Filling up the DagBag from /home/sheyla/Documents/Repositórios/airflowalura/venv/lib/python3.9/site-packages/airflow/example_dags/example_branch_datetime_operator.py
[2024-02-25 20:38:01,331] {processor.py:651} INFO - DAG(s) dict_keys(['example_branch_datetime_operator_2']) retrieved from /home/sheyla/Documents/Repositórios/airflowalura/venv/lib/python3.9/site-packages/airflow/example_dags/example_branch_datetime_operator.py
[2024-02-25 20:38:01,349] {logging_mixin.py:115} INFO - [2024-02-25 20:38:01,349] {dag.py:2379} INFO - Sync 1 DAGs
[2024-02-25 20:38:01,364] {logging_mixin.py:115} INFO - [2024-02-25 20:38:01,364] {dag.py:2927} INFO - Setting next_dagrun for example_branch_datetime_operator_2 to 2024-02-25T00:00:00+00:00, run_after=2024-02-26T00:00:00+00:00
[2024-02-25 20:38:01,379] {processor.py:161} INFO - Processing /home/sheyla/Documents/Repositórios/airflowalura/venv/lib/python3.9/site-packages/airflow/example_dags/example_branch_datetime_operator.py took 0.082 seconds
[2024-02-25 20:38:41,501] {processor.py:153} INFO - Started process (PID=1960471) to work on /home/sheyla/Documents/Repositórios/airflowalura/venv/lib/python3.9/site-packages/airflow/example_dags/example_branch_datetime_operator.py
[2024-02-25 20:38:41,502] {processor.py:641} INFO - Processing file /home/sheyla/Documents/Repositórios/airflowalura/venv/lib/python3.9/site-packages/airflow/example_dags/example_branch_datetime_operator.py for tasks to queue
[2024-02-25 20:38:41,502] {logging_mixin.py:115} INFO - [2024-02-25 20:38:41,502] {dagbag.py:507} INFO - Filling up the DagBag from /home/sheyla/Documents/Repositórios/airflowalura/venv/lib/python3.9/site-packages/airflow/example_dags/example_branch_datetime_operator.py
[2024-02-25 20:38:41,509] {processor.py:651} INFO - DAG(s) dict_keys(['example_branch_datetime_operator_2']) retrieved from /home/sheyla/Documents/Repositórios/airflowalura/venv/lib/python3.9/site-packages/airflow/example_dags/example_branch_datetime_operator.py
[2024-02-25 20:38:41,524] {logging_mixin.py:115} INFO - [2024-02-25 20:38:41,524] {dag.py:2379} INFO - Sync 1 DAGs
[2024-02-25 20:38:41,541] {logging_mixin.py:115} INFO - [2024-02-25 20:38:41,541] {dag.py:2927} INFO - Setting next_dagrun for example_branch_datetime_operator_2 to 2024-02-25T00:00:00+00:00, run_after=2024-02-26T00:00:00+00:00
[2024-02-25 20:38:41,553] {processor.py:161} INFO - Processing /home/sheyla/Documents/Repositórios/airflowalura/venv/lib/python3.9/site-packages/airflow/example_dags/example_branch_datetime_operator.py took 0.054 seconds
[2024-02-25 20:39:20,549] {processor.py:153} INFO - Started process (PID=1960876) to work on /home/sheyla/Documents/Repositórios/airflowalura/venv/lib/python3.9/site-packages/airflow/example_dags/example_branch_datetime_operator.py
[2024-02-25 20:39:20,555] {processor.py:641} INFO - Processing file /home/sheyla/Documents/Repositórios/airflowalura/venv/lib/python3.9/site-packages/airflow/example_dags/example_branch_datetime_operator.py for tasks to queue
[2024-02-25 20:39:20,556] {logging_mixin.py:115} INFO - [2024-02-25 20:39:20,556] {dagbag.py:507} INFO - Filling up the DagBag from /home/sheyla/Documents/Repositórios/airflowalura/venv/lib/python3.9/site-packages/airflow/example_dags/example_branch_datetime_operator.py
[2024-02-25 20:39:20,574] {processor.py:651} INFO - DAG(s) dict_keys(['example_branch_datetime_operator_2']) retrieved from /home/sheyla/Documents/Repositórios/airflowalura/venv/lib/python3.9/site-packages/airflow/example_dags/example_branch_datetime_operator.py
[2024-02-25 20:39:20,590] {logging_mixin.py:115} INFO - [2024-02-25 20:39:20,590] {dag.py:2379} INFO - Sync 1 DAGs
[2024-02-25 20:39:20,605] {logging_mixin.py:115} INFO - [2024-02-25 20:39:20,605] {dag.py:2927} INFO - Setting next_dagrun for example_branch_datetime_operator_2 to 2024-02-25T00:00:00+00:00, run_after=2024-02-26T00:00:00+00:00
[2024-02-25 20:39:20,625] {processor.py:161} INFO - Processing /home/sheyla/Documents/Repositórios/airflowalura/venv/lib/python3.9/site-packages/airflow/example_dags/example_branch_datetime_operator.py took 0.080 seconds
[2024-02-25 20:40:01,087] {processor.py:153} INFO - Started process (PID=1961297) to work on /home/sheyla/Documents/Repositórios/airflowalura/venv/lib/python3.9/site-packages/airflow/example_dags/example_branch_datetime_operator.py
[2024-02-25 20:40:01,093] {processor.py:641} INFO - Processing file /home/sheyla/Documents/Repositórios/airflowalura/venv/lib/python3.9/site-packages/airflow/example_dags/example_branch_datetime_operator.py for tasks to queue
[2024-02-25 20:40:01,093] {logging_mixin.py:115} INFO - [2024-02-25 20:40:01,093] {dagbag.py:507} INFO - Filling up the DagBag from /home/sheyla/Documents/Repositórios/airflowalura/venv/lib/python3.9/site-packages/airflow/example_dags/example_branch_datetime_operator.py
[2024-02-25 20:40:01,099] {processor.py:651} INFO - DAG(s) dict_keys(['example_branch_datetime_operator_2']) retrieved from /home/sheyla/Documents/Repositórios/airflowalura/venv/lib/python3.9/site-packages/airflow/example_dags/example_branch_datetime_operator.py
[2024-02-25 20:40:01,109] {logging_mixin.py:115} INFO - [2024-02-25 20:40:01,109] {dag.py:2379} INFO - Sync 1 DAGs
[2024-02-25 20:40:01,122] {logging_mixin.py:115} INFO - [2024-02-25 20:40:01,122] {dag.py:2927} INFO - Setting next_dagrun for example_branch_datetime_operator_2 to 2024-02-25T00:00:00+00:00, run_after=2024-02-26T00:00:00+00:00
[2024-02-25 20:40:01,140] {processor.py:161} INFO - Processing /home/sheyla/Documents/Repositórios/airflowalura/venv/lib/python3.9/site-packages/airflow/example_dags/example_branch_datetime_operator.py took 0.056 seconds
[2024-02-25 20:40:39,060] {processor.py:153} INFO - Started process (PID=1961689) to work on /home/sheyla/Documents/Repositórios/airflowalura/venv/lib/python3.9/site-packages/airflow/example_dags/example_branch_datetime_operator.py
[2024-02-25 20:40:39,065] {processor.py:641} INFO - Processing file /home/sheyla/Documents/Repositórios/airflowalura/venv/lib/python3.9/site-packages/airflow/example_dags/example_branch_datetime_operator.py for tasks to queue
[2024-02-25 20:40:39,066] {logging_mixin.py:115} INFO - [2024-02-25 20:40:39,065] {dagbag.py:507} INFO - Filling up the DagBag from /home/sheyla/Documents/Repositórios/airflowalura/venv/lib/python3.9/site-packages/airflow/example_dags/example_branch_datetime_operator.py
[2024-02-25 20:40:39,073] {processor.py:651} INFO - DAG(s) dict_keys(['example_branch_datetime_operator_2']) retrieved from /home/sheyla/Documents/Repositórios/airflowalura/venv/lib/python3.9/site-packages/airflow/example_dags/example_branch_datetime_operator.py
[2024-02-25 20:40:39,089] {logging_mixin.py:115} INFO - [2024-02-25 20:40:39,089] {dag.py:2379} INFO - Sync 1 DAGs
[2024-02-25 20:40:39,105] {logging_mixin.py:115} INFO - [2024-02-25 20:40:39,105] {dag.py:2927} INFO - Setting next_dagrun for example_branch_datetime_operator_2 to 2024-02-25T00:00:00+00:00, run_after=2024-02-26T00:00:00+00:00
[2024-02-25 20:40:39,117] {processor.py:161} INFO - Processing /home/sheyla/Documents/Repositórios/airflowalura/venv/lib/python3.9/site-packages/airflow/example_dags/example_branch_datetime_operator.py took 0.059 seconds
[2024-02-25 20:41:16,684] {processor.py:153} INFO - Started process (PID=1962070) to work on /home/sheyla/Documents/Repositórios/airflowalura/venv/lib/python3.9/site-packages/airflow/example_dags/example_branch_datetime_operator.py
[2024-02-25 20:41:16,685] {processor.py:641} INFO - Processing file /home/sheyla/Documents/Repositórios/airflowalura/venv/lib/python3.9/site-packages/airflow/example_dags/example_branch_datetime_operator.py for tasks to queue
[2024-02-25 20:41:16,685] {logging_mixin.py:115} INFO - [2024-02-25 20:41:16,685] {dagbag.py:507} INFO - Filling up the DagBag from /home/sheyla/Documents/Repositórios/airflowalura/venv/lib/python3.9/site-packages/airflow/example_dags/example_branch_datetime_operator.py
[2024-02-25 20:41:16,692] {processor.py:651} INFO - DAG(s) dict_keys(['example_branch_datetime_operator_2']) retrieved from /home/sheyla/Documents/Repositórios/airflowalura/venv/lib/python3.9/site-packages/airflow/example_dags/example_branch_datetime_operator.py
[2024-02-25 20:41:16,705] {logging_mixin.py:115} INFO - [2024-02-25 20:41:16,705] {dag.py:2379} INFO - Sync 1 DAGs
[2024-02-25 20:41:16,722] {logging_mixin.py:115} INFO - [2024-02-25 20:41:16,722] {dag.py:2927} INFO - Setting next_dagrun for example_branch_datetime_operator_2 to 2024-02-25T00:00:00+00:00, run_after=2024-02-26T00:00:00+00:00
[2024-02-25 20:41:16,766] {processor.py:161} INFO - Processing /home/sheyla/Documents/Repositórios/airflowalura/venv/lib/python3.9/site-packages/airflow/example_dags/example_branch_datetime_operator.py took 0.084 seconds
[2024-02-25 20:41:53,678] {processor.py:153} INFO - Started process (PID=1962484) to work on /home/sheyla/Documents/Repositórios/airflowalura/venv/lib/python3.9/site-packages/airflow/example_dags/example_branch_datetime_operator.py
[2024-02-25 20:41:53,683] {processor.py:641} INFO - Processing file /home/sheyla/Documents/Repositórios/airflowalura/venv/lib/python3.9/site-packages/airflow/example_dags/example_branch_datetime_operator.py for tasks to queue
[2024-02-25 20:41:53,684] {logging_mixin.py:115} INFO - [2024-02-25 20:41:53,684] {dagbag.py:507} INFO - Filling up the DagBag from /home/sheyla/Documents/Repositórios/airflowalura/venv/lib/python3.9/site-packages/airflow/example_dags/example_branch_datetime_operator.py
[2024-02-25 20:41:53,692] {processor.py:651} INFO - DAG(s) dict_keys(['example_branch_datetime_operator_2']) retrieved from /home/sheyla/Documents/Repositórios/airflowalura/venv/lib/python3.9/site-packages/airflow/example_dags/example_branch_datetime_operator.py
[2024-02-25 20:41:53,710] {logging_mixin.py:115} INFO - [2024-02-25 20:41:53,710] {dag.py:2379} INFO - Sync 1 DAGs
[2024-02-25 20:41:53,728] {logging_mixin.py:115} INFO - [2024-02-25 20:41:53,728] {dag.py:2927} INFO - Setting next_dagrun for example_branch_datetime_operator_2 to 2024-02-25T00:00:00+00:00, run_after=2024-02-26T00:00:00+00:00
[2024-02-25 20:41:53,741] {processor.py:161} INFO - Processing /home/sheyla/Documents/Repositórios/airflowalura/venv/lib/python3.9/site-packages/airflow/example_dags/example_branch_datetime_operator.py took 0.065 seconds
[2024-02-25 20:42:32,152] {processor.py:153} INFO - Started process (PID=1962872) to work on /home/sheyla/Documents/Repositórios/airflowalura/venv/lib/python3.9/site-packages/airflow/example_dags/example_branch_datetime_operator.py
[2024-02-25 20:42:32,153] {processor.py:641} INFO - Processing file /home/sheyla/Documents/Repositórios/airflowalura/venv/lib/python3.9/site-packages/airflow/example_dags/example_branch_datetime_operator.py for tasks to queue
[2024-02-25 20:42:32,154] {logging_mixin.py:115} INFO - [2024-02-25 20:42:32,154] {dagbag.py:507} INFO - Filling up the DagBag from /home/sheyla/Documents/Repositórios/airflowalura/venv/lib/python3.9/site-packages/airflow/example_dags/example_branch_datetime_operator.py
[2024-02-25 20:42:32,173] {processor.py:651} INFO - DAG(s) dict_keys(['example_branch_datetime_operator_2']) retrieved from /home/sheyla/Documents/Repositórios/airflowalura/venv/lib/python3.9/site-packages/airflow/example_dags/example_branch_datetime_operator.py
[2024-02-25 20:42:32,189] {logging_mixin.py:115} INFO - [2024-02-25 20:42:32,189] {dag.py:2379} INFO - Sync 1 DAGs
[2024-02-25 20:42:32,205] {logging_mixin.py:115} INFO - [2024-02-25 20:42:32,204] {dag.py:2927} INFO - Setting next_dagrun for example_branch_datetime_operator_2 to 2024-02-25T00:00:00+00:00, run_after=2024-02-26T00:00:00+00:00
[2024-02-25 20:42:32,216] {processor.py:161} INFO - Processing /home/sheyla/Documents/Repositórios/airflowalura/venv/lib/python3.9/site-packages/airflow/example_dags/example_branch_datetime_operator.py took 0.070 seconds
[2024-02-25 20:43:12,109] {processor.py:153} INFO - Started process (PID=1963280) to work on /home/sheyla/Documents/Repositórios/airflowalura/venv/lib/python3.9/site-packages/airflow/example_dags/example_branch_datetime_operator.py
[2024-02-25 20:43:12,115] {processor.py:641} INFO - Processing file /home/sheyla/Documents/Repositórios/airflowalura/venv/lib/python3.9/site-packages/airflow/example_dags/example_branch_datetime_operator.py for tasks to queue
[2024-02-25 20:43:12,116] {logging_mixin.py:115} INFO - [2024-02-25 20:43:12,116] {dagbag.py:507} INFO - Filling up the DagBag from /home/sheyla/Documents/Repositórios/airflowalura/venv/lib/python3.9/site-packages/airflow/example_dags/example_branch_datetime_operator.py
[2024-02-25 20:43:12,134] {processor.py:651} INFO - DAG(s) dict_keys(['example_branch_datetime_operator_2']) retrieved from /home/sheyla/Documents/Repositórios/airflowalura/venv/lib/python3.9/site-packages/airflow/example_dags/example_branch_datetime_operator.py
[2024-02-25 20:43:12,151] {logging_mixin.py:115} INFO - [2024-02-25 20:43:12,151] {dag.py:2379} INFO - Sync 1 DAGs
[2024-02-25 20:43:12,167] {logging_mixin.py:115} INFO - [2024-02-25 20:43:12,167] {dag.py:2927} INFO - Setting next_dagrun for example_branch_datetime_operator_2 to 2024-02-25T00:00:00+00:00, run_after=2024-02-26T00:00:00+00:00
[2024-02-25 20:43:12,180] {processor.py:161} INFO - Processing /home/sheyla/Documents/Repositórios/airflowalura/venv/lib/python3.9/site-packages/airflow/example_dags/example_branch_datetime_operator.py took 0.078 seconds
[2024-02-25 20:43:45,921] {processor.py:153} INFO - Started process (PID=1963628) to work on /home/sheyla/Documents/Repositórios/airflowalura/venv/lib/python3.9/site-packages/airflow/example_dags/example_branch_datetime_operator.py
[2024-02-25 20:43:45,927] {processor.py:641} INFO - Processing file /home/sheyla/Documents/Repositórios/airflowalura/venv/lib/python3.9/site-packages/airflow/example_dags/example_branch_datetime_operator.py for tasks to queue
[2024-02-25 20:43:45,927] {logging_mixin.py:115} INFO - [2024-02-25 20:43:45,927] {dagbag.py:507} INFO - Filling up the DagBag from /home/sheyla/Documents/Repositórios/airflowalura/venv/lib/python3.9/site-packages/airflow/example_dags/example_branch_datetime_operator.py
[2024-02-25 20:43:45,935] {processor.py:651} INFO - DAG(s) dict_keys(['example_branch_datetime_operator_2']) retrieved from /home/sheyla/Documents/Repositórios/airflowalura/venv/lib/python3.9/site-packages/airflow/example_dags/example_branch_datetime_operator.py
[2024-02-25 20:43:45,948] {logging_mixin.py:115} INFO - [2024-02-25 20:43:45,948] {dag.py:2379} INFO - Sync 1 DAGs
[2024-02-25 20:43:45,963] {logging_mixin.py:115} INFO - [2024-02-25 20:43:45,963] {dag.py:2927} INFO - Setting next_dagrun for example_branch_datetime_operator_2 to 2024-02-25T00:00:00+00:00, run_after=2024-02-26T00:00:00+00:00
[2024-02-25 20:43:45,980] {processor.py:161} INFO - Processing /home/sheyla/Documents/Repositórios/airflowalura/venv/lib/python3.9/site-packages/airflow/example_dags/example_branch_datetime_operator.py took 0.062 seconds
[2024-02-25 20:44:24,773] {processor.py:153} INFO - Started process (PID=1964031) to work on /home/sheyla/Documents/Repositórios/airflowalura/venv/lib/python3.9/site-packages/airflow/example_dags/example_branch_datetime_operator.py
[2024-02-25 20:44:24,779] {processor.py:641} INFO - Processing file /home/sheyla/Documents/Repositórios/airflowalura/venv/lib/python3.9/site-packages/airflow/example_dags/example_branch_datetime_operator.py for tasks to queue
[2024-02-25 20:44:24,781] {logging_mixin.py:115} INFO - [2024-02-25 20:44:24,780] {dagbag.py:507} INFO - Filling up the DagBag from /home/sheyla/Documents/Repositórios/airflowalura/venv/lib/python3.9/site-packages/airflow/example_dags/example_branch_datetime_operator.py
[2024-02-25 20:44:24,798] {processor.py:651} INFO - DAG(s) dict_keys(['example_branch_datetime_operator_2']) retrieved from /home/sheyla/Documents/Repositórios/airflowalura/venv/lib/python3.9/site-packages/airflow/example_dags/example_branch_datetime_operator.py
[2024-02-25 20:44:24,814] {logging_mixin.py:115} INFO - [2024-02-25 20:44:24,813] {dag.py:2379} INFO - Sync 1 DAGs
[2024-02-25 20:44:24,829] {logging_mixin.py:115} INFO - [2024-02-25 20:44:24,829] {dag.py:2927} INFO - Setting next_dagrun for example_branch_datetime_operator_2 to 2024-02-25T00:00:00+00:00, run_after=2024-02-26T00:00:00+00:00
[2024-02-25 20:44:24,848] {processor.py:161} INFO - Processing /home/sheyla/Documents/Repositórios/airflowalura/venv/lib/python3.9/site-packages/airflow/example_dags/example_branch_datetime_operator.py took 0.081 seconds
[2024-02-25 20:45:01,038] {processor.py:153} INFO - Started process (PID=1964403) to work on /home/sheyla/Documents/Repositórios/airflowalura/venv/lib/python3.9/site-packages/airflow/example_dags/example_branch_datetime_operator.py
[2024-02-25 20:45:01,044] {processor.py:641} INFO - Processing file /home/sheyla/Documents/Repositórios/airflowalura/venv/lib/python3.9/site-packages/airflow/example_dags/example_branch_datetime_operator.py for tasks to queue
[2024-02-25 20:45:01,045] {logging_mixin.py:115} INFO - [2024-02-25 20:45:01,045] {dagbag.py:507} INFO - Filling up the DagBag from /home/sheyla/Documents/Repositórios/airflowalura/venv/lib/python3.9/site-packages/airflow/example_dags/example_branch_datetime_operator.py
[2024-02-25 20:45:01,067] {processor.py:651} INFO - DAG(s) dict_keys(['example_branch_datetime_operator_2']) retrieved from /home/sheyla/Documents/Repositórios/airflowalura/venv/lib/python3.9/site-packages/airflow/example_dags/example_branch_datetime_operator.py
[2024-02-25 20:45:01,088] {logging_mixin.py:115} INFO - [2024-02-25 20:45:01,088] {dag.py:2379} INFO - Sync 1 DAGs
[2024-02-25 20:45:01,107] {logging_mixin.py:115} INFO - [2024-02-25 20:45:01,107] {dag.py:2927} INFO - Setting next_dagrun for example_branch_datetime_operator_2 to 2024-02-25T00:00:00+00:00, run_after=2024-02-26T00:00:00+00:00
[2024-02-25 20:45:01,121] {processor.py:161} INFO - Processing /home/sheyla/Documents/Repositórios/airflowalura/venv/lib/python3.9/site-packages/airflow/example_dags/example_branch_datetime_operator.py took 0.085 seconds
[2024-02-25 20:45:42,496] {processor.py:153} INFO - Started process (PID=1964825) to work on /home/sheyla/Documents/Repositórios/airflowalura/venv/lib/python3.9/site-packages/airflow/example_dags/example_branch_datetime_operator.py
[2024-02-25 20:45:42,502] {processor.py:641} INFO - Processing file /home/sheyla/Documents/Repositórios/airflowalura/venv/lib/python3.9/site-packages/airflow/example_dags/example_branch_datetime_operator.py for tasks to queue
[2024-02-25 20:45:42,502] {logging_mixin.py:115} INFO - [2024-02-25 20:45:42,502] {dagbag.py:507} INFO - Filling up the DagBag from /home/sheyla/Documents/Repositórios/airflowalura/venv/lib/python3.9/site-packages/airflow/example_dags/example_branch_datetime_operator.py
[2024-02-25 20:45:42,511] {processor.py:651} INFO - DAG(s) dict_keys(['example_branch_datetime_operator_2']) retrieved from /home/sheyla/Documents/Repositórios/airflowalura/venv/lib/python3.9/site-packages/airflow/example_dags/example_branch_datetime_operator.py
[2024-02-25 20:45:42,528] {logging_mixin.py:115} INFO - [2024-02-25 20:45:42,528] {dag.py:2379} INFO - Sync 1 DAGs
[2024-02-25 20:45:42,547] {logging_mixin.py:115} INFO - [2024-02-25 20:45:42,547] {dag.py:2927} INFO - Setting next_dagrun for example_branch_datetime_operator_2 to 2024-02-25T00:00:00+00:00, run_after=2024-02-26T00:00:00+00:00
[2024-02-25 20:45:42,559] {processor.py:161} INFO - Processing /home/sheyla/Documents/Repositórios/airflowalura/venv/lib/python3.9/site-packages/airflow/example_dags/example_branch_datetime_operator.py took 0.065 seconds
[2024-02-25 20:46:21,499] {processor.py:153} INFO - Started process (PID=1965232) to work on /home/sheyla/Documents/Repositórios/airflowalura/venv/lib/python3.9/site-packages/airflow/example_dags/example_branch_datetime_operator.py
[2024-02-25 20:46:21,505] {processor.py:641} INFO - Processing file /home/sheyla/Documents/Repositórios/airflowalura/venv/lib/python3.9/site-packages/airflow/example_dags/example_branch_datetime_operator.py for tasks to queue
[2024-02-25 20:46:21,506] {logging_mixin.py:115} INFO - [2024-02-25 20:46:21,506] {dagbag.py:507} INFO - Filling up the DagBag from /home/sheyla/Documents/Repositórios/airflowalura/venv/lib/python3.9/site-packages/airflow/example_dags/example_branch_datetime_operator.py
[2024-02-25 20:46:21,526] {processor.py:651} INFO - DAG(s) dict_keys(['example_branch_datetime_operator_2']) retrieved from /home/sheyla/Documents/Repositórios/airflowalura/venv/lib/python3.9/site-packages/airflow/example_dags/example_branch_datetime_operator.py
[2024-02-25 20:46:21,543] {logging_mixin.py:115} INFO - [2024-02-25 20:46:21,543] {dag.py:2379} INFO - Sync 1 DAGs
[2024-02-25 20:46:21,559] {logging_mixin.py:115} INFO - [2024-02-25 20:46:21,559] {dag.py:2927} INFO - Setting next_dagrun for example_branch_datetime_operator_2 to 2024-02-25T00:00:00+00:00, run_after=2024-02-26T00:00:00+00:00
[2024-02-25 20:46:21,571] {processor.py:161} INFO - Processing /home/sheyla/Documents/Repositórios/airflowalura/venv/lib/python3.9/site-packages/airflow/example_dags/example_branch_datetime_operator.py took 0.079 seconds
[2024-02-25 20:47:02,136] {processor.py:153} INFO - Started process (PID=1965722) to work on /home/sheyla/Documents/Repositórios/airflowalura/venv/lib/python3.9/site-packages/airflow/example_dags/example_branch_datetime_operator.py
[2024-02-25 20:47:02,142] {processor.py:641} INFO - Processing file /home/sheyla/Documents/Repositórios/airflowalura/venv/lib/python3.9/site-packages/airflow/example_dags/example_branch_datetime_operator.py for tasks to queue
[2024-02-25 20:47:02,143] {logging_mixin.py:115} INFO - [2024-02-25 20:47:02,143] {dagbag.py:507} INFO - Filling up the DagBag from /home/sheyla/Documents/Repositórios/airflowalura/venv/lib/python3.9/site-packages/airflow/example_dags/example_branch_datetime_operator.py
[2024-02-25 20:47:02,158] {processor.py:651} INFO - DAG(s) dict_keys(['example_branch_datetime_operator_2']) retrieved from /home/sheyla/Documents/Repositórios/airflowalura/venv/lib/python3.9/site-packages/airflow/example_dags/example_branch_datetime_operator.py
[2024-02-25 20:47:02,172] {logging_mixin.py:115} INFO - [2024-02-25 20:47:02,172] {dag.py:2379} INFO - Sync 1 DAGs
[2024-02-25 20:47:02,187] {logging_mixin.py:115} INFO - [2024-02-25 20:47:02,187] {dag.py:2927} INFO - Setting next_dagrun for example_branch_datetime_operator_2 to 2024-02-25T00:00:00+00:00, run_after=2024-02-26T00:00:00+00:00
[2024-02-25 20:47:02,205] {processor.py:161} INFO - Processing /home/sheyla/Documents/Repositórios/airflowalura/venv/lib/python3.9/site-packages/airflow/example_dags/example_branch_datetime_operator.py took 0.076 seconds
[2024-02-25 20:47:42,734] {processor.py:153} INFO - Started process (PID=1966336) to work on /home/sheyla/Documents/Repositórios/airflowalura/venv/lib/python3.9/site-packages/airflow/example_dags/example_branch_datetime_operator.py
[2024-02-25 20:47:42,735] {processor.py:641} INFO - Processing file /home/sheyla/Documents/Repositórios/airflowalura/venv/lib/python3.9/site-packages/airflow/example_dags/example_branch_datetime_operator.py for tasks to queue
[2024-02-25 20:47:42,736] {logging_mixin.py:115} INFO - [2024-02-25 20:47:42,736] {dagbag.py:507} INFO - Filling up the DagBag from /home/sheyla/Documents/Repositórios/airflowalura/venv/lib/python3.9/site-packages/airflow/example_dags/example_branch_datetime_operator.py
[2024-02-25 20:47:42,754] {processor.py:651} INFO - DAG(s) dict_keys(['example_branch_datetime_operator_2']) retrieved from /home/sheyla/Documents/Repositórios/airflowalura/venv/lib/python3.9/site-packages/airflow/example_dags/example_branch_datetime_operator.py
[2024-02-25 20:47:42,771] {logging_mixin.py:115} INFO - [2024-02-25 20:47:42,771] {dag.py:2379} INFO - Sync 1 DAGs
[2024-02-25 20:47:42,787] {logging_mixin.py:115} INFO - [2024-02-25 20:47:42,787] {dag.py:2927} INFO - Setting next_dagrun for example_branch_datetime_operator_2 to 2024-02-25T00:00:00+00:00, run_after=2024-02-26T00:00:00+00:00
[2024-02-25 20:47:42,800] {processor.py:161} INFO - Processing /home/sheyla/Documents/Repositórios/airflowalura/venv/lib/python3.9/site-packages/airflow/example_dags/example_branch_datetime_operator.py took 0.072 seconds
[2024-02-25 20:48:18,766] {processor.py:153} INFO - Started process (PID=1966871) to work on /home/sheyla/Documents/Repositórios/airflowalura/venv/lib/python3.9/site-packages/airflow/example_dags/example_branch_datetime_operator.py
[2024-02-25 20:48:18,766] {processor.py:641} INFO - Processing file /home/sheyla/Documents/Repositórios/airflowalura/venv/lib/python3.9/site-packages/airflow/example_dags/example_branch_datetime_operator.py for tasks to queue
[2024-02-25 20:48:18,766] {logging_mixin.py:115} INFO - [2024-02-25 20:48:18,766] {dagbag.py:507} INFO - Filling up the DagBag from /home/sheyla/Documents/Repositórios/airflowalura/venv/lib/python3.9/site-packages/airflow/example_dags/example_branch_datetime_operator.py
[2024-02-25 20:48:18,771] {processor.py:651} INFO - DAG(s) dict_keys(['example_branch_datetime_operator_2']) retrieved from /home/sheyla/Documents/Repositórios/airflowalura/venv/lib/python3.9/site-packages/airflow/example_dags/example_branch_datetime_operator.py
[2024-02-25 20:48:18,779] {logging_mixin.py:115} INFO - [2024-02-25 20:48:18,779] {dag.py:2379} INFO - Sync 1 DAGs
[2024-02-25 20:48:18,791] {logging_mixin.py:115} INFO - [2024-02-25 20:48:18,791] {dag.py:2927} INFO - Setting next_dagrun for example_branch_datetime_operator_2 to 2024-02-25T00:00:00+00:00, run_after=2024-02-26T00:00:00+00:00
[2024-02-25 20:48:18,801] {processor.py:161} INFO - Processing /home/sheyla/Documents/Repositórios/airflowalura/venv/lib/python3.9/site-packages/airflow/example_dags/example_branch_datetime_operator.py took 0.037 seconds
