[2024-02-25 20:33:43,630] {processor.py:153} INFO - Started process (PID=1957333) to work on /home/sheyla/Documents/Repositórios/airflowalura/venv/lib/python3.9/site-packages/airflow/example_dags/example_branch_operator_decorator.py
[2024-02-25 20:33:43,631] {processor.py:641} INFO - Processing file /home/sheyla/Documents/Repositórios/airflowalura/venv/lib/python3.9/site-packages/airflow/example_dags/example_branch_operator_decorator.py for tasks to queue
[2024-02-25 20:33:43,633] {logging_mixin.py:115} INFO - [2024-02-25 20:33:43,632] {dagbag.py:507} INFO - Filling up the DagBag from /home/sheyla/Documents/Repositórios/airflowalura/venv/lib/python3.9/site-packages/airflow/example_dags/example_branch_operator_decorator.py
[2024-02-25 20:33:43,662] {processor.py:651} INFO - DAG(s) dict_keys(['example_branch_python_operator_decorator']) retrieved from /home/sheyla/Documents/Repositórios/airflowalura/venv/lib/python3.9/site-packages/airflow/example_dags/example_branch_operator_decorator.py
[2024-02-25 20:33:43,674] {logging_mixin.py:115} INFO - [2024-02-25 20:33:43,674] {dag.py:2379} INFO - Sync 1 DAGs
[2024-02-25 20:33:43,687] {logging_mixin.py:115} INFO - [2024-02-25 20:33:43,687] {dag.py:2927} INFO - Setting next_dagrun for example_branch_python_operator_decorator to 2024-02-24T00:00:00+00:00, run_after=2024-02-25T00:00:00+00:00
[2024-02-25 20:33:43,704] {processor.py:161} INFO - Processing /home/sheyla/Documents/Repositórios/airflowalura/venv/lib/python3.9/site-packages/airflow/example_dags/example_branch_operator_decorator.py took 0.080 seconds
[2024-02-25 20:34:20,715] {processor.py:153} INFO - Started process (PID=1957776) to work on /home/sheyla/Documents/Repositórios/airflowalura/venv/lib/python3.9/site-packages/airflow/example_dags/example_branch_operator_decorator.py
[2024-02-25 20:34:20,716] {processor.py:641} INFO - Processing file /home/sheyla/Documents/Repositórios/airflowalura/venv/lib/python3.9/site-packages/airflow/example_dags/example_branch_operator_decorator.py for tasks to queue
[2024-02-25 20:34:20,716] {logging_mixin.py:115} INFO - [2024-02-25 20:34:20,716] {dagbag.py:507} INFO - Filling up the DagBag from /home/sheyla/Documents/Repositórios/airflowalura/venv/lib/python3.9/site-packages/airflow/example_dags/example_branch_operator_decorator.py
[2024-02-25 20:34:20,733] {processor.py:651} INFO - DAG(s) dict_keys(['example_branch_python_operator_decorator']) retrieved from /home/sheyla/Documents/Repositórios/airflowalura/venv/lib/python3.9/site-packages/airflow/example_dags/example_branch_operator_decorator.py
[2024-02-25 20:34:20,747] {logging_mixin.py:115} INFO - [2024-02-25 20:34:20,747] {dag.py:2379} INFO - Sync 1 DAGs
[2024-02-25 20:34:20,761] {logging_mixin.py:115} INFO - [2024-02-25 20:34:20,760] {dag.py:2927} INFO - Setting next_dagrun for example_branch_python_operator_decorator to 2024-02-24T00:00:00+00:00, run_after=2024-02-25T00:00:00+00:00
[2024-02-25 20:34:20,782] {processor.py:161} INFO - Processing /home/sheyla/Documents/Repositórios/airflowalura/venv/lib/python3.9/site-packages/airflow/example_dags/example_branch_operator_decorator.py took 0.069 seconds
[2024-02-25 20:34:57,250] {processor.py:153} INFO - Started process (PID=1958146) to work on /home/sheyla/Documents/Repositórios/airflowalura/venv/lib/python3.9/site-packages/airflow/example_dags/example_branch_operator_decorator.py
[2024-02-25 20:34:57,256] {processor.py:641} INFO - Processing file /home/sheyla/Documents/Repositórios/airflowalura/venv/lib/python3.9/site-packages/airflow/example_dags/example_branch_operator_decorator.py for tasks to queue
[2024-02-25 20:34:57,258] {logging_mixin.py:115} INFO - [2024-02-25 20:34:57,257] {dagbag.py:507} INFO - Filling up the DagBag from /home/sheyla/Documents/Repositórios/airflowalura/venv/lib/python3.9/site-packages/airflow/example_dags/example_branch_operator_decorator.py
[2024-02-25 20:34:57,285] {processor.py:651} INFO - DAG(s) dict_keys(['example_branch_python_operator_decorator']) retrieved from /home/sheyla/Documents/Repositórios/airflowalura/venv/lib/python3.9/site-packages/airflow/example_dags/example_branch_operator_decorator.py
[2024-02-25 20:34:57,297] {logging_mixin.py:115} INFO - [2024-02-25 20:34:57,297] {dag.py:2379} INFO - Sync 1 DAGs
[2024-02-25 20:34:57,310] {logging_mixin.py:115} INFO - [2024-02-25 20:34:57,310] {dag.py:2927} INFO - Setting next_dagrun for example_branch_python_operator_decorator to 2024-02-24T00:00:00+00:00, run_after=2024-02-25T00:00:00+00:00
[2024-02-25 20:34:57,323] {processor.py:161} INFO - Processing /home/sheyla/Documents/Repositórios/airflowalura/venv/lib/python3.9/site-packages/airflow/example_dags/example_branch_operator_decorator.py took 0.079 seconds
[2024-02-25 20:35:34,216] {processor.py:153} INFO - Started process (PID=1958526) to work on /home/sheyla/Documents/Repositórios/airflowalura/venv/lib/python3.9/site-packages/airflow/example_dags/example_branch_operator_decorator.py
[2024-02-25 20:35:34,217] {processor.py:641} INFO - Processing file /home/sheyla/Documents/Repositórios/airflowalura/venv/lib/python3.9/site-packages/airflow/example_dags/example_branch_operator_decorator.py for tasks to queue
[2024-02-25 20:35:34,217] {logging_mixin.py:115} INFO - [2024-02-25 20:35:34,217] {dagbag.py:507} INFO - Filling up the DagBag from /home/sheyla/Documents/Repositórios/airflowalura/venv/lib/python3.9/site-packages/airflow/example_dags/example_branch_operator_decorator.py
[2024-02-25 20:35:34,234] {processor.py:651} INFO - DAG(s) dict_keys(['example_branch_python_operator_decorator']) retrieved from /home/sheyla/Documents/Repositórios/airflowalura/venv/lib/python3.9/site-packages/airflow/example_dags/example_branch_operator_decorator.py
[2024-02-25 20:35:34,247] {logging_mixin.py:115} INFO - [2024-02-25 20:35:34,247] {dag.py:2379} INFO - Sync 1 DAGs
[2024-02-25 20:35:34,261] {logging_mixin.py:115} INFO - [2024-02-25 20:35:34,261] {dag.py:2927} INFO - Setting next_dagrun for example_branch_python_operator_decorator to 2024-02-24T00:00:00+00:00, run_after=2024-02-25T00:00:00+00:00
[2024-02-25 20:35:34,280] {processor.py:161} INFO - Processing /home/sheyla/Documents/Repositórios/airflowalura/venv/lib/python3.9/site-packages/airflow/example_dags/example_branch_operator_decorator.py took 0.066 seconds
[2024-02-25 20:36:10,232] {processor.py:153} INFO - Started process (PID=1958896) to work on /home/sheyla/Documents/Repositórios/airflowalura/venv/lib/python3.9/site-packages/airflow/example_dags/example_branch_operator_decorator.py
[2024-02-25 20:36:10,235] {processor.py:641} INFO - Processing file /home/sheyla/Documents/Repositórios/airflowalura/venv/lib/python3.9/site-packages/airflow/example_dags/example_branch_operator_decorator.py for tasks to queue
[2024-02-25 20:36:10,236] {logging_mixin.py:115} INFO - [2024-02-25 20:36:10,236] {dagbag.py:507} INFO - Filling up the DagBag from /home/sheyla/Documents/Repositórios/airflowalura/venv/lib/python3.9/site-packages/airflow/example_dags/example_branch_operator_decorator.py
[2024-02-25 20:36:10,255] {processor.py:651} INFO - DAG(s) dict_keys(['example_branch_python_operator_decorator']) retrieved from /home/sheyla/Documents/Repositórios/airflowalura/venv/lib/python3.9/site-packages/airflow/example_dags/example_branch_operator_decorator.py
[2024-02-25 20:36:10,269] {logging_mixin.py:115} INFO - [2024-02-25 20:36:10,269] {dag.py:2379} INFO - Sync 1 DAGs
[2024-02-25 20:36:10,287] {logging_mixin.py:115} INFO - [2024-02-25 20:36:10,287] {dag.py:2927} INFO - Setting next_dagrun for example_branch_python_operator_decorator to 2024-02-24T00:00:00+00:00, run_after=2024-02-25T00:00:00+00:00
[2024-02-25 20:36:10,299] {processor.py:161} INFO - Processing /home/sheyla/Documents/Repositórios/airflowalura/venv/lib/python3.9/site-packages/airflow/example_dags/example_branch_operator_decorator.py took 0.070 seconds
[2024-02-25 20:36:45,318] {processor.py:153} INFO - Started process (PID=1959281) to work on /home/sheyla/Documents/Repositórios/airflowalura/venv/lib/python3.9/site-packages/airflow/example_dags/example_branch_operator_decorator.py
[2024-02-25 20:36:45,323] {processor.py:641} INFO - Processing file /home/sheyla/Documents/Repositórios/airflowalura/venv/lib/python3.9/site-packages/airflow/example_dags/example_branch_operator_decorator.py for tasks to queue
[2024-02-25 20:36:45,324] {logging_mixin.py:115} INFO - [2024-02-25 20:36:45,324] {dagbag.py:507} INFO - Filling up the DagBag from /home/sheyla/Documents/Repositórios/airflowalura/venv/lib/python3.9/site-packages/airflow/example_dags/example_branch_operator_decorator.py
[2024-02-25 20:36:45,350] {processor.py:651} INFO - DAG(s) dict_keys(['example_branch_python_operator_decorator']) retrieved from /home/sheyla/Documents/Repositórios/airflowalura/venv/lib/python3.9/site-packages/airflow/example_dags/example_branch_operator_decorator.py
[2024-02-25 20:36:45,365] {logging_mixin.py:115} INFO - [2024-02-25 20:36:45,365] {dag.py:2379} INFO - Sync 1 DAGs
[2024-02-25 20:36:45,380] {logging_mixin.py:115} INFO - [2024-02-25 20:36:45,380] {dag.py:2927} INFO - Setting next_dagrun for example_branch_python_operator_decorator to 2024-02-24T00:00:00+00:00, run_after=2024-02-25T00:00:00+00:00
[2024-02-25 20:36:45,391] {processor.py:161} INFO - Processing /home/sheyla/Documents/Repositórios/airflowalura/venv/lib/python3.9/site-packages/airflow/example_dags/example_branch_operator_decorator.py took 0.075 seconds
[2024-02-25 20:37:21,240] {processor.py:153} INFO - Started process (PID=1959652) to work on /home/sheyla/Documents/Repositórios/airflowalura/venv/lib/python3.9/site-packages/airflow/example_dags/example_branch_operator_decorator.py
[2024-02-25 20:37:21,241] {processor.py:641} INFO - Processing file /home/sheyla/Documents/Repositórios/airflowalura/venv/lib/python3.9/site-packages/airflow/example_dags/example_branch_operator_decorator.py for tasks to queue
[2024-02-25 20:37:21,241] {logging_mixin.py:115} INFO - [2024-02-25 20:37:21,241] {dagbag.py:507} INFO - Filling up the DagBag from /home/sheyla/Documents/Repositórios/airflowalura/venv/lib/python3.9/site-packages/airflow/example_dags/example_branch_operator_decorator.py
[2024-02-25 20:37:21,261] {processor.py:651} INFO - DAG(s) dict_keys(['example_branch_python_operator_decorator']) retrieved from /home/sheyla/Documents/Repositórios/airflowalura/venv/lib/python3.9/site-packages/airflow/example_dags/example_branch_operator_decorator.py
[2024-02-25 20:37:21,277] {logging_mixin.py:115} INFO - [2024-02-25 20:37:21,277] {dag.py:2379} INFO - Sync 1 DAGs
[2024-02-25 20:37:21,291] {logging_mixin.py:115} INFO - [2024-02-25 20:37:21,291] {dag.py:2927} INFO - Setting next_dagrun for example_branch_python_operator_decorator to 2024-02-24T00:00:00+00:00, run_after=2024-02-25T00:00:00+00:00
[2024-02-25 20:37:21,303] {processor.py:161} INFO - Processing /home/sheyla/Documents/Repositórios/airflowalura/venv/lib/python3.9/site-packages/airflow/example_dags/example_branch_operator_decorator.py took 0.065 seconds
[2024-02-25 20:37:55,006] {processor.py:153} INFO - Started process (PID=1959993) to work on /home/sheyla/Documents/Repositórios/airflowalura/venv/lib/python3.9/site-packages/airflow/example_dags/example_branch_operator_decorator.py
[2024-02-25 20:37:55,007] {processor.py:641} INFO - Processing file /home/sheyla/Documents/Repositórios/airflowalura/venv/lib/python3.9/site-packages/airflow/example_dags/example_branch_operator_decorator.py for tasks to queue
[2024-02-25 20:37:55,008] {logging_mixin.py:115} INFO - [2024-02-25 20:37:55,008] {dagbag.py:507} INFO - Filling up the DagBag from /home/sheyla/Documents/Repositórios/airflowalura/venv/lib/python3.9/site-packages/airflow/example_dags/example_branch_operator_decorator.py
[2024-02-25 20:37:55,033] {processor.py:651} INFO - DAG(s) dict_keys(['example_branch_python_operator_decorator']) retrieved from /home/sheyla/Documents/Repositórios/airflowalura/venv/lib/python3.9/site-packages/airflow/example_dags/example_branch_operator_decorator.py
[2024-02-25 20:37:55,046] {logging_mixin.py:115} INFO - [2024-02-25 20:37:55,046] {dag.py:2379} INFO - Sync 1 DAGs
[2024-02-25 20:37:55,060] {logging_mixin.py:115} INFO - [2024-02-25 20:37:55,060] {dag.py:2927} INFO - Setting next_dagrun for example_branch_python_operator_decorator to 2024-02-24T00:00:00+00:00, run_after=2024-02-25T00:00:00+00:00
[2024-02-25 20:37:55,071] {processor.py:161} INFO - Processing /home/sheyla/Documents/Repositórios/airflowalura/venv/lib/python3.9/site-packages/airflow/example_dags/example_branch_operator_decorator.py took 0.068 seconds
[2024-02-25 20:38:32,222] {processor.py:153} INFO - Started process (PID=1960371) to work on /home/sheyla/Documents/Repositórios/airflowalura/venv/lib/python3.9/site-packages/airflow/example_dags/example_branch_operator_decorator.py
[2024-02-25 20:38:32,228] {processor.py:641} INFO - Processing file /home/sheyla/Documents/Repositórios/airflowalura/venv/lib/python3.9/site-packages/airflow/example_dags/example_branch_operator_decorator.py for tasks to queue
[2024-02-25 20:38:32,230] {logging_mixin.py:115} INFO - [2024-02-25 20:38:32,229] {dagbag.py:507} INFO - Filling up the DagBag from /home/sheyla/Documents/Repositórios/airflowalura/venv/lib/python3.9/site-packages/airflow/example_dags/example_branch_operator_decorator.py
[2024-02-25 20:38:32,260] {processor.py:651} INFO - DAG(s) dict_keys(['example_branch_python_operator_decorator']) retrieved from /home/sheyla/Documents/Repositórios/airflowalura/venv/lib/python3.9/site-packages/airflow/example_dags/example_branch_operator_decorator.py
[2024-02-25 20:38:32,274] {logging_mixin.py:115} INFO - [2024-02-25 20:38:32,274] {dag.py:2379} INFO - Sync 1 DAGs
[2024-02-25 20:38:32,286] {logging_mixin.py:115} INFO - [2024-02-25 20:38:32,285] {dag.py:2927} INFO - Setting next_dagrun for example_branch_python_operator_decorator to 2024-02-24T00:00:00+00:00, run_after=2024-02-25T00:00:00+00:00
[2024-02-25 20:38:32,300] {processor.py:161} INFO - Processing /home/sheyla/Documents/Repositórios/airflowalura/venv/lib/python3.9/site-packages/airflow/example_dags/example_branch_operator_decorator.py took 0.086 seconds
[2024-02-25 20:39:06,403] {processor.py:153} INFO - Started process (PID=1960725) to work on /home/sheyla/Documents/Repositórios/airflowalura/venv/lib/python3.9/site-packages/airflow/example_dags/example_branch_operator_decorator.py
[2024-02-25 20:39:06,406] {processor.py:641} INFO - Processing file /home/sheyla/Documents/Repositórios/airflowalura/venv/lib/python3.9/site-packages/airflow/example_dags/example_branch_operator_decorator.py for tasks to queue
[2024-02-25 20:39:06,407] {logging_mixin.py:115} INFO - [2024-02-25 20:39:06,407] {dagbag.py:507} INFO - Filling up the DagBag from /home/sheyla/Documents/Repositórios/airflowalura/venv/lib/python3.9/site-packages/airflow/example_dags/example_branch_operator_decorator.py
[2024-02-25 20:39:06,427] {processor.py:651} INFO - DAG(s) dict_keys(['example_branch_python_operator_decorator']) retrieved from /home/sheyla/Documents/Repositórios/airflowalura/venv/lib/python3.9/site-packages/airflow/example_dags/example_branch_operator_decorator.py
[2024-02-25 20:39:06,443] {logging_mixin.py:115} INFO - [2024-02-25 20:39:06,443] {dag.py:2379} INFO - Sync 1 DAGs
[2024-02-25 20:39:06,456] {logging_mixin.py:115} INFO - [2024-02-25 20:39:06,456] {dag.py:2927} INFO - Setting next_dagrun for example_branch_python_operator_decorator to 2024-02-24T00:00:00+00:00, run_after=2024-02-25T00:00:00+00:00
[2024-02-25 20:39:06,468] {processor.py:161} INFO - Processing /home/sheyla/Documents/Repositórios/airflowalura/venv/lib/python3.9/site-packages/airflow/example_dags/example_branch_operator_decorator.py took 0.067 seconds
[2024-02-25 20:39:42,245] {processor.py:153} INFO - Started process (PID=1961096) to work on /home/sheyla/Documents/Repositórios/airflowalura/venv/lib/python3.9/site-packages/airflow/example_dags/example_branch_operator_decorator.py
[2024-02-25 20:39:42,251] {processor.py:641} INFO - Processing file /home/sheyla/Documents/Repositórios/airflowalura/venv/lib/python3.9/site-packages/airflow/example_dags/example_branch_operator_decorator.py for tasks to queue
[2024-02-25 20:39:42,252] {logging_mixin.py:115} INFO - [2024-02-25 20:39:42,252] {dagbag.py:507} INFO - Filling up the DagBag from /home/sheyla/Documents/Repositórios/airflowalura/venv/lib/python3.9/site-packages/airflow/example_dags/example_branch_operator_decorator.py
[2024-02-25 20:39:42,280] {processor.py:651} INFO - DAG(s) dict_keys(['example_branch_python_operator_decorator']) retrieved from /home/sheyla/Documents/Repositórios/airflowalura/venv/lib/python3.9/site-packages/airflow/example_dags/example_branch_operator_decorator.py
[2024-02-25 20:39:42,294] {logging_mixin.py:115} INFO - [2024-02-25 20:39:42,294] {dag.py:2379} INFO - Sync 1 DAGs
[2024-02-25 20:39:42,305] {logging_mixin.py:115} INFO - [2024-02-25 20:39:42,305] {dag.py:2927} INFO - Setting next_dagrun for example_branch_python_operator_decorator to 2024-02-24T00:00:00+00:00, run_after=2024-02-25T00:00:00+00:00
[2024-02-25 20:39:42,326] {processor.py:161} INFO - Processing /home/sheyla/Documents/Repositórios/airflowalura/venv/lib/python3.9/site-packages/airflow/example_dags/example_branch_operator_decorator.py took 0.088 seconds
[2024-02-25 20:40:15,056] {processor.py:153} INFO - Started process (PID=1961441) to work on /home/sheyla/Documents/Repositórios/airflowalura/venv/lib/python3.9/site-packages/airflow/example_dags/example_branch_operator_decorator.py
[2024-02-25 20:40:15,057] {processor.py:641} INFO - Processing file /home/sheyla/Documents/Repositórios/airflowalura/venv/lib/python3.9/site-packages/airflow/example_dags/example_branch_operator_decorator.py for tasks to queue
[2024-02-25 20:40:15,058] {logging_mixin.py:115} INFO - [2024-02-25 20:40:15,058] {dagbag.py:507} INFO - Filling up the DagBag from /home/sheyla/Documents/Repositórios/airflowalura/venv/lib/python3.9/site-packages/airflow/example_dags/example_branch_operator_decorator.py
[2024-02-25 20:40:15,088] {processor.py:651} INFO - DAG(s) dict_keys(['example_branch_python_operator_decorator']) retrieved from /home/sheyla/Documents/Repositórios/airflowalura/venv/lib/python3.9/site-packages/airflow/example_dags/example_branch_operator_decorator.py
[2024-02-25 20:40:15,102] {logging_mixin.py:115} INFO - [2024-02-25 20:40:15,102] {dag.py:2379} INFO - Sync 1 DAGs
[2024-02-25 20:40:15,115] {logging_mixin.py:115} INFO - [2024-02-25 20:40:15,115] {dag.py:2927} INFO - Setting next_dagrun for example_branch_python_operator_decorator to 2024-02-24T00:00:00+00:00, run_after=2024-02-25T00:00:00+00:00
[2024-02-25 20:40:15,125] {processor.py:161} INFO - Processing /home/sheyla/Documents/Repositórios/airflowalura/venv/lib/python3.9/site-packages/airflow/example_dags/example_branch_operator_decorator.py took 0.077 seconds
[2024-02-25 20:40:49,960] {processor.py:153} INFO - Started process (PID=1961795) to work on /home/sheyla/Documents/Repositórios/airflowalura/venv/lib/python3.9/site-packages/airflow/example_dags/example_branch_operator_decorator.py
[2024-02-25 20:40:49,961] {processor.py:641} INFO - Processing file /home/sheyla/Documents/Repositórios/airflowalura/venv/lib/python3.9/site-packages/airflow/example_dags/example_branch_operator_decorator.py for tasks to queue
[2024-02-25 20:40:49,963] {logging_mixin.py:115} INFO - [2024-02-25 20:40:49,962] {dagbag.py:507} INFO - Filling up the DagBag from /home/sheyla/Documents/Repositórios/airflowalura/venv/lib/python3.9/site-packages/airflow/example_dags/example_branch_operator_decorator.py
[2024-02-25 20:40:49,994] {processor.py:651} INFO - DAG(s) dict_keys(['example_branch_python_operator_decorator']) retrieved from /home/sheyla/Documents/Repositórios/airflowalura/venv/lib/python3.9/site-packages/airflow/example_dags/example_branch_operator_decorator.py
[2024-02-25 20:40:50,009] {logging_mixin.py:115} INFO - [2024-02-25 20:40:50,009] {dag.py:2379} INFO - Sync 1 DAGs
[2024-02-25 20:40:50,020] {logging_mixin.py:115} INFO - [2024-02-25 20:40:50,020] {dag.py:2927} INFO - Setting next_dagrun for example_branch_python_operator_decorator to 2024-02-24T00:00:00+00:00, run_after=2024-02-25T00:00:00+00:00
[2024-02-25 20:40:50,037] {processor.py:161} INFO - Processing /home/sheyla/Documents/Repositórios/airflowalura/venv/lib/python3.9/site-packages/airflow/example_dags/example_branch_operator_decorator.py took 0.083 seconds
[2024-02-25 20:41:26,975] {processor.py:153} INFO - Started process (PID=1962176) to work on /home/sheyla/Documents/Repositórios/airflowalura/venv/lib/python3.9/site-packages/airflow/example_dags/example_branch_operator_decorator.py
[2024-02-25 20:41:26,976] {processor.py:641} INFO - Processing file /home/sheyla/Documents/Repositórios/airflowalura/venv/lib/python3.9/site-packages/airflow/example_dags/example_branch_operator_decorator.py for tasks to queue
[2024-02-25 20:41:26,976] {logging_mixin.py:115} INFO - [2024-02-25 20:41:26,976] {dagbag.py:507} INFO - Filling up the DagBag from /home/sheyla/Documents/Repositórios/airflowalura/venv/lib/python3.9/site-packages/airflow/example_dags/example_branch_operator_decorator.py
[2024-02-25 20:41:26,994] {processor.py:651} INFO - DAG(s) dict_keys(['example_branch_python_operator_decorator']) retrieved from /home/sheyla/Documents/Repositórios/airflowalura/venv/lib/python3.9/site-packages/airflow/example_dags/example_branch_operator_decorator.py
[2024-02-25 20:41:27,009] {logging_mixin.py:115} INFO - [2024-02-25 20:41:27,009] {dag.py:2379} INFO - Sync 1 DAGs
[2024-02-25 20:41:27,020] {logging_mixin.py:115} INFO - [2024-02-25 20:41:27,020] {dag.py:2927} INFO - Setting next_dagrun for example_branch_python_operator_decorator to 2024-02-24T00:00:00+00:00, run_after=2024-02-25T00:00:00+00:00
[2024-02-25 20:41:27,031] {processor.py:161} INFO - Processing /home/sheyla/Documents/Repositórios/airflowalura/venv/lib/python3.9/site-packages/airflow/example_dags/example_branch_operator_decorator.py took 0.059 seconds
[2024-02-25 20:42:03,951] {processor.py:153} INFO - Started process (PID=1962589) to work on /home/sheyla/Documents/Repositórios/airflowalura/venv/lib/python3.9/site-packages/airflow/example_dags/example_branch_operator_decorator.py
[2024-02-25 20:42:03,957] {processor.py:641} INFO - Processing file /home/sheyla/Documents/Repositórios/airflowalura/venv/lib/python3.9/site-packages/airflow/example_dags/example_branch_operator_decorator.py for tasks to queue
[2024-02-25 20:42:03,958] {logging_mixin.py:115} INFO - [2024-02-25 20:42:03,958] {dagbag.py:507} INFO - Filling up the DagBag from /home/sheyla/Documents/Repositórios/airflowalura/venv/lib/python3.9/site-packages/airflow/example_dags/example_branch_operator_decorator.py
[2024-02-25 20:42:03,996] {processor.py:651} INFO - DAG(s) dict_keys(['example_branch_python_operator_decorator']) retrieved from /home/sheyla/Documents/Repositórios/airflowalura/venv/lib/python3.9/site-packages/airflow/example_dags/example_branch_operator_decorator.py
[2024-02-25 20:42:04,012] {logging_mixin.py:115} INFO - [2024-02-25 20:42:04,011] {dag.py:2379} INFO - Sync 1 DAGs
[2024-02-25 20:42:04,024] {logging_mixin.py:115} INFO - [2024-02-25 20:42:04,024] {dag.py:2927} INFO - Setting next_dagrun for example_branch_python_operator_decorator to 2024-02-24T00:00:00+00:00, run_after=2024-02-25T00:00:00+00:00
[2024-02-25 20:42:04,037] {processor.py:161} INFO - Processing /home/sheyla/Documents/Repositórios/airflowalura/venv/lib/python3.9/site-packages/airflow/example_dags/example_branch_operator_decorator.py took 0.088 seconds
[2024-02-25 20:42:41,183] {processor.py:153} INFO - Started process (PID=1962967) to work on /home/sheyla/Documents/Repositórios/airflowalura/venv/lib/python3.9/site-packages/airflow/example_dags/example_branch_operator_decorator.py
[2024-02-25 20:42:41,190] {processor.py:641} INFO - Processing file /home/sheyla/Documents/Repositórios/airflowalura/venv/lib/python3.9/site-packages/airflow/example_dags/example_branch_operator_decorator.py for tasks to queue
[2024-02-25 20:42:41,191] {logging_mixin.py:115} INFO - [2024-02-25 20:42:41,191] {dagbag.py:507} INFO - Filling up the DagBag from /home/sheyla/Documents/Repositórios/airflowalura/venv/lib/python3.9/site-packages/airflow/example_dags/example_branch_operator_decorator.py
[2024-02-25 20:42:41,225] {processor.py:651} INFO - DAG(s) dict_keys(['example_branch_python_operator_decorator']) retrieved from /home/sheyla/Documents/Repositórios/airflowalura/venv/lib/python3.9/site-packages/airflow/example_dags/example_branch_operator_decorator.py
[2024-02-25 20:42:41,239] {logging_mixin.py:115} INFO - [2024-02-25 20:42:41,239] {dag.py:2379} INFO - Sync 1 DAGs
[2024-02-25 20:42:41,251] {logging_mixin.py:115} INFO - [2024-02-25 20:42:41,251] {dag.py:2927} INFO - Setting next_dagrun for example_branch_python_operator_decorator to 2024-02-24T00:00:00+00:00, run_after=2024-02-25T00:00:00+00:00
[2024-02-25 20:42:41,265] {processor.py:161} INFO - Processing /home/sheyla/Documents/Repositórios/airflowalura/venv/lib/python3.9/site-packages/airflow/example_dags/example_branch_operator_decorator.py took 0.088 seconds
[2024-02-25 20:43:13,697] {processor.py:153} INFO - Started process (PID=1963303) to work on /home/sheyla/Documents/Repositórios/airflowalura/venv/lib/python3.9/site-packages/airflow/example_dags/example_branch_operator_decorator.py
[2024-02-25 20:43:13,703] {processor.py:641} INFO - Processing file /home/sheyla/Documents/Repositórios/airflowalura/venv/lib/python3.9/site-packages/airflow/example_dags/example_branch_operator_decorator.py for tasks to queue
[2024-02-25 20:43:13,704] {logging_mixin.py:115} INFO - [2024-02-25 20:43:13,704] {dagbag.py:507} INFO - Filling up the DagBag from /home/sheyla/Documents/Repositórios/airflowalura/venv/lib/python3.9/site-packages/airflow/example_dags/example_branch_operator_decorator.py
[2024-02-25 20:43:13,739] {processor.py:651} INFO - DAG(s) dict_keys(['example_branch_python_operator_decorator']) retrieved from /home/sheyla/Documents/Repositórios/airflowalura/venv/lib/python3.9/site-packages/airflow/example_dags/example_branch_operator_decorator.py
[2024-02-25 20:43:13,753] {logging_mixin.py:115} INFO - [2024-02-25 20:43:13,753] {dag.py:2379} INFO - Sync 1 DAGs
[2024-02-25 20:43:13,765] {logging_mixin.py:115} INFO - [2024-02-25 20:43:13,765] {dag.py:2927} INFO - Setting next_dagrun for example_branch_python_operator_decorator to 2024-02-24T00:00:00+00:00, run_after=2024-02-25T00:00:00+00:00
[2024-02-25 20:43:13,784] {processor.py:161} INFO - Processing /home/sheyla/Documents/Repositórios/airflowalura/venv/lib/python3.9/site-packages/airflow/example_dags/example_branch_operator_decorator.py took 0.094 seconds
[2024-02-25 20:43:47,067] {processor.py:153} INFO - Started process (PID=1963638) to work on /home/sheyla/Documents/Repositórios/airflowalura/venv/lib/python3.9/site-packages/airflow/example_dags/example_branch_operator_decorator.py
[2024-02-25 20:43:47,074] {processor.py:641} INFO - Processing file /home/sheyla/Documents/Repositórios/airflowalura/venv/lib/python3.9/site-packages/airflow/example_dags/example_branch_operator_decorator.py for tasks to queue
[2024-02-25 20:43:47,075] {logging_mixin.py:115} INFO - [2024-02-25 20:43:47,075] {dagbag.py:507} INFO - Filling up the DagBag from /home/sheyla/Documents/Repositórios/airflowalura/venv/lib/python3.9/site-packages/airflow/example_dags/example_branch_operator_decorator.py
[2024-02-25 20:43:47,108] {processor.py:651} INFO - DAG(s) dict_keys(['example_branch_python_operator_decorator']) retrieved from /home/sheyla/Documents/Repositórios/airflowalura/venv/lib/python3.9/site-packages/airflow/example_dags/example_branch_operator_decorator.py
[2024-02-25 20:43:47,123] {logging_mixin.py:115} INFO - [2024-02-25 20:43:47,123] {dag.py:2379} INFO - Sync 1 DAGs
[2024-02-25 20:43:47,135] {logging_mixin.py:115} INFO - [2024-02-25 20:43:47,135] {dag.py:2927} INFO - Setting next_dagrun for example_branch_python_operator_decorator to 2024-02-24T00:00:00+00:00, run_after=2024-02-25T00:00:00+00:00
[2024-02-25 20:43:47,154] {processor.py:161} INFO - Processing /home/sheyla/Documents/Repositórios/airflowalura/venv/lib/python3.9/site-packages/airflow/example_dags/example_branch_operator_decorator.py took 0.093 seconds
[2024-02-25 20:44:19,109] {processor.py:153} INFO - Started process (PID=1963974) to work on /home/sheyla/Documents/Repositórios/airflowalura/venv/lib/python3.9/site-packages/airflow/example_dags/example_branch_operator_decorator.py
[2024-02-25 20:44:19,115] {processor.py:641} INFO - Processing file /home/sheyla/Documents/Repositórios/airflowalura/venv/lib/python3.9/site-packages/airflow/example_dags/example_branch_operator_decorator.py for tasks to queue
[2024-02-25 20:44:19,117] {logging_mixin.py:115} INFO - [2024-02-25 20:44:19,116] {dagbag.py:507} INFO - Filling up the DagBag from /home/sheyla/Documents/Repositórios/airflowalura/venv/lib/python3.9/site-packages/airflow/example_dags/example_branch_operator_decorator.py
[2024-02-25 20:44:19,148] {processor.py:651} INFO - DAG(s) dict_keys(['example_branch_python_operator_decorator']) retrieved from /home/sheyla/Documents/Repositórios/airflowalura/venv/lib/python3.9/site-packages/airflow/example_dags/example_branch_operator_decorator.py
[2024-02-25 20:44:19,163] {logging_mixin.py:115} INFO - [2024-02-25 20:44:19,163] {dag.py:2379} INFO - Sync 1 DAGs
[2024-02-25 20:44:19,174] {logging_mixin.py:115} INFO - [2024-02-25 20:44:19,174] {dag.py:2927} INFO - Setting next_dagrun for example_branch_python_operator_decorator to 2024-02-24T00:00:00+00:00, run_after=2024-02-25T00:00:00+00:00
[2024-02-25 20:44:19,187] {processor.py:161} INFO - Processing /home/sheyla/Documents/Repositórios/airflowalura/venv/lib/python3.9/site-packages/airflow/example_dags/example_branch_operator_decorator.py took 0.084 seconds
[2024-02-25 20:44:51,638] {processor.py:153} INFO - Started process (PID=1964303) to work on /home/sheyla/Documents/Repositórios/airflowalura/venv/lib/python3.9/site-packages/airflow/example_dags/example_branch_operator_decorator.py
[2024-02-25 20:44:51,644] {processor.py:641} INFO - Processing file /home/sheyla/Documents/Repositórios/airflowalura/venv/lib/python3.9/site-packages/airflow/example_dags/example_branch_operator_decorator.py for tasks to queue
[2024-02-25 20:44:51,646] {logging_mixin.py:115} INFO - [2024-02-25 20:44:51,645] {dagbag.py:507} INFO - Filling up the DagBag from /home/sheyla/Documents/Repositórios/airflowalura/venv/lib/python3.9/site-packages/airflow/example_dags/example_branch_operator_decorator.py
[2024-02-25 20:44:51,683] {processor.py:651} INFO - DAG(s) dict_keys(['example_branch_python_operator_decorator']) retrieved from /home/sheyla/Documents/Repositórios/airflowalura/venv/lib/python3.9/site-packages/airflow/example_dags/example_branch_operator_decorator.py
[2024-02-25 20:44:51,699] {logging_mixin.py:115} INFO - [2024-02-25 20:44:51,699] {dag.py:2379} INFO - Sync 1 DAGs
[2024-02-25 20:44:51,710] {logging_mixin.py:115} INFO - [2024-02-25 20:44:51,710] {dag.py:2927} INFO - Setting next_dagrun for example_branch_python_operator_decorator to 2024-02-24T00:00:00+00:00, run_after=2024-02-25T00:00:00+00:00
[2024-02-25 20:44:51,723] {processor.py:161} INFO - Processing /home/sheyla/Documents/Repositórios/airflowalura/venv/lib/python3.9/site-packages/airflow/example_dags/example_branch_operator_decorator.py took 0.089 seconds
[2024-02-25 20:45:24,873] {processor.py:153} INFO - Started process (PID=1964656) to work on /home/sheyla/Documents/Repositórios/airflowalura/venv/lib/python3.9/site-packages/airflow/example_dags/example_branch_operator_decorator.py
[2024-02-25 20:45:24,878] {processor.py:641} INFO - Processing file /home/sheyla/Documents/Repositórios/airflowalura/venv/lib/python3.9/site-packages/airflow/example_dags/example_branch_operator_decorator.py for tasks to queue
[2024-02-25 20:45:24,879] {logging_mixin.py:115} INFO - [2024-02-25 20:45:24,879] {dagbag.py:507} INFO - Filling up the DagBag from /home/sheyla/Documents/Repositórios/airflowalura/venv/lib/python3.9/site-packages/airflow/example_dags/example_branch_operator_decorator.py
[2024-02-25 20:45:24,900] {processor.py:651} INFO - DAG(s) dict_keys(['example_branch_python_operator_decorator']) retrieved from /home/sheyla/Documents/Repositórios/airflowalura/venv/lib/python3.9/site-packages/airflow/example_dags/example_branch_operator_decorator.py
[2024-02-25 20:45:24,913] {logging_mixin.py:115} INFO - [2024-02-25 20:45:24,913] {dag.py:2379} INFO - Sync 1 DAGs
[2024-02-25 20:45:24,925] {logging_mixin.py:115} INFO - [2024-02-25 20:45:24,925] {dag.py:2927} INFO - Setting next_dagrun for example_branch_python_operator_decorator to 2024-02-24T00:00:00+00:00, run_after=2024-02-25T00:00:00+00:00
[2024-02-25 20:45:24,937] {processor.py:161} INFO - Processing /home/sheyla/Documents/Repositórios/airflowalura/venv/lib/python3.9/site-packages/airflow/example_dags/example_branch_operator_decorator.py took 0.067 seconds
[2024-02-25 20:45:59,733] {processor.py:153} INFO - Started process (PID=1965008) to work on /home/sheyla/Documents/Repositórios/airflowalura/venv/lib/python3.9/site-packages/airflow/example_dags/example_branch_operator_decorator.py
[2024-02-25 20:45:59,739] {processor.py:641} INFO - Processing file /home/sheyla/Documents/Repositórios/airflowalura/venv/lib/python3.9/site-packages/airflow/example_dags/example_branch_operator_decorator.py for tasks to queue
[2024-02-25 20:45:59,740] {logging_mixin.py:115} INFO - [2024-02-25 20:45:59,740] {dagbag.py:507} INFO - Filling up the DagBag from /home/sheyla/Documents/Repositórios/airflowalura/venv/lib/python3.9/site-packages/airflow/example_dags/example_branch_operator_decorator.py
[2024-02-25 20:45:59,776] {processor.py:651} INFO - DAG(s) dict_keys(['example_branch_python_operator_decorator']) retrieved from /home/sheyla/Documents/Repositórios/airflowalura/venv/lib/python3.9/site-packages/airflow/example_dags/example_branch_operator_decorator.py
[2024-02-25 20:45:59,790] {logging_mixin.py:115} INFO - [2024-02-25 20:45:59,790] {dag.py:2379} INFO - Sync 1 DAGs
[2024-02-25 20:45:59,802] {logging_mixin.py:115} INFO - [2024-02-25 20:45:59,802] {dag.py:2927} INFO - Setting next_dagrun for example_branch_python_operator_decorator to 2024-02-24T00:00:00+00:00, run_after=2024-02-25T00:00:00+00:00
[2024-02-25 20:45:59,816] {processor.py:161} INFO - Processing /home/sheyla/Documents/Repositórios/airflowalura/venv/lib/python3.9/site-packages/airflow/example_dags/example_branch_operator_decorator.py took 0.089 seconds
[2024-02-25 20:46:36,467] {processor.py:153} INFO - Started process (PID=1965406) to work on /home/sheyla/Documents/Repositórios/airflowalura/venv/lib/python3.9/site-packages/airflow/example_dags/example_branch_operator_decorator.py
[2024-02-25 20:46:36,473] {processor.py:641} INFO - Processing file /home/sheyla/Documents/Repositórios/airflowalura/venv/lib/python3.9/site-packages/airflow/example_dags/example_branch_operator_decorator.py for tasks to queue
[2024-02-25 20:46:36,475] {logging_mixin.py:115} INFO - [2024-02-25 20:46:36,474] {dagbag.py:507} INFO - Filling up the DagBag from /home/sheyla/Documents/Repositórios/airflowalura/venv/lib/python3.9/site-packages/airflow/example_dags/example_branch_operator_decorator.py
[2024-02-25 20:46:36,507] {processor.py:651} INFO - DAG(s) dict_keys(['example_branch_python_operator_decorator']) retrieved from /home/sheyla/Documents/Repositórios/airflowalura/venv/lib/python3.9/site-packages/airflow/example_dags/example_branch_operator_decorator.py
[2024-02-25 20:46:36,522] {logging_mixin.py:115} INFO - [2024-02-25 20:46:36,522] {dag.py:2379} INFO - Sync 1 DAGs
[2024-02-25 20:46:36,533] {logging_mixin.py:115} INFO - [2024-02-25 20:46:36,533] {dag.py:2927} INFO - Setting next_dagrun for example_branch_python_operator_decorator to 2024-02-24T00:00:00+00:00, run_after=2024-02-25T00:00:00+00:00
[2024-02-25 20:46:36,546] {processor.py:161} INFO - Processing /home/sheyla/Documents/Repositórios/airflowalura/venv/lib/python3.9/site-packages/airflow/example_dags/example_branch_operator_decorator.py took 0.085 seconds
[2024-02-25 20:47:10,696] {processor.py:153} INFO - Started process (PID=1965855) to work on /home/sheyla/Documents/Repositórios/airflowalura/venv/lib/python3.9/site-packages/airflow/example_dags/example_branch_operator_decorator.py
[2024-02-25 20:47:10,697] {processor.py:641} INFO - Processing file /home/sheyla/Documents/Repositórios/airflowalura/venv/lib/python3.9/site-packages/airflow/example_dags/example_branch_operator_decorator.py for tasks to queue
[2024-02-25 20:47:10,698] {logging_mixin.py:115} INFO - [2024-02-25 20:47:10,698] {dagbag.py:507} INFO - Filling up the DagBag from /home/sheyla/Documents/Repositórios/airflowalura/venv/lib/python3.9/site-packages/airflow/example_dags/example_branch_operator_decorator.py
[2024-02-25 20:47:10,727] {processor.py:651} INFO - DAG(s) dict_keys(['example_branch_python_operator_decorator']) retrieved from /home/sheyla/Documents/Repositórios/airflowalura/venv/lib/python3.9/site-packages/airflow/example_dags/example_branch_operator_decorator.py
[2024-02-25 20:47:10,741] {logging_mixin.py:115} INFO - [2024-02-25 20:47:10,741] {dag.py:2379} INFO - Sync 1 DAGs
[2024-02-25 20:47:10,753] {logging_mixin.py:115} INFO - [2024-02-25 20:47:10,753] {dag.py:2927} INFO - Setting next_dagrun for example_branch_python_operator_decorator to 2024-02-24T00:00:00+00:00, run_after=2024-02-25T00:00:00+00:00
[2024-02-25 20:47:10,764] {processor.py:161} INFO - Processing /home/sheyla/Documents/Repositórios/airflowalura/venv/lib/python3.9/site-packages/airflow/example_dags/example_branch_operator_decorator.py took 0.073 seconds
[2024-02-25 20:47:45,009] {processor.py:153} INFO - Started process (PID=1966363) to work on /home/sheyla/Documents/Repositórios/airflowalura/venv/lib/python3.9/site-packages/airflow/example_dags/example_branch_operator_decorator.py
[2024-02-25 20:47:45,016] {processor.py:641} INFO - Processing file /home/sheyla/Documents/Repositórios/airflowalura/venv/lib/python3.9/site-packages/airflow/example_dags/example_branch_operator_decorator.py for tasks to queue
[2024-02-25 20:47:45,017] {logging_mixin.py:115} INFO - [2024-02-25 20:47:45,017] {dagbag.py:507} INFO - Filling up the DagBag from /home/sheyla/Documents/Repositórios/airflowalura/venv/lib/python3.9/site-packages/airflow/example_dags/example_branch_operator_decorator.py
[2024-02-25 20:47:45,042] {processor.py:651} INFO - DAG(s) dict_keys(['example_branch_python_operator_decorator']) retrieved from /home/sheyla/Documents/Repositórios/airflowalura/venv/lib/python3.9/site-packages/airflow/example_dags/example_branch_operator_decorator.py
[2024-02-25 20:47:45,055] {logging_mixin.py:115} INFO - [2024-02-25 20:47:45,055] {dag.py:2379} INFO - Sync 1 DAGs
[2024-02-25 20:47:45,068] {logging_mixin.py:115} INFO - [2024-02-25 20:47:45,068] {dag.py:2927} INFO - Setting next_dagrun for example_branch_python_operator_decorator to 2024-02-24T00:00:00+00:00, run_after=2024-02-25T00:00:00+00:00
[2024-02-25 20:47:45,078] {processor.py:161} INFO - Processing /home/sheyla/Documents/Repositórios/airflowalura/venv/lib/python3.9/site-packages/airflow/example_dags/example_branch_operator_decorator.py took 0.078 seconds
[2024-02-25 20:48:21,040] {processor.py:153} INFO - Started process (PID=1966889) to work on /home/sheyla/Documents/Repositórios/airflowalura/venv/lib/python3.9/site-packages/airflow/example_dags/example_branch_operator_decorator.py
[2024-02-25 20:48:21,041] {processor.py:641} INFO - Processing file /home/sheyla/Documents/Repositórios/airflowalura/venv/lib/python3.9/site-packages/airflow/example_dags/example_branch_operator_decorator.py for tasks to queue
[2024-02-25 20:48:21,042] {logging_mixin.py:115} INFO - [2024-02-25 20:48:21,042] {dagbag.py:507} INFO - Filling up the DagBag from /home/sheyla/Documents/Repositórios/airflowalura/venv/lib/python3.9/site-packages/airflow/example_dags/example_branch_operator_decorator.py
[2024-02-25 20:48:21,076] {processor.py:651} INFO - DAG(s) dict_keys(['example_branch_python_operator_decorator']) retrieved from /home/sheyla/Documents/Repositórios/airflowalura/venv/lib/python3.9/site-packages/airflow/example_dags/example_branch_operator_decorator.py
[2024-02-25 20:48:21,091] {logging_mixin.py:115} INFO - [2024-02-25 20:48:21,091] {dag.py:2379} INFO - Sync 1 DAGs
[2024-02-25 20:48:21,104] {logging_mixin.py:115} INFO - [2024-02-25 20:48:21,104] {dag.py:2927} INFO - Setting next_dagrun for example_branch_python_operator_decorator to 2024-02-24T00:00:00+00:00, run_after=2024-02-25T00:00:00+00:00
[2024-02-25 20:48:21,114] {processor.py:161} INFO - Processing /home/sheyla/Documents/Repositórios/airflowalura/venv/lib/python3.9/site-packages/airflow/example_dags/example_branch_operator_decorator.py took 0.081 seconds
