[2024-02-25 20:34:02,956] {processor.py:153} INFO - Started process (PID=1957529) to work on /home/sheyla/Documents/Repositórios/airflowalura/venv/lib/python3.9/site-packages/airflow/example_dags/example_trigger_target_dag.py
[2024-02-25 20:34:02,956] {processor.py:641} INFO - Processing file /home/sheyla/Documents/Repositórios/airflowalura/venv/lib/python3.9/site-packages/airflow/example_dags/example_trigger_target_dag.py for tasks to queue
[2024-02-25 20:34:02,957] {logging_mixin.py:115} INFO - [2024-02-25 20:34:02,957] {dagbag.py:507} INFO - Filling up the DagBag from /home/sheyla/Documents/Repositórios/airflowalura/venv/lib/python3.9/site-packages/airflow/example_dags/example_trigger_target_dag.py
[2024-02-25 20:34:02,972] {processor.py:651} INFO - DAG(s) dict_keys(['example_trigger_target_dag']) retrieved from /home/sheyla/Documents/Repositórios/airflowalura/venv/lib/python3.9/site-packages/airflow/example_dags/example_trigger_target_dag.py
[2024-02-25 20:34:02,983] {logging_mixin.py:115} INFO - [2024-02-25 20:34:02,983] {dag.py:2379} INFO - Sync 1 DAGs
[2024-02-25 20:34:02,997] {logging_mixin.py:115} INFO - [2024-02-25 20:34:02,997] {dag.py:2927} INFO - Setting next_dagrun for example_trigger_target_dag to None, run_after=None
[2024-02-25 20:34:03,015] {processor.py:161} INFO - Processing /home/sheyla/Documents/Repositórios/airflowalura/venv/lib/python3.9/site-packages/airflow/example_dags/example_trigger_target_dag.py took 0.062 seconds
[2024-02-25 20:34:40,687] {processor.py:153} INFO - Started process (PID=1957976) to work on /home/sheyla/Documents/Repositórios/airflowalura/venv/lib/python3.9/site-packages/airflow/example_dags/example_trigger_target_dag.py
[2024-02-25 20:34:40,687] {processor.py:641} INFO - Processing file /home/sheyla/Documents/Repositórios/airflowalura/venv/lib/python3.9/site-packages/airflow/example_dags/example_trigger_target_dag.py for tasks to queue
[2024-02-25 20:34:40,688] {logging_mixin.py:115} INFO - [2024-02-25 20:34:40,688] {dagbag.py:507} INFO - Filling up the DagBag from /home/sheyla/Documents/Repositórios/airflowalura/venv/lib/python3.9/site-packages/airflow/example_dags/example_trigger_target_dag.py
[2024-02-25 20:34:40,702] {processor.py:651} INFO - DAG(s) dict_keys(['example_trigger_target_dag']) retrieved from /home/sheyla/Documents/Repositórios/airflowalura/venv/lib/python3.9/site-packages/airflow/example_dags/example_trigger_target_dag.py
[2024-02-25 20:34:40,714] {logging_mixin.py:115} INFO - [2024-02-25 20:34:40,714] {dag.py:2379} INFO - Sync 1 DAGs
[2024-02-25 20:34:40,727] {logging_mixin.py:115} INFO - [2024-02-25 20:34:40,727] {dag.py:2927} INFO - Setting next_dagrun for example_trigger_target_dag to None, run_after=None
[2024-02-25 20:34:40,745] {processor.py:161} INFO - Processing /home/sheyla/Documents/Repositórios/airflowalura/venv/lib/python3.9/site-packages/airflow/example_dags/example_trigger_target_dag.py took 0.061 seconds
[2024-02-25 20:35:19,740] {processor.py:153} INFO - Started process (PID=1958377) to work on /home/sheyla/Documents/Repositórios/airflowalura/venv/lib/python3.9/site-packages/airflow/example_dags/example_trigger_target_dag.py
[2024-02-25 20:35:19,745] {processor.py:641} INFO - Processing file /home/sheyla/Documents/Repositórios/airflowalura/venv/lib/python3.9/site-packages/airflow/example_dags/example_trigger_target_dag.py for tasks to queue
[2024-02-25 20:35:19,746] {logging_mixin.py:115} INFO - [2024-02-25 20:35:19,746] {dagbag.py:507} INFO - Filling up the DagBag from /home/sheyla/Documents/Repositórios/airflowalura/venv/lib/python3.9/site-packages/airflow/example_dags/example_trigger_target_dag.py
[2024-02-25 20:35:19,766] {processor.py:651} INFO - DAG(s) dict_keys(['example_trigger_target_dag']) retrieved from /home/sheyla/Documents/Repositórios/airflowalura/venv/lib/python3.9/site-packages/airflow/example_dags/example_trigger_target_dag.py
[2024-02-25 20:35:19,780] {logging_mixin.py:115} INFO - [2024-02-25 20:35:19,780] {dag.py:2379} INFO - Sync 1 DAGs
[2024-02-25 20:35:19,794] {logging_mixin.py:115} INFO - [2024-02-25 20:35:19,794] {dag.py:2927} INFO - Setting next_dagrun for example_trigger_target_dag to None, run_after=None
[2024-02-25 20:35:19,807] {processor.py:161} INFO - Processing /home/sheyla/Documents/Repositórios/airflowalura/venv/lib/python3.9/site-packages/airflow/example_dags/example_trigger_target_dag.py took 0.069 seconds
[2024-02-25 20:35:56,531] {processor.py:153} INFO - Started process (PID=1958756) to work on /home/sheyla/Documents/Repositórios/airflowalura/venv/lib/python3.9/site-packages/airflow/example_dags/example_trigger_target_dag.py
[2024-02-25 20:35:56,536] {processor.py:641} INFO - Processing file /home/sheyla/Documents/Repositórios/airflowalura/venv/lib/python3.9/site-packages/airflow/example_dags/example_trigger_target_dag.py for tasks to queue
[2024-02-25 20:35:56,536] {logging_mixin.py:115} INFO - [2024-02-25 20:35:56,536] {dagbag.py:507} INFO - Filling up the DagBag from /home/sheyla/Documents/Repositórios/airflowalura/venv/lib/python3.9/site-packages/airflow/example_dags/example_trigger_target_dag.py
[2024-02-25 20:35:56,550] {processor.py:651} INFO - DAG(s) dict_keys(['example_trigger_target_dag']) retrieved from /home/sheyla/Documents/Repositórios/airflowalura/venv/lib/python3.9/site-packages/airflow/example_dags/example_trigger_target_dag.py
[2024-02-25 20:35:56,559] {logging_mixin.py:115} INFO - [2024-02-25 20:35:56,559] {dag.py:2379} INFO - Sync 1 DAGs
[2024-02-25 20:35:56,571] {logging_mixin.py:115} INFO - [2024-02-25 20:35:56,571] {dag.py:2927} INFO - Setting next_dagrun for example_trigger_target_dag to None, run_after=None
[2024-02-25 20:35:56,583] {processor.py:161} INFO - Processing /home/sheyla/Documents/Repositórios/airflowalura/venv/lib/python3.9/site-packages/airflow/example_dags/example_trigger_target_dag.py took 0.055 seconds
[2024-02-25 20:36:37,161] {processor.py:153} INFO - Started process (PID=1959196) to work on /home/sheyla/Documents/Repositórios/airflowalura/venv/lib/python3.9/site-packages/airflow/example_dags/example_trigger_target_dag.py
[2024-02-25 20:36:37,167] {processor.py:641} INFO - Processing file /home/sheyla/Documents/Repositórios/airflowalura/venv/lib/python3.9/site-packages/airflow/example_dags/example_trigger_target_dag.py for tasks to queue
[2024-02-25 20:36:37,167] {logging_mixin.py:115} INFO - [2024-02-25 20:36:37,167] {dagbag.py:507} INFO - Filling up the DagBag from /home/sheyla/Documents/Repositórios/airflowalura/venv/lib/python3.9/site-packages/airflow/example_dags/example_trigger_target_dag.py
[2024-02-25 20:36:37,184] {processor.py:651} INFO - DAG(s) dict_keys(['example_trigger_target_dag']) retrieved from /home/sheyla/Documents/Repositórios/airflowalura/venv/lib/python3.9/site-packages/airflow/example_dags/example_trigger_target_dag.py
[2024-02-25 20:36:37,195] {logging_mixin.py:115} INFO - [2024-02-25 20:36:37,195] {dag.py:2379} INFO - Sync 1 DAGs
[2024-02-25 20:36:37,207] {logging_mixin.py:115} INFO - [2024-02-25 20:36:37,207] {dag.py:2927} INFO - Setting next_dagrun for example_trigger_target_dag to None, run_after=None
[2024-02-25 20:36:37,225] {processor.py:161} INFO - Processing /home/sheyla/Documents/Repositórios/airflowalura/venv/lib/python3.9/site-packages/airflow/example_dags/example_trigger_target_dag.py took 0.066 seconds
[2024-02-25 20:37:11,832] {processor.py:153} INFO - Started process (PID=1959555) to work on /home/sheyla/Documents/Repositórios/airflowalura/venv/lib/python3.9/site-packages/airflow/example_dags/example_trigger_target_dag.py
[2024-02-25 20:37:11,838] {processor.py:641} INFO - Processing file /home/sheyla/Documents/Repositórios/airflowalura/venv/lib/python3.9/site-packages/airflow/example_dags/example_trigger_target_dag.py for tasks to queue
[2024-02-25 20:37:11,839] {logging_mixin.py:115} INFO - [2024-02-25 20:37:11,839] {dagbag.py:507} INFO - Filling up the DagBag from /home/sheyla/Documents/Repositórios/airflowalura/venv/lib/python3.9/site-packages/airflow/example_dags/example_trigger_target_dag.py
[2024-02-25 20:37:11,869] {processor.py:651} INFO - DAG(s) dict_keys(['example_trigger_target_dag']) retrieved from /home/sheyla/Documents/Repositórios/airflowalura/venv/lib/python3.9/site-packages/airflow/example_dags/example_trigger_target_dag.py
[2024-02-25 20:37:11,882] {logging_mixin.py:115} INFO - [2024-02-25 20:37:11,882] {dag.py:2379} INFO - Sync 1 DAGs
[2024-02-25 20:37:11,894] {logging_mixin.py:115} INFO - [2024-02-25 20:37:11,894] {dag.py:2927} INFO - Setting next_dagrun for example_trigger_target_dag to None, run_after=None
[2024-02-25 20:37:11,908] {processor.py:161} INFO - Processing /home/sheyla/Documents/Repositórios/airflowalura/venv/lib/python3.9/site-packages/airflow/example_dags/example_trigger_target_dag.py took 0.082 seconds
[2024-02-25 20:37:49,403] {processor.py:153} INFO - Started process (PID=1959938) to work on /home/sheyla/Documents/Repositórios/airflowalura/venv/lib/python3.9/site-packages/airflow/example_dags/example_trigger_target_dag.py
[2024-02-25 20:37:49,409] {processor.py:641} INFO - Processing file /home/sheyla/Documents/Repositórios/airflowalura/venv/lib/python3.9/site-packages/airflow/example_dags/example_trigger_target_dag.py for tasks to queue
[2024-02-25 20:37:49,411] {logging_mixin.py:115} INFO - [2024-02-25 20:37:49,410] {dagbag.py:507} INFO - Filling up the DagBag from /home/sheyla/Documents/Repositórios/airflowalura/venv/lib/python3.9/site-packages/airflow/example_dags/example_trigger_target_dag.py
[2024-02-25 20:37:49,446] {processor.py:651} INFO - DAG(s) dict_keys(['example_trigger_target_dag']) retrieved from /home/sheyla/Documents/Repositórios/airflowalura/venv/lib/python3.9/site-packages/airflow/example_dags/example_trigger_target_dag.py
[2024-02-25 20:37:49,459] {logging_mixin.py:115} INFO - [2024-02-25 20:37:49,458] {dag.py:2379} INFO - Sync 1 DAGs
[2024-02-25 20:37:49,472] {logging_mixin.py:115} INFO - [2024-02-25 20:37:49,472] {dag.py:2927} INFO - Setting next_dagrun for example_trigger_target_dag to None, run_after=None
[2024-02-25 20:37:49,485] {processor.py:161} INFO - Processing /home/sheyla/Documents/Repositórios/airflowalura/venv/lib/python3.9/site-packages/airflow/example_dags/example_trigger_target_dag.py took 0.087 seconds
[2024-02-25 20:38:26,369] {processor.py:153} INFO - Started process (PID=1960315) to work on /home/sheyla/Documents/Repositórios/airflowalura/venv/lib/python3.9/site-packages/airflow/example_dags/example_trigger_target_dag.py
[2024-02-25 20:38:26,374] {processor.py:641} INFO - Processing file /home/sheyla/Documents/Repositórios/airflowalura/venv/lib/python3.9/site-packages/airflow/example_dags/example_trigger_target_dag.py for tasks to queue
[2024-02-25 20:38:26,375] {logging_mixin.py:115} INFO - [2024-02-25 20:38:26,375] {dagbag.py:507} INFO - Filling up the DagBag from /home/sheyla/Documents/Repositórios/airflowalura/venv/lib/python3.9/site-packages/airflow/example_dags/example_trigger_target_dag.py
[2024-02-25 20:38:26,396] {processor.py:651} INFO - DAG(s) dict_keys(['example_trigger_target_dag']) retrieved from /home/sheyla/Documents/Repositórios/airflowalura/venv/lib/python3.9/site-packages/airflow/example_dags/example_trigger_target_dag.py
[2024-02-25 20:38:26,411] {logging_mixin.py:115} INFO - [2024-02-25 20:38:26,411] {dag.py:2379} INFO - Sync 1 DAGs
[2024-02-25 20:38:26,425] {logging_mixin.py:115} INFO - [2024-02-25 20:38:26,425] {dag.py:2927} INFO - Setting next_dagrun for example_trigger_target_dag to None, run_after=None
[2024-02-25 20:38:26,437] {processor.py:161} INFO - Processing /home/sheyla/Documents/Repositórios/airflowalura/venv/lib/python3.9/site-packages/airflow/example_dags/example_trigger_target_dag.py took 0.071 seconds
[2024-02-25 20:39:04,135] {processor.py:153} INFO - Started process (PID=1960706) to work on /home/sheyla/Documents/Repositórios/airflowalura/venv/lib/python3.9/site-packages/airflow/example_dags/example_trigger_target_dag.py
[2024-02-25 20:39:04,141] {processor.py:641} INFO - Processing file /home/sheyla/Documents/Repositórios/airflowalura/venv/lib/python3.9/site-packages/airflow/example_dags/example_trigger_target_dag.py for tasks to queue
[2024-02-25 20:39:04,141] {logging_mixin.py:115} INFO - [2024-02-25 20:39:04,141] {dagbag.py:507} INFO - Filling up the DagBag from /home/sheyla/Documents/Repositórios/airflowalura/venv/lib/python3.9/site-packages/airflow/example_dags/example_trigger_target_dag.py
[2024-02-25 20:39:04,160] {processor.py:651} INFO - DAG(s) dict_keys(['example_trigger_target_dag']) retrieved from /home/sheyla/Documents/Repositórios/airflowalura/venv/lib/python3.9/site-packages/airflow/example_dags/example_trigger_target_dag.py
[2024-02-25 20:39:04,175] {logging_mixin.py:115} INFO - [2024-02-25 20:39:04,175] {dag.py:2379} INFO - Sync 1 DAGs
[2024-02-25 20:39:04,189] {logging_mixin.py:115} INFO - [2024-02-25 20:39:04,189] {dag.py:2927} INFO - Setting next_dagrun for example_trigger_target_dag to None, run_after=None
[2024-02-25 20:39:04,200] {processor.py:161} INFO - Processing /home/sheyla/Documents/Repositórios/airflowalura/venv/lib/python3.9/site-packages/airflow/example_dags/example_trigger_target_dag.py took 0.067 seconds
[2024-02-25 20:39:40,826] {processor.py:153} INFO - Started process (PID=1961082) to work on /home/sheyla/Documents/Repositórios/airflowalura/venv/lib/python3.9/site-packages/airflow/example_dags/example_trigger_target_dag.py
[2024-02-25 20:39:40,832] {processor.py:641} INFO - Processing file /home/sheyla/Documents/Repositórios/airflowalura/venv/lib/python3.9/site-packages/airflow/example_dags/example_trigger_target_dag.py for tasks to queue
[2024-02-25 20:39:40,833] {logging_mixin.py:115} INFO - [2024-02-25 20:39:40,833] {dagbag.py:507} INFO - Filling up the DagBag from /home/sheyla/Documents/Repositórios/airflowalura/venv/lib/python3.9/site-packages/airflow/example_dags/example_trigger_target_dag.py
[2024-02-25 20:39:40,869] {processor.py:651} INFO - DAG(s) dict_keys(['example_trigger_target_dag']) retrieved from /home/sheyla/Documents/Repositórios/airflowalura/venv/lib/python3.9/site-packages/airflow/example_dags/example_trigger_target_dag.py
[2024-02-25 20:39:40,882] {logging_mixin.py:115} INFO - [2024-02-25 20:39:40,882] {dag.py:2379} INFO - Sync 1 DAGs
[2024-02-25 20:39:40,895] {logging_mixin.py:115} INFO - [2024-02-25 20:39:40,895] {dag.py:2927} INFO - Setting next_dagrun for example_trigger_target_dag to None, run_after=None
[2024-02-25 20:39:40,912] {processor.py:161} INFO - Processing /home/sheyla/Documents/Repositórios/airflowalura/venv/lib/python3.9/site-packages/airflow/example_dags/example_trigger_target_dag.py took 0.092 seconds
[2024-02-25 20:40:18,454] {processor.py:153} INFO - Started process (PID=1961481) to work on /home/sheyla/Documents/Repositórios/airflowalura/venv/lib/python3.9/site-packages/airflow/example_dags/example_trigger_target_dag.py
[2024-02-25 20:40:18,459] {processor.py:641} INFO - Processing file /home/sheyla/Documents/Repositórios/airflowalura/venv/lib/python3.9/site-packages/airflow/example_dags/example_trigger_target_dag.py for tasks to queue
[2024-02-25 20:40:18,460] {logging_mixin.py:115} INFO - [2024-02-25 20:40:18,459] {dagbag.py:507} INFO - Filling up the DagBag from /home/sheyla/Documents/Repositórios/airflowalura/venv/lib/python3.9/site-packages/airflow/example_dags/example_trigger_target_dag.py
[2024-02-25 20:40:18,477] {processor.py:651} INFO - DAG(s) dict_keys(['example_trigger_target_dag']) retrieved from /home/sheyla/Documents/Repositórios/airflowalura/venv/lib/python3.9/site-packages/airflow/example_dags/example_trigger_target_dag.py
[2024-02-25 20:40:18,490] {logging_mixin.py:115} INFO - [2024-02-25 20:40:18,490] {dag.py:2379} INFO - Sync 1 DAGs
[2024-02-25 20:40:18,503] {logging_mixin.py:115} INFO - [2024-02-25 20:40:18,502] {dag.py:2927} INFO - Setting next_dagrun for example_trigger_target_dag to None, run_after=None
[2024-02-25 20:40:18,521] {processor.py:161} INFO - Processing /home/sheyla/Documents/Repositórios/airflowalura/venv/lib/python3.9/site-packages/airflow/example_dags/example_trigger_target_dag.py took 0.070 seconds
[2024-02-25 20:40:59,012] {processor.py:153} INFO - Started process (PID=1961891) to work on /home/sheyla/Documents/Repositórios/airflowalura/venv/lib/python3.9/site-packages/airflow/example_dags/example_trigger_target_dag.py
[2024-02-25 20:40:59,018] {processor.py:641} INFO - Processing file /home/sheyla/Documents/Repositórios/airflowalura/venv/lib/python3.9/site-packages/airflow/example_dags/example_trigger_target_dag.py for tasks to queue
[2024-02-25 20:40:59,019] {logging_mixin.py:115} INFO - [2024-02-25 20:40:59,019] {dagbag.py:507} INFO - Filling up the DagBag from /home/sheyla/Documents/Repositórios/airflowalura/venv/lib/python3.9/site-packages/airflow/example_dags/example_trigger_target_dag.py
[2024-02-25 20:40:59,055] {processor.py:651} INFO - DAG(s) dict_keys(['example_trigger_target_dag']) retrieved from /home/sheyla/Documents/Repositórios/airflowalura/venv/lib/python3.9/site-packages/airflow/example_dags/example_trigger_target_dag.py
[2024-02-25 20:40:59,068] {logging_mixin.py:115} INFO - [2024-02-25 20:40:59,068] {dag.py:2379} INFO - Sync 1 DAGs
[2024-02-25 20:40:59,082] {logging_mixin.py:115} INFO - [2024-02-25 20:40:59,082] {dag.py:2927} INFO - Setting next_dagrun for example_trigger_target_dag to None, run_after=None
[2024-02-25 20:40:59,094] {processor.py:161} INFO - Processing /home/sheyla/Documents/Repositórios/airflowalura/venv/lib/python3.9/site-packages/airflow/example_dags/example_trigger_target_dag.py took 0.085 seconds
[2024-02-25 20:41:34,603] {processor.py:153} INFO - Started process (PID=1962282) to work on /home/sheyla/Documents/Repositórios/airflowalura/venv/lib/python3.9/site-packages/airflow/example_dags/example_trigger_target_dag.py
[2024-02-25 20:41:34,604] {processor.py:641} INFO - Processing file /home/sheyla/Documents/Repositórios/airflowalura/venv/lib/python3.9/site-packages/airflow/example_dags/example_trigger_target_dag.py for tasks to queue
[2024-02-25 20:41:34,604] {logging_mixin.py:115} INFO - [2024-02-25 20:41:34,604] {dagbag.py:507} INFO - Filling up the DagBag from /home/sheyla/Documents/Repositórios/airflowalura/venv/lib/python3.9/site-packages/airflow/example_dags/example_trigger_target_dag.py
[2024-02-25 20:41:34,624] {processor.py:651} INFO - DAG(s) dict_keys(['example_trigger_target_dag']) retrieved from /home/sheyla/Documents/Repositórios/airflowalura/venv/lib/python3.9/site-packages/airflow/example_dags/example_trigger_target_dag.py
[2024-02-25 20:41:34,639] {logging_mixin.py:115} INFO - [2024-02-25 20:41:34,639] {dag.py:2379} INFO - Sync 1 DAGs
[2024-02-25 20:41:34,652] {logging_mixin.py:115} INFO - [2024-02-25 20:41:34,652] {dag.py:2927} INFO - Setting next_dagrun for example_trigger_target_dag to None, run_after=None
[2024-02-25 20:41:34,666] {processor.py:161} INFO - Processing /home/sheyla/Documents/Repositórios/airflowalura/venv/lib/python3.9/site-packages/airflow/example_dags/example_trigger_target_dag.py took 0.065 seconds
[2024-02-25 20:42:15,839] {processor.py:153} INFO - Started process (PID=1962709) to work on /home/sheyla/Documents/Repositórios/airflowalura/venv/lib/python3.9/site-packages/airflow/example_dags/example_trigger_target_dag.py
[2024-02-25 20:42:15,844] {processor.py:641} INFO - Processing file /home/sheyla/Documents/Repositórios/airflowalura/venv/lib/python3.9/site-packages/airflow/example_dags/example_trigger_target_dag.py for tasks to queue
[2024-02-25 20:42:15,845] {logging_mixin.py:115} INFO - [2024-02-25 20:42:15,845] {dagbag.py:507} INFO - Filling up the DagBag from /home/sheyla/Documents/Repositórios/airflowalura/venv/lib/python3.9/site-packages/airflow/example_dags/example_trigger_target_dag.py
[2024-02-25 20:42:15,861] {processor.py:651} INFO - DAG(s) dict_keys(['example_trigger_target_dag']) retrieved from /home/sheyla/Documents/Repositórios/airflowalura/venv/lib/python3.9/site-packages/airflow/example_dags/example_trigger_target_dag.py
[2024-02-25 20:42:15,874] {logging_mixin.py:115} INFO - [2024-02-25 20:42:15,874] {dag.py:2379} INFO - Sync 1 DAGs
[2024-02-25 20:42:15,888] {logging_mixin.py:115} INFO - [2024-02-25 20:42:15,888] {dag.py:2927} INFO - Setting next_dagrun for example_trigger_target_dag to None, run_after=None
[2024-02-25 20:42:15,900] {processor.py:161} INFO - Processing /home/sheyla/Documents/Repositórios/airflowalura/venv/lib/python3.9/site-packages/airflow/example_dags/example_trigger_target_dag.py took 0.063 seconds
[2024-02-25 20:42:52,598] {processor.py:153} INFO - Started process (PID=1963081) to work on /home/sheyla/Documents/Repositórios/airflowalura/venv/lib/python3.9/site-packages/airflow/example_dags/example_trigger_target_dag.py
[2024-02-25 20:42:52,601] {processor.py:641} INFO - Processing file /home/sheyla/Documents/Repositórios/airflowalura/venv/lib/python3.9/site-packages/airflow/example_dags/example_trigger_target_dag.py for tasks to queue
[2024-02-25 20:42:52,602] {logging_mixin.py:115} INFO - [2024-02-25 20:42:52,601] {dagbag.py:507} INFO - Filling up the DagBag from /home/sheyla/Documents/Repositórios/airflowalura/venv/lib/python3.9/site-packages/airflow/example_dags/example_trigger_target_dag.py
[2024-02-25 20:42:52,623] {processor.py:651} INFO - DAG(s) dict_keys(['example_trigger_target_dag']) retrieved from /home/sheyla/Documents/Repositórios/airflowalura/venv/lib/python3.9/site-packages/airflow/example_dags/example_trigger_target_dag.py
[2024-02-25 20:42:52,640] {logging_mixin.py:115} INFO - [2024-02-25 20:42:52,640] {dag.py:2379} INFO - Sync 1 DAGs
[2024-02-25 20:42:52,654] {logging_mixin.py:115} INFO - [2024-02-25 20:42:52,654] {dag.py:2927} INFO - Setting next_dagrun for example_trigger_target_dag to None, run_after=None
[2024-02-25 20:42:52,666] {processor.py:161} INFO - Processing /home/sheyla/Documents/Repositórios/airflowalura/venv/lib/python3.9/site-packages/airflow/example_dags/example_trigger_target_dag.py took 0.071 seconds
[2024-02-25 20:43:29,288] {processor.py:153} INFO - Started process (PID=1963461) to work on /home/sheyla/Documents/Repositórios/airflowalura/venv/lib/python3.9/site-packages/airflow/example_dags/example_trigger_target_dag.py
[2024-02-25 20:43:29,289] {processor.py:641} INFO - Processing file /home/sheyla/Documents/Repositórios/airflowalura/venv/lib/python3.9/site-packages/airflow/example_dags/example_trigger_target_dag.py for tasks to queue
[2024-02-25 20:43:29,290] {logging_mixin.py:115} INFO - [2024-02-25 20:43:29,289] {dagbag.py:507} INFO - Filling up the DagBag from /home/sheyla/Documents/Repositórios/airflowalura/venv/lib/python3.9/site-packages/airflow/example_dags/example_trigger_target_dag.py
[2024-02-25 20:43:29,307] {processor.py:651} INFO - DAG(s) dict_keys(['example_trigger_target_dag']) retrieved from /home/sheyla/Documents/Repositórios/airflowalura/venv/lib/python3.9/site-packages/airflow/example_dags/example_trigger_target_dag.py
[2024-02-25 20:43:29,320] {logging_mixin.py:115} INFO - [2024-02-25 20:43:29,320] {dag.py:2379} INFO - Sync 1 DAGs
[2024-02-25 20:43:29,331] {logging_mixin.py:115} INFO - [2024-02-25 20:43:29,331] {dag.py:2927} INFO - Setting next_dagrun for example_trigger_target_dag to None, run_after=None
[2024-02-25 20:43:29,343] {processor.py:161} INFO - Processing /home/sheyla/Documents/Repositórios/airflowalura/venv/lib/python3.9/site-packages/airflow/example_dags/example_trigger_target_dag.py took 0.059 seconds
[2024-02-25 20:44:07,823] {processor.py:153} INFO - Started process (PID=1963850) to work on /home/sheyla/Documents/Repositórios/airflowalura/venv/lib/python3.9/site-packages/airflow/example_dags/example_trigger_target_dag.py
[2024-02-25 20:44:07,834] {processor.py:641} INFO - Processing file /home/sheyla/Documents/Repositórios/airflowalura/venv/lib/python3.9/site-packages/airflow/example_dags/example_trigger_target_dag.py for tasks to queue
[2024-02-25 20:44:07,835] {logging_mixin.py:115} INFO - [2024-02-25 20:44:07,835] {dagbag.py:507} INFO - Filling up the DagBag from /home/sheyla/Documents/Repositórios/airflowalura/venv/lib/python3.9/site-packages/airflow/example_dags/example_trigger_target_dag.py
[2024-02-25 20:44:07,867] {processor.py:651} INFO - DAG(s) dict_keys(['example_trigger_target_dag']) retrieved from /home/sheyla/Documents/Repositórios/airflowalura/venv/lib/python3.9/site-packages/airflow/example_dags/example_trigger_target_dag.py
[2024-02-25 20:44:07,882] {logging_mixin.py:115} INFO - [2024-02-25 20:44:07,882] {dag.py:2379} INFO - Sync 1 DAGs
[2024-02-25 20:44:07,893] {logging_mixin.py:115} INFO - [2024-02-25 20:44:07,893] {dag.py:2927} INFO - Setting next_dagrun for example_trigger_target_dag to None, run_after=None
[2024-02-25 20:44:07,906] {processor.py:161} INFO - Processing /home/sheyla/Documents/Repositórios/airflowalura/venv/lib/python3.9/site-packages/airflow/example_dags/example_trigger_target_dag.py took 0.090 seconds
[2024-02-25 20:44:43,635] {processor.py:153} INFO - Started process (PID=1964226) to work on /home/sheyla/Documents/Repositórios/airflowalura/venv/lib/python3.9/site-packages/airflow/example_dags/example_trigger_target_dag.py
[2024-02-25 20:44:43,641] {processor.py:641} INFO - Processing file /home/sheyla/Documents/Repositórios/airflowalura/venv/lib/python3.9/site-packages/airflow/example_dags/example_trigger_target_dag.py for tasks to queue
[2024-02-25 20:44:43,642] {logging_mixin.py:115} INFO - [2024-02-25 20:44:43,642] {dagbag.py:507} INFO - Filling up the DagBag from /home/sheyla/Documents/Repositórios/airflowalura/venv/lib/python3.9/site-packages/airflow/example_dags/example_trigger_target_dag.py
[2024-02-25 20:44:43,662] {processor.py:651} INFO - DAG(s) dict_keys(['example_trigger_target_dag']) retrieved from /home/sheyla/Documents/Repositórios/airflowalura/venv/lib/python3.9/site-packages/airflow/example_dags/example_trigger_target_dag.py
[2024-02-25 20:44:43,674] {logging_mixin.py:115} INFO - [2024-02-25 20:44:43,674] {dag.py:2379} INFO - Sync 1 DAGs
[2024-02-25 20:44:43,685] {logging_mixin.py:115} INFO - [2024-02-25 20:44:43,685] {dag.py:2927} INFO - Setting next_dagrun for example_trigger_target_dag to None, run_after=None
[2024-02-25 20:44:43,697] {processor.py:161} INFO - Processing /home/sheyla/Documents/Repositórios/airflowalura/venv/lib/python3.9/site-packages/airflow/example_dags/example_trigger_target_dag.py took 0.069 seconds
[2024-02-25 20:45:19,711] {processor.py:153} INFO - Started process (PID=1964601) to work on /home/sheyla/Documents/Repositórios/airflowalura/venv/lib/python3.9/site-packages/airflow/example_dags/example_trigger_target_dag.py
[2024-02-25 20:45:19,712] {processor.py:641} INFO - Processing file /home/sheyla/Documents/Repositórios/airflowalura/venv/lib/python3.9/site-packages/airflow/example_dags/example_trigger_target_dag.py for tasks to queue
[2024-02-25 20:45:19,714] {logging_mixin.py:115} INFO - [2024-02-25 20:45:19,713] {dagbag.py:507} INFO - Filling up the DagBag from /home/sheyla/Documents/Repositórios/airflowalura/venv/lib/python3.9/site-packages/airflow/example_dags/example_trigger_target_dag.py
[2024-02-25 20:45:19,741] {processor.py:651} INFO - DAG(s) dict_keys(['example_trigger_target_dag']) retrieved from /home/sheyla/Documents/Repositórios/airflowalura/venv/lib/python3.9/site-packages/airflow/example_dags/example_trigger_target_dag.py
[2024-02-25 20:45:19,755] {logging_mixin.py:115} INFO - [2024-02-25 20:45:19,755] {dag.py:2379} INFO - Sync 1 DAGs
[2024-02-25 20:45:19,766] {logging_mixin.py:115} INFO - [2024-02-25 20:45:19,766] {dag.py:2927} INFO - Setting next_dagrun for example_trigger_target_dag to None, run_after=None
[2024-02-25 20:45:19,778] {processor.py:161} INFO - Processing /home/sheyla/Documents/Repositórios/airflowalura/venv/lib/python3.9/site-packages/airflow/example_dags/example_trigger_target_dag.py took 0.073 seconds
[2024-02-25 20:45:58,204] {processor.py:153} INFO - Started process (PID=1964993) to work on /home/sheyla/Documents/Repositórios/airflowalura/venv/lib/python3.9/site-packages/airflow/example_dags/example_trigger_target_dag.py
[2024-02-25 20:45:58,210] {processor.py:641} INFO - Processing file /home/sheyla/Documents/Repositórios/airflowalura/venv/lib/python3.9/site-packages/airflow/example_dags/example_trigger_target_dag.py for tasks to queue
[2024-02-25 20:45:58,211] {logging_mixin.py:115} INFO - [2024-02-25 20:45:58,211] {dagbag.py:507} INFO - Filling up the DagBag from /home/sheyla/Documents/Repositórios/airflowalura/venv/lib/python3.9/site-packages/airflow/example_dags/example_trigger_target_dag.py
[2024-02-25 20:45:58,242] {processor.py:651} INFO - DAG(s) dict_keys(['example_trigger_target_dag']) retrieved from /home/sheyla/Documents/Repositórios/airflowalura/venv/lib/python3.9/site-packages/airflow/example_dags/example_trigger_target_dag.py
[2024-02-25 20:45:58,256] {logging_mixin.py:115} INFO - [2024-02-25 20:45:58,256] {dag.py:2379} INFO - Sync 1 DAGs
[2024-02-25 20:45:58,267] {logging_mixin.py:115} INFO - [2024-02-25 20:45:58,267] {dag.py:2927} INFO - Setting next_dagrun for example_trigger_target_dag to None, run_after=None
[2024-02-25 20:45:58,279] {processor.py:161} INFO - Processing /home/sheyla/Documents/Repositórios/airflowalura/venv/lib/python3.9/site-packages/airflow/example_dags/example_trigger_target_dag.py took 0.083 seconds
[2024-02-25 20:46:34,138] {processor.py:153} INFO - Started process (PID=1965387) to work on /home/sheyla/Documents/Repositórios/airflowalura/venv/lib/python3.9/site-packages/airflow/example_dags/example_trigger_target_dag.py
[2024-02-25 20:46:34,139] {processor.py:641} INFO - Processing file /home/sheyla/Documents/Repositórios/airflowalura/venv/lib/python3.9/site-packages/airflow/example_dags/example_trigger_target_dag.py for tasks to queue
[2024-02-25 20:46:34,139] {logging_mixin.py:115} INFO - [2024-02-25 20:46:34,139] {dagbag.py:507} INFO - Filling up the DagBag from /home/sheyla/Documents/Repositórios/airflowalura/venv/lib/python3.9/site-packages/airflow/example_dags/example_trigger_target_dag.py
[2024-02-25 20:46:34,159] {processor.py:651} INFO - DAG(s) dict_keys(['example_trigger_target_dag']) retrieved from /home/sheyla/Documents/Repositórios/airflowalura/venv/lib/python3.9/site-packages/airflow/example_dags/example_trigger_target_dag.py
[2024-02-25 20:46:34,173] {logging_mixin.py:115} INFO - [2024-02-25 20:46:34,173] {dag.py:2379} INFO - Sync 1 DAGs
[2024-02-25 20:46:34,183] {logging_mixin.py:115} INFO - [2024-02-25 20:46:34,183] {dag.py:2927} INFO - Setting next_dagrun for example_trigger_target_dag to None, run_after=None
[2024-02-25 20:46:34,195] {processor.py:161} INFO - Processing /home/sheyla/Documents/Repositórios/airflowalura/venv/lib/python3.9/site-packages/airflow/example_dags/example_trigger_target_dag.py took 0.060 seconds
[2024-02-25 20:47:15,226] {processor.py:153} INFO - Started process (PID=1965904) to work on /home/sheyla/Documents/Repositórios/airflowalura/venv/lib/python3.9/site-packages/airflow/example_dags/example_trigger_target_dag.py
[2024-02-25 20:47:15,231] {processor.py:641} INFO - Processing file /home/sheyla/Documents/Repositórios/airflowalura/venv/lib/python3.9/site-packages/airflow/example_dags/example_trigger_target_dag.py for tasks to queue
[2024-02-25 20:47:15,232] {logging_mixin.py:115} INFO - [2024-02-25 20:47:15,232] {dagbag.py:507} INFO - Filling up the DagBag from /home/sheyla/Documents/Repositórios/airflowalura/venv/lib/python3.9/site-packages/airflow/example_dags/example_trigger_target_dag.py
[2024-02-25 20:47:15,244] {processor.py:651} INFO - DAG(s) dict_keys(['example_trigger_target_dag']) retrieved from /home/sheyla/Documents/Repositórios/airflowalura/venv/lib/python3.9/site-packages/airflow/example_dags/example_trigger_target_dag.py
[2024-02-25 20:47:15,258] {logging_mixin.py:115} INFO - [2024-02-25 20:47:15,258] {dag.py:2379} INFO - Sync 1 DAGs
[2024-02-25 20:47:15,269] {logging_mixin.py:115} INFO - [2024-02-25 20:47:15,269] {dag.py:2927} INFO - Setting next_dagrun for example_trigger_target_dag to None, run_after=None
[2024-02-25 20:47:15,281] {processor.py:161} INFO - Processing /home/sheyla/Documents/Repositórios/airflowalura/venv/lib/python3.9/site-packages/airflow/example_dags/example_trigger_target_dag.py took 0.059 seconds
[2024-02-25 20:47:55,300] {processor.py:153} INFO - Started process (PID=1966521) to work on /home/sheyla/Documents/Repositórios/airflowalura/venv/lib/python3.9/site-packages/airflow/example_dags/example_trigger_target_dag.py
[2024-02-25 20:47:55,306] {processor.py:641} INFO - Processing file /home/sheyla/Documents/Repositórios/airflowalura/venv/lib/python3.9/site-packages/airflow/example_dags/example_trigger_target_dag.py for tasks to queue
[2024-02-25 20:47:55,307] {logging_mixin.py:115} INFO - [2024-02-25 20:47:55,307] {dagbag.py:507} INFO - Filling up the DagBag from /home/sheyla/Documents/Repositórios/airflowalura/venv/lib/python3.9/site-packages/airflow/example_dags/example_trigger_target_dag.py
[2024-02-25 20:47:55,337] {processor.py:651} INFO - DAG(s) dict_keys(['example_trigger_target_dag']) retrieved from /home/sheyla/Documents/Repositórios/airflowalura/venv/lib/python3.9/site-packages/airflow/example_dags/example_trigger_target_dag.py
[2024-02-25 20:47:55,352] {logging_mixin.py:115} INFO - [2024-02-25 20:47:55,352] {dag.py:2379} INFO - Sync 1 DAGs
[2024-02-25 20:47:55,364] {logging_mixin.py:115} INFO - [2024-02-25 20:47:55,363] {dag.py:2927} INFO - Setting next_dagrun for example_trigger_target_dag to None, run_after=None
[2024-02-25 20:47:55,377] {processor.py:161} INFO - Processing /home/sheyla/Documents/Repositórios/airflowalura/venv/lib/python3.9/site-packages/airflow/example_dags/example_trigger_target_dag.py took 0.080 seconds
[2024-02-25 20:48:30,207] {processor.py:153} INFO - Started process (PID=1967030) to work on /home/sheyla/Documents/Repositórios/airflowalura/venv/lib/python3.9/site-packages/airflow/example_dags/example_trigger_target_dag.py
[2024-02-25 20:48:30,213] {processor.py:641} INFO - Processing file /home/sheyla/Documents/Repositórios/airflowalura/venv/lib/python3.9/site-packages/airflow/example_dags/example_trigger_target_dag.py for tasks to queue
[2024-02-25 20:48:30,215] {logging_mixin.py:115} INFO - [2024-02-25 20:48:30,214] {dagbag.py:507} INFO - Filling up the DagBag from /home/sheyla/Documents/Repositórios/airflowalura/venv/lib/python3.9/site-packages/airflow/example_dags/example_trigger_target_dag.py
[2024-02-25 20:48:30,246] {processor.py:651} INFO - DAG(s) dict_keys(['example_trigger_target_dag']) retrieved from /home/sheyla/Documents/Repositórios/airflowalura/venv/lib/python3.9/site-packages/airflow/example_dags/example_trigger_target_dag.py
[2024-02-25 20:48:30,261] {logging_mixin.py:115} INFO - [2024-02-25 20:48:30,261] {dag.py:2379} INFO - Sync 1 DAGs
[2024-02-25 20:48:30,272] {logging_mixin.py:115} INFO - [2024-02-25 20:48:30,272] {dag.py:2927} INFO - Setting next_dagrun for example_trigger_target_dag to None, run_after=None
[2024-02-25 20:48:30,283] {processor.py:161} INFO - Processing /home/sheyla/Documents/Repositórios/airflowalura/venv/lib/python3.9/site-packages/airflow/example_dags/example_trigger_target_dag.py took 0.082 seconds
