[2024-02-25 20:33:42,465] {processor.py:153} INFO - Started process (PID=1957315) to work on /home/sheyla/Documents/Repositórios/airflowalura/venv/lib/python3.9/site-packages/airflow/example_dags/example_branch_operator.py
[2024-02-25 20:33:42,466] {processor.py:641} INFO - Processing file /home/sheyla/Documents/Repositórios/airflowalura/venv/lib/python3.9/site-packages/airflow/example_dags/example_branch_operator.py for tasks to queue
[2024-02-25 20:33:42,466] {logging_mixin.py:115} INFO - [2024-02-25 20:33:42,466] {dagbag.py:507} INFO - Filling up the DagBag from /home/sheyla/Documents/Repositórios/airflowalura/venv/lib/python3.9/site-packages/airflow/example_dags/example_branch_operator.py
[2024-02-25 20:33:42,476] {processor.py:651} INFO - DAG(s) dict_keys(['example_branch_operator']) retrieved from /home/sheyla/Documents/Repositórios/airflowalura/venv/lib/python3.9/site-packages/airflow/example_dags/example_branch_operator.py
[2024-02-25 20:33:42,488] {logging_mixin.py:115} INFO - [2024-02-25 20:33:42,488] {dag.py:2379} INFO - Sync 1 DAGs
[2024-02-25 20:33:42,501] {logging_mixin.py:115} INFO - [2024-02-25 20:33:42,501] {dag.py:2927} INFO - Setting next_dagrun for example_branch_operator to 2024-02-24T00:00:00+00:00, run_after=2024-02-25T00:00:00+00:00
[2024-02-25 20:33:42,519] {processor.py:161} INFO - Processing /home/sheyla/Documents/Repositórios/airflowalura/venv/lib/python3.9/site-packages/airflow/example_dags/example_branch_operator.py took 0.056 seconds
[2024-02-25 20:34:19,583] {processor.py:153} INFO - Started process (PID=1957764) to work on /home/sheyla/Documents/Repositórios/airflowalura/venv/lib/python3.9/site-packages/airflow/example_dags/example_branch_operator.py
[2024-02-25 20:34:19,584] {processor.py:641} INFO - Processing file /home/sheyla/Documents/Repositórios/airflowalura/venv/lib/python3.9/site-packages/airflow/example_dags/example_branch_operator.py for tasks to queue
[2024-02-25 20:34:19,585] {logging_mixin.py:115} INFO - [2024-02-25 20:34:19,585] {dagbag.py:507} INFO - Filling up the DagBag from /home/sheyla/Documents/Repositórios/airflowalura/venv/lib/python3.9/site-packages/airflow/example_dags/example_branch_operator.py
[2024-02-25 20:34:19,602] {processor.py:651} INFO - DAG(s) dict_keys(['example_branch_operator']) retrieved from /home/sheyla/Documents/Repositórios/airflowalura/venv/lib/python3.9/site-packages/airflow/example_dags/example_branch_operator.py
[2024-02-25 20:34:19,617] {logging_mixin.py:115} INFO - [2024-02-25 20:34:19,617] {dag.py:2379} INFO - Sync 1 DAGs
[2024-02-25 20:34:19,633] {logging_mixin.py:115} INFO - [2024-02-25 20:34:19,633] {dag.py:2927} INFO - Setting next_dagrun for example_branch_operator to 2024-02-24T00:00:00+00:00, run_after=2024-02-25T00:00:00+00:00
[2024-02-25 20:34:19,658] {processor.py:161} INFO - Processing /home/sheyla/Documents/Repositórios/airflowalura/venv/lib/python3.9/site-packages/airflow/example_dags/example_branch_operator.py took 0.081 seconds
[2024-02-25 20:34:56,869] {processor.py:153} INFO - Started process (PID=1958141) to work on /home/sheyla/Documents/Repositórios/airflowalura/venv/lib/python3.9/site-packages/airflow/example_dags/example_branch_operator.py
[2024-02-25 20:34:56,875] {processor.py:641} INFO - Processing file /home/sheyla/Documents/Repositórios/airflowalura/venv/lib/python3.9/site-packages/airflow/example_dags/example_branch_operator.py for tasks to queue
[2024-02-25 20:34:56,877] {logging_mixin.py:115} INFO - [2024-02-25 20:34:56,876] {dagbag.py:507} INFO - Filling up the DagBag from /home/sheyla/Documents/Repositórios/airflowalura/venv/lib/python3.9/site-packages/airflow/example_dags/example_branch_operator.py
[2024-02-25 20:34:56,900] {processor.py:651} INFO - DAG(s) dict_keys(['example_branch_operator']) retrieved from /home/sheyla/Documents/Repositórios/airflowalura/venv/lib/python3.9/site-packages/airflow/example_dags/example_branch_operator.py
[2024-02-25 20:34:56,917] {logging_mixin.py:115} INFO - [2024-02-25 20:34:56,917] {dag.py:2379} INFO - Sync 1 DAGs
[2024-02-25 20:34:56,932] {logging_mixin.py:115} INFO - [2024-02-25 20:34:56,932] {dag.py:2927} INFO - Setting next_dagrun for example_branch_operator to 2024-02-24T00:00:00+00:00, run_after=2024-02-25T00:00:00+00:00
[2024-02-25 20:34:56,944] {processor.py:161} INFO - Processing /home/sheyla/Documents/Repositórios/airflowalura/venv/lib/python3.9/site-packages/airflow/example_dags/example_branch_operator.py took 0.082 seconds
[2024-02-25 20:35:33,085] {processor.py:153} INFO - Started process (PID=1958517) to work on /home/sheyla/Documents/Repositórios/airflowalura/venv/lib/python3.9/site-packages/airflow/example_dags/example_branch_operator.py
[2024-02-25 20:35:33,091] {processor.py:641} INFO - Processing file /home/sheyla/Documents/Repositórios/airflowalura/venv/lib/python3.9/site-packages/airflow/example_dags/example_branch_operator.py for tasks to queue
[2024-02-25 20:35:33,092] {logging_mixin.py:115} INFO - [2024-02-25 20:35:33,092] {dagbag.py:507} INFO - Filling up the DagBag from /home/sheyla/Documents/Repositórios/airflowalura/venv/lib/python3.9/site-packages/airflow/example_dags/example_branch_operator.py
[2024-02-25 20:35:33,118] {processor.py:651} INFO - DAG(s) dict_keys(['example_branch_operator']) retrieved from /home/sheyla/Documents/Repositórios/airflowalura/venv/lib/python3.9/site-packages/airflow/example_dags/example_branch_operator.py
[2024-02-25 20:35:33,137] {logging_mixin.py:115} INFO - [2024-02-25 20:35:33,137] {dag.py:2379} INFO - Sync 1 DAGs
[2024-02-25 20:35:33,152] {logging_mixin.py:115} INFO - [2024-02-25 20:35:33,152] {dag.py:2927} INFO - Setting next_dagrun for example_branch_operator to 2024-02-24T00:00:00+00:00, run_after=2024-02-25T00:00:00+00:00
[2024-02-25 20:35:33,172] {processor.py:161} INFO - Processing /home/sheyla/Documents/Repositórios/airflowalura/venv/lib/python3.9/site-packages/airflow/example_dags/example_branch_operator.py took 0.094 seconds
[2024-02-25 20:36:09,140] {processor.py:153} INFO - Started process (PID=1958887) to work on /home/sheyla/Documents/Repositórios/airflowalura/venv/lib/python3.9/site-packages/airflow/example_dags/example_branch_operator.py
[2024-02-25 20:36:09,143] {processor.py:641} INFO - Processing file /home/sheyla/Documents/Repositórios/airflowalura/venv/lib/python3.9/site-packages/airflow/example_dags/example_branch_operator.py for tasks to queue
[2024-02-25 20:36:09,144] {logging_mixin.py:115} INFO - [2024-02-25 20:36:09,144] {dagbag.py:507} INFO - Filling up the DagBag from /home/sheyla/Documents/Repositórios/airflowalura/venv/lib/python3.9/site-packages/airflow/example_dags/example_branch_operator.py
[2024-02-25 20:36:09,154] {processor.py:651} INFO - DAG(s) dict_keys(['example_branch_operator']) retrieved from /home/sheyla/Documents/Repositórios/airflowalura/venv/lib/python3.9/site-packages/airflow/example_dags/example_branch_operator.py
[2024-02-25 20:36:09,170] {logging_mixin.py:115} INFO - [2024-02-25 20:36:09,170] {dag.py:2379} INFO - Sync 1 DAGs
[2024-02-25 20:36:09,186] {logging_mixin.py:115} INFO - [2024-02-25 20:36:09,186] {dag.py:2927} INFO - Setting next_dagrun for example_branch_operator to 2024-02-24T00:00:00+00:00, run_after=2024-02-25T00:00:00+00:00
[2024-02-25 20:36:09,206] {processor.py:161} INFO - Processing /home/sheyla/Documents/Repositórios/airflowalura/venv/lib/python3.9/site-packages/airflow/example_dags/example_branch_operator.py took 0.068 seconds
[2024-02-25 20:36:44,196] {processor.py:153} INFO - Started process (PID=1959272) to work on /home/sheyla/Documents/Repositórios/airflowalura/venv/lib/python3.9/site-packages/airflow/example_dags/example_branch_operator.py
[2024-02-25 20:36:44,203] {processor.py:641} INFO - Processing file /home/sheyla/Documents/Repositórios/airflowalura/venv/lib/python3.9/site-packages/airflow/example_dags/example_branch_operator.py for tasks to queue
[2024-02-25 20:36:44,204] {logging_mixin.py:115} INFO - [2024-02-25 20:36:44,204] {dagbag.py:507} INFO - Filling up the DagBag from /home/sheyla/Documents/Repositórios/airflowalura/venv/lib/python3.9/site-packages/airflow/example_dags/example_branch_operator.py
[2024-02-25 20:36:44,229] {processor.py:651} INFO - DAG(s) dict_keys(['example_branch_operator']) retrieved from /home/sheyla/Documents/Repositórios/airflowalura/venv/lib/python3.9/site-packages/airflow/example_dags/example_branch_operator.py
[2024-02-25 20:36:44,246] {logging_mixin.py:115} INFO - [2024-02-25 20:36:44,246] {dag.py:2379} INFO - Sync 1 DAGs
[2024-02-25 20:36:44,260] {logging_mixin.py:115} INFO - [2024-02-25 20:36:44,260] {dag.py:2927} INFO - Setting next_dagrun for example_branch_operator to 2024-02-24T00:00:00+00:00, run_after=2024-02-25T00:00:00+00:00
[2024-02-25 20:36:44,271] {processor.py:161} INFO - Processing /home/sheyla/Documents/Repositórios/airflowalura/venv/lib/python3.9/site-packages/airflow/example_dags/example_branch_operator.py took 0.081 seconds
[2024-02-25 20:37:18,949] {processor.py:153} INFO - Started process (PID=1959633) to work on /home/sheyla/Documents/Repositórios/airflowalura/venv/lib/python3.9/site-packages/airflow/example_dags/example_branch_operator.py
[2024-02-25 20:37:18,951] {processor.py:641} INFO - Processing file /home/sheyla/Documents/Repositórios/airflowalura/venv/lib/python3.9/site-packages/airflow/example_dags/example_branch_operator.py for tasks to queue
[2024-02-25 20:37:18,951] {logging_mixin.py:115} INFO - [2024-02-25 20:37:18,951] {dagbag.py:507} INFO - Filling up the DagBag from /home/sheyla/Documents/Repositórios/airflowalura/venv/lib/python3.9/site-packages/airflow/example_dags/example_branch_operator.py
[2024-02-25 20:37:18,962] {processor.py:651} INFO - DAG(s) dict_keys(['example_branch_operator']) retrieved from /home/sheyla/Documents/Repositórios/airflowalura/venv/lib/python3.9/site-packages/airflow/example_dags/example_branch_operator.py
[2024-02-25 20:37:18,978] {logging_mixin.py:115} INFO - [2024-02-25 20:37:18,978] {dag.py:2379} INFO - Sync 1 DAGs
[2024-02-25 20:37:18,995] {logging_mixin.py:115} INFO - [2024-02-25 20:37:18,995] {dag.py:2927} INFO - Setting next_dagrun for example_branch_operator to 2024-02-24T00:00:00+00:00, run_after=2024-02-25T00:00:00+00:00
[2024-02-25 20:37:19,006] {processor.py:161} INFO - Processing /home/sheyla/Documents/Repositórios/airflowalura/venv/lib/python3.9/site-packages/airflow/example_dags/example_branch_operator.py took 0.060 seconds
[2024-02-25 20:37:54,536] {processor.py:153} INFO - Started process (PID=1959991) to work on /home/sheyla/Documents/Repositórios/airflowalura/venv/lib/python3.9/site-packages/airflow/example_dags/example_branch_operator.py
[2024-02-25 20:37:54,541] {processor.py:641} INFO - Processing file /home/sheyla/Documents/Repositórios/airflowalura/venv/lib/python3.9/site-packages/airflow/example_dags/example_branch_operator.py for tasks to queue
[2024-02-25 20:37:54,542] {logging_mixin.py:115} INFO - [2024-02-25 20:37:54,542] {dagbag.py:507} INFO - Filling up the DagBag from /home/sheyla/Documents/Repositórios/airflowalura/venv/lib/python3.9/site-packages/airflow/example_dags/example_branch_operator.py
[2024-02-25 20:37:54,553] {processor.py:651} INFO - DAG(s) dict_keys(['example_branch_operator']) retrieved from /home/sheyla/Documents/Repositórios/airflowalura/venv/lib/python3.9/site-packages/airflow/example_dags/example_branch_operator.py
[2024-02-25 20:37:54,570] {logging_mixin.py:115} INFO - [2024-02-25 20:37:54,570] {dag.py:2379} INFO - Sync 1 DAGs
[2024-02-25 20:37:54,586] {logging_mixin.py:115} INFO - [2024-02-25 20:37:54,586] {dag.py:2927} INFO - Setting next_dagrun for example_branch_operator to 2024-02-24T00:00:00+00:00, run_after=2024-02-25T00:00:00+00:00
[2024-02-25 20:37:54,604] {processor.py:161} INFO - Processing /home/sheyla/Documents/Repositórios/airflowalura/venv/lib/python3.9/site-packages/airflow/example_dags/example_branch_operator.py took 0.071 seconds
[2024-02-25 20:38:31,068] {processor.py:153} INFO - Started process (PID=1960361) to work on /home/sheyla/Documents/Repositórios/airflowalura/venv/lib/python3.9/site-packages/airflow/example_dags/example_branch_operator.py
[2024-02-25 20:38:31,074] {processor.py:641} INFO - Processing file /home/sheyla/Documents/Repositórios/airflowalura/venv/lib/python3.9/site-packages/airflow/example_dags/example_branch_operator.py for tasks to queue
[2024-02-25 20:38:31,075] {logging_mixin.py:115} INFO - [2024-02-25 20:38:31,075] {dagbag.py:507} INFO - Filling up the DagBag from /home/sheyla/Documents/Repositórios/airflowalura/venv/lib/python3.9/site-packages/airflow/example_dags/example_branch_operator.py
[2024-02-25 20:38:31,099] {processor.py:651} INFO - DAG(s) dict_keys(['example_branch_operator']) retrieved from /home/sheyla/Documents/Repositórios/airflowalura/venv/lib/python3.9/site-packages/airflow/example_dags/example_branch_operator.py
[2024-02-25 20:38:31,115] {logging_mixin.py:115} INFO - [2024-02-25 20:38:31,115] {dag.py:2379} INFO - Sync 1 DAGs
[2024-02-25 20:38:31,130] {logging_mixin.py:115} INFO - [2024-02-25 20:38:31,130] {dag.py:2927} INFO - Setting next_dagrun for example_branch_operator to 2024-02-24T00:00:00+00:00, run_after=2024-02-25T00:00:00+00:00
[2024-02-25 20:38:31,142] {processor.py:161} INFO - Processing /home/sheyla/Documents/Repositórios/airflowalura/venv/lib/python3.9/site-packages/airflow/example_dags/example_branch_operator.py took 0.081 seconds
[2024-02-25 20:39:02,978] {processor.py:153} INFO - Started process (PID=1960697) to work on /home/sheyla/Documents/Repositórios/airflowalura/venv/lib/python3.9/site-packages/airflow/example_dags/example_branch_operator.py
[2024-02-25 20:39:02,978] {processor.py:641} INFO - Processing file /home/sheyla/Documents/Repositórios/airflowalura/venv/lib/python3.9/site-packages/airflow/example_dags/example_branch_operator.py for tasks to queue
[2024-02-25 20:39:02,979] {logging_mixin.py:115} INFO - [2024-02-25 20:39:02,979] {dagbag.py:507} INFO - Filling up the DagBag from /home/sheyla/Documents/Repositórios/airflowalura/venv/lib/python3.9/site-packages/airflow/example_dags/example_branch_operator.py
[2024-02-25 20:39:02,989] {processor.py:651} INFO - DAG(s) dict_keys(['example_branch_operator']) retrieved from /home/sheyla/Documents/Repositórios/airflowalura/venv/lib/python3.9/site-packages/airflow/example_dags/example_branch_operator.py
[2024-02-25 20:39:03,007] {logging_mixin.py:115} INFO - [2024-02-25 20:39:03,007] {dag.py:2379} INFO - Sync 1 DAGs
[2024-02-25 20:39:03,024] {logging_mixin.py:115} INFO - [2024-02-25 20:39:03,024] {dag.py:2927} INFO - Setting next_dagrun for example_branch_operator to 2024-02-24T00:00:00+00:00, run_after=2024-02-25T00:00:00+00:00
[2024-02-25 20:39:03,073] {processor.py:161} INFO - Processing /home/sheyla/Documents/Repositórios/airflowalura/venv/lib/python3.9/site-packages/airflow/example_dags/example_branch_operator.py took 0.098 seconds
[2024-02-25 20:39:37,342] {processor.py:153} INFO - Started process (PID=1961044) to work on /home/sheyla/Documents/Repositórios/airflowalura/venv/lib/python3.9/site-packages/airflow/example_dags/example_branch_operator.py
[2024-02-25 20:39:37,343] {processor.py:641} INFO - Processing file /home/sheyla/Documents/Repositórios/airflowalura/venv/lib/python3.9/site-packages/airflow/example_dags/example_branch_operator.py for tasks to queue
[2024-02-25 20:39:37,344] {logging_mixin.py:115} INFO - [2024-02-25 20:39:37,344] {dagbag.py:507} INFO - Filling up the DagBag from /home/sheyla/Documents/Repositórios/airflowalura/venv/lib/python3.9/site-packages/airflow/example_dags/example_branch_operator.py
[2024-02-25 20:39:37,365] {processor.py:651} INFO - DAG(s) dict_keys(['example_branch_operator']) retrieved from /home/sheyla/Documents/Repositórios/airflowalura/venv/lib/python3.9/site-packages/airflow/example_dags/example_branch_operator.py
[2024-02-25 20:39:37,381] {logging_mixin.py:115} INFO - [2024-02-25 20:39:37,381] {dag.py:2379} INFO - Sync 1 DAGs
[2024-02-25 20:39:37,395] {logging_mixin.py:115} INFO - [2024-02-25 20:39:37,395] {dag.py:2927} INFO - Setting next_dagrun for example_branch_operator to 2024-02-24T00:00:00+00:00, run_after=2024-02-25T00:00:00+00:00
[2024-02-25 20:39:37,408] {processor.py:161} INFO - Processing /home/sheyla/Documents/Repositórios/airflowalura/venv/lib/python3.9/site-packages/airflow/example_dags/example_branch_operator.py took 0.072 seconds
[2024-02-25 20:40:11,233] {processor.py:153} INFO - Started process (PID=1961402) to work on /home/sheyla/Documents/Repositórios/airflowalura/venv/lib/python3.9/site-packages/airflow/example_dags/example_branch_operator.py
[2024-02-25 20:40:11,234] {processor.py:641} INFO - Processing file /home/sheyla/Documents/Repositórios/airflowalura/venv/lib/python3.9/site-packages/airflow/example_dags/example_branch_operator.py for tasks to queue
[2024-02-25 20:40:11,234] {logging_mixin.py:115} INFO - [2024-02-25 20:40:11,234] {dagbag.py:507} INFO - Filling up the DagBag from /home/sheyla/Documents/Repositórios/airflowalura/venv/lib/python3.9/site-packages/airflow/example_dags/example_branch_operator.py
[2024-02-25 20:40:11,245] {processor.py:651} INFO - DAG(s) dict_keys(['example_branch_operator']) retrieved from /home/sheyla/Documents/Repositórios/airflowalura/venv/lib/python3.9/site-packages/airflow/example_dags/example_branch_operator.py
[2024-02-25 20:40:11,262] {logging_mixin.py:115} INFO - [2024-02-25 20:40:11,262] {dag.py:2379} INFO - Sync 1 DAGs
[2024-02-25 20:40:11,277] {logging_mixin.py:115} INFO - [2024-02-25 20:40:11,277] {dag.py:2927} INFO - Setting next_dagrun for example_branch_operator to 2024-02-24T00:00:00+00:00, run_after=2024-02-25T00:00:00+00:00
[2024-02-25 20:40:11,295] {processor.py:161} INFO - Processing /home/sheyla/Documents/Repositórios/airflowalura/venv/lib/python3.9/site-packages/airflow/example_dags/example_branch_operator.py took 0.064 seconds
[2024-02-25 20:40:49,374] {processor.py:153} INFO - Started process (PID=1961790) to work on /home/sheyla/Documents/Repositórios/airflowalura/venv/lib/python3.9/site-packages/airflow/example_dags/example_branch_operator.py
[2024-02-25 20:40:49,380] {processor.py:641} INFO - Processing file /home/sheyla/Documents/Repositórios/airflowalura/venv/lib/python3.9/site-packages/airflow/example_dags/example_branch_operator.py for tasks to queue
[2024-02-25 20:40:49,382] {logging_mixin.py:115} INFO - [2024-02-25 20:40:49,381] {dagbag.py:507} INFO - Filling up the DagBag from /home/sheyla/Documents/Repositórios/airflowalura/venv/lib/python3.9/site-packages/airflow/example_dags/example_branch_operator.py
[2024-02-25 20:40:49,408] {processor.py:651} INFO - DAG(s) dict_keys(['example_branch_operator']) retrieved from /home/sheyla/Documents/Repositórios/airflowalura/venv/lib/python3.9/site-packages/airflow/example_dags/example_branch_operator.py
[2024-02-25 20:40:49,429] {logging_mixin.py:115} INFO - [2024-02-25 20:40:49,429] {dag.py:2379} INFO - Sync 1 DAGs
[2024-02-25 20:40:49,444] {logging_mixin.py:115} INFO - [2024-02-25 20:40:49,444] {dag.py:2927} INFO - Setting next_dagrun for example_branch_operator to 2024-02-24T00:00:00+00:00, run_after=2024-02-25T00:00:00+00:00
[2024-02-25 20:40:49,461] {processor.py:161} INFO - Processing /home/sheyla/Documents/Repositórios/airflowalura/venv/lib/python3.9/site-packages/airflow/example_dags/example_branch_operator.py took 0.090 seconds
[2024-02-25 20:41:25,839] {processor.py:153} INFO - Started process (PID=1962166) to work on /home/sheyla/Documents/Repositórios/airflowalura/venv/lib/python3.9/site-packages/airflow/example_dags/example_branch_operator.py
[2024-02-25 20:41:25,845] {processor.py:641} INFO - Processing file /home/sheyla/Documents/Repositórios/airflowalura/venv/lib/python3.9/site-packages/airflow/example_dags/example_branch_operator.py for tasks to queue
[2024-02-25 20:41:25,846] {logging_mixin.py:115} INFO - [2024-02-25 20:41:25,846] {dagbag.py:507} INFO - Filling up the DagBag from /home/sheyla/Documents/Repositórios/airflowalura/venv/lib/python3.9/site-packages/airflow/example_dags/example_branch_operator.py
[2024-02-25 20:41:25,870] {processor.py:651} INFO - DAG(s) dict_keys(['example_branch_operator']) retrieved from /home/sheyla/Documents/Repositórios/airflowalura/venv/lib/python3.9/site-packages/airflow/example_dags/example_branch_operator.py
[2024-02-25 20:41:25,886] {logging_mixin.py:115} INFO - [2024-02-25 20:41:25,886] {dag.py:2379} INFO - Sync 1 DAGs
[2024-02-25 20:41:25,901] {logging_mixin.py:115} INFO - [2024-02-25 20:41:25,901] {dag.py:2927} INFO - Setting next_dagrun for example_branch_operator to 2024-02-24T00:00:00+00:00, run_after=2024-02-25T00:00:00+00:00
[2024-02-25 20:41:25,920] {processor.py:161} INFO - Processing /home/sheyla/Documents/Repositórios/airflowalura/venv/lib/python3.9/site-packages/airflow/example_dags/example_branch_operator.py took 0.087 seconds
[2024-02-25 20:41:57,861] {processor.py:153} INFO - Started process (PID=1962521) to work on /home/sheyla/Documents/Repositórios/airflowalura/venv/lib/python3.9/site-packages/airflow/example_dags/example_branch_operator.py
[2024-02-25 20:41:57,861] {processor.py:641} INFO - Processing file /home/sheyla/Documents/Repositórios/airflowalura/venv/lib/python3.9/site-packages/airflow/example_dags/example_branch_operator.py for tasks to queue
[2024-02-25 20:41:57,862] {logging_mixin.py:115} INFO - [2024-02-25 20:41:57,862] {dagbag.py:507} INFO - Filling up the DagBag from /home/sheyla/Documents/Repositórios/airflowalura/venv/lib/python3.9/site-packages/airflow/example_dags/example_branch_operator.py
[2024-02-25 20:41:57,873] {processor.py:651} INFO - DAG(s) dict_keys(['example_branch_operator']) retrieved from /home/sheyla/Documents/Repositórios/airflowalura/venv/lib/python3.9/site-packages/airflow/example_dags/example_branch_operator.py
[2024-02-25 20:41:57,886] {logging_mixin.py:115} INFO - [2024-02-25 20:41:57,886] {dag.py:2379} INFO - Sync 1 DAGs
[2024-02-25 20:41:57,902] {logging_mixin.py:115} INFO - [2024-02-25 20:41:57,902] {dag.py:2927} INFO - Setting next_dagrun for example_branch_operator to 2024-02-24T00:00:00+00:00, run_after=2024-02-25T00:00:00+00:00
[2024-02-25 20:41:57,914] {processor.py:161} INFO - Processing /home/sheyla/Documents/Repositórios/airflowalura/venv/lib/python3.9/site-packages/airflow/example_dags/example_branch_operator.py took 0.058 seconds
[2024-02-25 20:42:34,377] {processor.py:153} INFO - Started process (PID=1962901) to work on /home/sheyla/Documents/Repositórios/airflowalura/venv/lib/python3.9/site-packages/airflow/example_dags/example_branch_operator.py
[2024-02-25 20:42:34,383] {processor.py:641} INFO - Processing file /home/sheyla/Documents/Repositórios/airflowalura/venv/lib/python3.9/site-packages/airflow/example_dags/example_branch_operator.py for tasks to queue
[2024-02-25 20:42:34,384] {logging_mixin.py:115} INFO - [2024-02-25 20:42:34,384] {dagbag.py:507} INFO - Filling up the DagBag from /home/sheyla/Documents/Repositórios/airflowalura/venv/lib/python3.9/site-packages/airflow/example_dags/example_branch_operator.py
[2024-02-25 20:42:34,411] {processor.py:651} INFO - DAG(s) dict_keys(['example_branch_operator']) retrieved from /home/sheyla/Documents/Repositórios/airflowalura/venv/lib/python3.9/site-packages/airflow/example_dags/example_branch_operator.py
[2024-02-25 20:42:34,431] {logging_mixin.py:115} INFO - [2024-02-25 20:42:34,430] {dag.py:2379} INFO - Sync 1 DAGs
[2024-02-25 20:42:34,446] {logging_mixin.py:115} INFO - [2024-02-25 20:42:34,446] {dag.py:2927} INFO - Setting next_dagrun for example_branch_operator to 2024-02-24T00:00:00+00:00, run_after=2024-02-25T00:00:00+00:00
[2024-02-25 20:42:34,460] {processor.py:161} INFO - Processing /home/sheyla/Documents/Repositórios/airflowalura/venv/lib/python3.9/site-packages/airflow/example_dags/example_branch_operator.py took 0.089 seconds
[2024-02-25 20:43:08,102] {processor.py:153} INFO - Started process (PID=1963247) to work on /home/sheyla/Documents/Repositórios/airflowalura/venv/lib/python3.9/site-packages/airflow/example_dags/example_branch_operator.py
[2024-02-25 20:43:08,109] {processor.py:641} INFO - Processing file /home/sheyla/Documents/Repositórios/airflowalura/venv/lib/python3.9/site-packages/airflow/example_dags/example_branch_operator.py for tasks to queue
[2024-02-25 20:43:08,110] {logging_mixin.py:115} INFO - [2024-02-25 20:43:08,109] {dagbag.py:507} INFO - Filling up the DagBag from /home/sheyla/Documents/Repositórios/airflowalura/venv/lib/python3.9/site-packages/airflow/example_dags/example_branch_operator.py
[2024-02-25 20:43:08,134] {processor.py:651} INFO - DAG(s) dict_keys(['example_branch_operator']) retrieved from /home/sheyla/Documents/Repositórios/airflowalura/venv/lib/python3.9/site-packages/airflow/example_dags/example_branch_operator.py
[2024-02-25 20:43:08,150] {logging_mixin.py:115} INFO - [2024-02-25 20:43:08,150] {dag.py:2379} INFO - Sync 1 DAGs
[2024-02-25 20:43:08,165] {logging_mixin.py:115} INFO - [2024-02-25 20:43:08,165] {dag.py:2927} INFO - Setting next_dagrun for example_branch_operator to 2024-02-24T00:00:00+00:00, run_after=2024-02-25T00:00:00+00:00
[2024-02-25 20:43:08,179] {processor.py:161} INFO - Processing /home/sheyla/Documents/Repositórios/airflowalura/venv/lib/python3.9/site-packages/airflow/example_dags/example_branch_operator.py took 0.082 seconds
[2024-02-25 20:43:43,081] {processor.py:153} INFO - Started process (PID=1963603) to work on /home/sheyla/Documents/Repositórios/airflowalura/venv/lib/python3.9/site-packages/airflow/example_dags/example_branch_operator.py
[2024-02-25 20:43:43,087] {processor.py:641} INFO - Processing file /home/sheyla/Documents/Repositórios/airflowalura/venv/lib/python3.9/site-packages/airflow/example_dags/example_branch_operator.py for tasks to queue
[2024-02-25 20:43:43,088] {logging_mixin.py:115} INFO - [2024-02-25 20:43:43,088] {dagbag.py:507} INFO - Filling up the DagBag from /home/sheyla/Documents/Repositórios/airflowalura/venv/lib/python3.9/site-packages/airflow/example_dags/example_branch_operator.py
[2024-02-25 20:43:43,112] {processor.py:651} INFO - DAG(s) dict_keys(['example_branch_operator']) retrieved from /home/sheyla/Documents/Repositórios/airflowalura/venv/lib/python3.9/site-packages/airflow/example_dags/example_branch_operator.py
[2024-02-25 20:43:43,128] {logging_mixin.py:115} INFO - [2024-02-25 20:43:43,128] {dag.py:2379} INFO - Sync 1 DAGs
[2024-02-25 20:43:43,143] {logging_mixin.py:115} INFO - [2024-02-25 20:43:43,143] {dag.py:2927} INFO - Setting next_dagrun for example_branch_operator to 2024-02-24T00:00:00+00:00, run_after=2024-02-25T00:00:00+00:00
[2024-02-25 20:43:43,155] {processor.py:161} INFO - Processing /home/sheyla/Documents/Repositórios/airflowalura/venv/lib/python3.9/site-packages/airflow/example_dags/example_branch_operator.py took 0.081 seconds
[2024-02-25 20:44:17,964] {processor.py:153} INFO - Started process (PID=1963965) to work on /home/sheyla/Documents/Repositórios/airflowalura/venv/lib/python3.9/site-packages/airflow/example_dags/example_branch_operator.py
[2024-02-25 20:44:17,965] {processor.py:641} INFO - Processing file /home/sheyla/Documents/Repositórios/airflowalura/venv/lib/python3.9/site-packages/airflow/example_dags/example_branch_operator.py for tasks to queue
[2024-02-25 20:44:17,965] {logging_mixin.py:115} INFO - [2024-02-25 20:44:17,965] {dagbag.py:507} INFO - Filling up the DagBag from /home/sheyla/Documents/Repositórios/airflowalura/venv/lib/python3.9/site-packages/airflow/example_dags/example_branch_operator.py
[2024-02-25 20:44:17,977] {processor.py:651} INFO - DAG(s) dict_keys(['example_branch_operator']) retrieved from /home/sheyla/Documents/Repositórios/airflowalura/venv/lib/python3.9/site-packages/airflow/example_dags/example_branch_operator.py
[2024-02-25 20:44:17,994] {logging_mixin.py:115} INFO - [2024-02-25 20:44:17,994] {dag.py:2379} INFO - Sync 1 DAGs
[2024-02-25 20:44:18,011] {logging_mixin.py:115} INFO - [2024-02-25 20:44:18,011] {dag.py:2927} INFO - Setting next_dagrun for example_branch_operator to 2024-02-24T00:00:00+00:00, run_after=2024-02-25T00:00:00+00:00
[2024-02-25 20:44:18,028] {processor.py:161} INFO - Processing /home/sheyla/Documents/Repositórios/airflowalura/venv/lib/python3.9/site-packages/airflow/example_dags/example_branch_operator.py took 0.066 seconds
[2024-02-25 20:44:51,066] {processor.py:153} INFO - Started process (PID=1964298) to work on /home/sheyla/Documents/Repositórios/airflowalura/venv/lib/python3.9/site-packages/airflow/example_dags/example_branch_operator.py
[2024-02-25 20:44:51,071] {processor.py:641} INFO - Processing file /home/sheyla/Documents/Repositórios/airflowalura/venv/lib/python3.9/site-packages/airflow/example_dags/example_branch_operator.py for tasks to queue
[2024-02-25 20:44:51,072] {logging_mixin.py:115} INFO - [2024-02-25 20:44:51,072] {dagbag.py:507} INFO - Filling up the DagBag from /home/sheyla/Documents/Repositórios/airflowalura/venv/lib/python3.9/site-packages/airflow/example_dags/example_branch_operator.py
[2024-02-25 20:44:51,083] {processor.py:651} INFO - DAG(s) dict_keys(['example_branch_operator']) retrieved from /home/sheyla/Documents/Repositórios/airflowalura/venv/lib/python3.9/site-packages/airflow/example_dags/example_branch_operator.py
[2024-02-25 20:44:51,101] {logging_mixin.py:115} INFO - [2024-02-25 20:44:51,101] {dag.py:2379} INFO - Sync 1 DAGs
[2024-02-25 20:44:51,117] {logging_mixin.py:115} INFO - [2024-02-25 20:44:51,117] {dag.py:2927} INFO - Setting next_dagrun for example_branch_operator to 2024-02-24T00:00:00+00:00, run_after=2024-02-25T00:00:00+00:00
[2024-02-25 20:44:51,135] {processor.py:161} INFO - Processing /home/sheyla/Documents/Repositórios/airflowalura/venv/lib/python3.9/site-packages/airflow/example_dags/example_branch_operator.py took 0.072 seconds
[2024-02-25 20:45:23,719] {processor.py:153} INFO - Started process (PID=1964643) to work on /home/sheyla/Documents/Repositórios/airflowalura/venv/lib/python3.9/site-packages/airflow/example_dags/example_branch_operator.py
[2024-02-25 20:45:23,724] {processor.py:641} INFO - Processing file /home/sheyla/Documents/Repositórios/airflowalura/venv/lib/python3.9/site-packages/airflow/example_dags/example_branch_operator.py for tasks to queue
[2024-02-25 20:45:23,725] {logging_mixin.py:115} INFO - [2024-02-25 20:45:23,724] {dagbag.py:507} INFO - Filling up the DagBag from /home/sheyla/Documents/Repositórios/airflowalura/venv/lib/python3.9/site-packages/airflow/example_dags/example_branch_operator.py
[2024-02-25 20:45:23,732] {processor.py:651} INFO - DAG(s) dict_keys(['example_branch_operator']) retrieved from /home/sheyla/Documents/Repositórios/airflowalura/venv/lib/python3.9/site-packages/airflow/example_dags/example_branch_operator.py
[2024-02-25 20:45:23,745] {logging_mixin.py:115} INFO - [2024-02-25 20:45:23,745] {dag.py:2379} INFO - Sync 1 DAGs
[2024-02-25 20:45:23,761] {logging_mixin.py:115} INFO - [2024-02-25 20:45:23,761] {dag.py:2927} INFO - Setting next_dagrun for example_branch_operator to 2024-02-24T00:00:00+00:00, run_after=2024-02-25T00:00:00+00:00
[2024-02-25 20:45:23,773] {processor.py:161} INFO - Processing /home/sheyla/Documents/Repositórios/airflowalura/venv/lib/python3.9/site-packages/airflow/example_dags/example_branch_operator.py took 0.056 seconds
[2024-02-25 20:45:55,933] {processor.py:153} INFO - Started process (PID=1964966) to work on /home/sheyla/Documents/Repositórios/airflowalura/venv/lib/python3.9/site-packages/airflow/example_dags/example_branch_operator.py
[2024-02-25 20:45:55,939] {processor.py:641} INFO - Processing file /home/sheyla/Documents/Repositórios/airflowalura/venv/lib/python3.9/site-packages/airflow/example_dags/example_branch_operator.py for tasks to queue
[2024-02-25 20:45:55,940] {logging_mixin.py:115} INFO - [2024-02-25 20:45:55,939] {dagbag.py:507} INFO - Filling up the DagBag from /home/sheyla/Documents/Repositórios/airflowalura/venv/lib/python3.9/site-packages/airflow/example_dags/example_branch_operator.py
[2024-02-25 20:45:55,953] {processor.py:651} INFO - DAG(s) dict_keys(['example_branch_operator']) retrieved from /home/sheyla/Documents/Repositórios/airflowalura/venv/lib/python3.9/site-packages/airflow/example_dags/example_branch_operator.py
[2024-02-25 20:45:55,967] {logging_mixin.py:115} INFO - [2024-02-25 20:45:55,967] {dag.py:2379} INFO - Sync 1 DAGs
[2024-02-25 20:45:55,981] {logging_mixin.py:115} INFO - [2024-02-25 20:45:55,980] {dag.py:2927} INFO - Setting next_dagrun for example_branch_operator to 2024-02-24T00:00:00+00:00, run_after=2024-02-25T00:00:00+00:00
[2024-02-25 20:45:55,992] {processor.py:161} INFO - Processing /home/sheyla/Documents/Repositórios/airflowalura/venv/lib/python3.9/site-packages/airflow/example_dags/example_branch_operator.py took 0.066 seconds
[2024-02-25 20:46:30,740] {processor.py:153} INFO - Started process (PID=1965324) to work on /home/sheyla/Documents/Repositórios/airflowalura/venv/lib/python3.9/site-packages/airflow/example_dags/example_branch_operator.py
[2024-02-25 20:46:30,746] {processor.py:641} INFO - Processing file /home/sheyla/Documents/Repositórios/airflowalura/venv/lib/python3.9/site-packages/airflow/example_dags/example_branch_operator.py for tasks to queue
[2024-02-25 20:46:30,747] {logging_mixin.py:115} INFO - [2024-02-25 20:46:30,747] {dagbag.py:507} INFO - Filling up the DagBag from /home/sheyla/Documents/Repositórios/airflowalura/venv/lib/python3.9/site-packages/airflow/example_dags/example_branch_operator.py
[2024-02-25 20:46:30,768] {processor.py:651} INFO - DAG(s) dict_keys(['example_branch_operator']) retrieved from /home/sheyla/Documents/Repositórios/airflowalura/venv/lib/python3.9/site-packages/airflow/example_dags/example_branch_operator.py
[2024-02-25 20:46:30,783] {logging_mixin.py:115} INFO - [2024-02-25 20:46:30,783] {dag.py:2379} INFO - Sync 1 DAGs
[2024-02-25 20:46:30,798] {logging_mixin.py:115} INFO - [2024-02-25 20:46:30,797] {dag.py:2927} INFO - Setting next_dagrun for example_branch_operator to 2024-02-24T00:00:00+00:00, run_after=2024-02-25T00:00:00+00:00
[2024-02-25 20:46:30,810] {processor.py:161} INFO - Processing /home/sheyla/Documents/Repositórios/airflowalura/venv/lib/python3.9/site-packages/airflow/example_dags/example_branch_operator.py took 0.077 seconds
[2024-02-25 20:47:05,556] {processor.py:153} INFO - Started process (PID=1965781) to work on /home/sheyla/Documents/Repositórios/airflowalura/venv/lib/python3.9/site-packages/airflow/example_dags/example_branch_operator.py
[2024-02-25 20:47:05,557] {processor.py:641} INFO - Processing file /home/sheyla/Documents/Repositórios/airflowalura/venv/lib/python3.9/site-packages/airflow/example_dags/example_branch_operator.py for tasks to queue
[2024-02-25 20:47:05,558] {logging_mixin.py:115} INFO - [2024-02-25 20:47:05,557] {dagbag.py:507} INFO - Filling up the DagBag from /home/sheyla/Documents/Repositórios/airflowalura/venv/lib/python3.9/site-packages/airflow/example_dags/example_branch_operator.py
[2024-02-25 20:47:05,574] {processor.py:651} INFO - DAG(s) dict_keys(['example_branch_operator']) retrieved from /home/sheyla/Documents/Repositórios/airflowalura/venv/lib/python3.9/site-packages/airflow/example_dags/example_branch_operator.py
[2024-02-25 20:47:05,594] {logging_mixin.py:115} INFO - [2024-02-25 20:47:05,594] {dag.py:2379} INFO - Sync 1 DAGs
[2024-02-25 20:47:05,610] {logging_mixin.py:115} INFO - [2024-02-25 20:47:05,610] {dag.py:2927} INFO - Setting next_dagrun for example_branch_operator to 2024-02-24T00:00:00+00:00, run_after=2024-02-25T00:00:00+00:00
[2024-02-25 20:47:05,622] {processor.py:161} INFO - Processing /home/sheyla/Documents/Repositórios/airflowalura/venv/lib/python3.9/site-packages/airflow/example_dags/example_branch_operator.py took 0.071 seconds
[2024-02-25 20:47:38,332] {processor.py:153} INFO - Started process (PID=1966276) to work on /home/sheyla/Documents/Repositórios/airflowalura/venv/lib/python3.9/site-packages/airflow/example_dags/example_branch_operator.py
[2024-02-25 20:47:38,337] {processor.py:641} INFO - Processing file /home/sheyla/Documents/Repositórios/airflowalura/venv/lib/python3.9/site-packages/airflow/example_dags/example_branch_operator.py for tasks to queue
[2024-02-25 20:47:38,338] {logging_mixin.py:115} INFO - [2024-02-25 20:47:38,338] {dagbag.py:507} INFO - Filling up the DagBag from /home/sheyla/Documents/Repositórios/airflowalura/venv/lib/python3.9/site-packages/airflow/example_dags/example_branch_operator.py
[2024-02-25 20:47:38,354] {processor.py:651} INFO - DAG(s) dict_keys(['example_branch_operator']) retrieved from /home/sheyla/Documents/Repositórios/airflowalura/venv/lib/python3.9/site-packages/airflow/example_dags/example_branch_operator.py
[2024-02-25 20:47:38,377] {logging_mixin.py:115} INFO - [2024-02-25 20:47:38,376] {dag.py:2379} INFO - Sync 1 DAGs
[2024-02-25 20:47:38,393] {logging_mixin.py:115} INFO - [2024-02-25 20:47:38,393] {dag.py:2927} INFO - Setting next_dagrun for example_branch_operator to 2024-02-24T00:00:00+00:00, run_after=2024-02-25T00:00:00+00:00
[2024-02-25 20:47:38,408] {processor.py:161} INFO - Processing /home/sheyla/Documents/Repositórios/airflowalura/venv/lib/python3.9/site-packages/airflow/example_dags/example_branch_operator.py took 0.079 seconds
[2024-02-25 20:48:12,175] {processor.py:153} INFO - Started process (PID=1966786) to work on /home/sheyla/Documents/Repositórios/airflowalura/venv/lib/python3.9/site-packages/airflow/example_dags/example_branch_operator.py
[2024-02-25 20:48:12,176] {processor.py:641} INFO - Processing file /home/sheyla/Documents/Repositórios/airflowalura/venv/lib/python3.9/site-packages/airflow/example_dags/example_branch_operator.py for tasks to queue
[2024-02-25 20:48:12,177] {logging_mixin.py:115} INFO - [2024-02-25 20:48:12,177] {dagbag.py:507} INFO - Filling up the DagBag from /home/sheyla/Documents/Repositórios/airflowalura/venv/lib/python3.9/site-packages/airflow/example_dags/example_branch_operator.py
[2024-02-25 20:48:12,196] {processor.py:651} INFO - DAG(s) dict_keys(['example_branch_operator']) retrieved from /home/sheyla/Documents/Repositórios/airflowalura/venv/lib/python3.9/site-packages/airflow/example_dags/example_branch_operator.py
[2024-02-25 20:48:12,211] {logging_mixin.py:115} INFO - [2024-02-25 20:48:12,211] {dag.py:2379} INFO - Sync 1 DAGs
[2024-02-25 20:48:12,226] {logging_mixin.py:115} INFO - [2024-02-25 20:48:12,225] {dag.py:2927} INFO - Setting next_dagrun for example_branch_operator to 2024-02-24T00:00:00+00:00, run_after=2024-02-25T00:00:00+00:00
[2024-02-25 20:48:12,238] {processor.py:161} INFO - Processing /home/sheyla/Documents/Repositórios/airflowalura/venv/lib/python3.9/site-packages/airflow/example_dags/example_branch_operator.py took 0.070 seconds
