[2024-02-25 20:33:49,821] {processor.py:153} INFO - Started process (PID=1957394) to work on /home/sheyla/Documents/Repositórios/airflowalura/venv/lib/python3.9/site-packages/airflow/example_dags/example_latest_only.py
[2024-02-25 20:33:49,822] {processor.py:641} INFO - Processing file /home/sheyla/Documents/Repositórios/airflowalura/venv/lib/python3.9/site-packages/airflow/example_dags/example_latest_only.py for tasks to queue
[2024-02-25 20:33:49,823] {logging_mixin.py:115} INFO - [2024-02-25 20:33:49,823] {dagbag.py:507} INFO - Filling up the DagBag from /home/sheyla/Documents/Repositórios/airflowalura/venv/lib/python3.9/site-packages/airflow/example_dags/example_latest_only.py
[2024-02-25 20:33:49,835] {processor.py:651} INFO - DAG(s) dict_keys(['latest_only']) retrieved from /home/sheyla/Documents/Repositórios/airflowalura/venv/lib/python3.9/site-packages/airflow/example_dags/example_latest_only.py
[2024-02-25 20:33:49,854] {logging_mixin.py:115} INFO - [2024-02-25 20:33:49,854] {dag.py:2379} INFO - Sync 1 DAGs
[2024-02-25 20:33:49,869] {logging_mixin.py:115} INFO - [2024-02-25 20:33:49,869] {dag.py:2927} INFO - Setting next_dagrun for latest_only to 2024-02-25T19:33:49.869317+00:00, run_after=2024-02-25T23:33:49.869317+00:00
[2024-02-25 20:33:49,888] {processor.py:161} INFO - Processing /home/sheyla/Documents/Repositórios/airflowalura/venv/lib/python3.9/site-packages/airflow/example_dags/example_latest_only.py took 0.073 seconds
[2024-02-25 20:34:26,717] {processor.py:153} INFO - Started process (PID=1957836) to work on /home/sheyla/Documents/Repositórios/airflowalura/venv/lib/python3.9/site-packages/airflow/example_dags/example_latest_only.py
[2024-02-25 20:34:26,717] {processor.py:641} INFO - Processing file /home/sheyla/Documents/Repositórios/airflowalura/venv/lib/python3.9/site-packages/airflow/example_dags/example_latest_only.py for tasks to queue
[2024-02-25 20:34:26,717] {logging_mixin.py:115} INFO - [2024-02-25 20:34:26,717] {dagbag.py:507} INFO - Filling up the DagBag from /home/sheyla/Documents/Repositórios/airflowalura/venv/lib/python3.9/site-packages/airflow/example_dags/example_latest_only.py
[2024-02-25 20:34:26,722] {processor.py:651} INFO - DAG(s) dict_keys(['latest_only']) retrieved from /home/sheyla/Documents/Repositórios/airflowalura/venv/lib/python3.9/site-packages/airflow/example_dags/example_latest_only.py
[2024-02-25 20:34:26,736] {logging_mixin.py:115} INFO - [2024-02-25 20:34:26,736] {dag.py:2379} INFO - Sync 1 DAGs
[2024-02-25 20:34:26,752] {logging_mixin.py:115} INFO - [2024-02-25 20:34:26,752] {dag.py:2927} INFO - Setting next_dagrun for latest_only to 2024-02-25T19:34:26.752579+00:00, run_after=2024-02-25T23:34:26.752579+00:00
[2024-02-25 20:34:26,765] {processor.py:161} INFO - Processing /home/sheyla/Documents/Repositórios/airflowalura/venv/lib/python3.9/site-packages/airflow/example_dags/example_latest_only.py took 0.050 seconds
[2024-02-25 20:35:03,130] {processor.py:153} INFO - Started process (PID=1958215) to work on /home/sheyla/Documents/Repositórios/airflowalura/venv/lib/python3.9/site-packages/airflow/example_dags/example_latest_only.py
[2024-02-25 20:35:03,135] {processor.py:641} INFO - Processing file /home/sheyla/Documents/Repositórios/airflowalura/venv/lib/python3.9/site-packages/airflow/example_dags/example_latest_only.py for tasks to queue
[2024-02-25 20:35:03,135] {logging_mixin.py:115} INFO - [2024-02-25 20:35:03,135] {dagbag.py:507} INFO - Filling up the DagBag from /home/sheyla/Documents/Repositórios/airflowalura/venv/lib/python3.9/site-packages/airflow/example_dags/example_latest_only.py
[2024-02-25 20:35:03,140] {processor.py:651} INFO - DAG(s) dict_keys(['latest_only']) retrieved from /home/sheyla/Documents/Repositórios/airflowalura/venv/lib/python3.9/site-packages/airflow/example_dags/example_latest_only.py
[2024-02-25 20:35:03,157] {logging_mixin.py:115} INFO - [2024-02-25 20:35:03,156] {dag.py:2379} INFO - Sync 1 DAGs
[2024-02-25 20:35:03,175] {logging_mixin.py:115} INFO - [2024-02-25 20:35:03,174] {dag.py:2927} INFO - Setting next_dagrun for latest_only to 2024-02-25T19:35:03.174731+00:00, run_after=2024-02-25T23:35:03.174731+00:00
[2024-02-25 20:35:03,187] {processor.py:161} INFO - Processing /home/sheyla/Documents/Repositórios/airflowalura/venv/lib/python3.9/site-packages/airflow/example_dags/example_latest_only.py took 0.060 seconds
[2024-02-25 20:35:39,938] {processor.py:153} INFO - Started process (PID=1958586) to work on /home/sheyla/Documents/Repositórios/airflowalura/venv/lib/python3.9/site-packages/airflow/example_dags/example_latest_only.py
[2024-02-25 20:35:39,941] {processor.py:641} INFO - Processing file /home/sheyla/Documents/Repositórios/airflowalura/venv/lib/python3.9/site-packages/airflow/example_dags/example_latest_only.py for tasks to queue
[2024-02-25 20:35:39,942] {logging_mixin.py:115} INFO - [2024-02-25 20:35:39,942] {dagbag.py:507} INFO - Filling up the DagBag from /home/sheyla/Documents/Repositórios/airflowalura/venv/lib/python3.9/site-packages/airflow/example_dags/example_latest_only.py
[2024-02-25 20:35:39,947] {processor.py:651} INFO - DAG(s) dict_keys(['latest_only']) retrieved from /home/sheyla/Documents/Repositórios/airflowalura/venv/lib/python3.9/site-packages/airflow/example_dags/example_latest_only.py
[2024-02-25 20:35:39,961] {logging_mixin.py:115} INFO - [2024-02-25 20:35:39,960] {dag.py:2379} INFO - Sync 1 DAGs
[2024-02-25 20:35:39,975] {logging_mixin.py:115} INFO - [2024-02-25 20:35:39,975] {dag.py:2927} INFO - Setting next_dagrun for latest_only to 2024-02-25T19:35:39.975503+00:00, run_after=2024-02-25T23:35:39.975503+00:00
[2024-02-25 20:35:39,988] {processor.py:161} INFO - Processing /home/sheyla/Documents/Repositórios/airflowalura/venv/lib/python3.9/site-packages/airflow/example_dags/example_latest_only.py took 0.052 seconds
[2024-02-25 20:36:16,578] {processor.py:153} INFO - Started process (PID=1958960) to work on /home/sheyla/Documents/Repositórios/airflowalura/venv/lib/python3.9/site-packages/airflow/example_dags/example_latest_only.py
[2024-02-25 20:36:16,584] {processor.py:641} INFO - Processing file /home/sheyla/Documents/Repositórios/airflowalura/venv/lib/python3.9/site-packages/airflow/example_dags/example_latest_only.py for tasks to queue
[2024-02-25 20:36:16,585] {logging_mixin.py:115} INFO - [2024-02-25 20:36:16,585] {dagbag.py:507} INFO - Filling up the DagBag from /home/sheyla/Documents/Repositórios/airflowalura/venv/lib/python3.9/site-packages/airflow/example_dags/example_latest_only.py
[2024-02-25 20:36:16,598] {processor.py:651} INFO - DAG(s) dict_keys(['latest_only']) retrieved from /home/sheyla/Documents/Repositórios/airflowalura/venv/lib/python3.9/site-packages/airflow/example_dags/example_latest_only.py
[2024-02-25 20:36:16,619] {logging_mixin.py:115} INFO - [2024-02-25 20:36:16,619] {dag.py:2379} INFO - Sync 1 DAGs
[2024-02-25 20:36:16,634] {logging_mixin.py:115} INFO - [2024-02-25 20:36:16,634] {dag.py:2927} INFO - Setting next_dagrun for latest_only to 2024-02-25T19:36:16.634019+00:00, run_after=2024-02-25T23:36:16.634019+00:00
[2024-02-25 20:36:16,653] {processor.py:161} INFO - Processing /home/sheyla/Documents/Repositórios/airflowalura/venv/lib/python3.9/site-packages/airflow/example_dags/example_latest_only.py took 0.081 seconds
[2024-02-25 20:36:53,240] {processor.py:153} INFO - Started process (PID=1959366) to work on /home/sheyla/Documents/Repositórios/airflowalura/venv/lib/python3.9/site-packages/airflow/example_dags/example_latest_only.py
[2024-02-25 20:36:53,246] {processor.py:641} INFO - Processing file /home/sheyla/Documents/Repositórios/airflowalura/venv/lib/python3.9/site-packages/airflow/example_dags/example_latest_only.py for tasks to queue
[2024-02-25 20:36:53,247] {logging_mixin.py:115} INFO - [2024-02-25 20:36:53,247] {dagbag.py:507} INFO - Filling up the DagBag from /home/sheyla/Documents/Repositórios/airflowalura/venv/lib/python3.9/site-packages/airflow/example_dags/example_latest_only.py
[2024-02-25 20:36:53,260] {processor.py:651} INFO - DAG(s) dict_keys(['latest_only']) retrieved from /home/sheyla/Documents/Repositórios/airflowalura/venv/lib/python3.9/site-packages/airflow/example_dags/example_latest_only.py
[2024-02-25 20:36:53,286] {logging_mixin.py:115} INFO - [2024-02-25 20:36:53,286] {dag.py:2379} INFO - Sync 1 DAGs
[2024-02-25 20:36:53,302] {logging_mixin.py:115} INFO - [2024-02-25 20:36:53,302] {dag.py:2927} INFO - Setting next_dagrun for latest_only to 2024-02-25T19:36:53.302051+00:00, run_after=2024-02-25T23:36:53.302051+00:00
[2024-02-25 20:36:53,320] {processor.py:161} INFO - Processing /home/sheyla/Documents/Repositórios/airflowalura/venv/lib/python3.9/site-packages/airflow/example_dags/example_latest_only.py took 0.082 seconds
[2024-02-25 20:37:30,266] {processor.py:153} INFO - Started process (PID=1959743) to work on /home/sheyla/Documents/Repositórios/airflowalura/venv/lib/python3.9/site-packages/airflow/example_dags/example_latest_only.py
[2024-02-25 20:37:30,266] {processor.py:641} INFO - Processing file /home/sheyla/Documents/Repositórios/airflowalura/venv/lib/python3.9/site-packages/airflow/example_dags/example_latest_only.py for tasks to queue
[2024-02-25 20:37:30,267] {logging_mixin.py:115} INFO - [2024-02-25 20:37:30,267] {dagbag.py:507} INFO - Filling up the DagBag from /home/sheyla/Documents/Repositórios/airflowalura/venv/lib/python3.9/site-packages/airflow/example_dags/example_latest_only.py
[2024-02-25 20:37:30,273] {processor.py:651} INFO - DAG(s) dict_keys(['latest_only']) retrieved from /home/sheyla/Documents/Repositórios/airflowalura/venv/lib/python3.9/site-packages/airflow/example_dags/example_latest_only.py
[2024-02-25 20:37:30,294] {logging_mixin.py:115} INFO - [2024-02-25 20:37:30,294] {dag.py:2379} INFO - Sync 1 DAGs
[2024-02-25 20:37:30,313] {logging_mixin.py:115} INFO - [2024-02-25 20:37:30,313] {dag.py:2927} INFO - Setting next_dagrun for latest_only to 2024-02-25T19:37:30.313034+00:00, run_after=2024-02-25T23:37:30.313034+00:00
[2024-02-25 20:37:30,325] {processor.py:161} INFO - Processing /home/sheyla/Documents/Repositórios/airflowalura/venv/lib/python3.9/site-packages/airflow/example_dags/example_latest_only.py took 0.063 seconds
[2024-02-25 20:38:05,303] {processor.py:153} INFO - Started process (PID=1960101) to work on /home/sheyla/Documents/Repositórios/airflowalura/venv/lib/python3.9/site-packages/airflow/example_dags/example_latest_only.py
[2024-02-25 20:38:05,304] {processor.py:641} INFO - Processing file /home/sheyla/Documents/Repositórios/airflowalura/venv/lib/python3.9/site-packages/airflow/example_dags/example_latest_only.py for tasks to queue
[2024-02-25 20:38:05,305] {logging_mixin.py:115} INFO - [2024-02-25 20:38:05,305] {dagbag.py:507} INFO - Filling up the DagBag from /home/sheyla/Documents/Repositórios/airflowalura/venv/lib/python3.9/site-packages/airflow/example_dags/example_latest_only.py
[2024-02-25 20:38:05,318] {processor.py:651} INFO - DAG(s) dict_keys(['latest_only']) retrieved from /home/sheyla/Documents/Repositórios/airflowalura/venv/lib/python3.9/site-packages/airflow/example_dags/example_latest_only.py
[2024-02-25 20:38:05,337] {logging_mixin.py:115} INFO - [2024-02-25 20:38:05,337] {dag.py:2379} INFO - Sync 1 DAGs
[2024-02-25 20:38:05,352] {logging_mixin.py:115} INFO - [2024-02-25 20:38:05,352] {dag.py:2927} INFO - Setting next_dagrun for latest_only to 2024-02-25T19:38:05.352039+00:00, run_after=2024-02-25T23:38:05.352039+00:00
[2024-02-25 20:38:05,364] {processor.py:161} INFO - Processing /home/sheyla/Documents/Repositórios/airflowalura/venv/lib/python3.9/site-packages/airflow/example_dags/example_latest_only.py took 0.068 seconds
[2024-02-25 20:38:41,202] {processor.py:153} INFO - Started process (PID=1960465) to work on /home/sheyla/Documents/Repositórios/airflowalura/venv/lib/python3.9/site-packages/airflow/example_dags/example_latest_only.py
[2024-02-25 20:38:41,207] {processor.py:641} INFO - Processing file /home/sheyla/Documents/Repositórios/airflowalura/venv/lib/python3.9/site-packages/airflow/example_dags/example_latest_only.py for tasks to queue
[2024-02-25 20:38:41,208] {logging_mixin.py:115} INFO - [2024-02-25 20:38:41,208] {dagbag.py:507} INFO - Filling up the DagBag from /home/sheyla/Documents/Repositórios/airflowalura/venv/lib/python3.9/site-packages/airflow/example_dags/example_latest_only.py
[2024-02-25 20:38:41,212] {processor.py:651} INFO - DAG(s) dict_keys(['latest_only']) retrieved from /home/sheyla/Documents/Repositórios/airflowalura/venv/lib/python3.9/site-packages/airflow/example_dags/example_latest_only.py
[2024-02-25 20:38:41,226] {logging_mixin.py:115} INFO - [2024-02-25 20:38:41,226] {dag.py:2379} INFO - Sync 1 DAGs
[2024-02-25 20:38:41,240] {logging_mixin.py:115} INFO - [2024-02-25 20:38:41,240] {dag.py:2927} INFO - Setting next_dagrun for latest_only to 2024-02-25T19:38:41.240145+00:00, run_after=2024-02-25T23:38:41.240145+00:00
[2024-02-25 20:38:41,254] {processor.py:161} INFO - Processing /home/sheyla/Documents/Repositórios/airflowalura/venv/lib/python3.9/site-packages/airflow/example_dags/example_latest_only.py took 0.057 seconds
[2024-02-25 20:39:14,428] {processor.py:153} INFO - Started process (PID=1960814) to work on /home/sheyla/Documents/Repositórios/airflowalura/venv/lib/python3.9/site-packages/airflow/example_dags/example_latest_only.py
[2024-02-25 20:39:14,434] {processor.py:641} INFO - Processing file /home/sheyla/Documents/Repositórios/airflowalura/venv/lib/python3.9/site-packages/airflow/example_dags/example_latest_only.py for tasks to queue
[2024-02-25 20:39:14,435] {logging_mixin.py:115} INFO - [2024-02-25 20:39:14,435] {dagbag.py:507} INFO - Filling up the DagBag from /home/sheyla/Documents/Repositórios/airflowalura/venv/lib/python3.9/site-packages/airflow/example_dags/example_latest_only.py
[2024-02-25 20:39:14,448] {processor.py:651} INFO - DAG(s) dict_keys(['latest_only']) retrieved from /home/sheyla/Documents/Repositórios/airflowalura/venv/lib/python3.9/site-packages/airflow/example_dags/example_latest_only.py
[2024-02-25 20:39:14,468] {logging_mixin.py:115} INFO - [2024-02-25 20:39:14,468] {dag.py:2379} INFO - Sync 1 DAGs
[2024-02-25 20:39:14,483] {logging_mixin.py:115} INFO - [2024-02-25 20:39:14,483] {dag.py:2927} INFO - Setting next_dagrun for latest_only to 2024-02-25T19:39:14.482952+00:00, run_after=2024-02-25T23:39:14.482952+00:00
[2024-02-25 20:39:14,502] {processor.py:161} INFO - Processing /home/sheyla/Documents/Repositórios/airflowalura/venv/lib/python3.9/site-packages/airflow/example_dags/example_latest_only.py took 0.081 seconds
[2024-02-25 20:39:54,414] {processor.py:153} INFO - Started process (PID=1961231) to work on /home/sheyla/Documents/Repositórios/airflowalura/venv/lib/python3.9/site-packages/airflow/example_dags/example_latest_only.py
[2024-02-25 20:39:54,420] {processor.py:641} INFO - Processing file /home/sheyla/Documents/Repositórios/airflowalura/venv/lib/python3.9/site-packages/airflow/example_dags/example_latest_only.py for tasks to queue
[2024-02-25 20:39:54,421] {logging_mixin.py:115} INFO - [2024-02-25 20:39:54,420] {dagbag.py:507} INFO - Filling up the DagBag from /home/sheyla/Documents/Repositórios/airflowalura/venv/lib/python3.9/site-packages/airflow/example_dags/example_latest_only.py
[2024-02-25 20:39:54,427] {processor.py:651} INFO - DAG(s) dict_keys(['latest_only']) retrieved from /home/sheyla/Documents/Repositórios/airflowalura/venv/lib/python3.9/site-packages/airflow/example_dags/example_latest_only.py
[2024-02-25 20:39:54,447] {logging_mixin.py:115} INFO - [2024-02-25 20:39:54,447] {dag.py:2379} INFO - Sync 1 DAGs
[2024-02-25 20:39:54,465] {logging_mixin.py:115} INFO - [2024-02-25 20:39:54,465] {dag.py:2927} INFO - Setting next_dagrun for latest_only to 2024-02-25T19:39:54.465456+00:00, run_after=2024-02-25T23:39:54.465456+00:00
[2024-02-25 20:39:54,487] {processor.py:161} INFO - Processing /home/sheyla/Documents/Repositórios/airflowalura/venv/lib/python3.9/site-packages/airflow/example_dags/example_latest_only.py took 0.076 seconds
[2024-02-25 20:40:31,466] {processor.py:153} INFO - Started process (PID=1961607) to work on /home/sheyla/Documents/Repositórios/airflowalura/venv/lib/python3.9/site-packages/airflow/example_dags/example_latest_only.py
[2024-02-25 20:40:31,471] {processor.py:641} INFO - Processing file /home/sheyla/Documents/Repositórios/airflowalura/venv/lib/python3.9/site-packages/airflow/example_dags/example_latest_only.py for tasks to queue
[2024-02-25 20:40:31,472] {logging_mixin.py:115} INFO - [2024-02-25 20:40:31,472] {dagbag.py:507} INFO - Filling up the DagBag from /home/sheyla/Documents/Repositórios/airflowalura/venv/lib/python3.9/site-packages/airflow/example_dags/example_latest_only.py
[2024-02-25 20:40:31,476] {processor.py:651} INFO - DAG(s) dict_keys(['latest_only']) retrieved from /home/sheyla/Documents/Repositórios/airflowalura/venv/lib/python3.9/site-packages/airflow/example_dags/example_latest_only.py
[2024-02-25 20:40:31,489] {logging_mixin.py:115} INFO - [2024-02-25 20:40:31,489] {dag.py:2379} INFO - Sync 1 DAGs
[2024-02-25 20:40:31,504] {logging_mixin.py:115} INFO - [2024-02-25 20:40:31,504] {dag.py:2927} INFO - Setting next_dagrun for latest_only to 2024-02-25T19:40:31.504465+00:00, run_after=2024-02-25T23:40:31.504465+00:00
[2024-02-25 20:40:31,519] {processor.py:161} INFO - Processing /home/sheyla/Documents/Repositórios/airflowalura/venv/lib/python3.9/site-packages/airflow/example_dags/example_latest_only.py took 0.055 seconds
[2024-02-25 20:41:09,838] {processor.py:153} INFO - Started process (PID=1962003) to work on /home/sheyla/Documents/Repositórios/airflowalura/venv/lib/python3.9/site-packages/airflow/example_dags/example_latest_only.py
[2024-02-25 20:41:09,843] {processor.py:641} INFO - Processing file /home/sheyla/Documents/Repositórios/airflowalura/venv/lib/python3.9/site-packages/airflow/example_dags/example_latest_only.py for tasks to queue
[2024-02-25 20:41:09,843] {logging_mixin.py:115} INFO - [2024-02-25 20:41:09,843] {dagbag.py:507} INFO - Filling up the DagBag from /home/sheyla/Documents/Repositórios/airflowalura/venv/lib/python3.9/site-packages/airflow/example_dags/example_latest_only.py
[2024-02-25 20:41:09,847] {processor.py:651} INFO - DAG(s) dict_keys(['latest_only']) retrieved from /home/sheyla/Documents/Repositórios/airflowalura/venv/lib/python3.9/site-packages/airflow/example_dags/example_latest_only.py
[2024-02-25 20:41:09,861] {logging_mixin.py:115} INFO - [2024-02-25 20:41:09,861] {dag.py:2379} INFO - Sync 1 DAGs
[2024-02-25 20:41:09,876] {logging_mixin.py:115} INFO - [2024-02-25 20:41:09,876] {dag.py:2927} INFO - Setting next_dagrun for latest_only to 2024-02-25T19:41:09.876299+00:00, run_after=2024-02-25T23:41:09.876299+00:00
[2024-02-25 20:41:09,888] {processor.py:161} INFO - Processing /home/sheyla/Documents/Repositórios/airflowalura/venv/lib/python3.9/site-packages/airflow/example_dags/example_latest_only.py took 0.053 seconds
[2024-02-25 20:41:47,572] {processor.py:153} INFO - Started process (PID=1962413) to work on /home/sheyla/Documents/Repositórios/airflowalura/venv/lib/python3.9/site-packages/airflow/example_dags/example_latest_only.py
[2024-02-25 20:41:47,573] {processor.py:641} INFO - Processing file /home/sheyla/Documents/Repositórios/airflowalura/venv/lib/python3.9/site-packages/airflow/example_dags/example_latest_only.py for tasks to queue
[2024-02-25 20:41:47,575] {logging_mixin.py:115} INFO - [2024-02-25 20:41:47,574] {dagbag.py:507} INFO - Filling up the DagBag from /home/sheyla/Documents/Repositórios/airflowalura/venv/lib/python3.9/site-packages/airflow/example_dags/example_latest_only.py
[2024-02-25 20:41:47,587] {processor.py:651} INFO - DAG(s) dict_keys(['latest_only']) retrieved from /home/sheyla/Documents/Repositórios/airflowalura/venv/lib/python3.9/site-packages/airflow/example_dags/example_latest_only.py
[2024-02-25 20:41:47,606] {logging_mixin.py:115} INFO - [2024-02-25 20:41:47,606] {dag.py:2379} INFO - Sync 1 DAGs
[2024-02-25 20:41:47,621] {logging_mixin.py:115} INFO - [2024-02-25 20:41:47,621] {dag.py:2927} INFO - Setting next_dagrun for latest_only to 2024-02-25T19:41:47.621583+00:00, run_after=2024-02-25T23:41:47.621583+00:00
[2024-02-25 20:41:47,634] {processor.py:161} INFO - Processing /home/sheyla/Documents/Repositórios/airflowalura/venv/lib/python3.9/site-packages/airflow/example_dags/example_latest_only.py took 0.068 seconds
[2024-02-25 20:42:24,239] {processor.py:153} INFO - Started process (PID=1962799) to work on /home/sheyla/Documents/Repositórios/airflowalura/venv/lib/python3.9/site-packages/airflow/example_dags/example_latest_only.py
[2024-02-25 20:42:24,245] {processor.py:641} INFO - Processing file /home/sheyla/Documents/Repositórios/airflowalura/venv/lib/python3.9/site-packages/airflow/example_dags/example_latest_only.py for tasks to queue
[2024-02-25 20:42:24,246] {logging_mixin.py:115} INFO - [2024-02-25 20:42:24,246] {dagbag.py:507} INFO - Filling up the DagBag from /home/sheyla/Documents/Repositórios/airflowalura/venv/lib/python3.9/site-packages/airflow/example_dags/example_latest_only.py
[2024-02-25 20:42:24,259] {processor.py:651} INFO - DAG(s) dict_keys(['latest_only']) retrieved from /home/sheyla/Documents/Repositórios/airflowalura/venv/lib/python3.9/site-packages/airflow/example_dags/example_latest_only.py
[2024-02-25 20:42:24,279] {logging_mixin.py:115} INFO - [2024-02-25 20:42:24,279] {dag.py:2379} INFO - Sync 1 DAGs
[2024-02-25 20:42:24,294] {logging_mixin.py:115} INFO - [2024-02-25 20:42:24,294] {dag.py:2927} INFO - Setting next_dagrun for latest_only to 2024-02-25T19:42:24.294018+00:00, run_after=2024-02-25T23:42:24.294018+00:00
[2024-02-25 20:42:24,312] {processor.py:161} INFO - Processing /home/sheyla/Documents/Repositórios/airflowalura/venv/lib/python3.9/site-packages/airflow/example_dags/example_latest_only.py took 0.080 seconds
[2024-02-25 20:43:02,452] {processor.py:153} INFO - Started process (PID=1963185) to work on /home/sheyla/Documents/Repositórios/airflowalura/venv/lib/python3.9/site-packages/airflow/example_dags/example_latest_only.py
[2024-02-25 20:43:02,458] {processor.py:641} INFO - Processing file /home/sheyla/Documents/Repositórios/airflowalura/venv/lib/python3.9/site-packages/airflow/example_dags/example_latest_only.py for tasks to queue
[2024-02-25 20:43:02,460] {logging_mixin.py:115} INFO - [2024-02-25 20:43:02,459] {dagbag.py:507} INFO - Filling up the DagBag from /home/sheyla/Documents/Repositórios/airflowalura/venv/lib/python3.9/site-packages/airflow/example_dags/example_latest_only.py
[2024-02-25 20:43:02,472] {processor.py:651} INFO - DAG(s) dict_keys(['latest_only']) retrieved from /home/sheyla/Documents/Repositórios/airflowalura/venv/lib/python3.9/site-packages/airflow/example_dags/example_latest_only.py
[2024-02-25 20:43:02,495] {logging_mixin.py:115} INFO - [2024-02-25 20:43:02,495] {dag.py:2379} INFO - Sync 1 DAGs
[2024-02-25 20:43:02,510] {logging_mixin.py:115} INFO - [2024-02-25 20:43:02,510] {dag.py:2927} INFO - Setting next_dagrun for latest_only to 2024-02-25T19:43:02.510181+00:00, run_after=2024-02-25T23:43:02.510181+00:00
[2024-02-25 20:43:02,525] {processor.py:161} INFO - Processing /home/sheyla/Documents/Repositórios/airflowalura/venv/lib/python3.9/site-packages/airflow/example_dags/example_latest_only.py took 0.079 seconds
[2024-02-25 20:43:39,045] {processor.py:153} INFO - Started process (PID=1963561) to work on /home/sheyla/Documents/Repositórios/airflowalura/venv/lib/python3.9/site-packages/airflow/example_dags/example_latest_only.py
[2024-02-25 20:43:39,046] {processor.py:641} INFO - Processing file /home/sheyla/Documents/Repositórios/airflowalura/venv/lib/python3.9/site-packages/airflow/example_dags/example_latest_only.py for tasks to queue
[2024-02-25 20:43:39,047] {logging_mixin.py:115} INFO - [2024-02-25 20:43:39,047] {dagbag.py:507} INFO - Filling up the DagBag from /home/sheyla/Documents/Repositórios/airflowalura/venv/lib/python3.9/site-packages/airflow/example_dags/example_latest_only.py
[2024-02-25 20:43:39,059] {processor.py:651} INFO - DAG(s) dict_keys(['latest_only']) retrieved from /home/sheyla/Documents/Repositórios/airflowalura/venv/lib/python3.9/site-packages/airflow/example_dags/example_latest_only.py
[2024-02-25 20:43:39,076] {logging_mixin.py:115} INFO - [2024-02-25 20:43:39,076] {dag.py:2379} INFO - Sync 1 DAGs
[2024-02-25 20:43:39,090] {logging_mixin.py:115} INFO - [2024-02-25 20:43:39,090] {dag.py:2927} INFO - Setting next_dagrun for latest_only to 2024-02-25T19:43:39.090267+00:00, run_after=2024-02-25T23:43:39.090267+00:00
[2024-02-25 20:43:39,102] {processor.py:161} INFO - Processing /home/sheyla/Documents/Repositórios/airflowalura/venv/lib/python3.9/site-packages/airflow/example_dags/example_latest_only.py took 0.063 seconds
[2024-02-25 20:44:13,963] {processor.py:153} INFO - Started process (PID=1963920) to work on /home/sheyla/Documents/Repositórios/airflowalura/venv/lib/python3.9/site-packages/airflow/example_dags/example_latest_only.py
[2024-02-25 20:44:13,968] {processor.py:641} INFO - Processing file /home/sheyla/Documents/Repositórios/airflowalura/venv/lib/python3.9/site-packages/airflow/example_dags/example_latest_only.py for tasks to queue
[2024-02-25 20:44:13,969] {logging_mixin.py:115} INFO - [2024-02-25 20:44:13,969] {dagbag.py:507} INFO - Filling up the DagBag from /home/sheyla/Documents/Repositórios/airflowalura/venv/lib/python3.9/site-packages/airflow/example_dags/example_latest_only.py
[2024-02-25 20:44:13,973] {processor.py:651} INFO - DAG(s) dict_keys(['latest_only']) retrieved from /home/sheyla/Documents/Repositórios/airflowalura/venv/lib/python3.9/site-packages/airflow/example_dags/example_latest_only.py
[2024-02-25 20:44:13,987] {logging_mixin.py:115} INFO - [2024-02-25 20:44:13,987] {dag.py:2379} INFO - Sync 1 DAGs
[2024-02-25 20:44:14,003] {logging_mixin.py:115} INFO - [2024-02-25 20:44:14,003] {dag.py:2927} INFO - Setting next_dagrun for latest_only to 2024-02-25T19:44:14.003303+00:00, run_after=2024-02-25T23:44:14.003303+00:00
[2024-02-25 20:44:14,017] {processor.py:161} INFO - Processing /home/sheyla/Documents/Repositórios/airflowalura/venv/lib/python3.9/site-packages/airflow/example_dags/example_latest_only.py took 0.056 seconds
[2024-02-25 20:44:48,805] {processor.py:153} INFO - Started process (PID=1964279) to work on /home/sheyla/Documents/Repositórios/airflowalura/venv/lib/python3.9/site-packages/airflow/example_dags/example_latest_only.py
[2024-02-25 20:44:48,806] {processor.py:641} INFO - Processing file /home/sheyla/Documents/Repositórios/airflowalura/venv/lib/python3.9/site-packages/airflow/example_dags/example_latest_only.py for tasks to queue
[2024-02-25 20:44:48,807] {logging_mixin.py:115} INFO - [2024-02-25 20:44:48,807] {dagbag.py:507} INFO - Filling up the DagBag from /home/sheyla/Documents/Repositórios/airflowalura/venv/lib/python3.9/site-packages/airflow/example_dags/example_latest_only.py
[2024-02-25 20:44:48,821] {processor.py:651} INFO - DAG(s) dict_keys(['latest_only']) retrieved from /home/sheyla/Documents/Repositórios/airflowalura/venv/lib/python3.9/site-packages/airflow/example_dags/example_latest_only.py
[2024-02-25 20:44:48,841] {logging_mixin.py:115} INFO - [2024-02-25 20:44:48,841] {dag.py:2379} INFO - Sync 1 DAGs
[2024-02-25 20:44:48,856] {logging_mixin.py:115} INFO - [2024-02-25 20:44:48,856] {dag.py:2927} INFO - Setting next_dagrun for latest_only to 2024-02-25T19:44:48.856336+00:00, run_after=2024-02-25T23:44:48.856336+00:00
[2024-02-25 20:44:48,867] {processor.py:161} INFO - Processing /home/sheyla/Documents/Repositórios/airflowalura/venv/lib/python3.9/site-packages/airflow/example_dags/example_latest_only.py took 0.068 seconds
[2024-02-25 20:45:27,720] {processor.py:153} INFO - Started process (PID=1964679) to work on /home/sheyla/Documents/Repositórios/airflowalura/venv/lib/python3.9/site-packages/airflow/example_dags/example_latest_only.py
[2024-02-25 20:45:27,726] {processor.py:641} INFO - Processing file /home/sheyla/Documents/Repositórios/airflowalura/venv/lib/python3.9/site-packages/airflow/example_dags/example_latest_only.py for tasks to queue
[2024-02-25 20:45:27,727] {logging_mixin.py:115} INFO - [2024-02-25 20:45:27,727] {dagbag.py:507} INFO - Filling up the DagBag from /home/sheyla/Documents/Repositórios/airflowalura/venv/lib/python3.9/site-packages/airflow/example_dags/example_latest_only.py
[2024-02-25 20:45:27,741] {processor.py:651} INFO - DAG(s) dict_keys(['latest_only']) retrieved from /home/sheyla/Documents/Repositórios/airflowalura/venv/lib/python3.9/site-packages/airflow/example_dags/example_latest_only.py
[2024-02-25 20:45:27,764] {logging_mixin.py:115} INFO - [2024-02-25 20:45:27,764] {dag.py:2379} INFO - Sync 1 DAGs
[2024-02-25 20:45:27,779] {logging_mixin.py:115} INFO - [2024-02-25 20:45:27,779] {dag.py:2927} INFO - Setting next_dagrun for latest_only to 2024-02-25T19:45:27.779056+00:00, run_after=2024-02-25T23:45:27.779056+00:00
[2024-02-25 20:45:27,791] {processor.py:161} INFO - Processing /home/sheyla/Documents/Repositórios/airflowalura/venv/lib/python3.9/site-packages/airflow/example_dags/example_latest_only.py took 0.073 seconds
[2024-02-25 20:46:02,738] {processor.py:153} INFO - Started process (PID=1965032) to work on /home/sheyla/Documents/Repositórios/airflowalura/venv/lib/python3.9/site-packages/airflow/example_dags/example_latest_only.py
[2024-02-25 20:46:02,744] {processor.py:641} INFO - Processing file /home/sheyla/Documents/Repositórios/airflowalura/venv/lib/python3.9/site-packages/airflow/example_dags/example_latest_only.py for tasks to queue
[2024-02-25 20:46:02,746] {logging_mixin.py:115} INFO - [2024-02-25 20:46:02,745] {dagbag.py:507} INFO - Filling up the DagBag from /home/sheyla/Documents/Repositórios/airflowalura/venv/lib/python3.9/site-packages/airflow/example_dags/example_latest_only.py
[2024-02-25 20:46:02,759] {processor.py:651} INFO - DAG(s) dict_keys(['latest_only']) retrieved from /home/sheyla/Documents/Repositórios/airflowalura/venv/lib/python3.9/site-packages/airflow/example_dags/example_latest_only.py
[2024-02-25 20:46:02,781] {logging_mixin.py:115} INFO - [2024-02-25 20:46:02,781] {dag.py:2379} INFO - Sync 1 DAGs
[2024-02-25 20:46:02,797] {logging_mixin.py:115} INFO - [2024-02-25 20:46:02,797] {dag.py:2927} INFO - Setting next_dagrun for latest_only to 2024-02-25T19:46:02.796829+00:00, run_after=2024-02-25T23:46:02.796829+00:00
[2024-02-25 20:46:02,815] {processor.py:161} INFO - Processing /home/sheyla/Documents/Repositórios/airflowalura/venv/lib/python3.9/site-packages/airflow/example_dags/example_latest_only.py took 0.083 seconds
[2024-02-25 20:46:39,868] {processor.py:153} INFO - Started process (PID=1965441) to work on /home/sheyla/Documents/Repositórios/airflowalura/venv/lib/python3.9/site-packages/airflow/example_dags/example_latest_only.py
[2024-02-25 20:46:39,875] {processor.py:641} INFO - Processing file /home/sheyla/Documents/Repositórios/airflowalura/venv/lib/python3.9/site-packages/airflow/example_dags/example_latest_only.py for tasks to queue
[2024-02-25 20:46:39,876] {logging_mixin.py:115} INFO - [2024-02-25 20:46:39,875] {dagbag.py:507} INFO - Filling up the DagBag from /home/sheyla/Documents/Repositórios/airflowalura/venv/lib/python3.9/site-packages/airflow/example_dags/example_latest_only.py
[2024-02-25 20:46:39,883] {processor.py:651} INFO - DAG(s) dict_keys(['latest_only']) retrieved from /home/sheyla/Documents/Repositórios/airflowalura/venv/lib/python3.9/site-packages/airflow/example_dags/example_latest_only.py
[2024-02-25 20:46:39,897] {logging_mixin.py:115} INFO - [2024-02-25 20:46:39,897] {dag.py:2379} INFO - Sync 1 DAGs
[2024-02-25 20:46:39,911] {logging_mixin.py:115} INFO - [2024-02-25 20:46:39,911] {dag.py:2927} INFO - Setting next_dagrun for latest_only to 2024-02-25T19:46:39.911303+00:00, run_after=2024-02-25T23:46:39.911303+00:00
[2024-02-25 20:46:39,930] {processor.py:161} INFO - Processing /home/sheyla/Documents/Repositórios/airflowalura/venv/lib/python3.9/site-packages/airflow/example_dags/example_latest_only.py took 0.069 seconds
[2024-02-25 20:47:14,102] {processor.py:153} INFO - Started process (PID=1965895) to work on /home/sheyla/Documents/Repositórios/airflowalura/venv/lib/python3.9/site-packages/airflow/example_dags/example_latest_only.py
[2024-02-25 20:47:14,108] {processor.py:641} INFO - Processing file /home/sheyla/Documents/Repositórios/airflowalura/venv/lib/python3.9/site-packages/airflow/example_dags/example_latest_only.py for tasks to queue
[2024-02-25 20:47:14,109] {logging_mixin.py:115} INFO - [2024-02-25 20:47:14,109] {dagbag.py:507} INFO - Filling up the DagBag from /home/sheyla/Documents/Repositórios/airflowalura/venv/lib/python3.9/site-packages/airflow/example_dags/example_latest_only.py
[2024-02-25 20:47:14,119] {processor.py:651} INFO - DAG(s) dict_keys(['latest_only']) retrieved from /home/sheyla/Documents/Repositórios/airflowalura/venv/lib/python3.9/site-packages/airflow/example_dags/example_latest_only.py
[2024-02-25 20:47:14,139] {logging_mixin.py:115} INFO - [2024-02-25 20:47:14,138] {dag.py:2379} INFO - Sync 1 DAGs
[2024-02-25 20:47:14,155] {logging_mixin.py:115} INFO - [2024-02-25 20:47:14,155] {dag.py:2927} INFO - Setting next_dagrun for latest_only to 2024-02-25T19:47:14.155052+00:00, run_after=2024-02-25T23:47:14.155052+00:00
[2024-02-25 20:47:14,167] {processor.py:161} INFO - Processing /home/sheyla/Documents/Repositórios/airflowalura/venv/lib/python3.9/site-packages/airflow/example_dags/example_latest_only.py took 0.070 seconds
[2024-02-25 20:47:51,898] {processor.py:153} INFO - Started process (PID=1966481) to work on /home/sheyla/Documents/Repositórios/airflowalura/venv/lib/python3.9/site-packages/airflow/example_dags/example_latest_only.py
[2024-02-25 20:47:51,904] {processor.py:641} INFO - Processing file /home/sheyla/Documents/Repositórios/airflowalura/venv/lib/python3.9/site-packages/airflow/example_dags/example_latest_only.py for tasks to queue
[2024-02-25 20:47:51,906] {logging_mixin.py:115} INFO - [2024-02-25 20:47:51,906] {dagbag.py:507} INFO - Filling up the DagBag from /home/sheyla/Documents/Repositórios/airflowalura/venv/lib/python3.9/site-packages/airflow/example_dags/example_latest_only.py
[2024-02-25 20:47:51,919] {processor.py:651} INFO - DAG(s) dict_keys(['latest_only']) retrieved from /home/sheyla/Documents/Repositórios/airflowalura/venv/lib/python3.9/site-packages/airflow/example_dags/example_latest_only.py
[2024-02-25 20:47:51,936] {logging_mixin.py:115} INFO - [2024-02-25 20:47:51,936] {dag.py:2379} INFO - Sync 1 DAGs
[2024-02-25 20:47:51,951] {logging_mixin.py:115} INFO - [2024-02-25 20:47:51,951] {dag.py:2927} INFO - Setting next_dagrun for latest_only to 2024-02-25T19:47:51.951277+00:00, run_after=2024-02-25T23:47:51.951277+00:00
[2024-02-25 20:47:51,964] {processor.py:161} INFO - Processing /home/sheyla/Documents/Repositórios/airflowalura/venv/lib/python3.9/site-packages/airflow/example_dags/example_latest_only.py took 0.072 seconds
[2024-02-25 20:48:27,782] {processor.py:153} INFO - Started process (PID=1967000) to work on /home/sheyla/Documents/Repositórios/airflowalura/venv/lib/python3.9/site-packages/airflow/example_dags/example_latest_only.py
[2024-02-25 20:48:27,788] {processor.py:641} INFO - Processing file /home/sheyla/Documents/Repositórios/airflowalura/venv/lib/python3.9/site-packages/airflow/example_dags/example_latest_only.py for tasks to queue
[2024-02-25 20:48:27,789] {logging_mixin.py:115} INFO - [2024-02-25 20:48:27,789] {dagbag.py:507} INFO - Filling up the DagBag from /home/sheyla/Documents/Repositórios/airflowalura/venv/lib/python3.9/site-packages/airflow/example_dags/example_latest_only.py
[2024-02-25 20:48:27,796] {processor.py:651} INFO - DAG(s) dict_keys(['latest_only']) retrieved from /home/sheyla/Documents/Repositórios/airflowalura/venv/lib/python3.9/site-packages/airflow/example_dags/example_latest_only.py
[2024-02-25 20:48:27,810] {logging_mixin.py:115} INFO - [2024-02-25 20:48:27,810] {dag.py:2379} INFO - Sync 1 DAGs
[2024-02-25 20:48:27,824] {logging_mixin.py:115} INFO - [2024-02-25 20:48:27,824] {dag.py:2927} INFO - Setting next_dagrun for latest_only to 2024-02-25T19:48:27.824187+00:00, run_after=2024-02-25T23:48:27.824187+00:00
[2024-02-25 20:48:27,839] {processor.py:161} INFO - Processing /home/sheyla/Documents/Repositórios/airflowalura/venv/lib/python3.9/site-packages/airflow/example_dags/example_latest_only.py took 0.063 seconds
