[2024-02-25 20:33:47,517] {processor.py:153} INFO - Started process (PID=1957365) to work on /home/sheyla/Documents/Repositórios/airflowalura/venv/lib/python3.9/site-packages/airflow/example_dags/example_external_task_marker_dag.py
[2024-02-25 20:33:47,519] {processor.py:641} INFO - Processing file /home/sheyla/Documents/Repositórios/airflowalura/venv/lib/python3.9/site-packages/airflow/example_dags/example_external_task_marker_dag.py for tasks to queue
[2024-02-25 20:33:47,520] {logging_mixin.py:115} INFO - [2024-02-25 20:33:47,520] {dagbag.py:507} INFO - Filling up the DagBag from /home/sheyla/Documents/Repositórios/airflowalura/venv/lib/python3.9/site-packages/airflow/example_dags/example_external_task_marker_dag.py
[2024-02-25 20:33:47,530] {processor.py:651} INFO - DAG(s) dict_keys(['example_external_task_marker_parent', 'example_external_task_marker_child']) retrieved from /home/sheyla/Documents/Repositórios/airflowalura/venv/lib/python3.9/site-packages/airflow/example_dags/example_external_task_marker_dag.py
[2024-02-25 20:33:47,560] {logging_mixin.py:115} INFO - [2024-02-25 20:33:47,560] {dag.py:2379} INFO - Sync 2 DAGs
[2024-02-25 20:33:47,573] {logging_mixin.py:115} INFO - [2024-02-25 20:33:47,573] {dag.py:2927} INFO - Setting next_dagrun for example_external_task_marker_child to None, run_after=None
[2024-02-25 20:33:47,574] {logging_mixin.py:115} INFO - [2024-02-25 20:33:47,574] {dag.py:2927} INFO - Setting next_dagrun for example_external_task_marker_parent to None, run_after=None
[2024-02-25 20:33:47,597] {processor.py:161} INFO - Processing /home/sheyla/Documents/Repositórios/airflowalura/venv/lib/python3.9/site-packages/airflow/example_dags/example_external_task_marker_dag.py took 0.085 seconds
[2024-02-25 20:34:24,424] {processor.py:153} INFO - Started process (PID=1957815) to work on /home/sheyla/Documents/Repositórios/airflowalura/venv/lib/python3.9/site-packages/airflow/example_dags/example_external_task_marker_dag.py
[2024-02-25 20:34:24,424] {processor.py:641} INFO - Processing file /home/sheyla/Documents/Repositórios/airflowalura/venv/lib/python3.9/site-packages/airflow/example_dags/example_external_task_marker_dag.py for tasks to queue
[2024-02-25 20:34:24,425] {logging_mixin.py:115} INFO - [2024-02-25 20:34:24,425] {dagbag.py:507} INFO - Filling up the DagBag from /home/sheyla/Documents/Repositórios/airflowalura/venv/lib/python3.9/site-packages/airflow/example_dags/example_external_task_marker_dag.py
[2024-02-25 20:34:24,432] {processor.py:651} INFO - DAG(s) dict_keys(['example_external_task_marker_parent', 'example_external_task_marker_child']) retrieved from /home/sheyla/Documents/Repositórios/airflowalura/venv/lib/python3.9/site-packages/airflow/example_dags/example_external_task_marker_dag.py
[2024-02-25 20:34:24,458] {logging_mixin.py:115} INFO - [2024-02-25 20:34:24,458] {dag.py:2379} INFO - Sync 2 DAGs
[2024-02-25 20:34:24,472] {logging_mixin.py:115} INFO - [2024-02-25 20:34:24,472] {dag.py:2927} INFO - Setting next_dagrun for example_external_task_marker_child to None, run_after=None
[2024-02-25 20:34:24,472] {logging_mixin.py:115} INFO - [2024-02-25 20:34:24,472] {dag.py:2927} INFO - Setting next_dagrun for example_external_task_marker_parent to None, run_after=None
[2024-02-25 20:34:24,497] {processor.py:161} INFO - Processing /home/sheyla/Documents/Repositórios/airflowalura/venv/lib/python3.9/site-packages/airflow/example_dags/example_external_task_marker_dag.py took 0.077 seconds
[2024-02-25 20:35:00,853] {processor.py:153} INFO - Started process (PID=1958188) to work on /home/sheyla/Documents/Repositórios/airflowalura/venv/lib/python3.9/site-packages/airflow/example_dags/example_external_task_marker_dag.py
[2024-02-25 20:35:00,858] {processor.py:641} INFO - Processing file /home/sheyla/Documents/Repositórios/airflowalura/venv/lib/python3.9/site-packages/airflow/example_dags/example_external_task_marker_dag.py for tasks to queue
[2024-02-25 20:35:00,858] {logging_mixin.py:115} INFO - [2024-02-25 20:35:00,858] {dagbag.py:507} INFO - Filling up the DagBag from /home/sheyla/Documents/Repositórios/airflowalura/venv/lib/python3.9/site-packages/airflow/example_dags/example_external_task_marker_dag.py
[2024-02-25 20:35:00,861] {processor.py:651} INFO - DAG(s) dict_keys(['example_external_task_marker_parent', 'example_external_task_marker_child']) retrieved from /home/sheyla/Documents/Repositórios/airflowalura/venv/lib/python3.9/site-packages/airflow/example_dags/example_external_task_marker_dag.py
[2024-02-25 20:35:00,880] {logging_mixin.py:115} INFO - [2024-02-25 20:35:00,880] {dag.py:2379} INFO - Sync 2 DAGs
[2024-02-25 20:35:00,892] {logging_mixin.py:115} INFO - [2024-02-25 20:35:00,892] {dag.py:2927} INFO - Setting next_dagrun for example_external_task_marker_child to None, run_after=None
[2024-02-25 20:35:00,893] {logging_mixin.py:115} INFO - [2024-02-25 20:35:00,893] {dag.py:2927} INFO - Setting next_dagrun for example_external_task_marker_parent to None, run_after=None
[2024-02-25 20:35:00,904] {processor.py:161} INFO - Processing /home/sheyla/Documents/Repositórios/airflowalura/venv/lib/python3.9/site-packages/airflow/example_dags/example_external_task_marker_dag.py took 0.053 seconds
[2024-02-25 20:35:37,734] {processor.py:153} INFO - Started process (PID=1958560) to work on /home/sheyla/Documents/Repositórios/airflowalura/venv/lib/python3.9/site-packages/airflow/example_dags/example_external_task_marker_dag.py
[2024-02-25 20:35:37,739] {processor.py:641} INFO - Processing file /home/sheyla/Documents/Repositórios/airflowalura/venv/lib/python3.9/site-packages/airflow/example_dags/example_external_task_marker_dag.py for tasks to queue
[2024-02-25 20:35:37,740] {logging_mixin.py:115} INFO - [2024-02-25 20:35:37,740] {dagbag.py:507} INFO - Filling up the DagBag from /home/sheyla/Documents/Repositórios/airflowalura/venv/lib/python3.9/site-packages/airflow/example_dags/example_external_task_marker_dag.py
[2024-02-25 20:35:37,749] {processor.py:651} INFO - DAG(s) dict_keys(['example_external_task_marker_parent', 'example_external_task_marker_child']) retrieved from /home/sheyla/Documents/Repositórios/airflowalura/venv/lib/python3.9/site-packages/airflow/example_dags/example_external_task_marker_dag.py
[2024-02-25 20:35:37,784] {logging_mixin.py:115} INFO - [2024-02-25 20:35:37,784] {dag.py:2379} INFO - Sync 2 DAGs
[2024-02-25 20:35:37,798] {logging_mixin.py:115} INFO - [2024-02-25 20:35:37,797] {dag.py:2927} INFO - Setting next_dagrun for example_external_task_marker_child to None, run_after=None
[2024-02-25 20:35:37,798] {logging_mixin.py:115} INFO - [2024-02-25 20:35:37,798] {dag.py:2927} INFO - Setting next_dagrun for example_external_task_marker_parent to None, run_after=None
[2024-02-25 20:35:37,811] {processor.py:161} INFO - Processing /home/sheyla/Documents/Repositórios/airflowalura/venv/lib/python3.9/site-packages/airflow/example_dags/example_external_task_marker_dag.py took 0.080 seconds
[2024-02-25 20:36:14,281] {processor.py:153} INFO - Started process (PID=1958941) to work on /home/sheyla/Documents/Repositórios/airflowalura/venv/lib/python3.9/site-packages/airflow/example_dags/example_external_task_marker_dag.py
[2024-02-25 20:36:14,286] {processor.py:641} INFO - Processing file /home/sheyla/Documents/Repositórios/airflowalura/venv/lib/python3.9/site-packages/airflow/example_dags/example_external_task_marker_dag.py for tasks to queue
[2024-02-25 20:36:14,286] {logging_mixin.py:115} INFO - [2024-02-25 20:36:14,286] {dagbag.py:507} INFO - Filling up the DagBag from /home/sheyla/Documents/Repositórios/airflowalura/venv/lib/python3.9/site-packages/airflow/example_dags/example_external_task_marker_dag.py
[2024-02-25 20:36:14,289] {processor.py:651} INFO - DAG(s) dict_keys(['example_external_task_marker_parent', 'example_external_task_marker_child']) retrieved from /home/sheyla/Documents/Repositórios/airflowalura/venv/lib/python3.9/site-packages/airflow/example_dags/example_external_task_marker_dag.py
[2024-02-25 20:36:14,310] {logging_mixin.py:115} INFO - [2024-02-25 20:36:14,310] {dag.py:2379} INFO - Sync 2 DAGs
[2024-02-25 20:36:14,324] {logging_mixin.py:115} INFO - [2024-02-25 20:36:14,324] {dag.py:2927} INFO - Setting next_dagrun for example_external_task_marker_child to None, run_after=None
[2024-02-25 20:36:14,325] {logging_mixin.py:115} INFO - [2024-02-25 20:36:14,325] {dag.py:2927} INFO - Setting next_dagrun for example_external_task_marker_parent to None, run_after=None
[2024-02-25 20:36:14,337] {processor.py:161} INFO - Processing /home/sheyla/Documents/Repositórios/airflowalura/venv/lib/python3.9/site-packages/airflow/example_dags/example_external_task_marker_dag.py took 0.059 seconds
[2024-02-25 20:36:50,946] {processor.py:153} INFO - Started process (PID=1959339) to work on /home/sheyla/Documents/Repositórios/airflowalura/venv/lib/python3.9/site-packages/airflow/example_dags/example_external_task_marker_dag.py
[2024-02-25 20:36:50,952] {processor.py:641} INFO - Processing file /home/sheyla/Documents/Repositórios/airflowalura/venv/lib/python3.9/site-packages/airflow/example_dags/example_external_task_marker_dag.py for tasks to queue
[2024-02-25 20:36:50,954] {logging_mixin.py:115} INFO - [2024-02-25 20:36:50,954] {dagbag.py:507} INFO - Filling up the DagBag from /home/sheyla/Documents/Repositórios/airflowalura/venv/lib/python3.9/site-packages/airflow/example_dags/example_external_task_marker_dag.py
[2024-02-25 20:36:50,959] {processor.py:651} INFO - DAG(s) dict_keys(['example_external_task_marker_parent', 'example_external_task_marker_child']) retrieved from /home/sheyla/Documents/Repositórios/airflowalura/venv/lib/python3.9/site-packages/airflow/example_dags/example_external_task_marker_dag.py
[2024-02-25 20:36:50,975] {logging_mixin.py:115} INFO - [2024-02-25 20:36:50,974] {dag.py:2379} INFO - Sync 2 DAGs
[2024-02-25 20:36:50,987] {logging_mixin.py:115} INFO - [2024-02-25 20:36:50,987] {dag.py:2927} INFO - Setting next_dagrun for example_external_task_marker_child to None, run_after=None
[2024-02-25 20:36:50,987] {logging_mixin.py:115} INFO - [2024-02-25 20:36:50,987] {dag.py:2927} INFO - Setting next_dagrun for example_external_task_marker_parent to None, run_after=None
[2024-02-25 20:36:51,000] {processor.py:161} INFO - Processing /home/sheyla/Documents/Repositórios/airflowalura/venv/lib/python3.9/site-packages/airflow/example_dags/example_external_task_marker_dag.py took 0.056 seconds
[2024-02-25 20:37:25,262] {processor.py:153} INFO - Started process (PID=1959694) to work on /home/sheyla/Documents/Repositórios/airflowalura/venv/lib/python3.9/site-packages/airflow/example_dags/example_external_task_marker_dag.py
[2024-02-25 20:37:25,277] {processor.py:641} INFO - Processing file /home/sheyla/Documents/Repositórios/airflowalura/venv/lib/python3.9/site-packages/airflow/example_dags/example_external_task_marker_dag.py for tasks to queue
[2024-02-25 20:37:25,278] {logging_mixin.py:115} INFO - [2024-02-25 20:37:25,278] {dagbag.py:507} INFO - Filling up the DagBag from /home/sheyla/Documents/Repositórios/airflowalura/venv/lib/python3.9/site-packages/airflow/example_dags/example_external_task_marker_dag.py
[2024-02-25 20:37:25,285] {processor.py:651} INFO - DAG(s) dict_keys(['example_external_task_marker_parent', 'example_external_task_marker_child']) retrieved from /home/sheyla/Documents/Repositórios/airflowalura/venv/lib/python3.9/site-packages/airflow/example_dags/example_external_task_marker_dag.py
[2024-02-25 20:37:25,304] {logging_mixin.py:115} INFO - [2024-02-25 20:37:25,304] {dag.py:2379} INFO - Sync 2 DAGs
[2024-02-25 20:37:25,316] {logging_mixin.py:115} INFO - [2024-02-25 20:37:25,316] {dag.py:2927} INFO - Setting next_dagrun for example_external_task_marker_child to None, run_after=None
[2024-02-25 20:37:25,316] {logging_mixin.py:115} INFO - [2024-02-25 20:37:25,316] {dag.py:2927} INFO - Setting next_dagrun for example_external_task_marker_parent to None, run_after=None
[2024-02-25 20:37:25,336] {processor.py:161} INFO - Processing /home/sheyla/Documents/Repositórios/airflowalura/venv/lib/python3.9/site-packages/airflow/example_dags/example_external_task_marker_dag.py took 0.083 seconds
[2024-02-25 20:38:00,154] {processor.py:153} INFO - Started process (PID=1960050) to work on /home/sheyla/Documents/Repositórios/airflowalura/venv/lib/python3.9/site-packages/airflow/example_dags/example_external_task_marker_dag.py
[2024-02-25 20:38:00,156] {processor.py:641} INFO - Processing file /home/sheyla/Documents/Repositórios/airflowalura/venv/lib/python3.9/site-packages/airflow/example_dags/example_external_task_marker_dag.py for tasks to queue
[2024-02-25 20:38:00,156] {logging_mixin.py:115} INFO - [2024-02-25 20:38:00,156] {dagbag.py:507} INFO - Filling up the DagBag from /home/sheyla/Documents/Repositórios/airflowalura/venv/lib/python3.9/site-packages/airflow/example_dags/example_external_task_marker_dag.py
[2024-02-25 20:38:00,162] {processor.py:651} INFO - DAG(s) dict_keys(['example_external_task_marker_parent', 'example_external_task_marker_child']) retrieved from /home/sheyla/Documents/Repositórios/airflowalura/venv/lib/python3.9/site-packages/airflow/example_dags/example_external_task_marker_dag.py
[2024-02-25 20:38:00,190] {logging_mixin.py:115} INFO - [2024-02-25 20:38:00,190] {dag.py:2379} INFO - Sync 2 DAGs
[2024-02-25 20:38:00,203] {logging_mixin.py:115} INFO - [2024-02-25 20:38:00,203] {dag.py:2927} INFO - Setting next_dagrun for example_external_task_marker_child to None, run_after=None
[2024-02-25 20:38:00,204] {logging_mixin.py:115} INFO - [2024-02-25 20:38:00,204] {dag.py:2927} INFO - Setting next_dagrun for example_external_task_marker_parent to None, run_after=None
[2024-02-25 20:38:00,216] {processor.py:161} INFO - Processing /home/sheyla/Documents/Repositórios/airflowalura/venv/lib/python3.9/site-packages/airflow/example_dags/example_external_task_marker_dag.py took 0.065 seconds
[2024-02-25 20:38:39,733] {processor.py:153} INFO - Started process (PID=1960454) to work on /home/sheyla/Documents/Repositórios/airflowalura/venv/lib/python3.9/site-packages/airflow/example_dags/example_external_task_marker_dag.py
[2024-02-25 20:38:39,738] {processor.py:641} INFO - Processing file /home/sheyla/Documents/Repositórios/airflowalura/venv/lib/python3.9/site-packages/airflow/example_dags/example_external_task_marker_dag.py for tasks to queue
[2024-02-25 20:38:39,738] {logging_mixin.py:115} INFO - [2024-02-25 20:38:39,738] {dagbag.py:507} INFO - Filling up the DagBag from /home/sheyla/Documents/Repositórios/airflowalura/venv/lib/python3.9/site-packages/airflow/example_dags/example_external_task_marker_dag.py
[2024-02-25 20:38:39,742] {processor.py:651} INFO - DAG(s) dict_keys(['example_external_task_marker_parent', 'example_external_task_marker_child']) retrieved from /home/sheyla/Documents/Repositórios/airflowalura/venv/lib/python3.9/site-packages/airflow/example_dags/example_external_task_marker_dag.py
[2024-02-25 20:38:39,760] {logging_mixin.py:115} INFO - [2024-02-25 20:38:39,760] {dag.py:2379} INFO - Sync 2 DAGs
[2024-02-25 20:38:39,772] {logging_mixin.py:115} INFO - [2024-02-25 20:38:39,772] {dag.py:2927} INFO - Setting next_dagrun for example_external_task_marker_child to None, run_after=None
[2024-02-25 20:38:39,773] {logging_mixin.py:115} INFO - [2024-02-25 20:38:39,773] {dag.py:2927} INFO - Setting next_dagrun for example_external_task_marker_parent to None, run_after=None
[2024-02-25 20:38:39,786] {processor.py:161} INFO - Processing /home/sheyla/Documents/Repositórios/airflowalura/venv/lib/python3.9/site-packages/airflow/example_dags/example_external_task_marker_dag.py took 0.057 seconds
[2024-02-25 20:39:12,149] {processor.py:153} INFO - Started process (PID=1960786) to work on /home/sheyla/Documents/Repositórios/airflowalura/venv/lib/python3.9/site-packages/airflow/example_dags/example_external_task_marker_dag.py
[2024-02-25 20:39:12,150] {processor.py:641} INFO - Processing file /home/sheyla/Documents/Repositórios/airflowalura/venv/lib/python3.9/site-packages/airflow/example_dags/example_external_task_marker_dag.py for tasks to queue
[2024-02-25 20:39:12,151] {logging_mixin.py:115} INFO - [2024-02-25 20:39:12,151] {dagbag.py:507} INFO - Filling up the DagBag from /home/sheyla/Documents/Repositórios/airflowalura/venv/lib/python3.9/site-packages/airflow/example_dags/example_external_task_marker_dag.py
[2024-02-25 20:39:12,162] {processor.py:651} INFO - DAG(s) dict_keys(['example_external_task_marker_parent', 'example_external_task_marker_child']) retrieved from /home/sheyla/Documents/Repositórios/airflowalura/venv/lib/python3.9/site-packages/airflow/example_dags/example_external_task_marker_dag.py
[2024-02-25 20:39:12,190] {logging_mixin.py:115} INFO - [2024-02-25 20:39:12,189] {dag.py:2379} INFO - Sync 2 DAGs
[2024-02-25 20:39:12,203] {logging_mixin.py:115} INFO - [2024-02-25 20:39:12,203] {dag.py:2927} INFO - Setting next_dagrun for example_external_task_marker_child to None, run_after=None
[2024-02-25 20:39:12,203] {logging_mixin.py:115} INFO - [2024-02-25 20:39:12,203] {dag.py:2927} INFO - Setting next_dagrun for example_external_task_marker_parent to None, run_after=None
[2024-02-25 20:39:12,214] {processor.py:161} INFO - Processing /home/sheyla/Documents/Repositórios/airflowalura/venv/lib/python3.9/site-packages/airflow/example_dags/example_external_task_marker_dag.py took 0.072 seconds
[2024-02-25 20:39:52,090] {processor.py:153} INFO - Started process (PID=1961201) to work on /home/sheyla/Documents/Repositórios/airflowalura/venv/lib/python3.9/site-packages/airflow/example_dags/example_external_task_marker_dag.py
[2024-02-25 20:39:52,090] {processor.py:641} INFO - Processing file /home/sheyla/Documents/Repositórios/airflowalura/venv/lib/python3.9/site-packages/airflow/example_dags/example_external_task_marker_dag.py for tasks to queue
[2024-02-25 20:39:52,091] {logging_mixin.py:115} INFO - [2024-02-25 20:39:52,091] {dagbag.py:507} INFO - Filling up the DagBag from /home/sheyla/Documents/Repositórios/airflowalura/venv/lib/python3.9/site-packages/airflow/example_dags/example_external_task_marker_dag.py
[2024-02-25 20:39:52,093] {processor.py:651} INFO - DAG(s) dict_keys(['example_external_task_marker_parent', 'example_external_task_marker_child']) retrieved from /home/sheyla/Documents/Repositórios/airflowalura/venv/lib/python3.9/site-packages/airflow/example_dags/example_external_task_marker_dag.py
[2024-02-25 20:39:52,108] {logging_mixin.py:115} INFO - [2024-02-25 20:39:52,108] {dag.py:2379} INFO - Sync 2 DAGs
[2024-02-25 20:39:52,121] {logging_mixin.py:115} INFO - [2024-02-25 20:39:52,121] {dag.py:2927} INFO - Setting next_dagrun for example_external_task_marker_child to None, run_after=None
[2024-02-25 20:39:52,121] {logging_mixin.py:115} INFO - [2024-02-25 20:39:52,121] {dag.py:2927} INFO - Setting next_dagrun for example_external_task_marker_parent to None, run_after=None
[2024-02-25 20:39:52,131] {processor.py:161} INFO - Processing /home/sheyla/Documents/Repositórios/airflowalura/venv/lib/python3.9/site-packages/airflow/example_dags/example_external_task_marker_dag.py took 0.043 seconds
[2024-02-25 20:40:27,604] {processor.py:153} INFO - Started process (PID=1961566) to work on /home/sheyla/Documents/Repositórios/airflowalura/venv/lib/python3.9/site-packages/airflow/example_dags/example_external_task_marker_dag.py
[2024-02-25 20:40:27,609] {processor.py:641} INFO - Processing file /home/sheyla/Documents/Repositórios/airflowalura/venv/lib/python3.9/site-packages/airflow/example_dags/example_external_task_marker_dag.py for tasks to queue
[2024-02-25 20:40:27,610] {logging_mixin.py:115} INFO - [2024-02-25 20:40:27,610] {dagbag.py:507} INFO - Filling up the DagBag from /home/sheyla/Documents/Repositórios/airflowalura/venv/lib/python3.9/site-packages/airflow/example_dags/example_external_task_marker_dag.py
[2024-02-25 20:40:27,614] {processor.py:651} INFO - DAG(s) dict_keys(['example_external_task_marker_parent', 'example_external_task_marker_child']) retrieved from /home/sheyla/Documents/Repositórios/airflowalura/venv/lib/python3.9/site-packages/airflow/example_dags/example_external_task_marker_dag.py
[2024-02-25 20:40:27,639] {logging_mixin.py:115} INFO - [2024-02-25 20:40:27,639] {dag.py:2379} INFO - Sync 2 DAGs
[2024-02-25 20:40:27,653] {logging_mixin.py:115} INFO - [2024-02-25 20:40:27,653] {dag.py:2927} INFO - Setting next_dagrun for example_external_task_marker_child to None, run_after=None
[2024-02-25 20:40:27,654] {logging_mixin.py:115} INFO - [2024-02-25 20:40:27,654] {dag.py:2927} INFO - Setting next_dagrun for example_external_task_marker_parent to None, run_after=None
[2024-02-25 20:40:27,672] {processor.py:161} INFO - Processing /home/sheyla/Documents/Repositórios/airflowalura/venv/lib/python3.9/site-packages/airflow/example_dags/example_external_task_marker_dag.py took 0.070 seconds
[2024-02-25 20:41:07,547] {processor.py:153} INFO - Started process (PID=1961976) to work on /home/sheyla/Documents/Repositórios/airflowalura/venv/lib/python3.9/site-packages/airflow/example_dags/example_external_task_marker_dag.py
[2024-02-25 20:41:07,553] {processor.py:641} INFO - Processing file /home/sheyla/Documents/Repositórios/airflowalura/venv/lib/python3.9/site-packages/airflow/example_dags/example_external_task_marker_dag.py for tasks to queue
[2024-02-25 20:41:07,553] {logging_mixin.py:115} INFO - [2024-02-25 20:41:07,553] {dagbag.py:507} INFO - Filling up the DagBag from /home/sheyla/Documents/Repositórios/airflowalura/venv/lib/python3.9/site-packages/airflow/example_dags/example_external_task_marker_dag.py
[2024-02-25 20:41:07,556] {processor.py:651} INFO - DAG(s) dict_keys(['example_external_task_marker_parent', 'example_external_task_marker_child']) retrieved from /home/sheyla/Documents/Repositórios/airflowalura/venv/lib/python3.9/site-packages/airflow/example_dags/example_external_task_marker_dag.py
[2024-02-25 20:41:07,571] {logging_mixin.py:115} INFO - [2024-02-25 20:41:07,571] {dag.py:2379} INFO - Sync 2 DAGs
[2024-02-25 20:41:07,583] {logging_mixin.py:115} INFO - [2024-02-25 20:41:07,583] {dag.py:2927} INFO - Setting next_dagrun for example_external_task_marker_child to None, run_after=None
[2024-02-25 20:41:07,583] {logging_mixin.py:115} INFO - [2024-02-25 20:41:07,583] {dag.py:2927} INFO - Setting next_dagrun for example_external_task_marker_parent to None, run_after=None
[2024-02-25 20:41:07,594] {processor.py:161} INFO - Processing /home/sheyla/Documents/Repositórios/airflowalura/venv/lib/python3.9/site-packages/airflow/example_dags/example_external_task_marker_dag.py took 0.049 seconds
[2024-02-25 20:41:42,406] {processor.py:153} INFO - Started process (PID=1962362) to work on /home/sheyla/Documents/Repositórios/airflowalura/venv/lib/python3.9/site-packages/airflow/example_dags/example_external_task_marker_dag.py
[2024-02-25 20:41:42,407] {processor.py:641} INFO - Processing file /home/sheyla/Documents/Repositórios/airflowalura/venv/lib/python3.9/site-packages/airflow/example_dags/example_external_task_marker_dag.py for tasks to queue
[2024-02-25 20:41:42,408] {logging_mixin.py:115} INFO - [2024-02-25 20:41:42,408] {dagbag.py:507} INFO - Filling up the DagBag from /home/sheyla/Documents/Repositórios/airflowalura/venv/lib/python3.9/site-packages/airflow/example_dags/example_external_task_marker_dag.py
[2024-02-25 20:41:42,412] {processor.py:651} INFO - DAG(s) dict_keys(['example_external_task_marker_parent', 'example_external_task_marker_child']) retrieved from /home/sheyla/Documents/Repositórios/airflowalura/venv/lib/python3.9/site-packages/airflow/example_dags/example_external_task_marker_dag.py
[2024-02-25 20:41:42,436] {logging_mixin.py:115} INFO - [2024-02-25 20:41:42,436] {dag.py:2379} INFO - Sync 2 DAGs
[2024-02-25 20:41:42,449] {logging_mixin.py:115} INFO - [2024-02-25 20:41:42,449] {dag.py:2927} INFO - Setting next_dagrun for example_external_task_marker_child to None, run_after=None
[2024-02-25 20:41:42,449] {logging_mixin.py:115} INFO - [2024-02-25 20:41:42,449] {dag.py:2927} INFO - Setting next_dagrun for example_external_task_marker_parent to None, run_after=None
[2024-02-25 20:41:42,466] {processor.py:161} INFO - Processing /home/sheyla/Documents/Repositórios/airflowalura/venv/lib/python3.9/site-packages/airflow/example_dags/example_external_task_marker_dag.py took 0.062 seconds
[2024-02-25 20:42:22,432] {processor.py:153} INFO - Started process (PID=1962775) to work on /home/sheyla/Documents/Repositórios/airflowalura/venv/lib/python3.9/site-packages/airflow/example_dags/example_external_task_marker_dag.py
[2024-02-25 20:42:22,438] {processor.py:641} INFO - Processing file /home/sheyla/Documents/Repositórios/airflowalura/venv/lib/python3.9/site-packages/airflow/example_dags/example_external_task_marker_dag.py for tasks to queue
[2024-02-25 20:42:22,438] {logging_mixin.py:115} INFO - [2024-02-25 20:42:22,438] {dagbag.py:507} INFO - Filling up the DagBag from /home/sheyla/Documents/Repositórios/airflowalura/venv/lib/python3.9/site-packages/airflow/example_dags/example_external_task_marker_dag.py
[2024-02-25 20:42:22,442] {processor.py:651} INFO - DAG(s) dict_keys(['example_external_task_marker_parent', 'example_external_task_marker_child']) retrieved from /home/sheyla/Documents/Repositórios/airflowalura/venv/lib/python3.9/site-packages/airflow/example_dags/example_external_task_marker_dag.py
[2024-02-25 20:42:22,467] {logging_mixin.py:115} INFO - [2024-02-25 20:42:22,467] {dag.py:2379} INFO - Sync 2 DAGs
[2024-02-25 20:42:22,482] {logging_mixin.py:115} INFO - [2024-02-25 20:42:22,482] {dag.py:2927} INFO - Setting next_dagrun for example_external_task_marker_child to None, run_after=None
[2024-02-25 20:42:22,482] {logging_mixin.py:115} INFO - [2024-02-25 20:42:22,482] {dag.py:2927} INFO - Setting next_dagrun for example_external_task_marker_parent to None, run_after=None
[2024-02-25 20:42:22,498] {processor.py:161} INFO - Processing /home/sheyla/Documents/Repositórios/airflowalura/venv/lib/python3.9/site-packages/airflow/example_dags/example_external_task_marker_dag.py took 0.068 seconds
[2024-02-25 20:42:56,969] {processor.py:153} INFO - Started process (PID=1963129) to work on /home/sheyla/Documents/Repositórios/airflowalura/venv/lib/python3.9/site-packages/airflow/example_dags/example_external_task_marker_dag.py
[2024-02-25 20:42:56,974] {processor.py:641} INFO - Processing file /home/sheyla/Documents/Repositórios/airflowalura/venv/lib/python3.9/site-packages/airflow/example_dags/example_external_task_marker_dag.py for tasks to queue
[2024-02-25 20:42:56,975] {logging_mixin.py:115} INFO - [2024-02-25 20:42:56,974] {dagbag.py:507} INFO - Filling up the DagBag from /home/sheyla/Documents/Repositórios/airflowalura/venv/lib/python3.9/site-packages/airflow/example_dags/example_external_task_marker_dag.py
[2024-02-25 20:42:56,979] {processor.py:651} INFO - DAG(s) dict_keys(['example_external_task_marker_parent', 'example_external_task_marker_child']) retrieved from /home/sheyla/Documents/Repositórios/airflowalura/venv/lib/python3.9/site-packages/airflow/example_dags/example_external_task_marker_dag.py
[2024-02-25 20:42:57,005] {logging_mixin.py:115} INFO - [2024-02-25 20:42:57,005] {dag.py:2379} INFO - Sync 2 DAGs
[2024-02-25 20:42:57,019] {logging_mixin.py:115} INFO - [2024-02-25 20:42:57,019] {dag.py:2927} INFO - Setting next_dagrun for example_external_task_marker_child to None, run_after=None
[2024-02-25 20:42:57,019] {logging_mixin.py:115} INFO - [2024-02-25 20:42:57,019] {dag.py:2927} INFO - Setting next_dagrun for example_external_task_marker_parent to None, run_after=None
[2024-02-25 20:42:57,061] {processor.py:161} INFO - Processing /home/sheyla/Documents/Repositórios/airflowalura/venv/lib/python3.9/site-packages/airflow/example_dags/example_external_task_marker_dag.py took 0.095 seconds
[2024-02-25 20:43:34,101] {processor.py:153} INFO - Started process (PID=1963511) to work on /home/sheyla/Documents/Repositórios/airflowalura/venv/lib/python3.9/site-packages/airflow/example_dags/example_external_task_marker_dag.py
[2024-02-25 20:43:34,107] {processor.py:641} INFO - Processing file /home/sheyla/Documents/Repositórios/airflowalura/venv/lib/python3.9/site-packages/airflow/example_dags/example_external_task_marker_dag.py for tasks to queue
[2024-02-25 20:43:34,109] {logging_mixin.py:115} INFO - [2024-02-25 20:43:34,108] {dagbag.py:507} INFO - Filling up the DagBag from /home/sheyla/Documents/Repositórios/airflowalura/venv/lib/python3.9/site-packages/airflow/example_dags/example_external_task_marker_dag.py
[2024-02-25 20:43:34,119] {processor.py:651} INFO - DAG(s) dict_keys(['example_external_task_marker_parent', 'example_external_task_marker_child']) retrieved from /home/sheyla/Documents/Repositórios/airflowalura/venv/lib/python3.9/site-packages/airflow/example_dags/example_external_task_marker_dag.py
[2024-02-25 20:43:34,149] {logging_mixin.py:115} INFO - [2024-02-25 20:43:34,149] {dag.py:2379} INFO - Sync 2 DAGs
[2024-02-25 20:43:34,163] {logging_mixin.py:115} INFO - [2024-02-25 20:43:34,163] {dag.py:2927} INFO - Setting next_dagrun for example_external_task_marker_child to None, run_after=None
[2024-02-25 20:43:34,163] {logging_mixin.py:115} INFO - [2024-02-25 20:43:34,163] {dag.py:2927} INFO - Setting next_dagrun for example_external_task_marker_parent to None, run_after=None
[2024-02-25 20:43:34,175] {processor.py:161} INFO - Processing /home/sheyla/Documents/Repositórios/airflowalura/venv/lib/python3.9/site-packages/airflow/example_dags/example_external_task_marker_dag.py took 0.081 seconds
[2024-02-25 20:44:11,707] {processor.py:153} INFO - Started process (PID=1963892) to work on /home/sheyla/Documents/Repositórios/airflowalura/venv/lib/python3.9/site-packages/airflow/example_dags/example_external_task_marker_dag.py
[2024-02-25 20:44:11,709] {processor.py:641} INFO - Processing file /home/sheyla/Documents/Repositórios/airflowalura/venv/lib/python3.9/site-packages/airflow/example_dags/example_external_task_marker_dag.py for tasks to queue
[2024-02-25 20:44:11,710] {logging_mixin.py:115} INFO - [2024-02-25 20:44:11,710] {dagbag.py:507} INFO - Filling up the DagBag from /home/sheyla/Documents/Repositórios/airflowalura/venv/lib/python3.9/site-packages/airflow/example_dags/example_external_task_marker_dag.py
[2024-02-25 20:44:11,716] {processor.py:651} INFO - DAG(s) dict_keys(['example_external_task_marker_parent', 'example_external_task_marker_child']) retrieved from /home/sheyla/Documents/Repositórios/airflowalura/venv/lib/python3.9/site-packages/airflow/example_dags/example_external_task_marker_dag.py
[2024-02-25 20:44:11,738] {logging_mixin.py:115} INFO - [2024-02-25 20:44:11,738] {dag.py:2379} INFO - Sync 2 DAGs
[2024-02-25 20:44:11,751] {logging_mixin.py:115} INFO - [2024-02-25 20:44:11,750] {dag.py:2927} INFO - Setting next_dagrun for example_external_task_marker_child to None, run_after=None
[2024-02-25 20:44:11,751] {logging_mixin.py:115} INFO - [2024-02-25 20:44:11,751] {dag.py:2927} INFO - Setting next_dagrun for example_external_task_marker_parent to None, run_after=None
[2024-02-25 20:44:11,761] {processor.py:161} INFO - Processing /home/sheyla/Documents/Repositórios/airflowalura/venv/lib/python3.9/site-packages/airflow/example_dags/example_external_task_marker_dag.py took 0.060 seconds
[2024-02-25 20:44:46,494] {processor.py:153} INFO - Started process (PID=1964251) to work on /home/sheyla/Documents/Repositórios/airflowalura/venv/lib/python3.9/site-packages/airflow/example_dags/example_external_task_marker_dag.py
[2024-02-25 20:44:46,500] {processor.py:641} INFO - Processing file /home/sheyla/Documents/Repositórios/airflowalura/venv/lib/python3.9/site-packages/airflow/example_dags/example_external_task_marker_dag.py for tasks to queue
[2024-02-25 20:44:46,501] {logging_mixin.py:115} INFO - [2024-02-25 20:44:46,501] {dagbag.py:507} INFO - Filling up the DagBag from /home/sheyla/Documents/Repositórios/airflowalura/venv/lib/python3.9/site-packages/airflow/example_dags/example_external_task_marker_dag.py
[2024-02-25 20:44:46,509] {processor.py:651} INFO - DAG(s) dict_keys(['example_external_task_marker_parent', 'example_external_task_marker_child']) retrieved from /home/sheyla/Documents/Repositórios/airflowalura/venv/lib/python3.9/site-packages/airflow/example_dags/example_external_task_marker_dag.py
[2024-02-25 20:44:46,543] {logging_mixin.py:115} INFO - [2024-02-25 20:44:46,543] {dag.py:2379} INFO - Sync 2 DAGs
[2024-02-25 20:44:46,557] {logging_mixin.py:115} INFO - [2024-02-25 20:44:46,557] {dag.py:2927} INFO - Setting next_dagrun for example_external_task_marker_child to None, run_after=None
[2024-02-25 20:44:46,558] {logging_mixin.py:115} INFO - [2024-02-25 20:44:46,558] {dag.py:2927} INFO - Setting next_dagrun for example_external_task_marker_parent to None, run_after=None
[2024-02-25 20:44:46,571] {processor.py:161} INFO - Processing /home/sheyla/Documents/Repositórios/airflowalura/venv/lib/python3.9/site-packages/airflow/example_dags/example_external_task_marker_dag.py took 0.080 seconds
[2024-02-25 20:45:25,532] {processor.py:153} INFO - Started process (PID=1964661) to work on /home/sheyla/Documents/Repositórios/airflowalura/venv/lib/python3.9/site-packages/airflow/example_dags/example_external_task_marker_dag.py
[2024-02-25 20:45:25,538] {processor.py:641} INFO - Processing file /home/sheyla/Documents/Repositórios/airflowalura/venv/lib/python3.9/site-packages/airflow/example_dags/example_external_task_marker_dag.py for tasks to queue
[2024-02-25 20:45:25,539] {logging_mixin.py:115} INFO - [2024-02-25 20:45:25,539] {dagbag.py:507} INFO - Filling up the DagBag from /home/sheyla/Documents/Repositórios/airflowalura/venv/lib/python3.9/site-packages/airflow/example_dags/example_external_task_marker_dag.py
[2024-02-25 20:45:25,549] {processor.py:651} INFO - DAG(s) dict_keys(['example_external_task_marker_parent', 'example_external_task_marker_child']) retrieved from /home/sheyla/Documents/Repositórios/airflowalura/venv/lib/python3.9/site-packages/airflow/example_dags/example_external_task_marker_dag.py
[2024-02-25 20:45:25,579] {logging_mixin.py:115} INFO - [2024-02-25 20:45:25,579] {dag.py:2379} INFO - Sync 2 DAGs
[2024-02-25 20:45:25,592] {logging_mixin.py:115} INFO - [2024-02-25 20:45:25,592] {dag.py:2927} INFO - Setting next_dagrun for example_external_task_marker_child to None, run_after=None
[2024-02-25 20:45:25,593] {logging_mixin.py:115} INFO - [2024-02-25 20:45:25,593] {dag.py:2927} INFO - Setting next_dagrun for example_external_task_marker_parent to None, run_after=None
[2024-02-25 20:45:25,605] {processor.py:161} INFO - Processing /home/sheyla/Documents/Repositórios/airflowalura/venv/lib/python3.9/site-packages/airflow/example_dags/example_external_task_marker_dag.py took 0.080 seconds
[2024-02-25 20:46:00,465] {processor.py:153} INFO - Started process (PID=1965013) to work on /home/sheyla/Documents/Repositórios/airflowalura/venv/lib/python3.9/site-packages/airflow/example_dags/example_external_task_marker_dag.py
[2024-02-25 20:46:00,471] {processor.py:641} INFO - Processing file /home/sheyla/Documents/Repositórios/airflowalura/venv/lib/python3.9/site-packages/airflow/example_dags/example_external_task_marker_dag.py for tasks to queue
[2024-02-25 20:46:00,472] {logging_mixin.py:115} INFO - [2024-02-25 20:46:00,472] {dagbag.py:507} INFO - Filling up the DagBag from /home/sheyla/Documents/Repositórios/airflowalura/venv/lib/python3.9/site-packages/airflow/example_dags/example_external_task_marker_dag.py
[2024-02-25 20:46:00,482] {processor.py:651} INFO - DAG(s) dict_keys(['example_external_task_marker_parent', 'example_external_task_marker_child']) retrieved from /home/sheyla/Documents/Repositórios/airflowalura/venv/lib/python3.9/site-packages/airflow/example_dags/example_external_task_marker_dag.py
[2024-02-25 20:46:00,510] {logging_mixin.py:115} INFO - [2024-02-25 20:46:00,510] {dag.py:2379} INFO - Sync 2 DAGs
[2024-02-25 20:46:00,524] {logging_mixin.py:115} INFO - [2024-02-25 20:46:00,524] {dag.py:2927} INFO - Setting next_dagrun for example_external_task_marker_child to None, run_after=None
[2024-02-25 20:46:00,524] {logging_mixin.py:115} INFO - [2024-02-25 20:46:00,524] {dag.py:2927} INFO - Setting next_dagrun for example_external_task_marker_parent to None, run_after=None
[2024-02-25 20:46:00,537] {processor.py:161} INFO - Processing /home/sheyla/Documents/Repositórios/airflowalura/venv/lib/python3.9/site-packages/airflow/example_dags/example_external_task_marker_dag.py took 0.079 seconds
[2024-02-25 20:46:37,594] {processor.py:153} INFO - Started process (PID=1965415) to work on /home/sheyla/Documents/Repositórios/airflowalura/venv/lib/python3.9/site-packages/airflow/example_dags/example_external_task_marker_dag.py
[2024-02-25 20:46:37,600] {processor.py:641} INFO - Processing file /home/sheyla/Documents/Repositórios/airflowalura/venv/lib/python3.9/site-packages/airflow/example_dags/example_external_task_marker_dag.py for tasks to queue
[2024-02-25 20:46:37,601] {logging_mixin.py:115} INFO - [2024-02-25 20:46:37,601] {dagbag.py:507} INFO - Filling up the DagBag from /home/sheyla/Documents/Repositórios/airflowalura/venv/lib/python3.9/site-packages/airflow/example_dags/example_external_task_marker_dag.py
[2024-02-25 20:46:37,611] {processor.py:651} INFO - DAG(s) dict_keys(['example_external_task_marker_parent', 'example_external_task_marker_child']) retrieved from /home/sheyla/Documents/Repositórios/airflowalura/venv/lib/python3.9/site-packages/airflow/example_dags/example_external_task_marker_dag.py
[2024-02-25 20:46:37,646] {logging_mixin.py:115} INFO - [2024-02-25 20:46:37,646] {dag.py:2379} INFO - Sync 2 DAGs
[2024-02-25 20:46:37,659] {logging_mixin.py:115} INFO - [2024-02-25 20:46:37,659] {dag.py:2927} INFO - Setting next_dagrun for example_external_task_marker_child to None, run_after=None
[2024-02-25 20:46:37,660] {logging_mixin.py:115} INFO - [2024-02-25 20:46:37,659] {dag.py:2927} INFO - Setting next_dagrun for example_external_task_marker_parent to None, run_after=None
[2024-02-25 20:46:37,672] {processor.py:161} INFO - Processing /home/sheyla/Documents/Repositórios/airflowalura/venv/lib/python3.9/site-packages/airflow/example_dags/example_external_task_marker_dag.py took 0.080 seconds
[2024-02-25 20:47:11,833] {processor.py:153} INFO - Started process (PID=1965865) to work on /home/sheyla/Documents/Repositórios/airflowalura/venv/lib/python3.9/site-packages/airflow/example_dags/example_external_task_marker_dag.py
[2024-02-25 20:47:11,838] {processor.py:641} INFO - Processing file /home/sheyla/Documents/Repositórios/airflowalura/venv/lib/python3.9/site-packages/airflow/example_dags/example_external_task_marker_dag.py for tasks to queue
[2024-02-25 20:47:11,839] {logging_mixin.py:115} INFO - [2024-02-25 20:47:11,839] {dagbag.py:507} INFO - Filling up the DagBag from /home/sheyla/Documents/Repositórios/airflowalura/venv/lib/python3.9/site-packages/airflow/example_dags/example_external_task_marker_dag.py
[2024-02-25 20:47:11,842] {processor.py:651} INFO - DAG(s) dict_keys(['example_external_task_marker_parent', 'example_external_task_marker_child']) retrieved from /home/sheyla/Documents/Repositórios/airflowalura/venv/lib/python3.9/site-packages/airflow/example_dags/example_external_task_marker_dag.py
[2024-02-25 20:47:11,860] {logging_mixin.py:115} INFO - [2024-02-25 20:47:11,860] {dag.py:2379} INFO - Sync 2 DAGs
[2024-02-25 20:47:11,873] {logging_mixin.py:115} INFO - [2024-02-25 20:47:11,872] {dag.py:2927} INFO - Setting next_dagrun for example_external_task_marker_child to None, run_after=None
[2024-02-25 20:47:11,873] {logging_mixin.py:115} INFO - [2024-02-25 20:47:11,873] {dag.py:2927} INFO - Setting next_dagrun for example_external_task_marker_parent to None, run_after=None
[2024-02-25 20:47:11,891] {processor.py:161} INFO - Processing /home/sheyla/Documents/Repositórios/airflowalura/venv/lib/python3.9/site-packages/airflow/example_dags/example_external_task_marker_dag.py took 0.060 seconds
[2024-02-25 20:47:46,122] {processor.py:153} INFO - Started process (PID=1966395) to work on /home/sheyla/Documents/Repositórios/airflowalura/venv/lib/python3.9/site-packages/airflow/example_dags/example_external_task_marker_dag.py
[2024-02-25 20:47:46,127] {processor.py:641} INFO - Processing file /home/sheyla/Documents/Repositórios/airflowalura/venv/lib/python3.9/site-packages/airflow/example_dags/example_external_task_marker_dag.py for tasks to queue
[2024-02-25 20:47:46,127] {logging_mixin.py:115} INFO - [2024-02-25 20:47:46,127] {dagbag.py:507} INFO - Filling up the DagBag from /home/sheyla/Documents/Repositórios/airflowalura/venv/lib/python3.9/site-packages/airflow/example_dags/example_external_task_marker_dag.py
[2024-02-25 20:47:46,129] {processor.py:651} INFO - DAG(s) dict_keys(['example_external_task_marker_parent', 'example_external_task_marker_child']) retrieved from /home/sheyla/Documents/Repositórios/airflowalura/venv/lib/python3.9/site-packages/airflow/example_dags/example_external_task_marker_dag.py
[2024-02-25 20:47:46,144] {logging_mixin.py:115} INFO - [2024-02-25 20:47:46,144] {dag.py:2379} INFO - Sync 2 DAGs
[2024-02-25 20:47:46,156] {logging_mixin.py:115} INFO - [2024-02-25 20:47:46,156] {dag.py:2927} INFO - Setting next_dagrun for example_external_task_marker_child to None, run_after=None
[2024-02-25 20:47:46,157] {logging_mixin.py:115} INFO - [2024-02-25 20:47:46,156] {dag.py:2927} INFO - Setting next_dagrun for example_external_task_marker_parent to None, run_after=None
[2024-02-25 20:47:46,167] {processor.py:161} INFO - Processing /home/sheyla/Documents/Repositórios/airflowalura/venv/lib/python3.9/site-packages/airflow/example_dags/example_external_task_marker_dag.py took 0.047 seconds
[2024-02-25 20:48:22,158] {processor.py:153} INFO - Started process (PID=1966900) to work on /home/sheyla/Documents/Repositórios/airflowalura/venv/lib/python3.9/site-packages/airflow/example_dags/example_external_task_marker_dag.py
[2024-02-25 20:48:22,159] {processor.py:641} INFO - Processing file /home/sheyla/Documents/Repositórios/airflowalura/venv/lib/python3.9/site-packages/airflow/example_dags/example_external_task_marker_dag.py for tasks to queue
[2024-02-25 20:48:22,159] {logging_mixin.py:115} INFO - [2024-02-25 20:48:22,159] {dagbag.py:507} INFO - Filling up the DagBag from /home/sheyla/Documents/Repositórios/airflowalura/venv/lib/python3.9/site-packages/airflow/example_dags/example_external_task_marker_dag.py
[2024-02-25 20:48:22,163] {processor.py:651} INFO - DAG(s) dict_keys(['example_external_task_marker_parent', 'example_external_task_marker_child']) retrieved from /home/sheyla/Documents/Repositórios/airflowalura/venv/lib/python3.9/site-packages/airflow/example_dags/example_external_task_marker_dag.py
[2024-02-25 20:48:22,183] {logging_mixin.py:115} INFO - [2024-02-25 20:48:22,183] {dag.py:2379} INFO - Sync 2 DAGs
[2024-02-25 20:48:22,203] {logging_mixin.py:115} INFO - [2024-02-25 20:48:22,203] {dag.py:2927} INFO - Setting next_dagrun for example_external_task_marker_child to None, run_after=None
[2024-02-25 20:48:22,203] {logging_mixin.py:115} INFO - [2024-02-25 20:48:22,203] {dag.py:2927} INFO - Setting next_dagrun for example_external_task_marker_parent to None, run_after=None
[2024-02-25 20:48:22,219] {processor.py:161} INFO - Processing /home/sheyla/Documents/Repositórios/airflowalura/venv/lib/python3.9/site-packages/airflow/example_dags/example_external_task_marker_dag.py took 0.063 seconds
