[2024-02-25 20:34:02,494] {processor.py:153} INFO - Started process (PID=1957515) to work on /home/sheyla/Documents/Repositórios/airflowalura/venv/lib/python3.9/site-packages/airflow/example_dags/example_trigger_controller_dag.py
[2024-02-25 20:34:02,495] {processor.py:641} INFO - Processing file /home/sheyla/Documents/Repositórios/airflowalura/venv/lib/python3.9/site-packages/airflow/example_dags/example_trigger_controller_dag.py for tasks to queue
[2024-02-25 20:34:02,497] {logging_mixin.py:115} INFO - [2024-02-25 20:34:02,496] {dagbag.py:507} INFO - Filling up the DagBag from /home/sheyla/Documents/Repositórios/airflowalura/venv/lib/python3.9/site-packages/airflow/example_dags/example_trigger_controller_dag.py
[2024-02-25 20:34:02,501] {processor.py:651} INFO - DAG(s) dict_keys(['example_trigger_controller_dag']) retrieved from /home/sheyla/Documents/Repositórios/airflowalura/venv/lib/python3.9/site-packages/airflow/example_dags/example_trigger_controller_dag.py
[2024-02-25 20:34:02,515] {logging_mixin.py:115} INFO - [2024-02-25 20:34:02,515] {dag.py:2379} INFO - Sync 1 DAGs
[2024-02-25 20:34:02,531] {logging_mixin.py:115} INFO - [2024-02-25 20:34:02,530] {dag.py:2927} INFO - Setting next_dagrun for example_trigger_controller_dag to 2021-01-01T00:00:00+00:00, run_after=2021-01-01T00:00:00+00:00
[2024-02-25 20:34:02,548] {processor.py:161} INFO - Processing /home/sheyla/Documents/Repositórios/airflowalura/venv/lib/python3.9/site-packages/airflow/example_dags/example_trigger_controller_dag.py took 0.060 seconds
[2024-02-25 20:34:39,570] {processor.py:153} INFO - Started process (PID=1957967) to work on /home/sheyla/Documents/Repositórios/airflowalura/venv/lib/python3.9/site-packages/airflow/example_dags/example_trigger_controller_dag.py
[2024-02-25 20:34:39,571] {processor.py:641} INFO - Processing file /home/sheyla/Documents/Repositórios/airflowalura/venv/lib/python3.9/site-packages/airflow/example_dags/example_trigger_controller_dag.py for tasks to queue
[2024-02-25 20:34:39,572] {logging_mixin.py:115} INFO - [2024-02-25 20:34:39,572] {dagbag.py:507} INFO - Filling up the DagBag from /home/sheyla/Documents/Repositórios/airflowalura/venv/lib/python3.9/site-packages/airflow/example_dags/example_trigger_controller_dag.py
[2024-02-25 20:34:39,581] {processor.py:651} INFO - DAG(s) dict_keys(['example_trigger_controller_dag']) retrieved from /home/sheyla/Documents/Repositórios/airflowalura/venv/lib/python3.9/site-packages/airflow/example_dags/example_trigger_controller_dag.py
[2024-02-25 20:34:39,604] {logging_mixin.py:115} INFO - [2024-02-25 20:34:39,604] {dag.py:2379} INFO - Sync 1 DAGs
[2024-02-25 20:34:39,621] {logging_mixin.py:115} INFO - [2024-02-25 20:34:39,621] {dag.py:2927} INFO - Setting next_dagrun for example_trigger_controller_dag to 2021-01-01T00:00:00+00:00, run_after=2021-01-01T00:00:00+00:00
[2024-02-25 20:34:39,639] {processor.py:161} INFO - Processing /home/sheyla/Documents/Repositórios/airflowalura/venv/lib/python3.9/site-packages/airflow/example_dags/example_trigger_controller_dag.py took 0.078 seconds
[2024-02-25 20:35:15,197] {processor.py:153} INFO - Started process (PID=1958332) to work on /home/sheyla/Documents/Repositórios/airflowalura/venv/lib/python3.9/site-packages/airflow/example_dags/example_trigger_controller_dag.py
[2024-02-25 20:35:15,198] {processor.py:641} INFO - Processing file /home/sheyla/Documents/Repositórios/airflowalura/venv/lib/python3.9/site-packages/airflow/example_dags/example_trigger_controller_dag.py for tasks to queue
[2024-02-25 20:35:15,200] {logging_mixin.py:115} INFO - [2024-02-25 20:35:15,199] {dagbag.py:507} INFO - Filling up the DagBag from /home/sheyla/Documents/Repositórios/airflowalura/venv/lib/python3.9/site-packages/airflow/example_dags/example_trigger_controller_dag.py
[2024-02-25 20:35:15,207] {processor.py:651} INFO - DAG(s) dict_keys(['example_trigger_controller_dag']) retrieved from /home/sheyla/Documents/Repositórios/airflowalura/venv/lib/python3.9/site-packages/airflow/example_dags/example_trigger_controller_dag.py
[2024-02-25 20:35:15,228] {logging_mixin.py:115} INFO - [2024-02-25 20:35:15,228] {dag.py:2379} INFO - Sync 1 DAGs
[2024-02-25 20:35:15,244] {logging_mixin.py:115} INFO - [2024-02-25 20:35:15,243] {dag.py:2927} INFO - Setting next_dagrun for example_trigger_controller_dag to 2021-01-01T00:00:00+00:00, run_after=2021-01-01T00:00:00+00:00
[2024-02-25 20:35:15,258] {processor.py:161} INFO - Processing /home/sheyla/Documents/Repositórios/airflowalura/venv/lib/python3.9/site-packages/airflow/example_dags/example_trigger_controller_dag.py took 0.067 seconds
[2024-02-25 20:35:56,233] {processor.py:153} INFO - Started process (PID=1958751) to work on /home/sheyla/Documents/Repositórios/airflowalura/venv/lib/python3.9/site-packages/airflow/example_dags/example_trigger_controller_dag.py
[2024-02-25 20:35:56,234] {processor.py:641} INFO - Processing file /home/sheyla/Documents/Repositórios/airflowalura/venv/lib/python3.9/site-packages/airflow/example_dags/example_trigger_controller_dag.py for tasks to queue
[2024-02-25 20:35:56,235] {logging_mixin.py:115} INFO - [2024-02-25 20:35:56,235] {dagbag.py:507} INFO - Filling up the DagBag from /home/sheyla/Documents/Repositórios/airflowalura/venv/lib/python3.9/site-packages/airflow/example_dags/example_trigger_controller_dag.py
[2024-02-25 20:35:56,239] {processor.py:651} INFO - DAG(s) dict_keys(['example_trigger_controller_dag']) retrieved from /home/sheyla/Documents/Repositórios/airflowalura/venv/lib/python3.9/site-packages/airflow/example_dags/example_trigger_controller_dag.py
[2024-02-25 20:35:56,253] {logging_mixin.py:115} INFO - [2024-02-25 20:35:56,253] {dag.py:2379} INFO - Sync 1 DAGs
[2024-02-25 20:35:56,266] {logging_mixin.py:115} INFO - [2024-02-25 20:35:56,266] {dag.py:2927} INFO - Setting next_dagrun for example_trigger_controller_dag to 2021-01-01T00:00:00+00:00, run_after=2021-01-01T00:00:00+00:00
[2024-02-25 20:35:56,278] {processor.py:161} INFO - Processing /home/sheyla/Documents/Repositórios/airflowalura/venv/lib/python3.9/site-packages/airflow/example_dags/example_trigger_controller_dag.py took 0.050 seconds
[2024-02-25 20:36:36,039] {processor.py:153} INFO - Started process (PID=1959187) to work on /home/sheyla/Documents/Repositórios/airflowalura/venv/lib/python3.9/site-packages/airflow/example_dags/example_trigger_controller_dag.py
[2024-02-25 20:36:36,044] {processor.py:641} INFO - Processing file /home/sheyla/Documents/Repositórios/airflowalura/venv/lib/python3.9/site-packages/airflow/example_dags/example_trigger_controller_dag.py for tasks to queue
[2024-02-25 20:36:36,045] {logging_mixin.py:115} INFO - [2024-02-25 20:36:36,045] {dagbag.py:507} INFO - Filling up the DagBag from /home/sheyla/Documents/Repositórios/airflowalura/venv/lib/python3.9/site-packages/airflow/example_dags/example_trigger_controller_dag.py
[2024-02-25 20:36:36,051] {processor.py:651} INFO - DAG(s) dict_keys(['example_trigger_controller_dag']) retrieved from /home/sheyla/Documents/Repositórios/airflowalura/venv/lib/python3.9/site-packages/airflow/example_dags/example_trigger_controller_dag.py
[2024-02-25 20:36:36,075] {logging_mixin.py:115} INFO - [2024-02-25 20:36:36,075] {dag.py:2379} INFO - Sync 1 DAGs
[2024-02-25 20:36:36,091] {logging_mixin.py:115} INFO - [2024-02-25 20:36:36,091] {dag.py:2927} INFO - Setting next_dagrun for example_trigger_controller_dag to 2021-01-01T00:00:00+00:00, run_after=2021-01-01T00:00:00+00:00
[2024-02-25 20:36:36,104] {processor.py:161} INFO - Processing /home/sheyla/Documents/Repositórios/airflowalura/venv/lib/python3.9/site-packages/airflow/example_dags/example_trigger_controller_dag.py took 0.070 seconds
[2024-02-25 20:37:10,697] {processor.py:153} INFO - Started process (PID=1959545) to work on /home/sheyla/Documents/Repositórios/airflowalura/venv/lib/python3.9/site-packages/airflow/example_dags/example_trigger_controller_dag.py
[2024-02-25 20:37:10,699] {processor.py:641} INFO - Processing file /home/sheyla/Documents/Repositórios/airflowalura/venv/lib/python3.9/site-packages/airflow/example_dags/example_trigger_controller_dag.py for tasks to queue
[2024-02-25 20:37:10,700] {logging_mixin.py:115} INFO - [2024-02-25 20:37:10,700] {dagbag.py:507} INFO - Filling up the DagBag from /home/sheyla/Documents/Repositórios/airflowalura/venv/lib/python3.9/site-packages/airflow/example_dags/example_trigger_controller_dag.py
[2024-02-25 20:37:10,707] {processor.py:651} INFO - DAG(s) dict_keys(['example_trigger_controller_dag']) retrieved from /home/sheyla/Documents/Repositórios/airflowalura/venv/lib/python3.9/site-packages/airflow/example_dags/example_trigger_controller_dag.py
[2024-02-25 20:37:10,732] {logging_mixin.py:115} INFO - [2024-02-25 20:37:10,732] {dag.py:2379} INFO - Sync 1 DAGs
[2024-02-25 20:37:10,746] {logging_mixin.py:115} INFO - [2024-02-25 20:37:10,746] {dag.py:2927} INFO - Setting next_dagrun for example_trigger_controller_dag to 2021-01-01T00:00:00+00:00, run_after=2021-01-01T00:00:00+00:00
[2024-02-25 20:37:10,759] {processor.py:161} INFO - Processing /home/sheyla/Documents/Repositórios/airflowalura/venv/lib/python3.9/site-packages/airflow/example_dags/example_trigger_controller_dag.py took 0.068 seconds
[2024-02-25 20:37:49,150] {processor.py:153} INFO - Started process (PID=1959937) to work on /home/sheyla/Documents/Repositórios/airflowalura/venv/lib/python3.9/site-packages/airflow/example_dags/example_trigger_controller_dag.py
[2024-02-25 20:37:49,156] {processor.py:641} INFO - Processing file /home/sheyla/Documents/Repositórios/airflowalura/venv/lib/python3.9/site-packages/airflow/example_dags/example_trigger_controller_dag.py for tasks to queue
[2024-02-25 20:37:49,157] {logging_mixin.py:115} INFO - [2024-02-25 20:37:49,157] {dagbag.py:507} INFO - Filling up the DagBag from /home/sheyla/Documents/Repositórios/airflowalura/venv/lib/python3.9/site-packages/airflow/example_dags/example_trigger_controller_dag.py
[2024-02-25 20:37:49,165] {processor.py:651} INFO - DAG(s) dict_keys(['example_trigger_controller_dag']) retrieved from /home/sheyla/Documents/Repositórios/airflowalura/venv/lib/python3.9/site-packages/airflow/example_dags/example_trigger_controller_dag.py
[2024-02-25 20:37:49,193] {logging_mixin.py:115} INFO - [2024-02-25 20:37:49,193] {dag.py:2379} INFO - Sync 1 DAGs
[2024-02-25 20:37:49,209] {logging_mixin.py:115} INFO - [2024-02-25 20:37:49,209] {dag.py:2927} INFO - Setting next_dagrun for example_trigger_controller_dag to 2021-01-01T00:00:00+00:00, run_after=2021-01-01T00:00:00+00:00
[2024-02-25 20:37:49,222] {processor.py:161} INFO - Processing /home/sheyla/Documents/Repositórios/airflowalura/venv/lib/python3.9/site-packages/airflow/example_dags/example_trigger_controller_dag.py took 0.074 seconds
[2024-02-25 20:38:25,931] {processor.py:153} INFO - Started process (PID=1960309) to work on /home/sheyla/Documents/Repositórios/airflowalura/venv/lib/python3.9/site-packages/airflow/example_dags/example_trigger_controller_dag.py
[2024-02-25 20:38:25,938] {processor.py:641} INFO - Processing file /home/sheyla/Documents/Repositórios/airflowalura/venv/lib/python3.9/site-packages/airflow/example_dags/example_trigger_controller_dag.py for tasks to queue
[2024-02-25 20:38:25,939] {logging_mixin.py:115} INFO - [2024-02-25 20:38:25,938] {dagbag.py:507} INFO - Filling up the DagBag from /home/sheyla/Documents/Repositórios/airflowalura/venv/lib/python3.9/site-packages/airflow/example_dags/example_trigger_controller_dag.py
[2024-02-25 20:38:25,946] {processor.py:651} INFO - DAG(s) dict_keys(['example_trigger_controller_dag']) retrieved from /home/sheyla/Documents/Repositórios/airflowalura/venv/lib/python3.9/site-packages/airflow/example_dags/example_trigger_controller_dag.py
[2024-02-25 20:38:25,968] {logging_mixin.py:115} INFO - [2024-02-25 20:38:25,967] {dag.py:2379} INFO - Sync 1 DAGs
[2024-02-25 20:38:25,983] {logging_mixin.py:115} INFO - [2024-02-25 20:38:25,983] {dag.py:2927} INFO - Setting next_dagrun for example_trigger_controller_dag to 2021-01-01T00:00:00+00:00, run_after=2021-01-01T00:00:00+00:00
[2024-02-25 20:38:25,995] {processor.py:161} INFO - Processing /home/sheyla/Documents/Repositórios/airflowalura/venv/lib/python3.9/site-packages/airflow/example_dags/example_trigger_controller_dag.py took 0.070 seconds
[2024-02-25 20:39:00,322] {processor.py:153} INFO - Started process (PID=1960668) to work on /home/sheyla/Documents/Repositórios/airflowalura/venv/lib/python3.9/site-packages/airflow/example_dags/example_trigger_controller_dag.py
[2024-02-25 20:39:00,327] {processor.py:641} INFO - Processing file /home/sheyla/Documents/Repositórios/airflowalura/venv/lib/python3.9/site-packages/airflow/example_dags/example_trigger_controller_dag.py for tasks to queue
[2024-02-25 20:39:00,328] {logging_mixin.py:115} INFO - [2024-02-25 20:39:00,327] {dagbag.py:507} INFO - Filling up the DagBag from /home/sheyla/Documents/Repositórios/airflowalura/venv/lib/python3.9/site-packages/airflow/example_dags/example_trigger_controller_dag.py
[2024-02-25 20:39:00,330] {processor.py:651} INFO - DAG(s) dict_keys(['example_trigger_controller_dag']) retrieved from /home/sheyla/Documents/Repositórios/airflowalura/venv/lib/python3.9/site-packages/airflow/example_dags/example_trigger_controller_dag.py
[2024-02-25 20:39:00,341] {logging_mixin.py:115} INFO - [2024-02-25 20:39:00,341] {dag.py:2379} INFO - Sync 1 DAGs
[2024-02-25 20:39:00,355] {logging_mixin.py:115} INFO - [2024-02-25 20:39:00,355] {dag.py:2927} INFO - Setting next_dagrun for example_trigger_controller_dag to 2021-01-01T00:00:00+00:00, run_after=2021-01-01T00:00:00+00:00
[2024-02-25 20:39:00,376] {processor.py:161} INFO - Processing /home/sheyla/Documents/Repositórios/airflowalura/venv/lib/python3.9/site-packages/airflow/example_dags/example_trigger_controller_dag.py took 0.056 seconds
[2024-02-25 20:39:40,193] {processor.py:153} INFO - Started process (PID=1961077) to work on /home/sheyla/Documents/Repositórios/airflowalura/venv/lib/python3.9/site-packages/airflow/example_dags/example_trigger_controller_dag.py
[2024-02-25 20:39:40,199] {processor.py:641} INFO - Processing file /home/sheyla/Documents/Repositórios/airflowalura/venv/lib/python3.9/site-packages/airflow/example_dags/example_trigger_controller_dag.py for tasks to queue
[2024-02-25 20:39:40,200] {logging_mixin.py:115} INFO - [2024-02-25 20:39:40,200] {dagbag.py:507} INFO - Filling up the DagBag from /home/sheyla/Documents/Repositórios/airflowalura/venv/lib/python3.9/site-packages/airflow/example_dags/example_trigger_controller_dag.py
[2024-02-25 20:39:40,208] {processor.py:651} INFO - DAG(s) dict_keys(['example_trigger_controller_dag']) retrieved from /home/sheyla/Documents/Repositórios/airflowalura/venv/lib/python3.9/site-packages/airflow/example_dags/example_trigger_controller_dag.py
[2024-02-25 20:39:40,232] {logging_mixin.py:115} INFO - [2024-02-25 20:39:40,232] {dag.py:2379} INFO - Sync 1 DAGs
[2024-02-25 20:39:40,248] {logging_mixin.py:115} INFO - [2024-02-25 20:39:40,248] {dag.py:2927} INFO - Setting next_dagrun for example_trigger_controller_dag to 2021-01-01T00:00:00+00:00, run_after=2021-01-01T00:00:00+00:00
[2024-02-25 20:39:40,265] {processor.py:161} INFO - Processing /home/sheyla/Documents/Repositórios/airflowalura/venv/lib/python3.9/site-packages/airflow/example_dags/example_trigger_controller_dag.py took 0.079 seconds
[2024-02-25 20:40:17,310] {processor.py:153} INFO - Started process (PID=1961462) to work on /home/sheyla/Documents/Repositórios/airflowalura/venv/lib/python3.9/site-packages/airflow/example_dags/example_trigger_controller_dag.py
[2024-02-25 20:40:17,311] {processor.py:641} INFO - Processing file /home/sheyla/Documents/Repositórios/airflowalura/venv/lib/python3.9/site-packages/airflow/example_dags/example_trigger_controller_dag.py for tasks to queue
[2024-02-25 20:40:17,311] {logging_mixin.py:115} INFO - [2024-02-25 20:40:17,311] {dagbag.py:507} INFO - Filling up the DagBag from /home/sheyla/Documents/Repositórios/airflowalura/venv/lib/python3.9/site-packages/airflow/example_dags/example_trigger_controller_dag.py
[2024-02-25 20:40:17,314] {processor.py:651} INFO - DAG(s) dict_keys(['example_trigger_controller_dag']) retrieved from /home/sheyla/Documents/Repositórios/airflowalura/venv/lib/python3.9/site-packages/airflow/example_dags/example_trigger_controller_dag.py
[2024-02-25 20:40:17,328] {logging_mixin.py:115} INFO - [2024-02-25 20:40:17,327] {dag.py:2379} INFO - Sync 1 DAGs
[2024-02-25 20:40:17,343] {logging_mixin.py:115} INFO - [2024-02-25 20:40:17,343] {dag.py:2927} INFO - Setting next_dagrun for example_trigger_controller_dag to 2021-01-01T00:00:00+00:00, run_after=2021-01-01T00:00:00+00:00
[2024-02-25 20:40:17,354] {processor.py:161} INFO - Processing /home/sheyla/Documents/Repositórios/airflowalura/venv/lib/python3.9/site-packages/airflow/example_dags/example_trigger_controller_dag.py took 0.046 seconds
[2024-02-25 20:40:57,890] {processor.py:153} INFO - Started process (PID=1961873) to work on /home/sheyla/Documents/Repositórios/airflowalura/venv/lib/python3.9/site-packages/airflow/example_dags/example_trigger_controller_dag.py
[2024-02-25 20:40:57,896] {processor.py:641} INFO - Processing file /home/sheyla/Documents/Repositórios/airflowalura/venv/lib/python3.9/site-packages/airflow/example_dags/example_trigger_controller_dag.py for tasks to queue
[2024-02-25 20:40:57,898] {logging_mixin.py:115} INFO - [2024-02-25 20:40:57,898] {dagbag.py:507} INFO - Filling up the DagBag from /home/sheyla/Documents/Repositórios/airflowalura/venv/lib/python3.9/site-packages/airflow/example_dags/example_trigger_controller_dag.py
[2024-02-25 20:40:57,909] {processor.py:651} INFO - DAG(s) dict_keys(['example_trigger_controller_dag']) retrieved from /home/sheyla/Documents/Repositórios/airflowalura/venv/lib/python3.9/site-packages/airflow/example_dags/example_trigger_controller_dag.py
[2024-02-25 20:40:57,931] {logging_mixin.py:115} INFO - [2024-02-25 20:40:57,931] {dag.py:2379} INFO - Sync 1 DAGs
[2024-02-25 20:40:57,946] {logging_mixin.py:115} INFO - [2024-02-25 20:40:57,946] {dag.py:2927} INFO - Setting next_dagrun for example_trigger_controller_dag to 2021-01-01T00:00:00+00:00, run_after=2021-01-01T00:00:00+00:00
[2024-02-25 20:40:57,959] {processor.py:161} INFO - Processing /home/sheyla/Documents/Repositórios/airflowalura/venv/lib/python3.9/site-packages/airflow/example_dags/example_trigger_controller_dag.py took 0.076 seconds
[2024-02-25 20:41:33,481] {processor.py:153} INFO - Started process (PID=1962272) to work on /home/sheyla/Documents/Repositórios/airflowalura/venv/lib/python3.9/site-packages/airflow/example_dags/example_trigger_controller_dag.py
[2024-02-25 20:41:33,488] {processor.py:641} INFO - Processing file /home/sheyla/Documents/Repositórios/airflowalura/venv/lib/python3.9/site-packages/airflow/example_dags/example_trigger_controller_dag.py for tasks to queue
[2024-02-25 20:41:33,489] {logging_mixin.py:115} INFO - [2024-02-25 20:41:33,488] {dagbag.py:507} INFO - Filling up the DagBag from /home/sheyla/Documents/Repositórios/airflowalura/venv/lib/python3.9/site-packages/airflow/example_dags/example_trigger_controller_dag.py
[2024-02-25 20:41:33,496] {processor.py:651} INFO - DAG(s) dict_keys(['example_trigger_controller_dag']) retrieved from /home/sheyla/Documents/Repositórios/airflowalura/venv/lib/python3.9/site-packages/airflow/example_dags/example_trigger_controller_dag.py
[2024-02-25 20:41:33,521] {logging_mixin.py:115} INFO - [2024-02-25 20:41:33,521] {dag.py:2379} INFO - Sync 1 DAGs
[2024-02-25 20:41:33,536] {logging_mixin.py:115} INFO - [2024-02-25 20:41:33,536] {dag.py:2927} INFO - Setting next_dagrun for example_trigger_controller_dag to 2021-01-01T00:00:00+00:00, run_after=2021-01-01T00:00:00+00:00
[2024-02-25 20:41:33,550] {processor.py:161} INFO - Processing /home/sheyla/Documents/Repositórios/airflowalura/venv/lib/python3.9/site-packages/airflow/example_dags/example_trigger_controller_dag.py took 0.075 seconds
[2024-02-25 20:42:11,708] {processor.py:153} INFO - Started process (PID=1962663) to work on /home/sheyla/Documents/Repositórios/airflowalura/venv/lib/python3.9/site-packages/airflow/example_dags/example_trigger_controller_dag.py
[2024-02-25 20:42:11,714] {processor.py:641} INFO - Processing file /home/sheyla/Documents/Repositórios/airflowalura/venv/lib/python3.9/site-packages/airflow/example_dags/example_trigger_controller_dag.py for tasks to queue
[2024-02-25 20:42:11,715] {logging_mixin.py:115} INFO - [2024-02-25 20:42:11,715] {dagbag.py:507} INFO - Filling up the DagBag from /home/sheyla/Documents/Repositórios/airflowalura/venv/lib/python3.9/site-packages/airflow/example_dags/example_trigger_controller_dag.py
[2024-02-25 20:42:11,723] {processor.py:651} INFO - DAG(s) dict_keys(['example_trigger_controller_dag']) retrieved from /home/sheyla/Documents/Repositórios/airflowalura/venv/lib/python3.9/site-packages/airflow/example_dags/example_trigger_controller_dag.py
[2024-02-25 20:42:11,752] {logging_mixin.py:115} INFO - [2024-02-25 20:42:11,752] {dag.py:2379} INFO - Sync 1 DAGs
[2024-02-25 20:42:11,769] {logging_mixin.py:115} INFO - [2024-02-25 20:42:11,769] {dag.py:2927} INFO - Setting next_dagrun for example_trigger_controller_dag to 2021-01-01T00:00:00+00:00, run_after=2021-01-01T00:00:00+00:00
[2024-02-25 20:42:11,783] {processor.py:161} INFO - Processing /home/sheyla/Documents/Repositórios/airflowalura/venv/lib/python3.9/site-packages/airflow/example_dags/example_trigger_controller_dag.py took 0.077 seconds
[2024-02-25 20:42:51,478] {processor.py:153} INFO - Started process (PID=1963072) to work on /home/sheyla/Documents/Repositórios/airflowalura/venv/lib/python3.9/site-packages/airflow/example_dags/example_trigger_controller_dag.py
[2024-02-25 20:42:51,484] {processor.py:641} INFO - Processing file /home/sheyla/Documents/Repositórios/airflowalura/venv/lib/python3.9/site-packages/airflow/example_dags/example_trigger_controller_dag.py for tasks to queue
[2024-02-25 20:42:51,486] {logging_mixin.py:115} INFO - [2024-02-25 20:42:51,485] {dagbag.py:507} INFO - Filling up the DagBag from /home/sheyla/Documents/Repositórios/airflowalura/venv/lib/python3.9/site-packages/airflow/example_dags/example_trigger_controller_dag.py
[2024-02-25 20:42:51,493] {processor.py:651} INFO - DAG(s) dict_keys(['example_trigger_controller_dag']) retrieved from /home/sheyla/Documents/Repositórios/airflowalura/venv/lib/python3.9/site-packages/airflow/example_dags/example_trigger_controller_dag.py
[2024-02-25 20:42:51,518] {logging_mixin.py:115} INFO - [2024-02-25 20:42:51,518] {dag.py:2379} INFO - Sync 1 DAGs
[2024-02-25 20:42:51,534] {logging_mixin.py:115} INFO - [2024-02-25 20:42:51,534] {dag.py:2927} INFO - Setting next_dagrun for example_trigger_controller_dag to 2021-01-01T00:00:00+00:00, run_after=2021-01-01T00:00:00+00:00
[2024-02-25 20:42:51,546] {processor.py:161} INFO - Processing /home/sheyla/Documents/Repositórios/airflowalura/venv/lib/python3.9/site-packages/airflow/example_dags/example_trigger_controller_dag.py took 0.075 seconds
[2024-02-25 20:43:28,742] {processor.py:153} INFO - Started process (PID=1963455) to work on /home/sheyla/Documents/Repositórios/airflowalura/venv/lib/python3.9/site-packages/airflow/example_dags/example_trigger_controller_dag.py
[2024-02-25 20:43:28,748] {processor.py:641} INFO - Processing file /home/sheyla/Documents/Repositórios/airflowalura/venv/lib/python3.9/site-packages/airflow/example_dags/example_trigger_controller_dag.py for tasks to queue
[2024-02-25 20:43:28,748] {logging_mixin.py:115} INFO - [2024-02-25 20:43:28,748] {dagbag.py:507} INFO - Filling up the DagBag from /home/sheyla/Documents/Repositórios/airflowalura/venv/lib/python3.9/site-packages/airflow/example_dags/example_trigger_controller_dag.py
[2024-02-25 20:43:28,751] {processor.py:651} INFO - DAG(s) dict_keys(['example_trigger_controller_dag']) retrieved from /home/sheyla/Documents/Repositórios/airflowalura/venv/lib/python3.9/site-packages/airflow/example_dags/example_trigger_controller_dag.py
[2024-02-25 20:43:28,769] {logging_mixin.py:115} INFO - [2024-02-25 20:43:28,768] {dag.py:2379} INFO - Sync 1 DAGs
[2024-02-25 20:43:28,787] {logging_mixin.py:115} INFO - [2024-02-25 20:43:28,787] {dag.py:2927} INFO - Setting next_dagrun for example_trigger_controller_dag to 2021-01-01T00:00:00+00:00, run_after=2021-01-01T00:00:00+00:00
[2024-02-25 20:43:28,800] {processor.py:161} INFO - Processing /home/sheyla/Documents/Repositórios/airflowalura/venv/lib/python3.9/site-packages/airflow/example_dags/example_trigger_controller_dag.py took 0.060 seconds
[2024-02-25 20:44:06,564] {processor.py:153} INFO - Started process (PID=1963841) to work on /home/sheyla/Documents/Repositórios/airflowalura/venv/lib/python3.9/site-packages/airflow/example_dags/example_trigger_controller_dag.py
[2024-02-25 20:44:06,573] {processor.py:641} INFO - Processing file /home/sheyla/Documents/Repositórios/airflowalura/venv/lib/python3.9/site-packages/airflow/example_dags/example_trigger_controller_dag.py for tasks to queue
[2024-02-25 20:44:06,574] {logging_mixin.py:115} INFO - [2024-02-25 20:44:06,574] {dagbag.py:507} INFO - Filling up the DagBag from /home/sheyla/Documents/Repositórios/airflowalura/venv/lib/python3.9/site-packages/airflow/example_dags/example_trigger_controller_dag.py
[2024-02-25 20:44:06,582] {processor.py:651} INFO - DAG(s) dict_keys(['example_trigger_controller_dag']) retrieved from /home/sheyla/Documents/Repositórios/airflowalura/venv/lib/python3.9/site-packages/airflow/example_dags/example_trigger_controller_dag.py
[2024-02-25 20:44:06,600] {logging_mixin.py:115} INFO - [2024-02-25 20:44:06,600] {dag.py:2379} INFO - Sync 1 DAGs
[2024-02-25 20:44:06,615] {logging_mixin.py:115} INFO - [2024-02-25 20:44:06,615] {dag.py:2927} INFO - Setting next_dagrun for example_trigger_controller_dag to 2021-01-01T00:00:00+00:00, run_after=2021-01-01T00:00:00+00:00
[2024-02-25 20:44:06,665] {processor.py:161} INFO - Processing /home/sheyla/Documents/Repositórios/airflowalura/venv/lib/python3.9/site-packages/airflow/example_dags/example_trigger_controller_dag.py took 0.108 seconds
[2024-02-25 20:44:42,493] {processor.py:153} INFO - Started process (PID=1964205) to work on /home/sheyla/Documents/Repositórios/airflowalura/venv/lib/python3.9/site-packages/airflow/example_dags/example_trigger_controller_dag.py
[2024-02-25 20:44:42,498] {processor.py:641} INFO - Processing file /home/sheyla/Documents/Repositórios/airflowalura/venv/lib/python3.9/site-packages/airflow/example_dags/example_trigger_controller_dag.py for tasks to queue
[2024-02-25 20:44:42,499] {logging_mixin.py:115} INFO - [2024-02-25 20:44:42,499] {dagbag.py:507} INFO - Filling up the DagBag from /home/sheyla/Documents/Repositórios/airflowalura/venv/lib/python3.9/site-packages/airflow/example_dags/example_trigger_controller_dag.py
[2024-02-25 20:44:42,501] {processor.py:651} INFO - DAG(s) dict_keys(['example_trigger_controller_dag']) retrieved from /home/sheyla/Documents/Repositórios/airflowalura/venv/lib/python3.9/site-packages/airflow/example_dags/example_trigger_controller_dag.py
[2024-02-25 20:44:42,512] {logging_mixin.py:115} INFO - [2024-02-25 20:44:42,512] {dag.py:2379} INFO - Sync 1 DAGs
[2024-02-25 20:44:42,525] {logging_mixin.py:115} INFO - [2024-02-25 20:44:42,525] {dag.py:2927} INFO - Setting next_dagrun for example_trigger_controller_dag to 2021-01-01T00:00:00+00:00, run_after=2021-01-01T00:00:00+00:00
[2024-02-25 20:44:42,537] {processor.py:161} INFO - Processing /home/sheyla/Documents/Repositórios/airflowalura/venv/lib/python3.9/site-packages/airflow/example_dags/example_trigger_controller_dag.py took 0.047 seconds
[2024-02-25 20:45:18,571] {processor.py:153} INFO - Started process (PID=1964592) to work on /home/sheyla/Documents/Repositórios/airflowalura/venv/lib/python3.9/site-packages/airflow/example_dags/example_trigger_controller_dag.py
[2024-02-25 20:45:18,577] {processor.py:641} INFO - Processing file /home/sheyla/Documents/Repositórios/airflowalura/venv/lib/python3.9/site-packages/airflow/example_dags/example_trigger_controller_dag.py for tasks to queue
[2024-02-25 20:45:18,577] {logging_mixin.py:115} INFO - [2024-02-25 20:45:18,577] {dagbag.py:507} INFO - Filling up the DagBag from /home/sheyla/Documents/Repositórios/airflowalura/venv/lib/python3.9/site-packages/airflow/example_dags/example_trigger_controller_dag.py
[2024-02-25 20:45:18,580] {processor.py:651} INFO - DAG(s) dict_keys(['example_trigger_controller_dag']) retrieved from /home/sheyla/Documents/Repositórios/airflowalura/venv/lib/python3.9/site-packages/airflow/example_dags/example_trigger_controller_dag.py
[2024-02-25 20:45:18,594] {logging_mixin.py:115} INFO - [2024-02-25 20:45:18,593] {dag.py:2379} INFO - Sync 1 DAGs
[2024-02-25 20:45:18,609] {logging_mixin.py:115} INFO - [2024-02-25 20:45:18,609] {dag.py:2927} INFO - Setting next_dagrun for example_trigger_controller_dag to 2021-01-01T00:00:00+00:00, run_after=2021-01-01T00:00:00+00:00
[2024-02-25 20:45:18,621] {processor.py:161} INFO - Processing /home/sheyla/Documents/Repositórios/airflowalura/venv/lib/python3.9/site-packages/airflow/example_dags/example_trigger_controller_dag.py took 0.052 seconds
[2024-02-25 20:45:57,069] {processor.py:153} INFO - Started process (PID=1964975) to work on /home/sheyla/Documents/Repositórios/airflowalura/venv/lib/python3.9/site-packages/airflow/example_dags/example_trigger_controller_dag.py
[2024-02-25 20:45:57,075] {processor.py:641} INFO - Processing file /home/sheyla/Documents/Repositórios/airflowalura/venv/lib/python3.9/site-packages/airflow/example_dags/example_trigger_controller_dag.py for tasks to queue
[2024-02-25 20:45:57,076] {logging_mixin.py:115} INFO - [2024-02-25 20:45:57,076] {dagbag.py:507} INFO - Filling up the DagBag from /home/sheyla/Documents/Repositórios/airflowalura/venv/lib/python3.9/site-packages/airflow/example_dags/example_trigger_controller_dag.py
[2024-02-25 20:45:57,083] {processor.py:651} INFO - DAG(s) dict_keys(['example_trigger_controller_dag']) retrieved from /home/sheyla/Documents/Repositórios/airflowalura/venv/lib/python3.9/site-packages/airflow/example_dags/example_trigger_controller_dag.py
[2024-02-25 20:45:57,109] {logging_mixin.py:115} INFO - [2024-02-25 20:45:57,109] {dag.py:2379} INFO - Sync 1 DAGs
[2024-02-25 20:45:57,125] {logging_mixin.py:115} INFO - [2024-02-25 20:45:57,124] {dag.py:2927} INFO - Setting next_dagrun for example_trigger_controller_dag to 2021-01-01T00:00:00+00:00, run_after=2021-01-01T00:00:00+00:00
[2024-02-25 20:45:57,138] {processor.py:161} INFO - Processing /home/sheyla/Documents/Repositórios/airflowalura/venv/lib/python3.9/site-packages/airflow/example_dags/example_trigger_controller_dag.py took 0.076 seconds
[2024-02-25 20:46:32,991] {processor.py:153} INFO - Started process (PID=1965374) to work on /home/sheyla/Documents/Repositórios/airflowalura/venv/lib/python3.9/site-packages/airflow/example_dags/example_trigger_controller_dag.py
[2024-02-25 20:46:32,992] {processor.py:641} INFO - Processing file /home/sheyla/Documents/Repositórios/airflowalura/venv/lib/python3.9/site-packages/airflow/example_dags/example_trigger_controller_dag.py for tasks to queue
[2024-02-25 20:46:32,992] {logging_mixin.py:115} INFO - [2024-02-25 20:46:32,992] {dagbag.py:507} INFO - Filling up the DagBag from /home/sheyla/Documents/Repositórios/airflowalura/venv/lib/python3.9/site-packages/airflow/example_dags/example_trigger_controller_dag.py
[2024-02-25 20:46:32,995] {processor.py:651} INFO - DAG(s) dict_keys(['example_trigger_controller_dag']) retrieved from /home/sheyla/Documents/Repositórios/airflowalura/venv/lib/python3.9/site-packages/airflow/example_dags/example_trigger_controller_dag.py
[2024-02-25 20:46:33,012] {logging_mixin.py:115} INFO - [2024-02-25 20:46:33,012] {dag.py:2379} INFO - Sync 1 DAGs
[2024-02-25 20:46:33,029] {logging_mixin.py:115} INFO - [2024-02-25 20:46:33,029] {dag.py:2927} INFO - Setting next_dagrun for example_trigger_controller_dag to 2021-01-01T00:00:00+00:00, run_after=2021-01-01T00:00:00+00:00
[2024-02-25 20:46:33,041] {processor.py:161} INFO - Processing /home/sheyla/Documents/Repositórios/airflowalura/venv/lib/python3.9/site-packages/airflow/example_dags/example_trigger_controller_dag.py took 0.052 seconds
[2024-02-25 20:47:09,078] {processor.py:153} INFO - Started process (PID=1965818) to work on /home/sheyla/Documents/Repositórios/airflowalura/venv/lib/python3.9/site-packages/airflow/example_dags/example_trigger_controller_dag.py
[2024-02-25 20:47:09,083] {processor.py:641} INFO - Processing file /home/sheyla/Documents/Repositórios/airflowalura/venv/lib/python3.9/site-packages/airflow/example_dags/example_trigger_controller_dag.py for tasks to queue
[2024-02-25 20:47:09,084] {logging_mixin.py:115} INFO - [2024-02-25 20:47:09,084] {dagbag.py:507} INFO - Filling up the DagBag from /home/sheyla/Documents/Repositórios/airflowalura/venv/lib/python3.9/site-packages/airflow/example_dags/example_trigger_controller_dag.py
[2024-02-25 20:47:09,087] {processor.py:651} INFO - DAG(s) dict_keys(['example_trigger_controller_dag']) retrieved from /home/sheyla/Documents/Repositórios/airflowalura/venv/lib/python3.9/site-packages/airflow/example_dags/example_trigger_controller_dag.py
[2024-02-25 20:47:09,111] {logging_mixin.py:115} INFO - [2024-02-25 20:47:09,111] {dag.py:2379} INFO - Sync 1 DAGs
[2024-02-25 20:47:09,129] {logging_mixin.py:115} INFO - [2024-02-25 20:47:09,129] {dag.py:2927} INFO - Setting next_dagrun for example_trigger_controller_dag to 2021-01-01T00:00:00+00:00, run_after=2021-01-01T00:00:00+00:00
[2024-02-25 20:47:09,143] {processor.py:161} INFO - Processing /home/sheyla/Documents/Repositórios/airflowalura/venv/lib/python3.9/site-packages/airflow/example_dags/example_trigger_controller_dag.py took 0.068 seconds
[2024-02-25 20:47:48,480] {processor.py:153} INFO - Started process (PID=1966430) to work on /home/sheyla/Documents/Repositórios/airflowalura/venv/lib/python3.9/site-packages/airflow/example_dags/example_trigger_controller_dag.py
[2024-02-25 20:47:48,486] {processor.py:641} INFO - Processing file /home/sheyla/Documents/Repositórios/airflowalura/venv/lib/python3.9/site-packages/airflow/example_dags/example_trigger_controller_dag.py for tasks to queue
[2024-02-25 20:47:48,488] {logging_mixin.py:115} INFO - [2024-02-25 20:47:48,487] {dagbag.py:507} INFO - Filling up the DagBag from /home/sheyla/Documents/Repositórios/airflowalura/venv/lib/python3.9/site-packages/airflow/example_dags/example_trigger_controller_dag.py
[2024-02-25 20:47:48,495] {processor.py:651} INFO - DAG(s) dict_keys(['example_trigger_controller_dag']) retrieved from /home/sheyla/Documents/Repositórios/airflowalura/venv/lib/python3.9/site-packages/airflow/example_dags/example_trigger_controller_dag.py
[2024-02-25 20:47:48,520] {logging_mixin.py:115} INFO - [2024-02-25 20:47:48,520] {dag.py:2379} INFO - Sync 1 DAGs
[2024-02-25 20:47:48,536] {logging_mixin.py:115} INFO - [2024-02-25 20:47:48,536] {dag.py:2927} INFO - Setting next_dagrun for example_trigger_controller_dag to 2021-01-01T00:00:00+00:00, run_after=2021-01-01T00:00:00+00:00
[2024-02-25 20:47:48,553] {processor.py:161} INFO - Processing /home/sheyla/Documents/Repositórios/airflowalura/venv/lib/python3.9/site-packages/airflow/example_dags/example_trigger_controller_dag.py took 0.079 seconds
[2024-02-25 20:48:25,527] {processor.py:153} INFO - Started process (PID=1966981) to work on /home/sheyla/Documents/Repositórios/airflowalura/venv/lib/python3.9/site-packages/airflow/example_dags/example_trigger_controller_dag.py
[2024-02-25 20:48:25,533] {processor.py:641} INFO - Processing file /home/sheyla/Documents/Repositórios/airflowalura/venv/lib/python3.9/site-packages/airflow/example_dags/example_trigger_controller_dag.py for tasks to queue
[2024-02-25 20:48:25,534] {logging_mixin.py:115} INFO - [2024-02-25 20:48:25,533] {dagbag.py:507} INFO - Filling up the DagBag from /home/sheyla/Documents/Repositórios/airflowalura/venv/lib/python3.9/site-packages/airflow/example_dags/example_trigger_controller_dag.py
[2024-02-25 20:48:25,537] {processor.py:651} INFO - DAG(s) dict_keys(['example_trigger_controller_dag']) retrieved from /home/sheyla/Documents/Repositórios/airflowalura/venv/lib/python3.9/site-packages/airflow/example_dags/example_trigger_controller_dag.py
[2024-02-25 20:48:25,551] {logging_mixin.py:115} INFO - [2024-02-25 20:48:25,551] {dag.py:2379} INFO - Sync 1 DAGs
[2024-02-25 20:48:25,565] {logging_mixin.py:115} INFO - [2024-02-25 20:48:25,565] {dag.py:2927} INFO - Setting next_dagrun for example_trigger_controller_dag to 2021-01-01T00:00:00+00:00, run_after=2021-01-01T00:00:00+00:00
[2024-02-25 20:48:25,585] {processor.py:161} INFO - Processing /home/sheyla/Documents/Repositórios/airflowalura/venv/lib/python3.9/site-packages/airflow/example_dags/example_trigger_controller_dag.py took 0.063 seconds
