[2024-02-25 20:33:55,320] {processor.py:153} INFO - Started process (PID=1957450) to work on /home/sheyla/Documents/Repositórios/airflowalura/venv/lib/python3.9/site-packages/airflow/example_dags/example_short_circuit_operator.py
[2024-02-25 20:33:55,321] {processor.py:641} INFO - Processing file /home/sheyla/Documents/Repositórios/airflowalura/venv/lib/python3.9/site-packages/airflow/example_dags/example_short_circuit_operator.py for tasks to queue
[2024-02-25 20:33:55,321] {logging_mixin.py:115} INFO - [2024-02-25 20:33:55,321] {dagbag.py:507} INFO - Filling up the DagBag from /home/sheyla/Documents/Repositórios/airflowalura/venv/lib/python3.9/site-packages/airflow/example_dags/example_short_circuit_operator.py
[2024-02-25 20:33:55,330] {processor.py:651} INFO - DAG(s) dict_keys(['example_short_circuit_operator']) retrieved from /home/sheyla/Documents/Repositórios/airflowalura/venv/lib/python3.9/site-packages/airflow/example_dags/example_short_circuit_operator.py
[2024-02-25 20:33:55,348] {logging_mixin.py:115} INFO - [2024-02-25 20:33:55,347] {dag.py:2379} INFO - Sync 1 DAGs
[2024-02-25 20:33:55,363] {logging_mixin.py:115} INFO - [2024-02-25 20:33:55,363] {dag.py:2927} INFO - Setting next_dagrun for example_short_circuit_operator to 2024-02-24T23:33:55.363571+00:00, run_after=2024-02-25T23:33:55.363571+00:00
[2024-02-25 20:33:55,381] {processor.py:161} INFO - Processing /home/sheyla/Documents/Repositórios/airflowalura/venv/lib/python3.9/site-packages/airflow/example_dags/example_short_circuit_operator.py took 0.063 seconds
[2024-02-25 20:34:33,419] {processor.py:153} INFO - Started process (PID=1957908) to work on /home/sheyla/Documents/Repositórios/airflowalura/venv/lib/python3.9/site-packages/airflow/example_dags/example_short_circuit_operator.py
[2024-02-25 20:34:33,421] {processor.py:641} INFO - Processing file /home/sheyla/Documents/Repositórios/airflowalura/venv/lib/python3.9/site-packages/airflow/example_dags/example_short_circuit_operator.py for tasks to queue
[2024-02-25 20:34:33,422] {logging_mixin.py:115} INFO - [2024-02-25 20:34:33,422] {dagbag.py:507} INFO - Filling up the DagBag from /home/sheyla/Documents/Repositórios/airflowalura/venv/lib/python3.9/site-packages/airflow/example_dags/example_short_circuit_operator.py
[2024-02-25 20:34:33,437] {processor.py:651} INFO - DAG(s) dict_keys(['example_short_circuit_operator']) retrieved from /home/sheyla/Documents/Repositórios/airflowalura/venv/lib/python3.9/site-packages/airflow/example_dags/example_short_circuit_operator.py
[2024-02-25 20:34:33,452] {logging_mixin.py:115} INFO - [2024-02-25 20:34:33,452] {dag.py:2379} INFO - Sync 1 DAGs
[2024-02-25 20:34:33,466] {logging_mixin.py:115} INFO - [2024-02-25 20:34:33,466] {dag.py:2927} INFO - Setting next_dagrun for example_short_circuit_operator to 2024-02-24T23:34:33.466537+00:00, run_after=2024-02-25T23:34:33.466537+00:00
[2024-02-25 20:34:33,494] {processor.py:161} INFO - Processing /home/sheyla/Documents/Repositórios/airflowalura/venv/lib/python3.9/site-packages/airflow/example_dags/example_short_circuit_operator.py took 0.081 seconds
[2024-02-25 20:35:08,545] {processor.py:153} INFO - Started process (PID=1958266) to work on /home/sheyla/Documents/Repositórios/airflowalura/venv/lib/python3.9/site-packages/airflow/example_dags/example_short_circuit_operator.py
[2024-02-25 20:35:08,551] {processor.py:641} INFO - Processing file /home/sheyla/Documents/Repositórios/airflowalura/venv/lib/python3.9/site-packages/airflow/example_dags/example_short_circuit_operator.py for tasks to queue
[2024-02-25 20:35:08,553] {logging_mixin.py:115} INFO - [2024-02-25 20:35:08,552] {dagbag.py:507} INFO - Filling up the DagBag from /home/sheyla/Documents/Repositórios/airflowalura/venv/lib/python3.9/site-packages/airflow/example_dags/example_short_circuit_operator.py
[2024-02-25 20:35:08,575] {processor.py:651} INFO - DAG(s) dict_keys(['example_short_circuit_operator']) retrieved from /home/sheyla/Documents/Repositórios/airflowalura/venv/lib/python3.9/site-packages/airflow/example_dags/example_short_circuit_operator.py
[2024-02-25 20:35:08,598] {logging_mixin.py:115} INFO - [2024-02-25 20:35:08,598] {dag.py:2379} INFO - Sync 1 DAGs
[2024-02-25 20:35:08,613] {logging_mixin.py:115} INFO - [2024-02-25 20:35:08,613] {dag.py:2927} INFO - Setting next_dagrun for example_short_circuit_operator to 2024-02-24T23:35:08.612845+00:00, run_after=2024-02-25T23:35:08.612845+00:00
[2024-02-25 20:35:08,625] {processor.py:161} INFO - Processing /home/sheyla/Documents/Repositórios/airflowalura/venv/lib/python3.9/site-packages/airflow/example_dags/example_short_circuit_operator.py took 0.087 seconds
[2024-02-25 20:35:46,286] {processor.py:153} INFO - Started process (PID=1958648) to work on /home/sheyla/Documents/Repositórios/airflowalura/venv/lib/python3.9/site-packages/airflow/example_dags/example_short_circuit_operator.py
[2024-02-25 20:35:46,288] {processor.py:641} INFO - Processing file /home/sheyla/Documents/Repositórios/airflowalura/venv/lib/python3.9/site-packages/airflow/example_dags/example_short_circuit_operator.py for tasks to queue
[2024-02-25 20:35:46,290] {logging_mixin.py:115} INFO - [2024-02-25 20:35:46,289] {dagbag.py:507} INFO - Filling up the DagBag from /home/sheyla/Documents/Repositórios/airflowalura/venv/lib/python3.9/site-packages/airflow/example_dags/example_short_circuit_operator.py
[2024-02-25 20:35:46,309] {processor.py:651} INFO - DAG(s) dict_keys(['example_short_circuit_operator']) retrieved from /home/sheyla/Documents/Repositórios/airflowalura/venv/lib/python3.9/site-packages/airflow/example_dags/example_short_circuit_operator.py
[2024-02-25 20:35:46,324] {logging_mixin.py:115} INFO - [2024-02-25 20:35:46,324] {dag.py:2379} INFO - Sync 1 DAGs
[2024-02-25 20:35:46,338] {logging_mixin.py:115} INFO - [2024-02-25 20:35:46,338] {dag.py:2927} INFO - Setting next_dagrun for example_short_circuit_operator to 2024-02-24T23:35:46.338014+00:00, run_after=2024-02-25T23:35:46.338014+00:00
[2024-02-25 20:35:46,350] {processor.py:161} INFO - Processing /home/sheyla/Documents/Repositórios/airflowalura/venv/lib/python3.9/site-packages/airflow/example_dags/example_short_circuit_operator.py took 0.072 seconds
[2024-02-25 20:36:22,312] {processor.py:153} INFO - Started process (PID=1959016) to work on /home/sheyla/Documents/Repositórios/airflowalura/venv/lib/python3.9/site-packages/airflow/example_dags/example_short_circuit_operator.py
[2024-02-25 20:36:22,314] {processor.py:641} INFO - Processing file /home/sheyla/Documents/Repositórios/airflowalura/venv/lib/python3.9/site-packages/airflow/example_dags/example_short_circuit_operator.py for tasks to queue
[2024-02-25 20:36:22,315] {logging_mixin.py:115} INFO - [2024-02-25 20:36:22,315] {dagbag.py:507} INFO - Filling up the DagBag from /home/sheyla/Documents/Repositórios/airflowalura/venv/lib/python3.9/site-packages/airflow/example_dags/example_short_circuit_operator.py
[2024-02-25 20:36:22,335] {processor.py:651} INFO - DAG(s) dict_keys(['example_short_circuit_operator']) retrieved from /home/sheyla/Documents/Repositórios/airflowalura/venv/lib/python3.9/site-packages/airflow/example_dags/example_short_circuit_operator.py
[2024-02-25 20:36:22,351] {logging_mixin.py:115} INFO - [2024-02-25 20:36:22,351] {dag.py:2379} INFO - Sync 1 DAGs
[2024-02-25 20:36:22,365] {logging_mixin.py:115} INFO - [2024-02-25 20:36:22,365] {dag.py:2927} INFO - Setting next_dagrun for example_short_circuit_operator to 2024-02-24T23:36:22.365137+00:00, run_after=2024-02-25T23:36:22.365137+00:00
[2024-02-25 20:36:22,378] {processor.py:161} INFO - Processing /home/sheyla/Documents/Repositórios/airflowalura/venv/lib/python3.9/site-packages/airflow/example_dags/example_short_circuit_operator.py took 0.072 seconds
[2024-02-25 20:36:59,959] {processor.py:153} INFO - Started process (PID=1959434) to work on /home/sheyla/Documents/Repositórios/airflowalura/venv/lib/python3.9/site-packages/airflow/example_dags/example_short_circuit_operator.py
[2024-02-25 20:36:59,960] {processor.py:641} INFO - Processing file /home/sheyla/Documents/Repositórios/airflowalura/venv/lib/python3.9/site-packages/airflow/example_dags/example_short_circuit_operator.py for tasks to queue
[2024-02-25 20:36:59,960] {logging_mixin.py:115} INFO - [2024-02-25 20:36:59,960] {dagbag.py:507} INFO - Filling up the DagBag from /home/sheyla/Documents/Repositórios/airflowalura/venv/lib/python3.9/site-packages/airflow/example_dags/example_short_circuit_operator.py
[2024-02-25 20:36:59,968] {processor.py:651} INFO - DAG(s) dict_keys(['example_short_circuit_operator']) retrieved from /home/sheyla/Documents/Repositórios/airflowalura/venv/lib/python3.9/site-packages/airflow/example_dags/example_short_circuit_operator.py
[2024-02-25 20:36:59,983] {logging_mixin.py:115} INFO - [2024-02-25 20:36:59,982] {dag.py:2379} INFO - Sync 1 DAGs
[2024-02-25 20:36:59,995] {logging_mixin.py:115} INFO - [2024-02-25 20:36:59,995] {dag.py:2927} INFO - Setting next_dagrun for example_short_circuit_operator to 2024-02-24T23:36:59.995670+00:00, run_after=2024-02-25T23:36:59.995670+00:00
[2024-02-25 20:37:00,006] {processor.py:161} INFO - Processing /home/sheyla/Documents/Repositórios/airflowalura/venv/lib/python3.9/site-packages/airflow/example_dags/example_short_circuit_operator.py took 0.050 seconds
[2024-02-25 20:37:38,833] {processor.py:153} INFO - Started process (PID=1959831) to work on /home/sheyla/Documents/Repositórios/airflowalura/venv/lib/python3.9/site-packages/airflow/example_dags/example_short_circuit_operator.py
[2024-02-25 20:37:38,838] {processor.py:641} INFO - Processing file /home/sheyla/Documents/Repositórios/airflowalura/venv/lib/python3.9/site-packages/airflow/example_dags/example_short_circuit_operator.py for tasks to queue
[2024-02-25 20:37:38,838] {logging_mixin.py:115} INFO - [2024-02-25 20:37:38,838] {dagbag.py:507} INFO - Filling up the DagBag from /home/sheyla/Documents/Repositórios/airflowalura/venv/lib/python3.9/site-packages/airflow/example_dags/example_short_circuit_operator.py
[2024-02-25 20:37:38,848] {processor.py:651} INFO - DAG(s) dict_keys(['example_short_circuit_operator']) retrieved from /home/sheyla/Documents/Repositórios/airflowalura/venv/lib/python3.9/site-packages/airflow/example_dags/example_short_circuit_operator.py
[2024-02-25 20:37:38,867] {logging_mixin.py:115} INFO - [2024-02-25 20:37:38,867] {dag.py:2379} INFO - Sync 1 DAGs
[2024-02-25 20:37:38,882] {logging_mixin.py:115} INFO - [2024-02-25 20:37:38,882] {dag.py:2927} INFO - Setting next_dagrun for example_short_circuit_operator to 2024-02-24T23:37:38.882503+00:00, run_after=2024-02-25T23:37:38.882503+00:00
[2024-02-25 20:37:38,903] {processor.py:161} INFO - Processing /home/sheyla/Documents/Repositórios/airflowalura/venv/lib/python3.9/site-packages/airflow/example_dags/example_short_circuit_operator.py took 0.073 seconds
[2024-02-25 20:38:16,756] {processor.py:153} INFO - Started process (PID=1960215) to work on /home/sheyla/Documents/Repositórios/airflowalura/venv/lib/python3.9/site-packages/airflow/example_dags/example_short_circuit_operator.py
[2024-02-25 20:38:16,762] {processor.py:641} INFO - Processing file /home/sheyla/Documents/Repositórios/airflowalura/venv/lib/python3.9/site-packages/airflow/example_dags/example_short_circuit_operator.py for tasks to queue
[2024-02-25 20:38:16,763] {logging_mixin.py:115} INFO - [2024-02-25 20:38:16,763] {dagbag.py:507} INFO - Filling up the DagBag from /home/sheyla/Documents/Repositórios/airflowalura/venv/lib/python3.9/site-packages/airflow/example_dags/example_short_circuit_operator.py
[2024-02-25 20:38:16,786] {processor.py:651} INFO - DAG(s) dict_keys(['example_short_circuit_operator']) retrieved from /home/sheyla/Documents/Repositórios/airflowalura/venv/lib/python3.9/site-packages/airflow/example_dags/example_short_circuit_operator.py
[2024-02-25 20:38:16,805] {logging_mixin.py:115} INFO - [2024-02-25 20:38:16,805] {dag.py:2379} INFO - Sync 1 DAGs
[2024-02-25 20:38:16,819] {logging_mixin.py:115} INFO - [2024-02-25 20:38:16,819] {dag.py:2927} INFO - Setting next_dagrun for example_short_circuit_operator to 2024-02-24T23:38:16.819703+00:00, run_after=2024-02-25T23:38:16.819703+00:00
[2024-02-25 20:38:16,838] {processor.py:161} INFO - Processing /home/sheyla/Documents/Repositórios/airflowalura/venv/lib/python3.9/site-packages/airflow/example_dags/example_short_circuit_operator.py took 0.089 seconds
[2024-02-25 20:38:51,648] {processor.py:153} INFO - Started process (PID=1960576) to work on /home/sheyla/Documents/Repositórios/airflowalura/venv/lib/python3.9/site-packages/airflow/example_dags/example_short_circuit_operator.py
[2024-02-25 20:38:51,649] {processor.py:641} INFO - Processing file /home/sheyla/Documents/Repositórios/airflowalura/venv/lib/python3.9/site-packages/airflow/example_dags/example_short_circuit_operator.py for tasks to queue
[2024-02-25 20:38:51,650] {logging_mixin.py:115} INFO - [2024-02-25 20:38:51,650] {dagbag.py:507} INFO - Filling up the DagBag from /home/sheyla/Documents/Repositórios/airflowalura/venv/lib/python3.9/site-packages/airflow/example_dags/example_short_circuit_operator.py
[2024-02-25 20:38:51,669] {processor.py:651} INFO - DAG(s) dict_keys(['example_short_circuit_operator']) retrieved from /home/sheyla/Documents/Repositórios/airflowalura/venv/lib/python3.9/site-packages/airflow/example_dags/example_short_circuit_operator.py
[2024-02-25 20:38:51,692] {logging_mixin.py:115} INFO - [2024-02-25 20:38:51,692] {dag.py:2379} INFO - Sync 1 DAGs
[2024-02-25 20:38:51,706] {logging_mixin.py:115} INFO - [2024-02-25 20:38:51,706] {dag.py:2927} INFO - Setting next_dagrun for example_short_circuit_operator to 2024-02-24T23:38:51.706395+00:00, run_after=2024-02-25T23:38:51.706395+00:00
[2024-02-25 20:38:51,718] {processor.py:161} INFO - Processing /home/sheyla/Documents/Repositórios/airflowalura/venv/lib/python3.9/site-packages/airflow/example_dags/example_short_circuit_operator.py took 0.077 seconds
[2024-02-25 20:39:27,584] {processor.py:153} INFO - Started process (PID=1960941) to work on /home/sheyla/Documents/Repositórios/airflowalura/venv/lib/python3.9/site-packages/airflow/example_dags/example_short_circuit_operator.py
[2024-02-25 20:39:27,585] {processor.py:641} INFO - Processing file /home/sheyla/Documents/Repositórios/airflowalura/venv/lib/python3.9/site-packages/airflow/example_dags/example_short_circuit_operator.py for tasks to queue
[2024-02-25 20:39:27,586] {logging_mixin.py:115} INFO - [2024-02-25 20:39:27,586] {dagbag.py:507} INFO - Filling up the DagBag from /home/sheyla/Documents/Repositórios/airflowalura/venv/lib/python3.9/site-packages/airflow/example_dags/example_short_circuit_operator.py
[2024-02-25 20:39:27,601] {processor.py:651} INFO - DAG(s) dict_keys(['example_short_circuit_operator']) retrieved from /home/sheyla/Documents/Repositórios/airflowalura/venv/lib/python3.9/site-packages/airflow/example_dags/example_short_circuit_operator.py
[2024-02-25 20:39:27,622] {logging_mixin.py:115} INFO - [2024-02-25 20:39:27,622] {dag.py:2379} INFO - Sync 1 DAGs
[2024-02-25 20:39:27,636] {logging_mixin.py:115} INFO - [2024-02-25 20:39:27,636] {dag.py:2927} INFO - Setting next_dagrun for example_short_circuit_operator to 2024-02-24T23:39:27.636514+00:00, run_after=2024-02-25T23:39:27.636514+00:00
[2024-02-25 20:39:27,649] {processor.py:161} INFO - Processing /home/sheyla/Documents/Repositórios/airflowalura/venv/lib/python3.9/site-packages/airflow/example_dags/example_short_circuit_operator.py took 0.070 seconds
[2024-02-25 20:40:05,899] {processor.py:153} INFO - Started process (PID=1961346) to work on /home/sheyla/Documents/Repositórios/airflowalura/venv/lib/python3.9/site-packages/airflow/example_dags/example_short_circuit_operator.py
[2024-02-25 20:40:05,905] {processor.py:641} INFO - Processing file /home/sheyla/Documents/Repositórios/airflowalura/venv/lib/python3.9/site-packages/airflow/example_dags/example_short_circuit_operator.py for tasks to queue
[2024-02-25 20:40:05,906] {logging_mixin.py:115} INFO - [2024-02-25 20:40:05,906] {dagbag.py:507} INFO - Filling up the DagBag from /home/sheyla/Documents/Repositórios/airflowalura/venv/lib/python3.9/site-packages/airflow/example_dags/example_short_circuit_operator.py
[2024-02-25 20:40:05,929] {processor.py:651} INFO - DAG(s) dict_keys(['example_short_circuit_operator']) retrieved from /home/sheyla/Documents/Repositórios/airflowalura/venv/lib/python3.9/site-packages/airflow/example_dags/example_short_circuit_operator.py
[2024-02-25 20:40:05,954] {logging_mixin.py:115} INFO - [2024-02-25 20:40:05,954] {dag.py:2379} INFO - Sync 1 DAGs
[2024-02-25 20:40:05,967] {logging_mixin.py:115} INFO - [2024-02-25 20:40:05,967] {dag.py:2927} INFO - Setting next_dagrun for example_short_circuit_operator to 2024-02-24T23:40:05.967386+00:00, run_after=2024-02-25T23:40:05.967386+00:00
[2024-02-25 20:40:05,979] {processor.py:161} INFO - Processing /home/sheyla/Documents/Repositórios/airflowalura/venv/lib/python3.9/site-packages/airflow/example_dags/example_short_circuit_operator.py took 0.087 seconds
[2024-02-25 20:40:42,754] {processor.py:153} INFO - Started process (PID=1961719) to work on /home/sheyla/Documents/Repositórios/airflowalura/venv/lib/python3.9/site-packages/airflow/example_dags/example_short_circuit_operator.py
[2024-02-25 20:40:42,760] {processor.py:641} INFO - Processing file /home/sheyla/Documents/Repositórios/airflowalura/venv/lib/python3.9/site-packages/airflow/example_dags/example_short_circuit_operator.py for tasks to queue
[2024-02-25 20:40:42,762] {logging_mixin.py:115} INFO - [2024-02-25 20:40:42,761] {dagbag.py:507} INFO - Filling up the DagBag from /home/sheyla/Documents/Repositórios/airflowalura/venv/lib/python3.9/site-packages/airflow/example_dags/example_short_circuit_operator.py
[2024-02-25 20:40:42,780] {processor.py:651} INFO - DAG(s) dict_keys(['example_short_circuit_operator']) retrieved from /home/sheyla/Documents/Repositórios/airflowalura/venv/lib/python3.9/site-packages/airflow/example_dags/example_short_circuit_operator.py
[2024-02-25 20:40:42,796] {logging_mixin.py:115} INFO - [2024-02-25 20:40:42,796] {dag.py:2379} INFO - Sync 1 DAGs
[2024-02-25 20:40:42,810] {logging_mixin.py:115} INFO - [2024-02-25 20:40:42,810] {dag.py:2927} INFO - Setting next_dagrun for example_short_circuit_operator to 2024-02-24T23:40:42.809950+00:00, run_after=2024-02-25T23:40:42.809950+00:00
[2024-02-25 20:40:42,822] {processor.py:161} INFO - Processing /home/sheyla/Documents/Repositórios/airflowalura/venv/lib/python3.9/site-packages/airflow/example_dags/example_short_circuit_operator.py took 0.074 seconds
[2024-02-25 20:41:21,826] {processor.py:153} INFO - Started process (PID=1962122) to work on /home/sheyla/Documents/Repositórios/airflowalura/venv/lib/python3.9/site-packages/airflow/example_dags/example_short_circuit_operator.py
[2024-02-25 20:41:21,826] {processor.py:641} INFO - Processing file /home/sheyla/Documents/Repositórios/airflowalura/venv/lib/python3.9/site-packages/airflow/example_dags/example_short_circuit_operator.py for tasks to queue
[2024-02-25 20:41:21,827] {logging_mixin.py:115} INFO - [2024-02-25 20:41:21,827] {dagbag.py:507} INFO - Filling up the DagBag from /home/sheyla/Documents/Repositórios/airflowalura/venv/lib/python3.9/site-packages/airflow/example_dags/example_short_circuit_operator.py
[2024-02-25 20:41:21,834] {processor.py:651} INFO - DAG(s) dict_keys(['example_short_circuit_operator']) retrieved from /home/sheyla/Documents/Repositórios/airflowalura/venv/lib/python3.9/site-packages/airflow/example_dags/example_short_circuit_operator.py
[2024-02-25 20:41:21,849] {logging_mixin.py:115} INFO - [2024-02-25 20:41:21,849] {dag.py:2379} INFO - Sync 1 DAGs
[2024-02-25 20:41:21,864] {logging_mixin.py:115} INFO - [2024-02-25 20:41:21,864] {dag.py:2927} INFO - Setting next_dagrun for example_short_circuit_operator to 2024-02-24T23:41:21.864421+00:00, run_after=2024-02-25T23:41:21.864421+00:00
[2024-02-25 20:41:21,877] {processor.py:161} INFO - Processing /home/sheyla/Documents/Repositórios/airflowalura/venv/lib/python3.9/site-packages/airflow/example_dags/example_short_circuit_operator.py took 0.054 seconds
[2024-02-25 20:41:59,567] {processor.py:153} INFO - Started process (PID=1962545) to work on /home/sheyla/Documents/Repositórios/airflowalura/venv/lib/python3.9/site-packages/airflow/example_dags/example_short_circuit_operator.py
[2024-02-25 20:41:59,572] {processor.py:641} INFO - Processing file /home/sheyla/Documents/Repositórios/airflowalura/venv/lib/python3.9/site-packages/airflow/example_dags/example_short_circuit_operator.py for tasks to queue
[2024-02-25 20:41:59,573] {logging_mixin.py:115} INFO - [2024-02-25 20:41:59,573] {dagbag.py:507} INFO - Filling up the DagBag from /home/sheyla/Documents/Repositórios/airflowalura/venv/lib/python3.9/site-packages/airflow/example_dags/example_short_circuit_operator.py
[2024-02-25 20:41:59,583] {processor.py:651} INFO - DAG(s) dict_keys(['example_short_circuit_operator']) retrieved from /home/sheyla/Documents/Repositórios/airflowalura/venv/lib/python3.9/site-packages/airflow/example_dags/example_short_circuit_operator.py
[2024-02-25 20:41:59,603] {logging_mixin.py:115} INFO - [2024-02-25 20:41:59,603] {dag.py:2379} INFO - Sync 1 DAGs
[2024-02-25 20:41:59,619] {logging_mixin.py:115} INFO - [2024-02-25 20:41:59,619] {dag.py:2927} INFO - Setting next_dagrun for example_short_circuit_operator to 2024-02-24T23:41:59.618930+00:00, run_after=2024-02-25T23:41:59.618930+00:00
[2024-02-25 20:41:59,632] {processor.py:161} INFO - Processing /home/sheyla/Documents/Repositórios/airflowalura/venv/lib/python3.9/site-packages/airflow/example_dags/example_short_circuit_operator.py took 0.068 seconds
[2024-02-25 20:42:36,641] {processor.py:153} INFO - Started process (PID=1962919) to work on /home/sheyla/Documents/Repositórios/airflowalura/venv/lib/python3.9/site-packages/airflow/example_dags/example_short_circuit_operator.py
[2024-02-25 20:42:36,647] {processor.py:641} INFO - Processing file /home/sheyla/Documents/Repositórios/airflowalura/venv/lib/python3.9/site-packages/airflow/example_dags/example_short_circuit_operator.py for tasks to queue
[2024-02-25 20:42:36,649] {logging_mixin.py:115} INFO - [2024-02-25 20:42:36,648] {dagbag.py:507} INFO - Filling up the DagBag from /home/sheyla/Documents/Repositórios/airflowalura/venv/lib/python3.9/site-packages/airflow/example_dags/example_short_circuit_operator.py
[2024-02-25 20:42:36,670] {processor.py:651} INFO - DAG(s) dict_keys(['example_short_circuit_operator']) retrieved from /home/sheyla/Documents/Repositórios/airflowalura/venv/lib/python3.9/site-packages/airflow/example_dags/example_short_circuit_operator.py
[2024-02-25 20:42:36,688] {logging_mixin.py:115} INFO - [2024-02-25 20:42:36,688] {dag.py:2379} INFO - Sync 1 DAGs
[2024-02-25 20:42:36,702] {logging_mixin.py:115} INFO - [2024-02-25 20:42:36,702] {dag.py:2927} INFO - Setting next_dagrun for example_short_circuit_operator to 2024-02-24T23:42:36.702267+00:00, run_after=2024-02-25T23:42:36.702267+00:00
[2024-02-25 20:42:36,722] {processor.py:161} INFO - Processing /home/sheyla/Documents/Repositórios/airflowalura/venv/lib/python3.9/site-packages/airflow/example_dags/example_short_circuit_operator.py took 0.088 seconds
[2024-02-25 20:43:10,974] {processor.py:153} INFO - Started process (PID=1963271) to work on /home/sheyla/Documents/Repositórios/airflowalura/venv/lib/python3.9/site-packages/airflow/example_dags/example_short_circuit_operator.py
[2024-02-25 20:43:10,975] {processor.py:641} INFO - Processing file /home/sheyla/Documents/Repositórios/airflowalura/venv/lib/python3.9/site-packages/airflow/example_dags/example_short_circuit_operator.py for tasks to queue
[2024-02-25 20:43:10,976] {logging_mixin.py:115} INFO - [2024-02-25 20:43:10,976] {dagbag.py:507} INFO - Filling up the DagBag from /home/sheyla/Documents/Repositórios/airflowalura/venv/lib/python3.9/site-packages/airflow/example_dags/example_short_circuit_operator.py
[2024-02-25 20:43:10,996] {processor.py:651} INFO - DAG(s) dict_keys(['example_short_circuit_operator']) retrieved from /home/sheyla/Documents/Repositórios/airflowalura/venv/lib/python3.9/site-packages/airflow/example_dags/example_short_circuit_operator.py
[2024-02-25 20:43:11,013] {logging_mixin.py:115} INFO - [2024-02-25 20:43:11,013] {dag.py:2379} INFO - Sync 1 DAGs
[2024-02-25 20:43:11,026] {logging_mixin.py:115} INFO - [2024-02-25 20:43:11,026] {dag.py:2927} INFO - Setting next_dagrun for example_short_circuit_operator to 2024-02-24T23:43:11.026688+00:00, run_after=2024-02-25T23:43:11.026688+00:00
[2024-02-25 20:43:11,037] {processor.py:161} INFO - Processing /home/sheyla/Documents/Repositórios/airflowalura/venv/lib/python3.9/site-packages/airflow/example_dags/example_short_circuit_operator.py took 0.070 seconds
[2024-02-25 20:43:44,775] {processor.py:153} INFO - Started process (PID=1963618) to work on /home/sheyla/Documents/Repositórios/airflowalura/venv/lib/python3.9/site-packages/airflow/example_dags/example_short_circuit_operator.py
[2024-02-25 20:43:44,780] {processor.py:641} INFO - Processing file /home/sheyla/Documents/Repositórios/airflowalura/venv/lib/python3.9/site-packages/airflow/example_dags/example_short_circuit_operator.py for tasks to queue
[2024-02-25 20:43:44,781] {logging_mixin.py:115} INFO - [2024-02-25 20:43:44,781] {dagbag.py:507} INFO - Filling up the DagBag from /home/sheyla/Documents/Repositórios/airflowalura/venv/lib/python3.9/site-packages/airflow/example_dags/example_short_circuit_operator.py
[2024-02-25 20:43:44,788] {processor.py:651} INFO - DAG(s) dict_keys(['example_short_circuit_operator']) retrieved from /home/sheyla/Documents/Repositórios/airflowalura/venv/lib/python3.9/site-packages/airflow/example_dags/example_short_circuit_operator.py
[2024-02-25 20:43:44,802] {logging_mixin.py:115} INFO - [2024-02-25 20:43:44,801] {dag.py:2379} INFO - Sync 1 DAGs
[2024-02-25 20:43:44,815] {logging_mixin.py:115} INFO - [2024-02-25 20:43:44,814] {dag.py:2927} INFO - Setting next_dagrun for example_short_circuit_operator to 2024-02-24T23:43:44.814812+00:00, run_after=2024-02-25T23:43:44.814812+00:00
[2024-02-25 20:43:44,827] {processor.py:161} INFO - Processing /home/sheyla/Documents/Repositórios/airflowalura/venv/lib/python3.9/site-packages/airflow/example_dags/example_short_circuit_operator.py took 0.055 seconds
[2024-02-25 20:44:24,258] {processor.py:153} INFO - Started process (PID=1964026) to work on /home/sheyla/Documents/Repositórios/airflowalura/venv/lib/python3.9/site-packages/airflow/example_dags/example_short_circuit_operator.py
[2024-02-25 20:44:24,265] {processor.py:641} INFO - Processing file /home/sheyla/Documents/Repositórios/airflowalura/venv/lib/python3.9/site-packages/airflow/example_dags/example_short_circuit_operator.py for tasks to queue
[2024-02-25 20:44:24,266] {logging_mixin.py:115} INFO - [2024-02-25 20:44:24,266] {dagbag.py:507} INFO - Filling up the DagBag from /home/sheyla/Documents/Repositórios/airflowalura/venv/lib/python3.9/site-packages/airflow/example_dags/example_short_circuit_operator.py
[2024-02-25 20:44:24,286] {processor.py:651} INFO - DAG(s) dict_keys(['example_short_circuit_operator']) retrieved from /home/sheyla/Documents/Repositórios/airflowalura/venv/lib/python3.9/site-packages/airflow/example_dags/example_short_circuit_operator.py
[2024-02-25 20:44:24,303] {logging_mixin.py:115} INFO - [2024-02-25 20:44:24,303] {dag.py:2379} INFO - Sync 1 DAGs
[2024-02-25 20:44:24,317] {logging_mixin.py:115} INFO - [2024-02-25 20:44:24,317] {dag.py:2927} INFO - Setting next_dagrun for example_short_circuit_operator to 2024-02-24T23:44:24.317315+00:00, run_after=2024-02-25T23:44:24.317315+00:00
[2024-02-25 20:44:24,329] {processor.py:161} INFO - Processing /home/sheyla/Documents/Repositórios/airflowalura/venv/lib/python3.9/site-packages/airflow/example_dags/example_short_circuit_operator.py took 0.077 seconds
[2024-02-25 20:44:59,917] {processor.py:153} INFO - Started process (PID=1964394) to work on /home/sheyla/Documents/Repositórios/airflowalura/venv/lib/python3.9/site-packages/airflow/example_dags/example_short_circuit_operator.py
[2024-02-25 20:44:59,923] {processor.py:641} INFO - Processing file /home/sheyla/Documents/Repositórios/airflowalura/venv/lib/python3.9/site-packages/airflow/example_dags/example_short_circuit_operator.py for tasks to queue
[2024-02-25 20:44:59,924] {logging_mixin.py:115} INFO - [2024-02-25 20:44:59,924] {dagbag.py:507} INFO - Filling up the DagBag from /home/sheyla/Documents/Repositórios/airflowalura/venv/lib/python3.9/site-packages/airflow/example_dags/example_short_circuit_operator.py
[2024-02-25 20:44:59,935] {processor.py:651} INFO - DAG(s) dict_keys(['example_short_circuit_operator']) retrieved from /home/sheyla/Documents/Repositórios/airflowalura/venv/lib/python3.9/site-packages/airflow/example_dags/example_short_circuit_operator.py
[2024-02-25 20:44:59,950] {logging_mixin.py:115} INFO - [2024-02-25 20:44:59,950] {dag.py:2379} INFO - Sync 1 DAGs
[2024-02-25 20:44:59,965] {logging_mixin.py:115} INFO - [2024-02-25 20:44:59,965] {dag.py:2927} INFO - Setting next_dagrun for example_short_circuit_operator to 2024-02-24T23:44:59.965306+00:00, run_after=2024-02-25T23:44:59.965306+00:00
[2024-02-25 20:44:59,980] {processor.py:161} INFO - Processing /home/sheyla/Documents/Repositórios/airflowalura/venv/lib/python3.9/site-packages/airflow/example_dags/example_short_circuit_operator.py took 0.071 seconds
[2024-02-25 20:45:34,031] {processor.py:153} INFO - Started process (PID=1964748) to work on /home/sheyla/Documents/Repositórios/airflowalura/venv/lib/python3.9/site-packages/airflow/example_dags/example_short_circuit_operator.py
[2024-02-25 20:45:34,032] {processor.py:641} INFO - Processing file /home/sheyla/Documents/Repositórios/airflowalura/venv/lib/python3.9/site-packages/airflow/example_dags/example_short_circuit_operator.py for tasks to queue
[2024-02-25 20:45:34,034] {logging_mixin.py:115} INFO - [2024-02-25 20:45:34,034] {dagbag.py:507} INFO - Filling up the DagBag from /home/sheyla/Documents/Repositórios/airflowalura/venv/lib/python3.9/site-packages/airflow/example_dags/example_short_circuit_operator.py
[2024-02-25 20:45:34,056] {processor.py:651} INFO - DAG(s) dict_keys(['example_short_circuit_operator']) retrieved from /home/sheyla/Documents/Repositórios/airflowalura/venv/lib/python3.9/site-packages/airflow/example_dags/example_short_circuit_operator.py
[2024-02-25 20:45:34,075] {logging_mixin.py:115} INFO - [2024-02-25 20:45:34,075] {dag.py:2379} INFO - Sync 1 DAGs
[2024-02-25 20:45:34,089] {logging_mixin.py:115} INFO - [2024-02-25 20:45:34,089] {dag.py:2927} INFO - Setting next_dagrun for example_short_circuit_operator to 2024-02-24T23:45:34.089025+00:00, run_after=2024-02-25T23:45:34.089025+00:00
[2024-02-25 20:45:34,107] {processor.py:161} INFO - Processing /home/sheyla/Documents/Repositórios/airflowalura/venv/lib/python3.9/site-packages/airflow/example_dags/example_short_circuit_operator.py took 0.083 seconds
[2024-02-25 20:46:10,034] {processor.py:153} INFO - Started process (PID=1965114) to work on /home/sheyla/Documents/Repositórios/airflowalura/venv/lib/python3.9/site-packages/airflow/example_dags/example_short_circuit_operator.py
[2024-02-25 20:46:10,035] {processor.py:641} INFO - Processing file /home/sheyla/Documents/Repositórios/airflowalura/venv/lib/python3.9/site-packages/airflow/example_dags/example_short_circuit_operator.py for tasks to queue
[2024-02-25 20:46:10,037] {logging_mixin.py:115} INFO - [2024-02-25 20:46:10,036] {dagbag.py:507} INFO - Filling up the DagBag from /home/sheyla/Documents/Repositórios/airflowalura/venv/lib/python3.9/site-packages/airflow/example_dags/example_short_circuit_operator.py
[2024-02-25 20:46:10,048] {processor.py:651} INFO - DAG(s) dict_keys(['example_short_circuit_operator']) retrieved from /home/sheyla/Documents/Repositórios/airflowalura/venv/lib/python3.9/site-packages/airflow/example_dags/example_short_circuit_operator.py
[2024-02-25 20:46:10,062] {logging_mixin.py:115} INFO - [2024-02-25 20:46:10,062] {dag.py:2379} INFO - Sync 1 DAGs
[2024-02-25 20:46:10,076] {logging_mixin.py:115} INFO - [2024-02-25 20:46:10,075] {dag.py:2927} INFO - Setting next_dagrun for example_short_circuit_operator to 2024-02-24T23:46:10.075750+00:00, run_after=2024-02-25T23:46:10.075750+00:00
[2024-02-25 20:46:10,088] {processor.py:161} INFO - Processing /home/sheyla/Documents/Repositórios/airflowalura/venv/lib/python3.9/site-packages/airflow/example_dags/example_short_circuit_operator.py took 0.059 seconds
[2024-02-25 20:46:48,864] {processor.py:153} INFO - Started process (PID=1965534) to work on /home/sheyla/Documents/Repositórios/airflowalura/venv/lib/python3.9/site-packages/airflow/example_dags/example_short_circuit_operator.py
[2024-02-25 20:46:48,870] {processor.py:641} INFO - Processing file /home/sheyla/Documents/Repositórios/airflowalura/venv/lib/python3.9/site-packages/airflow/example_dags/example_short_circuit_operator.py for tasks to queue
[2024-02-25 20:46:48,872] {logging_mixin.py:115} INFO - [2024-02-25 20:46:48,872] {dagbag.py:507} INFO - Filling up the DagBag from /home/sheyla/Documents/Repositórios/airflowalura/venv/lib/python3.9/site-packages/airflow/example_dags/example_short_circuit_operator.py
[2024-02-25 20:46:48,894] {processor.py:651} INFO - DAG(s) dict_keys(['example_short_circuit_operator']) retrieved from /home/sheyla/Documents/Repositórios/airflowalura/venv/lib/python3.9/site-packages/airflow/example_dags/example_short_circuit_operator.py
[2024-02-25 20:46:48,910] {logging_mixin.py:115} INFO - [2024-02-25 20:46:48,910] {dag.py:2379} INFO - Sync 1 DAGs
[2024-02-25 20:46:48,924] {logging_mixin.py:115} INFO - [2024-02-25 20:46:48,924] {dag.py:2927} INFO - Setting next_dagrun for example_short_circuit_operator to 2024-02-24T23:46:48.923879+00:00, run_after=2024-02-25T23:46:48.923879+00:00
[2024-02-25 20:46:48,943] {processor.py:161} INFO - Processing /home/sheyla/Documents/Repositórios/airflowalura/venv/lib/python3.9/site-packages/airflow/example_dags/example_short_circuit_operator.py took 0.085 seconds
[2024-02-25 20:47:27,071] {processor.py:153} INFO - Started process (PID=1966101) to work on /home/sheyla/Documents/Repositórios/airflowalura/venv/lib/python3.9/site-packages/airflow/example_dags/example_short_circuit_operator.py
[2024-02-25 20:47:27,071] {processor.py:641} INFO - Processing file /home/sheyla/Documents/Repositórios/airflowalura/venv/lib/python3.9/site-packages/airflow/example_dags/example_short_circuit_operator.py for tasks to queue
[2024-02-25 20:47:27,072] {logging_mixin.py:115} INFO - [2024-02-25 20:47:27,072] {dagbag.py:507} INFO - Filling up the DagBag from /home/sheyla/Documents/Repositórios/airflowalura/venv/lib/python3.9/site-packages/airflow/example_dags/example_short_circuit_operator.py
[2024-02-25 20:47:27,083] {processor.py:651} INFO - DAG(s) dict_keys(['example_short_circuit_operator']) retrieved from /home/sheyla/Documents/Repositórios/airflowalura/venv/lib/python3.9/site-packages/airflow/example_dags/example_short_circuit_operator.py
[2024-02-25 20:47:27,104] {logging_mixin.py:115} INFO - [2024-02-25 20:47:27,103] {dag.py:2379} INFO - Sync 1 DAGs
[2024-02-25 20:47:27,119] {logging_mixin.py:115} INFO - [2024-02-25 20:47:27,119] {dag.py:2927} INFO - Setting next_dagrun for example_short_circuit_operator to 2024-02-24T23:47:27.119252+00:00, run_after=2024-02-25T23:47:27.119252+00:00
[2024-02-25 20:47:27,142] {processor.py:161} INFO - Processing /home/sheyla/Documents/Repositórios/airflowalura/venv/lib/python3.9/site-packages/airflow/example_dags/example_short_circuit_operator.py took 0.074 seconds
[2024-02-25 20:48:07,341] {processor.py:153} INFO - Started process (PID=1966714) to work on /home/sheyla/Documents/Repositórios/airflowalura/venv/lib/python3.9/site-packages/airflow/example_dags/example_short_circuit_operator.py
[2024-02-25 20:48:07,346] {processor.py:641} INFO - Processing file /home/sheyla/Documents/Repositórios/airflowalura/venv/lib/python3.9/site-packages/airflow/example_dags/example_short_circuit_operator.py for tasks to queue
[2024-02-25 20:48:07,346] {logging_mixin.py:115} INFO - [2024-02-25 20:48:07,346] {dagbag.py:507} INFO - Filling up the DagBag from /home/sheyla/Documents/Repositórios/airflowalura/venv/lib/python3.9/site-packages/airflow/example_dags/example_short_circuit_operator.py
[2024-02-25 20:48:07,351] {processor.py:651} INFO - DAG(s) dict_keys(['example_short_circuit_operator']) retrieved from /home/sheyla/Documents/Repositórios/airflowalura/venv/lib/python3.9/site-packages/airflow/example_dags/example_short_circuit_operator.py
[2024-02-25 20:48:07,365] {logging_mixin.py:115} INFO - [2024-02-25 20:48:07,365] {dag.py:2379} INFO - Sync 1 DAGs
[2024-02-25 20:48:07,383] {logging_mixin.py:115} INFO - [2024-02-25 20:48:07,383] {dag.py:2927} INFO - Setting next_dagrun for example_short_circuit_operator to 2024-02-24T23:48:07.382819+00:00, run_after=2024-02-25T23:48:07.382819+00:00
[2024-02-25 20:48:07,396] {processor.py:161} INFO - Processing /home/sheyla/Documents/Repositórios/airflowalura/venv/lib/python3.9/site-packages/airflow/example_dags/example_short_circuit_operator.py took 0.057 seconds
