[2024-02-25 20:33:50,954] {processor.py:153} INFO - Started process (PID=1957403) to work on /home/sheyla/Documents/Repositórios/airflowalura/venv/lib/python3.9/site-packages/airflow/example_dags/example_latest_only_with_trigger.py
[2024-02-25 20:33:50,956] {processor.py:641} INFO - Processing file /home/sheyla/Documents/Repositórios/airflowalura/venv/lib/python3.9/site-packages/airflow/example_dags/example_latest_only_with_trigger.py for tasks to queue
[2024-02-25 20:33:50,957] {logging_mixin.py:115} INFO - [2024-02-25 20:33:50,957] {dagbag.py:507} INFO - Filling up the DagBag from /home/sheyla/Documents/Repositórios/airflowalura/venv/lib/python3.9/site-packages/airflow/example_dags/example_latest_only_with_trigger.py
[2024-02-25 20:33:50,972] {processor.py:651} INFO - DAG(s) dict_keys(['latest_only_with_trigger']) retrieved from /home/sheyla/Documents/Repositórios/airflowalura/venv/lib/python3.9/site-packages/airflow/example_dags/example_latest_only_with_trigger.py
[2024-02-25 20:33:50,991] {logging_mixin.py:115} INFO - [2024-02-25 20:33:50,991] {dag.py:2379} INFO - Sync 1 DAGs
[2024-02-25 20:33:51,007] {logging_mixin.py:115} INFO - [2024-02-25 20:33:51,007] {dag.py:2927} INFO - Setting next_dagrun for latest_only_with_trigger to 2024-02-25T19:33:51.007426+00:00, run_after=2024-02-25T23:33:51.007426+00:00
[2024-02-25 20:33:51,031] {processor.py:161} INFO - Processing /home/sheyla/Documents/Repositórios/airflowalura/venv/lib/python3.9/site-packages/airflow/example_dags/example_latest_only_with_trigger.py took 0.083 seconds
[2024-02-25 20:34:27,873] {processor.py:153} INFO - Started process (PID=1957845) to work on /home/sheyla/Documents/Repositórios/airflowalura/venv/lib/python3.9/site-packages/airflow/example_dags/example_latest_only_with_trigger.py
[2024-02-25 20:34:27,874] {processor.py:641} INFO - Processing file /home/sheyla/Documents/Repositórios/airflowalura/venv/lib/python3.9/site-packages/airflow/example_dags/example_latest_only_with_trigger.py for tasks to queue
[2024-02-25 20:34:27,876] {logging_mixin.py:115} INFO - [2024-02-25 20:34:27,875] {dagbag.py:507} INFO - Filling up the DagBag from /home/sheyla/Documents/Repositórios/airflowalura/venv/lib/python3.9/site-packages/airflow/example_dags/example_latest_only_with_trigger.py
[2024-02-25 20:34:27,888] {processor.py:651} INFO - DAG(s) dict_keys(['latest_only_with_trigger']) retrieved from /home/sheyla/Documents/Repositórios/airflowalura/venv/lib/python3.9/site-packages/airflow/example_dags/example_latest_only_with_trigger.py
[2024-02-25 20:34:27,907] {logging_mixin.py:115} INFO - [2024-02-25 20:34:27,906] {dag.py:2379} INFO - Sync 1 DAGs
[2024-02-25 20:34:27,923] {logging_mixin.py:115} INFO - [2024-02-25 20:34:27,923] {dag.py:2927} INFO - Setting next_dagrun for latest_only_with_trigger to 2024-02-25T19:34:27.923305+00:00, run_after=2024-02-25T23:34:27.923305+00:00
[2024-02-25 20:34:27,940] {processor.py:161} INFO - Processing /home/sheyla/Documents/Repositórios/airflowalura/venv/lib/python3.9/site-packages/airflow/example_dags/example_latest_only_with_trigger.py took 0.073 seconds
[2024-02-25 20:35:04,261] {processor.py:153} INFO - Started process (PID=1958224) to work on /home/sheyla/Documents/Repositórios/airflowalura/venv/lib/python3.9/site-packages/airflow/example_dags/example_latest_only_with_trigger.py
[2024-02-25 20:35:04,267] {processor.py:641} INFO - Processing file /home/sheyla/Documents/Repositórios/airflowalura/venv/lib/python3.9/site-packages/airflow/example_dags/example_latest_only_with_trigger.py for tasks to queue
[2024-02-25 20:35:04,269] {logging_mixin.py:115} INFO - [2024-02-25 20:35:04,269] {dagbag.py:507} INFO - Filling up the DagBag from /home/sheyla/Documents/Repositórios/airflowalura/venv/lib/python3.9/site-packages/airflow/example_dags/example_latest_only_with_trigger.py
[2024-02-25 20:35:04,284] {processor.py:651} INFO - DAG(s) dict_keys(['latest_only_with_trigger']) retrieved from /home/sheyla/Documents/Repositórios/airflowalura/venv/lib/python3.9/site-packages/airflow/example_dags/example_latest_only_with_trigger.py
[2024-02-25 20:35:04,305] {logging_mixin.py:115} INFO - [2024-02-25 20:35:04,305] {dag.py:2379} INFO - Sync 1 DAGs
[2024-02-25 20:35:04,320] {logging_mixin.py:115} INFO - [2024-02-25 20:35:04,320] {dag.py:2927} INFO - Setting next_dagrun for latest_only_with_trigger to 2024-02-25T19:35:04.320287+00:00, run_after=2024-02-25T23:35:04.320287+00:00
[2024-02-25 20:35:04,332] {processor.py:161} INFO - Processing /home/sheyla/Documents/Repositórios/airflowalura/venv/lib/python3.9/site-packages/airflow/example_dags/example_latest_only_with_trigger.py took 0.074 seconds
[2024-02-25 20:35:41,087] {processor.py:153} INFO - Started process (PID=1958597) to work on /home/sheyla/Documents/Repositórios/airflowalura/venv/lib/python3.9/site-packages/airflow/example_dags/example_latest_only_with_trigger.py
[2024-02-25 20:35:41,088] {processor.py:641} INFO - Processing file /home/sheyla/Documents/Repositórios/airflowalura/venv/lib/python3.9/site-packages/airflow/example_dags/example_latest_only_with_trigger.py for tasks to queue
[2024-02-25 20:35:41,088] {logging_mixin.py:115} INFO - [2024-02-25 20:35:41,088] {dagbag.py:507} INFO - Filling up the DagBag from /home/sheyla/Documents/Repositórios/airflowalura/venv/lib/python3.9/site-packages/airflow/example_dags/example_latest_only_with_trigger.py
[2024-02-25 20:35:41,095] {processor.py:651} INFO - DAG(s) dict_keys(['latest_only_with_trigger']) retrieved from /home/sheyla/Documents/Repositórios/airflowalura/venv/lib/python3.9/site-packages/airflow/example_dags/example_latest_only_with_trigger.py
[2024-02-25 20:35:41,108] {logging_mixin.py:115} INFO - [2024-02-25 20:35:41,108] {dag.py:2379} INFO - Sync 1 DAGs
[2024-02-25 20:35:41,121] {logging_mixin.py:115} INFO - [2024-02-25 20:35:41,121] {dag.py:2927} INFO - Setting next_dagrun for latest_only_with_trigger to 2024-02-25T19:35:41.121106+00:00, run_after=2024-02-25T23:35:41.121106+00:00
[2024-02-25 20:35:41,132] {processor.py:161} INFO - Processing /home/sheyla/Documents/Repositórios/airflowalura/venv/lib/python3.9/site-packages/airflow/example_dags/example_latest_only_with_trigger.py took 0.050 seconds
[2024-02-25 20:36:17,166] {processor.py:153} INFO - Started process (PID=1958965) to work on /home/sheyla/Documents/Repositórios/airflowalura/venv/lib/python3.9/site-packages/airflow/example_dags/example_latest_only_with_trigger.py
[2024-02-25 20:36:17,172] {processor.py:641} INFO - Processing file /home/sheyla/Documents/Repositórios/airflowalura/venv/lib/python3.9/site-packages/airflow/example_dags/example_latest_only_with_trigger.py for tasks to queue
[2024-02-25 20:36:17,173] {logging_mixin.py:115} INFO - [2024-02-25 20:36:17,173] {dagbag.py:507} INFO - Filling up the DagBag from /home/sheyla/Documents/Repositórios/airflowalura/venv/lib/python3.9/site-packages/airflow/example_dags/example_latest_only_with_trigger.py
[2024-02-25 20:36:17,187] {processor.py:651} INFO - DAG(s) dict_keys(['latest_only_with_trigger']) retrieved from /home/sheyla/Documents/Repositórios/airflowalura/venv/lib/python3.9/site-packages/airflow/example_dags/example_latest_only_with_trigger.py
[2024-02-25 20:36:17,207] {logging_mixin.py:115} INFO - [2024-02-25 20:36:17,207] {dag.py:2379} INFO - Sync 1 DAGs
[2024-02-25 20:36:17,222] {logging_mixin.py:115} INFO - [2024-02-25 20:36:17,222] {dag.py:2927} INFO - Setting next_dagrun for latest_only_with_trigger to 2024-02-25T19:36:17.222164+00:00, run_after=2024-02-25T23:36:17.222164+00:00
[2024-02-25 20:36:17,236] {processor.py:161} INFO - Processing /home/sheyla/Documents/Repositórios/airflowalura/venv/lib/python3.9/site-packages/airflow/example_dags/example_latest_only_with_trigger.py took 0.076 seconds
[2024-02-25 20:36:54,382] {processor.py:153} INFO - Started process (PID=1959376) to work on /home/sheyla/Documents/Repositórios/airflowalura/venv/lib/python3.9/site-packages/airflow/example_dags/example_latest_only_with_trigger.py
[2024-02-25 20:36:54,383] {processor.py:641} INFO - Processing file /home/sheyla/Documents/Repositórios/airflowalura/venv/lib/python3.9/site-packages/airflow/example_dags/example_latest_only_with_trigger.py for tasks to queue
[2024-02-25 20:36:54,384] {logging_mixin.py:115} INFO - [2024-02-25 20:36:54,384] {dagbag.py:507} INFO - Filling up the DagBag from /home/sheyla/Documents/Repositórios/airflowalura/venv/lib/python3.9/site-packages/airflow/example_dags/example_latest_only_with_trigger.py
[2024-02-25 20:36:54,389] {processor.py:651} INFO - DAG(s) dict_keys(['latest_only_with_trigger']) retrieved from /home/sheyla/Documents/Repositórios/airflowalura/venv/lib/python3.9/site-packages/airflow/example_dags/example_latest_only_with_trigger.py
[2024-02-25 20:36:54,407] {logging_mixin.py:115} INFO - [2024-02-25 20:36:54,407] {dag.py:2379} INFO - Sync 1 DAGs
[2024-02-25 20:36:54,423] {logging_mixin.py:115} INFO - [2024-02-25 20:36:54,423] {dag.py:2927} INFO - Setting next_dagrun for latest_only_with_trigger to 2024-02-25T19:36:54.423724+00:00, run_after=2024-02-25T23:36:54.423724+00:00
[2024-02-25 20:36:54,436] {processor.py:161} INFO - Processing /home/sheyla/Documents/Repositórios/airflowalura/venv/lib/python3.9/site-packages/airflow/example_dags/example_latest_only_with_trigger.py took 0.056 seconds
[2024-02-25 20:37:31,395] {processor.py:153} INFO - Started process (PID=1959754) to work on /home/sheyla/Documents/Repositórios/airflowalura/venv/lib/python3.9/site-packages/airflow/example_dags/example_latest_only_with_trigger.py
[2024-02-25 20:37:31,396] {processor.py:641} INFO - Processing file /home/sheyla/Documents/Repositórios/airflowalura/venv/lib/python3.9/site-packages/airflow/example_dags/example_latest_only_with_trigger.py for tasks to queue
[2024-02-25 20:37:31,396] {logging_mixin.py:115} INFO - [2024-02-25 20:37:31,396] {dagbag.py:507} INFO - Filling up the DagBag from /home/sheyla/Documents/Repositórios/airflowalura/venv/lib/python3.9/site-packages/airflow/example_dags/example_latest_only_with_trigger.py
[2024-02-25 20:37:31,403] {processor.py:651} INFO - DAG(s) dict_keys(['latest_only_with_trigger']) retrieved from /home/sheyla/Documents/Repositórios/airflowalura/venv/lib/python3.9/site-packages/airflow/example_dags/example_latest_only_with_trigger.py
[2024-02-25 20:37:31,423] {logging_mixin.py:115} INFO - [2024-02-25 20:37:31,423] {dag.py:2379} INFO - Sync 1 DAGs
[2024-02-25 20:37:31,440] {logging_mixin.py:115} INFO - [2024-02-25 20:37:31,440] {dag.py:2927} INFO - Setting next_dagrun for latest_only_with_trigger to 2024-02-25T19:37:31.440030+00:00, run_after=2024-02-25T23:37:31.440030+00:00
[2024-02-25 20:37:31,454] {processor.py:161} INFO - Processing /home/sheyla/Documents/Repositórios/airflowalura/venv/lib/python3.9/site-packages/airflow/example_dags/example_latest_only_with_trigger.py took 0.061 seconds
[2024-02-25 20:38:06,448] {processor.py:153} INFO - Started process (PID=1960111) to work on /home/sheyla/Documents/Repositórios/airflowalura/venv/lib/python3.9/site-packages/airflow/example_dags/example_latest_only_with_trigger.py
[2024-02-25 20:38:06,449] {processor.py:641} INFO - Processing file /home/sheyla/Documents/Repositórios/airflowalura/venv/lib/python3.9/site-packages/airflow/example_dags/example_latest_only_with_trigger.py for tasks to queue
[2024-02-25 20:38:06,451] {logging_mixin.py:115} INFO - [2024-02-25 20:38:06,450] {dagbag.py:507} INFO - Filling up the DagBag from /home/sheyla/Documents/Repositórios/airflowalura/venv/lib/python3.9/site-packages/airflow/example_dags/example_latest_only_with_trigger.py
[2024-02-25 20:38:06,464] {processor.py:651} INFO - DAG(s) dict_keys(['latest_only_with_trigger']) retrieved from /home/sheyla/Documents/Repositórios/airflowalura/venv/lib/python3.9/site-packages/airflow/example_dags/example_latest_only_with_trigger.py
[2024-02-25 20:38:06,483] {logging_mixin.py:115} INFO - [2024-02-25 20:38:06,482] {dag.py:2379} INFO - Sync 1 DAGs
[2024-02-25 20:38:06,497] {logging_mixin.py:115} INFO - [2024-02-25 20:38:06,496] {dag.py:2927} INFO - Setting next_dagrun for latest_only_with_trigger to 2024-02-25T19:38:06.496778+00:00, run_after=2024-02-25T23:38:06.496778+00:00
[2024-02-25 20:38:06,509] {processor.py:161} INFO - Processing /home/sheyla/Documents/Repositórios/airflowalura/venv/lib/python3.9/site-packages/airflow/example_dags/example_latest_only_with_trigger.py took 0.068 seconds
[2024-02-25 20:38:41,358] {processor.py:153} INFO - Started process (PID=1960466) to work on /home/sheyla/Documents/Repositórios/airflowalura/venv/lib/python3.9/site-packages/airflow/example_dags/example_latest_only_with_trigger.py
[2024-02-25 20:38:41,372] {processor.py:641} INFO - Processing file /home/sheyla/Documents/Repositórios/airflowalura/venv/lib/python3.9/site-packages/airflow/example_dags/example_latest_only_with_trigger.py for tasks to queue
[2024-02-25 20:38:41,373] {logging_mixin.py:115} INFO - [2024-02-25 20:38:41,373] {dagbag.py:507} INFO - Filling up the DagBag from /home/sheyla/Documents/Repositórios/airflowalura/venv/lib/python3.9/site-packages/airflow/example_dags/example_latest_only_with_trigger.py
[2024-02-25 20:38:41,383] {processor.py:651} INFO - DAG(s) dict_keys(['latest_only_with_trigger']) retrieved from /home/sheyla/Documents/Repositórios/airflowalura/venv/lib/python3.9/site-packages/airflow/example_dags/example_latest_only_with_trigger.py
[2024-02-25 20:38:41,400] {logging_mixin.py:115} INFO - [2024-02-25 20:38:41,400] {dag.py:2379} INFO - Sync 1 DAGs
[2024-02-25 20:38:41,413] {logging_mixin.py:115} INFO - [2024-02-25 20:38:41,413] {dag.py:2927} INFO - Setting next_dagrun for latest_only_with_trigger to 2024-02-25T19:38:41.413315+00:00, run_after=2024-02-25T23:38:41.413315+00:00
[2024-02-25 20:38:41,424] {processor.py:161} INFO - Processing /home/sheyla/Documents/Repositórios/airflowalura/venv/lib/python3.9/site-packages/airflow/example_dags/example_latest_only_with_trigger.py took 0.073 seconds
[2024-02-25 20:39:15,552] {processor.py:153} INFO - Started process (PID=1960823) to work on /home/sheyla/Documents/Repositórios/airflowalura/venv/lib/python3.9/site-packages/airflow/example_dags/example_latest_only_with_trigger.py
[2024-02-25 20:39:15,557] {processor.py:641} INFO - Processing file /home/sheyla/Documents/Repositórios/airflowalura/venv/lib/python3.9/site-packages/airflow/example_dags/example_latest_only_with_trigger.py for tasks to queue
[2024-02-25 20:39:15,559] {logging_mixin.py:115} INFO - [2024-02-25 20:39:15,558] {dagbag.py:507} INFO - Filling up the DagBag from /home/sheyla/Documents/Repositórios/airflowalura/venv/lib/python3.9/site-packages/airflow/example_dags/example_latest_only_with_trigger.py
[2024-02-25 20:39:15,573] {processor.py:651} INFO - DAG(s) dict_keys(['latest_only_with_trigger']) retrieved from /home/sheyla/Documents/Repositórios/airflowalura/venv/lib/python3.9/site-packages/airflow/example_dags/example_latest_only_with_trigger.py
[2024-02-25 20:39:15,599] {logging_mixin.py:115} INFO - [2024-02-25 20:39:15,599] {dag.py:2379} INFO - Sync 1 DAGs
[2024-02-25 20:39:15,614] {logging_mixin.py:115} INFO - [2024-02-25 20:39:15,614] {dag.py:2927} INFO - Setting next_dagrun for latest_only_with_trigger to 2024-02-25T19:39:15.614671+00:00, run_after=2024-02-25T23:39:15.614671+00:00
[2024-02-25 20:39:15,634] {processor.py:161} INFO - Processing /home/sheyla/Documents/Repositórios/airflowalura/venv/lib/python3.9/site-packages/airflow/example_dags/example_latest_only_with_trigger.py took 0.085 seconds
[2024-02-25 20:39:55,565] {processor.py:153} INFO - Started process (PID=1961243) to work on /home/sheyla/Documents/Repositórios/airflowalura/venv/lib/python3.9/site-packages/airflow/example_dags/example_latest_only_with_trigger.py
[2024-02-25 20:39:55,571] {processor.py:641} INFO - Processing file /home/sheyla/Documents/Repositórios/airflowalura/venv/lib/python3.9/site-packages/airflow/example_dags/example_latest_only_with_trigger.py for tasks to queue
[2024-02-25 20:39:55,572] {logging_mixin.py:115} INFO - [2024-02-25 20:39:55,572] {dagbag.py:507} INFO - Filling up the DagBag from /home/sheyla/Documents/Repositórios/airflowalura/venv/lib/python3.9/site-packages/airflow/example_dags/example_latest_only_with_trigger.py
[2024-02-25 20:39:55,587] {processor.py:651} INFO - DAG(s) dict_keys(['latest_only_with_trigger']) retrieved from /home/sheyla/Documents/Repositórios/airflowalura/venv/lib/python3.9/site-packages/airflow/example_dags/example_latest_only_with_trigger.py
[2024-02-25 20:39:55,609] {logging_mixin.py:115} INFO - [2024-02-25 20:39:55,609] {dag.py:2379} INFO - Sync 1 DAGs
[2024-02-25 20:39:55,624] {logging_mixin.py:115} INFO - [2024-02-25 20:39:55,624] {dag.py:2927} INFO - Setting next_dagrun for latest_only_with_trigger to 2024-02-25T19:39:55.624424+00:00, run_after=2024-02-25T23:39:55.624424+00:00
[2024-02-25 20:39:55,636] {processor.py:161} INFO - Processing /home/sheyla/Documents/Repositórios/airflowalura/venv/lib/python3.9/site-packages/airflow/example_dags/example_latest_only_with_trigger.py took 0.074 seconds
[2024-02-25 20:40:32,617] {processor.py:153} INFO - Started process (PID=1961617) to work on /home/sheyla/Documents/Repositórios/airflowalura/venv/lib/python3.9/site-packages/airflow/example_dags/example_latest_only_with_trigger.py
[2024-02-25 20:40:32,623] {processor.py:641} INFO - Processing file /home/sheyla/Documents/Repositórios/airflowalura/venv/lib/python3.9/site-packages/airflow/example_dags/example_latest_only_with_trigger.py for tasks to queue
[2024-02-25 20:40:32,625] {logging_mixin.py:115} INFO - [2024-02-25 20:40:32,624] {dagbag.py:507} INFO - Filling up the DagBag from /home/sheyla/Documents/Repositórios/airflowalura/venv/lib/python3.9/site-packages/airflow/example_dags/example_latest_only_with_trigger.py
[2024-02-25 20:40:32,639] {processor.py:651} INFO - DAG(s) dict_keys(['latest_only_with_trigger']) retrieved from /home/sheyla/Documents/Repositórios/airflowalura/venv/lib/python3.9/site-packages/airflow/example_dags/example_latest_only_with_trigger.py
[2024-02-25 20:40:32,660] {logging_mixin.py:115} INFO - [2024-02-25 20:40:32,660] {dag.py:2379} INFO - Sync 1 DAGs
[2024-02-25 20:40:32,675] {logging_mixin.py:115} INFO - [2024-02-25 20:40:32,675] {dag.py:2927} INFO - Setting next_dagrun for latest_only_with_trigger to 2024-02-25T19:40:32.675146+00:00, run_after=2024-02-25T23:40:32.675146+00:00
[2024-02-25 20:40:32,695] {processor.py:161} INFO - Processing /home/sheyla/Documents/Repositórios/airflowalura/venv/lib/python3.9/site-packages/airflow/example_dags/example_latest_only_with_trigger.py took 0.084 seconds
[2024-02-25 20:41:10,418] {processor.py:153} INFO - Started process (PID=1962008) to work on /home/sheyla/Documents/Repositórios/airflowalura/venv/lib/python3.9/site-packages/airflow/example_dags/example_latest_only_with_trigger.py
[2024-02-25 20:41:10,424] {processor.py:641} INFO - Processing file /home/sheyla/Documents/Repositórios/airflowalura/venv/lib/python3.9/site-packages/airflow/example_dags/example_latest_only_with_trigger.py for tasks to queue
[2024-02-25 20:41:10,425] {logging_mixin.py:115} INFO - [2024-02-25 20:41:10,425] {dagbag.py:507} INFO - Filling up the DagBag from /home/sheyla/Documents/Repositórios/airflowalura/venv/lib/python3.9/site-packages/airflow/example_dags/example_latest_only_with_trigger.py
[2024-02-25 20:41:10,439] {processor.py:651} INFO - DAG(s) dict_keys(['latest_only_with_trigger']) retrieved from /home/sheyla/Documents/Repositórios/airflowalura/venv/lib/python3.9/site-packages/airflow/example_dags/example_latest_only_with_trigger.py
[2024-02-25 20:41:10,460] {logging_mixin.py:115} INFO - [2024-02-25 20:41:10,460] {dag.py:2379} INFO - Sync 1 DAGs
[2024-02-25 20:41:10,475] {logging_mixin.py:115} INFO - [2024-02-25 20:41:10,475] {dag.py:2927} INFO - Setting next_dagrun for latest_only_with_trigger to 2024-02-25T19:41:10.475311+00:00, run_after=2024-02-25T23:41:10.475311+00:00
[2024-02-25 20:41:10,486] {processor.py:161} INFO - Processing /home/sheyla/Documents/Repositórios/airflowalura/venv/lib/python3.9/site-packages/airflow/example_dags/example_latest_only_with_trigger.py took 0.071 seconds
[2024-02-25 20:41:48,705] {processor.py:153} INFO - Started process (PID=1962432) to work on /home/sheyla/Documents/Repositórios/airflowalura/venv/lib/python3.9/site-packages/airflow/example_dags/example_latest_only_with_trigger.py
[2024-02-25 20:41:48,711] {processor.py:641} INFO - Processing file /home/sheyla/Documents/Repositórios/airflowalura/venv/lib/python3.9/site-packages/airflow/example_dags/example_latest_only_with_trigger.py for tasks to queue
[2024-02-25 20:41:48,713] {logging_mixin.py:115} INFO - [2024-02-25 20:41:48,712] {dagbag.py:507} INFO - Filling up the DagBag from /home/sheyla/Documents/Repositórios/airflowalura/venv/lib/python3.9/site-packages/airflow/example_dags/example_latest_only_with_trigger.py
[2024-02-25 20:41:48,727] {processor.py:651} INFO - DAG(s) dict_keys(['latest_only_with_trigger']) retrieved from /home/sheyla/Documents/Repositórios/airflowalura/venv/lib/python3.9/site-packages/airflow/example_dags/example_latest_only_with_trigger.py
[2024-02-25 20:41:48,746] {logging_mixin.py:115} INFO - [2024-02-25 20:41:48,746] {dag.py:2379} INFO - Sync 1 DAGs
[2024-02-25 20:41:48,761] {logging_mixin.py:115} INFO - [2024-02-25 20:41:48,761] {dag.py:2927} INFO - Setting next_dagrun for latest_only_with_trigger to 2024-02-25T19:41:48.760911+00:00, run_after=2024-02-25T23:41:48.760911+00:00
[2024-02-25 20:41:48,775] {processor.py:161} INFO - Processing /home/sheyla/Documents/Repositórios/airflowalura/venv/lib/python3.9/site-packages/airflow/example_dags/example_latest_only_with_trigger.py took 0.076 seconds
[2024-02-25 20:42:25,373] {processor.py:153} INFO - Started process (PID=1962808) to work on /home/sheyla/Documents/Repositórios/airflowalura/venv/lib/python3.9/site-packages/airflow/example_dags/example_latest_only_with_trigger.py
[2024-02-25 20:42:25,379] {processor.py:641} INFO - Processing file /home/sheyla/Documents/Repositórios/airflowalura/venv/lib/python3.9/site-packages/airflow/example_dags/example_latest_only_with_trigger.py for tasks to queue
[2024-02-25 20:42:25,381] {logging_mixin.py:115} INFO - [2024-02-25 20:42:25,380] {dagbag.py:507} INFO - Filling up the DagBag from /home/sheyla/Documents/Repositórios/airflowalura/venv/lib/python3.9/site-packages/airflow/example_dags/example_latest_only_with_trigger.py
[2024-02-25 20:42:25,394] {processor.py:651} INFO - DAG(s) dict_keys(['latest_only_with_trigger']) retrieved from /home/sheyla/Documents/Repositórios/airflowalura/venv/lib/python3.9/site-packages/airflow/example_dags/example_latest_only_with_trigger.py
[2024-02-25 20:42:25,415] {logging_mixin.py:115} INFO - [2024-02-25 20:42:25,415] {dag.py:2379} INFO - Sync 1 DAGs
[2024-02-25 20:42:25,429] {logging_mixin.py:115} INFO - [2024-02-25 20:42:25,429] {dag.py:2927} INFO - Setting next_dagrun for latest_only_with_trigger to 2024-02-25T19:42:25.429678+00:00, run_after=2024-02-25T23:42:25.429678+00:00
[2024-02-25 20:42:25,441] {processor.py:161} INFO - Processing /home/sheyla/Documents/Repositórios/airflowalura/venv/lib/python3.9/site-packages/airflow/example_dags/example_latest_only_with_trigger.py took 0.075 seconds
[2024-02-25 20:43:03,525] {processor.py:153} INFO - Started process (PID=1963201) to work on /home/sheyla/Documents/Repositórios/airflowalura/venv/lib/python3.9/site-packages/airflow/example_dags/example_latest_only_with_trigger.py
[2024-02-25 20:43:03,530] {processor.py:641} INFO - Processing file /home/sheyla/Documents/Repositórios/airflowalura/venv/lib/python3.9/site-packages/airflow/example_dags/example_latest_only_with_trigger.py for tasks to queue
[2024-02-25 20:43:03,531] {logging_mixin.py:115} INFO - [2024-02-25 20:43:03,531] {dagbag.py:507} INFO - Filling up the DagBag from /home/sheyla/Documents/Repositórios/airflowalura/venv/lib/python3.9/site-packages/airflow/example_dags/example_latest_only_with_trigger.py
[2024-02-25 20:43:03,536] {processor.py:651} INFO - DAG(s) dict_keys(['latest_only_with_trigger']) retrieved from /home/sheyla/Documents/Repositórios/airflowalura/venv/lib/python3.9/site-packages/airflow/example_dags/example_latest_only_with_trigger.py
[2024-02-25 20:43:03,552] {logging_mixin.py:115} INFO - [2024-02-25 20:43:03,552] {dag.py:2379} INFO - Sync 1 DAGs
[2024-02-25 20:43:03,567] {logging_mixin.py:115} INFO - [2024-02-25 20:43:03,567] {dag.py:2927} INFO - Setting next_dagrun for latest_only_with_trigger to 2024-02-25T19:43:03.567390+00:00, run_after=2024-02-25T23:43:03.567390+00:00
[2024-02-25 20:43:03,580] {processor.py:161} INFO - Processing /home/sheyla/Documents/Repositórios/airflowalura/venv/lib/python3.9/site-packages/airflow/example_dags/example_latest_only_with_trigger.py took 0.058 seconds
[2024-02-25 20:43:39,628] {processor.py:153} INFO - Started process (PID=1963566) to work on /home/sheyla/Documents/Repositórios/airflowalura/venv/lib/python3.9/site-packages/airflow/example_dags/example_latest_only_with_trigger.py
[2024-02-25 20:43:39,633] {processor.py:641} INFO - Processing file /home/sheyla/Documents/Repositórios/airflowalura/venv/lib/python3.9/site-packages/airflow/example_dags/example_latest_only_with_trigger.py for tasks to queue
[2024-02-25 20:43:39,634] {logging_mixin.py:115} INFO - [2024-02-25 20:43:39,634] {dagbag.py:507} INFO - Filling up the DagBag from /home/sheyla/Documents/Repositórios/airflowalura/venv/lib/python3.9/site-packages/airflow/example_dags/example_latest_only_with_trigger.py
[2024-02-25 20:43:39,644] {processor.py:651} INFO - DAG(s) dict_keys(['latest_only_with_trigger']) retrieved from /home/sheyla/Documents/Repositórios/airflowalura/venv/lib/python3.9/site-packages/airflow/example_dags/example_latest_only_with_trigger.py
[2024-02-25 20:43:39,664] {logging_mixin.py:115} INFO - [2024-02-25 20:43:39,663] {dag.py:2379} INFO - Sync 1 DAGs
[2024-02-25 20:43:39,678] {logging_mixin.py:115} INFO - [2024-02-25 20:43:39,678] {dag.py:2927} INFO - Setting next_dagrun for latest_only_with_trigger to 2024-02-25T19:43:39.678228+00:00, run_after=2024-02-25T23:43:39.678228+00:00
[2024-02-25 20:43:39,692] {processor.py:161} INFO - Processing /home/sheyla/Documents/Repositórios/airflowalura/venv/lib/python3.9/site-packages/airflow/example_dags/example_latest_only_with_trigger.py took 0.071 seconds
[2024-02-25 20:44:14,612] {processor.py:153} INFO - Started process (PID=1963928) to work on /home/sheyla/Documents/Repositórios/airflowalura/venv/lib/python3.9/site-packages/airflow/example_dags/example_latest_only_with_trigger.py
[2024-02-25 20:44:14,618] {processor.py:641} INFO - Processing file /home/sheyla/Documents/Repositórios/airflowalura/venv/lib/python3.9/site-packages/airflow/example_dags/example_latest_only_with_trigger.py for tasks to queue
[2024-02-25 20:44:14,619] {logging_mixin.py:115} INFO - [2024-02-25 20:44:14,618] {dagbag.py:507} INFO - Filling up the DagBag from /home/sheyla/Documents/Repositórios/airflowalura/venv/lib/python3.9/site-packages/airflow/example_dags/example_latest_only_with_trigger.py
[2024-02-25 20:44:14,632] {processor.py:651} INFO - DAG(s) dict_keys(['latest_only_with_trigger']) retrieved from /home/sheyla/Documents/Repositórios/airflowalura/venv/lib/python3.9/site-packages/airflow/example_dags/example_latest_only_with_trigger.py
[2024-02-25 20:44:14,655] {logging_mixin.py:115} INFO - [2024-02-25 20:44:14,655] {dag.py:2379} INFO - Sync 1 DAGs
[2024-02-25 20:44:14,669] {logging_mixin.py:115} INFO - [2024-02-25 20:44:14,669] {dag.py:2927} INFO - Setting next_dagrun for latest_only_with_trigger to 2024-02-25T19:44:14.669758+00:00, run_after=2024-02-25T23:44:14.669758+00:00
[2024-02-25 20:44:14,682] {processor.py:161} INFO - Processing /home/sheyla/Documents/Repositórios/airflowalura/venv/lib/python3.9/site-packages/airflow/example_dags/example_latest_only_with_trigger.py took 0.076 seconds
[2024-02-25 20:44:49,939] {processor.py:153} INFO - Started process (PID=1964289) to work on /home/sheyla/Documents/Repositórios/airflowalura/venv/lib/python3.9/site-packages/airflow/example_dags/example_latest_only_with_trigger.py
[2024-02-25 20:44:49,945] {processor.py:641} INFO - Processing file /home/sheyla/Documents/Repositórios/airflowalura/venv/lib/python3.9/site-packages/airflow/example_dags/example_latest_only_with_trigger.py for tasks to queue
[2024-02-25 20:44:49,946] {logging_mixin.py:115} INFO - [2024-02-25 20:44:49,946] {dagbag.py:507} INFO - Filling up the DagBag from /home/sheyla/Documents/Repositórios/airflowalura/venv/lib/python3.9/site-packages/airflow/example_dags/example_latest_only_with_trigger.py
[2024-02-25 20:44:49,961] {processor.py:651} INFO - DAG(s) dict_keys(['latest_only_with_trigger']) retrieved from /home/sheyla/Documents/Repositórios/airflowalura/venv/lib/python3.9/site-packages/airflow/example_dags/example_latest_only_with_trigger.py
[2024-02-25 20:44:49,980] {logging_mixin.py:115} INFO - [2024-02-25 20:44:49,980] {dag.py:2379} INFO - Sync 1 DAGs
[2024-02-25 20:44:49,994] {logging_mixin.py:115} INFO - [2024-02-25 20:44:49,994] {dag.py:2927} INFO - Setting next_dagrun for latest_only_with_trigger to 2024-02-25T19:44:49.994526+00:00, run_after=2024-02-25T23:44:49.994526+00:00
[2024-02-25 20:44:50,006] {processor.py:161} INFO - Processing /home/sheyla/Documents/Repositórios/airflowalura/venv/lib/python3.9/site-packages/airflow/example_dags/example_latest_only_with_trigger.py took 0.074 seconds
[2024-02-25 20:45:28,875] {processor.py:153} INFO - Started process (PID=1964695) to work on /home/sheyla/Documents/Repositórios/airflowalura/venv/lib/python3.9/site-packages/airflow/example_dags/example_latest_only_with_trigger.py
[2024-02-25 20:45:28,875] {processor.py:641} INFO - Processing file /home/sheyla/Documents/Repositórios/airflowalura/venv/lib/python3.9/site-packages/airflow/example_dags/example_latest_only_with_trigger.py for tasks to queue
[2024-02-25 20:45:28,876] {logging_mixin.py:115} INFO - [2024-02-25 20:45:28,876] {dagbag.py:507} INFO - Filling up the DagBag from /home/sheyla/Documents/Repositórios/airflowalura/venv/lib/python3.9/site-packages/airflow/example_dags/example_latest_only_with_trigger.py
[2024-02-25 20:45:28,881] {processor.py:651} INFO - DAG(s) dict_keys(['latest_only_with_trigger']) retrieved from /home/sheyla/Documents/Repositórios/airflowalura/venv/lib/python3.9/site-packages/airflow/example_dags/example_latest_only_with_trigger.py
[2024-02-25 20:45:28,894] {logging_mixin.py:115} INFO - [2024-02-25 20:45:28,894] {dag.py:2379} INFO - Sync 1 DAGs
[2024-02-25 20:45:28,908] {logging_mixin.py:115} INFO - [2024-02-25 20:45:28,908] {dag.py:2927} INFO - Setting next_dagrun for latest_only_with_trigger to 2024-02-25T19:45:28.907935+00:00, run_after=2024-02-25T23:45:28.907935+00:00
[2024-02-25 20:45:28,920] {processor.py:161} INFO - Processing /home/sheyla/Documents/Repositórios/airflowalura/venv/lib/python3.9/site-packages/airflow/example_dags/example_latest_only_with_trigger.py took 0.047 seconds
[2024-02-25 20:46:03,718] {processor.py:153} INFO - Started process (PID=1965050) to work on /home/sheyla/Documents/Repositórios/airflowalura/venv/lib/python3.9/site-packages/airflow/example_dags/example_latest_only_with_trigger.py
[2024-02-25 20:46:03,723] {processor.py:641} INFO - Processing file /home/sheyla/Documents/Repositórios/airflowalura/venv/lib/python3.9/site-packages/airflow/example_dags/example_latest_only_with_trigger.py for tasks to queue
[2024-02-25 20:46:03,724] {logging_mixin.py:115} INFO - [2024-02-25 20:46:03,723] {dagbag.py:507} INFO - Filling up the DagBag from /home/sheyla/Documents/Repositórios/airflowalura/venv/lib/python3.9/site-packages/airflow/example_dags/example_latest_only_with_trigger.py
[2024-02-25 20:46:03,728] {processor.py:651} INFO - DAG(s) dict_keys(['latest_only_with_trigger']) retrieved from /home/sheyla/Documents/Repositórios/airflowalura/venv/lib/python3.9/site-packages/airflow/example_dags/example_latest_only_with_trigger.py
[2024-02-25 20:46:03,743] {logging_mixin.py:115} INFO - [2024-02-25 20:46:03,743] {dag.py:2379} INFO - Sync 1 DAGs
[2024-02-25 20:46:03,760] {logging_mixin.py:115} INFO - [2024-02-25 20:46:03,759] {dag.py:2927} INFO - Setting next_dagrun for latest_only_with_trigger to 2024-02-25T19:46:03.759753+00:00, run_after=2024-02-25T23:46:03.759753+00:00
[2024-02-25 20:46:03,773] {processor.py:161} INFO - Processing /home/sheyla/Documents/Repositórios/airflowalura/venv/lib/python3.9/site-packages/airflow/example_dags/example_latest_only_with_trigger.py took 0.058 seconds
[2024-02-25 20:46:41,018] {processor.py:153} INFO - Started process (PID=1965451) to work on /home/sheyla/Documents/Repositórios/airflowalura/venv/lib/python3.9/site-packages/airflow/example_dags/example_latest_only_with_trigger.py
[2024-02-25 20:46:41,024] {processor.py:641} INFO - Processing file /home/sheyla/Documents/Repositórios/airflowalura/venv/lib/python3.9/site-packages/airflow/example_dags/example_latest_only_with_trigger.py for tasks to queue
[2024-02-25 20:46:41,025] {logging_mixin.py:115} INFO - [2024-02-25 20:46:41,025] {dagbag.py:507} INFO - Filling up the DagBag from /home/sheyla/Documents/Repositórios/airflowalura/venv/lib/python3.9/site-packages/airflow/example_dags/example_latest_only_with_trigger.py
[2024-02-25 20:46:41,039] {processor.py:651} INFO - DAG(s) dict_keys(['latest_only_with_trigger']) retrieved from /home/sheyla/Documents/Repositórios/airflowalura/venv/lib/python3.9/site-packages/airflow/example_dags/example_latest_only_with_trigger.py
[2024-02-25 20:46:41,055] {logging_mixin.py:115} INFO - [2024-02-25 20:46:41,055] {dag.py:2379} INFO - Sync 1 DAGs
[2024-02-25 20:46:41,069] {logging_mixin.py:115} INFO - [2024-02-25 20:46:41,069] {dag.py:2927} INFO - Setting next_dagrun for latest_only_with_trigger to 2024-02-25T19:46:41.069428+00:00, run_after=2024-02-25T23:46:41.069428+00:00
[2024-02-25 20:46:41,082] {processor.py:161} INFO - Processing /home/sheyla/Documents/Repositórios/airflowalura/venv/lib/python3.9/site-packages/airflow/example_dags/example_latest_only_with_trigger.py took 0.071 seconds
[2024-02-25 20:47:18,071] {processor.py:153} INFO - Started process (PID=1965963) to work on /home/sheyla/Documents/Repositórios/airflowalura/venv/lib/python3.9/site-packages/airflow/example_dags/example_latest_only_with_trigger.py
[2024-02-25 20:47:18,072] {processor.py:641} INFO - Processing file /home/sheyla/Documents/Repositórios/airflowalura/venv/lib/python3.9/site-packages/airflow/example_dags/example_latest_only_with_trigger.py for tasks to queue
[2024-02-25 20:47:18,072] {logging_mixin.py:115} INFO - [2024-02-25 20:47:18,072] {dagbag.py:507} INFO - Filling up the DagBag from /home/sheyla/Documents/Repositórios/airflowalura/venv/lib/python3.9/site-packages/airflow/example_dags/example_latest_only_with_trigger.py
[2024-02-25 20:47:18,079] {processor.py:651} INFO - DAG(s) dict_keys(['latest_only_with_trigger']) retrieved from /home/sheyla/Documents/Repositórios/airflowalura/venv/lib/python3.9/site-packages/airflow/example_dags/example_latest_only_with_trigger.py
[2024-02-25 20:47:18,097] {logging_mixin.py:115} INFO - [2024-02-25 20:47:18,097] {dag.py:2379} INFO - Sync 1 DAGs
[2024-02-25 20:47:18,113] {logging_mixin.py:115} INFO - [2024-02-25 20:47:18,113] {dag.py:2927} INFO - Setting next_dagrun for latest_only_with_trigger to 2024-02-25T19:47:18.113325+00:00, run_after=2024-02-25T23:47:18.113325+00:00
[2024-02-25 20:47:18,126] {processor.py:161} INFO - Processing /home/sheyla/Documents/Repositórios/airflowalura/venv/lib/python3.9/site-packages/airflow/example_dags/example_latest_only_with_trigger.py took 0.057 seconds
[2024-02-25 20:47:53,024] {processor.py:153} INFO - Started process (PID=1966500) to work on /home/sheyla/Documents/Repositórios/airflowalura/venv/lib/python3.9/site-packages/airflow/example_dags/example_latest_only_with_trigger.py
[2024-02-25 20:47:53,025] {processor.py:641} INFO - Processing file /home/sheyla/Documents/Repositórios/airflowalura/venv/lib/python3.9/site-packages/airflow/example_dags/example_latest_only_with_trigger.py for tasks to queue
[2024-02-25 20:47:53,026] {logging_mixin.py:115} INFO - [2024-02-25 20:47:53,026] {dagbag.py:507} INFO - Filling up the DagBag from /home/sheyla/Documents/Repositórios/airflowalura/venv/lib/python3.9/site-packages/airflow/example_dags/example_latest_only_with_trigger.py
[2024-02-25 20:47:53,030] {processor.py:651} INFO - DAG(s) dict_keys(['latest_only_with_trigger']) retrieved from /home/sheyla/Documents/Repositórios/airflowalura/venv/lib/python3.9/site-packages/airflow/example_dags/example_latest_only_with_trigger.py
[2024-02-25 20:47:53,041] {logging_mixin.py:115} INFO - [2024-02-25 20:47:53,041] {dag.py:2379} INFO - Sync 1 DAGs
[2024-02-25 20:47:53,053] {logging_mixin.py:115} INFO - [2024-02-25 20:47:53,053] {dag.py:2927} INFO - Setting next_dagrun for latest_only_with_trigger to 2024-02-25T19:47:53.053591+00:00, run_after=2024-02-25T23:47:53.053591+00:00
[2024-02-25 20:47:53,066] {processor.py:161} INFO - Processing /home/sheyla/Documents/Repositórios/airflowalura/venv/lib/python3.9/site-packages/airflow/example_dags/example_latest_only_with_trigger.py took 0.044 seconds
[2024-02-25 20:48:27,913] {processor.py:153} INFO - Started process (PID=1967011) to work on /home/sheyla/Documents/Repositórios/airflowalura/venv/lib/python3.9/site-packages/airflow/example_dags/example_latest_only_with_trigger.py
[2024-02-25 20:48:27,914] {processor.py:641} INFO - Processing file /home/sheyla/Documents/Repositórios/airflowalura/venv/lib/python3.9/site-packages/airflow/example_dags/example_latest_only_with_trigger.py for tasks to queue
[2024-02-25 20:48:27,914] {logging_mixin.py:115} INFO - [2024-02-25 20:48:27,914] {dagbag.py:507} INFO - Filling up the DagBag from /home/sheyla/Documents/Repositórios/airflowalura/venv/lib/python3.9/site-packages/airflow/example_dags/example_latest_only_with_trigger.py
[2024-02-25 20:48:27,918] {processor.py:651} INFO - DAG(s) dict_keys(['latest_only_with_trigger']) retrieved from /home/sheyla/Documents/Repositórios/airflowalura/venv/lib/python3.9/site-packages/airflow/example_dags/example_latest_only_with_trigger.py
[2024-02-25 20:48:27,932] {logging_mixin.py:115} INFO - [2024-02-25 20:48:27,932] {dag.py:2379} INFO - Sync 1 DAGs
[2024-02-25 20:48:27,948] {logging_mixin.py:115} INFO - [2024-02-25 20:48:27,948] {dag.py:2927} INFO - Setting next_dagrun for latest_only_with_trigger to 2024-02-25T19:48:27.948364+00:00, run_after=2024-02-25T23:48:27.948364+00:00
[2024-02-25 20:48:27,961] {processor.py:161} INFO - Processing /home/sheyla/Documents/Repositórios/airflowalura/venv/lib/python3.9/site-packages/airflow/example_dags/example_latest_only_with_trigger.py took 0.050 seconds
