[2024-02-25 20:34:06,486] {processor.py:153} INFO - Started process (PID=1957562) to work on /home/sheyla/Documents/Repositórios/airflowalura/venv/lib/python3.9/site-packages/airflow/example_dags/example_bash_operator.py
[2024-02-25 20:34:06,486] {processor.py:641} INFO - Processing file /home/sheyla/Documents/Repositórios/airflowalura/venv/lib/python3.9/site-packages/airflow/example_dags/example_bash_operator.py for tasks to queue
[2024-02-25 20:34:06,487] {logging_mixin.py:115} INFO - [2024-02-25 20:34:06,487] {dagbag.py:507} INFO - Filling up the DagBag from /home/sheyla/Documents/Repositórios/airflowalura/venv/lib/python3.9/site-packages/airflow/example_dags/example_bash_operator.py
[2024-02-25 20:34:06,498] {processor.py:651} INFO - DAG(s) dict_keys(['example_bash_operator']) retrieved from /home/sheyla/Documents/Repositórios/airflowalura/venv/lib/python3.9/site-packages/airflow/example_dags/example_bash_operator.py
[2024-02-25 20:34:06,515] {logging_mixin.py:115} INFO - [2024-02-25 20:34:06,515] {dag.py:2379} INFO - Sync 1 DAGs
[2024-02-25 20:34:06,540] {logging_mixin.py:115} INFO - [2024-02-25 20:34:06,540] {dag.py:2927} INFO - Setting next_dagrun for example_bash_operator to 2024-02-24T00:00:00+00:00, run_after=2024-02-25T00:00:00+00:00
[2024-02-25 20:34:06,562] {processor.py:161} INFO - Processing /home/sheyla/Documents/Repositórios/airflowalura/venv/lib/python3.9/site-packages/airflow/example_dags/example_bash_operator.py took 0.079 seconds
[2024-02-25 20:34:46,559] {processor.py:153} INFO - Started process (PID=1958039) to work on /home/sheyla/Documents/Repositórios/airflowalura/venv/lib/python3.9/site-packages/airflow/example_dags/example_bash_operator.py
[2024-02-25 20:34:46,560] {processor.py:641} INFO - Processing file /home/sheyla/Documents/Repositórios/airflowalura/venv/lib/python3.9/site-packages/airflow/example_dags/example_bash_operator.py for tasks to queue
[2024-02-25 20:34:46,561] {logging_mixin.py:115} INFO - [2024-02-25 20:34:46,561] {dagbag.py:507} INFO - Filling up the DagBag from /home/sheyla/Documents/Repositórios/airflowalura/venv/lib/python3.9/site-packages/airflow/example_dags/example_bash_operator.py
[2024-02-25 20:34:46,584] {processor.py:651} INFO - DAG(s) dict_keys(['example_bash_operator']) retrieved from /home/sheyla/Documents/Repositórios/airflowalura/venv/lib/python3.9/site-packages/airflow/example_dags/example_bash_operator.py
[2024-02-25 20:34:46,599] {logging_mixin.py:115} INFO - [2024-02-25 20:34:46,599] {dag.py:2379} INFO - Sync 1 DAGs
[2024-02-25 20:34:46,614] {logging_mixin.py:115} INFO - [2024-02-25 20:34:46,614] {dag.py:2927} INFO - Setting next_dagrun for example_bash_operator to 2024-02-24T00:00:00+00:00, run_after=2024-02-25T00:00:00+00:00
[2024-02-25 20:34:46,631] {processor.py:161} INFO - Processing /home/sheyla/Documents/Repositórios/airflowalura/venv/lib/python3.9/site-packages/airflow/example_dags/example_bash_operator.py took 0.078 seconds
[2024-02-25 20:35:25,633] {processor.py:153} INFO - Started process (PID=1958437) to work on /home/sheyla/Documents/Repositórios/airflowalura/venv/lib/python3.9/site-packages/airflow/example_dags/example_bash_operator.py
[2024-02-25 20:35:25,639] {processor.py:641} INFO - Processing file /home/sheyla/Documents/Repositórios/airflowalura/venv/lib/python3.9/site-packages/airflow/example_dags/example_bash_operator.py for tasks to queue
[2024-02-25 20:35:25,640] {logging_mixin.py:115} INFO - [2024-02-25 20:35:25,640] {dagbag.py:507} INFO - Filling up the DagBag from /home/sheyla/Documents/Repositórios/airflowalura/venv/lib/python3.9/site-packages/airflow/example_dags/example_bash_operator.py
[2024-02-25 20:35:25,665] {processor.py:651} INFO - DAG(s) dict_keys(['example_bash_operator']) retrieved from /home/sheyla/Documents/Repositórios/airflowalura/venv/lib/python3.9/site-packages/airflow/example_dags/example_bash_operator.py
[2024-02-25 20:35:25,680] {logging_mixin.py:115} INFO - [2024-02-25 20:35:25,680] {dag.py:2379} INFO - Sync 1 DAGs
[2024-02-25 20:35:25,695] {logging_mixin.py:115} INFO - [2024-02-25 20:35:25,695] {dag.py:2927} INFO - Setting next_dagrun for example_bash_operator to 2024-02-24T00:00:00+00:00, run_after=2024-02-25T00:00:00+00:00
[2024-02-25 20:35:25,715] {processor.py:161} INFO - Processing /home/sheyla/Documents/Repositórios/airflowalura/venv/lib/python3.9/site-packages/airflow/example_dags/example_bash_operator.py took 0.088 seconds
[2024-02-25 20:36:01,688] {processor.py:153} INFO - Started process (PID=1958809) to work on /home/sheyla/Documents/Repositórios/airflowalura/venv/lib/python3.9/site-packages/airflow/example_dags/example_bash_operator.py
[2024-02-25 20:36:01,694] {processor.py:641} INFO - Processing file /home/sheyla/Documents/Repositórios/airflowalura/venv/lib/python3.9/site-packages/airflow/example_dags/example_bash_operator.py for tasks to queue
[2024-02-25 20:36:01,696] {logging_mixin.py:115} INFO - [2024-02-25 20:36:01,696] {dagbag.py:507} INFO - Filling up the DagBag from /home/sheyla/Documents/Repositórios/airflowalura/venv/lib/python3.9/site-packages/airflow/example_dags/example_bash_operator.py
[2024-02-25 20:36:01,720] {processor.py:651} INFO - DAG(s) dict_keys(['example_bash_operator']) retrieved from /home/sheyla/Documents/Repositórios/airflowalura/venv/lib/python3.9/site-packages/airflow/example_dags/example_bash_operator.py
[2024-02-25 20:36:01,735] {logging_mixin.py:115} INFO - [2024-02-25 20:36:01,735] {dag.py:2379} INFO - Sync 1 DAGs
[2024-02-25 20:36:01,749] {logging_mixin.py:115} INFO - [2024-02-25 20:36:01,749] {dag.py:2927} INFO - Setting next_dagrun for example_bash_operator to 2024-02-24T00:00:00+00:00, run_after=2024-02-25T00:00:00+00:00
[2024-02-25 20:36:01,761] {processor.py:161} INFO - Processing /home/sheyla/Documents/Repositórios/airflowalura/venv/lib/python3.9/site-packages/airflow/example_dags/example_bash_operator.py took 0.080 seconds
[2024-02-25 20:36:39,688] {processor.py:153} INFO - Started process (PID=1959225) to work on /home/sheyla/Documents/Repositórios/airflowalura/venv/lib/python3.9/site-packages/airflow/example_dags/example_bash_operator.py
[2024-02-25 20:36:39,693] {processor.py:641} INFO - Processing file /home/sheyla/Documents/Repositórios/airflowalura/venv/lib/python3.9/site-packages/airflow/example_dags/example_bash_operator.py for tasks to queue
[2024-02-25 20:36:39,694] {logging_mixin.py:115} INFO - [2024-02-25 20:36:39,693] {dagbag.py:507} INFO - Filling up the DagBag from /home/sheyla/Documents/Repositórios/airflowalura/venv/lib/python3.9/site-packages/airflow/example_dags/example_bash_operator.py
[2024-02-25 20:36:39,709] {processor.py:651} INFO - DAG(s) dict_keys(['example_bash_operator']) retrieved from /home/sheyla/Documents/Repositórios/airflowalura/venv/lib/python3.9/site-packages/airflow/example_dags/example_bash_operator.py
[2024-02-25 20:36:39,729] {logging_mixin.py:115} INFO - [2024-02-25 20:36:39,729] {dag.py:2379} INFO - Sync 1 DAGs
[2024-02-25 20:36:39,745] {logging_mixin.py:115} INFO - [2024-02-25 20:36:39,745] {dag.py:2927} INFO - Setting next_dagrun for example_bash_operator to 2024-02-24T00:00:00+00:00, run_after=2024-02-25T00:00:00+00:00
[2024-02-25 20:36:39,758] {processor.py:161} INFO - Processing /home/sheyla/Documents/Repositórios/airflowalura/venv/lib/python3.9/site-packages/airflow/example_dags/example_bash_operator.py took 0.073 seconds
[2024-02-25 20:37:20,113] {processor.py:153} INFO - Started process (PID=1959643) to work on /home/sheyla/Documents/Repositórios/airflowalura/venv/lib/python3.9/site-packages/airflow/example_dags/example_bash_operator.py
[2024-02-25 20:37:20,119] {processor.py:641} INFO - Processing file /home/sheyla/Documents/Repositórios/airflowalura/venv/lib/python3.9/site-packages/airflow/example_dags/example_bash_operator.py for tasks to queue
[2024-02-25 20:37:20,120] {logging_mixin.py:115} INFO - [2024-02-25 20:37:20,120] {dagbag.py:507} INFO - Filling up the DagBag from /home/sheyla/Documents/Repositórios/airflowalura/venv/lib/python3.9/site-packages/airflow/example_dags/example_bash_operator.py
[2024-02-25 20:37:20,149] {processor.py:651} INFO - DAG(s) dict_keys(['example_bash_operator']) retrieved from /home/sheyla/Documents/Repositórios/airflowalura/venv/lib/python3.9/site-packages/airflow/example_dags/example_bash_operator.py
[2024-02-25 20:37:20,167] {logging_mixin.py:115} INFO - [2024-02-25 20:37:20,167] {dag.py:2379} INFO - Sync 1 DAGs
[2024-02-25 20:37:20,182] {logging_mixin.py:115} INFO - [2024-02-25 20:37:20,181] {dag.py:2927} INFO - Setting next_dagrun for example_bash_operator to 2024-02-24T00:00:00+00:00, run_after=2024-02-25T00:00:00+00:00
[2024-02-25 20:37:20,196] {processor.py:161} INFO - Processing /home/sheyla/Documents/Repositórios/airflowalura/venv/lib/python3.9/site-packages/airflow/example_dags/example_bash_operator.py took 0.086 seconds
[2024-02-25 20:37:56,113] {processor.py:153} INFO - Started process (PID=1960004) to work on /home/sheyla/Documents/Repositórios/airflowalura/venv/lib/python3.9/site-packages/airflow/example_dags/example_bash_operator.py
[2024-02-25 20:37:56,119] {processor.py:641} INFO - Processing file /home/sheyla/Documents/Repositórios/airflowalura/venv/lib/python3.9/site-packages/airflow/example_dags/example_bash_operator.py for tasks to queue
[2024-02-25 20:37:56,120] {logging_mixin.py:115} INFO - [2024-02-25 20:37:56,120] {dagbag.py:507} INFO - Filling up the DagBag from /home/sheyla/Documents/Repositórios/airflowalura/venv/lib/python3.9/site-packages/airflow/example_dags/example_bash_operator.py
[2024-02-25 20:37:56,144] {processor.py:651} INFO - DAG(s) dict_keys(['example_bash_operator']) retrieved from /home/sheyla/Documents/Repositórios/airflowalura/venv/lib/python3.9/site-packages/airflow/example_dags/example_bash_operator.py
[2024-02-25 20:37:56,160] {logging_mixin.py:115} INFO - [2024-02-25 20:37:56,160] {dag.py:2379} INFO - Sync 1 DAGs
[2024-02-25 20:37:56,174] {logging_mixin.py:115} INFO - [2024-02-25 20:37:56,174] {dag.py:2927} INFO - Setting next_dagrun for example_bash_operator to 2024-02-24T00:00:00+00:00, run_after=2024-02-25T00:00:00+00:00
[2024-02-25 20:37:56,187] {processor.py:161} INFO - Processing /home/sheyla/Documents/Repositórios/airflowalura/venv/lib/python3.9/site-packages/airflow/example_dags/example_bash_operator.py took 0.081 seconds
[2024-02-25 20:38:36,221] {processor.py:153} INFO - Started process (PID=1960414) to work on /home/sheyla/Documents/Repositórios/airflowalura/venv/lib/python3.9/site-packages/airflow/example_dags/example_bash_operator.py
[2024-02-25 20:38:36,227] {processor.py:641} INFO - Processing file /home/sheyla/Documents/Repositórios/airflowalura/venv/lib/python3.9/site-packages/airflow/example_dags/example_bash_operator.py for tasks to queue
[2024-02-25 20:38:36,228] {logging_mixin.py:115} INFO - [2024-02-25 20:38:36,228] {dagbag.py:507} INFO - Filling up the DagBag from /home/sheyla/Documents/Repositórios/airflowalura/venv/lib/python3.9/site-packages/airflow/example_dags/example_bash_operator.py
[2024-02-25 20:38:36,252] {processor.py:651} INFO - DAG(s) dict_keys(['example_bash_operator']) retrieved from /home/sheyla/Documents/Repositórios/airflowalura/venv/lib/python3.9/site-packages/airflow/example_dags/example_bash_operator.py
[2024-02-25 20:38:36,267] {logging_mixin.py:115} INFO - [2024-02-25 20:38:36,267] {dag.py:2379} INFO - Sync 1 DAGs
[2024-02-25 20:38:36,281] {logging_mixin.py:115} INFO - [2024-02-25 20:38:36,281] {dag.py:2927} INFO - Setting next_dagrun for example_bash_operator to 2024-02-24T00:00:00+00:00, run_after=2024-02-25T00:00:00+00:00
[2024-02-25 20:38:36,293] {processor.py:161} INFO - Processing /home/sheyla/Documents/Repositórios/airflowalura/venv/lib/python3.9/site-packages/airflow/example_dags/example_bash_operator.py took 0.079 seconds
[2024-02-25 20:39:10,414] {processor.py:153} INFO - Started process (PID=1960771) to work on /home/sheyla/Documents/Repositórios/airflowalura/venv/lib/python3.9/site-packages/airflow/example_dags/example_bash_operator.py
[2024-02-25 20:39:10,419] {processor.py:641} INFO - Processing file /home/sheyla/Documents/Repositórios/airflowalura/venv/lib/python3.9/site-packages/airflow/example_dags/example_bash_operator.py for tasks to queue
[2024-02-25 20:39:10,420] {logging_mixin.py:115} INFO - [2024-02-25 20:39:10,420] {dagbag.py:507} INFO - Filling up the DagBag from /home/sheyla/Documents/Repositórios/airflowalura/venv/lib/python3.9/site-packages/airflow/example_dags/example_bash_operator.py
[2024-02-25 20:39:10,440] {processor.py:651} INFO - DAG(s) dict_keys(['example_bash_operator']) retrieved from /home/sheyla/Documents/Repositórios/airflowalura/venv/lib/python3.9/site-packages/airflow/example_dags/example_bash_operator.py
[2024-02-25 20:39:10,460] {logging_mixin.py:115} INFO - [2024-02-25 20:39:10,459] {dag.py:2379} INFO - Sync 1 DAGs
[2024-02-25 20:39:10,475] {logging_mixin.py:115} INFO - [2024-02-25 20:39:10,475] {dag.py:2927} INFO - Setting next_dagrun for example_bash_operator to 2024-02-24T00:00:00+00:00, run_after=2024-02-25T00:00:00+00:00
[2024-02-25 20:39:10,492] {processor.py:161} INFO - Processing /home/sheyla/Documents/Repositórios/airflowalura/venv/lib/python3.9/site-packages/airflow/example_dags/example_bash_operator.py took 0.082 seconds
[2024-02-25 20:39:48,199] {processor.py:153} INFO - Started process (PID=1961165) to work on /home/sheyla/Documents/Repositórios/airflowalura/venv/lib/python3.9/site-packages/airflow/example_dags/example_bash_operator.py
[2024-02-25 20:39:48,204] {processor.py:641} INFO - Processing file /home/sheyla/Documents/Repositórios/airflowalura/venv/lib/python3.9/site-packages/airflow/example_dags/example_bash_operator.py for tasks to queue
[2024-02-25 20:39:48,205] {logging_mixin.py:115} INFO - [2024-02-25 20:39:48,204] {dagbag.py:507} INFO - Filling up the DagBag from /home/sheyla/Documents/Repositórios/airflowalura/venv/lib/python3.9/site-packages/airflow/example_dags/example_bash_operator.py
[2024-02-25 20:39:48,215] {processor.py:651} INFO - DAG(s) dict_keys(['example_bash_operator']) retrieved from /home/sheyla/Documents/Repositórios/airflowalura/venv/lib/python3.9/site-packages/airflow/example_dags/example_bash_operator.py
[2024-02-25 20:39:48,226] {logging_mixin.py:115} INFO - [2024-02-25 20:39:48,226] {dag.py:2379} INFO - Sync 1 DAGs
[2024-02-25 20:39:48,239] {logging_mixin.py:115} INFO - [2024-02-25 20:39:48,239] {dag.py:2927} INFO - Setting next_dagrun for example_bash_operator to 2024-02-24T00:00:00+00:00, run_after=2024-02-25T00:00:00+00:00
[2024-02-25 20:39:48,260] {processor.py:161} INFO - Processing /home/sheyla/Documents/Repositórios/airflowalura/venv/lib/python3.9/site-packages/airflow/example_dags/example_bash_operator.py took 0.065 seconds
[2024-02-25 20:40:23,601] {processor.py:153} INFO - Started process (PID=1961533) to work on /home/sheyla/Documents/Repositórios/airflowalura/venv/lib/python3.9/site-packages/airflow/example_dags/example_bash_operator.py
[2024-02-25 20:40:23,602] {processor.py:641} INFO - Processing file /home/sheyla/Documents/Repositórios/airflowalura/venv/lib/python3.9/site-packages/airflow/example_dags/example_bash_operator.py for tasks to queue
[2024-02-25 20:40:23,603] {logging_mixin.py:115} INFO - [2024-02-25 20:40:23,603] {dagbag.py:507} INFO - Filling up the DagBag from /home/sheyla/Documents/Repositórios/airflowalura/venv/lib/python3.9/site-packages/airflow/example_dags/example_bash_operator.py
[2024-02-25 20:40:23,630] {processor.py:651} INFO - DAG(s) dict_keys(['example_bash_operator']) retrieved from /home/sheyla/Documents/Repositórios/airflowalura/venv/lib/python3.9/site-packages/airflow/example_dags/example_bash_operator.py
[2024-02-25 20:40:23,646] {logging_mixin.py:115} INFO - [2024-02-25 20:40:23,646] {dag.py:2379} INFO - Sync 1 DAGs
[2024-02-25 20:40:23,660] {logging_mixin.py:115} INFO - [2024-02-25 20:40:23,660] {dag.py:2927} INFO - Setting next_dagrun for example_bash_operator to 2024-02-24T00:00:00+00:00, run_after=2024-02-25T00:00:00+00:00
[2024-02-25 20:40:23,672] {processor.py:161} INFO - Processing /home/sheyla/Documents/Repositórios/airflowalura/venv/lib/python3.9/site-packages/airflow/example_dags/example_bash_operator.py took 0.078 seconds
[2024-02-25 20:41:01,877] {processor.py:153} INFO - Started process (PID=1961918) to work on /home/sheyla/Documents/Repositórios/airflowalura/venv/lib/python3.9/site-packages/airflow/example_dags/example_bash_operator.py
[2024-02-25 20:41:01,883] {processor.py:641} INFO - Processing file /home/sheyla/Documents/Repositórios/airflowalura/venv/lib/python3.9/site-packages/airflow/example_dags/example_bash_operator.py for tasks to queue
[2024-02-25 20:41:01,883] {logging_mixin.py:115} INFO - [2024-02-25 20:41:01,883] {dagbag.py:507} INFO - Filling up the DagBag from /home/sheyla/Documents/Repositórios/airflowalura/venv/lib/python3.9/site-packages/airflow/example_dags/example_bash_operator.py
[2024-02-25 20:41:01,896] {processor.py:651} INFO - DAG(s) dict_keys(['example_bash_operator']) retrieved from /home/sheyla/Documents/Repositórios/airflowalura/venv/lib/python3.9/site-packages/airflow/example_dags/example_bash_operator.py
[2024-02-25 20:41:01,915] {logging_mixin.py:115} INFO - [2024-02-25 20:41:01,915] {dag.py:2379} INFO - Sync 1 DAGs
[2024-02-25 20:41:01,930] {logging_mixin.py:115} INFO - [2024-02-25 20:41:01,930] {dag.py:2927} INFO - Setting next_dagrun for example_bash_operator to 2024-02-24T00:00:00+00:00, run_after=2024-02-25T00:00:00+00:00
[2024-02-25 20:41:01,943] {processor.py:161} INFO - Processing /home/sheyla/Documents/Repositórios/airflowalura/venv/lib/python3.9/site-packages/airflow/example_dags/example_bash_operator.py took 0.069 seconds
[2024-02-25 20:41:37,260] {processor.py:153} INFO - Started process (PID=1962309) to work on /home/sheyla/Documents/Repositórios/airflowalura/venv/lib/python3.9/site-packages/airflow/example_dags/example_bash_operator.py
[2024-02-25 20:41:37,261] {processor.py:641} INFO - Processing file /home/sheyla/Documents/Repositórios/airflowalura/venv/lib/python3.9/site-packages/airflow/example_dags/example_bash_operator.py for tasks to queue
[2024-02-25 20:41:37,262] {logging_mixin.py:115} INFO - [2024-02-25 20:41:37,262] {dagbag.py:507} INFO - Filling up the DagBag from /home/sheyla/Documents/Repositórios/airflowalura/venv/lib/python3.9/site-packages/airflow/example_dags/example_bash_operator.py
[2024-02-25 20:41:37,269] {processor.py:651} INFO - DAG(s) dict_keys(['example_bash_operator']) retrieved from /home/sheyla/Documents/Repositórios/airflowalura/venv/lib/python3.9/site-packages/airflow/example_dags/example_bash_operator.py
[2024-02-25 20:41:37,280] {logging_mixin.py:115} INFO - [2024-02-25 20:41:37,280] {dag.py:2379} INFO - Sync 1 DAGs
[2024-02-25 20:41:37,294] {logging_mixin.py:115} INFO - [2024-02-25 20:41:37,294] {dag.py:2927} INFO - Setting next_dagrun for example_bash_operator to 2024-02-24T00:00:00+00:00, run_after=2024-02-25T00:00:00+00:00
[2024-02-25 20:41:37,304] {processor.py:161} INFO - Processing /home/sheyla/Documents/Repositórios/airflowalura/venv/lib/python3.9/site-packages/airflow/example_dags/example_bash_operator.py took 0.047 seconds
[2024-02-25 20:42:18,435] {processor.py:153} INFO - Started process (PID=1962741) to work on /home/sheyla/Documents/Repositórios/airflowalura/venv/lib/python3.9/site-packages/airflow/example_dags/example_bash_operator.py
[2024-02-25 20:42:18,436] {processor.py:641} INFO - Processing file /home/sheyla/Documents/Repositórios/airflowalura/venv/lib/python3.9/site-packages/airflow/example_dags/example_bash_operator.py for tasks to queue
[2024-02-25 20:42:18,436] {logging_mixin.py:115} INFO - [2024-02-25 20:42:18,436] {dagbag.py:507} INFO - Filling up the DagBag from /home/sheyla/Documents/Repositórios/airflowalura/venv/lib/python3.9/site-packages/airflow/example_dags/example_bash_operator.py
[2024-02-25 20:42:18,450] {processor.py:651} INFO - DAG(s) dict_keys(['example_bash_operator']) retrieved from /home/sheyla/Documents/Repositórios/airflowalura/venv/lib/python3.9/site-packages/airflow/example_dags/example_bash_operator.py
[2024-02-25 20:42:18,461] {logging_mixin.py:115} INFO - [2024-02-25 20:42:18,461] {dag.py:2379} INFO - Sync 1 DAGs
[2024-02-25 20:42:18,474] {logging_mixin.py:115} INFO - [2024-02-25 20:42:18,474] {dag.py:2927} INFO - Setting next_dagrun for example_bash_operator to 2024-02-24T00:00:00+00:00, run_after=2024-02-25T00:00:00+00:00
[2024-02-25 20:42:18,485] {processor.py:161} INFO - Processing /home/sheyla/Documents/Repositórios/airflowalura/venv/lib/python3.9/site-packages/airflow/example_dags/example_bash_operator.py took 0.053 seconds
[2024-02-25 20:42:59,021] {processor.py:153} INFO - Started process (PID=1963158) to work on /home/sheyla/Documents/Repositórios/airflowalura/venv/lib/python3.9/site-packages/airflow/example_dags/example_bash_operator.py
[2024-02-25 20:42:59,028] {processor.py:641} INFO - Processing file /home/sheyla/Documents/Repositórios/airflowalura/venv/lib/python3.9/site-packages/airflow/example_dags/example_bash_operator.py for tasks to queue
[2024-02-25 20:42:59,029] {logging_mixin.py:115} INFO - [2024-02-25 20:42:59,029] {dagbag.py:507} INFO - Filling up the DagBag from /home/sheyla/Documents/Repositórios/airflowalura/venv/lib/python3.9/site-packages/airflow/example_dags/example_bash_operator.py
[2024-02-25 20:42:59,052] {processor.py:651} INFO - DAG(s) dict_keys(['example_bash_operator']) retrieved from /home/sheyla/Documents/Repositórios/airflowalura/venv/lib/python3.9/site-packages/airflow/example_dags/example_bash_operator.py
[2024-02-25 20:42:59,066] {logging_mixin.py:115} INFO - [2024-02-25 20:42:59,066] {dag.py:2379} INFO - Sync 1 DAGs
[2024-02-25 20:42:59,080] {logging_mixin.py:115} INFO - [2024-02-25 20:42:59,080] {dag.py:2927} INFO - Setting next_dagrun for example_bash_operator to 2024-02-24T00:00:00+00:00, run_after=2024-02-25T00:00:00+00:00
[2024-02-25 20:42:59,092] {processor.py:161} INFO - Processing /home/sheyla/Documents/Repositórios/airflowalura/venv/lib/python3.9/site-packages/airflow/example_dags/example_bash_operator.py took 0.078 seconds
[2024-02-25 20:43:36,754] {processor.py:153} INFO - Started process (PID=1963534) to work on /home/sheyla/Documents/Repositórios/airflowalura/venv/lib/python3.9/site-packages/airflow/example_dags/example_bash_operator.py
[2024-02-25 20:43:36,760] {processor.py:641} INFO - Processing file /home/sheyla/Documents/Repositórios/airflowalura/venv/lib/python3.9/site-packages/airflow/example_dags/example_bash_operator.py for tasks to queue
[2024-02-25 20:43:36,762] {logging_mixin.py:115} INFO - [2024-02-25 20:43:36,761] {dagbag.py:507} INFO - Filling up the DagBag from /home/sheyla/Documents/Repositórios/airflowalura/venv/lib/python3.9/site-packages/airflow/example_dags/example_bash_operator.py
[2024-02-25 20:43:36,785] {processor.py:651} INFO - DAG(s) dict_keys(['example_bash_operator']) retrieved from /home/sheyla/Documents/Repositórios/airflowalura/venv/lib/python3.9/site-packages/airflow/example_dags/example_bash_operator.py
[2024-02-25 20:43:36,800] {logging_mixin.py:115} INFO - [2024-02-25 20:43:36,800] {dag.py:2379} INFO - Sync 1 DAGs
[2024-02-25 20:43:36,814] {logging_mixin.py:115} INFO - [2024-02-25 20:43:36,814] {dag.py:2927} INFO - Setting next_dagrun for example_bash_operator to 2024-02-24T00:00:00+00:00, run_after=2024-02-25T00:00:00+00:00
[2024-02-25 20:43:36,828] {processor.py:161} INFO - Processing /home/sheyla/Documents/Repositórios/airflowalura/venv/lib/python3.9/site-packages/airflow/example_dags/example_bash_operator.py took 0.080 seconds
[2024-02-25 20:44:16,832] {processor.py:153} INFO - Started process (PID=1963947) to work on /home/sheyla/Documents/Repositórios/airflowalura/venv/lib/python3.9/site-packages/airflow/example_dags/example_bash_operator.py
[2024-02-25 20:44:16,837] {processor.py:641} INFO - Processing file /home/sheyla/Documents/Repositórios/airflowalura/venv/lib/python3.9/site-packages/airflow/example_dags/example_bash_operator.py for tasks to queue
[2024-02-25 20:44:16,838] {logging_mixin.py:115} INFO - [2024-02-25 20:44:16,838] {dagbag.py:507} INFO - Filling up the DagBag from /home/sheyla/Documents/Repositórios/airflowalura/venv/lib/python3.9/site-packages/airflow/example_dags/example_bash_operator.py
[2024-02-25 20:44:16,851] {processor.py:651} INFO - DAG(s) dict_keys(['example_bash_operator']) retrieved from /home/sheyla/Documents/Repositórios/airflowalura/venv/lib/python3.9/site-packages/airflow/example_dags/example_bash_operator.py
[2024-02-25 20:44:16,869] {logging_mixin.py:115} INFO - [2024-02-25 20:44:16,869] {dag.py:2379} INFO - Sync 1 DAGs
[2024-02-25 20:44:16,885] {logging_mixin.py:115} INFO - [2024-02-25 20:44:16,884] {dag.py:2927} INFO - Setting next_dagrun for example_bash_operator to 2024-02-24T00:00:00+00:00, run_after=2024-02-25T00:00:00+00:00
[2024-02-25 20:44:16,902] {processor.py:161} INFO - Processing /home/sheyla/Documents/Repositórios/airflowalura/venv/lib/python3.9/site-packages/airflow/example_dags/example_bash_operator.py took 0.074 seconds
[2024-02-25 20:44:56,239] {processor.py:153} INFO - Started process (PID=1964349) to work on /home/sheyla/Documents/Repositórios/airflowalura/venv/lib/python3.9/site-packages/airflow/example_dags/example_bash_operator.py
[2024-02-25 20:44:56,245] {processor.py:641} INFO - Processing file /home/sheyla/Documents/Repositórios/airflowalura/venv/lib/python3.9/site-packages/airflow/example_dags/example_bash_operator.py for tasks to queue
[2024-02-25 20:44:56,246] {logging_mixin.py:115} INFO - [2024-02-25 20:44:56,246] {dagbag.py:507} INFO - Filling up the DagBag from /home/sheyla/Documents/Repositórios/airflowalura/venv/lib/python3.9/site-packages/airflow/example_dags/example_bash_operator.py
[2024-02-25 20:44:56,269] {processor.py:651} INFO - DAG(s) dict_keys(['example_bash_operator']) retrieved from /home/sheyla/Documents/Repositórios/airflowalura/venv/lib/python3.9/site-packages/airflow/example_dags/example_bash_operator.py
[2024-02-25 20:44:56,284] {logging_mixin.py:115} INFO - [2024-02-25 20:44:56,284] {dag.py:2379} INFO - Sync 1 DAGs
[2024-02-25 20:44:56,298] {logging_mixin.py:115} INFO - [2024-02-25 20:44:56,298] {dag.py:2927} INFO - Setting next_dagrun for example_bash_operator to 2024-02-24T00:00:00+00:00, run_after=2024-02-25T00:00:00+00:00
[2024-02-25 20:44:56,316] {processor.py:161} INFO - Processing /home/sheyla/Documents/Repositórios/airflowalura/venv/lib/python3.9/site-packages/airflow/example_dags/example_bash_operator.py took 0.084 seconds
[2024-02-25 20:45:35,664] {processor.py:153} INFO - Started process (PID=1964762) to work on /home/sheyla/Documents/Repositórios/airflowalura/venv/lib/python3.9/site-packages/airflow/example_dags/example_bash_operator.py
[2024-02-25 20:45:35,670] {processor.py:641} INFO - Processing file /home/sheyla/Documents/Repositórios/airflowalura/venv/lib/python3.9/site-packages/airflow/example_dags/example_bash_operator.py for tasks to queue
[2024-02-25 20:45:35,671] {logging_mixin.py:115} INFO - [2024-02-25 20:45:35,671] {dagbag.py:507} INFO - Filling up the DagBag from /home/sheyla/Documents/Repositórios/airflowalura/venv/lib/python3.9/site-packages/airflow/example_dags/example_bash_operator.py
[2024-02-25 20:45:35,697] {processor.py:651} INFO - DAG(s) dict_keys(['example_bash_operator']) retrieved from /home/sheyla/Documents/Repositórios/airflowalura/venv/lib/python3.9/site-packages/airflow/example_dags/example_bash_operator.py
[2024-02-25 20:45:35,712] {logging_mixin.py:115} INFO - [2024-02-25 20:45:35,712] {dag.py:2379} INFO - Sync 1 DAGs
[2024-02-25 20:45:35,726] {logging_mixin.py:115} INFO - [2024-02-25 20:45:35,726] {dag.py:2927} INFO - Setting next_dagrun for example_bash_operator to 2024-02-24T00:00:00+00:00, run_after=2024-02-25T00:00:00+00:00
[2024-02-25 20:45:35,739] {processor.py:161} INFO - Processing /home/sheyla/Documents/Repositórios/airflowalura/venv/lib/python3.9/site-packages/airflow/example_dags/example_bash_operator.py took 0.081 seconds
[2024-02-25 20:46:15,592] {processor.py:153} INFO - Started process (PID=1965170) to work on /home/sheyla/Documents/Repositórios/airflowalura/venv/lib/python3.9/site-packages/airflow/example_dags/example_bash_operator.py
[2024-02-25 20:46:15,598] {processor.py:641} INFO - Processing file /home/sheyla/Documents/Repositórios/airflowalura/venv/lib/python3.9/site-packages/airflow/example_dags/example_bash_operator.py for tasks to queue
[2024-02-25 20:46:15,599] {logging_mixin.py:115} INFO - [2024-02-25 20:46:15,599] {dagbag.py:507} INFO - Filling up the DagBag from /home/sheyla/Documents/Repositórios/airflowalura/venv/lib/python3.9/site-packages/airflow/example_dags/example_bash_operator.py
[2024-02-25 20:46:15,627] {processor.py:651} INFO - DAG(s) dict_keys(['example_bash_operator']) retrieved from /home/sheyla/Documents/Repositórios/airflowalura/venv/lib/python3.9/site-packages/airflow/example_dags/example_bash_operator.py
[2024-02-25 20:46:15,644] {logging_mixin.py:115} INFO - [2024-02-25 20:46:15,644] {dag.py:2379} INFO - Sync 1 DAGs
[2024-02-25 20:46:15,659] {logging_mixin.py:115} INFO - [2024-02-25 20:46:15,659] {dag.py:2927} INFO - Setting next_dagrun for example_bash_operator to 2024-02-24T00:00:00+00:00, run_after=2024-02-25T00:00:00+00:00
[2024-02-25 20:46:15,670] {processor.py:161} INFO - Processing /home/sheyla/Documents/Repositórios/airflowalura/venv/lib/python3.9/site-packages/airflow/example_dags/example_bash_operator.py took 0.080 seconds
[2024-02-25 20:46:56,482] {processor.py:153} INFO - Started process (PID=1965637) to work on /home/sheyla/Documents/Repositórios/airflowalura/venv/lib/python3.9/site-packages/airflow/example_dags/example_bash_operator.py
[2024-02-25 20:46:56,487] {processor.py:641} INFO - Processing file /home/sheyla/Documents/Repositórios/airflowalura/venv/lib/python3.9/site-packages/airflow/example_dags/example_bash_operator.py for tasks to queue
[2024-02-25 20:46:56,488] {logging_mixin.py:115} INFO - [2024-02-25 20:46:56,488] {dagbag.py:507} INFO - Filling up the DagBag from /home/sheyla/Documents/Repositórios/airflowalura/venv/lib/python3.9/site-packages/airflow/example_dags/example_bash_operator.py
[2024-02-25 20:46:56,497] {processor.py:651} INFO - DAG(s) dict_keys(['example_bash_operator']) retrieved from /home/sheyla/Documents/Repositórios/airflowalura/venv/lib/python3.9/site-packages/airflow/example_dags/example_bash_operator.py
[2024-02-25 20:46:56,509] {logging_mixin.py:115} INFO - [2024-02-25 20:46:56,509] {dag.py:2379} INFO - Sync 1 DAGs
[2024-02-25 20:46:56,523] {logging_mixin.py:115} INFO - [2024-02-25 20:46:56,523] {dag.py:2927} INFO - Setting next_dagrun for example_bash_operator to 2024-02-24T00:00:00+00:00, run_after=2024-02-25T00:00:00+00:00
[2024-02-25 20:46:56,537] {processor.py:161} INFO - Processing /home/sheyla/Documents/Repositórios/airflowalura/venv/lib/python3.9/site-packages/airflow/example_dags/example_bash_operator.py took 0.057 seconds
[2024-02-25 20:47:34,698] {processor.py:153} INFO - Started process (PID=1966214) to work on /home/sheyla/Documents/Repositórios/airflowalura/venv/lib/python3.9/site-packages/airflow/example_dags/example_bash_operator.py
[2024-02-25 20:47:34,704] {processor.py:641} INFO - Processing file /home/sheyla/Documents/Repositórios/airflowalura/venv/lib/python3.9/site-packages/airflow/example_dags/example_bash_operator.py for tasks to queue
[2024-02-25 20:47:34,706] {logging_mixin.py:115} INFO - [2024-02-25 20:47:34,705] {dagbag.py:507} INFO - Filling up the DagBag from /home/sheyla/Documents/Repositórios/airflowalura/venv/lib/python3.9/site-packages/airflow/example_dags/example_bash_operator.py
[2024-02-25 20:47:34,729] {processor.py:651} INFO - DAG(s) dict_keys(['example_bash_operator']) retrieved from /home/sheyla/Documents/Repositórios/airflowalura/venv/lib/python3.9/site-packages/airflow/example_dags/example_bash_operator.py
[2024-02-25 20:47:34,744] {logging_mixin.py:115} INFO - [2024-02-25 20:47:34,744] {dag.py:2379} INFO - Sync 1 DAGs
[2024-02-25 20:47:34,758] {logging_mixin.py:115} INFO - [2024-02-25 20:47:34,758] {dag.py:2927} INFO - Setting next_dagrun for example_bash_operator to 2024-02-24T00:00:00+00:00, run_after=2024-02-25T00:00:00+00:00
[2024-02-25 20:47:34,771] {processor.py:161} INFO - Processing /home/sheyla/Documents/Repositórios/airflowalura/venv/lib/python3.9/site-packages/airflow/example_dags/example_bash_operator.py took 0.079 seconds
[2024-02-25 20:48:13,626] {processor.py:153} INFO - Started process (PID=1966809) to work on /home/sheyla/Documents/Repositórios/airflowalura/venv/lib/python3.9/site-packages/airflow/example_dags/example_bash_operator.py
[2024-02-25 20:48:13,632] {processor.py:641} INFO - Processing file /home/sheyla/Documents/Repositórios/airflowalura/venv/lib/python3.9/site-packages/airflow/example_dags/example_bash_operator.py for tasks to queue
[2024-02-25 20:48:13,633] {logging_mixin.py:115} INFO - [2024-02-25 20:48:13,633] {dagbag.py:507} INFO - Filling up the DagBag from /home/sheyla/Documents/Repositórios/airflowalura/venv/lib/python3.9/site-packages/airflow/example_dags/example_bash_operator.py
[2024-02-25 20:48:13,663] {processor.py:651} INFO - DAG(s) dict_keys(['example_bash_operator']) retrieved from /home/sheyla/Documents/Repositórios/airflowalura/venv/lib/python3.9/site-packages/airflow/example_dags/example_bash_operator.py
[2024-02-25 20:48:13,681] {logging_mixin.py:115} INFO - [2024-02-25 20:48:13,681] {dag.py:2379} INFO - Sync 1 DAGs
[2024-02-25 20:48:13,696] {logging_mixin.py:115} INFO - [2024-02-25 20:48:13,696] {dag.py:2927} INFO - Setting next_dagrun for example_bash_operator to 2024-02-24T00:00:00+00:00, run_after=2024-02-25T00:00:00+00:00
[2024-02-25 20:48:13,710] {processor.py:161} INFO - Processing /home/sheyla/Documents/Repositórios/airflowalura/venv/lib/python3.9/site-packages/airflow/example_dags/example_bash_operator.py took 0.086 seconds
