[2024-02-25 20:33:36,239] {processor.py:153} INFO - Started process (PID=1957245) to work on /home/sheyla/Documents/Repositórios/airflowalura/venv/lib/python3.9/site-packages/airflow/example_dags/tutorial_etl_dag.py
[2024-02-25 20:33:36,239] {processor.py:641} INFO - Processing file /home/sheyla/Documents/Repositórios/airflowalura/venv/lib/python3.9/site-packages/airflow/example_dags/tutorial_etl_dag.py for tasks to queue
[2024-02-25 20:33:36,240] {logging_mixin.py:115} INFO - [2024-02-25 20:33:36,240] {dagbag.py:507} INFO - Filling up the DagBag from /home/sheyla/Documents/Repositórios/airflowalura/venv/lib/python3.9/site-packages/airflow/example_dags/tutorial_etl_dag.py
[2024-02-25 20:33:36,246] {processor.py:651} INFO - DAG(s) dict_keys(['tutorial_etl_dag']) retrieved from /home/sheyla/Documents/Repositórios/airflowalura/venv/lib/python3.9/site-packages/airflow/example_dags/tutorial_etl_dag.py
[2024-02-25 20:33:36,258] {logging_mixin.py:115} INFO - [2024-02-25 20:33:36,258] {dag.py:2379} INFO - Sync 1 DAGs
[2024-02-25 20:33:36,273] {logging_mixin.py:115} INFO - [2024-02-25 20:33:36,273] {dag.py:2927} INFO - Setting next_dagrun for tutorial_etl_dag to None, run_after=None
[2024-02-25 20:33:36,284] {processor.py:161} INFO - Processing /home/sheyla/Documents/Repositórios/airflowalura/venv/lib/python3.9/site-packages/airflow/example_dags/tutorial_etl_dag.py took 0.048 seconds
[2024-02-25 20:34:13,266] {processor.py:153} INFO - Started process (PID=1957635) to work on /home/sheyla/Documents/Repositórios/airflowalura/venv/lib/python3.9/site-packages/airflow/example_dags/tutorial_etl_dag.py
[2024-02-25 20:34:13,267] {processor.py:641} INFO - Processing file /home/sheyla/Documents/Repositórios/airflowalura/venv/lib/python3.9/site-packages/airflow/example_dags/tutorial_etl_dag.py for tasks to queue
[2024-02-25 20:34:13,268] {logging_mixin.py:115} INFO - [2024-02-25 20:34:13,268] {dagbag.py:507} INFO - Filling up the DagBag from /home/sheyla/Documents/Repositórios/airflowalura/venv/lib/python3.9/site-packages/airflow/example_dags/tutorial_etl_dag.py
[2024-02-25 20:34:13,281] {processor.py:651} INFO - DAG(s) dict_keys(['tutorial_etl_dag']) retrieved from /home/sheyla/Documents/Repositórios/airflowalura/venv/lib/python3.9/site-packages/airflow/example_dags/tutorial_etl_dag.py
[2024-02-25 20:34:13,296] {logging_mixin.py:115} INFO - [2024-02-25 20:34:13,296] {dag.py:2379} INFO - Sync 1 DAGs
[2024-02-25 20:34:13,311] {logging_mixin.py:115} INFO - [2024-02-25 20:34:13,311] {dag.py:2927} INFO - Setting next_dagrun for tutorial_etl_dag to None, run_after=None
[2024-02-25 20:34:13,329] {processor.py:161} INFO - Processing /home/sheyla/Documents/Repositórios/airflowalura/venv/lib/python3.9/site-packages/airflow/example_dags/tutorial_etl_dag.py took 0.071 seconds
[2024-02-25 20:34:50,529] {processor.py:153} INFO - Started process (PID=1958081) to work on /home/sheyla/Documents/Repositórios/airflowalura/venv/lib/python3.9/site-packages/airflow/example_dags/tutorial_etl_dag.py
[2024-02-25 20:34:50,536] {processor.py:641} INFO - Processing file /home/sheyla/Documents/Repositórios/airflowalura/venv/lib/python3.9/site-packages/airflow/example_dags/tutorial_etl_dag.py for tasks to queue
[2024-02-25 20:34:50,537] {logging_mixin.py:115} INFO - [2024-02-25 20:34:50,537] {dagbag.py:507} INFO - Filling up the DagBag from /home/sheyla/Documents/Repositórios/airflowalura/venv/lib/python3.9/site-packages/airflow/example_dags/tutorial_etl_dag.py
[2024-02-25 20:34:50,554] {processor.py:651} INFO - DAG(s) dict_keys(['tutorial_etl_dag']) retrieved from /home/sheyla/Documents/Repositórios/airflowalura/venv/lib/python3.9/site-packages/airflow/example_dags/tutorial_etl_dag.py
[2024-02-25 20:34:50,572] {logging_mixin.py:115} INFO - [2024-02-25 20:34:50,572] {dag.py:2379} INFO - Sync 1 DAGs
[2024-02-25 20:34:50,587] {logging_mixin.py:115} INFO - [2024-02-25 20:34:50,587] {dag.py:2927} INFO - Setting next_dagrun for tutorial_etl_dag to None, run_after=None
[2024-02-25 20:34:50,606] {processor.py:161} INFO - Processing /home/sheyla/Documents/Repositórios/airflowalura/venv/lib/python3.9/site-packages/airflow/example_dags/tutorial_etl_dag.py took 0.083 seconds
[2024-02-25 20:35:23,886] {processor.py:153} INFO - Started process (PID=1958422) to work on /home/sheyla/Documents/Repositórios/airflowalura/venv/lib/python3.9/site-packages/airflow/example_dags/tutorial_etl_dag.py
[2024-02-25 20:35:23,892] {processor.py:641} INFO - Processing file /home/sheyla/Documents/Repositórios/airflowalura/venv/lib/python3.9/site-packages/airflow/example_dags/tutorial_etl_dag.py for tasks to queue
[2024-02-25 20:35:23,893] {logging_mixin.py:115} INFO - [2024-02-25 20:35:23,893] {dagbag.py:507} INFO - Filling up the DagBag from /home/sheyla/Documents/Repositórios/airflowalura/venv/lib/python3.9/site-packages/airflow/example_dags/tutorial_etl_dag.py
[2024-02-25 20:35:23,911] {processor.py:651} INFO - DAG(s) dict_keys(['tutorial_etl_dag']) retrieved from /home/sheyla/Documents/Repositórios/airflowalura/venv/lib/python3.9/site-packages/airflow/example_dags/tutorial_etl_dag.py
[2024-02-25 20:35:23,928] {logging_mixin.py:115} INFO - [2024-02-25 20:35:23,928] {dag.py:2379} INFO - Sync 1 DAGs
[2024-02-25 20:35:23,942] {logging_mixin.py:115} INFO - [2024-02-25 20:35:23,942] {dag.py:2927} INFO - Setting next_dagrun for tutorial_etl_dag to None, run_after=None
[2024-02-25 20:35:23,954] {processor.py:161} INFO - Processing /home/sheyla/Documents/Repositórios/airflowalura/venv/lib/python3.9/site-packages/airflow/example_dags/tutorial_etl_dag.py took 0.075 seconds
[2024-02-25 20:35:59,141] {processor.py:153} INFO - Started process (PID=1958786) to work on /home/sheyla/Documents/Repositórios/airflowalura/venv/lib/python3.9/site-packages/airflow/example_dags/tutorial_etl_dag.py
[2024-02-25 20:35:59,147] {processor.py:641} INFO - Processing file /home/sheyla/Documents/Repositórios/airflowalura/venv/lib/python3.9/site-packages/airflow/example_dags/tutorial_etl_dag.py for tasks to queue
[2024-02-25 20:35:59,148] {logging_mixin.py:115} INFO - [2024-02-25 20:35:59,148] {dagbag.py:507} INFO - Filling up the DagBag from /home/sheyla/Documents/Repositórios/airflowalura/venv/lib/python3.9/site-packages/airflow/example_dags/tutorial_etl_dag.py
[2024-02-25 20:35:59,166] {processor.py:651} INFO - DAG(s) dict_keys(['tutorial_etl_dag']) retrieved from /home/sheyla/Documents/Repositórios/airflowalura/venv/lib/python3.9/site-packages/airflow/example_dags/tutorial_etl_dag.py
[2024-02-25 20:35:59,184] {logging_mixin.py:115} INFO - [2024-02-25 20:35:59,184] {dag.py:2379} INFO - Sync 1 DAGs
[2024-02-25 20:35:59,199] {logging_mixin.py:115} INFO - [2024-02-25 20:35:59,199] {dag.py:2927} INFO - Setting next_dagrun for tutorial_etl_dag to None, run_after=None
[2024-02-25 20:35:59,210] {processor.py:161} INFO - Processing /home/sheyla/Documents/Repositórios/airflowalura/venv/lib/python3.9/site-packages/airflow/example_dags/tutorial_etl_dag.py took 0.076 seconds
[2024-02-25 20:36:33,771] {processor.py:153} INFO - Started process (PID=1959167) to work on /home/sheyla/Documents/Repositórios/airflowalura/venv/lib/python3.9/site-packages/airflow/example_dags/tutorial_etl_dag.py
[2024-02-25 20:36:33,772] {processor.py:641} INFO - Processing file /home/sheyla/Documents/Repositórios/airflowalura/venv/lib/python3.9/site-packages/airflow/example_dags/tutorial_etl_dag.py for tasks to queue
[2024-02-25 20:36:33,772] {logging_mixin.py:115} INFO - [2024-02-25 20:36:33,772] {dagbag.py:507} INFO - Filling up the DagBag from /home/sheyla/Documents/Repositórios/airflowalura/venv/lib/python3.9/site-packages/airflow/example_dags/tutorial_etl_dag.py
[2024-02-25 20:36:33,778] {processor.py:651} INFO - DAG(s) dict_keys(['tutorial_etl_dag']) retrieved from /home/sheyla/Documents/Repositórios/airflowalura/venv/lib/python3.9/site-packages/airflow/example_dags/tutorial_etl_dag.py
[2024-02-25 20:36:33,790] {logging_mixin.py:115} INFO - [2024-02-25 20:36:33,789] {dag.py:2379} INFO - Sync 1 DAGs
[2024-02-25 20:36:33,803] {logging_mixin.py:115} INFO - [2024-02-25 20:36:33,803] {dag.py:2927} INFO - Setting next_dagrun for tutorial_etl_dag to None, run_after=None
[2024-02-25 20:36:33,816] {processor.py:161} INFO - Processing /home/sheyla/Documents/Repositórios/airflowalura/venv/lib/python3.9/site-packages/airflow/example_dags/tutorial_etl_dag.py took 0.047 seconds
[2024-02-25 20:37:08,963] {processor.py:153} INFO - Started process (PID=1959531) to work on /home/sheyla/Documents/Repositórios/airflowalura/venv/lib/python3.9/site-packages/airflow/example_dags/tutorial_etl_dag.py
[2024-02-25 20:37:08,975] {processor.py:641} INFO - Processing file /home/sheyla/Documents/Repositórios/airflowalura/venv/lib/python3.9/site-packages/airflow/example_dags/tutorial_etl_dag.py for tasks to queue
[2024-02-25 20:37:08,975] {logging_mixin.py:115} INFO - [2024-02-25 20:37:08,975] {dagbag.py:507} INFO - Filling up the DagBag from /home/sheyla/Documents/Repositórios/airflowalura/venv/lib/python3.9/site-packages/airflow/example_dags/tutorial_etl_dag.py
[2024-02-25 20:37:08,981] {processor.py:651} INFO - DAG(s) dict_keys(['tutorial_etl_dag']) retrieved from /home/sheyla/Documents/Repositórios/airflowalura/venv/lib/python3.9/site-packages/airflow/example_dags/tutorial_etl_dag.py
[2024-02-25 20:37:08,992] {logging_mixin.py:115} INFO - [2024-02-25 20:37:08,992] {dag.py:2379} INFO - Sync 1 DAGs
[2024-02-25 20:37:09,005] {logging_mixin.py:115} INFO - [2024-02-25 20:37:09,005] {dag.py:2927} INFO - Setting next_dagrun for tutorial_etl_dag to None, run_after=None
[2024-02-25 20:37:09,016] {processor.py:161} INFO - Processing /home/sheyla/Documents/Repositórios/airflowalura/venv/lib/python3.9/site-packages/airflow/example_dags/tutorial_etl_dag.py took 0.057 seconds
[2024-02-25 20:37:40,967] {processor.py:153} INFO - Started process (PID=1959852) to work on /home/sheyla/Documents/Repositórios/airflowalura/venv/lib/python3.9/site-packages/airflow/example_dags/tutorial_etl_dag.py
[2024-02-25 20:37:40,973] {processor.py:641} INFO - Processing file /home/sheyla/Documents/Repositórios/airflowalura/venv/lib/python3.9/site-packages/airflow/example_dags/tutorial_etl_dag.py for tasks to queue
[2024-02-25 20:37:40,973] {logging_mixin.py:115} INFO - [2024-02-25 20:37:40,973] {dagbag.py:507} INFO - Filling up the DagBag from /home/sheyla/Documents/Repositórios/airflowalura/venv/lib/python3.9/site-packages/airflow/example_dags/tutorial_etl_dag.py
[2024-02-25 20:37:40,981] {processor.py:651} INFO - DAG(s) dict_keys(['tutorial_etl_dag']) retrieved from /home/sheyla/Documents/Repositórios/airflowalura/venv/lib/python3.9/site-packages/airflow/example_dags/tutorial_etl_dag.py
[2024-02-25 20:37:40,998] {logging_mixin.py:115} INFO - [2024-02-25 20:37:40,998] {dag.py:2379} INFO - Sync 1 DAGs
[2024-02-25 20:37:41,014] {logging_mixin.py:115} INFO - [2024-02-25 20:37:41,014] {dag.py:2927} INFO - Setting next_dagrun for tutorial_etl_dag to None, run_after=None
[2024-02-25 20:37:41,027] {processor.py:161} INFO - Processing /home/sheyla/Documents/Repositórios/airflowalura/venv/lib/python3.9/site-packages/airflow/example_dags/tutorial_etl_dag.py took 0.061 seconds
[2024-02-25 20:38:14,642] {processor.py:153} INFO - Started process (PID=1960199) to work on /home/sheyla/Documents/Repositórios/airflowalura/venv/lib/python3.9/site-packages/airflow/example_dags/tutorial_etl_dag.py
[2024-02-25 20:38:14,647] {processor.py:641} INFO - Processing file /home/sheyla/Documents/Repositórios/airflowalura/venv/lib/python3.9/site-packages/airflow/example_dags/tutorial_etl_dag.py for tasks to queue
[2024-02-25 20:38:14,648] {logging_mixin.py:115} INFO - [2024-02-25 20:38:14,648] {dagbag.py:507} INFO - Filling up the DagBag from /home/sheyla/Documents/Repositórios/airflowalura/venv/lib/python3.9/site-packages/airflow/example_dags/tutorial_etl_dag.py
[2024-02-25 20:38:14,655] {processor.py:651} INFO - DAG(s) dict_keys(['tutorial_etl_dag']) retrieved from /home/sheyla/Documents/Repositórios/airflowalura/venv/lib/python3.9/site-packages/airflow/example_dags/tutorial_etl_dag.py
[2024-02-25 20:38:14,670] {logging_mixin.py:115} INFO - [2024-02-25 20:38:14,670] {dag.py:2379} INFO - Sync 1 DAGs
[2024-02-25 20:38:14,684] {logging_mixin.py:115} INFO - [2024-02-25 20:38:14,684] {dag.py:2927} INFO - Setting next_dagrun for tutorial_etl_dag to None, run_after=None
[2024-02-25 20:38:14,697] {processor.py:161} INFO - Processing /home/sheyla/Documents/Repositórios/airflowalura/venv/lib/python3.9/site-packages/airflow/example_dags/tutorial_etl_dag.py took 0.060 seconds
[2024-02-25 20:38:50,205] {processor.py:153} INFO - Started process (PID=1960562) to work on /home/sheyla/Documents/Repositórios/airflowalura/venv/lib/python3.9/site-packages/airflow/example_dags/tutorial_etl_dag.py
[2024-02-25 20:38:50,211] {processor.py:641} INFO - Processing file /home/sheyla/Documents/Repositórios/airflowalura/venv/lib/python3.9/site-packages/airflow/example_dags/tutorial_etl_dag.py for tasks to queue
[2024-02-25 20:38:50,213] {logging_mixin.py:115} INFO - [2024-02-25 20:38:50,213] {dagbag.py:507} INFO - Filling up the DagBag from /home/sheyla/Documents/Repositórios/airflowalura/venv/lib/python3.9/site-packages/airflow/example_dags/tutorial_etl_dag.py
[2024-02-25 20:38:50,230] {processor.py:651} INFO - DAG(s) dict_keys(['tutorial_etl_dag']) retrieved from /home/sheyla/Documents/Repositórios/airflowalura/venv/lib/python3.9/site-packages/airflow/example_dags/tutorial_etl_dag.py
[2024-02-25 20:38:50,248] {logging_mixin.py:115} INFO - [2024-02-25 20:38:50,248] {dag.py:2379} INFO - Sync 1 DAGs
[2024-02-25 20:38:50,263] {logging_mixin.py:115} INFO - [2024-02-25 20:38:50,263] {dag.py:2927} INFO - Setting next_dagrun for tutorial_etl_dag to None, run_after=None
[2024-02-25 20:38:50,276] {processor.py:161} INFO - Processing /home/sheyla/Documents/Repositórios/airflowalura/venv/lib/python3.9/site-packages/airflow/example_dags/tutorial_etl_dag.py took 0.077 seconds
[2024-02-25 20:39:22,428] {processor.py:153} INFO - Started process (PID=1960890) to work on /home/sheyla/Documents/Repositórios/airflowalura/venv/lib/python3.9/site-packages/airflow/example_dags/tutorial_etl_dag.py
[2024-02-25 20:39:22,431] {processor.py:641} INFO - Processing file /home/sheyla/Documents/Repositórios/airflowalura/venv/lib/python3.9/site-packages/airflow/example_dags/tutorial_etl_dag.py for tasks to queue
[2024-02-25 20:39:22,432] {logging_mixin.py:115} INFO - [2024-02-25 20:39:22,432] {dagbag.py:507} INFO - Filling up the DagBag from /home/sheyla/Documents/Repositórios/airflowalura/venv/lib/python3.9/site-packages/airflow/example_dags/tutorial_etl_dag.py
[2024-02-25 20:39:22,440] {processor.py:651} INFO - DAG(s) dict_keys(['tutorial_etl_dag']) retrieved from /home/sheyla/Documents/Repositórios/airflowalura/venv/lib/python3.9/site-packages/airflow/example_dags/tutorial_etl_dag.py
[2024-02-25 20:39:22,458] {logging_mixin.py:115} INFO - [2024-02-25 20:39:22,458] {dag.py:2379} INFO - Sync 1 DAGs
[2024-02-25 20:39:22,474] {logging_mixin.py:115} INFO - [2024-02-25 20:39:22,474] {dag.py:2927} INFO - Setting next_dagrun for tutorial_etl_dag to None, run_after=None
[2024-02-25 20:39:22,486] {processor.py:161} INFO - Processing /home/sheyla/Documents/Repositórios/airflowalura/venv/lib/python3.9/site-packages/airflow/example_dags/tutorial_etl_dag.py took 0.060 seconds
[2024-02-25 20:39:56,705] {processor.py:153} INFO - Started process (PID=1961252) to work on /home/sheyla/Documents/Repositórios/airflowalura/venv/lib/python3.9/site-packages/airflow/example_dags/tutorial_etl_dag.py
[2024-02-25 20:39:56,712] {processor.py:641} INFO - Processing file /home/sheyla/Documents/Repositórios/airflowalura/venv/lib/python3.9/site-packages/airflow/example_dags/tutorial_etl_dag.py for tasks to queue
[2024-02-25 20:39:56,713] {logging_mixin.py:115} INFO - [2024-02-25 20:39:56,713] {dagbag.py:507} INFO - Filling up the DagBag from /home/sheyla/Documents/Repositórios/airflowalura/venv/lib/python3.9/site-packages/airflow/example_dags/tutorial_etl_dag.py
[2024-02-25 20:39:56,730] {processor.py:651} INFO - DAG(s) dict_keys(['tutorial_etl_dag']) retrieved from /home/sheyla/Documents/Repositórios/airflowalura/venv/lib/python3.9/site-packages/airflow/example_dags/tutorial_etl_dag.py
[2024-02-25 20:39:56,748] {logging_mixin.py:115} INFO - [2024-02-25 20:39:56,748] {dag.py:2379} INFO - Sync 1 DAGs
[2024-02-25 20:39:56,762] {logging_mixin.py:115} INFO - [2024-02-25 20:39:56,762] {dag.py:2927} INFO - Setting next_dagrun for tutorial_etl_dag to None, run_after=None
[2024-02-25 20:39:56,775] {processor.py:161} INFO - Processing /home/sheyla/Documents/Repositórios/airflowalura/venv/lib/python3.9/site-packages/airflow/example_dags/tutorial_etl_dag.py took 0.077 seconds
[2024-02-25 20:40:29,353] {processor.py:153} INFO - Started process (PID=1961588) to work on /home/sheyla/Documents/Repositórios/airflowalura/venv/lib/python3.9/site-packages/airflow/example_dags/tutorial_etl_dag.py
[2024-02-25 20:40:29,359] {processor.py:641} INFO - Processing file /home/sheyla/Documents/Repositórios/airflowalura/venv/lib/python3.9/site-packages/airflow/example_dags/tutorial_etl_dag.py for tasks to queue
[2024-02-25 20:40:29,361] {logging_mixin.py:115} INFO - [2024-02-25 20:40:29,360] {dagbag.py:507} INFO - Filling up the DagBag from /home/sheyla/Documents/Repositórios/airflowalura/venv/lib/python3.9/site-packages/airflow/example_dags/tutorial_etl_dag.py
[2024-02-25 20:40:29,378] {processor.py:651} INFO - DAG(s) dict_keys(['tutorial_etl_dag']) retrieved from /home/sheyla/Documents/Repositórios/airflowalura/venv/lib/python3.9/site-packages/airflow/example_dags/tutorial_etl_dag.py
[2024-02-25 20:40:29,396] {logging_mixin.py:115} INFO - [2024-02-25 20:40:29,396] {dag.py:2379} INFO - Sync 1 DAGs
[2024-02-25 20:40:29,411] {logging_mixin.py:115} INFO - [2024-02-25 20:40:29,410] {dag.py:2927} INFO - Setting next_dagrun for tutorial_etl_dag to None, run_after=None
[2024-02-25 20:40:29,424] {processor.py:161} INFO - Processing /home/sheyla/Documents/Repositórios/airflowalura/venv/lib/python3.9/site-packages/airflow/example_dags/tutorial_etl_dag.py took 0.077 seconds
[2024-02-25 20:41:05,278] {processor.py:153} INFO - Started process (PID=1961954) to work on /home/sheyla/Documents/Repositórios/airflowalura/venv/lib/python3.9/site-packages/airflow/example_dags/tutorial_etl_dag.py
[2024-02-25 20:41:05,280] {processor.py:641} INFO - Processing file /home/sheyla/Documents/Repositórios/airflowalura/venv/lib/python3.9/site-packages/airflow/example_dags/tutorial_etl_dag.py for tasks to queue
[2024-02-25 20:41:05,280] {logging_mixin.py:115} INFO - [2024-02-25 20:41:05,280] {dagbag.py:507} INFO - Filling up the DagBag from /home/sheyla/Documents/Repositórios/airflowalura/venv/lib/python3.9/site-packages/airflow/example_dags/tutorial_etl_dag.py
[2024-02-25 20:41:05,290] {processor.py:651} INFO - DAG(s) dict_keys(['tutorial_etl_dag']) retrieved from /home/sheyla/Documents/Repositórios/airflowalura/venv/lib/python3.9/site-packages/airflow/example_dags/tutorial_etl_dag.py
[2024-02-25 20:41:05,308] {logging_mixin.py:115} INFO - [2024-02-25 20:41:05,308] {dag.py:2379} INFO - Sync 1 DAGs
[2024-02-25 20:41:05,323] {logging_mixin.py:115} INFO - [2024-02-25 20:41:05,322] {dag.py:2927} INFO - Setting next_dagrun for tutorial_etl_dag to None, run_after=None
[2024-02-25 20:41:05,334] {processor.py:161} INFO - Processing /home/sheyla/Documents/Repositórios/airflowalura/venv/lib/python3.9/site-packages/airflow/example_dags/tutorial_etl_dag.py took 0.060 seconds
[2024-02-25 20:41:40,691] {processor.py:153} INFO - Started process (PID=1962346) to work on /home/sheyla/Documents/Repositórios/airflowalura/venv/lib/python3.9/site-packages/airflow/example_dags/tutorial_etl_dag.py
[2024-02-25 20:41:40,698] {processor.py:641} INFO - Processing file /home/sheyla/Documents/Repositórios/airflowalura/venv/lib/python3.9/site-packages/airflow/example_dags/tutorial_etl_dag.py for tasks to queue
[2024-02-25 20:41:40,699] {logging_mixin.py:115} INFO - [2024-02-25 20:41:40,699] {dagbag.py:507} INFO - Filling up the DagBag from /home/sheyla/Documents/Repositórios/airflowalura/venv/lib/python3.9/site-packages/airflow/example_dags/tutorial_etl_dag.py
[2024-02-25 20:41:40,715] {processor.py:651} INFO - DAG(s) dict_keys(['tutorial_etl_dag']) retrieved from /home/sheyla/Documents/Repositórios/airflowalura/venv/lib/python3.9/site-packages/airflow/example_dags/tutorial_etl_dag.py
[2024-02-25 20:41:40,733] {logging_mixin.py:115} INFO - [2024-02-25 20:41:40,733] {dag.py:2379} INFO - Sync 1 DAGs
[2024-02-25 20:41:40,747] {logging_mixin.py:115} INFO - [2024-02-25 20:41:40,747] {dag.py:2927} INFO - Setting next_dagrun for tutorial_etl_dag to None, run_after=None
[2024-02-25 20:41:40,759] {processor.py:161} INFO - Processing /home/sheyla/Documents/Repositórios/airflowalura/venv/lib/python3.9/site-packages/airflow/example_dags/tutorial_etl_dag.py took 0.074 seconds
[2024-02-25 20:42:13,579] {processor.py:153} INFO - Started process (PID=1962691) to work on /home/sheyla/Documents/Repositórios/airflowalura/venv/lib/python3.9/site-packages/airflow/example_dags/tutorial_etl_dag.py
[2024-02-25 20:42:13,580] {processor.py:641} INFO - Processing file /home/sheyla/Documents/Repositórios/airflowalura/venv/lib/python3.9/site-packages/airflow/example_dags/tutorial_etl_dag.py for tasks to queue
[2024-02-25 20:42:13,582] {logging_mixin.py:115} INFO - [2024-02-25 20:42:13,581] {dagbag.py:507} INFO - Filling up the DagBag from /home/sheyla/Documents/Repositórios/airflowalura/venv/lib/python3.9/site-packages/airflow/example_dags/tutorial_etl_dag.py
[2024-02-25 20:42:13,598] {processor.py:651} INFO - DAG(s) dict_keys(['tutorial_etl_dag']) retrieved from /home/sheyla/Documents/Repositórios/airflowalura/venv/lib/python3.9/site-packages/airflow/example_dags/tutorial_etl_dag.py
[2024-02-25 20:42:13,617] {logging_mixin.py:115} INFO - [2024-02-25 20:42:13,617] {dag.py:2379} INFO - Sync 1 DAGs
[2024-02-25 20:42:13,631] {logging_mixin.py:115} INFO - [2024-02-25 20:42:13,631] {dag.py:2927} INFO - Setting next_dagrun for tutorial_etl_dag to None, run_after=None
[2024-02-25 20:42:13,645] {processor.py:161} INFO - Processing /home/sheyla/Documents/Repositórios/airflowalura/venv/lib/python3.9/site-packages/airflow/example_dags/tutorial_etl_dag.py took 0.073 seconds
[2024-02-25 20:42:49,217] {processor.py:153} INFO - Started process (PID=1963053) to work on /home/sheyla/Documents/Repositórios/airflowalura/venv/lib/python3.9/site-packages/airflow/example_dags/tutorial_etl_dag.py
[2024-02-25 20:42:49,223] {processor.py:641} INFO - Processing file /home/sheyla/Documents/Repositórios/airflowalura/venv/lib/python3.9/site-packages/airflow/example_dags/tutorial_etl_dag.py for tasks to queue
[2024-02-25 20:42:49,225] {logging_mixin.py:115} INFO - [2024-02-25 20:42:49,224] {dagbag.py:507} INFO - Filling up the DagBag from /home/sheyla/Documents/Repositórios/airflowalura/venv/lib/python3.9/site-packages/airflow/example_dags/tutorial_etl_dag.py
[2024-02-25 20:42:49,237] {processor.py:651} INFO - DAG(s) dict_keys(['tutorial_etl_dag']) retrieved from /home/sheyla/Documents/Repositórios/airflowalura/venv/lib/python3.9/site-packages/airflow/example_dags/tutorial_etl_dag.py
[2024-02-25 20:42:49,255] {logging_mixin.py:115} INFO - [2024-02-25 20:42:49,255] {dag.py:2379} INFO - Sync 1 DAGs
[2024-02-25 20:42:49,269] {logging_mixin.py:115} INFO - [2024-02-25 20:42:49,269] {dag.py:2927} INFO - Setting next_dagrun for tutorial_etl_dag to None, run_after=None
[2024-02-25 20:42:49,281] {processor.py:161} INFO - Processing /home/sheyla/Documents/Repositórios/airflowalura/venv/lib/python3.9/site-packages/airflow/example_dags/tutorial_etl_dag.py took 0.071 seconds
[2024-02-25 20:43:22,382] {processor.py:153} INFO - Started process (PID=1963384) to work on /home/sheyla/Documents/Repositórios/airflowalura/venv/lib/python3.9/site-packages/airflow/example_dags/tutorial_etl_dag.py
[2024-02-25 20:43:22,383] {processor.py:641} INFO - Processing file /home/sheyla/Documents/Repositórios/airflowalura/venv/lib/python3.9/site-packages/airflow/example_dags/tutorial_etl_dag.py for tasks to queue
[2024-02-25 20:43:22,384] {logging_mixin.py:115} INFO - [2024-02-25 20:43:22,384] {dagbag.py:507} INFO - Filling up the DagBag from /home/sheyla/Documents/Repositórios/airflowalura/venv/lib/python3.9/site-packages/airflow/example_dags/tutorial_etl_dag.py
[2024-02-25 20:43:22,399] {processor.py:651} INFO - DAG(s) dict_keys(['tutorial_etl_dag']) retrieved from /home/sheyla/Documents/Repositórios/airflowalura/venv/lib/python3.9/site-packages/airflow/example_dags/tutorial_etl_dag.py
[2024-02-25 20:43:22,414] {logging_mixin.py:115} INFO - [2024-02-25 20:43:22,414] {dag.py:2379} INFO - Sync 1 DAGs
[2024-02-25 20:43:22,428] {logging_mixin.py:115} INFO - [2024-02-25 20:43:22,428] {dag.py:2927} INFO - Setting next_dagrun for tutorial_etl_dag to None, run_after=None
[2024-02-25 20:43:22,446] {processor.py:161} INFO - Processing /home/sheyla/Documents/Repositórios/airflowalura/venv/lib/python3.9/site-packages/airflow/example_dags/tutorial_etl_dag.py took 0.071 seconds
[2024-02-25 20:43:57,341] {processor.py:153} INFO - Started process (PID=1963747) to work on /home/sheyla/Documents/Repositórios/airflowalura/venv/lib/python3.9/site-packages/airflow/example_dags/tutorial_etl_dag.py
[2024-02-25 20:43:57,347] {processor.py:641} INFO - Processing file /home/sheyla/Documents/Repositórios/airflowalura/venv/lib/python3.9/site-packages/airflow/example_dags/tutorial_etl_dag.py for tasks to queue
[2024-02-25 20:43:57,347] {logging_mixin.py:115} INFO - [2024-02-25 20:43:57,347] {dagbag.py:507} INFO - Filling up the DagBag from /home/sheyla/Documents/Repositórios/airflowalura/venv/lib/python3.9/site-packages/airflow/example_dags/tutorial_etl_dag.py
[2024-02-25 20:43:57,354] {processor.py:651} INFO - DAG(s) dict_keys(['tutorial_etl_dag']) retrieved from /home/sheyla/Documents/Repositórios/airflowalura/venv/lib/python3.9/site-packages/airflow/example_dags/tutorial_etl_dag.py
[2024-02-25 20:43:57,369] {logging_mixin.py:115} INFO - [2024-02-25 20:43:57,369] {dag.py:2379} INFO - Sync 1 DAGs
[2024-02-25 20:43:57,384] {logging_mixin.py:115} INFO - [2024-02-25 20:43:57,384] {dag.py:2927} INFO - Setting next_dagrun for tutorial_etl_dag to None, run_after=None
[2024-02-25 20:43:57,403] {processor.py:161} INFO - Processing /home/sheyla/Documents/Repositórios/airflowalura/venv/lib/python3.9/site-packages/airflow/example_dags/tutorial_etl_dag.py took 0.064 seconds
[2024-02-25 20:44:33,343] {processor.py:153} INFO - Started process (PID=1964120) to work on /home/sheyla/Documents/Repositórios/airflowalura/venv/lib/python3.9/site-packages/airflow/example_dags/tutorial_etl_dag.py
[2024-02-25 20:44:33,349] {processor.py:641} INFO - Processing file /home/sheyla/Documents/Repositórios/airflowalura/venv/lib/python3.9/site-packages/airflow/example_dags/tutorial_etl_dag.py for tasks to queue
[2024-02-25 20:44:33,350] {logging_mixin.py:115} INFO - [2024-02-25 20:44:33,350] {dagbag.py:507} INFO - Filling up the DagBag from /home/sheyla/Documents/Repositórios/airflowalura/venv/lib/python3.9/site-packages/airflow/example_dags/tutorial_etl_dag.py
[2024-02-25 20:44:33,366] {processor.py:651} INFO - DAG(s) dict_keys(['tutorial_etl_dag']) retrieved from /home/sheyla/Documents/Repositórios/airflowalura/venv/lib/python3.9/site-packages/airflow/example_dags/tutorial_etl_dag.py
[2024-02-25 20:44:33,381] {logging_mixin.py:115} INFO - [2024-02-25 20:44:33,381] {dag.py:2379} INFO - Sync 1 DAGs
[2024-02-25 20:44:33,396] {logging_mixin.py:115} INFO - [2024-02-25 20:44:33,396] {dag.py:2927} INFO - Setting next_dagrun for tutorial_etl_dag to None, run_after=None
[2024-02-25 20:44:33,414] {processor.py:161} INFO - Processing /home/sheyla/Documents/Repositórios/airflowalura/venv/lib/python3.9/site-packages/airflow/example_dags/tutorial_etl_dag.py took 0.078 seconds
[2024-02-25 20:45:08,235] {processor.py:153} INFO - Started process (PID=1964484) to work on /home/sheyla/Documents/Repositórios/airflowalura/venv/lib/python3.9/site-packages/airflow/example_dags/tutorial_etl_dag.py
[2024-02-25 20:45:08,249] {processor.py:641} INFO - Processing file /home/sheyla/Documents/Repositórios/airflowalura/venv/lib/python3.9/site-packages/airflow/example_dags/tutorial_etl_dag.py for tasks to queue
[2024-02-25 20:45:08,250] {logging_mixin.py:115} INFO - [2024-02-25 20:45:08,250] {dagbag.py:507} INFO - Filling up the DagBag from /home/sheyla/Documents/Repositórios/airflowalura/venv/lib/python3.9/site-packages/airflow/example_dags/tutorial_etl_dag.py
[2024-02-25 20:45:08,260] {processor.py:651} INFO - DAG(s) dict_keys(['tutorial_etl_dag']) retrieved from /home/sheyla/Documents/Repositórios/airflowalura/venv/lib/python3.9/site-packages/airflow/example_dags/tutorial_etl_dag.py
[2024-02-25 20:45:08,277] {logging_mixin.py:115} INFO - [2024-02-25 20:45:08,277] {dag.py:2379} INFO - Sync 1 DAGs
[2024-02-25 20:45:08,292] {logging_mixin.py:115} INFO - [2024-02-25 20:45:08,291] {dag.py:2927} INFO - Setting next_dagrun for tutorial_etl_dag to None, run_after=None
[2024-02-25 20:45:08,306] {processor.py:161} INFO - Processing /home/sheyla/Documents/Repositórios/airflowalura/venv/lib/python3.9/site-packages/airflow/example_dags/tutorial_etl_dag.py took 0.074 seconds
[2024-02-25 20:45:43,084] {processor.py:153} INFO - Started process (PID=1964839) to work on /home/sheyla/Documents/Repositórios/airflowalura/venv/lib/python3.9/site-packages/airflow/example_dags/tutorial_etl_dag.py
[2024-02-25 20:45:43,085] {processor.py:641} INFO - Processing file /home/sheyla/Documents/Repositórios/airflowalura/venv/lib/python3.9/site-packages/airflow/example_dags/tutorial_etl_dag.py for tasks to queue
[2024-02-25 20:45:43,085] {logging_mixin.py:115} INFO - [2024-02-25 20:45:43,085] {dagbag.py:507} INFO - Filling up the DagBag from /home/sheyla/Documents/Repositórios/airflowalura/venv/lib/python3.9/site-packages/airflow/example_dags/tutorial_etl_dag.py
[2024-02-25 20:45:43,091] {processor.py:651} INFO - DAG(s) dict_keys(['tutorial_etl_dag']) retrieved from /home/sheyla/Documents/Repositórios/airflowalura/venv/lib/python3.9/site-packages/airflow/example_dags/tutorial_etl_dag.py
[2024-02-25 20:45:43,104] {logging_mixin.py:115} INFO - [2024-02-25 20:45:43,104] {dag.py:2379} INFO - Sync 1 DAGs
[2024-02-25 20:45:43,118] {logging_mixin.py:115} INFO - [2024-02-25 20:45:43,118] {dag.py:2927} INFO - Setting next_dagrun for tutorial_etl_dag to None, run_after=None
[2024-02-25 20:45:43,129] {processor.py:161} INFO - Processing /home/sheyla/Documents/Repositórios/airflowalura/venv/lib/python3.9/site-packages/airflow/example_dags/tutorial_etl_dag.py took 0.047 seconds
[2024-02-25 20:46:16,204] {processor.py:153} INFO - Started process (PID=1965178) to work on /home/sheyla/Documents/Repositórios/airflowalura/venv/lib/python3.9/site-packages/airflow/example_dags/tutorial_etl_dag.py
[2024-02-25 20:46:16,205] {processor.py:641} INFO - Processing file /home/sheyla/Documents/Repositórios/airflowalura/venv/lib/python3.9/site-packages/airflow/example_dags/tutorial_etl_dag.py for tasks to queue
[2024-02-25 20:46:16,207] {logging_mixin.py:115} INFO - [2024-02-25 20:46:16,206] {dagbag.py:507} INFO - Filling up the DagBag from /home/sheyla/Documents/Repositórios/airflowalura/venv/lib/python3.9/site-packages/airflow/example_dags/tutorial_etl_dag.py
[2024-02-25 20:46:16,220] {processor.py:651} INFO - DAG(s) dict_keys(['tutorial_etl_dag']) retrieved from /home/sheyla/Documents/Repositórios/airflowalura/venv/lib/python3.9/site-packages/airflow/example_dags/tutorial_etl_dag.py
[2024-02-25 20:46:16,235] {logging_mixin.py:115} INFO - [2024-02-25 20:46:16,235] {dag.py:2379} INFO - Sync 1 DAGs
[2024-02-25 20:46:16,249] {logging_mixin.py:115} INFO - [2024-02-25 20:46:16,249] {dag.py:2927} INFO - Setting next_dagrun for tutorial_etl_dag to None, run_after=None
[2024-02-25 20:46:16,269] {processor.py:161} INFO - Processing /home/sheyla/Documents/Repositórios/airflowalura/venv/lib/python3.9/site-packages/airflow/example_dags/tutorial_etl_dag.py took 0.072 seconds
[2024-02-25 20:46:49,990] {processor.py:153} INFO - Started process (PID=1965543) to work on /home/sheyla/Documents/Repositórios/airflowalura/venv/lib/python3.9/site-packages/airflow/example_dags/tutorial_etl_dag.py
[2024-02-25 20:46:49,991] {processor.py:641} INFO - Processing file /home/sheyla/Documents/Repositórios/airflowalura/venv/lib/python3.9/site-packages/airflow/example_dags/tutorial_etl_dag.py for tasks to queue
[2024-02-25 20:46:49,991] {logging_mixin.py:115} INFO - [2024-02-25 20:46:49,991] {dagbag.py:507} INFO - Filling up the DagBag from /home/sheyla/Documents/Repositórios/airflowalura/venv/lib/python3.9/site-packages/airflow/example_dags/tutorial_etl_dag.py
[2024-02-25 20:46:49,998] {processor.py:651} INFO - DAG(s) dict_keys(['tutorial_etl_dag']) retrieved from /home/sheyla/Documents/Repositórios/airflowalura/venv/lib/python3.9/site-packages/airflow/example_dags/tutorial_etl_dag.py
[2024-02-25 20:46:50,009] {logging_mixin.py:115} INFO - [2024-02-25 20:46:50,009] {dag.py:2379} INFO - Sync 1 DAGs
[2024-02-25 20:46:50,022] {logging_mixin.py:115} INFO - [2024-02-25 20:46:50,022] {dag.py:2927} INFO - Setting next_dagrun for tutorial_etl_dag to None, run_after=None
[2024-02-25 20:46:50,032] {processor.py:161} INFO - Processing /home/sheyla/Documents/Repositórios/airflowalura/venv/lib/python3.9/site-packages/airflow/example_dags/tutorial_etl_dag.py took 0.045 seconds
[2024-02-25 20:47:22,120] {processor.py:153} INFO - Started process (PID=1966019) to work on /home/sheyla/Documents/Repositórios/airflowalura/venv/lib/python3.9/site-packages/airflow/example_dags/tutorial_etl_dag.py
[2024-02-25 20:47:22,123] {processor.py:641} INFO - Processing file /home/sheyla/Documents/Repositórios/airflowalura/venv/lib/python3.9/site-packages/airflow/example_dags/tutorial_etl_dag.py for tasks to queue
[2024-02-25 20:47:22,123] {logging_mixin.py:115} INFO - [2024-02-25 20:47:22,123] {dagbag.py:507} INFO - Filling up the DagBag from /home/sheyla/Documents/Repositórios/airflowalura/venv/lib/python3.9/site-packages/airflow/example_dags/tutorial_etl_dag.py
[2024-02-25 20:47:22,130] {processor.py:651} INFO - DAG(s) dict_keys(['tutorial_etl_dag']) retrieved from /home/sheyla/Documents/Repositórios/airflowalura/venv/lib/python3.9/site-packages/airflow/example_dags/tutorial_etl_dag.py
[2024-02-25 20:47:22,143] {logging_mixin.py:115} INFO - [2024-02-25 20:47:22,143] {dag.py:2379} INFO - Sync 1 DAGs
[2024-02-25 20:47:22,159] {logging_mixin.py:115} INFO - [2024-02-25 20:47:22,158] {dag.py:2927} INFO - Setting next_dagrun for tutorial_etl_dag to None, run_after=None
[2024-02-25 20:47:22,176] {processor.py:161} INFO - Processing /home/sheyla/Documents/Repositórios/airflowalura/venv/lib/python3.9/site-packages/airflow/example_dags/tutorial_etl_dag.py took 0.059 seconds
[2024-02-25 20:47:57,039] {processor.py:153} INFO - Started process (PID=1966560) to work on /home/sheyla/Documents/Repositórios/airflowalura/venv/lib/python3.9/site-packages/airflow/example_dags/tutorial_etl_dag.py
[2024-02-25 20:47:57,045] {processor.py:641} INFO - Processing file /home/sheyla/Documents/Repositórios/airflowalura/venv/lib/python3.9/site-packages/airflow/example_dags/tutorial_etl_dag.py for tasks to queue
[2024-02-25 20:47:57,046] {logging_mixin.py:115} INFO - [2024-02-25 20:47:57,046] {dagbag.py:507} INFO - Filling up the DagBag from /home/sheyla/Documents/Repositórios/airflowalura/venv/lib/python3.9/site-packages/airflow/example_dags/tutorial_etl_dag.py
[2024-02-25 20:47:57,063] {processor.py:651} INFO - DAG(s) dict_keys(['tutorial_etl_dag']) retrieved from /home/sheyla/Documents/Repositórios/airflowalura/venv/lib/python3.9/site-packages/airflow/example_dags/tutorial_etl_dag.py
[2024-02-25 20:47:57,080] {logging_mixin.py:115} INFO - [2024-02-25 20:47:57,080] {dag.py:2379} INFO - Sync 1 DAGs
[2024-02-25 20:47:57,095] {logging_mixin.py:115} INFO - [2024-02-25 20:47:57,094] {dag.py:2927} INFO - Setting next_dagrun for tutorial_etl_dag to None, run_after=None
[2024-02-25 20:47:57,108] {processor.py:161} INFO - Processing /home/sheyla/Documents/Repositórios/airflowalura/venv/lib/python3.9/site-packages/airflow/example_dags/tutorial_etl_dag.py took 0.075 seconds
[2024-02-25 20:48:31,859] {processor.py:153} INFO - Started process (PID=1967045) to work on /home/sheyla/Documents/Repositórios/airflowalura/venv/lib/python3.9/site-packages/airflow/example_dags/tutorial_etl_dag.py
[2024-02-25 20:48:31,865] {processor.py:641} INFO - Processing file /home/sheyla/Documents/Repositórios/airflowalura/venv/lib/python3.9/site-packages/airflow/example_dags/tutorial_etl_dag.py for tasks to queue
[2024-02-25 20:48:31,866] {logging_mixin.py:115} INFO - [2024-02-25 20:48:31,866] {dagbag.py:507} INFO - Filling up the DagBag from /home/sheyla/Documents/Repositórios/airflowalura/venv/lib/python3.9/site-packages/airflow/example_dags/tutorial_etl_dag.py
[2024-02-25 20:48:31,876] {processor.py:651} INFO - DAG(s) dict_keys(['tutorial_etl_dag']) retrieved from /home/sheyla/Documents/Repositórios/airflowalura/venv/lib/python3.9/site-packages/airflow/example_dags/tutorial_etl_dag.py
[2024-02-25 20:48:31,898] {logging_mixin.py:115} INFO - [2024-02-25 20:48:31,898] {dag.py:2379} INFO - Sync 1 DAGs
[2024-02-25 20:48:31,914] {logging_mixin.py:115} INFO - [2024-02-25 20:48:31,914] {dag.py:2927} INFO - Setting next_dagrun for tutorial_etl_dag to None, run_after=None
[2024-02-25 20:48:31,928] {processor.py:161} INFO - Processing /home/sheyla/Documents/Repositórios/airflowalura/venv/lib/python3.9/site-packages/airflow/example_dags/tutorial_etl_dag.py took 0.073 seconds
