[2024-02-25 20:33:37,548] {processor.py:153} INFO - Started process (PID=1957263) to work on /home/sheyla/Documents/Repositórios/airflowalura/venv/lib/python3.9/site-packages/airflow/example_dags/tutorial_taskflow_api_etl.py
[2024-02-25 20:33:37,550] {processor.py:641} INFO - Processing file /home/sheyla/Documents/Repositórios/airflowalura/venv/lib/python3.9/site-packages/airflow/example_dags/tutorial_taskflow_api_etl.py for tasks to queue
[2024-02-25 20:33:37,552] {logging_mixin.py:115} INFO - [2024-02-25 20:33:37,551] {dagbag.py:507} INFO - Filling up the DagBag from /home/sheyla/Documents/Repositórios/airflowalura/venv/lib/python3.9/site-packages/airflow/example_dags/tutorial_taskflow_api_etl.py
[2024-02-25 20:33:37,579] {processor.py:651} INFO - DAG(s) dict_keys(['tutorial_taskflow_api_etl']) retrieved from /home/sheyla/Documents/Repositórios/airflowalura/venv/lib/python3.9/site-packages/airflow/example_dags/tutorial_taskflow_api_etl.py
[2024-02-25 20:33:37,610] {logging_mixin.py:115} INFO - [2024-02-25 20:33:37,610] {dag.py:2379} INFO - Sync 1 DAGs
[2024-02-25 20:33:37,620] {logging_mixin.py:115} INFO - [2024-02-25 20:33:37,620] {dag.py:2927} INFO - Setting next_dagrun for tutorial_taskflow_api_etl to None, run_after=None
[2024-02-25 20:33:37,648] {processor.py:161} INFO - Processing /home/sheyla/Documents/Repositórios/airflowalura/venv/lib/python3.9/site-packages/airflow/example_dags/tutorial_taskflow_api_etl.py took 0.106 seconds
[2024-02-25 20:34:14,422] {processor.py:153} INFO - Started process (PID=1957691) to work on /home/sheyla/Documents/Repositórios/airflowalura/venv/lib/python3.9/site-packages/airflow/example_dags/tutorial_taskflow_api_etl.py
[2024-02-25 20:34:14,423] {processor.py:641} INFO - Processing file /home/sheyla/Documents/Repositórios/airflowalura/venv/lib/python3.9/site-packages/airflow/example_dags/tutorial_taskflow_api_etl.py for tasks to queue
[2024-02-25 20:34:14,423] {logging_mixin.py:115} INFO - [2024-02-25 20:34:14,423] {dagbag.py:507} INFO - Filling up the DagBag from /home/sheyla/Documents/Repositórios/airflowalura/venv/lib/python3.9/site-packages/airflow/example_dags/tutorial_taskflow_api_etl.py
[2024-02-25 20:34:14,434] {processor.py:651} INFO - DAG(s) dict_keys(['tutorial_taskflow_api_etl']) retrieved from /home/sheyla/Documents/Repositórios/airflowalura/venv/lib/python3.9/site-packages/airflow/example_dags/tutorial_taskflow_api_etl.py
[2024-02-25 20:34:14,463] {logging_mixin.py:115} INFO - [2024-02-25 20:34:14,463] {dag.py:2379} INFO - Sync 1 DAGs
[2024-02-25 20:34:14,472] {logging_mixin.py:115} INFO - [2024-02-25 20:34:14,472] {dag.py:2927} INFO - Setting next_dagrun for tutorial_taskflow_api_etl to None, run_after=None
[2024-02-25 20:34:14,494] {processor.py:161} INFO - Processing /home/sheyla/Documents/Repositórios/airflowalura/venv/lib/python3.9/site-packages/airflow/example_dags/tutorial_taskflow_api_etl.py took 0.073 seconds
[2024-02-25 20:34:51,662] {processor.py:153} INFO - Started process (PID=1958090) to work on /home/sheyla/Documents/Repositórios/airflowalura/venv/lib/python3.9/site-packages/airflow/example_dags/tutorial_taskflow_api_etl.py
[2024-02-25 20:34:51,669] {processor.py:641} INFO - Processing file /home/sheyla/Documents/Repositórios/airflowalura/venv/lib/python3.9/site-packages/airflow/example_dags/tutorial_taskflow_api_etl.py for tasks to queue
[2024-02-25 20:34:51,670] {logging_mixin.py:115} INFO - [2024-02-25 20:34:51,670] {dagbag.py:507} INFO - Filling up the DagBag from /home/sheyla/Documents/Repositórios/airflowalura/venv/lib/python3.9/site-packages/airflow/example_dags/tutorial_taskflow_api_etl.py
[2024-02-25 20:34:51,701] {processor.py:651} INFO - DAG(s) dict_keys(['tutorial_taskflow_api_etl']) retrieved from /home/sheyla/Documents/Repositórios/airflowalura/venv/lib/python3.9/site-packages/airflow/example_dags/tutorial_taskflow_api_etl.py
[2024-02-25 20:34:51,713] {logging_mixin.py:115} INFO - [2024-02-25 20:34:51,713] {dag.py:2379} INFO - Sync 1 DAGs
[2024-02-25 20:34:51,726] {logging_mixin.py:115} INFO - [2024-02-25 20:34:51,726] {dag.py:2927} INFO - Setting next_dagrun for tutorial_taskflow_api_etl to None, run_after=None
[2024-02-25 20:34:51,738] {processor.py:161} INFO - Processing /home/sheyla/Documents/Repositórios/airflowalura/venv/lib/python3.9/site-packages/airflow/example_dags/tutorial_taskflow_api_etl.py took 0.082 seconds
[2024-02-25 20:35:24,807] {processor.py:153} INFO - Started process (PID=1958427) to work on /home/sheyla/Documents/Repositórios/airflowalura/venv/lib/python3.9/site-packages/airflow/example_dags/tutorial_taskflow_api_etl.py
[2024-02-25 20:35:24,813] {processor.py:641} INFO - Processing file /home/sheyla/Documents/Repositórios/airflowalura/venv/lib/python3.9/site-packages/airflow/example_dags/tutorial_taskflow_api_etl.py for tasks to queue
[2024-02-25 20:35:24,813] {logging_mixin.py:115} INFO - [2024-02-25 20:35:24,813] {dagbag.py:507} INFO - Filling up the DagBag from /home/sheyla/Documents/Repositórios/airflowalura/venv/lib/python3.9/site-packages/airflow/example_dags/tutorial_taskflow_api_etl.py
[2024-02-25 20:35:24,833] {processor.py:651} INFO - DAG(s) dict_keys(['tutorial_taskflow_api_etl']) retrieved from /home/sheyla/Documents/Repositórios/airflowalura/venv/lib/python3.9/site-packages/airflow/example_dags/tutorial_taskflow_api_etl.py
[2024-02-25 20:35:24,867] {logging_mixin.py:115} INFO - [2024-02-25 20:35:24,867] {dag.py:2379} INFO - Sync 1 DAGs
[2024-02-25 20:35:24,876] {logging_mixin.py:115} INFO - [2024-02-25 20:35:24,876] {dag.py:2927} INFO - Setting next_dagrun for tutorial_taskflow_api_etl to None, run_after=None
[2024-02-25 20:35:24,888] {processor.py:161} INFO - Processing /home/sheyla/Documents/Repositórios/airflowalura/venv/lib/python3.9/site-packages/airflow/example_dags/tutorial_taskflow_api_etl.py took 0.083 seconds
[2024-02-25 20:36:00,274] {processor.py:153} INFO - Started process (PID=1958795) to work on /home/sheyla/Documents/Repositórios/airflowalura/venv/lib/python3.9/site-packages/airflow/example_dags/tutorial_taskflow_api_etl.py
[2024-02-25 20:36:00,280] {processor.py:641} INFO - Processing file /home/sheyla/Documents/Repositórios/airflowalura/venv/lib/python3.9/site-packages/airflow/example_dags/tutorial_taskflow_api_etl.py for tasks to queue
[2024-02-25 20:36:00,282] {logging_mixin.py:115} INFO - [2024-02-25 20:36:00,281] {dagbag.py:507} INFO - Filling up the DagBag from /home/sheyla/Documents/Repositórios/airflowalura/venv/lib/python3.9/site-packages/airflow/example_dags/tutorial_taskflow_api_etl.py
[2024-02-25 20:36:00,311] {processor.py:651} INFO - DAG(s) dict_keys(['tutorial_taskflow_api_etl']) retrieved from /home/sheyla/Documents/Repositórios/airflowalura/venv/lib/python3.9/site-packages/airflow/example_dags/tutorial_taskflow_api_etl.py
[2024-02-25 20:36:00,323] {logging_mixin.py:115} INFO - [2024-02-25 20:36:00,322] {dag.py:2379} INFO - Sync 1 DAGs
[2024-02-25 20:36:00,336] {logging_mixin.py:115} INFO - [2024-02-25 20:36:00,335] {dag.py:2927} INFO - Setting next_dagrun for tutorial_taskflow_api_etl to None, run_after=None
[2024-02-25 20:36:00,347] {processor.py:161} INFO - Processing /home/sheyla/Documents/Repositórios/airflowalura/venv/lib/python3.9/site-packages/airflow/example_dags/tutorial_taskflow_api_etl.py took 0.079 seconds
[2024-02-25 20:36:34,906] {processor.py:153} INFO - Started process (PID=1959178) to work on /home/sheyla/Documents/Repositórios/airflowalura/venv/lib/python3.9/site-packages/airflow/example_dags/tutorial_taskflow_api_etl.py
[2024-02-25 20:36:34,910] {processor.py:641} INFO - Processing file /home/sheyla/Documents/Repositórios/airflowalura/venv/lib/python3.9/site-packages/airflow/example_dags/tutorial_taskflow_api_etl.py for tasks to queue
[2024-02-25 20:36:34,910] {logging_mixin.py:115} INFO - [2024-02-25 20:36:34,910] {dagbag.py:507} INFO - Filling up the DagBag from /home/sheyla/Documents/Repositórios/airflowalura/venv/lib/python3.9/site-packages/airflow/example_dags/tutorial_taskflow_api_etl.py
[2024-02-25 20:36:34,927] {processor.py:651} INFO - DAG(s) dict_keys(['tutorial_taskflow_api_etl']) retrieved from /home/sheyla/Documents/Repositórios/airflowalura/venv/lib/python3.9/site-packages/airflow/example_dags/tutorial_taskflow_api_etl.py
[2024-02-25 20:36:34,962] {logging_mixin.py:115} INFO - [2024-02-25 20:36:34,962] {dag.py:2379} INFO - Sync 1 DAGs
[2024-02-25 20:36:34,971] {logging_mixin.py:115} INFO - [2024-02-25 20:36:34,971] {dag.py:2927} INFO - Setting next_dagrun for tutorial_taskflow_api_etl to None, run_after=None
[2024-02-25 20:36:34,983] {processor.py:161} INFO - Processing /home/sheyla/Documents/Repositórios/airflowalura/venv/lib/python3.9/site-packages/airflow/example_dags/tutorial_taskflow_api_etl.py took 0.078 seconds
[2024-02-25 20:37:10,104] {processor.py:153} INFO - Started process (PID=1959540) to work on /home/sheyla/Documents/Repositórios/airflowalura/venv/lib/python3.9/site-packages/airflow/example_dags/tutorial_taskflow_api_etl.py
[2024-02-25 20:37:10,110] {processor.py:641} INFO - Processing file /home/sheyla/Documents/Repositórios/airflowalura/venv/lib/python3.9/site-packages/airflow/example_dags/tutorial_taskflow_api_etl.py for tasks to queue
[2024-02-25 20:37:10,112] {logging_mixin.py:115} INFO - [2024-02-25 20:37:10,111] {dagbag.py:507} INFO - Filling up the DagBag from /home/sheyla/Documents/Repositórios/airflowalura/venv/lib/python3.9/site-packages/airflow/example_dags/tutorial_taskflow_api_etl.py
[2024-02-25 20:37:10,144] {processor.py:651} INFO - DAG(s) dict_keys(['tutorial_taskflow_api_etl']) retrieved from /home/sheyla/Documents/Repositórios/airflowalura/venv/lib/python3.9/site-packages/airflow/example_dags/tutorial_taskflow_api_etl.py
[2024-02-25 20:37:10,176] {logging_mixin.py:115} INFO - [2024-02-25 20:37:10,176] {dag.py:2379} INFO - Sync 1 DAGs
[2024-02-25 20:37:10,185] {logging_mixin.py:115} INFO - [2024-02-25 20:37:10,185] {dag.py:2927} INFO - Setting next_dagrun for tutorial_taskflow_api_etl to None, run_after=None
[2024-02-25 20:37:10,197] {processor.py:161} INFO - Processing /home/sheyla/Documents/Repositórios/airflowalura/venv/lib/python3.9/site-packages/airflow/example_dags/tutorial_taskflow_api_etl.py took 0.099 seconds
[2024-02-25 20:37:42,113] {processor.py:153} INFO - Started process (PID=1959861) to work on /home/sheyla/Documents/Repositórios/airflowalura/venv/lib/python3.9/site-packages/airflow/example_dags/tutorial_taskflow_api_etl.py
[2024-02-25 20:37:42,114] {processor.py:641} INFO - Processing file /home/sheyla/Documents/Repositórios/airflowalura/venv/lib/python3.9/site-packages/airflow/example_dags/tutorial_taskflow_api_etl.py for tasks to queue
[2024-02-25 20:37:42,115] {logging_mixin.py:115} INFO - [2024-02-25 20:37:42,115] {dagbag.py:507} INFO - Filling up the DagBag from /home/sheyla/Documents/Repositórios/airflowalura/venv/lib/python3.9/site-packages/airflow/example_dags/tutorial_taskflow_api_etl.py
[2024-02-25 20:37:42,144] {processor.py:651} INFO - DAG(s) dict_keys(['tutorial_taskflow_api_etl']) retrieved from /home/sheyla/Documents/Repositórios/airflowalura/venv/lib/python3.9/site-packages/airflow/example_dags/tutorial_taskflow_api_etl.py
[2024-02-25 20:37:42,175] {logging_mixin.py:115} INFO - [2024-02-25 20:37:42,175] {dag.py:2379} INFO - Sync 1 DAGs
[2024-02-25 20:37:42,184] {logging_mixin.py:115} INFO - [2024-02-25 20:37:42,184] {dag.py:2927} INFO - Setting next_dagrun for tutorial_taskflow_api_etl to None, run_after=None
[2024-02-25 20:37:42,194] {processor.py:161} INFO - Processing /home/sheyla/Documents/Repositórios/airflowalura/venv/lib/python3.9/site-packages/airflow/example_dags/tutorial_taskflow_api_etl.py took 0.088 seconds
[2024-02-25 20:38:15,589] {processor.py:153} INFO - Started process (PID=1960205) to work on /home/sheyla/Documents/Repositórios/airflowalura/venv/lib/python3.9/site-packages/airflow/example_dags/tutorial_taskflow_api_etl.py
[2024-02-25 20:38:15,595] {processor.py:641} INFO - Processing file /home/sheyla/Documents/Repositórios/airflowalura/venv/lib/python3.9/site-packages/airflow/example_dags/tutorial_taskflow_api_etl.py for tasks to queue
[2024-02-25 20:38:15,596] {logging_mixin.py:115} INFO - [2024-02-25 20:38:15,596] {dagbag.py:507} INFO - Filling up the DagBag from /home/sheyla/Documents/Repositórios/airflowalura/venv/lib/python3.9/site-packages/airflow/example_dags/tutorial_taskflow_api_etl.py
[2024-02-25 20:38:15,632] {processor.py:651} INFO - DAG(s) dict_keys(['tutorial_taskflow_api_etl']) retrieved from /home/sheyla/Documents/Repositórios/airflowalura/venv/lib/python3.9/site-packages/airflow/example_dags/tutorial_taskflow_api_etl.py
[2024-02-25 20:38:15,646] {logging_mixin.py:115} INFO - [2024-02-25 20:38:15,645] {dag.py:2379} INFO - Sync 1 DAGs
[2024-02-25 20:38:15,659] {logging_mixin.py:115} INFO - [2024-02-25 20:38:15,659] {dag.py:2927} INFO - Setting next_dagrun for tutorial_taskflow_api_etl to None, run_after=None
[2024-02-25 20:38:15,677] {processor.py:161} INFO - Processing /home/sheyla/Documents/Repositórios/airflowalura/venv/lib/python3.9/site-packages/airflow/example_dags/tutorial_taskflow_api_etl.py took 0.090 seconds
[2024-02-25 20:38:51,338] {processor.py:153} INFO - Started process (PID=1960571) to work on /home/sheyla/Documents/Repositórios/airflowalura/venv/lib/python3.9/site-packages/airflow/example_dags/tutorial_taskflow_api_etl.py
[2024-02-25 20:38:51,344] {processor.py:641} INFO - Processing file /home/sheyla/Documents/Repositórios/airflowalura/venv/lib/python3.9/site-packages/airflow/example_dags/tutorial_taskflow_api_etl.py for tasks to queue
[2024-02-25 20:38:51,345] {logging_mixin.py:115} INFO - [2024-02-25 20:38:51,344] {dagbag.py:507} INFO - Filling up the DagBag from /home/sheyla/Documents/Repositórios/airflowalura/venv/lib/python3.9/site-packages/airflow/example_dags/tutorial_taskflow_api_etl.py
[2024-02-25 20:38:51,372] {processor.py:651} INFO - DAG(s) dict_keys(['tutorial_taskflow_api_etl']) retrieved from /home/sheyla/Documents/Repositórios/airflowalura/venv/lib/python3.9/site-packages/airflow/example_dags/tutorial_taskflow_api_etl.py
[2024-02-25 20:38:51,404] {logging_mixin.py:115} INFO - [2024-02-25 20:38:51,404] {dag.py:2379} INFO - Sync 1 DAGs
[2024-02-25 20:38:51,413] {logging_mixin.py:115} INFO - [2024-02-25 20:38:51,413] {dag.py:2927} INFO - Setting next_dagrun for tutorial_taskflow_api_etl to None, run_after=None
[2024-02-25 20:38:51,427] {processor.py:161} INFO - Processing /home/sheyla/Documents/Repositórios/airflowalura/venv/lib/python3.9/site-packages/airflow/example_dags/tutorial_taskflow_api_etl.py took 0.096 seconds
[2024-02-25 20:39:23,577] {processor.py:153} INFO - Started process (PID=1960909) to work on /home/sheyla/Documents/Repositórios/airflowalura/venv/lib/python3.9/site-packages/airflow/example_dags/tutorial_taskflow_api_etl.py
[2024-02-25 20:39:23,577] {processor.py:641} INFO - Processing file /home/sheyla/Documents/Repositórios/airflowalura/venv/lib/python3.9/site-packages/airflow/example_dags/tutorial_taskflow_api_etl.py for tasks to queue
[2024-02-25 20:39:23,578] {logging_mixin.py:115} INFO - [2024-02-25 20:39:23,578] {dagbag.py:507} INFO - Filling up the DagBag from /home/sheyla/Documents/Repositórios/airflowalura/venv/lib/python3.9/site-packages/airflow/example_dags/tutorial_taskflow_api_etl.py
[2024-02-25 20:39:23,605] {processor.py:651} INFO - DAG(s) dict_keys(['tutorial_taskflow_api_etl']) retrieved from /home/sheyla/Documents/Repositórios/airflowalura/venv/lib/python3.9/site-packages/airflow/example_dags/tutorial_taskflow_api_etl.py
[2024-02-25 20:39:23,619] {logging_mixin.py:115} INFO - [2024-02-25 20:39:23,619] {dag.py:2379} INFO - Sync 1 DAGs
[2024-02-25 20:39:23,633] {logging_mixin.py:115} INFO - [2024-02-25 20:39:23,632] {dag.py:2927} INFO - Setting next_dagrun for tutorial_taskflow_api_etl to None, run_after=None
[2024-02-25 20:39:23,645] {processor.py:161} INFO - Processing /home/sheyla/Documents/Repositórios/airflowalura/venv/lib/python3.9/site-packages/airflow/example_dags/tutorial_taskflow_api_etl.py took 0.071 seconds
[2024-02-25 20:39:57,383] {processor.py:153} INFO - Started process (PID=1961257) to work on /home/sheyla/Documents/Repositórios/airflowalura/venv/lib/python3.9/site-packages/airflow/example_dags/tutorial_taskflow_api_etl.py
[2024-02-25 20:39:57,384] {processor.py:641} INFO - Processing file /home/sheyla/Documents/Repositórios/airflowalura/venv/lib/python3.9/site-packages/airflow/example_dags/tutorial_taskflow_api_etl.py for tasks to queue
[2024-02-25 20:39:57,385] {logging_mixin.py:115} INFO - [2024-02-25 20:39:57,385] {dagbag.py:507} INFO - Filling up the DagBag from /home/sheyla/Documents/Repositórios/airflowalura/venv/lib/python3.9/site-packages/airflow/example_dags/tutorial_taskflow_api_etl.py
[2024-02-25 20:39:57,416] {processor.py:651} INFO - DAG(s) dict_keys(['tutorial_taskflow_api_etl']) retrieved from /home/sheyla/Documents/Repositórios/airflowalura/venv/lib/python3.9/site-packages/airflow/example_dags/tutorial_taskflow_api_etl.py
[2024-02-25 20:39:57,428] {logging_mixin.py:115} INFO - [2024-02-25 20:39:57,428] {dag.py:2379} INFO - Sync 1 DAGs
[2024-02-25 20:39:57,441] {logging_mixin.py:115} INFO - [2024-02-25 20:39:57,441] {dag.py:2927} INFO - Setting next_dagrun for tutorial_taskflow_api_etl to None, run_after=None
[2024-02-25 20:39:57,454] {processor.py:161} INFO - Processing /home/sheyla/Documents/Repositórios/airflowalura/venv/lib/python3.9/site-packages/airflow/example_dags/tutorial_taskflow_api_etl.py took 0.077 seconds
[2024-02-25 20:40:30,507] {processor.py:153} INFO - Started process (PID=1961598) to work on /home/sheyla/Documents/Repositórios/airflowalura/venv/lib/python3.9/site-packages/airflow/example_dags/tutorial_taskflow_api_etl.py
[2024-02-25 20:40:30,509] {processor.py:641} INFO - Processing file /home/sheyla/Documents/Repositórios/airflowalura/venv/lib/python3.9/site-packages/airflow/example_dags/tutorial_taskflow_api_etl.py for tasks to queue
[2024-02-25 20:40:30,510] {logging_mixin.py:115} INFO - [2024-02-25 20:40:30,510] {dagbag.py:507} INFO - Filling up the DagBag from /home/sheyla/Documents/Repositórios/airflowalura/venv/lib/python3.9/site-packages/airflow/example_dags/tutorial_taskflow_api_etl.py
[2024-02-25 20:40:30,546] {processor.py:651} INFO - DAG(s) dict_keys(['tutorial_taskflow_api_etl']) retrieved from /home/sheyla/Documents/Repositórios/airflowalura/venv/lib/python3.9/site-packages/airflow/example_dags/tutorial_taskflow_api_etl.py
[2024-02-25 20:40:30,558] {logging_mixin.py:115} INFO - [2024-02-25 20:40:30,558] {dag.py:2379} INFO - Sync 1 DAGs
[2024-02-25 20:40:30,571] {logging_mixin.py:115} INFO - [2024-02-25 20:40:30,571] {dag.py:2927} INFO - Setting next_dagrun for tutorial_taskflow_api_etl to None, run_after=None
[2024-02-25 20:40:30,583] {processor.py:161} INFO - Processing /home/sheyla/Documents/Repositórios/airflowalura/venv/lib/python3.9/site-packages/airflow/example_dags/tutorial_taskflow_api_etl.py took 0.082 seconds
[2024-02-25 20:41:06,416] {processor.py:153} INFO - Started process (PID=1961966) to work on /home/sheyla/Documents/Repositórios/airflowalura/venv/lib/python3.9/site-packages/airflow/example_dags/tutorial_taskflow_api_etl.py
[2024-02-25 20:41:06,416] {processor.py:641} INFO - Processing file /home/sheyla/Documents/Repositórios/airflowalura/venv/lib/python3.9/site-packages/airflow/example_dags/tutorial_taskflow_api_etl.py for tasks to queue
[2024-02-25 20:41:06,416] {logging_mixin.py:115} INFO - [2024-02-25 20:41:06,416] {dagbag.py:507} INFO - Filling up the DagBag from /home/sheyla/Documents/Repositórios/airflowalura/venv/lib/python3.9/site-packages/airflow/example_dags/tutorial_taskflow_api_etl.py
[2024-02-25 20:41:06,428] {processor.py:651} INFO - DAG(s) dict_keys(['tutorial_taskflow_api_etl']) retrieved from /home/sheyla/Documents/Repositórios/airflowalura/venv/lib/python3.9/site-packages/airflow/example_dags/tutorial_taskflow_api_etl.py
[2024-02-25 20:41:06,437] {logging_mixin.py:115} INFO - [2024-02-25 20:41:06,437] {dag.py:2379} INFO - Sync 1 DAGs
[2024-02-25 20:41:06,449] {logging_mixin.py:115} INFO - [2024-02-25 20:41:06,449] {dag.py:2927} INFO - Setting next_dagrun for tutorial_taskflow_api_etl to None, run_after=None
[2024-02-25 20:41:06,459] {processor.py:161} INFO - Processing /home/sheyla/Documents/Repositórios/airflowalura/venv/lib/python3.9/site-packages/airflow/example_dags/tutorial_taskflow_api_etl.py took 0.045 seconds
[2024-02-25 20:41:41,268] {processor.py:153} INFO - Started process (PID=1962351) to work on /home/sheyla/Documents/Repositórios/airflowalura/venv/lib/python3.9/site-packages/airflow/example_dags/tutorial_taskflow_api_etl.py
[2024-02-25 20:41:41,274] {processor.py:641} INFO - Processing file /home/sheyla/Documents/Repositórios/airflowalura/venv/lib/python3.9/site-packages/airflow/example_dags/tutorial_taskflow_api_etl.py for tasks to queue
[2024-02-25 20:41:41,274] {logging_mixin.py:115} INFO - [2024-02-25 20:41:41,274] {dagbag.py:507} INFO - Filling up the DagBag from /home/sheyla/Documents/Repositórios/airflowalura/venv/lib/python3.9/site-packages/airflow/example_dags/tutorial_taskflow_api_etl.py
[2024-02-25 20:41:41,292] {processor.py:651} INFO - DAG(s) dict_keys(['tutorial_taskflow_api_etl']) retrieved from /home/sheyla/Documents/Repositórios/airflowalura/venv/lib/python3.9/site-packages/airflow/example_dags/tutorial_taskflow_api_etl.py
[2024-02-25 20:41:41,305] {logging_mixin.py:115} INFO - [2024-02-25 20:41:41,305] {dag.py:2379} INFO - Sync 1 DAGs
[2024-02-25 20:41:41,319] {logging_mixin.py:115} INFO - [2024-02-25 20:41:41,319] {dag.py:2927} INFO - Setting next_dagrun for tutorial_taskflow_api_etl to None, run_after=None
[2024-02-25 20:41:41,331] {processor.py:161} INFO - Processing /home/sheyla/Documents/Repositórios/airflowalura/venv/lib/python3.9/site-packages/airflow/example_dags/tutorial_taskflow_api_etl.py took 0.064 seconds
[2024-02-25 20:42:14,713] {processor.py:153} INFO - Started process (PID=1962700) to work on /home/sheyla/Documents/Repositórios/airflowalura/venv/lib/python3.9/site-packages/airflow/example_dags/tutorial_taskflow_api_etl.py
[2024-02-25 20:42:14,719] {processor.py:641} INFO - Processing file /home/sheyla/Documents/Repositórios/airflowalura/venv/lib/python3.9/site-packages/airflow/example_dags/tutorial_taskflow_api_etl.py for tasks to queue
[2024-02-25 20:42:14,720] {logging_mixin.py:115} INFO - [2024-02-25 20:42:14,720] {dagbag.py:507} INFO - Filling up the DagBag from /home/sheyla/Documents/Repositórios/airflowalura/venv/lib/python3.9/site-packages/airflow/example_dags/tutorial_taskflow_api_etl.py
[2024-02-25 20:42:14,751] {processor.py:651} INFO - DAG(s) dict_keys(['tutorial_taskflow_api_etl']) retrieved from /home/sheyla/Documents/Repositórios/airflowalura/venv/lib/python3.9/site-packages/airflow/example_dags/tutorial_taskflow_api_etl.py
[2024-02-25 20:42:14,763] {logging_mixin.py:115} INFO - [2024-02-25 20:42:14,763] {dag.py:2379} INFO - Sync 1 DAGs
[2024-02-25 20:42:14,775] {logging_mixin.py:115} INFO - [2024-02-25 20:42:14,775] {dag.py:2927} INFO - Setting next_dagrun for tutorial_taskflow_api_etl to None, run_after=None
[2024-02-25 20:42:14,789] {processor.py:161} INFO - Processing /home/sheyla/Documents/Repositórios/airflowalura/venv/lib/python3.9/site-packages/airflow/example_dags/tutorial_taskflow_api_etl.py took 0.083 seconds
[2024-02-25 20:42:50,342] {processor.py:153} INFO - Started process (PID=1963063) to work on /home/sheyla/Documents/Repositórios/airflowalura/venv/lib/python3.9/site-packages/airflow/example_dags/tutorial_taskflow_api_etl.py
[2024-02-25 20:42:50,348] {processor.py:641} INFO - Processing file /home/sheyla/Documents/Repositórios/airflowalura/venv/lib/python3.9/site-packages/airflow/example_dags/tutorial_taskflow_api_etl.py for tasks to queue
[2024-02-25 20:42:50,349] {logging_mixin.py:115} INFO - [2024-02-25 20:42:50,349] {dagbag.py:507} INFO - Filling up the DagBag from /home/sheyla/Documents/Repositórios/airflowalura/venv/lib/python3.9/site-packages/airflow/example_dags/tutorial_taskflow_api_etl.py
[2024-02-25 20:42:50,382] {processor.py:651} INFO - DAG(s) dict_keys(['tutorial_taskflow_api_etl']) retrieved from /home/sheyla/Documents/Repositórios/airflowalura/venv/lib/python3.9/site-packages/airflow/example_dags/tutorial_taskflow_api_etl.py
[2024-02-25 20:42:50,394] {logging_mixin.py:115} INFO - [2024-02-25 20:42:50,394] {dag.py:2379} INFO - Sync 1 DAGs
[2024-02-25 20:42:50,406] {logging_mixin.py:115} INFO - [2024-02-25 20:42:50,406] {dag.py:2927} INFO - Setting next_dagrun for tutorial_taskflow_api_etl to None, run_after=None
[2024-02-25 20:42:50,418] {processor.py:161} INFO - Processing /home/sheyla/Documents/Repositórios/airflowalura/venv/lib/python3.9/site-packages/airflow/example_dags/tutorial_taskflow_api_etl.py took 0.082 seconds
[2024-02-25 20:43:25,311] {processor.py:153} INFO - Started process (PID=1963419) to work on /home/sheyla/Documents/Repositórios/airflowalura/venv/lib/python3.9/site-packages/airflow/example_dags/tutorial_taskflow_api_etl.py
[2024-02-25 20:43:25,314] {processor.py:641} INFO - Processing file /home/sheyla/Documents/Repositórios/airflowalura/venv/lib/python3.9/site-packages/airflow/example_dags/tutorial_taskflow_api_etl.py for tasks to queue
[2024-02-25 20:43:25,315] {logging_mixin.py:115} INFO - [2024-02-25 20:43:25,315] {dagbag.py:507} INFO - Filling up the DagBag from /home/sheyla/Documents/Repositórios/airflowalura/venv/lib/python3.9/site-packages/airflow/example_dags/tutorial_taskflow_api_etl.py
[2024-02-25 20:43:25,328] {processor.py:651} INFO - DAG(s) dict_keys(['tutorial_taskflow_api_etl']) retrieved from /home/sheyla/Documents/Repositórios/airflowalura/venv/lib/python3.9/site-packages/airflow/example_dags/tutorial_taskflow_api_etl.py
[2024-02-25 20:43:25,358] {logging_mixin.py:115} INFO - [2024-02-25 20:43:25,358] {dag.py:2379} INFO - Sync 1 DAGs
[2024-02-25 20:43:25,368] {logging_mixin.py:115} INFO - [2024-02-25 20:43:25,368] {dag.py:2927} INFO - Setting next_dagrun for tutorial_taskflow_api_etl to None, run_after=None
[2024-02-25 20:43:25,380] {processor.py:161} INFO - Processing /home/sheyla/Documents/Repositórios/airflowalura/venv/lib/python3.9/site-packages/airflow/example_dags/tutorial_taskflow_api_etl.py took 0.070 seconds
[2024-02-25 20:43:58,493] {processor.py:153} INFO - Started process (PID=1963766) to work on /home/sheyla/Documents/Repositórios/airflowalura/venv/lib/python3.9/site-packages/airflow/example_dags/tutorial_taskflow_api_etl.py
[2024-02-25 20:43:58,499] {processor.py:641} INFO - Processing file /home/sheyla/Documents/Repositórios/airflowalura/venv/lib/python3.9/site-packages/airflow/example_dags/tutorial_taskflow_api_etl.py for tasks to queue
[2024-02-25 20:43:58,499] {logging_mixin.py:115} INFO - [2024-02-25 20:43:58,499] {dagbag.py:507} INFO - Filling up the DagBag from /home/sheyla/Documents/Repositórios/airflowalura/venv/lib/python3.9/site-packages/airflow/example_dags/tutorial_taskflow_api_etl.py
[2024-02-25 20:43:58,518] {processor.py:651} INFO - DAG(s) dict_keys(['tutorial_taskflow_api_etl']) retrieved from /home/sheyla/Documents/Repositórios/airflowalura/venv/lib/python3.9/site-packages/airflow/example_dags/tutorial_taskflow_api_etl.py
[2024-02-25 20:43:58,530] {logging_mixin.py:115} INFO - [2024-02-25 20:43:58,530] {dag.py:2379} INFO - Sync 1 DAGs
[2024-02-25 20:43:58,542] {logging_mixin.py:115} INFO - [2024-02-25 20:43:58,542] {dag.py:2927} INFO - Setting next_dagrun for tutorial_taskflow_api_etl to None, run_after=None
[2024-02-25 20:43:58,555] {processor.py:161} INFO - Processing /home/sheyla/Documents/Repositórios/airflowalura/venv/lib/python3.9/site-packages/airflow/example_dags/tutorial_taskflow_api_etl.py took 0.065 seconds
[2024-02-25 20:44:34,478] {processor.py:153} INFO - Started process (PID=1964129) to work on /home/sheyla/Documents/Repositórios/airflowalura/venv/lib/python3.9/site-packages/airflow/example_dags/tutorial_taskflow_api_etl.py
[2024-02-25 20:44:34,484] {processor.py:641} INFO - Processing file /home/sheyla/Documents/Repositórios/airflowalura/venv/lib/python3.9/site-packages/airflow/example_dags/tutorial_taskflow_api_etl.py for tasks to queue
[2024-02-25 20:44:34,485] {logging_mixin.py:115} INFO - [2024-02-25 20:44:34,485] {dagbag.py:507} INFO - Filling up the DagBag from /home/sheyla/Documents/Repositórios/airflowalura/venv/lib/python3.9/site-packages/airflow/example_dags/tutorial_taskflow_api_etl.py
[2024-02-25 20:44:34,518] {processor.py:651} INFO - DAG(s) dict_keys(['tutorial_taskflow_api_etl']) retrieved from /home/sheyla/Documents/Repositórios/airflowalura/venv/lib/python3.9/site-packages/airflow/example_dags/tutorial_taskflow_api_etl.py
[2024-02-25 20:44:34,530] {logging_mixin.py:115} INFO - [2024-02-25 20:44:34,530] {dag.py:2379} INFO - Sync 1 DAGs
[2024-02-25 20:44:34,543] {logging_mixin.py:115} INFO - [2024-02-25 20:44:34,542] {dag.py:2927} INFO - Setting next_dagrun for tutorial_taskflow_api_etl to None, run_after=None
[2024-02-25 20:44:34,556] {processor.py:161} INFO - Processing /home/sheyla/Documents/Repositórios/airflowalura/venv/lib/python3.9/site-packages/airflow/example_dags/tutorial_taskflow_api_etl.py took 0.085 seconds
[2024-02-25 20:45:09,360] {processor.py:153} INFO - Started process (PID=1964493) to work on /home/sheyla/Documents/Repositórios/airflowalura/venv/lib/python3.9/site-packages/airflow/example_dags/tutorial_taskflow_api_etl.py
[2024-02-25 20:45:09,361] {processor.py:641} INFO - Processing file /home/sheyla/Documents/Repositórios/airflowalura/venv/lib/python3.9/site-packages/airflow/example_dags/tutorial_taskflow_api_etl.py for tasks to queue
[2024-02-25 20:45:09,361] {logging_mixin.py:115} INFO - [2024-02-25 20:45:09,361] {dagbag.py:507} INFO - Filling up the DagBag from /home/sheyla/Documents/Repositórios/airflowalura/venv/lib/python3.9/site-packages/airflow/example_dags/tutorial_taskflow_api_etl.py
[2024-02-25 20:45:09,376] {processor.py:651} INFO - DAG(s) dict_keys(['tutorial_taskflow_api_etl']) retrieved from /home/sheyla/Documents/Repositórios/airflowalura/venv/lib/python3.9/site-packages/airflow/example_dags/tutorial_taskflow_api_etl.py
[2024-02-25 20:45:09,386] {logging_mixin.py:115} INFO - [2024-02-25 20:45:09,386] {dag.py:2379} INFO - Sync 1 DAGs
[2024-02-25 20:45:09,398] {logging_mixin.py:115} INFO - [2024-02-25 20:45:09,398] {dag.py:2927} INFO - Setting next_dagrun for tutorial_taskflow_api_etl to None, run_after=None
[2024-02-25 20:45:09,410] {processor.py:161} INFO - Processing /home/sheyla/Documents/Repositórios/airflowalura/venv/lib/python3.9/site-packages/airflow/example_dags/tutorial_taskflow_api_etl.py took 0.052 seconds
[2024-02-25 20:45:44,261] {processor.py:153} INFO - Started process (PID=1964848) to work on /home/sheyla/Documents/Repositórios/airflowalura/venv/lib/python3.9/site-packages/airflow/example_dags/tutorial_taskflow_api_etl.py
[2024-02-25 20:45:44,262] {processor.py:641} INFO - Processing file /home/sheyla/Documents/Repositórios/airflowalura/venv/lib/python3.9/site-packages/airflow/example_dags/tutorial_taskflow_api_etl.py for tasks to queue
[2024-02-25 20:45:44,263] {logging_mixin.py:115} INFO - [2024-02-25 20:45:44,263] {dagbag.py:507} INFO - Filling up the DagBag from /home/sheyla/Documents/Repositórios/airflowalura/venv/lib/python3.9/site-packages/airflow/example_dags/tutorial_taskflow_api_etl.py
[2024-02-25 20:45:44,293] {processor.py:651} INFO - DAG(s) dict_keys(['tutorial_taskflow_api_etl']) retrieved from /home/sheyla/Documents/Repositórios/airflowalura/venv/lib/python3.9/site-packages/airflow/example_dags/tutorial_taskflow_api_etl.py
[2024-02-25 20:45:44,306] {logging_mixin.py:115} INFO - [2024-02-25 20:45:44,305] {dag.py:2379} INFO - Sync 1 DAGs
[2024-02-25 20:45:44,318] {logging_mixin.py:115} INFO - [2024-02-25 20:45:44,318] {dag.py:2927} INFO - Setting next_dagrun for tutorial_taskflow_api_etl to None, run_after=None
[2024-02-25 20:45:44,330] {processor.py:161} INFO - Processing /home/sheyla/Documents/Repositórios/airflowalura/venv/lib/python3.9/site-packages/airflow/example_dags/tutorial_taskflow_api_etl.py took 0.075 seconds
[2024-02-25 20:46:17,343] {processor.py:153} INFO - Started process (PID=1965186) to work on /home/sheyla/Documents/Repositórios/airflowalura/venv/lib/python3.9/site-packages/airflow/example_dags/tutorial_taskflow_api_etl.py
[2024-02-25 20:46:17,349] {processor.py:641} INFO - Processing file /home/sheyla/Documents/Repositórios/airflowalura/venv/lib/python3.9/site-packages/airflow/example_dags/tutorial_taskflow_api_etl.py for tasks to queue
[2024-02-25 20:46:17,351] {logging_mixin.py:115} INFO - [2024-02-25 20:46:17,350] {dagbag.py:507} INFO - Filling up the DagBag from /home/sheyla/Documents/Repositórios/airflowalura/venv/lib/python3.9/site-packages/airflow/example_dags/tutorial_taskflow_api_etl.py
[2024-02-25 20:46:17,373] {processor.py:651} INFO - DAG(s) dict_keys(['tutorial_taskflow_api_etl']) retrieved from /home/sheyla/Documents/Repositórios/airflowalura/venv/lib/python3.9/site-packages/airflow/example_dags/tutorial_taskflow_api_etl.py
[2024-02-25 20:46:17,384] {logging_mixin.py:115} INFO - [2024-02-25 20:46:17,384] {dag.py:2379} INFO - Sync 1 DAGs
[2024-02-25 20:46:17,397] {logging_mixin.py:115} INFO - [2024-02-25 20:46:17,397] {dag.py:2927} INFO - Setting next_dagrun for tutorial_taskflow_api_etl to None, run_after=None
[2024-02-25 20:46:17,410] {processor.py:161} INFO - Processing /home/sheyla/Documents/Repositórios/airflowalura/venv/lib/python3.9/site-packages/airflow/example_dags/tutorial_taskflow_api_etl.py took 0.074 seconds
[2024-02-25 20:46:50,192] {processor.py:153} INFO - Started process (PID=1965544) to work on /home/sheyla/Documents/Repositórios/airflowalura/venv/lib/python3.9/site-packages/airflow/example_dags/tutorial_taskflow_api_etl.py
[2024-02-25 20:46:50,198] {processor.py:641} INFO - Processing file /home/sheyla/Documents/Repositórios/airflowalura/venv/lib/python3.9/site-packages/airflow/example_dags/tutorial_taskflow_api_etl.py for tasks to queue
[2024-02-25 20:46:50,199] {logging_mixin.py:115} INFO - [2024-02-25 20:46:50,199] {dagbag.py:507} INFO - Filling up the DagBag from /home/sheyla/Documents/Repositórios/airflowalura/venv/lib/python3.9/site-packages/airflow/example_dags/tutorial_taskflow_api_etl.py
[2024-02-25 20:46:50,238] {processor.py:651} INFO - DAG(s) dict_keys(['tutorial_taskflow_api_etl']) retrieved from /home/sheyla/Documents/Repositórios/airflowalura/venv/lib/python3.9/site-packages/airflow/example_dags/tutorial_taskflow_api_etl.py
[2024-02-25 20:46:50,250] {logging_mixin.py:115} INFO - [2024-02-25 20:46:50,250] {dag.py:2379} INFO - Sync 1 DAGs
[2024-02-25 20:46:50,263] {logging_mixin.py:115} INFO - [2024-02-25 20:46:50,263] {dag.py:2927} INFO - Setting next_dagrun for tutorial_taskflow_api_etl to None, run_after=None
[2024-02-25 20:46:50,276] {processor.py:161} INFO - Processing /home/sheyla/Documents/Repositórios/airflowalura/venv/lib/python3.9/site-packages/airflow/example_dags/tutorial_taskflow_api_etl.py took 0.087 seconds
[2024-02-25 20:47:23,290] {processor.py:153} INFO - Started process (PID=1966037) to work on /home/sheyla/Documents/Repositórios/airflowalura/venv/lib/python3.9/site-packages/airflow/example_dags/tutorial_taskflow_api_etl.py
[2024-02-25 20:47:23,291] {processor.py:641} INFO - Processing file /home/sheyla/Documents/Repositórios/airflowalura/venv/lib/python3.9/site-packages/airflow/example_dags/tutorial_taskflow_api_etl.py for tasks to queue
[2024-02-25 20:47:23,292] {logging_mixin.py:115} INFO - [2024-02-25 20:47:23,292] {dagbag.py:507} INFO - Filling up the DagBag from /home/sheyla/Documents/Repositórios/airflowalura/venv/lib/python3.9/site-packages/airflow/example_dags/tutorial_taskflow_api_etl.py
[2024-02-25 20:47:23,315] {processor.py:651} INFO - DAG(s) dict_keys(['tutorial_taskflow_api_etl']) retrieved from /home/sheyla/Documents/Repositórios/airflowalura/venv/lib/python3.9/site-packages/airflow/example_dags/tutorial_taskflow_api_etl.py
[2024-02-25 20:47:23,326] {logging_mixin.py:115} INFO - [2024-02-25 20:47:23,326] {dag.py:2379} INFO - Sync 1 DAGs
[2024-02-25 20:47:23,340] {logging_mixin.py:115} INFO - [2024-02-25 20:47:23,340] {dag.py:2927} INFO - Setting next_dagrun for tutorial_taskflow_api_etl to None, run_after=None
[2024-02-25 20:47:23,352] {processor.py:161} INFO - Processing /home/sheyla/Documents/Repositórios/airflowalura/venv/lib/python3.9/site-packages/airflow/example_dags/tutorial_taskflow_api_etl.py took 0.068 seconds
[2024-02-25 20:47:57,478] {processor.py:153} INFO - Started process (PID=1966565) to work on /home/sheyla/Documents/Repositórios/airflowalura/venv/lib/python3.9/site-packages/airflow/example_dags/tutorial_taskflow_api_etl.py
[2024-02-25 20:47:57,484] {processor.py:641} INFO - Processing file /home/sheyla/Documents/Repositórios/airflowalura/venv/lib/python3.9/site-packages/airflow/example_dags/tutorial_taskflow_api_etl.py for tasks to queue
[2024-02-25 20:47:57,485] {logging_mixin.py:115} INFO - [2024-02-25 20:47:57,485] {dagbag.py:507} INFO - Filling up the DagBag from /home/sheyla/Documents/Repositórios/airflowalura/venv/lib/python3.9/site-packages/airflow/example_dags/tutorial_taskflow_api_etl.py
[2024-02-25 20:47:57,507] {processor.py:651} INFO - DAG(s) dict_keys(['tutorial_taskflow_api_etl']) retrieved from /home/sheyla/Documents/Repositórios/airflowalura/venv/lib/python3.9/site-packages/airflow/example_dags/tutorial_taskflow_api_etl.py
[2024-02-25 20:47:57,518] {logging_mixin.py:115} INFO - [2024-02-25 20:47:57,518] {dag.py:2379} INFO - Sync 1 DAGs
[2024-02-25 20:47:57,530] {logging_mixin.py:115} INFO - [2024-02-25 20:47:57,530] {dag.py:2927} INFO - Setting next_dagrun for tutorial_taskflow_api_etl to None, run_after=None
[2024-02-25 20:47:57,541] {processor.py:161} INFO - Processing /home/sheyla/Documents/Repositórios/airflowalura/venv/lib/python3.9/site-packages/airflow/example_dags/tutorial_taskflow_api_etl.py took 0.069 seconds
[2024-02-25 20:48:33,040] {processor.py:153} INFO - Started process (PID=1967063) to work on /home/sheyla/Documents/Repositórios/airflowalura/venv/lib/python3.9/site-packages/airflow/example_dags/tutorial_taskflow_api_etl.py
[2024-02-25 20:48:33,046] {processor.py:641} INFO - Processing file /home/sheyla/Documents/Repositórios/airflowalura/venv/lib/python3.9/site-packages/airflow/example_dags/tutorial_taskflow_api_etl.py for tasks to queue
[2024-02-25 20:48:33,047] {logging_mixin.py:115} INFO - [2024-02-25 20:48:33,047] {dagbag.py:507} INFO - Filling up the DagBag from /home/sheyla/Documents/Repositórios/airflowalura/venv/lib/python3.9/site-packages/airflow/example_dags/tutorial_taskflow_api_etl.py
[2024-02-25 20:48:33,078] {processor.py:651} INFO - DAG(s) dict_keys(['tutorial_taskflow_api_etl']) retrieved from /home/sheyla/Documents/Repositórios/airflowalura/venv/lib/python3.9/site-packages/airflow/example_dags/tutorial_taskflow_api_etl.py
[2024-02-25 20:48:33,111] {logging_mixin.py:115} INFO - [2024-02-25 20:48:33,111] {dag.py:2379} INFO - Sync 1 DAGs
[2024-02-25 20:48:33,121] {logging_mixin.py:115} INFO - [2024-02-25 20:48:33,121] {dag.py:2927} INFO - Setting next_dagrun for tutorial_taskflow_api_etl to None, run_after=None
[2024-02-25 20:48:33,134] {processor.py:161} INFO - Processing /home/sheyla/Documents/Repositórios/airflowalura/venv/lib/python3.9/site-packages/airflow/example_dags/tutorial_taskflow_api_etl.py took 0.101 seconds
