[2024-02-25 20:33:39,027] {processor.py:153} INFO - Started process (PID=1957285) to work on /home/sheyla/Documents/Repositórios/airflowalura/venv/lib/python3.9/site-packages/airflow/example_dags/plugins/workday.py
[2024-02-25 20:33:39,028] {processor.py:641} INFO - Processing file /home/sheyla/Documents/Repositórios/airflowalura/venv/lib/python3.9/site-packages/airflow/example_dags/plugins/workday.py for tasks to queue
[2024-02-25 20:33:39,028] {logging_mixin.py:115} INFO - [2024-02-25 20:33:39,028] {dagbag.py:507} INFO - Filling up the DagBag from /home/sheyla/Documents/Repositórios/airflowalura/venv/lib/python3.9/site-packages/airflow/example_dags/plugins/workday.py
[2024-02-25 20:33:39,031] {processor.py:653} WARNING - No viable dags retrieved from /home/sheyla/Documents/Repositórios/airflowalura/venv/lib/python3.9/site-packages/airflow/example_dags/plugins/workday.py
[2024-02-25 20:33:39,047] {processor.py:161} INFO - Processing /home/sheyla/Documents/Repositórios/airflowalura/venv/lib/python3.9/site-packages/airflow/example_dags/plugins/workday.py took 0.024 seconds
[2024-02-25 20:34:16,618] {processor.py:153} INFO - Started process (PID=1957730) to work on /home/sheyla/Documents/Repositórios/airflowalura/venv/lib/python3.9/site-packages/airflow/example_dags/plugins/workday.py
[2024-02-25 20:34:16,619] {processor.py:641} INFO - Processing file /home/sheyla/Documents/Repositórios/airflowalura/venv/lib/python3.9/site-packages/airflow/example_dags/plugins/workday.py for tasks to queue
[2024-02-25 20:34:16,619] {logging_mixin.py:115} INFO - [2024-02-25 20:34:16,619] {dagbag.py:507} INFO - Filling up the DagBag from /home/sheyla/Documents/Repositórios/airflowalura/venv/lib/python3.9/site-packages/airflow/example_dags/plugins/workday.py
[2024-02-25 20:34:16,620] {processor.py:653} WARNING - No viable dags retrieved from /home/sheyla/Documents/Repositórios/airflowalura/venv/lib/python3.9/site-packages/airflow/example_dags/plugins/workday.py
[2024-02-25 20:34:16,629] {processor.py:161} INFO - Processing /home/sheyla/Documents/Repositórios/airflowalura/venv/lib/python3.9/site-packages/airflow/example_dags/plugins/workday.py took 0.012 seconds
[2024-02-25 20:34:53,928] {processor.py:153} INFO - Started process (PID=1958118) to work on /home/sheyla/Documents/Repositórios/airflowalura/venv/lib/python3.9/site-packages/airflow/example_dags/plugins/workday.py
[2024-02-25 20:34:53,934] {processor.py:641} INFO - Processing file /home/sheyla/Documents/Repositórios/airflowalura/venv/lib/python3.9/site-packages/airflow/example_dags/plugins/workday.py for tasks to queue
[2024-02-25 20:34:53,936] {logging_mixin.py:115} INFO - [2024-02-25 20:34:53,935] {dagbag.py:507} INFO - Filling up the DagBag from /home/sheyla/Documents/Repositórios/airflowalura/venv/lib/python3.9/site-packages/airflow/example_dags/plugins/workday.py
[2024-02-25 20:34:53,940] {processor.py:653} WARNING - No viable dags retrieved from /home/sheyla/Documents/Repositórios/airflowalura/venv/lib/python3.9/site-packages/airflow/example_dags/plugins/workday.py
[2024-02-25 20:34:53,964] {processor.py:161} INFO - Processing /home/sheyla/Documents/Repositórios/airflowalura/venv/lib/python3.9/site-packages/airflow/example_dags/plugins/workday.py took 0.042 seconds
[2024-02-25 20:35:29,898] {processor.py:153} INFO - Started process (PID=1958485) to work on /home/sheyla/Documents/Repositórios/airflowalura/venv/lib/python3.9/site-packages/airflow/example_dags/plugins/workday.py
[2024-02-25 20:35:29,898] {processor.py:641} INFO - Processing file /home/sheyla/Documents/Repositórios/airflowalura/venv/lib/python3.9/site-packages/airflow/example_dags/plugins/workday.py for tasks to queue
[2024-02-25 20:35:29,899] {logging_mixin.py:115} INFO - [2024-02-25 20:35:29,899] {dagbag.py:507} INFO - Filling up the DagBag from /home/sheyla/Documents/Repositórios/airflowalura/venv/lib/python3.9/site-packages/airflow/example_dags/plugins/workday.py
[2024-02-25 20:35:29,901] {processor.py:653} WARNING - No viable dags retrieved from /home/sheyla/Documents/Repositórios/airflowalura/venv/lib/python3.9/site-packages/airflow/example_dags/plugins/workday.py
[2024-02-25 20:35:29,912] {processor.py:161} INFO - Processing /home/sheyla/Documents/Repositórios/airflowalura/venv/lib/python3.9/site-packages/airflow/example_dags/plugins/workday.py took 0.017 seconds
[2024-02-25 20:36:06,228] {processor.py:153} INFO - Started process (PID=1958856) to work on /home/sheyla/Documents/Repositórios/airflowalura/venv/lib/python3.9/site-packages/airflow/example_dags/plugins/workday.py
[2024-02-25 20:36:06,234] {processor.py:641} INFO - Processing file /home/sheyla/Documents/Repositórios/airflowalura/venv/lib/python3.9/site-packages/airflow/example_dags/plugins/workday.py for tasks to queue
[2024-02-25 20:36:06,235] {logging_mixin.py:115} INFO - [2024-02-25 20:36:06,235] {dagbag.py:507} INFO - Filling up the DagBag from /home/sheyla/Documents/Repositórios/airflowalura/venv/lib/python3.9/site-packages/airflow/example_dags/plugins/workday.py
[2024-02-25 20:36:06,240] {processor.py:653} WARNING - No viable dags retrieved from /home/sheyla/Documents/Repositórios/airflowalura/venv/lib/python3.9/site-packages/airflow/example_dags/plugins/workday.py
[2024-02-25 20:36:06,262] {processor.py:161} INFO - Processing /home/sheyla/Documents/Repositórios/airflowalura/venv/lib/python3.9/site-packages/airflow/example_dags/plugins/workday.py took 0.036 seconds
[2024-02-25 20:36:41,659] {processor.py:153} INFO - Started process (PID=1959243) to work on /home/sheyla/Documents/Repositórios/airflowalura/venv/lib/python3.9/site-packages/airflow/example_dags/plugins/workday.py
[2024-02-25 20:36:41,665] {processor.py:641} INFO - Processing file /home/sheyla/Documents/Repositórios/airflowalura/venv/lib/python3.9/site-packages/airflow/example_dags/plugins/workday.py for tasks to queue
[2024-02-25 20:36:41,666] {logging_mixin.py:115} INFO - [2024-02-25 20:36:41,666] {dagbag.py:507} INFO - Filling up the DagBag from /home/sheyla/Documents/Repositórios/airflowalura/venv/lib/python3.9/site-packages/airflow/example_dags/plugins/workday.py
[2024-02-25 20:36:41,671] {processor.py:653} WARNING - No viable dags retrieved from /home/sheyla/Documents/Repositórios/airflowalura/venv/lib/python3.9/site-packages/airflow/example_dags/plugins/workday.py
[2024-02-25 20:36:41,696] {processor.py:161} INFO - Processing /home/sheyla/Documents/Repositórios/airflowalura/venv/lib/python3.9/site-packages/airflow/example_dags/plugins/workday.py took 0.043 seconds
[2024-02-25 20:37:16,104] {processor.py:153} INFO - Started process (PID=1959600) to work on /home/sheyla/Documents/Repositórios/airflowalura/venv/lib/python3.9/site-packages/airflow/example_dags/plugins/workday.py
[2024-02-25 20:37:16,110] {processor.py:641} INFO - Processing file /home/sheyla/Documents/Repositórios/airflowalura/venv/lib/python3.9/site-packages/airflow/example_dags/plugins/workday.py for tasks to queue
[2024-02-25 20:37:16,110] {logging_mixin.py:115} INFO - [2024-02-25 20:37:16,110] {dagbag.py:507} INFO - Filling up the DagBag from /home/sheyla/Documents/Repositórios/airflowalura/venv/lib/python3.9/site-packages/airflow/example_dags/plugins/workday.py
[2024-02-25 20:37:16,112] {processor.py:653} WARNING - No viable dags retrieved from /home/sheyla/Documents/Repositórios/airflowalura/venv/lib/python3.9/site-packages/airflow/example_dags/plugins/workday.py
[2024-02-25 20:37:16,122] {processor.py:161} INFO - Processing /home/sheyla/Documents/Repositórios/airflowalura/venv/lib/python3.9/site-packages/airflow/example_dags/plugins/workday.py took 0.022 seconds
[2024-02-25 20:37:47,998] {processor.py:153} INFO - Started process (PID=1959928) to work on /home/sheyla/Documents/Repositórios/airflowalura/venv/lib/python3.9/site-packages/airflow/example_dags/plugins/workday.py
[2024-02-25 20:37:47,999] {processor.py:641} INFO - Processing file /home/sheyla/Documents/Repositórios/airflowalura/venv/lib/python3.9/site-packages/airflow/example_dags/plugins/workday.py for tasks to queue
[2024-02-25 20:37:48,000] {logging_mixin.py:115} INFO - [2024-02-25 20:37:48,000] {dagbag.py:507} INFO - Filling up the DagBag from /home/sheyla/Documents/Repositórios/airflowalura/venv/lib/python3.9/site-packages/airflow/example_dags/plugins/workday.py
[2024-02-25 20:37:48,005] {processor.py:653} WARNING - No viable dags retrieved from /home/sheyla/Documents/Repositórios/airflowalura/venv/lib/python3.9/site-packages/airflow/example_dags/plugins/workday.py
[2024-02-25 20:37:48,022] {processor.py:161} INFO - Processing /home/sheyla/Documents/Repositórios/airflowalura/venv/lib/python3.9/site-packages/airflow/example_dags/plugins/workday.py took 0.031 seconds
[2024-02-25 20:38:21,922] {processor.py:153} INFO - Started process (PID=1960268) to work on /home/sheyla/Documents/Repositórios/airflowalura/venv/lib/python3.9/site-packages/airflow/example_dags/plugins/workday.py
[2024-02-25 20:38:21,929] {processor.py:641} INFO - Processing file /home/sheyla/Documents/Repositórios/airflowalura/venv/lib/python3.9/site-packages/airflow/example_dags/plugins/workday.py for tasks to queue
[2024-02-25 20:38:21,930] {logging_mixin.py:115} INFO - [2024-02-25 20:38:21,930] {dagbag.py:507} INFO - Filling up the DagBag from /home/sheyla/Documents/Repositórios/airflowalura/venv/lib/python3.9/site-packages/airflow/example_dags/plugins/workday.py
[2024-02-25 20:38:21,935] {processor.py:653} WARNING - No viable dags retrieved from /home/sheyla/Documents/Repositórios/airflowalura/venv/lib/python3.9/site-packages/airflow/example_dags/plugins/workday.py
[2024-02-25 20:38:21,955] {processor.py:161} INFO - Processing /home/sheyla/Documents/Repositórios/airflowalura/venv/lib/python3.9/site-packages/airflow/example_dags/plugins/workday.py took 0.041 seconds
[2024-02-25 20:38:56,645] {processor.py:153} INFO - Started process (PID=1960627) to work on /home/sheyla/Documents/Repositórios/airflowalura/venv/lib/python3.9/site-packages/airflow/example_dags/plugins/workday.py
[2024-02-25 20:38:56,646] {processor.py:641} INFO - Processing file /home/sheyla/Documents/Repositórios/airflowalura/venv/lib/python3.9/site-packages/airflow/example_dags/plugins/workday.py for tasks to queue
[2024-02-25 20:38:56,647] {logging_mixin.py:115} INFO - [2024-02-25 20:38:56,647] {dagbag.py:507} INFO - Filling up the DagBag from /home/sheyla/Documents/Repositórios/airflowalura/venv/lib/python3.9/site-packages/airflow/example_dags/plugins/workday.py
[2024-02-25 20:38:56,652] {processor.py:653} WARNING - No viable dags retrieved from /home/sheyla/Documents/Repositórios/airflowalura/venv/lib/python3.9/site-packages/airflow/example_dags/plugins/workday.py
[2024-02-25 20:38:56,671] {processor.py:161} INFO - Processing /home/sheyla/Documents/Repositórios/airflowalura/venv/lib/python3.9/site-packages/airflow/example_dags/plugins/workday.py took 0.033 seconds
[2024-02-25 20:39:29,910] {processor.py:153} INFO - Started process (PID=1960970) to work on /home/sheyla/Documents/Repositórios/airflowalura/venv/lib/python3.9/site-packages/airflow/example_dags/plugins/workday.py
[2024-02-25 20:39:29,916] {processor.py:641} INFO - Processing file /home/sheyla/Documents/Repositórios/airflowalura/venv/lib/python3.9/site-packages/airflow/example_dags/plugins/workday.py for tasks to queue
[2024-02-25 20:39:29,917] {logging_mixin.py:115} INFO - [2024-02-25 20:39:29,917] {dagbag.py:507} INFO - Filling up the DagBag from /home/sheyla/Documents/Repositórios/airflowalura/venv/lib/python3.9/site-packages/airflow/example_dags/plugins/workday.py
[2024-02-25 20:39:29,922] {processor.py:653} WARNING - No viable dags retrieved from /home/sheyla/Documents/Repositórios/airflowalura/venv/lib/python3.9/site-packages/airflow/example_dags/plugins/workday.py
[2024-02-25 20:39:29,942] {processor.py:161} INFO - Processing /home/sheyla/Documents/Repositórios/airflowalura/venv/lib/python3.9/site-packages/airflow/example_dags/plugins/workday.py took 0.039 seconds
[2024-02-25 20:40:03,587] {processor.py:153} INFO - Started process (PID=1961327) to work on /home/sheyla/Documents/Repositórios/airflowalura/venv/lib/python3.9/site-packages/airflow/example_dags/plugins/workday.py
[2024-02-25 20:40:03,590] {processor.py:641} INFO - Processing file /home/sheyla/Documents/Repositórios/airflowalura/venv/lib/python3.9/site-packages/airflow/example_dags/plugins/workday.py for tasks to queue
[2024-02-25 20:40:03,591] {logging_mixin.py:115} INFO - [2024-02-25 20:40:03,591] {dagbag.py:507} INFO - Filling up the DagBag from /home/sheyla/Documents/Repositórios/airflowalura/venv/lib/python3.9/site-packages/airflow/example_dags/plugins/workday.py
[2024-02-25 20:40:03,593] {processor.py:653} WARNING - No viable dags retrieved from /home/sheyla/Documents/Repositórios/airflowalura/venv/lib/python3.9/site-packages/airflow/example_dags/plugins/workday.py
[2024-02-25 20:40:03,602] {processor.py:161} INFO - Processing /home/sheyla/Documents/Repositórios/airflowalura/venv/lib/python3.9/site-packages/airflow/example_dags/plugins/workday.py took 0.017 seconds
[2024-02-25 20:40:35,673] {processor.py:153} INFO - Started process (PID=1961648) to work on /home/sheyla/Documents/Repositórios/airflowalura/venv/lib/python3.9/site-packages/airflow/example_dags/plugins/workday.py
[2024-02-25 20:40:35,675] {processor.py:641} INFO - Processing file /home/sheyla/Documents/Repositórios/airflowalura/venv/lib/python3.9/site-packages/airflow/example_dags/plugins/workday.py for tasks to queue
[2024-02-25 20:40:35,676] {logging_mixin.py:115} INFO - [2024-02-25 20:40:35,676] {dagbag.py:507} INFO - Filling up the DagBag from /home/sheyla/Documents/Repositórios/airflowalura/venv/lib/python3.9/site-packages/airflow/example_dags/plugins/workday.py
[2024-02-25 20:40:35,681] {processor.py:653} WARNING - No viable dags retrieved from /home/sheyla/Documents/Repositórios/airflowalura/venv/lib/python3.9/site-packages/airflow/example_dags/plugins/workday.py
[2024-02-25 20:40:35,699] {processor.py:161} INFO - Processing /home/sheyla/Documents/Repositórios/airflowalura/venv/lib/python3.9/site-packages/airflow/example_dags/plugins/workday.py took 0.033 seconds
[2024-02-25 20:41:12,012] {processor.py:153} INFO - Started process (PID=1962019) to work on /home/sheyla/Documents/Repositórios/airflowalura/venv/lib/python3.9/site-packages/airflow/example_dags/plugins/workday.py
[2024-02-25 20:41:12,013] {processor.py:641} INFO - Processing file /home/sheyla/Documents/Repositórios/airflowalura/venv/lib/python3.9/site-packages/airflow/example_dags/plugins/workday.py for tasks to queue
[2024-02-25 20:41:12,013] {logging_mixin.py:115} INFO - [2024-02-25 20:41:12,013] {dagbag.py:507} INFO - Filling up the DagBag from /home/sheyla/Documents/Repositórios/airflowalura/venv/lib/python3.9/site-packages/airflow/example_dags/plugins/workday.py
[2024-02-25 20:41:12,014] {processor.py:653} WARNING - No viable dags retrieved from /home/sheyla/Documents/Repositórios/airflowalura/venv/lib/python3.9/site-packages/airflow/example_dags/plugins/workday.py
[2024-02-25 20:41:12,023] {processor.py:161} INFO - Processing /home/sheyla/Documents/Repositórios/airflowalura/venv/lib/python3.9/site-packages/airflow/example_dags/plugins/workday.py took 0.014 seconds
[2024-02-25 20:41:44,443] {processor.py:153} INFO - Started process (PID=1962389) to work on /home/sheyla/Documents/Repositórios/airflowalura/venv/lib/python3.9/site-packages/airflow/example_dags/plugins/workday.py
[2024-02-25 20:41:44,444] {processor.py:641} INFO - Processing file /home/sheyla/Documents/Repositórios/airflowalura/venv/lib/python3.9/site-packages/airflow/example_dags/plugins/workday.py for tasks to queue
[2024-02-25 20:41:44,445] {logging_mixin.py:115} INFO - [2024-02-25 20:41:44,444] {dagbag.py:507} INFO - Filling up the DagBag from /home/sheyla/Documents/Repositórios/airflowalura/venv/lib/python3.9/site-packages/airflow/example_dags/plugins/workday.py
[2024-02-25 20:41:44,446] {processor.py:653} WARNING - No viable dags retrieved from /home/sheyla/Documents/Repositórios/airflowalura/venv/lib/python3.9/site-packages/airflow/example_dags/plugins/workday.py
[2024-02-25 20:41:44,456] {processor.py:161} INFO - Processing /home/sheyla/Documents/Repositórios/airflowalura/venv/lib/python3.9/site-packages/airflow/example_dags/plugins/workday.py took 0.017 seconds
[2024-02-25 20:42:20,743] {processor.py:153} INFO - Started process (PID=1962761) to work on /home/sheyla/Documents/Repositórios/airflowalura/venv/lib/python3.9/site-packages/airflow/example_dags/plugins/workday.py
[2024-02-25 20:42:20,749] {processor.py:641} INFO - Processing file /home/sheyla/Documents/Repositórios/airflowalura/venv/lib/python3.9/site-packages/airflow/example_dags/plugins/workday.py for tasks to queue
[2024-02-25 20:42:20,749] {logging_mixin.py:115} INFO - [2024-02-25 20:42:20,749] {dagbag.py:507} INFO - Filling up the DagBag from /home/sheyla/Documents/Repositórios/airflowalura/venv/lib/python3.9/site-packages/airflow/example_dags/plugins/workday.py
[2024-02-25 20:42:20,751] {processor.py:653} WARNING - No viable dags retrieved from /home/sheyla/Documents/Repositórios/airflowalura/venv/lib/python3.9/site-packages/airflow/example_dags/plugins/workday.py
[2024-02-25 20:42:20,761] {processor.py:161} INFO - Processing /home/sheyla/Documents/Repositórios/airflowalura/venv/lib/python3.9/site-packages/airflow/example_dags/plugins/workday.py took 0.020 seconds
[2024-02-25 20:42:54,664] {processor.py:153} INFO - Started process (PID=1963110) to work on /home/sheyla/Documents/Repositórios/airflowalura/venv/lib/python3.9/site-packages/airflow/example_dags/plugins/workday.py
[2024-02-25 20:42:54,670] {processor.py:641} INFO - Processing file /home/sheyla/Documents/Repositórios/airflowalura/venv/lib/python3.9/site-packages/airflow/example_dags/plugins/workday.py for tasks to queue
[2024-02-25 20:42:54,672] {logging_mixin.py:115} INFO - [2024-02-25 20:42:54,671] {dagbag.py:507} INFO - Filling up the DagBag from /home/sheyla/Documents/Repositórios/airflowalura/venv/lib/python3.9/site-packages/airflow/example_dags/plugins/workday.py
[2024-02-25 20:42:54,676] {processor.py:653} WARNING - No viable dags retrieved from /home/sheyla/Documents/Repositórios/airflowalura/venv/lib/python3.9/site-packages/airflow/example_dags/plugins/workday.py
[2024-02-25 20:42:54,695] {processor.py:161} INFO - Processing /home/sheyla/Documents/Repositórios/airflowalura/venv/lib/python3.9/site-packages/airflow/example_dags/plugins/workday.py took 0.037 seconds
[2024-02-25 20:43:27,594] {processor.py:153} INFO - Started process (PID=1963437) to work on /home/sheyla/Documents/Repositórios/airflowalura/venv/lib/python3.9/site-packages/airflow/example_dags/plugins/workday.py
[2024-02-25 20:43:27,600] {processor.py:641} INFO - Processing file /home/sheyla/Documents/Repositórios/airflowalura/venv/lib/python3.9/site-packages/airflow/example_dags/plugins/workday.py for tasks to queue
[2024-02-25 20:43:27,601] {logging_mixin.py:115} INFO - [2024-02-25 20:43:27,601] {dagbag.py:507} INFO - Filling up the DagBag from /home/sheyla/Documents/Repositórios/airflowalura/venv/lib/python3.9/site-packages/airflow/example_dags/plugins/workday.py
[2024-02-25 20:43:27,606] {processor.py:653} WARNING - No viable dags retrieved from /home/sheyla/Documents/Repositórios/airflowalura/venv/lib/python3.9/site-packages/airflow/example_dags/plugins/workday.py
[2024-02-25 20:43:27,627] {processor.py:161} INFO - Processing /home/sheyla/Documents/Repositórios/airflowalura/venv/lib/python3.9/site-packages/airflow/example_dags/plugins/workday.py took 0.040 seconds
[2024-02-25 20:44:05,373] {processor.py:153} INFO - Started process (PID=1963832) to work on /home/sheyla/Documents/Repositórios/airflowalura/venv/lib/python3.9/site-packages/airflow/example_dags/plugins/workday.py
[2024-02-25 20:44:05,374] {processor.py:641} INFO - Processing file /home/sheyla/Documents/Repositórios/airflowalura/venv/lib/python3.9/site-packages/airflow/example_dags/plugins/workday.py for tasks to queue
[2024-02-25 20:44:05,376] {logging_mixin.py:115} INFO - [2024-02-25 20:44:05,375] {dagbag.py:507} INFO - Filling up the DagBag from /home/sheyla/Documents/Repositórios/airflowalura/venv/lib/python3.9/site-packages/airflow/example_dags/plugins/workday.py
[2024-02-25 20:44:05,380] {processor.py:653} WARNING - No viable dags retrieved from /home/sheyla/Documents/Repositórios/airflowalura/venv/lib/python3.9/site-packages/airflow/example_dags/plugins/workday.py
[2024-02-25 20:44:05,403] {processor.py:161} INFO - Processing /home/sheyla/Documents/Repositórios/airflowalura/venv/lib/python3.9/site-packages/airflow/example_dags/plugins/workday.py took 0.036 seconds
[2024-02-25 20:44:41,360] {processor.py:153} INFO - Started process (PID=1964196) to work on /home/sheyla/Documents/Repositórios/airflowalura/venv/lib/python3.9/site-packages/airflow/example_dags/plugins/workday.py
[2024-02-25 20:44:41,366] {processor.py:641} INFO - Processing file /home/sheyla/Documents/Repositórios/airflowalura/venv/lib/python3.9/site-packages/airflow/example_dags/plugins/workday.py for tasks to queue
[2024-02-25 20:44:41,367] {logging_mixin.py:115} INFO - [2024-02-25 20:44:41,367] {dagbag.py:507} INFO - Filling up the DagBag from /home/sheyla/Documents/Repositórios/airflowalura/venv/lib/python3.9/site-packages/airflow/example_dags/plugins/workday.py
[2024-02-25 20:44:41,373] {processor.py:653} WARNING - No viable dags retrieved from /home/sheyla/Documents/Repositórios/airflowalura/venv/lib/python3.9/site-packages/airflow/example_dags/plugins/workday.py
[2024-02-25 20:44:41,391] {processor.py:161} INFO - Processing /home/sheyla/Documents/Repositórios/airflowalura/venv/lib/python3.9/site-packages/airflow/example_dags/plugins/workday.py took 0.038 seconds
[2024-02-25 20:45:16,517] {processor.py:153} INFO - Started process (PID=1964559) to work on /home/sheyla/Documents/Repositórios/airflowalura/venv/lib/python3.9/site-packages/airflow/example_dags/plugins/workday.py
[2024-02-25 20:45:16,521] {processor.py:641} INFO - Processing file /home/sheyla/Documents/Repositórios/airflowalura/venv/lib/python3.9/site-packages/airflow/example_dags/plugins/workday.py for tasks to queue
[2024-02-25 20:45:16,521] {logging_mixin.py:115} INFO - [2024-02-25 20:45:16,521] {dagbag.py:507} INFO - Filling up the DagBag from /home/sheyla/Documents/Repositórios/airflowalura/venv/lib/python3.9/site-packages/airflow/example_dags/plugins/workday.py
[2024-02-25 20:45:16,522] {processor.py:653} WARNING - No viable dags retrieved from /home/sheyla/Documents/Repositórios/airflowalura/venv/lib/python3.9/site-packages/airflow/example_dags/plugins/workday.py
[2024-02-25 20:45:16,529] {processor.py:161} INFO - Processing /home/sheyla/Documents/Repositórios/airflowalura/venv/lib/python3.9/site-packages/airflow/example_dags/plugins/workday.py took 0.014 seconds
[2024-02-25 20:45:50,591] {processor.py:153} INFO - Started process (PID=1964913) to work on /home/sheyla/Documents/Repositórios/airflowalura/venv/lib/python3.9/site-packages/airflow/example_dags/plugins/workday.py
[2024-02-25 20:45:50,592] {processor.py:641} INFO - Processing file /home/sheyla/Documents/Repositórios/airflowalura/venv/lib/python3.9/site-packages/airflow/example_dags/plugins/workday.py for tasks to queue
[2024-02-25 20:45:50,593] {logging_mixin.py:115} INFO - [2024-02-25 20:45:50,593] {dagbag.py:507} INFO - Filling up the DagBag from /home/sheyla/Documents/Repositórios/airflowalura/venv/lib/python3.9/site-packages/airflow/example_dags/plugins/workday.py
[2024-02-25 20:45:50,597] {processor.py:653} WARNING - No viable dags retrieved from /home/sheyla/Documents/Repositórios/airflowalura/venv/lib/python3.9/site-packages/airflow/example_dags/plugins/workday.py
[2024-02-25 20:45:50,614] {processor.py:161} INFO - Processing /home/sheyla/Documents/Repositórios/airflowalura/venv/lib/python3.9/site-packages/airflow/example_dags/plugins/workday.py took 0.030 seconds
[2024-02-25 20:46:24,357] {processor.py:153} INFO - Started process (PID=1965264) to work on /home/sheyla/Documents/Repositórios/airflowalura/venv/lib/python3.9/site-packages/airflow/example_dags/plugins/workday.py
[2024-02-25 20:46:24,363] {processor.py:641} INFO - Processing file /home/sheyla/Documents/Repositórios/airflowalura/venv/lib/python3.9/site-packages/airflow/example_dags/plugins/workday.py for tasks to queue
[2024-02-25 20:46:24,365] {logging_mixin.py:115} INFO - [2024-02-25 20:46:24,364] {dagbag.py:507} INFO - Filling up the DagBag from /home/sheyla/Documents/Repositórios/airflowalura/venv/lib/python3.9/site-packages/airflow/example_dags/plugins/workday.py
[2024-02-25 20:46:24,369] {processor.py:653} WARNING - No viable dags retrieved from /home/sheyla/Documents/Repositórios/airflowalura/venv/lib/python3.9/site-packages/airflow/example_dags/plugins/workday.py
[2024-02-25 20:46:24,385] {processor.py:161} INFO - Processing /home/sheyla/Documents/Repositórios/airflowalura/venv/lib/python3.9/site-packages/airflow/example_dags/plugins/workday.py took 0.034 seconds
[2024-02-25 20:46:59,032] {processor.py:153} INFO - Started process (PID=1965666) to work on /home/sheyla/Documents/Repositórios/airflowalura/venv/lib/python3.9/site-packages/airflow/example_dags/plugins/workday.py
[2024-02-25 20:46:59,034] {processor.py:641} INFO - Processing file /home/sheyla/Documents/Repositórios/airflowalura/venv/lib/python3.9/site-packages/airflow/example_dags/plugins/workday.py for tasks to queue
[2024-02-25 20:46:59,035] {logging_mixin.py:115} INFO - [2024-02-25 20:46:59,035] {dagbag.py:507} INFO - Filling up the DagBag from /home/sheyla/Documents/Repositórios/airflowalura/venv/lib/python3.9/site-packages/airflow/example_dags/plugins/workday.py
[2024-02-25 20:46:59,040] {processor.py:653} WARNING - No viable dags retrieved from /home/sheyla/Documents/Repositórios/airflowalura/venv/lib/python3.9/site-packages/airflow/example_dags/plugins/workday.py
[2024-02-25 20:46:59,057] {processor.py:161} INFO - Processing /home/sheyla/Documents/Repositórios/airflowalura/venv/lib/python3.9/site-packages/airflow/example_dags/plugins/workday.py took 0.031 seconds
[2024-02-25 20:47:35,830] {processor.py:153} INFO - Started process (PID=1966224) to work on /home/sheyla/Documents/Repositórios/airflowalura/venv/lib/python3.9/site-packages/airflow/example_dags/plugins/workday.py
[2024-02-25 20:47:35,832] {processor.py:641} INFO - Processing file /home/sheyla/Documents/Repositórios/airflowalura/venv/lib/python3.9/site-packages/airflow/example_dags/plugins/workday.py for tasks to queue
[2024-02-25 20:47:35,834] {logging_mixin.py:115} INFO - [2024-02-25 20:47:35,833] {dagbag.py:507} INFO - Filling up the DagBag from /home/sheyla/Documents/Repositórios/airflowalura/venv/lib/python3.9/site-packages/airflow/example_dags/plugins/workday.py
[2024-02-25 20:47:35,838] {processor.py:653} WARNING - No viable dags retrieved from /home/sheyla/Documents/Repositórios/airflowalura/venv/lib/python3.9/site-packages/airflow/example_dags/plugins/workday.py
[2024-02-25 20:47:35,861] {processor.py:161} INFO - Processing /home/sheyla/Documents/Repositórios/airflowalura/venv/lib/python3.9/site-packages/airflow/example_dags/plugins/workday.py took 0.037 seconds
[2024-02-25 20:48:08,751] {processor.py:153} INFO - Started process (PID=1966736) to work on /home/sheyla/Documents/Repositórios/airflowalura/venv/lib/python3.9/site-packages/airflow/example_dags/plugins/workday.py
[2024-02-25 20:48:08,753] {processor.py:641} INFO - Processing file /home/sheyla/Documents/Repositórios/airflowalura/venv/lib/python3.9/site-packages/airflow/example_dags/plugins/workday.py for tasks to queue
[2024-02-25 20:48:08,754] {logging_mixin.py:115} INFO - [2024-02-25 20:48:08,754] {dagbag.py:507} INFO - Filling up the DagBag from /home/sheyla/Documents/Repositórios/airflowalura/venv/lib/python3.9/site-packages/airflow/example_dags/plugins/workday.py
[2024-02-25 20:48:08,761] {processor.py:653} WARNING - No viable dags retrieved from /home/sheyla/Documents/Repositórios/airflowalura/venv/lib/python3.9/site-packages/airflow/example_dags/plugins/workday.py
[2024-02-25 20:48:08,782] {processor.py:161} INFO - Processing /home/sheyla/Documents/Repositórios/airflowalura/venv/lib/python3.9/site-packages/airflow/example_dags/plugins/workday.py took 0.037 seconds
