[2024-02-20 20:30:24,402] {taskinstance.py:1159} INFO - Dependencies all met for <TaskInstance: meu_primeiro_dag.cria_pasta scheduled__2024-02-19T00:00:00+00:00 [queued]>
[2024-02-20 20:30:24,407] {taskinstance.py:1159} INFO - Dependencies all met for <TaskInstance: meu_primeiro_dag.cria_pasta scheduled__2024-02-19T00:00:00+00:00 [queued]>
[2024-02-20 20:30:24,407] {taskinstance.py:1356} INFO - 
--------------------------------------------------------------------------------
[2024-02-20 20:30:24,408] {taskinstance.py:1357} INFO - Starting attempt 1 of 1
[2024-02-20 20:30:24,408] {taskinstance.py:1358} INFO - 
--------------------------------------------------------------------------------
[2024-02-20 20:30:24,422] {taskinstance.py:1377} INFO - Executing <Task(BashOperator): cria_pasta> on 2024-02-19 00:00:00+00:00
[2024-02-20 20:30:24,424] {standard_task_runner.py:52} INFO - Started process 217449 to run task
[2024-02-20 20:30:24,427] {standard_task_runner.py:79} INFO - Running: ['airflow', 'tasks', 'run', 'meu_primeiro_dag', 'cria_pasta', 'scheduled__2024-02-19T00:00:00+00:00', '--job-id', '5', '--raw', '--subdir', 'DAGS_FOLDER/meu_primeiro_dag.py', '--cfg-path', '/tmp/tmp41ujxk48', '--error-file', '/tmp/tmpq6kg1s97']
[2024-02-20 20:30:24,427] {standard_task_runner.py:80} INFO - Job 5: Subtask cria_pasta
[2024-02-20 20:30:24,459] {task_command.py:370} INFO - Running <TaskInstance: meu_primeiro_dag.cria_pasta scheduled__2024-02-19T00:00:00+00:00 [running]> on host sheyla
[2024-02-20 20:30:24,504] {taskinstance.py:1569} INFO - Exporting the following env vars:
AIRFLOW_CTX_DAG_OWNER=airflow
AIRFLOW_CTX_DAG_ID=meu_primeiro_dag
AIRFLOW_CTX_TASK_ID=cria_pasta
AIRFLOW_CTX_EXECUTION_DATE=2024-02-19T00:00:00+00:00
AIRFLOW_CTX_TRY_NUMBER=1
AIRFLOW_CTX_DAG_RUN_ID=scheduled__2024-02-19T00:00:00+00:00
[2024-02-20 20:30:24,505] {subprocess.py:62} INFO - Tmp dir root location: 
 /tmp
[2024-02-20 20:30:24,505] {subprocess.py:74} INFO - Running command: ['bash', '-c', 'mkdir -p "/home/sheyla/Documents/Repositórios/airflowalura/pasta"']
[2024-02-20 20:30:24,512] {subprocess.py:85} INFO - Output:
[2024-02-20 20:30:24,522] {subprocess.py:96} INFO - Command exited with return code 0
[2024-02-20 20:30:24,549] {taskinstance.py:1395} INFO - Marking task as SUCCESS. dag_id=meu_primeiro_dag, task_id=cria_pasta, execution_date=20240219T000000, start_date=20240220T233024, end_date=20240220T233024
[2024-02-20 20:30:24,599] {local_task_job.py:156} INFO - Task exited with return code 0
[2024-02-20 20:30:24,614] {local_task_job.py:273} INFO - 0 downstream tasks scheduled from follow-on schedule check
[2024-02-20 20:52:12,933] {taskinstance.py:1159} INFO - Dependencies all met for <TaskInstance: meu_primeiro_dag.cria_pasta scheduled__2024-02-19T00:00:00+00:00 [queued]>
[2024-02-20 20:52:12,940] {taskinstance.py:1159} INFO - Dependencies all met for <TaskInstance: meu_primeiro_dag.cria_pasta scheduled__2024-02-19T00:00:00+00:00 [queued]>
[2024-02-20 20:52:12,940] {taskinstance.py:1356} INFO - 
--------------------------------------------------------------------------------
[2024-02-20 20:52:12,940] {taskinstance.py:1357} INFO - Starting attempt 1 of 1
[2024-02-20 20:52:12,940] {taskinstance.py:1358} INFO - 
--------------------------------------------------------------------------------
[2024-02-20 20:52:12,957] {taskinstance.py:1377} INFO - Executing <Task(BashOperator): cria_pasta> on 2024-02-19 00:00:00+00:00
[2024-02-20 20:52:12,958] {standard_task_runner.py:52} INFO - Started process 231409 to run task
[2024-02-20 20:52:12,961] {standard_task_runner.py:79} INFO - Running: ['airflow', 'tasks', 'run', 'meu_primeiro_dag', 'cria_pasta', 'scheduled__2024-02-19T00:00:00+00:00', '--job-id', '10', '--raw', '--subdir', 'DAGS_FOLDER/meu_primeiro_dag.py', '--cfg-path', '/tmp/tmpxf7mtjux', '--error-file', '/tmp/tmpdobp_vt6']
[2024-02-20 20:52:12,961] {standard_task_runner.py:80} INFO - Job 10: Subtask cria_pasta
[2024-02-20 20:52:13,005] {task_command.py:370} INFO - Running <TaskInstance: meu_primeiro_dag.cria_pasta scheduled__2024-02-19T00:00:00+00:00 [running]> on host sheyla
[2024-02-20 20:52:13,065] {taskinstance.py:1569} INFO - Exporting the following env vars:
AIRFLOW_CTX_DAG_OWNER=airflow
AIRFLOW_CTX_DAG_ID=meu_primeiro_dag
AIRFLOW_CTX_TASK_ID=cria_pasta
AIRFLOW_CTX_EXECUTION_DATE=2024-02-19T00:00:00+00:00
AIRFLOW_CTX_TRY_NUMBER=1
AIRFLOW_CTX_DAG_RUN_ID=scheduled__2024-02-19T00:00:00+00:00
[2024-02-20 20:52:13,066] {subprocess.py:62} INFO - Tmp dir root location: 
 /tmp
[2024-02-20 20:52:13,066] {subprocess.py:74} INFO - Running command: ['bash', '-c', 'mkdir -p "home/millenagena/Documents/airflowalura/pasta=2024-02-20T00:00:00+00:00" ']
[2024-02-20 20:52:13,071] {subprocess.py:85} INFO - Output:
[2024-02-20 20:52:13,073] {subprocess.py:96} INFO - Command exited with return code 0
[2024-02-20 20:52:13,098] {taskinstance.py:1395} INFO - Marking task as SUCCESS. dag_id=meu_primeiro_dag, task_id=cria_pasta, execution_date=20240219T000000, start_date=20240220T235212, end_date=20240220T235213
[2024-02-20 20:52:13,133] {local_task_job.py:156} INFO - Task exited with return code 0
[2024-02-20 20:52:13,153] {local_task_job.py:273} INFO - 0 downstream tasks scheduled from follow-on schedule check
[2024-02-20 20:54:36,003] {taskinstance.py:1159} INFO - Dependencies all met for <TaskInstance: meu_primeiro_dag.cria_pasta scheduled__2024-02-19T00:00:00+00:00 [queued]>
[2024-02-20 20:54:36,009] {taskinstance.py:1159} INFO - Dependencies all met for <TaskInstance: meu_primeiro_dag.cria_pasta scheduled__2024-02-19T00:00:00+00:00 [queued]>
[2024-02-20 20:54:36,009] {taskinstance.py:1356} INFO - 
--------------------------------------------------------------------------------
[2024-02-20 20:54:36,009] {taskinstance.py:1357} INFO - Starting attempt 1 of 1
[2024-02-20 20:54:36,010] {taskinstance.py:1358} INFO - 
--------------------------------------------------------------------------------
[2024-02-20 20:54:36,027] {taskinstance.py:1377} INFO - Executing <Task(BashOperator): cria_pasta> on 2024-02-19 00:00:00+00:00
[2024-02-20 20:54:36,030] {standard_task_runner.py:52} INFO - Started process 232882 to run task
[2024-02-20 20:54:36,033] {standard_task_runner.py:79} INFO - Running: ['airflow', 'tasks', 'run', 'meu_primeiro_dag', 'cria_pasta', 'scheduled__2024-02-19T00:00:00+00:00', '--job-id', '10', '--raw', '--subdir', 'DAGS_FOLDER/meu_primeiro_dag.py', '--cfg-path', '/tmp/tmpikazljz6', '--error-file', '/tmp/tmpw2asu2_k']
[2024-02-20 20:54:36,034] {standard_task_runner.py:80} INFO - Job 10: Subtask cria_pasta
[2024-02-20 20:54:36,071] {task_command.py:370} INFO - Running <TaskInstance: meu_primeiro_dag.cria_pasta scheduled__2024-02-19T00:00:00+00:00 [running]> on host sheyla
[2024-02-20 20:54:36,114] {taskinstance.py:1569} INFO - Exporting the following env vars:
AIRFLOW_CTX_DAG_OWNER=airflow
AIRFLOW_CTX_DAG_ID=meu_primeiro_dag
AIRFLOW_CTX_TASK_ID=cria_pasta
AIRFLOW_CTX_EXECUTION_DATE=2024-02-19T00:00:00+00:00
AIRFLOW_CTX_TRY_NUMBER=1
AIRFLOW_CTX_DAG_RUN_ID=scheduled__2024-02-19T00:00:00+00:00
[2024-02-20 20:54:36,114] {subprocess.py:62} INFO - Tmp dir root location: 
 /tmp
[2024-02-20 20:54:36,115] {subprocess.py:74} INFO - Running command: ['bash', '-c', 'mkdir -p "/home/sheyla/Documents/Repositórios/airflowalura/pasta=2024-02-20T00:00:00+00:00" ']
[2024-02-20 20:54:36,119] {subprocess.py:85} INFO - Output:
[2024-02-20 20:54:36,120] {subprocess.py:96} INFO - Command exited with return code 0
[2024-02-20 20:54:36,137] {taskinstance.py:1395} INFO - Marking task as SUCCESS. dag_id=meu_primeiro_dag, task_id=cria_pasta, execution_date=20240219T000000, start_date=20240220T235436, end_date=20240220T235436
[2024-02-20 20:54:36,165] {local_task_job.py:156} INFO - Task exited with return code 0
[2024-02-20 20:54:36,189] {local_task_job.py:273} INFO - 0 downstream tasks scheduled from follow-on schedule check
