[2024-02-20 20:17:37,854] {processor.py:153} INFO - Started process (PID=209432) to work on /home/sheyla/Documents/Repositórios/airflowalura/dags/meu_primeiro_dag.py
[2024-02-20 20:17:37,856] {processor.py:641} INFO - Processing file /home/sheyla/Documents/Repositórios/airflowalura/dags/meu_primeiro_dag.py for tasks to queue
[2024-02-20 20:17:37,857] {logging_mixin.py:115} INFO - [2024-02-20 20:17:37,857] {dagbag.py:507} INFO - Filling up the DagBag from /home/sheyla/Documents/Repositórios/airflowalura/dags/meu_primeiro_dag.py
[2024-02-20 20:17:37,870] {logging_mixin.py:115} INFO - [2024-02-20 20:17:37,861] {dagbag.py:320} ERROR - Failed to import: /home/sheyla/Documents/Repositórios/airflowalura/dags/meu_primeiro_dag.py
Traceback (most recent call last):
  File "/home/sheyla/Documents/Repositórios/airflowalura/venv/lib/python3.9/site-packages/airflow/models/dagbag.py", line 317, in parse
    loader.exec_module(new_module)
  File "<frozen importlib._bootstrap_external>", line 846, in exec_module
  File "<frozen importlib._bootstrap_external>", line 983, in get_code
  File "<frozen importlib._bootstrap_external>", line 913, in source_to_code
  File "<frozen importlib._bootstrap>", line 228, in _call_with_frames_removed
  File "/home/sheyla/Documents/Repositórios/airflowalura/dags/meu_primeiro_dag.py", line 9
    schedule_interval='@daily'
    ^
SyntaxError: invalid syntax
[2024-02-20 20:17:37,871] {processor.py:653} WARNING - No viable dags retrieved from /home/sheyla/Documents/Repositórios/airflowalura/dags/meu_primeiro_dag.py
[2024-02-20 20:17:37,954] {processor.py:161} INFO - Processing /home/sheyla/Documents/Repositórios/airflowalura/dags/meu_primeiro_dag.py took 0.109 seconds
[2024-02-20 20:18:10,995] {processor.py:153} INFO - Started process (PID=209895) to work on /home/sheyla/Documents/Repositórios/airflowalura/dags/meu_primeiro_dag.py
[2024-02-20 20:18:10,995] {processor.py:641} INFO - Processing file /home/sheyla/Documents/Repositórios/airflowalura/dags/meu_primeiro_dag.py for tasks to queue
[2024-02-20 20:18:10,996] {logging_mixin.py:115} INFO - [2024-02-20 20:18:10,995] {dagbag.py:507} INFO - Filling up the DagBag from /home/sheyla/Documents/Repositórios/airflowalura/dags/meu_primeiro_dag.py
[2024-02-20 20:18:10,997] {logging_mixin.py:115} INFO - [2024-02-20 20:18:10,996] {dagbag.py:320} ERROR - Failed to import: /home/sheyla/Documents/Repositórios/airflowalura/dags/meu_primeiro_dag.py
Traceback (most recent call last):
  File "/home/sheyla/Documents/Repositórios/airflowalura/venv/lib/python3.9/site-packages/airflow/models/dagbag.py", line 317, in parse
    loader.exec_module(new_module)
  File "<frozen importlib._bootstrap_external>", line 846, in exec_module
  File "<frozen importlib._bootstrap_external>", line 983, in get_code
  File "<frozen importlib._bootstrap_external>", line 913, in source_to_code
  File "<frozen importlib._bootstrap>", line 228, in _call_with_frames_removed
  File "/home/sheyla/Documents/Repositórios/airflowalura/dags/meu_primeiro_dag.py", line 9
    schedule_interval='@daily'
    ^
SyntaxError: invalid syntax
[2024-02-20 20:18:10,997] {processor.py:653} WARNING - No viable dags retrieved from /home/sheyla/Documents/Repositórios/airflowalura/dags/meu_primeiro_dag.py
[2024-02-20 20:18:11,057] {processor.py:161} INFO - Processing /home/sheyla/Documents/Repositórios/airflowalura/dags/meu_primeiro_dag.py took 0.064 seconds
[2024-02-20 20:18:42,627] {processor.py:153} INFO - Started process (PID=210215) to work on /home/sheyla/Documents/Repositórios/airflowalura/dags/meu_primeiro_dag.py
[2024-02-20 20:18:42,629] {processor.py:641} INFO - Processing file /home/sheyla/Documents/Repositórios/airflowalura/dags/meu_primeiro_dag.py for tasks to queue
[2024-02-20 20:18:42,630] {logging_mixin.py:115} INFO - [2024-02-20 20:18:42,630] {dagbag.py:507} INFO - Filling up the DagBag from /home/sheyla/Documents/Repositórios/airflowalura/dags/meu_primeiro_dag.py
[2024-02-20 20:18:42,635] {logging_mixin.py:115} INFO - [2024-02-20 20:18:42,634] {dagbag.py:320} ERROR - Failed to import: /home/sheyla/Documents/Repositórios/airflowalura/dags/meu_primeiro_dag.py
Traceback (most recent call last):
  File "/home/sheyla/Documents/Repositórios/airflowalura/venv/lib/python3.9/site-packages/airflow/models/dagbag.py", line 317, in parse
    loader.exec_module(new_module)
  File "<frozen importlib._bootstrap_external>", line 846, in exec_module
  File "<frozen importlib._bootstrap_external>", line 983, in get_code
  File "<frozen importlib._bootstrap_external>", line 913, in source_to_code
  File "<frozen importlib._bootstrap>", line 228, in _call_with_frames_removed
  File "/home/sheyla/Documents/Repositórios/airflowalura/dags/meu_primeiro_dag.py", line 9
    schedule_interval='@daily'
    ^
SyntaxError: invalid syntax
[2024-02-20 20:18:42,636] {processor.py:653} WARNING - No viable dags retrieved from /home/sheyla/Documents/Repositórios/airflowalura/dags/meu_primeiro_dag.py
[2024-02-20 20:18:42,696] {processor.py:161} INFO - Processing /home/sheyla/Documents/Repositórios/airflowalura/dags/meu_primeiro_dag.py took 0.076 seconds
[2024-02-20 20:19:14,335] {processor.py:153} INFO - Started process (PID=210524) to work on /home/sheyla/Documents/Repositórios/airflowalura/dags/meu_primeiro_dag.py
[2024-02-20 20:19:14,336] {processor.py:641} INFO - Processing file /home/sheyla/Documents/Repositórios/airflowalura/dags/meu_primeiro_dag.py for tasks to queue
[2024-02-20 20:19:14,338] {logging_mixin.py:115} INFO - [2024-02-20 20:19:14,337] {dagbag.py:507} INFO - Filling up the DagBag from /home/sheyla/Documents/Repositórios/airflowalura/dags/meu_primeiro_dag.py
[2024-02-20 20:19:14,341] {logging_mixin.py:115} INFO - [2024-02-20 20:19:14,340] {dagbag.py:320} ERROR - Failed to import: /home/sheyla/Documents/Repositórios/airflowalura/dags/meu_primeiro_dag.py
Traceback (most recent call last):
  File "/home/sheyla/Documents/Repositórios/airflowalura/venv/lib/python3.9/site-packages/airflow/models/dagbag.py", line 317, in parse
    loader.exec_module(new_module)
  File "<frozen importlib._bootstrap_external>", line 846, in exec_module
  File "<frozen importlib._bootstrap_external>", line 983, in get_code
  File "<frozen importlib._bootstrap_external>", line 913, in source_to_code
  File "<frozen importlib._bootstrap>", line 228, in _call_with_frames_removed
  File "/home/sheyla/Documents/Repositórios/airflowalura/dags/meu_primeiro_dag.py", line 9
    schedule_interval='@daily'
    ^
SyntaxError: invalid syntax
[2024-02-20 20:19:14,342] {processor.py:653} WARNING - No viable dags retrieved from /home/sheyla/Documents/Repositórios/airflowalura/dags/meu_primeiro_dag.py
[2024-02-20 20:19:14,403] {processor.py:161} INFO - Processing /home/sheyla/Documents/Repositórios/airflowalura/dags/meu_primeiro_dag.py took 0.076 seconds
[2024-02-20 20:19:50,524] {processor.py:153} INFO - Started process (PID=210886) to work on /home/sheyla/Documents/Repositórios/airflowalura/dags/meu_primeiro_dag.py
[2024-02-20 20:19:50,530] {processor.py:641} INFO - Processing file /home/sheyla/Documents/Repositórios/airflowalura/dags/meu_primeiro_dag.py for tasks to queue
[2024-02-20 20:19:50,530] {logging_mixin.py:115} INFO - [2024-02-20 20:19:50,530] {dagbag.py:507} INFO - Filling up the DagBag from /home/sheyla/Documents/Repositórios/airflowalura/dags/meu_primeiro_dag.py
[2024-02-20 20:19:50,533] {logging_mixin.py:115} INFO - [2024-02-20 20:19:50,532] {dagbag.py:320} ERROR - Failed to import: /home/sheyla/Documents/Repositórios/airflowalura/dags/meu_primeiro_dag.py
Traceback (most recent call last):
  File "/home/sheyla/Documents/Repositórios/airflowalura/venv/lib/python3.9/site-packages/airflow/models/dagbag.py", line 317, in parse
    loader.exec_module(new_module)
  File "<frozen importlib._bootstrap_external>", line 846, in exec_module
  File "<frozen importlib._bootstrap_external>", line 983, in get_code
  File "<frozen importlib._bootstrap_external>", line 913, in source_to_code
  File "<frozen importlib._bootstrap>", line 228, in _call_with_frames_removed
  File "/home/sheyla/Documents/Repositórios/airflowalura/dags/meu_primeiro_dag.py", line 9
    schedule_interval='@daily'
    ^
SyntaxError: invalid syntax
[2024-02-20 20:19:50,533] {processor.py:653} WARNING - No viable dags retrieved from /home/sheyla/Documents/Repositórios/airflowalura/dags/meu_primeiro_dag.py
[2024-02-20 20:19:50,594] {processor.py:161} INFO - Processing /home/sheyla/Documents/Repositórios/airflowalura/dags/meu_primeiro_dag.py took 0.074 seconds
[2024-02-20 20:20:27,739] {processor.py:153} INFO - Started process (PID=211262) to work on /home/sheyla/Documents/Repositórios/airflowalura/dags/meu_primeiro_dag.py
[2024-02-20 20:20:27,745] {processor.py:641} INFO - Processing file /home/sheyla/Documents/Repositórios/airflowalura/dags/meu_primeiro_dag.py for tasks to queue
[2024-02-20 20:20:27,747] {logging_mixin.py:115} INFO - [2024-02-20 20:20:27,746] {dagbag.py:507} INFO - Filling up the DagBag from /home/sheyla/Documents/Repositórios/airflowalura/dags/meu_primeiro_dag.py
[2024-02-20 20:20:27,752] {logging_mixin.py:115} INFO - [2024-02-20 20:20:27,750] {dagbag.py:320} ERROR - Failed to import: /home/sheyla/Documents/Repositórios/airflowalura/dags/meu_primeiro_dag.py
Traceback (most recent call last):
  File "/home/sheyla/Documents/Repositórios/airflowalura/venv/lib/python3.9/site-packages/airflow/models/dagbag.py", line 317, in parse
    loader.exec_module(new_module)
  File "<frozen importlib._bootstrap_external>", line 846, in exec_module
  File "<frozen importlib._bootstrap_external>", line 983, in get_code
  File "<frozen importlib._bootstrap_external>", line 913, in source_to_code
  File "<frozen importlib._bootstrap>", line 228, in _call_with_frames_removed
  File "/home/sheyla/Documents/Repositórios/airflowalura/dags/meu_primeiro_dag.py", line 9
    schedule_interval='@daily'
    ^
SyntaxError: invalid syntax
[2024-02-20 20:20:27,753] {processor.py:653} WARNING - No viable dags retrieved from /home/sheyla/Documents/Repositórios/airflowalura/dags/meu_primeiro_dag.py
[2024-02-20 20:20:27,778] {processor.py:161} INFO - Processing /home/sheyla/Documents/Repositórios/airflowalura/dags/meu_primeiro_dag.py took 0.047 seconds
[2024-02-20 20:21:01,430] {processor.py:153} INFO - Started process (PID=211605) to work on /home/sheyla/Documents/Repositórios/airflowalura/dags/meu_primeiro_dag.py
[2024-02-20 20:21:01,448] {processor.py:641} INFO - Processing file /home/sheyla/Documents/Repositórios/airflowalura/dags/meu_primeiro_dag.py for tasks to queue
[2024-02-20 20:21:01,448] {logging_mixin.py:115} INFO - [2024-02-20 20:21:01,448] {dagbag.py:507} INFO - Filling up the DagBag from /home/sheyla/Documents/Repositórios/airflowalura/dags/meu_primeiro_dag.py
[2024-02-20 20:21:01,450] {logging_mixin.py:115} INFO - [2024-02-20 20:21:01,450] {dagbag.py:320} ERROR - Failed to import: /home/sheyla/Documents/Repositórios/airflowalura/dags/meu_primeiro_dag.py
Traceback (most recent call last):
  File "/home/sheyla/Documents/Repositórios/airflowalura/venv/lib/python3.9/site-packages/airflow/models/dagbag.py", line 317, in parse
    loader.exec_module(new_module)
  File "<frozen importlib._bootstrap_external>", line 846, in exec_module
  File "<frozen importlib._bootstrap_external>", line 983, in get_code
  File "<frozen importlib._bootstrap_external>", line 913, in source_to_code
  File "<frozen importlib._bootstrap>", line 228, in _call_with_frames_removed
  File "/home/sheyla/Documents/Repositórios/airflowalura/dags/meu_primeiro_dag.py", line 9
    schedule_interval='@daily'
    ^
SyntaxError: invalid syntax
[2024-02-20 20:21:01,450] {processor.py:653} WARNING - No viable dags retrieved from /home/sheyla/Documents/Repositórios/airflowalura/dags/meu_primeiro_dag.py
[2024-02-20 20:21:01,469] {processor.py:161} INFO - Processing /home/sheyla/Documents/Repositórios/airflowalura/dags/meu_primeiro_dag.py took 0.042 seconds
[2024-02-20 20:21:35,278] {processor.py:153} INFO - Started process (PID=211961) to work on /home/sheyla/Documents/Repositórios/airflowalura/dags/meu_primeiro_dag.py
[2024-02-20 20:21:35,285] {processor.py:641} INFO - Processing file /home/sheyla/Documents/Repositórios/airflowalura/dags/meu_primeiro_dag.py for tasks to queue
[2024-02-20 20:21:35,286] {logging_mixin.py:115} INFO - [2024-02-20 20:21:35,286] {dagbag.py:507} INFO - Filling up the DagBag from /home/sheyla/Documents/Repositórios/airflowalura/dags/meu_primeiro_dag.py
[2024-02-20 20:21:35,308] {processor.py:651} INFO - DAG(s) dict_keys(['meu_primeiro_dag']) retrieved from /home/sheyla/Documents/Repositórios/airflowalura/dags/meu_primeiro_dag.py
[2024-02-20 20:21:35,375] {logging_mixin.py:115} INFO - [2024-02-20 20:21:35,375] {manager.py:508} INFO - Created Permission View: can delete on DAG:meu_primeiro_dag
[2024-02-20 20:21:35,384] {logging_mixin.py:115} INFO - [2024-02-20 20:21:35,384] {manager.py:508} INFO - Created Permission View: can edit on DAG:meu_primeiro_dag
[2024-02-20 20:21:35,393] {logging_mixin.py:115} INFO - [2024-02-20 20:21:35,393] {manager.py:508} INFO - Created Permission View: can read on DAG:meu_primeiro_dag
[2024-02-20 20:21:35,393] {logging_mixin.py:115} INFO - [2024-02-20 20:21:35,393] {dag.py:2379} INFO - Sync 1 DAGs
[2024-02-20 20:21:35,400] {logging_mixin.py:115} INFO - [2024-02-20 20:21:35,400] {dag.py:2398} INFO - Creating ORM DAG for meu_primeiro_dag
[2024-02-20 20:21:35,407] {logging_mixin.py:115} INFO - [2024-02-20 20:21:35,407] {dag.py:2927} INFO - Setting next_dagrun for meu_primeiro_dag to 2024-02-19T00:00:00+00:00, run_after=2024-02-20T00:00:00+00:00
[2024-02-20 20:21:35,426] {processor.py:161} INFO - Processing /home/sheyla/Documents/Repositórios/airflowalura/dags/meu_primeiro_dag.py took 0.150 seconds
[2024-02-20 20:22:05,805] {processor.py:153} INFO - Started process (PID=212269) to work on /home/sheyla/Documents/Repositórios/airflowalura/dags/meu_primeiro_dag.py
[2024-02-20 20:22:05,810] {processor.py:641} INFO - Processing file /home/sheyla/Documents/Repositórios/airflowalura/dags/meu_primeiro_dag.py for tasks to queue
[2024-02-20 20:22:05,810] {logging_mixin.py:115} INFO - [2024-02-20 20:22:05,810] {dagbag.py:507} INFO - Filling up the DagBag from /home/sheyla/Documents/Repositórios/airflowalura/dags/meu_primeiro_dag.py
[2024-02-20 20:22:05,817] {processor.py:651} INFO - DAG(s) dict_keys(['meu_primeiro_dag']) retrieved from /home/sheyla/Documents/Repositórios/airflowalura/dags/meu_primeiro_dag.py
[2024-02-20 20:22:05,831] {logging_mixin.py:115} INFO - [2024-02-20 20:22:05,831] {dag.py:2379} INFO - Sync 1 DAGs
[2024-02-20 20:22:05,845] {logging_mixin.py:115} INFO - [2024-02-20 20:22:05,845] {dag.py:2927} INFO - Setting next_dagrun for meu_primeiro_dag to 2024-02-19T00:00:00+00:00, run_after=2024-02-20T00:00:00+00:00
[2024-02-20 20:22:05,859] {processor.py:161} INFO - Processing /home/sheyla/Documents/Repositórios/airflowalura/dags/meu_primeiro_dag.py took 0.058 seconds
[2024-02-20 20:22:38,279] {processor.py:153} INFO - Started process (PID=212605) to work on /home/sheyla/Documents/Repositórios/airflowalura/dags/meu_primeiro_dag.py
[2024-02-20 20:22:38,285] {processor.py:641} INFO - Processing file /home/sheyla/Documents/Repositórios/airflowalura/dags/meu_primeiro_dag.py for tasks to queue
[2024-02-20 20:22:38,287] {logging_mixin.py:115} INFO - [2024-02-20 20:22:38,286] {dagbag.py:507} INFO - Filling up the DagBag from /home/sheyla/Documents/Repositórios/airflowalura/dags/meu_primeiro_dag.py
[2024-02-20 20:22:38,300] {processor.py:651} INFO - DAG(s) dict_keys(['meu_primeiro_dag']) retrieved from /home/sheyla/Documents/Repositórios/airflowalura/dags/meu_primeiro_dag.py
[2024-02-20 20:22:38,315] {logging_mixin.py:115} INFO - [2024-02-20 20:22:38,315] {dag.py:2379} INFO - Sync 1 DAGs
[2024-02-20 20:22:38,329] {logging_mixin.py:115} INFO - [2024-02-20 20:22:38,329] {dag.py:2927} INFO - Setting next_dagrun for meu_primeiro_dag to 2024-02-19T00:00:00+00:00, run_after=2024-02-20T00:00:00+00:00
[2024-02-20 20:22:38,342] {processor.py:161} INFO - Processing /home/sheyla/Documents/Repositórios/airflowalura/dags/meu_primeiro_dag.py took 0.070 seconds
[2024-02-20 20:23:10,380] {processor.py:153} INFO - Started process (PID=212925) to work on /home/sheyla/Documents/Repositórios/airflowalura/dags/meu_primeiro_dag.py
[2024-02-20 20:23:10,382] {processor.py:641} INFO - Processing file /home/sheyla/Documents/Repositórios/airflowalura/dags/meu_primeiro_dag.py for tasks to queue
[2024-02-20 20:23:10,384] {logging_mixin.py:115} INFO - [2024-02-20 20:23:10,384] {dagbag.py:507} INFO - Filling up the DagBag from /home/sheyla/Documents/Repositórios/airflowalura/dags/meu_primeiro_dag.py
[2024-02-20 20:23:10,398] {processor.py:651} INFO - DAG(s) dict_keys(['meu_primeiro_dag']) retrieved from /home/sheyla/Documents/Repositórios/airflowalura/dags/meu_primeiro_dag.py
[2024-02-20 20:23:10,416] {logging_mixin.py:115} INFO - [2024-02-20 20:23:10,416] {dag.py:2379} INFO - Sync 1 DAGs
[2024-02-20 20:23:10,431] {logging_mixin.py:115} INFO - [2024-02-20 20:23:10,431] {dag.py:2927} INFO - Setting next_dagrun for meu_primeiro_dag to 2024-02-19T00:00:00+00:00, run_after=2024-02-20T00:00:00+00:00
[2024-02-20 20:23:10,444] {processor.py:161} INFO - Processing /home/sheyla/Documents/Repositórios/airflowalura/dags/meu_primeiro_dag.py took 0.074 seconds
[2024-02-20 20:23:42,600] {processor.py:153} INFO - Started process (PID=213258) to work on /home/sheyla/Documents/Repositórios/airflowalura/dags/meu_primeiro_dag.py
[2024-02-20 20:23:42,606] {processor.py:641} INFO - Processing file /home/sheyla/Documents/Repositórios/airflowalura/dags/meu_primeiro_dag.py for tasks to queue
[2024-02-20 20:23:42,608] {logging_mixin.py:115} INFO - [2024-02-20 20:23:42,608] {dagbag.py:507} INFO - Filling up the DagBag from /home/sheyla/Documents/Repositórios/airflowalura/dags/meu_primeiro_dag.py
[2024-02-20 20:23:42,626] {processor.py:651} INFO - DAG(s) dict_keys(['meu_primeiro_dag']) retrieved from /home/sheyla/Documents/Repositórios/airflowalura/dags/meu_primeiro_dag.py
[2024-02-20 20:23:42,642] {logging_mixin.py:115} INFO - [2024-02-20 20:23:42,642] {dag.py:2379} INFO - Sync 1 DAGs
[2024-02-20 20:23:42,656] {logging_mixin.py:115} INFO - [2024-02-20 20:23:42,656] {dag.py:2927} INFO - Setting next_dagrun for meu_primeiro_dag to 2024-02-19T00:00:00+00:00, run_after=2024-02-20T00:00:00+00:00
[2024-02-20 20:23:42,671] {processor.py:161} INFO - Processing /home/sheyla/Documents/Repositórios/airflowalura/dags/meu_primeiro_dag.py took 0.079 seconds
[2024-02-20 20:24:16,453] {processor.py:153} INFO - Started process (PID=213597) to work on /home/sheyla/Documents/Repositórios/airflowalura/dags/meu_primeiro_dag.py
[2024-02-20 20:24:16,458] {processor.py:641} INFO - Processing file /home/sheyla/Documents/Repositórios/airflowalura/dags/meu_primeiro_dag.py for tasks to queue
[2024-02-20 20:24:16,459] {logging_mixin.py:115} INFO - [2024-02-20 20:24:16,459] {dagbag.py:507} INFO - Filling up the DagBag from /home/sheyla/Documents/Repositórios/airflowalura/dags/meu_primeiro_dag.py
[2024-02-20 20:24:16,466] {processor.py:651} INFO - DAG(s) dict_keys(['meu_primeiro_dag']) retrieved from /home/sheyla/Documents/Repositórios/airflowalura/dags/meu_primeiro_dag.py
[2024-02-20 20:24:16,480] {logging_mixin.py:115} INFO - [2024-02-20 20:24:16,480] {dag.py:2379} INFO - Sync 1 DAGs
[2024-02-20 20:24:16,495] {logging_mixin.py:115} INFO - [2024-02-20 20:24:16,495] {dag.py:2927} INFO - Setting next_dagrun for meu_primeiro_dag to 2024-02-19T00:00:00+00:00, run_after=2024-02-20T00:00:00+00:00
[2024-02-20 20:24:16,508] {processor.py:161} INFO - Processing /home/sheyla/Documents/Repositórios/airflowalura/dags/meu_primeiro_dag.py took 0.060 seconds
[2024-02-20 20:24:46,782] {processor.py:153} INFO - Started process (PID=213902) to work on /home/sheyla/Documents/Repositórios/airflowalura/dags/meu_primeiro_dag.py
[2024-02-20 20:24:46,788] {processor.py:641} INFO - Processing file /home/sheyla/Documents/Repositórios/airflowalura/dags/meu_primeiro_dag.py for tasks to queue
[2024-02-20 20:24:46,790] {logging_mixin.py:115} INFO - [2024-02-20 20:24:46,789] {dagbag.py:507} INFO - Filling up the DagBag from /home/sheyla/Documents/Repositórios/airflowalura/dags/meu_primeiro_dag.py
[2024-02-20 20:24:46,804] {processor.py:651} INFO - DAG(s) dict_keys(['meu_primeiro_dag']) retrieved from /home/sheyla/Documents/Repositórios/airflowalura/dags/meu_primeiro_dag.py
[2024-02-20 20:24:46,819] {logging_mixin.py:115} INFO - [2024-02-20 20:24:46,819] {dag.py:2379} INFO - Sync 1 DAGs
[2024-02-20 20:24:46,834] {logging_mixin.py:115} INFO - [2024-02-20 20:24:46,834] {dag.py:2927} INFO - Setting next_dagrun for meu_primeiro_dag to 2024-02-19T00:00:00+00:00, run_after=2024-02-20T00:00:00+00:00
[2024-02-20 20:24:46,846] {processor.py:161} INFO - Processing /home/sheyla/Documents/Repositórios/airflowalura/dags/meu_primeiro_dag.py took 0.072 seconds
[2024-02-20 20:25:18,331] {processor.py:153} INFO - Started process (PID=214217) to work on /home/sheyla/Documents/Repositórios/airflowalura/dags/meu_primeiro_dag.py
[2024-02-20 20:25:18,331] {processor.py:641} INFO - Processing file /home/sheyla/Documents/Repositórios/airflowalura/dags/meu_primeiro_dag.py for tasks to queue
[2024-02-20 20:25:18,332] {logging_mixin.py:115} INFO - [2024-02-20 20:25:18,332] {dagbag.py:507} INFO - Filling up the DagBag from /home/sheyla/Documents/Repositórios/airflowalura/dags/meu_primeiro_dag.py
[2024-02-20 20:25:18,340] {processor.py:651} INFO - DAG(s) dict_keys(['meu_primeiro_dag']) retrieved from /home/sheyla/Documents/Repositórios/airflowalura/dags/meu_primeiro_dag.py
[2024-02-20 20:25:18,374] {logging_mixin.py:115} INFO - [2024-02-20 20:25:18,373] {dag.py:2379} INFO - Sync 1 DAGs
[2024-02-20 20:25:18,386] {logging_mixin.py:115} INFO - [2024-02-20 20:25:18,386] {dag.py:2927} INFO - Setting next_dagrun for meu_primeiro_dag to 2024-02-19T00:00:00+00:00, run_after=2024-02-20T00:00:00+00:00
[2024-02-20 20:25:18,398] {processor.py:161} INFO - Processing /home/sheyla/Documents/Repositórios/airflowalura/dags/meu_primeiro_dag.py took 0.072 seconds
[2024-02-20 20:25:51,764] {processor.py:153} INFO - Started process (PID=214587) to work on /home/sheyla/Documents/Repositórios/airflowalura/dags/meu_primeiro_dag.py
[2024-02-20 20:25:51,770] {processor.py:641} INFO - Processing file /home/sheyla/Documents/Repositórios/airflowalura/dags/meu_primeiro_dag.py for tasks to queue
[2024-02-20 20:25:51,771] {logging_mixin.py:115} INFO - [2024-02-20 20:25:51,771] {dagbag.py:507} INFO - Filling up the DagBag from /home/sheyla/Documents/Repositórios/airflowalura/dags/meu_primeiro_dag.py
[2024-02-20 20:25:51,790] {processor.py:651} INFO - DAG(s) dict_keys(['meu_primeiro_dag']) retrieved from /home/sheyla/Documents/Repositórios/airflowalura/dags/meu_primeiro_dag.py
[2024-02-20 20:25:51,808] {logging_mixin.py:115} INFO - [2024-02-20 20:25:51,807] {dag.py:2379} INFO - Sync 1 DAGs
[2024-02-20 20:25:51,821] {logging_mixin.py:115} INFO - [2024-02-20 20:25:51,821] {dag.py:2927} INFO - Setting next_dagrun for meu_primeiro_dag to 2024-02-19T00:00:00+00:00, run_after=2024-02-20T00:00:00+00:00
[2024-02-20 20:25:51,833] {processor.py:161} INFO - Processing /home/sheyla/Documents/Repositórios/airflowalura/dags/meu_primeiro_dag.py took 0.077 seconds
[2024-02-20 20:26:22,699] {processor.py:153} INFO - Started process (PID=214904) to work on /home/sheyla/Documents/Repositórios/airflowalura/dags/meu_primeiro_dag.py
[2024-02-20 20:26:22,701] {processor.py:641} INFO - Processing file /home/sheyla/Documents/Repositórios/airflowalura/dags/meu_primeiro_dag.py for tasks to queue
[2024-02-20 20:26:22,702] {logging_mixin.py:115} INFO - [2024-02-20 20:26:22,702] {dagbag.py:507} INFO - Filling up the DagBag from /home/sheyla/Documents/Repositórios/airflowalura/dags/meu_primeiro_dag.py
[2024-02-20 20:26:22,713] {processor.py:651} INFO - DAG(s) dict_keys(['meu_primeiro_dag']) retrieved from /home/sheyla/Documents/Repositórios/airflowalura/dags/meu_primeiro_dag.py
[2024-02-20 20:26:22,735] {logging_mixin.py:115} INFO - [2024-02-20 20:26:22,735] {dag.py:2379} INFO - Sync 1 DAGs
[2024-02-20 20:26:22,750] {logging_mixin.py:115} INFO - [2024-02-20 20:26:22,750] {dag.py:2927} INFO - Setting next_dagrun for meu_primeiro_dag to 2024-02-19T00:00:00+00:00, run_after=2024-02-20T00:00:00+00:00
[2024-02-20 20:26:22,767] {processor.py:161} INFO - Processing /home/sheyla/Documents/Repositórios/airflowalura/dags/meu_primeiro_dag.py took 0.071 seconds
[2024-02-20 20:26:55,500] {processor.py:153} INFO - Started process (PID=215250) to work on /home/sheyla/Documents/Repositórios/airflowalura/dags/meu_primeiro_dag.py
[2024-02-20 20:26:55,506] {processor.py:641} INFO - Processing file /home/sheyla/Documents/Repositórios/airflowalura/dags/meu_primeiro_dag.py for tasks to queue
[2024-02-20 20:26:55,508] {logging_mixin.py:115} INFO - [2024-02-20 20:26:55,508] {dagbag.py:507} INFO - Filling up the DagBag from /home/sheyla/Documents/Repositórios/airflowalura/dags/meu_primeiro_dag.py
[2024-02-20 20:26:55,528] {processor.py:651} INFO - DAG(s) dict_keys(['meu_primeiro_dag']) retrieved from /home/sheyla/Documents/Repositórios/airflowalura/dags/meu_primeiro_dag.py
[2024-02-20 20:26:55,550] {logging_mixin.py:115} INFO - [2024-02-20 20:26:55,550] {dag.py:2379} INFO - Sync 1 DAGs
[2024-02-20 20:26:55,564] {logging_mixin.py:115} INFO - [2024-02-20 20:26:55,564] {dag.py:2927} INFO - Setting next_dagrun for meu_primeiro_dag to 2024-02-19T00:00:00+00:00, run_after=2024-02-20T00:00:00+00:00
[2024-02-20 20:26:55,584] {processor.py:161} INFO - Processing /home/sheyla/Documents/Repositórios/airflowalura/dags/meu_primeiro_dag.py took 0.091 seconds
[2024-02-20 20:27:26,524] {processor.py:153} INFO - Started process (PID=215571) to work on /home/sheyla/Documents/Repositórios/airflowalura/dags/meu_primeiro_dag.py
[2024-02-20 20:27:26,527] {processor.py:641} INFO - Processing file /home/sheyla/Documents/Repositórios/airflowalura/dags/meu_primeiro_dag.py for tasks to queue
[2024-02-20 20:27:26,528] {logging_mixin.py:115} INFO - [2024-02-20 20:27:26,528] {dagbag.py:507} INFO - Filling up the DagBag from /home/sheyla/Documents/Repositórios/airflowalura/dags/meu_primeiro_dag.py
[2024-02-20 20:27:26,535] {processor.py:651} INFO - DAG(s) dict_keys(['meu_primeiro_dag']) retrieved from /home/sheyla/Documents/Repositórios/airflowalura/dags/meu_primeiro_dag.py
[2024-02-20 20:27:26,553] {logging_mixin.py:115} INFO - [2024-02-20 20:27:26,552] {dag.py:2379} INFO - Sync 1 DAGs
[2024-02-20 20:27:26,570] {logging_mixin.py:115} INFO - [2024-02-20 20:27:26,570] {dag.py:2927} INFO - Setting next_dagrun for meu_primeiro_dag to 2024-02-19T00:00:00+00:00, run_after=2024-02-20T00:00:00+00:00
[2024-02-20 20:27:26,588] {processor.py:161} INFO - Processing /home/sheyla/Documents/Repositórios/airflowalura/dags/meu_primeiro_dag.py took 0.066 seconds
[2024-02-20 20:28:01,879] {processor.py:153} INFO - Started process (PID=215924) to work on /home/sheyla/Documents/Repositórios/airflowalura/dags/meu_primeiro_dag.py
[2024-02-20 20:28:01,885] {processor.py:641} INFO - Processing file /home/sheyla/Documents/Repositórios/airflowalura/dags/meu_primeiro_dag.py for tasks to queue
[2024-02-20 20:28:01,887] {logging_mixin.py:115} INFO - [2024-02-20 20:28:01,886] {dagbag.py:507} INFO - Filling up the DagBag from /home/sheyla/Documents/Repositórios/airflowalura/dags/meu_primeiro_dag.py
[2024-02-20 20:28:01,909] {processor.py:651} INFO - DAG(s) dict_keys(['meu_primeiro_dag']) retrieved from /home/sheyla/Documents/Repositórios/airflowalura/dags/meu_primeiro_dag.py
[2024-02-20 20:28:01,927] {logging_mixin.py:115} INFO - [2024-02-20 20:28:01,927] {dag.py:2379} INFO - Sync 1 DAGs
[2024-02-20 20:28:01,940] {logging_mixin.py:115} INFO - [2024-02-20 20:28:01,940] {dag.py:2927} INFO - Setting next_dagrun for meu_primeiro_dag to 2024-02-19T00:00:00+00:00, run_after=2024-02-20T00:00:00+00:00
[2024-02-20 20:28:01,959] {processor.py:161} INFO - Processing /home/sheyla/Documents/Repositórios/airflowalura/dags/meu_primeiro_dag.py took 0.087 seconds
[2024-02-20 20:28:33,827] {processor.py:153} INFO - Started process (PID=216240) to work on /home/sheyla/Documents/Repositórios/airflowalura/dags/meu_primeiro_dag.py
[2024-02-20 20:28:33,832] {processor.py:641} INFO - Processing file /home/sheyla/Documents/Repositórios/airflowalura/dags/meu_primeiro_dag.py for tasks to queue
[2024-02-20 20:28:33,833] {logging_mixin.py:115} INFO - [2024-02-20 20:28:33,833] {dagbag.py:507} INFO - Filling up the DagBag from /home/sheyla/Documents/Repositórios/airflowalura/dags/meu_primeiro_dag.py
[2024-02-20 20:28:33,840] {processor.py:651} INFO - DAG(s) dict_keys(['meu_primeiro_dag']) retrieved from /home/sheyla/Documents/Repositórios/airflowalura/dags/meu_primeiro_dag.py
[2024-02-20 20:28:33,854] {logging_mixin.py:115} INFO - [2024-02-20 20:28:33,854] {dag.py:2379} INFO - Sync 1 DAGs
[2024-02-20 20:28:33,868] {logging_mixin.py:115} INFO - [2024-02-20 20:28:33,868] {dag.py:2927} INFO - Setting next_dagrun for meu_primeiro_dag to 2024-02-19T00:00:00+00:00, run_after=2024-02-20T00:00:00+00:00
[2024-02-20 20:28:33,887] {processor.py:161} INFO - Processing /home/sheyla/Documents/Repositórios/airflowalura/dags/meu_primeiro_dag.py took 0.063 seconds
[2024-02-20 20:29:04,644] {processor.py:153} INFO - Started process (PID=216642) to work on /home/sheyla/Documents/Repositórios/airflowalura/dags/meu_primeiro_dag.py
[2024-02-20 20:29:04,650] {processor.py:641} INFO - Processing file /home/sheyla/Documents/Repositórios/airflowalura/dags/meu_primeiro_dag.py for tasks to queue
[2024-02-20 20:29:04,652] {logging_mixin.py:115} INFO - [2024-02-20 20:29:04,652] {dagbag.py:507} INFO - Filling up the DagBag from /home/sheyla/Documents/Repositórios/airflowalura/dags/meu_primeiro_dag.py
[2024-02-20 20:29:04,666] {processor.py:651} INFO - DAG(s) dict_keys(['meu_primeiro_dag']) retrieved from /home/sheyla/Documents/Repositórios/airflowalura/dags/meu_primeiro_dag.py
[2024-02-20 20:29:04,681] {logging_mixin.py:115} INFO - [2024-02-20 20:29:04,680] {dag.py:2379} INFO - Sync 1 DAGs
[2024-02-20 20:29:04,696] {logging_mixin.py:115} INFO - [2024-02-20 20:29:04,696] {dag.py:2927} INFO - Setting next_dagrun for meu_primeiro_dag to 2024-02-19T00:00:00+00:00, run_after=2024-02-20T00:00:00+00:00
[2024-02-20 20:29:04,710] {processor.py:161} INFO - Processing /home/sheyla/Documents/Repositórios/airflowalura/dags/meu_primeiro_dag.py took 0.070 seconds
[2024-02-20 20:29:35,360] {processor.py:153} INFO - Started process (PID=216960) to work on /home/sheyla/Documents/Repositórios/airflowalura/dags/meu_primeiro_dag.py
[2024-02-20 20:29:35,365] {processor.py:641} INFO - Processing file /home/sheyla/Documents/Repositórios/airflowalura/dags/meu_primeiro_dag.py for tasks to queue
[2024-02-20 20:29:35,365] {logging_mixin.py:115} INFO - [2024-02-20 20:29:35,365] {dagbag.py:507} INFO - Filling up the DagBag from /home/sheyla/Documents/Repositórios/airflowalura/dags/meu_primeiro_dag.py
[2024-02-20 20:29:35,372] {processor.py:651} INFO - DAG(s) dict_keys(['meu_primeiro_dag']) retrieved from /home/sheyla/Documents/Repositórios/airflowalura/dags/meu_primeiro_dag.py
[2024-02-20 20:29:35,385] {logging_mixin.py:115} INFO - [2024-02-20 20:29:35,385] {dag.py:2379} INFO - Sync 1 DAGs
[2024-02-20 20:29:35,398] {logging_mixin.py:115} INFO - [2024-02-20 20:29:35,398] {dag.py:2927} INFO - Setting next_dagrun for meu_primeiro_dag to 2024-02-19T00:00:00+00:00, run_after=2024-02-20T00:00:00+00:00
[2024-02-20 20:29:35,413] {processor.py:161} INFO - Processing /home/sheyla/Documents/Repositórios/airflowalura/dags/meu_primeiro_dag.py took 0.055 seconds
[2024-02-20 20:30:06,661] {processor.py:153} INFO - Started process (PID=217278) to work on /home/sheyla/Documents/Repositórios/airflowalura/dags/meu_primeiro_dag.py
[2024-02-20 20:30:06,664] {processor.py:641} INFO - Processing file /home/sheyla/Documents/Repositórios/airflowalura/dags/meu_primeiro_dag.py for tasks to queue
[2024-02-20 20:30:06,664] {logging_mixin.py:115} INFO - [2024-02-20 20:30:06,664] {dagbag.py:507} INFO - Filling up the DagBag from /home/sheyla/Documents/Repositórios/airflowalura/dags/meu_primeiro_dag.py
[2024-02-20 20:30:06,672] {processor.py:651} INFO - DAG(s) dict_keys(['meu_primeiro_dag']) retrieved from /home/sheyla/Documents/Repositórios/airflowalura/dags/meu_primeiro_dag.py
[2024-02-20 20:30:06,688] {logging_mixin.py:115} INFO - [2024-02-20 20:30:06,688] {dag.py:2379} INFO - Sync 1 DAGs
[2024-02-20 20:30:06,705] {logging_mixin.py:115} INFO - [2024-02-20 20:30:06,705] {dag.py:2927} INFO - Setting next_dagrun for meu_primeiro_dag to 2024-02-19T00:00:00+00:00, run_after=2024-02-20T00:00:00+00:00
[2024-02-20 20:30:06,724] {processor.py:161} INFO - Processing /home/sheyla/Documents/Repositórios/airflowalura/dags/meu_primeiro_dag.py took 0.066 seconds
[2024-02-20 20:30:42,512] {processor.py:153} INFO - Started process (PID=217634) to work on /home/sheyla/Documents/Repositórios/airflowalura/dags/meu_primeiro_dag.py
[2024-02-20 20:30:42,518] {processor.py:641} INFO - Processing file /home/sheyla/Documents/Repositórios/airflowalura/dags/meu_primeiro_dag.py for tasks to queue
[2024-02-20 20:30:42,520] {logging_mixin.py:115} INFO - [2024-02-20 20:30:42,520] {dagbag.py:507} INFO - Filling up the DagBag from /home/sheyla/Documents/Repositórios/airflowalura/dags/meu_primeiro_dag.py
[2024-02-20 20:30:42,540] {processor.py:651} INFO - DAG(s) dict_keys(['meu_primeiro_dag']) retrieved from /home/sheyla/Documents/Repositórios/airflowalura/dags/meu_primeiro_dag.py
[2024-02-20 20:30:42,555] {logging_mixin.py:115} INFO - [2024-02-20 20:30:42,555] {dag.py:2379} INFO - Sync 1 DAGs
[2024-02-20 20:30:42,569] {logging_mixin.py:115} INFO - [2024-02-20 20:30:42,569] {dag.py:2927} INFO - Setting next_dagrun for meu_primeiro_dag to 2024-02-20T00:00:00+00:00, run_after=2024-02-21T00:00:00+00:00
[2024-02-20 20:30:42,587] {processor.py:161} INFO - Processing /home/sheyla/Documents/Repositórios/airflowalura/dags/meu_primeiro_dag.py took 0.083 seconds
[2024-02-20 20:31:14,845] {processor.py:153} INFO - Started process (PID=217948) to work on /home/sheyla/Documents/Repositórios/airflowalura/dags/meu_primeiro_dag.py
[2024-02-20 20:31:14,851] {processor.py:641} INFO - Processing file /home/sheyla/Documents/Repositórios/airflowalura/dags/meu_primeiro_dag.py for tasks to queue
[2024-02-20 20:31:14,852] {logging_mixin.py:115} INFO - [2024-02-20 20:31:14,852] {dagbag.py:507} INFO - Filling up the DagBag from /home/sheyla/Documents/Repositórios/airflowalura/dags/meu_primeiro_dag.py
[2024-02-20 20:31:14,863] {processor.py:651} INFO - DAG(s) dict_keys(['meu_primeiro_dag']) retrieved from /home/sheyla/Documents/Repositórios/airflowalura/dags/meu_primeiro_dag.py
[2024-02-20 20:31:14,879] {logging_mixin.py:115} INFO - [2024-02-20 20:31:14,879] {dag.py:2379} INFO - Sync 1 DAGs
[2024-02-20 20:31:14,900] {logging_mixin.py:115} INFO - [2024-02-20 20:31:14,900] {dag.py:2927} INFO - Setting next_dagrun for meu_primeiro_dag to 2024-02-20T00:00:00+00:00, run_after=2024-02-21T00:00:00+00:00
[2024-02-20 20:31:14,927] {processor.py:161} INFO - Processing /home/sheyla/Documents/Repositórios/airflowalura/dags/meu_primeiro_dag.py took 0.087 seconds
[2024-02-20 20:31:47,399] {processor.py:153} INFO - Started process (PID=218298) to work on /home/sheyla/Documents/Repositórios/airflowalura/dags/meu_primeiro_dag.py
[2024-02-20 20:31:47,401] {processor.py:641} INFO - Processing file /home/sheyla/Documents/Repositórios/airflowalura/dags/meu_primeiro_dag.py for tasks to queue
[2024-02-20 20:31:47,403] {logging_mixin.py:115} INFO - [2024-02-20 20:31:47,403] {dagbag.py:507} INFO - Filling up the DagBag from /home/sheyla/Documents/Repositórios/airflowalura/dags/meu_primeiro_dag.py
[2024-02-20 20:31:47,429] {processor.py:651} INFO - DAG(s) dict_keys(['meu_primeiro_dag']) retrieved from /home/sheyla/Documents/Repositórios/airflowalura/dags/meu_primeiro_dag.py
[2024-02-20 20:31:47,470] {logging_mixin.py:115} INFO - [2024-02-20 20:31:47,470] {dag.py:2379} INFO - Sync 1 DAGs
[2024-02-20 20:31:47,494] {logging_mixin.py:115} INFO - [2024-02-20 20:31:47,494] {dag.py:2927} INFO - Setting next_dagrun for meu_primeiro_dag to 2024-02-20T00:00:00+00:00, run_after=2024-02-21T00:00:00+00:00
[2024-02-20 20:31:47,510] {processor.py:161} INFO - Processing /home/sheyla/Documents/Repositórios/airflowalura/dags/meu_primeiro_dag.py took 0.120 seconds
[2024-02-20 20:32:19,591] {processor.py:153} INFO - Started process (PID=218653) to work on /home/sheyla/Documents/Repositórios/airflowalura/dags/meu_primeiro_dag.py
[2024-02-20 20:32:19,596] {processor.py:641} INFO - Processing file /home/sheyla/Documents/Repositórios/airflowalura/dags/meu_primeiro_dag.py for tasks to queue
[2024-02-20 20:32:19,598] {logging_mixin.py:115} INFO - [2024-02-20 20:32:19,597] {dagbag.py:507} INFO - Filling up the DagBag from /home/sheyla/Documents/Repositórios/airflowalura/dags/meu_primeiro_dag.py
[2024-02-20 20:32:19,608] {processor.py:651} INFO - DAG(s) dict_keys(['meu_primeiro_dag']) retrieved from /home/sheyla/Documents/Repositórios/airflowalura/dags/meu_primeiro_dag.py
[2024-02-20 20:32:19,625] {logging_mixin.py:115} INFO - [2024-02-20 20:32:19,625] {dag.py:2379} INFO - Sync 1 DAGs
[2024-02-20 20:32:19,644] {logging_mixin.py:115} INFO - [2024-02-20 20:32:19,643] {dag.py:2927} INFO - Setting next_dagrun for meu_primeiro_dag to 2024-02-20T00:00:00+00:00, run_after=2024-02-21T00:00:00+00:00
[2024-02-20 20:32:19,659] {processor.py:161} INFO - Processing /home/sheyla/Documents/Repositórios/airflowalura/dags/meu_primeiro_dag.py took 0.077 seconds
[2024-02-20 20:32:54,550] {processor.py:153} INFO - Started process (PID=219014) to work on /home/sheyla/Documents/Repositórios/airflowalura/dags/meu_primeiro_dag.py
[2024-02-20 20:32:54,556] {processor.py:641} INFO - Processing file /home/sheyla/Documents/Repositórios/airflowalura/dags/meu_primeiro_dag.py for tasks to queue
[2024-02-20 20:32:54,558] {logging_mixin.py:115} INFO - [2024-02-20 20:32:54,558] {dagbag.py:507} INFO - Filling up the DagBag from /home/sheyla/Documents/Repositórios/airflowalura/dags/meu_primeiro_dag.py
[2024-02-20 20:32:54,578] {processor.py:651} INFO - DAG(s) dict_keys(['meu_primeiro_dag']) retrieved from /home/sheyla/Documents/Repositórios/airflowalura/dags/meu_primeiro_dag.py
[2024-02-20 20:32:54,594] {logging_mixin.py:115} INFO - [2024-02-20 20:32:54,594] {dag.py:2379} INFO - Sync 1 DAGs
[2024-02-20 20:32:54,610] {logging_mixin.py:115} INFO - [2024-02-20 20:32:54,610] {dag.py:2927} INFO - Setting next_dagrun for meu_primeiro_dag to 2024-02-20T00:00:00+00:00, run_after=2024-02-21T00:00:00+00:00
[2024-02-20 20:32:54,633] {processor.py:161} INFO - Processing /home/sheyla/Documents/Repositórios/airflowalura/dags/meu_primeiro_dag.py took 0.091 seconds
[2024-02-20 20:33:25,504] {processor.py:153} INFO - Started process (PID=219328) to work on /home/sheyla/Documents/Repositórios/airflowalura/dags/meu_primeiro_dag.py
[2024-02-20 20:33:25,509] {processor.py:641} INFO - Processing file /home/sheyla/Documents/Repositórios/airflowalura/dags/meu_primeiro_dag.py for tasks to queue
[2024-02-20 20:33:25,510] {logging_mixin.py:115} INFO - [2024-02-20 20:33:25,510] {dagbag.py:507} INFO - Filling up the DagBag from /home/sheyla/Documents/Repositórios/airflowalura/dags/meu_primeiro_dag.py
[2024-02-20 20:33:25,523] {processor.py:651} INFO - DAG(s) dict_keys(['meu_primeiro_dag']) retrieved from /home/sheyla/Documents/Repositórios/airflowalura/dags/meu_primeiro_dag.py
[2024-02-20 20:33:25,538] {logging_mixin.py:115} INFO - [2024-02-20 20:33:25,537] {dag.py:2379} INFO - Sync 1 DAGs
[2024-02-20 20:33:25,552] {logging_mixin.py:115} INFO - [2024-02-20 20:33:25,551] {dag.py:2927} INFO - Setting next_dagrun for meu_primeiro_dag to 2024-02-20T00:00:00+00:00, run_after=2024-02-21T00:00:00+00:00
[2024-02-20 20:33:25,565] {processor.py:161} INFO - Processing /home/sheyla/Documents/Repositórios/airflowalura/dags/meu_primeiro_dag.py took 0.066 seconds
[2024-02-20 20:33:58,322] {processor.py:153} INFO - Started process (PID=219671) to work on /home/sheyla/Documents/Repositórios/airflowalura/dags/meu_primeiro_dag.py
[2024-02-20 20:33:58,324] {processor.py:641} INFO - Processing file /home/sheyla/Documents/Repositórios/airflowalura/dags/meu_primeiro_dag.py for tasks to queue
[2024-02-20 20:33:58,325] {logging_mixin.py:115} INFO - [2024-02-20 20:33:58,324] {dagbag.py:507} INFO - Filling up the DagBag from /home/sheyla/Documents/Repositórios/airflowalura/dags/meu_primeiro_dag.py
[2024-02-20 20:33:58,335] {processor.py:651} INFO - DAG(s) dict_keys(['meu_primeiro_dag']) retrieved from /home/sheyla/Documents/Repositórios/airflowalura/dags/meu_primeiro_dag.py
[2024-02-20 20:33:58,353] {logging_mixin.py:115} INFO - [2024-02-20 20:33:58,353] {dag.py:2379} INFO - Sync 1 DAGs
[2024-02-20 20:33:58,368] {logging_mixin.py:115} INFO - [2024-02-20 20:33:58,368] {dag.py:2927} INFO - Setting next_dagrun for meu_primeiro_dag to 2024-02-20T00:00:00+00:00, run_after=2024-02-21T00:00:00+00:00
[2024-02-20 20:33:58,379] {processor.py:161} INFO - Processing /home/sheyla/Documents/Repositórios/airflowalura/dags/meu_primeiro_dag.py took 0.061 seconds
[2024-02-20 20:34:32,294] {processor.py:153} INFO - Started process (PID=220034) to work on /home/sheyla/Documents/Repositórios/airflowalura/dags/meu_primeiro_dag.py
[2024-02-20 20:34:32,300] {processor.py:641} INFO - Processing file /home/sheyla/Documents/Repositórios/airflowalura/dags/meu_primeiro_dag.py for tasks to queue
[2024-02-20 20:34:32,301] {logging_mixin.py:115} INFO - [2024-02-20 20:34:32,301] {dagbag.py:507} INFO - Filling up the DagBag from /home/sheyla/Documents/Repositórios/airflowalura/dags/meu_primeiro_dag.py
[2024-02-20 20:34:32,321] {processor.py:651} INFO - DAG(s) dict_keys(['meu_primeiro_dag']) retrieved from /home/sheyla/Documents/Repositórios/airflowalura/dags/meu_primeiro_dag.py
[2024-02-20 20:34:32,339] {logging_mixin.py:115} INFO - [2024-02-20 20:34:32,339] {dag.py:2379} INFO - Sync 1 DAGs
[2024-02-20 20:34:32,353] {logging_mixin.py:115} INFO - [2024-02-20 20:34:32,353] {dag.py:2927} INFO - Setting next_dagrun for meu_primeiro_dag to 2024-02-20T00:00:00+00:00, run_after=2024-02-21T00:00:00+00:00
[2024-02-20 20:34:32,365] {processor.py:161} INFO - Processing /home/sheyla/Documents/Repositórios/airflowalura/dags/meu_primeiro_dag.py took 0.077 seconds
[2024-02-20 20:35:04,986] {processor.py:153} INFO - Started process (PID=220367) to work on /home/sheyla/Documents/Repositórios/airflowalura/dags/meu_primeiro_dag.py
[2024-02-20 20:35:04,988] {processor.py:641} INFO - Processing file /home/sheyla/Documents/Repositórios/airflowalura/dags/meu_primeiro_dag.py for tasks to queue
[2024-02-20 20:35:04,988] {logging_mixin.py:115} INFO - [2024-02-20 20:35:04,988] {dagbag.py:507} INFO - Filling up the DagBag from /home/sheyla/Documents/Repositórios/airflowalura/dags/meu_primeiro_dag.py
[2024-02-20 20:35:04,998] {processor.py:651} INFO - DAG(s) dict_keys(['meu_primeiro_dag']) retrieved from /home/sheyla/Documents/Repositórios/airflowalura/dags/meu_primeiro_dag.py
[2024-02-20 20:35:05,013] {logging_mixin.py:115} INFO - [2024-02-20 20:35:05,013] {dag.py:2379} INFO - Sync 1 DAGs
[2024-02-20 20:35:05,026] {logging_mixin.py:115} INFO - [2024-02-20 20:35:05,026] {dag.py:2927} INFO - Setting next_dagrun for meu_primeiro_dag to 2024-02-20T00:00:00+00:00, run_after=2024-02-21T00:00:00+00:00
[2024-02-20 20:35:05,036] {processor.py:161} INFO - Processing /home/sheyla/Documents/Repositórios/airflowalura/dags/meu_primeiro_dag.py took 0.057 seconds
[2024-02-20 20:35:39,337] {processor.py:153} INFO - Started process (PID=220736) to work on /home/sheyla/Documents/Repositórios/airflowalura/dags/meu_primeiro_dag.py
[2024-02-20 20:35:39,343] {processor.py:641} INFO - Processing file /home/sheyla/Documents/Repositórios/airflowalura/dags/meu_primeiro_dag.py for tasks to queue
[2024-02-20 20:35:39,343] {logging_mixin.py:115} INFO - [2024-02-20 20:35:39,343] {dagbag.py:507} INFO - Filling up the DagBag from /home/sheyla/Documents/Repositórios/airflowalura/dags/meu_primeiro_dag.py
[2024-02-20 20:35:39,350] {processor.py:651} INFO - DAG(s) dict_keys(['meu_primeiro_dag']) retrieved from /home/sheyla/Documents/Repositórios/airflowalura/dags/meu_primeiro_dag.py
[2024-02-20 20:35:39,363] {logging_mixin.py:115} INFO - [2024-02-20 20:35:39,363] {dag.py:2379} INFO - Sync 1 DAGs
[2024-02-20 20:35:39,376] {logging_mixin.py:115} INFO - [2024-02-20 20:35:39,376] {dag.py:2927} INFO - Setting next_dagrun for meu_primeiro_dag to 2024-02-20T00:00:00+00:00, run_after=2024-02-21T00:00:00+00:00
[2024-02-20 20:35:39,387] {processor.py:161} INFO - Processing /home/sheyla/Documents/Repositórios/airflowalura/dags/meu_primeiro_dag.py took 0.052 seconds
[2024-02-20 20:36:10,857] {processor.py:153} INFO - Started process (PID=221076) to work on /home/sheyla/Documents/Repositórios/airflowalura/dags/meu_primeiro_dag.py
[2024-02-20 20:36:10,858] {processor.py:641} INFO - Processing file /home/sheyla/Documents/Repositórios/airflowalura/dags/meu_primeiro_dag.py for tasks to queue
[2024-02-20 20:36:10,860] {logging_mixin.py:115} INFO - [2024-02-20 20:36:10,860] {dagbag.py:507} INFO - Filling up the DagBag from /home/sheyla/Documents/Repositórios/airflowalura/dags/meu_primeiro_dag.py
[2024-02-20 20:36:10,877] {processor.py:651} INFO - DAG(s) dict_keys(['meu_primeiro_dag']) retrieved from /home/sheyla/Documents/Repositórios/airflowalura/dags/meu_primeiro_dag.py
[2024-02-20 20:36:10,892] {logging_mixin.py:115} INFO - [2024-02-20 20:36:10,892] {dag.py:2379} INFO - Sync 1 DAGs
[2024-02-20 20:36:10,906] {logging_mixin.py:115} INFO - [2024-02-20 20:36:10,906] {dag.py:2927} INFO - Setting next_dagrun for meu_primeiro_dag to 2024-02-20T00:00:00+00:00, run_after=2024-02-21T00:00:00+00:00
[2024-02-20 20:36:10,925] {processor.py:161} INFO - Processing /home/sheyla/Documents/Repositórios/airflowalura/dags/meu_primeiro_dag.py took 0.075 seconds
[2024-02-20 20:36:41,806] {processor.py:153} INFO - Started process (PID=221429) to work on /home/sheyla/Documents/Repositórios/airflowalura/dags/meu_primeiro_dag.py
[2024-02-20 20:36:41,811] {processor.py:641} INFO - Processing file /home/sheyla/Documents/Repositórios/airflowalura/dags/meu_primeiro_dag.py for tasks to queue
[2024-02-20 20:36:41,811] {logging_mixin.py:115} INFO - [2024-02-20 20:36:41,811] {dagbag.py:507} INFO - Filling up the DagBag from /home/sheyla/Documents/Repositórios/airflowalura/dags/meu_primeiro_dag.py
[2024-02-20 20:36:41,818] {processor.py:651} INFO - DAG(s) dict_keys(['meu_primeiro_dag']) retrieved from /home/sheyla/Documents/Repositórios/airflowalura/dags/meu_primeiro_dag.py
[2024-02-20 20:36:41,832] {logging_mixin.py:115} INFO - [2024-02-20 20:36:41,832] {dag.py:2379} INFO - Sync 1 DAGs
[2024-02-20 20:36:41,848] {logging_mixin.py:115} INFO - [2024-02-20 20:36:41,847] {dag.py:2927} INFO - Setting next_dagrun for meu_primeiro_dag to 2024-02-20T00:00:00+00:00, run_after=2024-02-21T00:00:00+00:00
[2024-02-20 20:36:41,859] {processor.py:161} INFO - Processing /home/sheyla/Documents/Repositórios/airflowalura/dags/meu_primeiro_dag.py took 0.056 seconds
[2024-02-20 20:37:11,961] {processor.py:153} INFO - Started process (PID=221754) to work on /home/sheyla/Documents/Repositórios/airflowalura/dags/meu_primeiro_dag.py
[2024-02-20 20:37:11,965] {processor.py:641} INFO - Processing file /home/sheyla/Documents/Repositórios/airflowalura/dags/meu_primeiro_dag.py for tasks to queue
[2024-02-20 20:37:11,965] {logging_mixin.py:115} INFO - [2024-02-20 20:37:11,965] {dagbag.py:507} INFO - Filling up the DagBag from /home/sheyla/Documents/Repositórios/airflowalura/dags/meu_primeiro_dag.py
[2024-02-20 20:37:11,970] {processor.py:651} INFO - DAG(s) dict_keys(['meu_primeiro_dag']) retrieved from /home/sheyla/Documents/Repositórios/airflowalura/dags/meu_primeiro_dag.py
[2024-02-20 20:37:11,981] {logging_mixin.py:115} INFO - [2024-02-20 20:37:11,981] {dag.py:2379} INFO - Sync 1 DAGs
[2024-02-20 20:37:11,994] {logging_mixin.py:115} INFO - [2024-02-20 20:37:11,994] {dag.py:2927} INFO - Setting next_dagrun for meu_primeiro_dag to 2024-02-20T00:00:00+00:00, run_after=2024-02-21T00:00:00+00:00
[2024-02-20 20:37:12,007] {processor.py:161} INFO - Processing /home/sheyla/Documents/Repositórios/airflowalura/dags/meu_primeiro_dag.py took 0.047 seconds
[2024-02-20 20:37:43,113] {processor.py:153} INFO - Started process (PID=222074) to work on /home/sheyla/Documents/Repositórios/airflowalura/dags/meu_primeiro_dag.py
[2024-02-20 20:37:43,119] {processor.py:641} INFO - Processing file /home/sheyla/Documents/Repositórios/airflowalura/dags/meu_primeiro_dag.py for tasks to queue
[2024-02-20 20:37:43,121] {logging_mixin.py:115} INFO - [2024-02-20 20:37:43,121] {dagbag.py:507} INFO - Filling up the DagBag from /home/sheyla/Documents/Repositórios/airflowalura/dags/meu_primeiro_dag.py
[2024-02-20 20:37:43,138] {processor.py:651} INFO - DAG(s) dict_keys(['meu_primeiro_dag']) retrieved from /home/sheyla/Documents/Repositórios/airflowalura/dags/meu_primeiro_dag.py
[2024-02-20 20:37:43,154] {logging_mixin.py:115} INFO - [2024-02-20 20:37:43,154] {dag.py:2379} INFO - Sync 1 DAGs
[2024-02-20 20:37:43,167] {logging_mixin.py:115} INFO - [2024-02-20 20:37:43,167] {dag.py:2927} INFO - Setting next_dagrun for meu_primeiro_dag to 2024-02-20T00:00:00+00:00, run_after=2024-02-21T00:00:00+00:00
[2024-02-20 20:37:43,179] {processor.py:161} INFO - Processing /home/sheyla/Documents/Repositórios/airflowalura/dags/meu_primeiro_dag.py took 0.073 seconds
[2024-02-20 20:38:14,051] {processor.py:153} INFO - Started process (PID=222452) to work on /home/sheyla/Documents/Repositórios/airflowalura/dags/meu_primeiro_dag.py
[2024-02-20 20:38:14,053] {processor.py:641} INFO - Processing file /home/sheyla/Documents/Repositórios/airflowalura/dags/meu_primeiro_dag.py for tasks to queue
[2024-02-20 20:38:14,054] {logging_mixin.py:115} INFO - [2024-02-20 20:38:14,053] {dagbag.py:507} INFO - Filling up the DagBag from /home/sheyla/Documents/Repositórios/airflowalura/dags/meu_primeiro_dag.py
[2024-02-20 20:38:14,061] {processor.py:651} INFO - DAG(s) dict_keys(['meu_primeiro_dag']) retrieved from /home/sheyla/Documents/Repositórios/airflowalura/dags/meu_primeiro_dag.py
[2024-02-20 20:38:14,074] {logging_mixin.py:115} INFO - [2024-02-20 20:38:14,074] {dag.py:2379} INFO - Sync 1 DAGs
[2024-02-20 20:38:14,089] {logging_mixin.py:115} INFO - [2024-02-20 20:38:14,089] {dag.py:2927} INFO - Setting next_dagrun for meu_primeiro_dag to 2024-02-20T00:00:00+00:00, run_after=2024-02-21T00:00:00+00:00
[2024-02-20 20:38:14,126] {processor.py:161} INFO - Processing /home/sheyla/Documents/Repositórios/airflowalura/dags/meu_primeiro_dag.py took 0.078 seconds
[2024-02-20 20:38:46,897] {processor.py:153} INFO - Started process (PID=222885) to work on /home/sheyla/Documents/Repositórios/airflowalura/dags/meu_primeiro_dag.py
[2024-02-20 20:38:46,903] {processor.py:641} INFO - Processing file /home/sheyla/Documents/Repositórios/airflowalura/dags/meu_primeiro_dag.py for tasks to queue
[2024-02-20 20:38:46,905] {logging_mixin.py:115} INFO - [2024-02-20 20:38:46,905] {dagbag.py:507} INFO - Filling up the DagBag from /home/sheyla/Documents/Repositórios/airflowalura/dags/meu_primeiro_dag.py
[2024-02-20 20:38:46,930] {processor.py:651} INFO - DAG(s) dict_keys(['meu_primeiro_dag']) retrieved from /home/sheyla/Documents/Repositórios/airflowalura/dags/meu_primeiro_dag.py
[2024-02-20 20:38:46,966] {logging_mixin.py:115} INFO - [2024-02-20 20:38:46,966] {dag.py:2379} INFO - Sync 1 DAGs
[2024-02-20 20:38:46,987] {logging_mixin.py:115} INFO - [2024-02-20 20:38:46,987] {dag.py:2927} INFO - Setting next_dagrun for meu_primeiro_dag to 2024-02-20T00:00:00+00:00, run_after=2024-02-21T00:00:00+00:00
[2024-02-20 20:38:47,012] {processor.py:161} INFO - Processing /home/sheyla/Documents/Repositórios/airflowalura/dags/meu_primeiro_dag.py took 0.123 seconds
[2024-02-20 20:39:17,484] {processor.py:153} INFO - Started process (PID=223197) to work on /home/sheyla/Documents/Repositórios/airflowalura/dags/meu_primeiro_dag.py
[2024-02-20 20:39:17,485] {processor.py:641} INFO - Processing file /home/sheyla/Documents/Repositórios/airflowalura/dags/meu_primeiro_dag.py for tasks to queue
[2024-02-20 20:39:17,486] {logging_mixin.py:115} INFO - [2024-02-20 20:39:17,486] {dagbag.py:507} INFO - Filling up the DagBag from /home/sheyla/Documents/Repositórios/airflowalura/dags/meu_primeiro_dag.py
[2024-02-20 20:39:17,504] {processor.py:651} INFO - DAG(s) dict_keys(['meu_primeiro_dag']) retrieved from /home/sheyla/Documents/Repositórios/airflowalura/dags/meu_primeiro_dag.py
[2024-02-20 20:39:17,520] {logging_mixin.py:115} INFO - [2024-02-20 20:39:17,520] {dag.py:2379} INFO - Sync 1 DAGs
[2024-02-20 20:39:17,534] {logging_mixin.py:115} INFO - [2024-02-20 20:39:17,534] {dag.py:2927} INFO - Setting next_dagrun for meu_primeiro_dag to 2024-02-20T00:00:00+00:00, run_after=2024-02-21T00:00:00+00:00
[2024-02-20 20:39:17,572] {processor.py:161} INFO - Processing /home/sheyla/Documents/Repositórios/airflowalura/dags/meu_primeiro_dag.py took 0.096 seconds
[2024-02-20 20:39:50,236] {processor.py:153} INFO - Started process (PID=223531) to work on /home/sheyla/Documents/Repositórios/airflowalura/dags/meu_primeiro_dag.py
[2024-02-20 20:39:50,243] {processor.py:641} INFO - Processing file /home/sheyla/Documents/Repositórios/airflowalura/dags/meu_primeiro_dag.py for tasks to queue
[2024-02-20 20:39:50,245] {logging_mixin.py:115} INFO - [2024-02-20 20:39:50,244] {dagbag.py:507} INFO - Filling up the DagBag from /home/sheyla/Documents/Repositórios/airflowalura/dags/meu_primeiro_dag.py
[2024-02-20 20:39:50,276] {processor.py:651} INFO - DAG(s) dict_keys(['meu_primeiro_dag']) retrieved from /home/sheyla/Documents/Repositórios/airflowalura/dags/meu_primeiro_dag.py
[2024-02-20 20:39:50,312] {logging_mixin.py:115} INFO - [2024-02-20 20:39:50,312] {dag.py:2379} INFO - Sync 1 DAGs
[2024-02-20 20:39:50,334] {logging_mixin.py:115} INFO - [2024-02-20 20:39:50,334] {dag.py:2927} INFO - Setting next_dagrun for meu_primeiro_dag to 2024-02-20T00:00:00+00:00, run_after=2024-02-21T00:00:00+00:00
[2024-02-20 20:39:50,374] {processor.py:161} INFO - Processing /home/sheyla/Documents/Repositórios/airflowalura/dags/meu_primeiro_dag.py took 0.147 seconds
[2024-02-20 20:40:21,873] {processor.py:153} INFO - Started process (PID=223843) to work on /home/sheyla/Documents/Repositórios/airflowalura/dags/meu_primeiro_dag.py
[2024-02-20 20:40:21,874] {processor.py:641} INFO - Processing file /home/sheyla/Documents/Repositórios/airflowalura/dags/meu_primeiro_dag.py for tasks to queue
[2024-02-20 20:40:21,875] {logging_mixin.py:115} INFO - [2024-02-20 20:40:21,875] {dagbag.py:507} INFO - Filling up the DagBag from /home/sheyla/Documents/Repositórios/airflowalura/dags/meu_primeiro_dag.py
[2024-02-20 20:40:21,890] {processor.py:651} INFO - DAG(s) dict_keys(['meu_primeiro_dag']) retrieved from /home/sheyla/Documents/Repositórios/airflowalura/dags/meu_primeiro_dag.py
[2024-02-20 20:40:21,914] {logging_mixin.py:115} INFO - [2024-02-20 20:40:21,914] {dag.py:2379} INFO - Sync 1 DAGs
[2024-02-20 20:40:21,938] {logging_mixin.py:115} INFO - [2024-02-20 20:40:21,938] {dag.py:2927} INFO - Setting next_dagrun for meu_primeiro_dag to 2024-02-20T00:00:00+00:00, run_after=2024-02-21T00:00:00+00:00
[2024-02-20 20:40:21,964] {processor.py:161} INFO - Processing /home/sheyla/Documents/Repositórios/airflowalura/dags/meu_primeiro_dag.py took 0.096 seconds
[2024-02-20 20:40:56,279] {processor.py:153} INFO - Started process (PID=224184) to work on /home/sheyla/Documents/Repositórios/airflowalura/dags/meu_primeiro_dag.py
[2024-02-20 20:40:56,284] {processor.py:641} INFO - Processing file /home/sheyla/Documents/Repositórios/airflowalura/dags/meu_primeiro_dag.py for tasks to queue
[2024-02-20 20:40:56,285] {logging_mixin.py:115} INFO - [2024-02-20 20:40:56,284] {dagbag.py:507} INFO - Filling up the DagBag from /home/sheyla/Documents/Repositórios/airflowalura/dags/meu_primeiro_dag.py
[2024-02-20 20:40:56,294] {processor.py:651} INFO - DAG(s) dict_keys(['meu_primeiro_dag']) retrieved from /home/sheyla/Documents/Repositórios/airflowalura/dags/meu_primeiro_dag.py
[2024-02-20 20:40:56,312] {logging_mixin.py:115} INFO - [2024-02-20 20:40:56,312] {dag.py:2379} INFO - Sync 1 DAGs
[2024-02-20 20:40:56,332] {logging_mixin.py:115} INFO - [2024-02-20 20:40:56,332] {dag.py:2927} INFO - Setting next_dagrun for meu_primeiro_dag to 2024-02-20T00:00:00+00:00, run_after=2024-02-21T00:00:00+00:00
[2024-02-20 20:40:56,358] {processor.py:161} INFO - Processing /home/sheyla/Documents/Repositórios/airflowalura/dags/meu_primeiro_dag.py took 0.083 seconds
[2024-02-20 20:41:27,321] {processor.py:153} INFO - Started process (PID=224512) to work on /home/sheyla/Documents/Repositórios/airflowalura/dags/meu_primeiro_dag.py
[2024-02-20 20:41:27,322] {processor.py:641} INFO - Processing file /home/sheyla/Documents/Repositórios/airflowalura/dags/meu_primeiro_dag.py for tasks to queue
[2024-02-20 20:41:27,323] {logging_mixin.py:115} INFO - [2024-02-20 20:41:27,323] {dagbag.py:507} INFO - Filling up the DagBag from /home/sheyla/Documents/Repositórios/airflowalura/dags/meu_primeiro_dag.py
[2024-02-20 20:41:27,340] {processor.py:651} INFO - DAG(s) dict_keys(['meu_primeiro_dag']) retrieved from /home/sheyla/Documents/Repositórios/airflowalura/dags/meu_primeiro_dag.py
[2024-02-20 20:41:27,355] {logging_mixin.py:115} INFO - [2024-02-20 20:41:27,355] {dag.py:2379} INFO - Sync 1 DAGs
[2024-02-20 20:41:27,369] {logging_mixin.py:115} INFO - [2024-02-20 20:41:27,369] {dag.py:2927} INFO - Setting next_dagrun for meu_primeiro_dag to 2024-02-20T00:00:00+00:00, run_after=2024-02-21T00:00:00+00:00
[2024-02-20 20:41:27,408] {processor.py:161} INFO - Processing /home/sheyla/Documents/Repositórios/airflowalura/dags/meu_primeiro_dag.py took 0.095 seconds
[2024-02-20 20:41:59,878] {processor.py:153} INFO - Started process (PID=224886) to work on /home/sheyla/Documents/Repositórios/airflowalura/dags/meu_primeiro_dag.py
[2024-02-20 20:41:59,884] {processor.py:641} INFO - Processing file /home/sheyla/Documents/Repositórios/airflowalura/dags/meu_primeiro_dag.py for tasks to queue
[2024-02-20 20:41:59,885] {logging_mixin.py:115} INFO - [2024-02-20 20:41:59,885] {dagbag.py:507} INFO - Filling up the DagBag from /home/sheyla/Documents/Repositórios/airflowalura/dags/meu_primeiro_dag.py
[2024-02-20 20:41:59,905] {processor.py:651} INFO - DAG(s) dict_keys(['meu_primeiro_dag']) retrieved from /home/sheyla/Documents/Repositórios/airflowalura/dags/meu_primeiro_dag.py
[2024-02-20 20:41:59,921] {logging_mixin.py:115} INFO - [2024-02-20 20:41:59,921] {dag.py:2379} INFO - Sync 1 DAGs
[2024-02-20 20:41:59,935] {logging_mixin.py:115} INFO - [2024-02-20 20:41:59,935] {dag.py:2927} INFO - Setting next_dagrun for meu_primeiro_dag to 2024-02-20T00:00:00+00:00, run_after=2024-02-21T00:00:00+00:00
[2024-02-20 20:41:59,948] {processor.py:161} INFO - Processing /home/sheyla/Documents/Repositórios/airflowalura/dags/meu_primeiro_dag.py took 0.073 seconds
[2024-02-20 20:42:30,178] {processor.py:153} INFO - Started process (PID=225199) to work on /home/sheyla/Documents/Repositórios/airflowalura/dags/meu_primeiro_dag.py
[2024-02-20 20:42:30,179] {processor.py:641} INFO - Processing file /home/sheyla/Documents/Repositórios/airflowalura/dags/meu_primeiro_dag.py for tasks to queue
[2024-02-20 20:42:30,180] {logging_mixin.py:115} INFO - [2024-02-20 20:42:30,180] {dagbag.py:507} INFO - Filling up the DagBag from /home/sheyla/Documents/Repositórios/airflowalura/dags/meu_primeiro_dag.py
[2024-02-20 20:42:30,195] {processor.py:651} INFO - DAG(s) dict_keys(['meu_primeiro_dag']) retrieved from /home/sheyla/Documents/Repositórios/airflowalura/dags/meu_primeiro_dag.py
[2024-02-20 20:42:30,210] {logging_mixin.py:115} INFO - [2024-02-20 20:42:30,210] {dag.py:2379} INFO - Sync 1 DAGs
[2024-02-20 20:42:30,223] {logging_mixin.py:115} INFO - [2024-02-20 20:42:30,223] {dag.py:2927} INFO - Setting next_dagrun for meu_primeiro_dag to 2024-02-20T00:00:00+00:00, run_after=2024-02-21T00:00:00+00:00
[2024-02-20 20:42:30,235] {processor.py:161} INFO - Processing /home/sheyla/Documents/Repositórios/airflowalura/dags/meu_primeiro_dag.py took 0.065 seconds
[2024-02-20 20:43:01,957] {processor.py:153} INFO - Started process (PID=225540) to work on /home/sheyla/Documents/Repositórios/airflowalura/dags/meu_primeiro_dag.py
[2024-02-20 20:43:01,958] {processor.py:641} INFO - Processing file /home/sheyla/Documents/Repositórios/airflowalura/dags/meu_primeiro_dag.py for tasks to queue
[2024-02-20 20:43:01,960] {logging_mixin.py:115} INFO - [2024-02-20 20:43:01,959] {dagbag.py:507} INFO - Filling up the DagBag from /home/sheyla/Documents/Repositórios/airflowalura/dags/meu_primeiro_dag.py
[2024-02-20 20:43:01,973] {processor.py:651} INFO - DAG(s) dict_keys(['meu_primeiro_dag']) retrieved from /home/sheyla/Documents/Repositórios/airflowalura/dags/meu_primeiro_dag.py
[2024-02-20 20:43:01,988] {logging_mixin.py:115} INFO - [2024-02-20 20:43:01,988] {dag.py:2379} INFO - Sync 1 DAGs
[2024-02-20 20:43:02,002] {logging_mixin.py:115} INFO - [2024-02-20 20:43:02,002] {dag.py:2927} INFO - Setting next_dagrun for meu_primeiro_dag to 2024-02-20T00:00:00+00:00, run_after=2024-02-21T00:00:00+00:00
[2024-02-20 20:43:02,014] {processor.py:161} INFO - Processing /home/sheyla/Documents/Repositórios/airflowalura/dags/meu_primeiro_dag.py took 0.064 seconds
[2024-02-20 20:45:04,872] {processor.py:153} INFO - Started process (PID=226781) to work on /home/sheyla/Documents/Repositórios/airflowalura/dags/meu_primeiro_dag.py
[2024-02-20 20:45:04,883] {processor.py:641} INFO - Processing file /home/sheyla/Documents/Repositórios/airflowalura/dags/meu_primeiro_dag.py for tasks to queue
[2024-02-20 20:45:04,883] {logging_mixin.py:115} INFO - [2024-02-20 20:45:04,883] {dagbag.py:507} INFO - Filling up the DagBag from /home/sheyla/Documents/Repositórios/airflowalura/dags/meu_primeiro_dag.py
[2024-02-20 20:45:04,888] {processor.py:651} INFO - DAG(s) dict_keys(['meu_primeiro_dag']) retrieved from /home/sheyla/Documents/Repositórios/airflowalura/dags/meu_primeiro_dag.py
[2024-02-20 20:45:04,900] {logging_mixin.py:115} INFO - [2024-02-20 20:45:04,900] {dag.py:2379} INFO - Sync 1 DAGs
[2024-02-20 20:45:04,927] {logging_mixin.py:115} INFO - [2024-02-20 20:45:04,926] {dag.py:2927} INFO - Setting next_dagrun for meu_primeiro_dag to 2024-02-20T00:00:00+00:00, run_after=2024-02-21T00:00:00+00:00
[2024-02-20 20:45:04,942] {processor.py:161} INFO - Processing /home/sheyla/Documents/Repositórios/airflowalura/dags/meu_primeiro_dag.py took 0.072 seconds
[2024-02-20 20:45:37,991] {processor.py:153} INFO - Started process (PID=227220) to work on /home/sheyla/Documents/Repositórios/airflowalura/dags/meu_primeiro_dag.py
[2024-02-20 20:45:37,997] {processor.py:641} INFO - Processing file /home/sheyla/Documents/Repositórios/airflowalura/dags/meu_primeiro_dag.py for tasks to queue
[2024-02-20 20:45:37,998] {logging_mixin.py:115} INFO - [2024-02-20 20:45:37,998] {dagbag.py:507} INFO - Filling up the DagBag from /home/sheyla/Documents/Repositórios/airflowalura/dags/meu_primeiro_dag.py
[2024-02-20 20:45:38,022] {processor.py:651} INFO - DAG(s) dict_keys(['meu_primeiro_dag']) retrieved from /home/sheyla/Documents/Repositórios/airflowalura/dags/meu_primeiro_dag.py
[2024-02-20 20:45:38,058] {logging_mixin.py:115} INFO - [2024-02-20 20:45:38,058] {dag.py:2379} INFO - Sync 1 DAGs
[2024-02-20 20:45:38,083] {logging_mixin.py:115} INFO - [2024-02-20 20:45:38,083] {dag.py:2927} INFO - Setting next_dagrun for meu_primeiro_dag to 2024-02-20T00:00:00+00:00, run_after=2024-02-21T00:00:00+00:00
[2024-02-20 20:45:38,102] {processor.py:161} INFO - Processing /home/sheyla/Documents/Repositórios/airflowalura/dags/meu_primeiro_dag.py took 0.117 seconds
[2024-02-20 20:46:15,099] {processor.py:153} INFO - Started process (PID=227594) to work on /home/sheyla/Documents/Repositórios/airflowalura/dags/meu_primeiro_dag.py
[2024-02-20 20:46:15,105] {processor.py:641} INFO - Processing file /home/sheyla/Documents/Repositórios/airflowalura/dags/meu_primeiro_dag.py for tasks to queue
[2024-02-20 20:46:15,107] {logging_mixin.py:115} INFO - [2024-02-20 20:46:15,107] {dagbag.py:507} INFO - Filling up the DagBag from /home/sheyla/Documents/Repositórios/airflowalura/dags/meu_primeiro_dag.py
[2024-02-20 20:46:15,119] {processor.py:651} INFO - DAG(s) dict_keys(['meu_primeiro_dag']) retrieved from /home/sheyla/Documents/Repositórios/airflowalura/dags/meu_primeiro_dag.py
[2024-02-20 20:46:15,134] {logging_mixin.py:115} INFO - [2024-02-20 20:46:15,134] {dag.py:2379} INFO - Sync 1 DAGs
[2024-02-20 20:46:15,153] {logging_mixin.py:115} INFO - [2024-02-20 20:46:15,153] {dag.py:2927} INFO - Setting next_dagrun for meu_primeiro_dag to 2024-02-20T00:00:00+00:00, run_after=2024-02-21T00:00:00+00:00
[2024-02-20 20:46:15,166] {processor.py:161} INFO - Processing /home/sheyla/Documents/Repositórios/airflowalura/dags/meu_primeiro_dag.py took 0.074 seconds
[2024-02-20 20:46:47,662] {processor.py:153} INFO - Started process (PID=227982) to work on /home/sheyla/Documents/Repositórios/airflowalura/dags/meu_primeiro_dag.py
[2024-02-20 20:46:47,664] {processor.py:641} INFO - Processing file /home/sheyla/Documents/Repositórios/airflowalura/dags/meu_primeiro_dag.py for tasks to queue
[2024-02-20 20:46:47,665] {logging_mixin.py:115} INFO - [2024-02-20 20:46:47,665] {dagbag.py:507} INFO - Filling up the DagBag from /home/sheyla/Documents/Repositórios/airflowalura/dags/meu_primeiro_dag.py
[2024-02-20 20:46:47,680] {processor.py:651} INFO - DAG(s) dict_keys(['meu_primeiro_dag']) retrieved from /home/sheyla/Documents/Repositórios/airflowalura/dags/meu_primeiro_dag.py
[2024-02-20 20:46:47,696] {logging_mixin.py:115} INFO - [2024-02-20 20:46:47,695] {dag.py:2379} INFO - Sync 1 DAGs
[2024-02-20 20:46:47,713] {logging_mixin.py:115} INFO - [2024-02-20 20:46:47,713] {dag.py:2927} INFO - Setting next_dagrun for meu_primeiro_dag to 2024-02-20T00:00:00+00:00, run_after=2024-02-21T00:00:00+00:00
[2024-02-20 20:46:47,725] {processor.py:161} INFO - Processing /home/sheyla/Documents/Repositórios/airflowalura/dags/meu_primeiro_dag.py took 0.070 seconds
[2024-02-20 20:47:22,152] {processor.py:153} INFO - Started process (PID=228393) to work on /home/sheyla/Documents/Repositórios/airflowalura/dags/meu_primeiro_dag.py
[2024-02-20 20:47:22,158] {processor.py:641} INFO - Processing file /home/sheyla/Documents/Repositórios/airflowalura/dags/meu_primeiro_dag.py for tasks to queue
[2024-02-20 20:47:22,159] {logging_mixin.py:115} INFO - [2024-02-20 20:47:22,159] {dagbag.py:507} INFO - Filling up the DagBag from /home/sheyla/Documents/Repositórios/airflowalura/dags/meu_primeiro_dag.py
[2024-02-20 20:47:22,170] {processor.py:651} INFO - DAG(s) dict_keys(['meu_primeiro_dag']) retrieved from /home/sheyla/Documents/Repositórios/airflowalura/dags/meu_primeiro_dag.py
[2024-02-20 20:47:22,185] {logging_mixin.py:115} INFO - [2024-02-20 20:47:22,185] {dag.py:2379} INFO - Sync 1 DAGs
[2024-02-20 20:47:22,201] {logging_mixin.py:115} INFO - [2024-02-20 20:47:22,200] {dag.py:2927} INFO - Setting next_dagrun for meu_primeiro_dag to 2024-02-20T00:00:00+00:00, run_after=2024-02-21T00:00:00+00:00
[2024-02-20 20:47:22,214] {processor.py:161} INFO - Processing /home/sheyla/Documents/Repositórios/airflowalura/dags/meu_primeiro_dag.py took 0.068 seconds
[2024-02-20 20:47:58,810] {processor.py:153} INFO - Started process (PID=228768) to work on /home/sheyla/Documents/Repositórios/airflowalura/dags/meu_primeiro_dag.py
[2024-02-20 20:47:58,815] {processor.py:641} INFO - Processing file /home/sheyla/Documents/Repositórios/airflowalura/dags/meu_primeiro_dag.py for tasks to queue
[2024-02-20 20:47:58,816] {logging_mixin.py:115} INFO - [2024-02-20 20:47:58,816] {dagbag.py:507} INFO - Filling up the DagBag from /home/sheyla/Documents/Repositórios/airflowalura/dags/meu_primeiro_dag.py
[2024-02-20 20:47:58,821] {processor.py:651} INFO - DAG(s) dict_keys(['meu_primeiro_dag']) retrieved from /home/sheyla/Documents/Repositórios/airflowalura/dags/meu_primeiro_dag.py
[2024-02-20 20:47:58,833] {logging_mixin.py:115} INFO - [2024-02-20 20:47:58,833] {dag.py:2379} INFO - Sync 1 DAGs
[2024-02-20 20:47:58,850] {logging_mixin.py:115} INFO - [2024-02-20 20:47:58,850] {dag.py:2927} INFO - Setting next_dagrun for meu_primeiro_dag to 2024-02-20T00:00:00+00:00, run_after=2024-02-21T00:00:00+00:00
[2024-02-20 20:47:58,863] {processor.py:161} INFO - Processing /home/sheyla/Documents/Repositórios/airflowalura/dags/meu_primeiro_dag.py took 0.056 seconds
[2024-02-20 20:48:31,060] {processor.py:153} INFO - Started process (PID=229089) to work on /home/sheyla/Documents/Repositórios/airflowalura/dags/meu_primeiro_dag.py
[2024-02-20 20:48:31,062] {processor.py:641} INFO - Processing file /home/sheyla/Documents/Repositórios/airflowalura/dags/meu_primeiro_dag.py for tasks to queue
[2024-02-20 20:48:31,063] {logging_mixin.py:115} INFO - [2024-02-20 20:48:31,063] {dagbag.py:507} INFO - Filling up the DagBag from /home/sheyla/Documents/Repositórios/airflowalura/dags/meu_primeiro_dag.py
[2024-02-20 20:48:31,076] {processor.py:651} INFO - DAG(s) dict_keys(['meu_primeiro_dag']) retrieved from /home/sheyla/Documents/Repositórios/airflowalura/dags/meu_primeiro_dag.py
[2024-02-20 20:48:31,090] {logging_mixin.py:115} INFO - [2024-02-20 20:48:31,090] {dag.py:2379} INFO - Sync 1 DAGs
[2024-02-20 20:48:31,106] {logging_mixin.py:115} INFO - [2024-02-20 20:48:31,106] {dag.py:2927} INFO - Setting next_dagrun for meu_primeiro_dag to 2024-02-20T00:00:00+00:00, run_after=2024-02-21T00:00:00+00:00
[2024-02-20 20:48:31,119] {processor.py:161} INFO - Processing /home/sheyla/Documents/Repositórios/airflowalura/dags/meu_primeiro_dag.py took 0.066 seconds
[2024-02-20 20:49:05,666] {processor.py:153} INFO - Started process (PID=229443) to work on /home/sheyla/Documents/Repositórios/airflowalura/dags/meu_primeiro_dag.py
[2024-02-20 20:49:05,672] {processor.py:641} INFO - Processing file /home/sheyla/Documents/Repositórios/airflowalura/dags/meu_primeiro_dag.py for tasks to queue
[2024-02-20 20:49:05,673] {logging_mixin.py:115} INFO - [2024-02-20 20:49:05,673] {dagbag.py:507} INFO - Filling up the DagBag from /home/sheyla/Documents/Repositórios/airflowalura/dags/meu_primeiro_dag.py
[2024-02-20 20:49:05,688] {processor.py:651} INFO - DAG(s) dict_keys(['meu_primeiro_dag']) retrieved from /home/sheyla/Documents/Repositórios/airflowalura/dags/meu_primeiro_dag.py
[2024-02-20 20:49:05,705] {logging_mixin.py:115} INFO - [2024-02-20 20:49:05,705] {dag.py:2379} INFO - Sync 1 DAGs
[2024-02-20 20:49:05,724] {logging_mixin.py:115} INFO - [2024-02-20 20:49:05,724] {dag.py:2927} INFO - Setting next_dagrun for meu_primeiro_dag to 2024-02-20T00:00:00+00:00, run_after=2024-02-21T00:00:00+00:00
[2024-02-20 20:49:05,737] {processor.py:161} INFO - Processing /home/sheyla/Documents/Repositórios/airflowalura/dags/meu_primeiro_dag.py took 0.078 seconds
[2024-02-20 20:49:41,277] {processor.py:153} INFO - Started process (PID=229804) to work on /home/sheyla/Documents/Repositórios/airflowalura/dags/meu_primeiro_dag.py
[2024-02-20 20:49:41,286] {processor.py:641} INFO - Processing file /home/sheyla/Documents/Repositórios/airflowalura/dags/meu_primeiro_dag.py for tasks to queue
[2024-02-20 20:49:41,287] {logging_mixin.py:115} INFO - [2024-02-20 20:49:41,287] {dagbag.py:507} INFO - Filling up the DagBag from /home/sheyla/Documents/Repositórios/airflowalura/dags/meu_primeiro_dag.py
[2024-02-20 20:49:41,304] {processor.py:651} INFO - DAG(s) dict_keys(['meu_primeiro_dag']) retrieved from /home/sheyla/Documents/Repositórios/airflowalura/dags/meu_primeiro_dag.py
[2024-02-20 20:49:41,319] {logging_mixin.py:115} INFO - [2024-02-20 20:49:41,319] {dag.py:2379} INFO - Sync 1 DAGs
[2024-02-20 20:49:41,336] {logging_mixin.py:115} INFO - [2024-02-20 20:49:41,336] {dag.py:2927} INFO - Setting next_dagrun for meu_primeiro_dag to 2024-02-20T00:00:00+00:00, run_after=2024-02-21T00:00:00+00:00
[2024-02-20 20:49:41,349] {processor.py:161} INFO - Processing /home/sheyla/Documents/Repositórios/airflowalura/dags/meu_primeiro_dag.py took 0.080 seconds
[2024-02-20 20:50:12,846] {processor.py:153} INFO - Started process (PID=230133) to work on /home/sheyla/Documents/Repositórios/airflowalura/dags/meu_primeiro_dag.py
[2024-02-20 20:50:12,847] {processor.py:641} INFO - Processing file /home/sheyla/Documents/Repositórios/airflowalura/dags/meu_primeiro_dag.py for tasks to queue
[2024-02-20 20:50:12,849] {logging_mixin.py:115} INFO - [2024-02-20 20:50:12,848] {dagbag.py:507} INFO - Filling up the DagBag from /home/sheyla/Documents/Repositórios/airflowalura/dags/meu_primeiro_dag.py
[2024-02-20 20:50:12,862] {processor.py:651} INFO - DAG(s) dict_keys(['meu_primeiro_dag']) retrieved from /home/sheyla/Documents/Repositórios/airflowalura/dags/meu_primeiro_dag.py
[2024-02-20 20:50:12,877] {logging_mixin.py:115} INFO - [2024-02-20 20:50:12,877] {dag.py:2379} INFO - Sync 1 DAGs
[2024-02-20 20:50:12,891] {logging_mixin.py:115} INFO - [2024-02-20 20:50:12,891] {dag.py:2927} INFO - Setting next_dagrun for meu_primeiro_dag to 2024-02-20T00:00:00+00:00, run_after=2024-02-21T00:00:00+00:00
[2024-02-20 20:50:12,902] {processor.py:161} INFO - Processing /home/sheyla/Documents/Repositórios/airflowalura/dags/meu_primeiro_dag.py took 0.063 seconds
[2024-02-20 20:50:44,907] {processor.py:153} INFO - Started process (PID=230458) to work on /home/sheyla/Documents/Repositórios/airflowalura/dags/meu_primeiro_dag.py
[2024-02-20 20:50:44,913] {processor.py:641} INFO - Processing file /home/sheyla/Documents/Repositórios/airflowalura/dags/meu_primeiro_dag.py for tasks to queue
[2024-02-20 20:50:44,915] {logging_mixin.py:115} INFO - [2024-02-20 20:50:44,915] {dagbag.py:507} INFO - Filling up the DagBag from /home/sheyla/Documents/Repositórios/airflowalura/dags/meu_primeiro_dag.py
[2024-02-20 20:50:44,935] {processor.py:651} INFO - DAG(s) dict_keys(['meu_primeiro_dag']) retrieved from /home/sheyla/Documents/Repositórios/airflowalura/dags/meu_primeiro_dag.py
[2024-02-20 20:50:44,952] {logging_mixin.py:115} INFO - [2024-02-20 20:50:44,952] {dag.py:2379} INFO - Sync 1 DAGs
[2024-02-20 20:50:44,968] {logging_mixin.py:115} INFO - [2024-02-20 20:50:44,968] {dag.py:2927} INFO - Setting next_dagrun for meu_primeiro_dag to 2024-02-20T00:00:00+00:00, run_after=2024-02-21T00:00:00+00:00
[2024-02-20 20:50:44,983] {processor.py:161} INFO - Processing /home/sheyla/Documents/Repositórios/airflowalura/dags/meu_primeiro_dag.py took 0.082 seconds
[2024-02-20 20:51:18,637] {processor.py:153} INFO - Started process (PID=230813) to work on /home/sheyla/Documents/Repositórios/airflowalura/dags/meu_primeiro_dag.py
[2024-02-20 20:51:18,643] {processor.py:641} INFO - Processing file /home/sheyla/Documents/Repositórios/airflowalura/dags/meu_primeiro_dag.py for tasks to queue
[2024-02-20 20:51:18,644] {logging_mixin.py:115} INFO - [2024-02-20 20:51:18,644] {dagbag.py:507} INFO - Filling up the DagBag from /home/sheyla/Documents/Repositórios/airflowalura/dags/meu_primeiro_dag.py
[2024-02-20 20:51:18,659] {processor.py:651} INFO - DAG(s) dict_keys(['meu_primeiro_dag']) retrieved from /home/sheyla/Documents/Repositórios/airflowalura/dags/meu_primeiro_dag.py
[2024-02-20 20:51:18,702] {logging_mixin.py:115} INFO - [2024-02-20 20:51:18,702] {dag.py:2379} INFO - Sync 1 DAGs
[2024-02-20 20:51:18,714] {logging_mixin.py:115} INFO - [2024-02-20 20:51:18,714] {dag.py:2927} INFO - Setting next_dagrun for meu_primeiro_dag to 2024-02-20T00:00:00+00:00, run_after=2024-02-21T00:00:00+00:00
[2024-02-20 20:51:18,729] {processor.py:161} INFO - Processing /home/sheyla/Documents/Repositórios/airflowalura/dags/meu_primeiro_dag.py took 0.097 seconds
[2024-02-20 20:51:55,227] {processor.py:153} INFO - Started process (PID=231212) to work on /home/sheyla/Documents/Repositórios/airflowalura/dags/meu_primeiro_dag.py
[2024-02-20 20:51:55,232] {processor.py:641} INFO - Processing file /home/sheyla/Documents/Repositórios/airflowalura/dags/meu_primeiro_dag.py for tasks to queue
[2024-02-20 20:51:55,233] {logging_mixin.py:115} INFO - [2024-02-20 20:51:55,233] {dagbag.py:507} INFO - Filling up the DagBag from /home/sheyla/Documents/Repositórios/airflowalura/dags/meu_primeiro_dag.py
[2024-02-20 20:51:55,240] {processor.py:651} INFO - DAG(s) dict_keys(['meu_primeiro_dag']) retrieved from /home/sheyla/Documents/Repositórios/airflowalura/dags/meu_primeiro_dag.py
[2024-02-20 20:51:55,287] {logging_mixin.py:115} INFO - [2024-02-20 20:51:55,287] {dag.py:2379} INFO - Sync 1 DAGs
[2024-02-20 20:51:55,292] {logging_mixin.py:115} INFO - [2024-02-20 20:51:55,291] {dag.py:2398} INFO - Creating ORM DAG for meu_primeiro_dag
[2024-02-20 20:51:55,301] {logging_mixin.py:115} INFO - [2024-02-20 20:51:55,300] {dag.py:2927} INFO - Setting next_dagrun for meu_primeiro_dag to 2024-02-18T00:00:00+00:00, run_after=2024-02-19T00:00:00+00:00
[2024-02-20 20:51:55,322] {processor.py:161} INFO - Processing /home/sheyla/Documents/Repositórios/airflowalura/dags/meu_primeiro_dag.py took 0.098 seconds
[2024-02-20 20:52:31,376] {processor.py:153} INFO - Started process (PID=231594) to work on /home/sheyla/Documents/Repositórios/airflowalura/dags/meu_primeiro_dag.py
[2024-02-20 20:52:31,377] {processor.py:641} INFO - Processing file /home/sheyla/Documents/Repositórios/airflowalura/dags/meu_primeiro_dag.py for tasks to queue
[2024-02-20 20:52:31,378] {logging_mixin.py:115} INFO - [2024-02-20 20:52:31,378] {dagbag.py:507} INFO - Filling up the DagBag from /home/sheyla/Documents/Repositórios/airflowalura/dags/meu_primeiro_dag.py
[2024-02-20 20:52:31,390] {processor.py:651} INFO - DAG(s) dict_keys(['meu_primeiro_dag']) retrieved from /home/sheyla/Documents/Repositórios/airflowalura/dags/meu_primeiro_dag.py
[2024-02-20 20:52:31,408] {logging_mixin.py:115} INFO - [2024-02-20 20:52:31,408] {dag.py:2379} INFO - Sync 1 DAGs
[2024-02-20 20:52:31,424] {logging_mixin.py:115} INFO - [2024-02-20 20:52:31,424] {dag.py:2927} INFO - Setting next_dagrun for meu_primeiro_dag to 2024-02-20T00:00:00+00:00, run_after=2024-02-21T00:00:00+00:00
[2024-02-20 20:52:31,438] {processor.py:161} INFO - Processing /home/sheyla/Documents/Repositórios/airflowalura/dags/meu_primeiro_dag.py took 0.065 seconds
[2024-02-20 20:53:02,263] {processor.py:153} INFO - Started process (PID=231930) to work on /home/sheyla/Documents/Repositórios/airflowalura/dags/meu_primeiro_dag.py
[2024-02-20 20:53:02,265] {processor.py:641} INFO - Processing file /home/sheyla/Documents/Repositórios/airflowalura/dags/meu_primeiro_dag.py for tasks to queue
[2024-02-20 20:53:02,266] {logging_mixin.py:115} INFO - [2024-02-20 20:53:02,266] {dagbag.py:507} INFO - Filling up the DagBag from /home/sheyla/Documents/Repositórios/airflowalura/dags/meu_primeiro_dag.py
[2024-02-20 20:53:02,283] {processor.py:651} INFO - DAG(s) dict_keys(['meu_primeiro_dag']) retrieved from /home/sheyla/Documents/Repositórios/airflowalura/dags/meu_primeiro_dag.py
[2024-02-20 20:53:02,300] {logging_mixin.py:115} INFO - [2024-02-20 20:53:02,300] {dag.py:2379} INFO - Sync 1 DAGs
[2024-02-20 20:53:02,314] {logging_mixin.py:115} INFO - [2024-02-20 20:53:02,314] {dag.py:2927} INFO - Setting next_dagrun for meu_primeiro_dag to 2024-02-20T00:00:00+00:00, run_after=2024-02-21T00:00:00+00:00
[2024-02-20 20:53:02,328] {processor.py:161} INFO - Processing /home/sheyla/Documents/Repositórios/airflowalura/dags/meu_primeiro_dag.py took 0.071 seconds
[2024-02-20 20:53:35,182] {processor.py:153} INFO - Started process (PID=232263) to work on /home/sheyla/Documents/Repositórios/airflowalura/dags/meu_primeiro_dag.py
[2024-02-20 20:53:35,188] {processor.py:641} INFO - Processing file /home/sheyla/Documents/Repositórios/airflowalura/dags/meu_primeiro_dag.py for tasks to queue
[2024-02-20 20:53:35,188] {logging_mixin.py:115} INFO - [2024-02-20 20:53:35,188] {dagbag.py:507} INFO - Filling up the DagBag from /home/sheyla/Documents/Repositórios/airflowalura/dags/meu_primeiro_dag.py
[2024-02-20 20:53:35,196] {processor.py:651} INFO - DAG(s) dict_keys(['meu_primeiro_dag']) retrieved from /home/sheyla/Documents/Repositórios/airflowalura/dags/meu_primeiro_dag.py
[2024-02-20 20:53:35,231] {logging_mixin.py:115} INFO - [2024-02-20 20:53:35,231] {dag.py:2379} INFO - Sync 1 DAGs
[2024-02-20 20:53:35,241] {logging_mixin.py:115} INFO - [2024-02-20 20:53:35,241] {dag.py:2927} INFO - Setting next_dagrun for meu_primeiro_dag to 2024-02-20T00:00:00+00:00, run_after=2024-02-21T00:00:00+00:00
[2024-02-20 20:53:35,259] {processor.py:161} INFO - Processing /home/sheyla/Documents/Repositórios/airflowalura/dags/meu_primeiro_dag.py took 0.079 seconds
[2024-02-20 20:54:08,169] {processor.py:153} INFO - Started process (PID=232599) to work on /home/sheyla/Documents/Repositórios/airflowalura/dags/meu_primeiro_dag.py
[2024-02-20 20:54:08,174] {processor.py:641} INFO - Processing file /home/sheyla/Documents/Repositórios/airflowalura/dags/meu_primeiro_dag.py for tasks to queue
[2024-02-20 20:54:08,174] {logging_mixin.py:115} INFO - [2024-02-20 20:54:08,174] {dagbag.py:507} INFO - Filling up the DagBag from /home/sheyla/Documents/Repositórios/airflowalura/dags/meu_primeiro_dag.py
[2024-02-20 20:54:08,179] {processor.py:651} INFO - DAG(s) dict_keys(['meu_primeiro_dag']) retrieved from /home/sheyla/Documents/Repositórios/airflowalura/dags/meu_primeiro_dag.py
[2024-02-20 20:54:08,211] {logging_mixin.py:115} INFO - [2024-02-20 20:54:08,211] {dag.py:2379} INFO - Sync 1 DAGs
[2024-02-20 20:54:08,215] {logging_mixin.py:115} INFO - [2024-02-20 20:54:08,215] {dag.py:2398} INFO - Creating ORM DAG for meu_primeiro_dag
[2024-02-20 20:54:08,222] {logging_mixin.py:115} INFO - [2024-02-20 20:54:08,221] {dag.py:2927} INFO - Setting next_dagrun for meu_primeiro_dag to 2024-02-18T00:00:00+00:00, run_after=2024-02-19T00:00:00+00:00
[2024-02-20 20:54:08,235] {processor.py:161} INFO - Processing /home/sheyla/Documents/Repositórios/airflowalura/dags/meu_primeiro_dag.py took 0.068 seconds
[2024-02-20 20:54:44,462] {processor.py:153} INFO - Started process (PID=232975) to work on /home/sheyla/Documents/Repositórios/airflowalura/dags/meu_primeiro_dag.py
[2024-02-20 20:54:44,469] {processor.py:641} INFO - Processing file /home/sheyla/Documents/Repositórios/airflowalura/dags/meu_primeiro_dag.py for tasks to queue
[2024-02-20 20:54:44,470] {logging_mixin.py:115} INFO - [2024-02-20 20:54:44,470] {dagbag.py:507} INFO - Filling up the DagBag from /home/sheyla/Documents/Repositórios/airflowalura/dags/meu_primeiro_dag.py
[2024-02-20 20:54:44,487] {processor.py:651} INFO - DAG(s) dict_keys(['meu_primeiro_dag']) retrieved from /home/sheyla/Documents/Repositórios/airflowalura/dags/meu_primeiro_dag.py
[2024-02-20 20:54:44,505] {logging_mixin.py:115} INFO - [2024-02-20 20:54:44,505] {dag.py:2379} INFO - Sync 1 DAGs
[2024-02-20 20:54:44,520] {logging_mixin.py:115} INFO - [2024-02-20 20:54:44,520] {dag.py:2927} INFO - Setting next_dagrun for meu_primeiro_dag to 2024-02-20T00:00:00+00:00, run_after=2024-02-21T00:00:00+00:00
[2024-02-20 20:54:44,533] {processor.py:161} INFO - Processing /home/sheyla/Documents/Repositórios/airflowalura/dags/meu_primeiro_dag.py took 0.077 seconds
[2024-02-20 20:55:16,623] {processor.py:153} INFO - Started process (PID=233308) to work on /home/sheyla/Documents/Repositórios/airflowalura/dags/meu_primeiro_dag.py
[2024-02-20 20:55:16,629] {processor.py:641} INFO - Processing file /home/sheyla/Documents/Repositórios/airflowalura/dags/meu_primeiro_dag.py for tasks to queue
[2024-02-20 20:55:16,630] {logging_mixin.py:115} INFO - [2024-02-20 20:55:16,630] {dagbag.py:507} INFO - Filling up the DagBag from /home/sheyla/Documents/Repositórios/airflowalura/dags/meu_primeiro_dag.py
[2024-02-20 20:55:16,645] {processor.py:651} INFO - DAG(s) dict_keys(['meu_primeiro_dag']) retrieved from /home/sheyla/Documents/Repositórios/airflowalura/dags/meu_primeiro_dag.py
[2024-02-20 20:55:16,660] {logging_mixin.py:115} INFO - [2024-02-20 20:55:16,660] {dag.py:2379} INFO - Sync 1 DAGs
[2024-02-20 20:55:16,676] {logging_mixin.py:115} INFO - [2024-02-20 20:55:16,676] {dag.py:2927} INFO - Setting next_dagrun for meu_primeiro_dag to 2024-02-20T00:00:00+00:00, run_after=2024-02-21T00:00:00+00:00
[2024-02-20 20:55:16,695] {processor.py:161} INFO - Processing /home/sheyla/Documents/Repositórios/airflowalura/dags/meu_primeiro_dag.py took 0.080 seconds
[2024-02-20 20:55:50,523] {processor.py:153} INFO - Started process (PID=233661) to work on /home/sheyla/Documents/Repositórios/airflowalura/dags/meu_primeiro_dag.py
[2024-02-20 20:55:50,526] {processor.py:641} INFO - Processing file /home/sheyla/Documents/Repositórios/airflowalura/dags/meu_primeiro_dag.py for tasks to queue
[2024-02-20 20:55:50,527] {logging_mixin.py:115} INFO - [2024-02-20 20:55:50,527] {dagbag.py:507} INFO - Filling up the DagBag from /home/sheyla/Documents/Repositórios/airflowalura/dags/meu_primeiro_dag.py
[2024-02-20 20:55:50,533] {processor.py:651} INFO - DAG(s) dict_keys(['meu_primeiro_dag']) retrieved from /home/sheyla/Documents/Repositórios/airflowalura/dags/meu_primeiro_dag.py
[2024-02-20 20:55:50,546] {logging_mixin.py:115} INFO - [2024-02-20 20:55:50,546] {dag.py:2379} INFO - Sync 1 DAGs
[2024-02-20 20:55:50,562] {logging_mixin.py:115} INFO - [2024-02-20 20:55:50,562] {dag.py:2927} INFO - Setting next_dagrun for meu_primeiro_dag to 2024-02-20T00:00:00+00:00, run_after=2024-02-21T00:00:00+00:00
[2024-02-20 20:55:50,573] {processor.py:161} INFO - Processing /home/sheyla/Documents/Repositórios/airflowalura/dags/meu_primeiro_dag.py took 0.053 seconds
