[2024-02-25 20:33:37,146] {taskinstance.py:1159} INFO - Dependencies all met for <TaskInstance: meu_primeiro_dag.cria_pasta scheduled__2024-02-24T00:00:00+00:00 [queued]>
[2024-02-25 20:33:37,150] {taskinstance.py:1159} INFO - Dependencies all met for <TaskInstance: meu_primeiro_dag.cria_pasta scheduled__2024-02-24T00:00:00+00:00 [queued]>
[2024-02-25 20:33:37,151] {taskinstance.py:1356} INFO - 
--------------------------------------------------------------------------------
[2024-02-25 20:33:37,151] {taskinstance.py:1357} INFO - Starting attempt 1 of 1
[2024-02-25 20:33:37,151] {taskinstance.py:1358} INFO - 
--------------------------------------------------------------------------------
[2024-02-25 20:33:37,165] {taskinstance.py:1377} INFO - Executing <Task(BashOperator): cria_pasta> on 2024-02-24 00:00:00+00:00
[2024-02-25 20:33:37,167] {standard_task_runner.py:52} INFO - Started process 1957255 to run task
[2024-02-25 20:33:37,169] {standard_task_runner.py:79} INFO - Running: ['airflow', 'tasks', 'run', 'meu_primeiro_dag', 'cria_pasta', 'scheduled__2024-02-24T00:00:00+00:00', '--job-id', '23', '--raw', '--subdir', 'DAGS_FOLDER/meu_primeiro_dag.py', '--cfg-path', '/tmp/tmpglchy8yi', '--error-file', '/tmp/tmpoyqq0nj4']
[2024-02-25 20:33:37,169] {standard_task_runner.py:80} INFO - Job 23: Subtask cria_pasta
[2024-02-25 20:33:37,196] {task_command.py:370} INFO - Running <TaskInstance: meu_primeiro_dag.cria_pasta scheduled__2024-02-24T00:00:00+00:00 [running]> on host sheyla
[2024-02-25 20:33:37,254] {taskinstance.py:1569} INFO - Exporting the following env vars:
AIRFLOW_CTX_DAG_OWNER=airflow
AIRFLOW_CTX_DAG_ID=meu_primeiro_dag
AIRFLOW_CTX_TASK_ID=cria_pasta
AIRFLOW_CTX_EXECUTION_DATE=2024-02-24T00:00:00+00:00
AIRFLOW_CTX_TRY_NUMBER=1
AIRFLOW_CTX_DAG_RUN_ID=scheduled__2024-02-24T00:00:00+00:00
[2024-02-25 20:33:37,254] {subprocess.py:62} INFO - Tmp dir root location: 
 /tmp
[2024-02-25 20:33:37,255] {subprocess.py:74} INFO - Running command: ['bash', '-c', 'mkdir -p "/home/sheyla/Documents/Repositórios/airflowalura/pasta=2024-02-25T00:00:00+00:00" ']
[2024-02-25 20:33:37,258] {subprocess.py:85} INFO - Output:
[2024-02-25 20:33:37,259] {subprocess.py:96} INFO - Command exited with return code 0
[2024-02-25 20:33:37,275] {taskinstance.py:1395} INFO - Marking task as SUCCESS. dag_id=meu_primeiro_dag, task_id=cria_pasta, execution_date=20240224T000000, start_date=20240225T233337, end_date=20240225T233337
[2024-02-25 20:33:37,301] {local_task_job.py:156} INFO - Task exited with return code 0
[2024-02-25 20:33:37,312] {local_task_job.py:273} INFO - 0 downstream tasks scheduled from follow-on schedule check
