[2024-02-25 20:33:40,182] {processor.py:153} INFO - Started process (PID=1957296) to work on /home/sheyla/Documents/Repositórios/airflowalura/venv/lib/python3.9/site-packages/airflow/example_dags/subdags/subdag.py
[2024-02-25 20:33:40,183] {processor.py:641} INFO - Processing file /home/sheyla/Documents/Repositórios/airflowalura/venv/lib/python3.9/site-packages/airflow/example_dags/subdags/subdag.py for tasks to queue
[2024-02-25 20:33:40,183] {logging_mixin.py:115} INFO - [2024-02-25 20:33:40,183] {dagbag.py:507} INFO - Filling up the DagBag from /home/sheyla/Documents/Repositórios/airflowalura/venv/lib/python3.9/site-packages/airflow/example_dags/subdags/subdag.py
[2024-02-25 20:33:40,185] {processor.py:653} WARNING - No viable dags retrieved from /home/sheyla/Documents/Repositórios/airflowalura/venv/lib/python3.9/site-packages/airflow/example_dags/subdags/subdag.py
[2024-02-25 20:33:40,196] {processor.py:161} INFO - Processing /home/sheyla/Documents/Repositórios/airflowalura/venv/lib/python3.9/site-packages/airflow/example_dags/subdags/subdag.py took 0.016 seconds
[2024-02-25 20:34:17,771] {processor.py:153} INFO - Started process (PID=1957739) to work on /home/sheyla/Documents/Repositórios/airflowalura/venv/lib/python3.9/site-packages/airflow/example_dags/subdags/subdag.py
[2024-02-25 20:34:17,772] {processor.py:641} INFO - Processing file /home/sheyla/Documents/Repositórios/airflowalura/venv/lib/python3.9/site-packages/airflow/example_dags/subdags/subdag.py for tasks to queue
[2024-02-25 20:34:17,773] {logging_mixin.py:115} INFO - [2024-02-25 20:34:17,772] {dagbag.py:507} INFO - Filling up the DagBag from /home/sheyla/Documents/Repositórios/airflowalura/venv/lib/python3.9/site-packages/airflow/example_dags/subdags/subdag.py
[2024-02-25 20:34:17,775] {processor.py:653} WARNING - No viable dags retrieved from /home/sheyla/Documents/Repositórios/airflowalura/venv/lib/python3.9/site-packages/airflow/example_dags/subdags/subdag.py
[2024-02-25 20:34:17,796] {processor.py:161} INFO - Processing /home/sheyla/Documents/Repositórios/airflowalura/venv/lib/python3.9/site-packages/airflow/example_dags/subdags/subdag.py took 0.031 seconds
[2024-02-25 20:34:54,528] {processor.py:153} INFO - Started process (PID=1958123) to work on /home/sheyla/Documents/Repositórios/airflowalura/venv/lib/python3.9/site-packages/airflow/example_dags/subdags/subdag.py
[2024-02-25 20:34:54,535] {processor.py:641} INFO - Processing file /home/sheyla/Documents/Repositórios/airflowalura/venv/lib/python3.9/site-packages/airflow/example_dags/subdags/subdag.py for tasks to queue
[2024-02-25 20:34:54,536] {logging_mixin.py:115} INFO - [2024-02-25 20:34:54,536] {dagbag.py:507} INFO - Filling up the DagBag from /home/sheyla/Documents/Repositórios/airflowalura/venv/lib/python3.9/site-packages/airflow/example_dags/subdags/subdag.py
[2024-02-25 20:34:54,539] {processor.py:653} WARNING - No viable dags retrieved from /home/sheyla/Documents/Repositórios/airflowalura/venv/lib/python3.9/site-packages/airflow/example_dags/subdags/subdag.py
[2024-02-25 20:34:54,560] {processor.py:161} INFO - Processing /home/sheyla/Documents/Repositórios/airflowalura/venv/lib/python3.9/site-packages/airflow/example_dags/subdags/subdag.py took 0.038 seconds
[2024-02-25 20:35:30,778] {processor.py:153} INFO - Started process (PID=1958491) to work on /home/sheyla/Documents/Repositórios/airflowalura/venv/lib/python3.9/site-packages/airflow/example_dags/subdags/subdag.py
[2024-02-25 20:35:30,784] {processor.py:641} INFO - Processing file /home/sheyla/Documents/Repositórios/airflowalura/venv/lib/python3.9/site-packages/airflow/example_dags/subdags/subdag.py for tasks to queue
[2024-02-25 20:35:30,786] {logging_mixin.py:115} INFO - [2024-02-25 20:35:30,785] {dagbag.py:507} INFO - Filling up the DagBag from /home/sheyla/Documents/Repositórios/airflowalura/venv/lib/python3.9/site-packages/airflow/example_dags/subdags/subdag.py
[2024-02-25 20:35:30,789] {processor.py:653} WARNING - No viable dags retrieved from /home/sheyla/Documents/Repositórios/airflowalura/venv/lib/python3.9/site-packages/airflow/example_dags/subdags/subdag.py
[2024-02-25 20:35:30,812] {processor.py:161} INFO - Processing /home/sheyla/Documents/Repositórios/airflowalura/venv/lib/python3.9/site-packages/airflow/example_dags/subdags/subdag.py took 0.040 seconds
[2024-02-25 20:36:06,843] {processor.py:153} INFO - Started process (PID=1958861) to work on /home/sheyla/Documents/Repositórios/airflowalura/venv/lib/python3.9/site-packages/airflow/example_dags/subdags/subdag.py
[2024-02-25 20:36:06,849] {processor.py:641} INFO - Processing file /home/sheyla/Documents/Repositórios/airflowalura/venv/lib/python3.9/site-packages/airflow/example_dags/subdags/subdag.py for tasks to queue
[2024-02-25 20:36:06,850] {logging_mixin.py:115} INFO - [2024-02-25 20:36:06,850] {dagbag.py:507} INFO - Filling up the DagBag from /home/sheyla/Documents/Repositórios/airflowalura/venv/lib/python3.9/site-packages/airflow/example_dags/subdags/subdag.py
[2024-02-25 20:36:06,853] {processor.py:653} WARNING - No viable dags retrieved from /home/sheyla/Documents/Repositórios/airflowalura/venv/lib/python3.9/site-packages/airflow/example_dags/subdags/subdag.py
[2024-02-25 20:36:06,873] {processor.py:161} INFO - Processing /home/sheyla/Documents/Repositórios/airflowalura/venv/lib/python3.9/site-packages/airflow/example_dags/subdags/subdag.py took 0.037 seconds
[2024-02-25 20:36:42,819] {processor.py:153} INFO - Started process (PID=1959252) to work on /home/sheyla/Documents/Repositórios/airflowalura/venv/lib/python3.9/site-packages/airflow/example_dags/subdags/subdag.py
[2024-02-25 20:36:42,825] {processor.py:641} INFO - Processing file /home/sheyla/Documents/Repositórios/airflowalura/venv/lib/python3.9/site-packages/airflow/example_dags/subdags/subdag.py for tasks to queue
[2024-02-25 20:36:42,827] {logging_mixin.py:115} INFO - [2024-02-25 20:36:42,826] {dagbag.py:507} INFO - Filling up the DagBag from /home/sheyla/Documents/Repositórios/airflowalura/venv/lib/python3.9/site-packages/airflow/example_dags/subdags/subdag.py
[2024-02-25 20:36:42,830] {processor.py:653} WARNING - No viable dags retrieved from /home/sheyla/Documents/Repositórios/airflowalura/venv/lib/python3.9/site-packages/airflow/example_dags/subdags/subdag.py
[2024-02-25 20:36:42,852] {processor.py:161} INFO - Processing /home/sheyla/Documents/Repositórios/airflowalura/venv/lib/python3.9/site-packages/airflow/example_dags/subdags/subdag.py took 0.039 seconds
[2024-02-25 20:37:17,234] {processor.py:153} INFO - Started process (PID=1959610) to work on /home/sheyla/Documents/Repositórios/airflowalura/venv/lib/python3.9/site-packages/airflow/example_dags/subdags/subdag.py
[2024-02-25 20:37:17,239] {processor.py:641} INFO - Processing file /home/sheyla/Documents/Repositórios/airflowalura/venv/lib/python3.9/site-packages/airflow/example_dags/subdags/subdag.py for tasks to queue
[2024-02-25 20:37:17,239] {logging_mixin.py:115} INFO - [2024-02-25 20:37:17,239] {dagbag.py:507} INFO - Filling up the DagBag from /home/sheyla/Documents/Repositórios/airflowalura/venv/lib/python3.9/site-packages/airflow/example_dags/subdags/subdag.py
[2024-02-25 20:37:17,240] {processor.py:653} WARNING - No viable dags retrieved from /home/sheyla/Documents/Repositórios/airflowalura/venv/lib/python3.9/site-packages/airflow/example_dags/subdags/subdag.py
[2024-02-25 20:37:17,249] {processor.py:161} INFO - Processing /home/sheyla/Documents/Repositórios/airflowalura/venv/lib/python3.9/site-packages/airflow/example_dags/subdags/subdag.py took 0.017 seconds
[2024-02-25 20:37:52,278] {processor.py:153} INFO - Started process (PID=1959961) to work on /home/sheyla/Documents/Repositórios/airflowalura/venv/lib/python3.9/site-packages/airflow/example_dags/subdags/subdag.py
[2024-02-25 20:37:52,284] {processor.py:641} INFO - Processing file /home/sheyla/Documents/Repositórios/airflowalura/venv/lib/python3.9/site-packages/airflow/example_dags/subdags/subdag.py for tasks to queue
[2024-02-25 20:37:52,285] {logging_mixin.py:115} INFO - [2024-02-25 20:37:52,285] {dagbag.py:507} INFO - Filling up the DagBag from /home/sheyla/Documents/Repositórios/airflowalura/venv/lib/python3.9/site-packages/airflow/example_dags/subdags/subdag.py
[2024-02-25 20:37:52,289] {processor.py:653} WARNING - No viable dags retrieved from /home/sheyla/Documents/Repositórios/airflowalura/venv/lib/python3.9/site-packages/airflow/example_dags/subdags/subdag.py
[2024-02-25 20:37:52,314] {processor.py:161} INFO - Processing /home/sheyla/Documents/Repositórios/airflowalura/venv/lib/python3.9/site-packages/airflow/example_dags/subdags/subdag.py took 0.042 seconds
[2024-02-25 20:38:28,756] {processor.py:153} INFO - Started process (PID=1960342) to work on /home/sheyla/Documents/Repositórios/airflowalura/venv/lib/python3.9/site-packages/airflow/example_dags/subdags/subdag.py
[2024-02-25 20:38:28,762] {processor.py:641} INFO - Processing file /home/sheyla/Documents/Repositórios/airflowalura/venv/lib/python3.9/site-packages/airflow/example_dags/subdags/subdag.py for tasks to queue
[2024-02-25 20:38:28,764] {logging_mixin.py:115} INFO - [2024-02-25 20:38:28,763] {dagbag.py:507} INFO - Filling up the DagBag from /home/sheyla/Documents/Repositórios/airflowalura/venv/lib/python3.9/site-packages/airflow/example_dags/subdags/subdag.py
[2024-02-25 20:38:28,767] {processor.py:653} WARNING - No viable dags retrieved from /home/sheyla/Documents/Repositórios/airflowalura/venv/lib/python3.9/site-packages/airflow/example_dags/subdags/subdag.py
[2024-02-25 20:38:28,790] {processor.py:161} INFO - Processing /home/sheyla/Documents/Repositórios/airflowalura/venv/lib/python3.9/site-packages/airflow/example_dags/subdags/subdag.py took 0.040 seconds
[2024-02-25 20:39:01,466] {processor.py:153} INFO - Started process (PID=1960677) to work on /home/sheyla/Documents/Repositórios/airflowalura/venv/lib/python3.9/site-packages/airflow/example_dags/subdags/subdag.py
[2024-02-25 20:39:01,468] {processor.py:641} INFO - Processing file /home/sheyla/Documents/Repositórios/airflowalura/venv/lib/python3.9/site-packages/airflow/example_dags/subdags/subdag.py for tasks to queue
[2024-02-25 20:39:01,469] {logging_mixin.py:115} INFO - [2024-02-25 20:39:01,469] {dagbag.py:507} INFO - Filling up the DagBag from /home/sheyla/Documents/Repositórios/airflowalura/venv/lib/python3.9/site-packages/airflow/example_dags/subdags/subdag.py
[2024-02-25 20:39:01,471] {processor.py:653} WARNING - No viable dags retrieved from /home/sheyla/Documents/Repositórios/airflowalura/venv/lib/python3.9/site-packages/airflow/example_dags/subdags/subdag.py
[2024-02-25 20:39:01,484] {processor.py:161} INFO - Processing /home/sheyla/Documents/Repositórios/airflowalura/venv/lib/python3.9/site-packages/airflow/example_dags/subdags/subdag.py took 0.022 seconds
[2024-02-25 20:39:35,059] {processor.py:153} INFO - Started process (PID=1961025) to work on /home/sheyla/Documents/Repositórios/airflowalura/venv/lib/python3.9/site-packages/airflow/example_dags/subdags/subdag.py
[2024-02-25 20:39:35,061] {processor.py:641} INFO - Processing file /home/sheyla/Documents/Repositórios/airflowalura/venv/lib/python3.9/site-packages/airflow/example_dags/subdags/subdag.py for tasks to queue
[2024-02-25 20:39:35,062] {logging_mixin.py:115} INFO - [2024-02-25 20:39:35,062] {dagbag.py:507} INFO - Filling up the DagBag from /home/sheyla/Documents/Repositórios/airflowalura/venv/lib/python3.9/site-packages/airflow/example_dags/subdags/subdag.py
[2024-02-25 20:39:35,065] {processor.py:653} WARNING - No viable dags retrieved from /home/sheyla/Documents/Repositórios/airflowalura/venv/lib/python3.9/site-packages/airflow/example_dags/subdags/subdag.py
[2024-02-25 20:39:35,084] {processor.py:161} INFO - Processing /home/sheyla/Documents/Repositórios/airflowalura/venv/lib/python3.9/site-packages/airflow/example_dags/subdags/subdag.py took 0.032 seconds
[2024-02-25 20:40:09,905] {processor.py:153} INFO - Started process (PID=1961388) to work on /home/sheyla/Documents/Repositórios/airflowalura/venv/lib/python3.9/site-packages/airflow/example_dags/subdags/subdag.py
[2024-02-25 20:40:09,905] {processor.py:641} INFO - Processing file /home/sheyla/Documents/Repositórios/airflowalura/venv/lib/python3.9/site-packages/airflow/example_dags/subdags/subdag.py for tasks to queue
[2024-02-25 20:40:09,906] {logging_mixin.py:115} INFO - [2024-02-25 20:40:09,906] {dagbag.py:507} INFO - Filling up the DagBag from /home/sheyla/Documents/Repositórios/airflowalura/venv/lib/python3.9/site-packages/airflow/example_dags/subdags/subdag.py
[2024-02-25 20:40:09,907] {processor.py:653} WARNING - No viable dags retrieved from /home/sheyla/Documents/Repositórios/airflowalura/venv/lib/python3.9/site-packages/airflow/example_dags/subdags/subdag.py
[2024-02-25 20:40:09,918] {processor.py:161} INFO - Processing /home/sheyla/Documents/Repositórios/airflowalura/venv/lib/python3.9/site-packages/airflow/example_dags/subdags/subdag.py took 0.016 seconds
[2024-02-25 20:40:40,817] {processor.py:153} INFO - Started process (PID=1961705) to work on /home/sheyla/Documents/Repositórios/airflowalura/venv/lib/python3.9/site-packages/airflow/example_dags/subdags/subdag.py
[2024-02-25 20:40:40,818] {processor.py:641} INFO - Processing file /home/sheyla/Documents/Repositórios/airflowalura/venv/lib/python3.9/site-packages/airflow/example_dags/subdags/subdag.py for tasks to queue
[2024-02-25 20:40:40,819] {logging_mixin.py:115} INFO - [2024-02-25 20:40:40,819] {dagbag.py:507} INFO - Filling up the DagBag from /home/sheyla/Documents/Repositórios/airflowalura/venv/lib/python3.9/site-packages/airflow/example_dags/subdags/subdag.py
[2024-02-25 20:40:40,823] {processor.py:653} WARNING - No viable dags retrieved from /home/sheyla/Documents/Repositórios/airflowalura/venv/lib/python3.9/site-packages/airflow/example_dags/subdags/subdag.py
[2024-02-25 20:40:40,842] {processor.py:161} INFO - Processing /home/sheyla/Documents/Repositórios/airflowalura/venv/lib/python3.9/site-packages/airflow/example_dags/subdags/subdag.py took 0.032 seconds
[2024-02-25 20:41:13,022] {processor.py:153} INFO - Started process (PID=1962037) to work on /home/sheyla/Documents/Repositórios/airflowalura/venv/lib/python3.9/site-packages/airflow/example_dags/subdags/subdag.py
[2024-02-25 20:41:13,028] {processor.py:641} INFO - Processing file /home/sheyla/Documents/Repositórios/airflowalura/venv/lib/python3.9/site-packages/airflow/example_dags/subdags/subdag.py for tasks to queue
[2024-02-25 20:41:13,029] {logging_mixin.py:115} INFO - [2024-02-25 20:41:13,029] {dagbag.py:507} INFO - Filling up the DagBag from /home/sheyla/Documents/Repositórios/airflowalura/venv/lib/python3.9/site-packages/airflow/example_dags/subdags/subdag.py
[2024-02-25 20:41:13,032] {processor.py:653} WARNING - No viable dags retrieved from /home/sheyla/Documents/Repositórios/airflowalura/venv/lib/python3.9/site-packages/airflow/example_dags/subdags/subdag.py
[2024-02-25 20:41:13,049] {processor.py:161} INFO - Processing /home/sheyla/Documents/Repositórios/airflowalura/venv/lib/python3.9/site-packages/airflow/example_dags/subdags/subdag.py took 0.034 seconds
[2024-02-25 20:41:45,595] {processor.py:153} INFO - Started process (PID=1962399) to work on /home/sheyla/Documents/Repositórios/airflowalura/venv/lib/python3.9/site-packages/airflow/example_dags/subdags/subdag.py
[2024-02-25 20:41:45,601] {processor.py:641} INFO - Processing file /home/sheyla/Documents/Repositórios/airflowalura/venv/lib/python3.9/site-packages/airflow/example_dags/subdags/subdag.py for tasks to queue
[2024-02-25 20:41:45,602] {logging_mixin.py:115} INFO - [2024-02-25 20:41:45,601] {dagbag.py:507} INFO - Filling up the DagBag from /home/sheyla/Documents/Repositórios/airflowalura/venv/lib/python3.9/site-packages/airflow/example_dags/subdags/subdag.py
[2024-02-25 20:41:45,603] {processor.py:653} WARNING - No viable dags retrieved from /home/sheyla/Documents/Repositórios/airflowalura/venv/lib/python3.9/site-packages/airflow/example_dags/subdags/subdag.py
[2024-02-25 20:41:45,618] {processor.py:161} INFO - Processing /home/sheyla/Documents/Repositórios/airflowalura/venv/lib/python3.9/site-packages/airflow/example_dags/subdags/subdag.py took 0.025 seconds
[2024-02-25 20:42:21,911] {processor.py:153} INFO - Started process (PID=1962770) to work on /home/sheyla/Documents/Repositórios/airflowalura/venv/lib/python3.9/site-packages/airflow/example_dags/subdags/subdag.py
[2024-02-25 20:42:21,917] {processor.py:641} INFO - Processing file /home/sheyla/Documents/Repositórios/airflowalura/venv/lib/python3.9/site-packages/airflow/example_dags/subdags/subdag.py for tasks to queue
[2024-02-25 20:42:21,918] {logging_mixin.py:115} INFO - [2024-02-25 20:42:21,918] {dagbag.py:507} INFO - Filling up the DagBag from /home/sheyla/Documents/Repositórios/airflowalura/venv/lib/python3.9/site-packages/airflow/example_dags/subdags/subdag.py
[2024-02-25 20:42:21,921] {processor.py:653} WARNING - No viable dags retrieved from /home/sheyla/Documents/Repositórios/airflowalura/venv/lib/python3.9/site-packages/airflow/example_dags/subdags/subdag.py
[2024-02-25 20:42:21,942] {processor.py:161} INFO - Processing /home/sheyla/Documents/Repositórios/airflowalura/venv/lib/python3.9/site-packages/airflow/example_dags/subdags/subdag.py took 0.038 seconds
[2024-02-25 20:42:55,814] {processor.py:153} INFO - Started process (PID=1963119) to work on /home/sheyla/Documents/Repositórios/airflowalura/venv/lib/python3.9/site-packages/airflow/example_dags/subdags/subdag.py
[2024-02-25 20:42:55,820] {processor.py:641} INFO - Processing file /home/sheyla/Documents/Repositórios/airflowalura/venv/lib/python3.9/site-packages/airflow/example_dags/subdags/subdag.py for tasks to queue
[2024-02-25 20:42:55,820] {logging_mixin.py:115} INFO - [2024-02-25 20:42:55,820] {dagbag.py:507} INFO - Filling up the DagBag from /home/sheyla/Documents/Repositórios/airflowalura/venv/lib/python3.9/site-packages/airflow/example_dags/subdags/subdag.py
[2024-02-25 20:42:55,821] {processor.py:653} WARNING - No viable dags retrieved from /home/sheyla/Documents/Repositórios/airflowalura/venv/lib/python3.9/site-packages/airflow/example_dags/subdags/subdag.py
[2024-02-25 20:42:55,833] {processor.py:161} INFO - Processing /home/sheyla/Documents/Repositórios/airflowalura/venv/lib/python3.9/site-packages/airflow/example_dags/subdags/subdag.py took 0.021 seconds
[2024-02-25 20:43:33,848] {processor.py:153} INFO - Started process (PID=1963506) to work on /home/sheyla/Documents/Repositórios/airflowalura/venv/lib/python3.9/site-packages/airflow/example_dags/subdags/subdag.py
[2024-02-25 20:43:33,854] {processor.py:641} INFO - Processing file /home/sheyla/Documents/Repositórios/airflowalura/venv/lib/python3.9/site-packages/airflow/example_dags/subdags/subdag.py for tasks to queue
[2024-02-25 20:43:33,855] {logging_mixin.py:115} INFO - [2024-02-25 20:43:33,855] {dagbag.py:507} INFO - Filling up the DagBag from /home/sheyla/Documents/Repositórios/airflowalura/venv/lib/python3.9/site-packages/airflow/example_dags/subdags/subdag.py
[2024-02-25 20:43:33,858] {processor.py:653} WARNING - No viable dags retrieved from /home/sheyla/Documents/Repositórios/airflowalura/venv/lib/python3.9/site-packages/airflow/example_dags/subdags/subdag.py
[2024-02-25 20:43:33,882] {processor.py:161} INFO - Processing /home/sheyla/Documents/Repositórios/airflowalura/venv/lib/python3.9/site-packages/airflow/example_dags/subdags/subdag.py took 0.036 seconds
[2024-02-25 20:44:10,089] {processor.py:153} INFO - Started process (PID=1963877) to work on /home/sheyla/Documents/Repositórios/airflowalura/venv/lib/python3.9/site-packages/airflow/example_dags/subdags/subdag.py
[2024-02-25 20:44:10,095] {processor.py:641} INFO - Processing file /home/sheyla/Documents/Repositórios/airflowalura/venv/lib/python3.9/site-packages/airflow/example_dags/subdags/subdag.py for tasks to queue
[2024-02-25 20:44:10,096] {logging_mixin.py:115} INFO - [2024-02-25 20:44:10,096] {dagbag.py:507} INFO - Filling up the DagBag from /home/sheyla/Documents/Repositórios/airflowalura/venv/lib/python3.9/site-packages/airflow/example_dags/subdags/subdag.py
[2024-02-25 20:44:10,099] {processor.py:653} WARNING - No viable dags retrieved from /home/sheyla/Documents/Repositórios/airflowalura/venv/lib/python3.9/site-packages/airflow/example_dags/subdags/subdag.py
[2024-02-25 20:44:10,121] {processor.py:161} INFO - Processing /home/sheyla/Documents/Repositórios/airflowalura/venv/lib/python3.9/site-packages/airflow/example_dags/subdags/subdag.py took 0.039 seconds
[2024-02-25 20:44:45,050] {processor.py:153} INFO - Started process (PID=1964237) to work on /home/sheyla/Documents/Repositórios/airflowalura/venv/lib/python3.9/site-packages/airflow/example_dags/subdags/subdag.py
[2024-02-25 20:44:45,051] {processor.py:641} INFO - Processing file /home/sheyla/Documents/Repositórios/airflowalura/venv/lib/python3.9/site-packages/airflow/example_dags/subdags/subdag.py for tasks to queue
[2024-02-25 20:44:45,053] {logging_mixin.py:115} INFO - [2024-02-25 20:44:45,052] {dagbag.py:507} INFO - Filling up the DagBag from /home/sheyla/Documents/Repositórios/airflowalura/venv/lib/python3.9/site-packages/airflow/example_dags/subdags/subdag.py
[2024-02-25 20:44:45,056] {processor.py:653} WARNING - No viable dags retrieved from /home/sheyla/Documents/Repositórios/airflowalura/venv/lib/python3.9/site-packages/airflow/example_dags/subdags/subdag.py
[2024-02-25 20:44:45,071] {processor.py:161} INFO - Processing /home/sheyla/Documents/Repositórios/airflowalura/venv/lib/python3.9/site-packages/airflow/example_dags/subdags/subdag.py took 0.029 seconds
[2024-02-25 20:45:21,979] {processor.py:153} INFO - Started process (PID=1964619) to work on /home/sheyla/Documents/Repositórios/airflowalura/venv/lib/python3.9/site-packages/airflow/example_dags/subdags/subdag.py
[2024-02-25 20:45:21,985] {processor.py:641} INFO - Processing file /home/sheyla/Documents/Repositórios/airflowalura/venv/lib/python3.9/site-packages/airflow/example_dags/subdags/subdag.py for tasks to queue
[2024-02-25 20:45:21,987] {logging_mixin.py:115} INFO - [2024-02-25 20:45:21,986] {dagbag.py:507} INFO - Filling up the DagBag from /home/sheyla/Documents/Repositórios/airflowalura/venv/lib/python3.9/site-packages/airflow/example_dags/subdags/subdag.py
[2024-02-25 20:45:21,990] {processor.py:653} WARNING - No viable dags retrieved from /home/sheyla/Documents/Repositórios/airflowalura/venv/lib/python3.9/site-packages/airflow/example_dags/subdags/subdag.py
[2024-02-25 20:45:22,009] {processor.py:161} INFO - Processing /home/sheyla/Documents/Repositórios/airflowalura/venv/lib/python3.9/site-packages/airflow/example_dags/subdags/subdag.py took 0.036 seconds
[2024-02-25 20:45:54,598] {processor.py:153} INFO - Started process (PID=1964956) to work on /home/sheyla/Documents/Repositórios/airflowalura/venv/lib/python3.9/site-packages/airflow/example_dags/subdags/subdag.py
[2024-02-25 20:45:54,600] {processor.py:641} INFO - Processing file /home/sheyla/Documents/Repositórios/airflowalura/venv/lib/python3.9/site-packages/airflow/example_dags/subdags/subdag.py for tasks to queue
[2024-02-25 20:45:54,601] {logging_mixin.py:115} INFO - [2024-02-25 20:45:54,601] {dagbag.py:507} INFO - Filling up the DagBag from /home/sheyla/Documents/Repositórios/airflowalura/venv/lib/python3.9/site-packages/airflow/example_dags/subdags/subdag.py
[2024-02-25 20:45:54,604] {processor.py:653} WARNING - No viable dags retrieved from /home/sheyla/Documents/Repositórios/airflowalura/venv/lib/python3.9/site-packages/airflow/example_dags/subdags/subdag.py
[2024-02-25 20:45:54,622] {processor.py:161} INFO - Processing /home/sheyla/Documents/Repositórios/airflowalura/venv/lib/python3.9/site-packages/airflow/example_dags/subdags/subdag.py took 0.032 seconds
[2024-02-25 20:46:28,586] {processor.py:153} INFO - Started process (PID=1965306) to work on /home/sheyla/Documents/Repositórios/airflowalura/venv/lib/python3.9/site-packages/airflow/example_dags/subdags/subdag.py
[2024-02-25 20:46:28,591] {processor.py:641} INFO - Processing file /home/sheyla/Documents/Repositórios/airflowalura/venv/lib/python3.9/site-packages/airflow/example_dags/subdags/subdag.py for tasks to queue
[2024-02-25 20:46:28,592] {logging_mixin.py:115} INFO - [2024-02-25 20:46:28,591] {dagbag.py:507} INFO - Filling up the DagBag from /home/sheyla/Documents/Repositórios/airflowalura/venv/lib/python3.9/site-packages/airflow/example_dags/subdags/subdag.py
[2024-02-25 20:46:28,593] {processor.py:653} WARNING - No viable dags retrieved from /home/sheyla/Documents/Repositórios/airflowalura/venv/lib/python3.9/site-packages/airflow/example_dags/subdags/subdag.py
[2024-02-25 20:46:28,606] {processor.py:161} INFO - Processing /home/sheyla/Documents/Repositórios/airflowalura/venv/lib/python3.9/site-packages/airflow/example_dags/subdags/subdag.py took 0.023 seconds
[2024-02-25 20:47:03,272] {processor.py:153} INFO - Started process (PID=1965740) to work on /home/sheyla/Documents/Repositórios/airflowalura/venv/lib/python3.9/site-packages/airflow/example_dags/subdags/subdag.py
[2024-02-25 20:47:03,278] {processor.py:641} INFO - Processing file /home/sheyla/Documents/Repositórios/airflowalura/venv/lib/python3.9/site-packages/airflow/example_dags/subdags/subdag.py for tasks to queue
[2024-02-25 20:47:03,280] {logging_mixin.py:115} INFO - [2024-02-25 20:47:03,280] {dagbag.py:507} INFO - Filling up the DagBag from /home/sheyla/Documents/Repositórios/airflowalura/venv/lib/python3.9/site-packages/airflow/example_dags/subdags/subdag.py
[2024-02-25 20:47:03,283] {processor.py:653} WARNING - No viable dags retrieved from /home/sheyla/Documents/Repositórios/airflowalura/venv/lib/python3.9/site-packages/airflow/example_dags/subdags/subdag.py
[2024-02-25 20:47:03,302] {processor.py:161} INFO - Processing /home/sheyla/Documents/Repositórios/airflowalura/venv/lib/python3.9/site-packages/airflow/example_dags/subdags/subdag.py took 0.036 seconds
[2024-02-25 20:47:36,439] {processor.py:153} INFO - Started process (PID=1966252) to work on /home/sheyla/Documents/Repositórios/airflowalura/venv/lib/python3.9/site-packages/airflow/example_dags/subdags/subdag.py
[2024-02-25 20:47:36,445] {processor.py:641} INFO - Processing file /home/sheyla/Documents/Repositórios/airflowalura/venv/lib/python3.9/site-packages/airflow/example_dags/subdags/subdag.py for tasks to queue
[2024-02-25 20:47:36,446] {logging_mixin.py:115} INFO - [2024-02-25 20:47:36,446] {dagbag.py:507} INFO - Filling up the DagBag from /home/sheyla/Documents/Repositórios/airflowalura/venv/lib/python3.9/site-packages/airflow/example_dags/subdags/subdag.py
[2024-02-25 20:47:36,449] {processor.py:653} WARNING - No viable dags retrieved from /home/sheyla/Documents/Repositórios/airflowalura/venv/lib/python3.9/site-packages/airflow/example_dags/subdags/subdag.py
[2024-02-25 20:47:36,472] {processor.py:161} INFO - Processing /home/sheyla/Documents/Repositórios/airflowalura/venv/lib/python3.9/site-packages/airflow/example_dags/subdags/subdag.py took 0.039 seconds
[2024-02-25 20:48:09,910] {processor.py:153} INFO - Started process (PID=1966745) to work on /home/sheyla/Documents/Repositórios/airflowalura/venv/lib/python3.9/site-packages/airflow/example_dags/subdags/subdag.py
[2024-02-25 20:48:09,912] {processor.py:641} INFO - Processing file /home/sheyla/Documents/Repositórios/airflowalura/venv/lib/python3.9/site-packages/airflow/example_dags/subdags/subdag.py for tasks to queue
[2024-02-25 20:48:09,913] {logging_mixin.py:115} INFO - [2024-02-25 20:48:09,913] {dagbag.py:507} INFO - Filling up the DagBag from /home/sheyla/Documents/Repositórios/airflowalura/venv/lib/python3.9/site-packages/airflow/example_dags/subdags/subdag.py
[2024-02-25 20:48:09,918] {processor.py:653} WARNING - No viable dags retrieved from /home/sheyla/Documents/Repositórios/airflowalura/venv/lib/python3.9/site-packages/airflow/example_dags/subdags/subdag.py
[2024-02-25 20:48:09,942] {processor.py:161} INFO - Processing /home/sheyla/Documents/Repositórios/airflowalura/venv/lib/python3.9/site-packages/airflow/example_dags/subdags/subdag.py took 0.039 seconds
