[2024-02-25 20:33:35,828] {taskinstance.py:1159} INFO - Dependencies all met for <TaskInstance: meu_primeiro_dag.cria_pasta scheduled__2024-02-23T00:00:00+00:00 [queued]>
[2024-02-25 20:33:35,833] {taskinstance.py:1159} INFO - Dependencies all met for <TaskInstance: meu_primeiro_dag.cria_pasta scheduled__2024-02-23T00:00:00+00:00 [queued]>
[2024-02-25 20:33:35,833] {taskinstance.py:1356} INFO - 
--------------------------------------------------------------------------------
[2024-02-25 20:33:35,833] {taskinstance.py:1357} INFO - Starting attempt 1 of 1
[2024-02-25 20:33:35,833] {taskinstance.py:1358} INFO - 
--------------------------------------------------------------------------------
[2024-02-25 20:33:35,846] {taskinstance.py:1377} INFO - Executing <Task(BashOperator): cria_pasta> on 2024-02-23 00:00:00+00:00
[2024-02-25 20:33:35,848] {standard_task_runner.py:52} INFO - Started process 1957239 to run task
[2024-02-25 20:33:35,850] {standard_task_runner.py:79} INFO - Running: ['airflow', 'tasks', 'run', 'meu_primeiro_dag', 'cria_pasta', 'scheduled__2024-02-23T00:00:00+00:00', '--job-id', '22', '--raw', '--subdir', 'DAGS_FOLDER/meu_primeiro_dag.py', '--cfg-path', '/tmp/tmp6vb0uher', '--error-file', '/tmp/tmp7u9ki8ix']
[2024-02-25 20:33:35,850] {standard_task_runner.py:80} INFO - Job 22: Subtask cria_pasta
[2024-02-25 20:33:35,878] {task_command.py:370} INFO - Running <TaskInstance: meu_primeiro_dag.cria_pasta scheduled__2024-02-23T00:00:00+00:00 [running]> on host sheyla
[2024-02-25 20:33:35,914] {taskinstance.py:1569} INFO - Exporting the following env vars:
AIRFLOW_CTX_DAG_OWNER=airflow
AIRFLOW_CTX_DAG_ID=meu_primeiro_dag
AIRFLOW_CTX_TASK_ID=cria_pasta
AIRFLOW_CTX_EXECUTION_DATE=2024-02-23T00:00:00+00:00
AIRFLOW_CTX_TRY_NUMBER=1
AIRFLOW_CTX_DAG_RUN_ID=scheduled__2024-02-23T00:00:00+00:00
[2024-02-25 20:33:35,914] {subprocess.py:62} INFO - Tmp dir root location: 
 /tmp
[2024-02-25 20:33:35,915] {subprocess.py:74} INFO - Running command: ['bash', '-c', 'mkdir -p "/home/sheyla/Documents/Repositórios/airflowalura/pasta=2024-02-24T00:00:00+00:00" ']
[2024-02-25 20:33:35,918] {subprocess.py:85} INFO - Output:
[2024-02-25 20:33:35,919] {subprocess.py:96} INFO - Command exited with return code 0
[2024-02-25 20:33:35,934] {taskinstance.py:1395} INFO - Marking task as SUCCESS. dag_id=meu_primeiro_dag, task_id=cria_pasta, execution_date=20240223T000000, start_date=20240225T233335, end_date=20240225T233335
[2024-02-25 20:33:35,982] {local_task_job.py:156} INFO - Task exited with return code 0
[2024-02-25 20:33:35,998] {local_task_job.py:273} INFO - 0 downstream tasks scheduled from follow-on schedule check
